%%% Speed, Mode, Body, Rotation centre, Axis of rotation
0.00000000e+00  1  f-axle 7.98330000e-01 + -4.17200000e-02i, 0.00000000e+00 + 0.00000000e+00i, 2.53000000e-03 + 9.71000000e-03i, 8.70730000e-01 + 0.00000000e+00i, -0.00000000e+00 + 0.00000000e+00i, 3.58140000e-01 + 3.37000000e-01i, 
0.00000000e+00  1  lf-axle 7.52460000e-01 + -7.83200000e-02i, 1.76760000e-01 + 1.02920000e-01i, 8.28700000e-02 + 2.09100000e-02i, 8.21910000e-01 + 0.00000000e+00i, 9.31000000e-02 + -3.63100000e-02i, -2.45520000e-01 + 5.04190000e-01i, 
0.00000000e+00  1  rf-axle 7.52460000e-01 + -7.83200000e-02i, -1.76760000e-01 + -1.02920000e-01i, 8.28700000e-02 + 2.09100000e-02i, 8.21910000e-01 + 0.00000000e+00i, -9.31000000e-02 + 3.63100000e-02i, -2.45520000e-01 + 5.04190000e-01i, 
0.00000000e+00  1  r-axle-t -7.62270000e-01 + 1.60000000e-04i, 0.00000000e+00 + 0.00000000e+00i, 2.85710000e-01 + 8.01000000e-03i, 9.99970000e-01 + 0.00000000e+00i, 0.00000000e+00 + 0.00000000e+00i, -6.79000000e-03 + -2.57000000e-03i, 
0.00000000e+00  1  r-axle-b -7.62110000e-01 + 6.00000000e-05i, 0.00000000e+00 + 0.00000000e+00i, 1.11820000e-01 + 3.13000000e-03i, 9.99970000e-01 + 0.00000000e+00i, 0.00000000e+00 + 0.00000000e+00i, -6.79000000e-03 + -2.57000000e-03i, 
0.00000000e+00  1  lr-axle -7.72650000e-01 + 6.48000000e-03i, -3.51135000e+00 + -7.57810000e-01i, 6.80000000e-04 + 0.00000000e+00i, 9.81550000e-01 + -1.83220000e-01i, 0.00000000e+00 + 0.00000000e+00i, -5.10700000e-02 + -1.93400000e-02i, 
0.00000000e+00  1  rr-axle -7.72650000e-01 + 6.48000000e-03i, 3.51135000e+00 + 7.57810000e-01i, 6.80000000e-04 + 0.00000000e+00i, -9.81550000e-01 + 1.83220000e-01i, -0.00000000e+00 + 0.00000000e+00i, 5.10700000e-02 + 1.93400000e-02i, 
0.00000000e+00  1  chassis 2.39600000e-01 + 4.28900000e-02i, 0.00000000e+00 + 0.00000000e+00i, 2.08090000e-01 + 4.02320000e-01i, 8.61340000e-01 + 0.00000000e+00i, 0.00000000e+00 + 0.00000000e+00i, 2.41000000e-02 + -5.07460000e-01i, 
0.00000000e+00  1  lf-wheel 5.96620000e-01 + 1.24110000e-01i, 3.95980000e-01 + 4.96700000e-02i, 3.47000000e-02 + 0.00000000e+00i, -3.47860000e-01 + 4.52790000e-01i, 7.22630000e-01 + 0.00000000e+00i, -1.73850000e-01 + -3.48650000e-01i, 
0.00000000e+00  1  rf-wheel 5.96620000e-01 + 1.24110000e-01i, -3.95980000e-01 + -4.96700000e-02i, 3.47000000e-02 + 0.00000000e+00i, 3.47860000e-01 + -4.52790000e-01i, 7.22630000e-01 + 0.00000000e+00i, 1.73850000e-01 + 3.48650000e-01i, 
0.00000000e+00  1  lr-wheel -2.23170000e-01 + -2.02980000e-01i, -3.42858000e+00 + -7.42550000e-01i, 6.70000000e-04 + 0.00000000e+00i, 9.72020000e-01 + -1.79240000e-01i, 1.32580000e-01 + 5.05300000e-02i, -5.05100000e-02 + -1.92500000e-02i, 
0.00000000e+00  1  rr-wheel -2.23170000e-01 + -2.02980000e-01i, 3.42858000e+00 + 7.42550000e-01i, 6.70000000e-04 + 0.00000000e+00i, -9.72020000e-01 + 1.79240000e-01i, 1.32580000e-01 + 5.05300000e-02i, 5.05100000e-02 + 1.92500000e-02i, 

0.00000000e+00  2  f-axle 7.98330000e-01 + 4.17200000e-02i, 0.00000000e+00 + 0.00000000e+00i, 2.53000000e-03 + -9.71000000e-03i, 8.70730000e-01 + 0.00000000e+00i, -0.00000000e+00 + 0.00000000e+00i, 3.58140000e-01 + -3.37000000e-01i, 
0.00000000e+00  2  lf-axle 7.52460000e-01 + 7.83200000e-02i, 1.76760000e-01 + -1.02920000e-01i, 8.28700000e-02 + -2.09100000e-02i, 8.21910000e-01 + 0.00000000e+00i, 9.31000000e-02 + 3.63100000e-02i, -2.45520000e-01 + -5.04190000e-01i, 
0.00000000e+00  2  rf-axle 7.52460000e-01 + 7.83200000e-02i, -1.76760000e-01 + 1.02920000e-01i, 8.28700000e-02 + -2.09100000e-02i, 8.21910000e-01 + 0.00000000e+00i, -9.31000000e-02 + -3.63100000e-02i, -2.45520000e-01 + -5.04190000e-01i, 
0.00000000e+00  2  r-axle-t -7.62270000e-01 + -1.60000000e-04i, 0.00000000e+00 + 0.00000000e+00i, 2.85710000e-01 + -8.01000000e-03i, 9.99970000e-01 + 0.00000000e+00i, 0.00000000e+00 + 0.00000000e+00i, -6.79000000e-03 + 2.57000000e-03i, 
0.00000000e+00  2  r-axle-b -7.62110000e-01 + -6.00000000e-05i, 0.00000000e+00 + 0.00000000e+00i, 1.11820000e-01 + -3.13000000e-03i, 9.99970000e-01 + 0.00000000e+00i, 0.00000000e+00 + 0.00000000e+00i, -6.79000000e-03 + 2.57000000e-03i, 
0.00000000e+00  2  lr-axle -7.72650000e-01 + -6.48000000e-03i, -3.51135000e+00 + 7.57810000e-01i, 6.80000000e-04 + 0.00000000e+00i, 9.81550000e-01 + 1.83220000e-01i, 0.00000000e+00 + 0.00000000e+00i, -5.10700000e-02 + 1.93400000e-02i, 
0.00000000e+00  2  rr-axle -7.72650000e-01 + -6.48000000e-03i, 3.51135000e+00 + -7.57810000e-01i, 6.80000000e-04 + 0.00000000e+00i, -9.81550000e-01 + -1.83220000e-01i, -0.00000000e+00 + 0.00000000e+00i, 5.10700000e-02 + -1.93400000e-02i, 
0.00000000e+00  2  chassis 2.39600000e-01 + -4.28900000e-02i, 0.00000000e+00 + 0.00000000e+00i, 2.08090000e-01 + -4.02320000e-01i, 8.61340000e-01 + 0.00000000e+00i, 0.00000000e+00 + 0.00000000e+00i, 2.41000000e-02 + 5.07460000e-01i, 
0.00000000e+00  2  lf-wheel 5.96620000e-01 + -1.24110000e-01i, 3.95980000e-01 + -4.96700000e-02i, 3.47000000e-02 + 0.00000000e+00i, -3.47860000e-01 + -4.52790000e-01i, 7.22630000e-01 + 0.00000000e+00i, -1.73850000e-01 + 3.48650000e-01i, 
0.00000000e+00  2  rf-wheel 5.96620000e-01 + -1.24110000e-01i, -3.95980000e-01 + 4.96700000e-02i, 3.47000000e-02 + 0.00000000e+00i, 3.47860000e-01 + 4.52790000e-01i, 7.22630000e-01 + 0.00000000e+00i, 1.73850000e-01 + -3.48650000e-01i, 
0.00000000e+00  2  lr-wheel -2.23170000e-01 + 2.02980000e-01i, -3.42858000e+00 + 7.42550000e-01i, 6.70000000e-04 + 0.00000000e+00i, 9.72020000e-01 + 1.79240000e-01i, 1.32580000e-01 + -5.05300000e-02i, -5.05100000e-02 + 1.92500000e-02i, 
0.00000000e+00  2  rr-wheel -2.23170000e-01 + 2.02980000e-01i, 3.42858000e+00 + -7.42550000e-01i, 6.70000000e-04 + 0.00000000e+00i, -9.72020000e-01 + -1.79240000e-01i, 1.32580000e-01 + -5.05300000e-02i, 5.05100000e-02 + -1.92500000e-02i, 

0.00000000e+00  3  f-axle 6.99682000e+00 + -4.71773100e+01i, 1.00000000e-05 + 0.00000000e+00i, 2.74720000e-01 + 0.00000000e+00i, -0.00000000e+00 + 0.00000000e+00i, 1.31020000e-01 + 9.91380000e-01i, 0.00000000e+00 + 0.00000000e+00i, 
0.00000000e+00  3  lf-axle 6.99682000e+00 + -4.71773100e+01i, 5.50010000e-01 + 0.00000000e+00i, 2.74720000e-01 + 0.00000000e+00i, -0.00000000e+00 + 0.00000000e+00i, 1.31020000e-01 + 9.91380000e-01i, 0.00000000e+00 + 0.00000000e+00i, 
0.00000000e+00  3  rf-axle 6.99682000e+00 + -4.71773100e+01i, -5.49990000e-01 + 0.00000000e+00i, 2.74720000e-01 + 0.00000000e+00i, -0.00000000e+00 + 0.00000000e+00i, 1.31020000e-01 + 9.91380000e-01i, 0.00000000e+00 + 0.00000000e+00i, 
0.00000000e+00  3  r-axle-t -4.73140000e-01 + 1.07286000e+00i, -0.00000000e+00 + 0.00000000e+00i, 2.74720000e-01 + 0.00000000e+00i, 0.00000000e+00 + 0.00000000e+00i, 2.59980000e-01 + -9.65610000e-01i, -0.00000000e+00 + 0.00000000e+00i, 
0.00000000e+00  3  r-axle-b -4.73140000e-01 + 1.07286000e+00i, -0.00000000e+00 + 0.00000000e+00i, 2.74720000e-01 + 0.00000000e+00i, 0.00000000e+00 + 0.00000000e+00i, 2.59980000e-01 + -9.65610000e-01i, -0.00000000e+00 + 0.00000000e+00i, 
0.00000000e+00  3  lr-axle -4.73140000e-01 + 1.07286000e+00i, 5.50000000e-01 + 0.00000000e+00i, 2.74720000e-01 + 0.00000000e+00i, 0.00000000e+00 + 0.00000000e+00i, 2.59980000e-01 + -9.65610000e-01i, -0.00000000e+00 + 0.00000000e+00i, 
0.00000000e+00  3  rr-axle -4.73140000e-01 + 1.07286000e+00i, -5.50000000e-01 + 0.00000000e+00i, 2.74720000e-01 + 0.00000000e+00i, 0.00000000e+00 + 0.00000000e+00i, 2.59980000e-01 + -9.65610000e-01i, -0.00000000e+00 + 0.00000000e+00i, 
0.00000000e+00  3  chassis -5.06450000e-01 + -9.08000000e-03i, 0.00000000e+00 + 0.00000000e+00i, 2.74720000e-01 + 0.00000000e+00i, 0.00000000e+00 + 0.00000000e+00i, 1.00000000e+00 + 0.00000000e+00i, -0.00000000e+00 + 0.00000000e+00i, 
0.00000000e+00  3  lf-wheel -3.01408200e+01 + 2.33833500e+02i, 6.00220000e-01 + 4.00000000e-05i, 0.00000000e+00 + 0.00000000e+00i, -0.00000000e+00 + 0.00000000e+00i, -1.31020000e-01 + -9.91380000e-01i, 0.00000000e+00 + 0.00000000e+00i, 
0.00000000e+00  3  rf-wheel -3.01407100e+01 + 2.33833520e+02i, -5.99780000e-01 + 4.00000000e-05i, -0.00000000e+00 + 0.00000000e+00i, -0.00000000e+00 + 0.00000000e+00i, -1.31020000e-01 + -9.91380000e-01i, 0.00000000e+00 + 0.00000000e+00i, 
0.00000000e+00  3  lr-wheel -2.19372000e+00 + -5.31763000e+00i, 6.00000000e-01 + 0.00000000e+00i, -0.00000000e+00 + 0.00000000e+00i, 0.00000000e+00 + 0.00000000e+00i, -2.59980000e-01 + 9.65610000e-01i, -0.00000000e+00 + 0.00000000e+00i, 
0.00000000e+00  3  rr-wheel -2.19373000e+00 + -5.31763000e+00i, -6.00000000e-01 + 0.00000000e+00i, -0.00000000e+00 + 0.00000000e+00i, 0.00000000e+00 + 0.00000000e+00i, -2.59980000e-01 + 9.65610000e-01i, -0.00000000e+00 + 0.00000000e+00i, 

0.00000000e+00  4  f-axle 6.99682000e+00 + 4.71773100e+01i, 1.00000000e-05 + 0.00000000e+00i, 2.74720000e-01 + 0.00000000e+00i, -0.00000000e+00 + 0.00000000e+00i, 1.31020000e-01 + -9.91380000e-01i, 0.00000000e+00 + 0.00000000e+00i, 
0.00000000e+00  4  lf-axle 6.99682000e+00 + 4.71773100e+01i, 5.50010000e-01 + 0.00000000e+00i, 2.74720000e-01 + 0.00000000e+00i, -0.00000000e+00 + 0.00000000e+00i, 1.31020000e-01 + -9.91380000e-01i, 0.00000000e+00 + 0.00000000e+00i, 
0.00000000e+00  4  rf-axle 6.99682000e+00 + 4.71773100e+01i, -5.49990000e-01 + 0.00000000e+00i, 2.74720000e-01 + 0.00000000e+00i, -0.00000000e+00 + 0.00000000e+00i, 1.31020000e-01 + -9.91380000e-01i, 0.00000000e+00 + 0.00000000e+00i, 
0.00000000e+00  4  r-axle-t -4.73140000e-01 + -1.07286000e+00i, -0.00000000e+00 + 0.00000000e+00i, 2.74720000e-01 + 0.00000000e+00i, 0.00000000e+00 + 0.00000000e+00i, 2.59980000e-01 + 9.65610000e-01i, -0.00000000e+00 + 0.00000000e+00i, 
0.00000000e+00  4  r-axle-b -4.73140000e-01 + -1.07286000e+00i, -0.00000000e+00 + 0.00000000e+00i, 2.74720000e-01 + 0.00000000e+00i, 0.00000000e+00 + 0.00000000e+00i, 2.59980000e-01 + 9.65610000e-01i, -0.00000000e+00 + 0.00000000e+00i, 
0.00000000e+00  4  lr-axle -4.73140000e-01 + -1.07286000e+00i, 5.50000000e-01 + 0.00000000e+00i, 2.74720000e-01 + 0.00000000e+00i, 0.00000000e+00 + 0.00000000e+00i, 2.59980000e-01 + 9.65610000e-01i, -0.00000000e+00 + 0.00000000e+00i, 
0.00000000e+00  4  rr-axle -4.73140000e-01 + -1.07286000e+00i, -5.50000000e-01 + 0.00000000e+00i, 2.74720000e-01 + 0.00000000e+00i, 0.00000000e+00 + 0.00000000e+00i, 2.59980000e-01 + 9.65610000e-01i, -0.00000000e+00 + 0.00000000e+00i, 
0.00000000e+00  4  chassis -5.06450000e-01 + 9.08000000e-03i, 0.00000000e+00 + 0.00000000e+00i, 2.74720000e-01 + 0.00000000e+00i, 0.00000000e+00 + 0.00000000e+00i, 1.00000000e+00 + 0.00000000e+00i, -0.00000000e+00 + 0.00000000e+00i, 
0.00000000e+00  4  lf-wheel -3.01408200e+01 + -2.33833500e+02i, 6.00220000e-01 + -4.00000000e-05i, 0.00000000e+00 + 0.00000000e+00i, -0.00000000e+00 + 0.00000000e+00i, -1.31020000e-01 + 9.91380000e-01i, 0.00000000e+00 + 0.00000000e+00i, 
0.00000000e+00  4  rf-wheel -3.01407100e+01 + -2.33833520e+02i, -5.99780000e-01 + -4.00000000e-05i, -0.00000000e+00 + 0.00000000e+00i, -0.00000000e+00 + 0.00000000e+00i, -1.31020000e-01 + 9.91380000e-01i, 0.00000000e+00 + 0.00000000e+00i, 
0.00000000e+00  4  lr-wheel -2.19372000e+00 + 5.31763000e+00i, 6.00000000e-01 + 0.00000000e+00i, -0.00000000e+00 + 0.00000000e+00i, 0.00000000e+00 + 0.00000000e+00i, -2.59980000e-01 + -9.65610000e-01i, -0.00000000e+00 + 0.00000000e+00i, 
0.00000000e+00  4  rr-wheel -2.19373000e+00 + 5.31763000e+00i, -6.00000000e-01 + 0.00000000e+00i, -0.00000000e+00 + 0.00000000e+00i, 0.00000000e+00 + 0.00000000e+00i, -2.59980000e-01 + -9.65610000e-01i, -0.00000000e+00 + 0.00000000e+00i, 

0.00000000e+00  5  f-axle 8.44670000e-01 + 1.13000000e+00i, 0.00000000e+00 + 0.00000000e+00i, 2.74720000e-01 + 0.00000000e+00i, -0.00000000e+00 + 0.00000000e+00i, 7.29600000e-02 + -9.97330000e-01i, 0.00000000e+00 + 0.00000000e+00i, 
0.00000000e+00  5  lf-axle 8.44670000e-01 + 1.13000000e+00i, 5.50000000e-01 + 0.00000000e+00i, 2.74720000e-01 + 0.00000000e+00i, -0.00000000e+00 + 0.00000000e+00i, 7.29600000e-02 + -9.97330000e-01i, 0.00000000e+00 + 0.00000000e+00i, 
0.00000000e+00  5  rf-axle 8.44670000e-01 + 1.13000000e+00i, -5.50000000e-01 + 0.00000000e+00i, 2.74720000e-01 + 0.00000000e+00i, -0.00000000e+00 + 0.00000000e+00i, 7.29600000e-02 + -9.97330000e-01i, 0.00000000e+00 + 0.00000000e+00i, 
0.00000000e+00  5  r-axle-t -1.59023100e+01 + 4.61474700e+01i, -0.00000000e+00 + 0.00000000e+00i, 2.74720000e-01 + 0.00000000e+00i, 0.00000000e+00 + 0.00000000e+00i, -3.11740000e-01 + -9.50170000e-01i, 0.00000000e+00 + 0.00000000e+00i, 
0.00000000e+00  5  r-axle-b -1.59023100e+01 + 4.61474700e+01i, -0.00000000e+00 + 0.00000000e+00i, 2.74720000e-01 + 0.00000000e+00i, 0.00000000e+00 + 0.00000000e+00i, -3.11740000e-01 + -9.50170000e-01i, 0.00000000e+00 + 0.00000000e+00i, 
0.00000000e+00  5  lr-axle -1.59023100e+01 + 4.61474700e+01i, 5.50000000e-01 + 0.00000000e+00i, 2.74720000e-01 + 0.00000000e+00i, 0.00000000e+00 + 0.00000000e+00i, -3.11740000e-01 + -9.50170000e-01i, 0.00000000e+00 + 0.00000000e+00i, 
0.00000000e+00  5  rr-axle -1.59023100e+01 + 4.61474700e+01i, -5.50000000e-01 + 0.00000000e+00i, 2.74720000e-01 + 0.00000000e+00i, 0.00000000e+00 + 0.00000000e+00i, -3.11740000e-01 + -9.50170000e-01i, 0.00000000e+00 + 0.00000000e+00i, 
0.00000000e+00  5  chassis 5.52080000e-01 + -9.81000000e-03i, -0.00000000e+00 + 0.00000000e+00i, 2.74720000e-01 + 0.00000000e+00i, 0.00000000e+00 + 0.00000000e+00i, 1.00000000e+00 + 0.00000000e+00i, 0.00000000e+00 + 0.00000000e+00i, 
0.00000000e+00  5  lf-wheel 3.52250000e-01 + -5.60083000e+00i, 6.00000000e-01 + 0.00000000e+00i, 0.00000000e+00 + 0.00000000e+00i, -0.00000000e+00 + 0.00000000e+00i, -7.29600000e-02 + 9.97330000e-01i, 0.00000000e+00 + 0.00000000e+00i, 
0.00000000e+00  5  rf-wheel 3.52250000e-01 + -5.60083000e+00i, -6.00000000e-01 + 0.00000000e+00i, -0.00000000e+00 + 0.00000000e+00i, -0.00000000e+00 + 0.00000000e+00i, -7.29600000e-02 + 9.97330000e-01i, 0.00000000e+00 + 0.00000000e+00i, 
0.00000000e+00  5  lr-wheel 7.42806800e+01 + -2.28729100e+02i, 5.99990000e-01 + 0.00000000e+00i, -0.00000000e+00 + 0.00000000e+00i, 0.00000000e+00 + 0.00000000e+00i, 3.11740000e-01 + 9.50170000e-01i, 0.00000000e+00 + 0.00000000e+00i, 
0.00000000e+00  5  rr-wheel 7.42806800e+01 + -2.28729100e+02i, -6.00010000e-01 + 0.00000000e+00i, -0.00000000e+00 + 0.00000000e+00i, 0.00000000e+00 + 0.00000000e+00i, 3.11740000e-01 + 9.50170000e-01i, 0.00000000e+00 + 0.00000000e+00i, 

0.00000000e+00  6  f-axle 8.44670000e-01 + -1.13000000e+00i, 0.00000000e+00 + 0.00000000e+00i, 2.74720000e-01 + 0.00000000e+00i, -0.00000000e+00 + 0.00000000e+00i, 7.29600000e-02 + 9.97330000e-01i, 0.00000000e+00 + 0.00000000e+00i, 
0.00000000e+00  6  lf-axle 8.44670000e-01 + -1.13000000e+00i, 5.50000000e-01 + 0.00000000e+00i, 2.74720000e-01 + 0.00000000e+00i, -0.00000000e+00 + 0.00000000e+00i, 7.29600000e-02 + 9.97330000e-01i, 0.00000000e+00 + 0.00000000e+00i, 
0.00000000e+00  6  rf-axle 8.44670000e-01 + -1.13000000e+00i, -5.50000000e-01 + 0.00000000e+00i, 2.74720000e-01 + 0.00000000e+00i, -0.00000000e+00 + 0.00000000e+00i, 7.29600000e-02 + 9.97330000e-01i, 0.00000000e+00 + 0.00000000e+00i, 
0.00000000e+00  6  r-axle-t -1.59023100e+01 + -4.61474700e+01i, -0.00000000e+00 + 0.00000000e+00i, 2.74720000e-01 + 0.00000000e+00i, 0.00000000e+00 + 0.00000000e+00i, -3.11740000e-01 + 9.50170000e-01i, 0.00000000e+00 + 0.00000000e+00i, 
0.00000000e+00  6  r-axle-b -1.59023100e+01 + -4.61474700e+01i, -0.00000000e+00 + 0.00000000e+00i, 2.74720000e-01 + 0.00000000e+00i, 0.00000000e+00 + 0.00000000e+00i, -3.11740000e-01 + 9.50170000e-01i, 0.00000000e+00 + 0.00000000e+00i, 
0.00000000e+00  6  lr-axle -1.59023100e+01 + -4.61474700e+01i, 5.50000000e-01 + 0.00000000e+00i, 2.74720000e-01 + 0.00000000e+00i, 0.00000000e+00 + 0.00000000e+00i, -3.11740000e-01 + 9.50170000e-01i, 0.00000000e+00 + 0.00000000e+00i, 
0.00000000e+00  6  rr-axle -1.59023100e+01 + -4.61474700e+01i, -5.50000000e-01 + 0.00000000e+00i, 2.74720000e-01 + 0.00000000e+00i, 0.00000000e+00 + 0.00000000e+00i, -3.11740000e-01 + 9.50170000e-01i, 0.00000000e+00 + 0.00000000e+00i, 
0.00000000e+00  6  chassis 5.52080000e-01 + 9.81000000e-03i, -0.00000000e+00 + 0.00000000e+00i, 2.74720000e-01 + 0.00000000e+00i, 0.00000000e+00 + 0.00000000e+00i, 1.00000000e+00 + 0.00000000e+00i, 0.00000000e+00 + 0.00000000e+00i, 
0.00000000e+00  6  lf-wheel 3.52250000e-01 + 5.60083000e+00i, 6.00000000e-01 + 0.00000000e+00i, 0.00000000e+00 + 0.00000000e+00i, -0.00000000e+00 + 0.00000000e+00i, -7.29600000e-02 + -9.97330000e-01i, 0.00000000e+00 + 0.00000000e+00i, 
0.00000000e+00  6  rf-wheel 3.52250000e-01 + 5.60083000e+00i, -6.00000000e-01 + 0.00000000e+00i, -0.00000000e+00 + 0.00000000e+00i, -0.00000000e+00 + 0.00000000e+00i, -7.29600000e-02 + -9.97330000e-01i, 0.00000000e+00 + 0.00000000e+00i, 
0.00000000e+00  6  lr-wheel 7.42806800e+01 + 2.28729100e+02i, 5.99990000e-01 + 0.00000000e+00i, -0.00000000e+00 + 0.00000000e+00i, 0.00000000e+00 + 0.00000000e+00i, 3.11740000e-01 + -9.50170000e-01i, 0.00000000e+00 + 0.00000000e+00i, 
0.00000000e+00  6  rr-wheel 7.42806800e+01 + 2.28729100e+02i, -6.00010000e-01 + 0.00000000e+00i, -0.00000000e+00 + 0.00000000e+00i, 0.00000000e+00 + 0.00000000e+00i, 3.11740000e-01 + -9.50170000e-01i, 0.00000000e+00 + 0.00000000e+00i, 

0.00000000e+00  7  f-axle 7.54040000e-01 + -1.10000000e-04i, -0.00000000e+00 + 0.00000000e+00i, -1.80900000e-02 + -2.90000000e-04i, 9.97730000e-01 + 0.00000000e+00i, -0.00000000e+00 + 0.00000000e+00i, -6.72600000e-02 + 7.60000000e-04i, 
0.00000000e+00  7  lf-axle 7.02540000e-01 + 5.30000000e-04i, 1.28970000e-01 + 8.10000000e-04i, 4.33600000e-02 + 6.00000000e-05i, 8.95150000e-01 + 0.00000000e+00i, 6.74400000e-02 + 9.90000000e-04i, -4.40610000e-01 + -4.96000000e-03i, 
0.00000000e+00  7  rf-axle 7.02540000e-01 + 5.30000000e-04i, -1.28970000e-01 + -8.10000000e-04i, 4.33600000e-02 + 6.00000000e-05i, 8.95150000e-01 + 0.00000000e+00i, -6.74400000e-02 + -9.90000000e-04i, -4.40610000e-01 + -4.96000000e-03i, 
0.00000000e+00  7  r-axle-t -1.35558000e+00 + -5.14700000e-02i, 0.00000000e+00 + 0.00000000e+00i, 3.02390000e-01 + -7.97700000e-02i, -5.48500000e-02 + 1.28310000e-01i, 0.00000000e+00 + 0.00000000e+00i, 9.90220000e-01 + 0.00000000e+00i, 
0.00000000e+00  7  r-axle-b -9.94300000e-01 + -2.01400000e-02i, -0.00000000e+00 + 0.00000000e+00i, 1.18340000e-01 + -3.12200000e-02i, -5.48500000e-02 + 1.28310000e-01i, 0.00000000e+00 + 0.00000000e+00i, 9.90220000e-01 + 0.00000000e+00i, 
0.00000000e+00  7  lr-axle -8.57290000e-01 + -8.26000000e-03i, 4.15430000e-01 + 3.08100000e-02i, 5.17300000e-02 + 0.00000000e+00i, 8.79620000e-01 + 0.00000000e+00i, -0.00000000e+00 + 0.00000000e+00i, -4.73900000e-01 + 4.10900000e-02i, 
0.00000000e+00  7  rr-axle -8.57290000e-01 + -8.26000000e-03i, -4.15430000e-01 + -3.08100000e-02i, 5.17300000e-02 + 0.00000000e+00i, 8.79620000e-01 + 0.00000000e+00i, -0.00000000e+00 + 0.00000000e+00i, -4.73900000e-01 + 4.10900000e-02i, 
0.00000000e+00  7  chassis -4.59170000e-01 + 1.53200000e-02i, 0.00000000e+00 + 0.00000000e+00i, 6.88940000e-01 + -1.32050000e-01i, 6.37910000e-01 + 1.93120000e-01i, 0.00000000e+00 + 0.00000000e+00i, 7.45500000e-01 + 0.00000000e+00i, 
0.00000000e+00  7  lf-wheel 7.85980000e-01 + 1.13000000e-03i, 1.51040000e-01 + 7.70000000e-04i, 4.23300000e-02 + 0.00000000e+00i, 8.74140000e-01 + 0.00000000e+00i, 2.25210000e-01 + -5.80000000e-04i, -4.30270000e-01 + -4.84000000e-03i, 
0.00000000e+00  7  rf-wheel 7.85980000e-01 + 1.13000000e-03i, -1.51040000e-01 + -7.70000000e-04i, 4.23300000e-02 + 0.00000000e+00i, 8.74140000e-01 + 0.00000000e+00i, -2.25210000e-01 + 5.80000000e-04i, -4.30270000e-01 + -4.84000000e-03i, 
0.00000000e+00  7  lr-wheel -7.70790000e-01 + -1.79200000e-02i, 5.27870000e-01 + 1.20400000e-02i, 2.02200000e-02 + 0.00000000e+00i, 5.47840000e-01 + 4.75100000e-02i, 7.80500000e-01 + 0.00000000e+00i, -2.97370000e-01 + 0.00000000e+00i, 
0.00000000e+00  7  rr-wheel -7.70790000e-01 + -1.79200000e-02i, -5.27870000e-01 + -1.20400000e-02i, 2.02200000e-02 + 0.00000000e+00i, -5.47840000e-01 + -4.75100000e-02i, 7.80500000e-01 + 0.00000000e+00i, 2.97370000e-01 + 0.00000000e+00i, 

0.00000000e+00  8  f-axle 7.54040000e-01 + 1.10000000e-04i, -0.00000000e+00 + 0.00000000e+00i, -1.80900000e-02 + 2.90000000e-04i, 9.97730000e-01 + 0.00000000e+00i, -0.00000000e+00 + 0.00000000e+00i, -6.72600000e-02 + -7.60000000e-04i, 
0.00000000e+00  8  lf-axle 7.02540000e-01 + -5.30000000e-04i, 1.28970000e-01 + -8.10000000e-04i, 4.33600000e-02 + -6.00000000e-05i, 8.95150000e-01 + 0.00000000e+00i, 6.74400000e-02 + -9.90000000e-04i, -4.40610000e-01 + 4.96000000e-03i, 
0.00000000e+00  8  rf-axle 7.02540000e-01 + -5.30000000e-04i, -1.28970000e-01 + 8.10000000e-04i, 4.33600000e-02 + -6.00000000e-05i, 8.95150000e-01 + 0.00000000e+00i, -6.74400000e-02 + 9.90000000e-04i, -4.40610000e-01 + 4.96000000e-03i, 
0.00000000e+00  8  r-axle-t -1.35558000e+00 + 5.14700000e-02i, 0.00000000e+00 + 0.00000000e+00i, 3.02390000e-01 + 7.97700000e-02i, -5.48500000e-02 + -1.28310000e-01i, 0.00000000e+00 + 0.00000000e+00i, 9.90220000e-01 + 0.00000000e+00i, 
0.00000000e+00  8  r-axle-b -9.94300000e-01 + 2.01400000e-02i, -0.00000000e+00 + 0.00000000e+00i, 1.18340000e-01 + 3.12200000e-02i, -5.48500000e-02 + -1.28310000e-01i, 0.00000000e+00 + 0.00000000e+00i, 9.90220000e-01 + 0.00000000e+00i, 
0.00000000e+00  8  lr-axle -8.57290000e-01 + 8.26000000e-03i, 4.15430000e-01 + -3.08100000e-02i, 5.17300000e-02 + 0.00000000e+00i, 8.79620000e-01 + 0.00000000e+00i, -0.00000000e+00 + 0.00000000e+00i, -4.73900000e-01 + -4.10900000e-02i, 
0.00000000e+00  8  rr-axle -8.57290000e-01 + 8.26000000e-03i, -4.15430000e-01 + 3.08100000e-02i, 5.17300000e-02 + 0.00000000e+00i, 8.79620000e-01 + 0.00000000e+00i, -0.00000000e+00 + 0.00000000e+00i, -4.73900000e-01 + -4.10900000e-02i, 
0.00000000e+00  8  chassis -4.59170000e-01 + -1.53200000e-02i, 0.00000000e+00 + 0.00000000e+00i, 6.88940000e-01 + 1.32050000e-01i, 6.37910000e-01 + -1.93120000e-01i, 0.00000000e+00 + 0.00000000e+00i, 7.45500000e-01 + 0.00000000e+00i, 
0.00000000e+00  8  lf-wheel 7.85980000e-01 + -1.13000000e-03i, 1.51040000e-01 + -7.70000000e-04i, 4.23300000e-02 + 0.00000000e+00i, 8.74140000e-01 + 0.00000000e+00i, 2.25210000e-01 + 5.80000000e-04i, -4.30270000e-01 + 4.84000000e-03i, 
0.00000000e+00  8  rf-wheel 7.85980000e-01 + -1.13000000e-03i, -1.51040000e-01 + 7.70000000e-04i, 4.23300000e-02 + 0.00000000e+00i, 8.74140000e-01 + 0.00000000e+00i, -2.25210000e-01 + -5.80000000e-04i, -4.30270000e-01 + 4.84000000e-03i, 
0.00000000e+00  8  lr-wheel -7.70790000e-01 + 1.79200000e-02i, 5.27870000e-01 + -1.20400000e-02i, 2.02200000e-02 + 0.00000000e+00i, 5.47840000e-01 + -4.75100000e-02i, 7.80500000e-01 + 0.00000000e+00i, -2.97370000e-01 + 0.00000000e+00i, 
0.00000000e+00  8  rr-wheel -7.70790000e-01 + 1.79200000e-02i, -5.27870000e-01 + 1.20400000e-02i, 2.02200000e-02 + 0.00000000e+00i, -5.47840000e-01 + 4.75100000e-02i, 7.80500000e-01 + 0.00000000e+00i, 2.97370000e-01 + 0.00000000e+00i, 

0.00000000e+00  9  f-axle 7.60100000e-01 + -3.38000000e-03i, 0.00000000e+00 + 0.00000000e+00i, 2.74720000e-01 + 0.00000000e+00i, 0.00000000e+00 + 0.00000000e+00i, 1.00000000e+00 + 0.00000000e+00i, -0.00000000e+00 + 0.00000000e+00i, 
0.00000000e+00  9  lf-axle 7.60100000e-01 + -3.38000000e-03i, 5.50000000e-01 + 0.00000000e+00i, 2.74720000e-01 + 0.00000000e+00i, -0.00000000e+00 + 0.00000000e+00i, 1.00000000e+00 + 0.00000000e+00i, 0.00000000e+00 + 0.00000000e+00i, 
0.00000000e+00  9  rf-axle 7.60100000e-01 + -3.38000000e-03i, -5.50000000e-01 + 0.00000000e+00i, 2.74720000e-01 + 0.00000000e+00i, -0.00000000e+00 + 0.00000000e+00i, 1.00000000e+00 + 0.00000000e+00i, 0.00000000e+00 + 0.00000000e+00i, 
0.00000000e+00  9  r-axle-t -7.22800000e-01 + 8.95000000e-03i, -0.00000000e+00 + 0.00000000e+00i, 2.74720000e-01 + 0.00000000e+00i, 0.00000000e+00 + 0.00000000e+00i, 1.00000000e+00 + 0.00000000e+00i, -0.00000000e+00 + 0.00000000e+00i, 
0.00000000e+00  9  r-axle-b -7.22800000e-01 + 8.95000000e-03i, 0.00000000e+00 + 0.00000000e+00i, 2.74720000e-01 + 0.00000000e+00i, 0.00000000e+00 + 0.00000000e+00i, 1.00000000e+00 + 0.00000000e+00i, -0.00000000e+00 + 0.00000000e+00i, 
0.00000000e+00  9  lr-axle -7.22800000e-01 + 8.95000000e-03i, 5.50000000e-01 + 0.00000000e+00i, 2.74720000e-01 + 0.00000000e+00i, -0.00000000e+00 + 0.00000000e+00i, 1.00000000e+00 + 0.00000000e+00i, -0.00000000e+00 + 0.00000000e+00i, 
0.00000000e+00  9  rr-axle -7.22800000e-01 + 8.95000000e-03i, -5.50000000e-01 + 0.00000000e+00i, 2.74720000e-01 + 0.00000000e+00i, -0.00000000e+00 + 0.00000000e+00i, 1.00000000e+00 + 0.00000000e+00i, -0.00000000e+00 + 0.00000000e+00i, 
0.00000000e+00  9  chassis 4.73160000e-01 + -7.24500000e-02i, -0.00000000e+00 + 0.00000000e+00i, 2.74720000e-01 + 0.00000000e+00i, 0.00000000e+00 + 0.00000000e+00i, 1.00000000e+00 + 0.00000000e+00i, -0.00000000e+00 + 0.00000000e+00i, 
0.00000000e+00  9  lf-wheel 7.71420000e-01 + 1.67300000e-02i, 6.00000000e-01 + 0.00000000e+00i, 0.00000000e+00 + 0.00000000e+00i, 0.00000000e+00 + 0.00000000e+00i, 1.00000000e+00 + 0.00000000e+00i, -0.00000000e+00 + 0.00000000e+00i, 
0.00000000e+00  9  rf-wheel 7.71420000e-01 + 1.67300000e-02i, -6.00000000e-01 + 0.00000000e+00i, -0.00000000e+00 + 0.00000000e+00i, 0.00000000e+00 + 0.00000000e+00i, 1.00000000e+00 + 0.00000000e+00i, -0.00000000e+00 + 0.00000000e+00i, 
0.00000000e+00  9  lr-wheel -9.56320000e-01 + -4.43400000e-02i, 6.00000000e-01 + 0.00000000e+00i, -0.00000000e+00 + 0.00000000e+00i, 0.00000000e+00 + 0.00000000e+00i, 1.00000000e+00 + 0.00000000e+00i, 0.00000000e+00 + 0.00000000e+00i, 
0.00000000e+00  9  rr-wheel -9.56320000e-01 + -4.43400000e-02i, -6.00000000e-01 + 0.00000000e+00i, -0.00000000e+00 + 0.00000000e+00i, 0.00000000e+00 + 0.00000000e+00i, 1.00000000e+00 + 0.00000000e+00i, 0.00000000e+00 + 0.00000000e+00i, 

0.00000000e+00  10  f-axle 7.60100000e-01 + 3.38000000e-03i, 0.00000000e+00 + 0.00000000e+00i, 2.74720000e-01 + 0.00000000e+00i, 0.00000000e+00 + 0.00000000e+00i, 1.00000000e+00 + 0.00000000e+00i, -0.00000000e+00 + 0.00000000e+00i, 
0.00000000e+00  10  lf-axle 7.60100000e-01 + 3.38000000e-03i, 5.50000000e-01 + 0.00000000e+00i, 2.74720000e-01 + 0.00000000e+00i, -0.00000000e+00 + 0.00000000e+00i, 1.00000000e+00 + 0.00000000e+00i, 0.00000000e+00 + 0.00000000e+00i, 
0.00000000e+00  10  rf-axle 7.60100000e-01 + 3.38000000e-03i, -5.50000000e-01 + 0.00000000e+00i, 2.74720000e-01 + 0.00000000e+00i, -0.00000000e+00 + 0.00000000e+00i, 1.00000000e+00 + 0.00000000e+00i, 0.00000000e+00 + 0.00000000e+00i, 
0.00000000e+00  10  r-axle-t -7.22800000e-01 + -8.95000000e-03i, -0.00000000e+00 + 0.00000000e+00i, 2.74720000e-01 + 0.00000000e+00i, 0.00000000e+00 + 0.00000000e+00i, 1.00000000e+00 + 0.00000000e+00i, -0.00000000e+00 + 0.00000000e+00i, 
0.00000000e+00  10  r-axle-b -7.22800000e-01 + -8.95000000e-03i, 0.00000000e+00 + 0.00000000e+00i, 2.74720000e-01 + 0.00000000e+00i, 0.00000000e+00 + 0.00000000e+00i, 1.00000000e+00 + 0.00000000e+00i, -0.00000000e+00 + 0.00000000e+00i, 
0.00000000e+00  10  lr-axle -7.22800000e-01 + -8.95000000e-03i, 5.50000000e-01 + 0.00000000e+00i, 2.74720000e-01 + 0.00000000e+00i, -0.00000000e+00 + 0.00000000e+00i, 1.00000000e+00 + 0.00000000e+00i, -0.00000000e+00 + 0.00000000e+00i, 
0.00000000e+00  10  rr-axle -7.22800000e-01 + -8.95000000e-03i, -5.50000000e-01 + 0.00000000e+00i, 2.74720000e-01 + 0.00000000e+00i, -0.00000000e+00 + 0.00000000e+00i, 1.00000000e+00 + 0.00000000e+00i, -0.00000000e+00 + 0.00000000e+00i, 
0.00000000e+00  10  chassis 4.73160000e-01 + 7.24500000e-02i, -0.00000000e+00 + 0.00000000e+00i, 2.74720000e-01 + 0.00000000e+00i, 0.00000000e+00 + 0.00000000e+00i, 1.00000000e+00 + 0.00000000e+00i, -0.00000000e+00 + 0.00000000e+00i, 
0.00000000e+00  10  lf-wheel 7.71420000e-01 + -1.67300000e-02i, 6.00000000e-01 + 0.00000000e+00i, 0.00000000e+00 + 0.00000000e+00i, 0.00000000e+00 + 0.00000000e+00i, 1.00000000e+00 + 0.00000000e+00i, -0.00000000e+00 + 0.00000000e+00i, 
0.00000000e+00  10  rf-wheel 7.71420000e-01 + -1.67300000e-02i, -6.00000000e-01 + 0.00000000e+00i, -0.00000000e+00 + 0.00000000e+00i, 0.00000000e+00 + 0.00000000e+00i, 1.00000000e+00 + 0.00000000e+00i, -0.00000000e+00 + 0.00000000e+00i, 
0.00000000e+00  10  lr-wheel -9.56320000e-01 + 4.43400000e-02i, 6.00000000e-01 + 0.00000000e+00i, -0.00000000e+00 + 0.00000000e+00i, 0.00000000e+00 + 0.00000000e+00i, 1.00000000e+00 + 0.00000000e+00i, 0.00000000e+00 + 0.00000000e+00i, 
0.00000000e+00  10  rr-wheel -9.56320000e-01 + 4.43400000e-02i, -6.00000000e-01 + 0.00000000e+00i, -0.00000000e+00 + 0.00000000e+00i, 0.00000000e+00 + 0.00000000e+00i, 1.00000000e+00 + 0.00000000e+00i, 0.00000000e+00 + 0.00000000e+00i, 

0.00000000e+00  11  f-axle 8.58860000e-01 + 1.92110000e-01i, 0.00000000e+00 + 0.00000000e+00i, 4.25390000e-01 + -7.86800000e-02i, 8.41240000e-01 + 0.00000000e+00i, 0.00000000e+00 + 0.00000000e+00i, -1.23130000e-01 + 5.26450000e-01i, 
0.00000000e+00  11  lf-axle 7.31830000e-01 + 2.73000000e-03i, 5.62970000e-01 + -2.11300000e-02i, 2.27770000e-01 + -3.93000000e-03i, -1.05370000e-01 + 1.80500000e-02i, -1.74500000e-01 + 7.31000000e-03i, 9.78810000e-01 + 0.00000000e+00i, 
0.00000000e+00  11  rf-axle 7.31830000e-01 + 2.73000000e-03i, -5.62970000e-01 + 2.11300000e-02i, 2.27770000e-01 + -3.93000000e-03i, -1.05370000e-01 + 1.80500000e-02i, 1.74500000e-01 + -7.31000000e-03i, 9.78810000e-01 + 0.00000000e+00i, 
0.00000000e+00  11  r-axle-t 2.71040000e-01 + 3.50980000e-01i, -0.00000000e+00 + 0.00000000e+00i, 2.12440000e+00 + -9.69760000e-01i, 7.75980000e-01 + 4.19040000e-01i, 0.00000000e+00 + 0.00000000e+00i, -4.46390000e-01 + 1.51660000e-01i, 
0.00000000e+00  11  r-axle-b -3.57710000e-01 + 1.37360000e-01i, 0.00000000e+00 + 0.00000000e+00i, 8.31400000e-01 + -3.79520000e-01i, 7.75980000e-01 + 4.19040000e-01i, 0.00000000e+00 + 0.00000000e+00i, -4.46390000e-01 + 1.51660000e-01i, 
0.00000000e+00  11  lr-axle -7.47580000e-01 + 4.90000000e-03i, 6.07880000e-01 + 3.25800000e-02i, 1.02000000e-03 + 0.00000000e+00i, 9.97770000e-01 + 0.00000000e+00i, -0.00000000e+00 + 0.00000000e+00i, 6.32400000e-02 + -2.14900000e-02i, 
0.00000000e+00  11  rr-axle -7.47580000e-01 + 4.90000000e-03i, -6.07880000e-01 + -3.25800000e-02i, 1.02000000e-03 + 0.00000000e+00i, 9.97770000e-01 + 0.00000000e+00i, -0.00000000e+00 + 0.00000000e+00i, 6.32400000e-02 + -2.14900000e-02i, 
0.00000000e+00  11  chassis -1.16000000e-03 + -3.27000000e-03i, 0.00000000e+00 + 0.00000000e+00i, 1.20190000e-01 + -1.40500000e-02i, 9.99810000e-01 + 0.00000000e+00i, 0.00000000e+00 + 0.00000000e+00i, -7.85000000e-03 + 1.75700000e-02i, 
0.00000000e+00  11  lf-wheel 7.32340000e-01 + 6.08000000e-03i, 5.64830000e-01 + -2.09300000e-02i, 2.16910000e-01 + 0.00000000e+00i, -1.04860000e-01 + 1.79600000e-02i, -1.72730000e-01 + -9.98100000e-02i, 9.74110000e-01 + 0.00000000e+00i, 
0.00000000e+00  11  rf-wheel 7.32340000e-01 + 6.08000000e-03i, -5.64830000e-01 + 2.09300000e-02i, 2.16910000e-01 + 0.00000000e+00i, -1.04860000e-01 + 1.79600000e-02i, 1.72730000e-01 + 9.98100000e-02i, 9.74110000e-01 + 0.00000000e+00i, 
0.00000000e+00  11  lr-wheel -7.48090000e-01 + 1.05900000e-02i, 6.07640000e-01 + 3.16100000e-02i, 9.90000000e-04 + 0.00000000e+00i, 9.82780000e-01 + 0.00000000e+00i, -1.63490000e-01 + 5.55500000e-02i, 6.22900000e-02 + -2.11600000e-02i, 
0.00000000e+00  11  rr-wheel -7.48090000e-01 + 1.05900000e-02i, -6.07640000e-01 + -3.16100000e-02i, 9.90000000e-04 + 0.00000000e+00i, 9.82780000e-01 + 0.00000000e+00i, 1.63490000e-01 + -5.55500000e-02i, 6.22900000e-02 + -2.11600000e-02i, 

0.00000000e+00  12  f-axle 8.58860000e-01 + -1.92110000e-01i, 0.00000000e+00 + 0.00000000e+00i, 4.25390000e-01 + 7.86800000e-02i, 8.41240000e-01 + 0.00000000e+00i, 0.00000000e+00 + 0.00000000e+00i, -1.23130000e-01 + -5.26450000e-01i, 
0.00000000e+00  12  lf-axle 7.31830000e-01 + -2.73000000e-03i, 5.62970000e-01 + 2.11300000e-02i, 2.27770000e-01 + 3.93000000e-03i, -1.05370000e-01 + -1.80500000e-02i, -1.74500000e-01 + -7.31000000e-03i, 9.78810000e-01 + 0.00000000e+00i, 
0.00000000e+00  12  rf-axle 7.31830000e-01 + -2.73000000e-03i, -5.62970000e-01 + -2.11300000e-02i, 2.27770000e-01 + 3.93000000e-03i, -1.05370000e-01 + -1.80500000e-02i, 1.74500000e-01 + 7.31000000e-03i, 9.78810000e-01 + 0.00000000e+00i, 
0.00000000e+00  12  r-axle-t 2.71040000e-01 + -3.50980000e-01i, -0.00000000e+00 + 0.00000000e+00i, 2.12440000e+00 + 9.69760000e-01i, 7.75980000e-01 + -4.19040000e-01i, 0.00000000e+00 + 0.00000000e+00i, -4.46390000e-01 + -1.51660000e-01i, 
0.00000000e+00  12  r-axle-b -3.57710000e-01 + -1.37360000e-01i, 0.00000000e+00 + 0.00000000e+00i, 8.31400000e-01 + 3.79520000e-01i, 7.75980000e-01 + -4.19040000e-01i, 0.00000000e+00 + 0.00000000e+00i, -4.46390000e-01 + -1.51660000e-01i, 
0.00000000e+00  12  lr-axle -7.47580000e-01 + -4.90000000e-03i, 6.07880000e-01 + -3.25800000e-02i, 1.02000000e-03 + 0.00000000e+00i, 9.97770000e-01 + 0.00000000e+00i, -0.00000000e+00 + 0.00000000e+00i, 6.32400000e-02 + 2.14900000e-02i, 
0.00000000e+00  12  rr-axle -7.47580000e-01 + -4.90000000e-03i, -6.07880000e-01 + 3.25800000e-02i, 1.02000000e-03 + 0.00000000e+00i, 9.97770000e-01 + 0.00000000e+00i, -0.00000000e+00 + 0.00000000e+00i, 6.32400000e-02 + 2.14900000e-02i, 
0.00000000e+00  12  chassis -1.16000000e-03 + 3.27000000e-03i, 0.00000000e+00 + 0.00000000e+00i, 1.20190000e-01 + 1.40500000e-02i, 9.99810000e-01 + 0.00000000e+00i, 0.00000000e+00 + 0.00000000e+00i, -7.85000000e-03 + -1.75700000e-02i, 
0.00000000e+00  12  lf-wheel 7.32340000e-01 + -6.08000000e-03i, 5.64830000e-01 + 2.09300000e-02i, 2.16910000e-01 + 0.00000000e+00i, -1.04860000e-01 + -1.79600000e-02i, -1.72730000e-01 + 9.98100000e-02i, 9.74110000e-01 + 0.00000000e+00i, 
0.00000000e+00  12  rf-wheel 7.32340000e-01 + -6.08000000e-03i, -5.64830000e-01 + -2.09300000e-02i, 2.16910000e-01 + 0.00000000e+00i, -1.04860000e-01 + -1.79600000e-02i, 1.72730000e-01 + -9.98100000e-02i, 9.74110000e-01 + 0.00000000e+00i, 
0.00000000e+00  12  lr-wheel -7.48090000e-01 + -1.05900000e-02i, 6.07640000e-01 + -3.16100000e-02i, 9.90000000e-04 + 0.00000000e+00i, 9.82780000e-01 + 0.00000000e+00i, -1.63490000e-01 + -5.55500000e-02i, 6.22900000e-02 + 2.11600000e-02i, 
0.00000000e+00  12  rr-wheel -7.48090000e-01 + -1.05900000e-02i, -6.07640000e-01 + 3.16100000e-02i, 9.90000000e-04 + 0.00000000e+00i, 9.82780000e-01 + 0.00000000e+00i, 1.63490000e-01 + 5.55500000e-02i, 6.22900000e-02 + 2.11600000e-02i, 

0.00000000e+00  13  f-axle 7.48050000e-01 + -8.58000000e-03i, 0.00000000e+00 + 0.00000000e+00i, 2.74720000e-01 + 0.00000000e+00i, -0.00000000e+00 + 0.00000000e+00i, 1.00000000e+00 + 0.00000000e+00i, -0.00000000e+00 + 0.00000000e+00i, 
0.00000000e+00  13  lf-axle 7.48050000e-01 + -8.58000000e-03i, 5.50000000e-01 + 0.00000000e+00i, 2.74720000e-01 + 0.00000000e+00i, 0.00000000e+00 + 0.00000000e+00i, 1.00000000e+00 + 0.00000000e+00i, -0.00000000e+00 + 0.00000000e+00i, 
0.00000000e+00  13  rf-axle 7.48050000e-01 + -8.58000000e-03i, -5.50000000e-01 + 0.00000000e+00i, 2.74720000e-01 + 0.00000000e+00i, 0.00000000e+00 + 0.00000000e+00i, 1.00000000e+00 + 0.00000000e+00i, -0.00000000e+00 + 0.00000000e+00i, 
0.00000000e+00  13  r-axle-t -7.64070000e-01 + -2.47000000e-03i, -0.00000000e+00 + 0.00000000e+00i, 2.74720000e-01 + 0.00000000e+00i, 0.00000000e+00 + 0.00000000e+00i, 1.00000000e+00 + 0.00000000e+00i, -0.00000000e+00 + 0.00000000e+00i, 
0.00000000e+00  13  r-axle-b -7.64070000e-01 + -2.47000000e-03i, 0.00000000e+00 + 0.00000000e+00i, 2.74720000e-01 + 0.00000000e+00i, 0.00000000e+00 + 0.00000000e+00i, 1.00000000e+00 + 0.00000000e+00i, -0.00000000e+00 + 0.00000000e+00i, 
0.00000000e+00  13  lr-axle -7.64070000e-01 + -2.47000000e-03i, 5.50000000e-01 + 0.00000000e+00i, 2.74720000e-01 + 0.00000000e+00i, -0.00000000e+00 + 0.00000000e+00i, 1.00000000e+00 + 0.00000000e+00i, -0.00000000e+00 + 0.00000000e+00i, 
0.00000000e+00  13  rr-axle -7.64070000e-01 + -2.47000000e-03i, -5.50000000e-01 + 0.00000000e+00i, 2.74720000e-01 + 0.00000000e+00i, -0.00000000e+00 + 0.00000000e+00i, 1.00000000e+00 + 0.00000000e+00i, -0.00000000e+00 + 0.00000000e+00i, 
0.00000000e+00  13  chassis -8.38920000e-01 + -6.76000000e-02i, -0.00000000e+00 + 0.00000000e+00i, 2.74720000e-01 + 0.00000000e+00i, -0.00000000e+00 + 0.00000000e+00i, 1.00000000e+00 + 0.00000000e+00i, -0.00000000e+00 + 0.00000000e+00i, 
0.00000000e+00  13  lf-wheel 8.31160000e-01 + 4.25300000e-02i, 6.00000000e-01 + 0.00000000e+00i, 0.00000000e+00 + 0.00000000e+00i, -0.00000000e+00 + 0.00000000e+00i, 1.00000000e+00 + 0.00000000e+00i, 0.00000000e+00 + 0.00000000e+00i, 
0.00000000e+00  13  rf-wheel 8.31160000e-01 + 4.25300000e-02i, -6.00000000e-01 + 0.00000000e+00i, 0.00000000e+00 + 0.00000000e+00i, -0.00000000e+00 + 0.00000000e+00i, 1.00000000e+00 + 0.00000000e+00i, 0.00000000e+00 + 0.00000000e+00i, 
0.00000000e+00  13  lr-wheel -7.51760000e-01 + 1.22400000e-02i, 6.00000000e-01 + 0.00000000e+00i, -0.00000000e+00 + 0.00000000e+00i, 0.00000000e+00 + 0.00000000e+00i, 1.00000000e+00 + 0.00000000e+00i, 0.00000000e+00 + 0.00000000e+00i, 
0.00000000e+00  13  rr-wheel -7.51760000e-01 + 1.22400000e-02i, -6.00000000e-01 + 0.00000000e+00i, 0.00000000e+00 + 0.00000000e+00i, 0.00000000e+00 + 0.00000000e+00i, 1.00000000e+00 + 0.00000000e+00i, 0.00000000e+00 + 0.00000000e+00i, 

0.00000000e+00  14  f-axle 7.48050000e-01 + 8.58000000e-03i, 0.00000000e+00 + 0.00000000e+00i, 2.74720000e-01 + 0.00000000e+00i, -0.00000000e+00 + 0.00000000e+00i, 1.00000000e+00 + 0.00000000e+00i, -0.00000000e+00 + 0.00000000e+00i, 
0.00000000e+00  14  lf-axle 7.48050000e-01 + 8.58000000e-03i, 5.50000000e-01 + 0.00000000e+00i, 2.74720000e-01 + 0.00000000e+00i, 0.00000000e+00 + 0.00000000e+00i, 1.00000000e+00 + 0.00000000e+00i, -0.00000000e+00 + 0.00000000e+00i, 
0.00000000e+00  14  rf-axle 7.48050000e-01 + 8.58000000e-03i, -5.50000000e-01 + 0.00000000e+00i, 2.74720000e-01 + 0.00000000e+00i, 0.00000000e+00 + 0.00000000e+00i, 1.00000000e+00 + 0.00000000e+00i, -0.00000000e+00 + 0.00000000e+00i, 
0.00000000e+00  14  r-axle-t -7.64070000e-01 + 2.47000000e-03i, -0.00000000e+00 + 0.00000000e+00i, 2.74720000e-01 + 0.00000000e+00i, 0.00000000e+00 + 0.00000000e+00i, 1.00000000e+00 + 0.00000000e+00i, -0.00000000e+00 + 0.00000000e+00i, 
0.00000000e+00  14  r-axle-b -7.64070000e-01 + 2.47000000e-03i, 0.00000000e+00 + 0.00000000e+00i, 2.74720000e-01 + 0.00000000e+00i, 0.00000000e+00 + 0.00000000e+00i, 1.00000000e+00 + 0.00000000e+00i, -0.00000000e+00 + 0.00000000e+00i, 
0.00000000e+00  14  lr-axle -7.64070000e-01 + 2.47000000e-03i, 5.50000000e-01 + 0.00000000e+00i, 2.74720000e-01 + 0.00000000e+00i, -0.00000000e+00 + 0.00000000e+00i, 1.00000000e+00 + 0.00000000e+00i, -0.00000000e+00 + 0.00000000e+00i, 
0.00000000e+00  14  rr-axle -7.64070000e-01 + 2.47000000e-03i, -5.50000000e-01 + 0.00000000e+00i, 2.74720000e-01 + 0.00000000e+00i, -0.00000000e+00 + 0.00000000e+00i, 1.00000000e+00 + 0.00000000e+00i, -0.00000000e+00 + 0.00000000e+00i, 
0.00000000e+00  14  chassis -8.38920000e-01 + 6.76000000e-02i, -0.00000000e+00 + 0.00000000e+00i, 2.74720000e-01 + 0.00000000e+00i, -0.00000000e+00 + 0.00000000e+00i, 1.00000000e+00 + 0.00000000e+00i, -0.00000000e+00 + 0.00000000e+00i, 
0.00000000e+00  14  lf-wheel 8.31160000e-01 + -4.25300000e-02i, 6.00000000e-01 + 0.00000000e+00i, 0.00000000e+00 + 0.00000000e+00i, -0.00000000e+00 + 0.00000000e+00i, 1.00000000e+00 + 0.00000000e+00i, 0.00000000e+00 + 0.00000000e+00i, 
0.00000000e+00  14  rf-wheel 8.31160000e-01 + -4.25300000e-02i, -6.00000000e-01 + 0.00000000e+00i, 0.00000000e+00 + 0.00000000e+00i, -0.00000000e+00 + 0.00000000e+00i, 1.00000000e+00 + 0.00000000e+00i, 0.00000000e+00 + 0.00000000e+00i, 
0.00000000e+00  14  lr-wheel -7.51760000e-01 + -1.22400000e-02i, 6.00000000e-01 + 0.00000000e+00i, -0.00000000e+00 + 0.00000000e+00i, 0.00000000e+00 + 0.00000000e+00i, 1.00000000e+00 + 0.00000000e+00i, 0.00000000e+00 + 0.00000000e+00i, 
0.00000000e+00  14  rr-wheel -7.51760000e-01 + -1.22400000e-02i, -6.00000000e-01 + 0.00000000e+00i, 0.00000000e+00 + 0.00000000e+00i, 0.00000000e+00 + 0.00000000e+00i, 1.00000000e+00 + 0.00000000e+00i, 0.00000000e+00 + 0.00000000e+00i, 

0.00000000e+00  15  f-axle 7.71010000e-01 + 0.00000000e+00i, -0.00000000e+00 + 0.00000000e+00i, 1.00170000e-01 + 0.00000000e+00i, 1.92200000e-02 + 0.00000000e+00i, -0.00000000e+00 + 0.00000000e+00i, -9.99820000e-01 + 0.00000000e+00i, 
0.00000000e+00  15  lf-axle 7.69990000e-01 + 0.00000000e+00i, -2.01470000e-01 + 0.00000000e+00i, 2.77720000e-01 + 0.00000000e+00i, -3.92300000e-02 + 0.00000000e+00i, -6.55900000e-02 + 0.00000000e+00i, -9.97080000e-01 + 0.00000000e+00i, 
0.00000000e+00  15  rf-axle 7.69990000e-01 + 0.00000000e+00i, 2.01470000e-01 + 0.00000000e+00i, 2.77720000e-01 + 0.00000000e+00i, -3.92300000e-02 + 0.00000000e+00i, 6.55900000e-02 + 0.00000000e+00i, -9.97080000e-01 + 0.00000000e+00i, 
0.00000000e+00  15  r-axle-t 1.13834000e+00 + 0.00000000e+00i, 0.00000000e+00 + 0.00000000e+00i, 2.25012000e+00 + 0.00000000e+00i, 7.11010000e-01 + 0.00000000e+00i, -0.00000000e+00 + 0.00000000e+00i, -7.03180000e-01 + 0.00000000e+00i, 
0.00000000e+00  15  r-axle-b -1.82900000e-02 + 0.00000000e+00i, -0.00000000e+00 + 0.00000000e+00i, 8.80600000e-01 + 0.00000000e+00i, 7.11010000e-01 + 0.00000000e+00i, -0.00000000e+00 + 0.00000000e+00i, -7.03180000e-01 + 0.00000000e+00i, 
0.00000000e+00  15  lr-axle -7.42600000e-01 + 0.00000000e+00i, 5.93210000e-01 + 0.00000000e+00i, 1.66000000e-03 + 0.00000000e+00i, -9.96360000e-01 + 0.00000000e+00i, -0.00000000e+00 + 0.00000000e+00i, -8.51900000e-02 + 0.00000000e+00i, 
0.00000000e+00  15  rr-axle -7.42600000e-01 + 0.00000000e+00i, -5.93210000e-01 + 0.00000000e+00i, 1.66000000e-03 + 0.00000000e+00i, -9.96360000e-01 + 0.00000000e+00i, -0.00000000e+00 + 0.00000000e+00i, -8.51900000e-02 + 0.00000000e+00i, 
0.00000000e+00  15  chassis 4.56020000e-01 + 0.00000000e+00i, -0.00000000e+00 + 0.00000000e+00i, 5.91970000e-01 + 0.00000000e+00i, 5.39210000e-01 + 0.00000000e+00i, -0.00000000e+00 + 0.00000000e+00i, -8.42170000e-01 + 0.00000000e+00i, 
0.00000000e+00  15  lf-wheel 7.65970000e-01 + 0.00000000e+00i, 5.40060000e-01 + 0.00000000e+00i, 1.70000000e-02 + 0.00000000e+00i, -1.07300000e-02 + 0.00000000e+00i, 9.62040000e-01 + 0.00000000e+00i, -2.72700000e-01 + 0.00000000e+00i, 
0.00000000e+00  15  rf-wheel 7.65970000e-01 + 0.00000000e+00i, -5.40060000e-01 + 0.00000000e+00i, 1.70000000e-02 + 0.00000000e+00i, -1.07300000e-02 + 0.00000000e+00i, -9.62040000e-01 + 0.00000000e+00i, -2.72700000e-01 + 0.00000000e+00i, 
0.00000000e+00  15  lr-wheel -7.44040000e-01 + 0.00000000e+00i, 5.93540000e-01 + 0.00000000e+00i, 1.58000000e-03 + 0.00000000e+00i, -9.72360000e-01 + 0.00000000e+00i, 2.18210000e-01 + 0.00000000e+00i, -8.31400000e-02 + 0.00000000e+00i, 
0.00000000e+00  15  rr-wheel -7.44040000e-01 + 0.00000000e+00i, -5.93540000e-01 + 0.00000000e+00i, 1.58000000e-03 + 0.00000000e+00i, -9.72360000e-01 + 0.00000000e+00i, -2.18210000e-01 + 0.00000000e+00i, -8.31400000e-02 + 0.00000000e+00i, 

0.00000000e+00  16  f-axle 7.68490000e-01 + 0.00000000e+00i, -0.00000000e+00 + 0.00000000e+00i, 1.00070000e-01 + 0.00000000e+00i, 1.08500000e-02 + 0.00000000e+00i, -0.00000000e+00 + 0.00000000e+00i, -9.99940000e-01 + 0.00000000e+00i, 
0.00000000e+00  16  lf-axle 7.67970000e-01 + 0.00000000e+00i, -1.26470000e-01 + 0.00000000e+00i, 2.56090000e-01 + 0.00000000e+00i, -2.74700000e-02 + 0.00000000e+00i, -4.08400000e-02 + 0.00000000e+00i, -9.98790000e-01 + 0.00000000e+00i, 
0.00000000e+00  16  rf-axle 7.67970000e-01 + 0.00000000e+00i, 1.26470000e-01 + 0.00000000e+00i, 2.56090000e-01 + 0.00000000e+00i, -2.74700000e-02 + 0.00000000e+00i, 4.08400000e-02 + 0.00000000e+00i, -9.98790000e-01 + 0.00000000e+00i, 
0.00000000e+00  16  r-axle-t 1.12010000e+00 + 0.00000000e+00i, 0.00000000e+00 + 0.00000000e+00i, 2.24639000e+00 + 0.00000000e+00i, 7.13720000e-01 + 0.00000000e+00i, -0.00000000e+00 + 0.00000000e+00i, -7.00430000e-01 + 0.00000000e+00i, 
0.00000000e+00  16  r-axle-b -2.54300000e-02 + 0.00000000e+00i, -0.00000000e+00 + 0.00000000e+00i, 8.79140000e-01 + 0.00000000e+00i, 7.13720000e-01 + 0.00000000e+00i, -0.00000000e+00 + 0.00000000e+00i, -7.00430000e-01 + 0.00000000e+00i, 
0.00000000e+00  16  lr-axle -7.42560000e-01 + 0.00000000e+00i, 5.93650000e-01 + 0.00000000e+00i, 1.67000000e-03 + 0.00000000e+00i, -9.96350000e-01 + 0.00000000e+00i, -0.00000000e+00 + 0.00000000e+00i, -8.53400000e-02 + 0.00000000e+00i, 
0.00000000e+00  16  rr-axle -7.42560000e-01 + 0.00000000e+00i, -5.93650000e-01 + 0.00000000e+00i, 1.67000000e-03 + 0.00000000e+00i, -9.96350000e-01 + 0.00000000e+00i, -0.00000000e+00 + 0.00000000e+00i, -8.53400000e-02 + 0.00000000e+00i, 
0.00000000e+00  16  chassis 5.69350000e-01 + 0.00000000e+00i, -0.00000000e+00 + 0.00000000e+00i, 5.51260000e-01 + 0.00000000e+00i, 4.03730000e-01 + 0.00000000e+00i, -0.00000000e+00 + 0.00000000e+00i, -9.14880000e-01 + 0.00000000e+00i, 
0.00000000e+00  16  lf-wheel 7.64270000e-01 + 0.00000000e+00i, 5.34700000e-01 + 0.00000000e+00i, 2.05000000e-02 + 0.00000000e+00i, -8.23000000e-03 + 0.00000000e+00i, 9.54070000e-01 + 0.00000000e+00i, -2.99460000e-01 + 0.00000000e+00i, 
0.00000000e+00  16  rf-wheel 7.64270000e-01 + 0.00000000e+00i, -5.34700000e-01 + 0.00000000e+00i, 2.05000000e-02 + 0.00000000e+00i, -8.23000000e-03 + 0.00000000e+00i, -9.54070000e-01 + 0.00000000e+00i, -2.99460000e-01 + 0.00000000e+00i, 
0.00000000e+00  16  lr-wheel -7.43910000e-01 + 0.00000000e+00i, 5.93950000e-01 + 0.00000000e+00i, 1.59000000e-03 + 0.00000000e+00i, -9.72260000e-01 + 0.00000000e+00i, 2.18580000e-01 + 0.00000000e+00i, -8.32800000e-02 + 0.00000000e+00i, 
0.00000000e+00  16  rr-wheel -7.43910000e-01 + 0.00000000e+00i, -5.93950000e-01 + 0.00000000e+00i, 1.59000000e-03 + 0.00000000e+00i, -9.72260000e-01 + 0.00000000e+00i, -2.18580000e-01 + 0.00000000e+00i, -8.32800000e-02 + 0.00000000e+00i, 

0.00000000e+00  17  f-axle 7.70960000e-01 + 0.00000000e+00i, 1.67175254e+10 + -2.48554620e+04i, -7.60163451e+08 + -2.09561155e+03i, -9.25000000e-03 + 0.00000000e+00i, 4.54200000e-02 + 0.00000000e+00i, 9.98910000e-01 + 0.00000000e+00i, 
0.00000000e+00  17  lf-axle 7.71380000e-01 + 0.00000000e+00i, 2.18991982e+10 + -2.01753340e+04i, -2.58129091e+09 + 3.95137960e+02i, 4.48000000e-02 + 0.00000000e+00i, 1.16940000e-01 + 0.00000000e+00i, 9.92110000e-01 + 0.00000000e+00i, 
0.00000000e+00  17  rf-axle 7.72340000e-01 + 0.00000000e+00i, 2.22051351e+10 + -2.04588253e+04i, -6.44108076e+07 + -7.79956481e+03i, 4.51600000e-02 + 0.00000000e+00i, 2.90000000e-03 + 0.00000000e+00i, 9.98950000e-01 + 0.00000000e+00i, 
0.00000000e+00  17  r-axle-t 1.12900000e+00 + 0.00000000e+00i, 8.24421214e+09 + -1.22568844e+04i, -3.74010375e+08 + -1.03498000e+03i, -7.11960000e-01 + 0.00000000e+00i, 3.18200000e-02 + 0.00000000e+00i, 7.01480000e-01 + 0.00000000e+00i, 
0.00000000e+00  17  r-axle-b -2.19200000e-02 + 0.00000000e+00i, 8.24434747e+09 + -1.22582407e+04i, -3.74090024e+08 + -1.03323585e+03i, -7.11970000e-01 + 0.00000000e+00i, 3.18300000e-02 + 0.00000000e+00i, 7.01480000e-01 + 0.00000000e+00i, 
0.00000000e+00  17  lr-axle -7.42780000e-01 + 0.00000000e+00i, 1.21612548e+08 + -1.80804390e+02i, -5.51574289e+06 + -1.52333600e+01i, 9.96360000e-01 + 0.00000000e+00i, 3.86000000e-03 + 0.00000000e+00i, 8.52000000e-02 + 0.00000000e+00i, 
0.00000000e+00  17  rr-axle -7.42410000e-01 + 0.00000000e+00i, 1.21613760e+08 + -1.80803850e+02i, -5.51702366e+06 + -1.52363800e+01i, 9.96360000e-01 + 0.00000000e+00i, 3.87000000e-03 + 0.00000000e+00i, 8.52000000e-02 + 0.00000000e+00i, 
0.00000000e+00  17  chassis 4.94090000e-01 + 0.00000000e+00i, 1.26125622e+10 + -1.87506867e+04i, -5.73922942e+08 + -1.58285870e+03i, -4.95590000e-01 + 0.00000000e+00i, 3.94800000e-02 + 0.00000000e+00i, 8.67640000e-01 + 0.00000000e+00i, 
0.00000000e+00  17  lf-wheel 7.62000000e-01 + 0.00000000e+00i, 6.00000000e-01 + 0.00000000e+00i, 0.00000000e+00 + 0.00000000e+00i, 0.00000000e+00 + 0.00000000e+00i, 1.00000000e+00 + 0.00000000e+00i, 0.00000000e+00 + 0.00000000e+00i, 
0.00000000e+00  17  rf-wheel 7.62000000e-01 + 0.00000000e+00i, -6.00000000e-01 + 0.00000000e+00i, 0.00000000e+00 + 0.00000000e+00i, 0.00000000e+00 + 0.00000000e+00i, 1.00000000e+00 + 0.00000000e+00i, 0.00000000e+00 + 0.00000000e+00i, 
0.00000000e+00  17  lr-wheel -7.62000000e-01 + 0.00000000e+00i, 6.00000000e-01 + 0.00000000e+00i, 0.00000000e+00 + 0.00000000e+00i, 0.00000000e+00 + 0.00000000e+00i, 1.00000000e+00 + 0.00000000e+00i, 0.00000000e+00 + 0.00000000e+00i, 
0.00000000e+00  17  rr-wheel -7.62000000e-01 + 0.00000000e+00i, -6.00000000e-01 + 0.00000000e+00i, -0.00000000e+00 + 0.00000000e+00i, 0.00000000e+00 + 0.00000000e+00i, 1.00000000e+00 + 0.00000000e+00i, 0.00000000e+00 + 0.00000000e+00i, 

0.00000000e+00  18  f-axle 7.70960000e-01 + 0.00000000e+00i, 1.67175254e+10 + 2.48554620e+04i, -7.60163451e+08 + 2.09561155e+03i, -9.25000000e-03 + 0.00000000e+00i, 4.54200000e-02 + 0.00000000e+00i, 9.98910000e-01 + 0.00000000e+00i, 
0.00000000e+00  18  lf-axle 7.71380000e-01 + 0.00000000e+00i, 2.18991982e+10 + 2.01753340e+04i, -2.58129091e+09 + -3.95137960e+02i, 4.48000000e-02 + 0.00000000e+00i, 1.16940000e-01 + 0.00000000e+00i, 9.92110000e-01 + 0.00000000e+00i, 
0.00000000e+00  18  rf-axle 7.72340000e-01 + 0.00000000e+00i, 2.22051351e+10 + 2.04588253e+04i, -6.44108076e+07 + 7.79956481e+03i, 4.51600000e-02 + 0.00000000e+00i, 2.90000000e-03 + 0.00000000e+00i, 9.98950000e-01 + 0.00000000e+00i, 
0.00000000e+00  18  r-axle-t 1.12900000e+00 + 0.00000000e+00i, 8.24421214e+09 + 1.22568844e+04i, -3.74010375e+08 + 1.03498000e+03i, -7.11960000e-01 + 0.00000000e+00i, 3.18200000e-02 + 0.00000000e+00i, 7.01480000e-01 + 0.00000000e+00i, 
0.00000000e+00  18  r-axle-b -2.19200000e-02 + 0.00000000e+00i, 8.24434747e+09 + 1.22582407e+04i, -3.74090024e+08 + 1.03323585e+03i, -7.11970000e-01 + 0.00000000e+00i, 3.18300000e-02 + 0.00000000e+00i, 7.01480000e-01 + 0.00000000e+00i, 
0.00000000e+00  18  lr-axle -7.42780000e-01 + 0.00000000e+00i, 1.21612548e+08 + 1.80804390e+02i, -5.51574289e+06 + 1.52333600e+01i, 9.96360000e-01 + 0.00000000e+00i, 3.86000000e-03 + 0.00000000e+00i, 8.52000000e-02 + 0.00000000e+00i, 
0.00000000e+00  18  rr-axle -7.42410000e-01 + 0.00000000e+00i, 1.21613760e+08 + 1.80803850e+02i, -5.51702366e+06 + 1.52363800e+01i, 9.96360000e-01 + 0.00000000e+00i, 3.87000000e-03 + 0.00000000e+00i, 8.52000000e-02 + 0.00000000e+00i, 
0.00000000e+00  18  chassis 4.94090000e-01 + 0.00000000e+00i, 1.26125622e+10 + 1.87506867e+04i, -5.73922942e+08 + 1.58285870e+03i, -4.95590000e-01 + 0.00000000e+00i, 3.94800000e-02 + 0.00000000e+00i, 8.67640000e-01 + 0.00000000e+00i, 
0.00000000e+00  18  lf-wheel 7.62000000e-01 + 0.00000000e+00i, 6.00000000e-01 + 0.00000000e+00i, 0.00000000e+00 + 0.00000000e+00i, 0.00000000e+00 + 0.00000000e+00i, 1.00000000e+00 + 0.00000000e+00i, 0.00000000e+00 + 0.00000000e+00i, 
0.00000000e+00  18  rf-wheel 7.62000000e-01 + 0.00000000e+00i, -6.00000000e-01 + 0.00000000e+00i, 0.00000000e+00 + 0.00000000e+00i, 0.00000000e+00 + 0.00000000e+00i, 1.00000000e+00 + 0.00000000e+00i, 0.00000000e+00 + 0.00000000e+00i, 
0.00000000e+00  18  lr-wheel -7.62000000e-01 + 0.00000000e+00i, 6.00000000e-01 + 0.00000000e+00i, 0.00000000e+00 + 0.00000000e+00i, 0.00000000e+00 + 0.00000000e+00i, 1.00000000e+00 + 0.00000000e+00i, 0.00000000e+00 + 0.00000000e+00i, 
0.00000000e+00  18  rr-wheel -7.62000000e-01 + 0.00000000e+00i, -6.00000000e-01 + 0.00000000e+00i, -0.00000000e+00 + 0.00000000e+00i, 0.00000000e+00 + 0.00000000e+00i, 1.00000000e+00 + 0.00000000e+00i, 0.00000000e+00 + 0.00000000e+00i, 


