%%% Deflection
num name type x y z 
{1} {f-axle} translation 1.00000000e-08 0.00000000e+00 -8.82900000e-03
{ } { } rotation 0.00000000e+00 -3.00000000e-08 2.00000000e-08
{2} {lf-axle} translation -0.00000000e+00 0.00000000e+00 -8.82900000e-03
{ } { } rotation 0.00000000e+00 -3.00000000e-08 0.00000000e+00
{3} {rf-axle} translation 1.00000000e-08 0.00000000e+00 -8.82900000e-03
{ } { } rotation -0.00000000e+00 -3.00000000e-08 4.00000000e-08
{4} {r-axle-t} translation 1.00000000e-08 -2.00000000e-08 -8.82900000e-03
{ } { } rotation -0.00000000e+00 1.40000000e-07 1.00000000e-08
{5} {r-axle-b} translation -2.00000000e-08 -1.00000000e-08 -8.82900000e-03
{ } { } rotation -0.00000000e+00 1.40000000e-07 1.00000000e-08
{6} {lr-axle} translation -1.00000000e-08 -1.00000000e-08 -8.82900000e-03
{ } { } rotation 5.00000000e-08 1.40000000e-07 1.00000000e-08
{7} {rr-axle} translation 0.00000000e+00 -1.00000000e-08 -8.82900000e-03
{ } { } rotation 5.00000000e-08 1.40000000e-07 1.00000000e-08
{8} {chassis} translation 0.00000000e+00 -1.00000000e-08 -2.29554010e-01
{ } { } rotation -1.00000000e-08 -2.00000000e-08 2.00000000e-08
{9} {lf-wheel} translation -0.00000000e+00 -0.00000000e+00 -8.82900000e-03
{ } { } rotation 0.00000000e+00 -2.00000000e-08 -0.00000000e+00
{10} {rf-wheel} translation 2.00000000e-08 -0.00000000e+00 -8.82900000e-03
{ } { } rotation -0.00000000e+00 6.00000000e-08 4.00000000e-08
{11} {lr-wheel} translation -1.00000000e-08 -1.00000000e-08 -8.82900000e-03
{ } { } rotation 5.00000000e-08 -7.00000000e-08 1.00000000e-08
{12} {rr-wheel} translation 0.00000000e+00 -1.00000000e-08 -8.82900000e-03
{ } { } rotation 5.00000000e-08 1.00000000e-08 1.00000000e-08
