%%% Preload
num name type fx fy fz fxyz 
{1} {lf-tire} force 0.00000000e+00 0.00000000e+00 0.00000000e+00 0.00000000e+00
{2} {rf-tire} force -0.00000000e+00 -0.00000000e+00 -0.00000000e+00 0.00000000e+00
{3} {rr-tire} force 0.00000000e+00 -0.00000000e+00 0.00000000e+00 0.00000000e+00
{4} {lr-tire} force 0.00000000e+00 0.00000000e+00 0.00000000e+00 0.00000000e+00
{5} {lf-wb} force 0.00000000e+00 -0.00000000e+00 -7.84800020e+02 7.84800020e+02
{6} {rf-wb} force 0.00000000e+00 0.00000000e+00 -7.84799980e+02 7.84799980e+02
{7} {lr-wb} force -0.00000000e+00 -0.00000000e+00 -7.84799980e+02 7.84799980e+02
{8} {rr-wb} force -0.00000000e+00 0.00000000e+00 -7.84800020e+02 7.84800020e+02
{9} {lf} force -0.00000000e+00 -6.04447200e+01 7.84800020e+02 7.87124282e+02
{} {} moment 3.44890500e+01 0.00000000e+00 6.04447000e+00 3.50147139e+01
{10} {rf} force -0.00000000e+00 6.04447200e+01 7.84799980e+02 7.87124242e+02
{} {} moment -3.44890400e+01 -0.00000000e+00 -6.04447000e+00 3.50147040e+01
{11} {lr} force -0.00000000e+00 -4.32743620e+02 2.45250000e+01 4.33438019e+02
{} {} moment 0.00000000e+00 -0.00000000e+00 -3.49481000e+00 3.49481000e+00
{12} {rr} force 0.00000000e+00 4.32743630e+02 2.45250000e+01 4.33438029e+02
{} {} moment 0.00000000e+00 0.00000000e+00 3.49481000e+00 3.49481000e+00
{13} {lr} force -5.95957500e+02 8.00618610e+02 2.45250000e+01 9.98377171e+02
{} {} moment 0.00000000e+00 1.70443800e+01 -3.49481000e+00 1.73989823e+01
{14} {rr} force -5.95957500e+02 -8.00618640e+02 2.45250000e+01 9.98377195e+02
{} {} moment 0.00000000e+00 1.70443900e+01 3.49481000e+00 1.73989921e+01
{15} {lf-tire} force 0.00000000e+00 0.00000000e+00 8.82900020e+02 8.82900020e+02
{16} {rf-tire} force 0.00000000e+00 0.00000000e+00 8.82899980e+02 8.82899980e+02
{17} {rr-tire} force 0.00000000e+00 0.00000000e+00 8.82900020e+02 8.82900020e+02
{18} {lr-tire} force 0.00000000e+00 0.00000000e+00 8.82899980e+02 8.82899980e+02
{19} {rear upper} force -0.00000000e+00 -2.00000000e-05 -0.00000000e+00 2.00000000e-05
{20} {front left} force -3.67875010e+02 3.67875010e+02 -7.35750020e+02 -9.01106060e+02
{21} {front right} force -3.67874990e+02 -3.67874990e+02 -7.35749980e+02 -9.01106010e+02
{22} {rear left} force -3.67874990e+02 3.67874990e+02 -7.35749980e+02 -9.01106020e+02
{23} {rear right} force -3.67875010e+02 -3.67875010e+02 -7.35750020e+02 -9.01106060e+02
{24} {right-b} force 5.07667490e+02 6.76889990e+02 -0.00000000e+00 -8.46112490e+02
{25} {left-b} force 5.07667510e+02 -6.76890010e+02 -0.00000000e+00 -8.46112510e+02
{26} {right-b} force -1.39792510e+02 0.00000000e+00 0.00000000e+00 1.39792510e+02
{27} {left-b} force -1.39792490e+02 0.00000000e+00 0.00000000e+00 1.39792490e+02
{28} {lf-tie-rod} force 0.00000000e+00 -6.04447200e+01 0.00000000e+00 6.04447200e+01
{29} {rf-tie-rod} force 0.00000000e+00 6.04447200e+01 0.00000000e+00 6.04447200e+01
{30} {right rear lower} force 5.95957490e+02 -9.93262480e+02 0.00000000e+00 1.15833315e+03
{31} {left rear lower} force 5.95957510e+02 9.93262520e+02 0.00000000e+00 1.15833319e+03
{32} {right rear upper} force -2.28082490e+02 -0.00000000e+00 -0.00000000e+00 -2.28082490e+02
{33} {left rear upper} force -2.28082510e+02 -0.00000000e+00 -0.00000000e+00 -2.28082510e+02
