%%% Deflection
num name type x y z 
{1} {bike} translation 5.89910000e-04 0.00000000e+00 -6.07395500e-02
{ } { } rotation 0.00000000e+00 -1.67128000e-02 -0.00000000e+00
{2} {upper body} translation -1.05675500e-02 -0.00000000e+00 -6.51333400e-02
{ } { } rotation 0.00000000e+00 -1.67128000e-02 -0.00000000e+00
{3} {upper fork} translation -4.38381000e-03 -0.00000000e+00 -5.26154600e-02
{ } { } rotation -1.00000000e-08 -1.67128000e-02 2.00000000e-08
{4} {lower fork} translation 3.07009000e-03 -0.00000000e+00 -1.01130800e-02
{ } { } rotation -1.00000000e-08 -1.67128000e-02 2.00000000e-08
{5} {swing arm} translation -2.37133000e-03 0.00000000e+00 -2.84753000e-02
{ } { } rotation 0.00000000e+00 9.75029200e-02 -0.00000000e+00
{6} {bell crank} translation -5.59000000e-05 0.00000000e+00 -4.64358200e-02
{ } { } rotation 0.00000000e+00 3.58557970e-01 -0.00000000e+00
{7} {front wheel, bike} translation 3.77203000e-03 -0.00000000e+00 -9.36100000e-03
{ } { } rotation -1.00000000e-08 0.00000000e+00 2.00000000e-08
{8} {rear wheel, bike} translation -3.76562000e-03 1.00000000e-08 -9.36473000e-03
{ } { } rotation 0.00000000e+00 -0.00000000e+00 -0.00000000e+00
{9} {fork rod} translation -7.15030000e-04 -0.00000000e+00 -1.15981600e-02
{ } { } rotation -1.00000000e-08 -1.67128000e-02 2.00000000e-08
{10} {left fork arm} translation 3.77203000e-03 -0.00000000e+00 -9.36100000e-03
{ } { } rotation -1.00000000e-08 -1.67128000e-02 2.00000000e-08
{11} {right fork arm} translation 3.77203000e-03 -0.00000000e+00 -9.36100000e-03
{ } { } rotation -1.00000000e-08 -1.67128000e-02 2.00000000e-08
{12} {steer arm} translation -1.03442300e-02 -0.00000000e+00 -1.65172000e-02
{ } { } rotation -1.00000000e-08 -8.77297200e-02 2.00000000e-08
{13} {lower left arm} translation 5.14248000e-03 -0.00000000e+00 -3.34450100e-02
{ } { } rotation 0.00000000e+00 -2.12428340e-01 -2.00000000e-08
{14} {upper left arm} translation 3.47120000e-03 -0.00000000e+00 -3.34450100e-02
{ } { } rotation 0.00000000e+00 -2.12428340e-01 -2.00000000e-08
{15} {lower right arm} translation 5.14248000e-03 -0.00000000e+00 -3.34450100e-02
{ } { } rotation 0.00000000e+00 -2.12428350e-01 -2.00000000e-08
{16} {upper right arm} translation 3.47120000e-03 -0.00000000e+00 -3.34450100e-02
{ } { } rotation 0.00000000e+00 -2.12428350e-01 -2.00000000e-08
