%%% Connection Data 
num name rx ry rz ux uy uz
{1} {rear axle} 0.00000000e+00 0.00000000e+00 2.97000000e-01 0.00000000e+00 1.00000000e+00 0.00000000e+00
{2} {arm pivot} 5.49000000e-01 0.00000000e+00 3.60800000e-01 0.00000000e+00 1.00000000e+00 0.00000000e+00
{3} {bell crank pivot} 5.39000000e-01 0.00000000e+00 1.87800000e-01 0.00000000e+00 1.00000000e+00 0.00000000e+00
{4} {rider} 3.64000000e-01 0.00000000e+00 8.43800000e-01 0.00000000e+00 1.00000000e+00 0.00000000e+00
{5} {steering head} 1.17300000e+00 0.00000000e+00 7.49000000e-01 4.06755809e-01 0.00000000e+00 -9.13536924e-01
{6} {front axle} 1.41000000e+00 0.00000000e+00 2.82000000e-01 0.00000000e+00 1.00000000e+00 0.00000000e+00
{7} {left fork joint} 1.27614066e+00 1.00000000e-01 5.50480308e-01 {} {} {}
{8} {right fork joint} 1.27614066e+00 -1.00000000e-01 5.50480308e-01 {} {} {}
{9} {joint} 1.04000000e+00 2.12480000e-01 2.00000000e-01 1.00000000e+00 0.00000000e+00 0.00000000e+00
{10} {joint} 1.24000000e+00 1.00000000e-01 2.00000000e-01 {} {} {}
{11} {joint} 1.04000000e+00 2.50000000e-01 3.00000000e-01 1.00000000e+00 0.00000000e+00 0.00000000e+00
{12} {joint} 1.24000000e+00 1.00000000e-01 3.00000000e-01 {} {} {}
{13} {joint} 1.04000000e+00 -2.12480000e-01 2.00000000e-01 1.00000000e+00 0.00000000e+00 0.00000000e+00
{14} {joint} 1.24000000e+00 -1.00000000e-01 2.00000000e-01 {} {} {}
{15} {joint} 1.04000000e+00 -2.50000000e-01 3.00000000e-01 1.00000000e+00 0.00000000e+00 0.00000000e+00
{16} {joint} 1.24000000e+00 -1.00000000e-01 3.00000000e-01 {} {} {}
{17} {steering arm joint 1} 1.16400000e+00 0.00000000e+00 7.70000000e-01 -4.47213595e-01 0.00000000e+00 8.94427191e-01
{18} {steering arm joint 2} 1.27614066e+00 0.00000000e+00 5.50480308e-01 -4.47213595e-01 0.00000000e+00 8.94427191e-01
{19} {fork joint} 1.27614066e+00 0.00000000e+00 5.50480308e-01 -4.47213595e-01 0.00000000e+00 8.94427191e-01
{20} {front tire lateral} 1.41000000e+00 0.00000000e+00 0.00000000e+00 0.00000000e+00 1.00000000e+00 0.00000000e+00
{21} {rear tire lateral} 0.00000000e+00 0.00000000e+00 0.00000000e+00 0.00000000e+00 1.00000000e+00 0.00000000e+00
{22} {front tire longitudinal} 1.41000000e+00 0.00000000e+00 0.00000000e+00 1.00000000e+00 0.00000000e+00 0.00000000e+00
{23} {rear tire longitudinal} 0.00000000e+00 0.00000000e+00 0.00000000e+00 1.00000000e+00 0.00000000e+00 0.00000000e+00
{24} {front tire vertical} 1.41000000e+00 0.00000000e+00 0.00000000e+00 0.00000000e+00 0.00000000e+00 1.00000000e+00
{25} {rear tire vertical} 0.00000000e+00 0.00000000e+00 0.00000000e+00 0.00000000e+00 0.00000000e+00 1.00000000e+00
