1 1 -6.00000000e-01
2 1 -6.00000000e-01
3 1 -1.00000000e+00
4 1 -1.00000000e+00
37 1 1.00000000e+00
42 1 1.00000000e+00
1 2 -8.00000000e-01
2 2 8.00000000e-01
38 2 1.00000000e+00
43 2 1.00000000e+00
39 3 1.00000000e+00
44 3 1.00000000e+00
38 4 -1.28600000e-01
39 4 5.50000000e-01
40 4 9.70631115e-01
41 4 -1.70110608e-01
43 4 -1.28600000e-01
44 4 -5.50000000e-01
45 4 9.70631115e-01
46 4 1.70110608e-01
3 5 -2.00000000e-01
4 5 -2.00000000e-01
37 5 1.28600000e-01
40 5 1.41110292e-01
41 5 9.75269330e-01
42 5 1.28600000e-01
45 5 -1.41110292e-01
46 5 9.75269330e-01
3 6 -5.00000000e-01
4 6 5.00000000e-01
37 6 -5.50000000e-01
40 6 1.94841278e-01
41 6 1.41110292e-01
42 6 5.50000000e-01
45 6 1.94841278e-01
46 6 -1.41110292e-01
17 7 -1.00000000e+00
37 7 -1.00000000e+00
5 8 -1.00000000e+00
18 8 -1.00000000e+00
38 8 -1.00000000e+00
19 9 -1.00000000e+00
39 9 -1.00000000e+00
5 10 -7.86000000e-02
19 10 -5.00000000e-02
20 10 1.00000000e+00
40 10 -9.70631115e-01
41 10 1.70110608e-01
40 11 -1.41110292e-01
41 11 -9.75269330e-01
5 12 1.00000000e-01
17 12 5.00000000e-02
21 12 -1.00000000e+00
40 12 -1.94841278e-01
41 12 -1.41110292e-01
22 13 -1.00000000e+00
42 13 -1.00000000e+00
6 14 1.00000000e+00
23 14 -1.00000000e+00
43 14 -1.00000000e+00
24 15 -1.00000000e+00
44 15 -1.00000000e+00
6 16 7.86000000e-02
24 16 5.00000000e-02
25 16 1.00000000e+00
45 16 -9.70631115e-01
46 16 -1.70110608e-01
45 17 1.41110292e-01
46 17 -9.75269330e-01
6 18 -1.00000000e-01
22 18 -5.00000000e-02
26 18 -1.00000000e+00
45 18 -1.94841278e-01
46 18 1.41110292e-01
47 19 1.00000000e+00
52 19 1.00000000e+00
48 20 1.00000000e+00
53 20 1.00000000e+00
49 21 1.00000000e+00
54 21 1.00000000e+00
49 22 5.50000000e-01
54 22 -5.50000000e-01
50 23 1.00000000e+00
55 23 1.00000000e+00
47 24 -5.50000000e-01
51 24 1.00000000e+00
52 24 5.50000000e-01
56 24 1.00000000e+00
7 25 5.14495755e-01
8 25 5.14495755e-01
57 25 1.00000000e+00
62 25 1.00000000e+00
7 26 -8.57492926e-01
8 26 8.57492926e-01
58 26 1.00000000e+00
63 26 1.00000000e+00
59 27 1.00000000e+00
64 27 1.00000000e+00
7 28 -2.45242977e-02
8 28 2.45242977e-02
59 28 5.50000000e-01
64 28 -5.50000000e-01
7 29 -1.47145786e-02
8 29 -1.47145786e-02
60 29 1.00000000e+00
65 29 1.00000000e+00
57 30 -5.50000000e-01
61 30 1.00000000e+00
62 30 5.50000000e-01
66 30 1.00000000e+00
10 31 1.00000000e+00
27 31 -1.00000000e+00
47 31 -1.00000000e+00
57 31 -1.00000000e+00
28 32 -1.00000000e+00
48 32 -1.00000000e+00
58 32 -1.00000000e+00
29 33 -1.00000000e+00
49 33 -1.00000000e+00
59 33 -1.00000000e+00
29 34 -5.00000000e-02
30 34 1.00000000e+00
48 34 1.00000000e-01
58 34 -1.00000000e-01
10 35 7.14000000e-02
47 35 -1.00000000e-01
50 35 -1.00000000e+00
57 35 1.00000000e-01
60 35 -1.00000000e+00
10 36 5.00000000e-02
27 36 5.00000000e-02
31 36 -1.00000000e+00
51 36 -1.00000000e+00
61 36 -1.00000000e+00
9 37 1.00000000e+00
32 37 -1.00000000e+00
52 37 -1.00000000e+00
62 37 -1.00000000e+00
33 38 -1.00000000e+00
53 38 -1.00000000e+00
63 38 -1.00000000e+00
34 39 -1.00000000e+00
54 39 -1.00000000e+00
64 39 -1.00000000e+00
34 40 5.00000000e-02
35 40 1.00000000e+00
53 40 1.00000000e-01
63 40 -1.00000000e-01
9 41 7.14000000e-02
52 41 -1.00000000e-01
55 41 -1.00000000e+00
62 41 1.00000000e-01
65 41 -1.00000000e+00
9 42 -5.00000000e-02
32 42 -5.00000000e-02
36 42 -1.00000000e+00
56 42 -1.00000000e+00
66 42 -1.00000000e+00
1 43 6.00000000e-01
2 43 6.00000000e-01
3 43 1.00000000e+00
4 43 1.00000000e+00
7 43 -5.14495755e-01
8 43 -5.14495755e-01
9 43 -1.00000000e+00
10 43 -1.00000000e+00
1 44 8.00000000e-01
2 44 -8.00000000e-01
5 44 1.00000000e+00
6 44 -1.00000000e+00
7 44 8.57492926e-01
8 44 -8.57492926e-01
1 46 1.60000000e-01
2 46 -1.60000000e-01
5 46 1.50000000e-01
6 46 -1.50000000e-01
7 46 1.71498585e-01
8 46 -1.71498585e-01
1 47 -1.20000000e-01
2 47 -1.20000000e-01
7 47 1.02899151e-01
8 47 1.02899151e-01
1 48 6.09600000e-01
2 48 -6.09600000e-01
3 48 5.00000000e-01
4 48 -5.00000000e-01
5 48 6.62000000e-01
6 48 -6.62000000e-01
7 48 -6.53409609e-01
8 48 6.53409609e-01
9 48 -5.00000000e-01
10 48 5.00000000e-01
12 49 -1.00000000e+00
17 49 1.00000000e+00
11 50 1.00000000e+00
18 50 1.00000000e+00
19 51 1.00000000e+00
11 52 2.28600000e-01
20 52 -1.00000000e+00
12 53 2.28600000e-01
21 54 1.00000000e+00
13 55 1.00000000e+00
22 55 1.00000000e+00
23 56 1.00000000e+00
24 57 1.00000000e+00
25 58 -1.00000000e+00
13 59 -2.28600000e-01
26 60 1.00000000e+00
16 61 1.00000000e+00
27 61 1.00000000e+00
28 62 1.00000000e+00
29 63 1.00000000e+00
30 64 -1.00000000e+00
16 65 -2.28600000e-01
31 66 1.00000000e+00
15 67 -1.00000000e+00
32 67 1.00000000e+00
14 68 1.00000000e+00
33 68 1.00000000e+00
34 69 1.00000000e+00
14 70 2.28600000e-01
35 70 -1.00000000e+00
15 71 2.28600000e-01
36 72 1.00000000e+00
67 73 -6.00000000e-01
68 73 -6.00000000e-01
69 73 -1.00000000e+00
70 73 -1.00000000e+00
103 73 1.00000000e+00
108 73 1.00000000e+00
67 74 -8.00000000e-01
68 74 8.00000000e-01
104 74 1.00000000e+00
109 74 1.00000000e+00
105 75 1.00000000e+00
110 75 1.00000000e+00
104 76 -1.28600000e-01
105 76 5.50000000e-01
106 76 9.70631115e-01
107 76 -1.70110608e-01
109 76 -1.28600000e-01
110 76 -5.50000000e-01
111 76 9.70631115e-01
112 76 1.70110608e-01
69 77 -2.00000000e-01
70 77 -2.00000000e-01
103 77 1.28600000e-01
106 77 1.41110292e-01
107 77 9.75269330e-01
108 77 1.28600000e-01
111 77 -1.41110292e-01
112 77 9.75269330e-01
69 78 -5.00000000e-01
70 78 5.00000000e-01
103 78 -5.50000000e-01
106 78 1.94841278e-01
107 78 1.41110292e-01
108 78 5.50000000e-01
111 78 1.94841278e-01
112 78 -1.41110292e-01
83 79 -1.00000000e+00
103 79 -1.00000000e+00
71 80 -1.00000000e+00
84 80 -1.00000000e+00
104 80 -1.00000000e+00
85 81 -1.00000000e+00
105 81 -1.00000000e+00
71 82 -7.86000000e-02
85 82 -5.00000000e-02
86 82 1.00000000e+00
106 82 -9.70631115e-01
107 82 1.70110608e-01
106 83 -1.41110292e-01
107 83 -9.75269330e-01
71 84 1.00000000e-01
83 84 5.00000000e-02
87 84 -1.00000000e+00
106 84 -1.94841278e-01
107 84 -1.41110292e-01
88 85 -1.00000000e+00
108 85 -1.00000000e+00
72 86 1.00000000e+00
89 86 -1.00000000e+00
109 86 -1.00000000e+00
90 87 -1.00000000e+00
110 87 -1.00000000e+00
72 88 7.86000000e-02
90 88 5.00000000e-02
91 88 1.00000000e+00
111 88 -9.70631115e-01
112 88 -1.70110608e-01
111 89 1.41110292e-01
112 89 -9.75269330e-01
72 90 -1.00000000e-01
88 90 -5.00000000e-02
92 90 -1.00000000e+00
111 90 -1.94841278e-01
112 90 1.41110292e-01
113 91 1.00000000e+00
118 91 1.00000000e+00
114 92 1.00000000e+00
119 92 1.00000000e+00
115 93 1.00000000e+00
120 93 1.00000000e+00
115 94 5.50000000e-01
120 94 -5.50000000e-01
116 95 1.00000000e+00
121 95 1.00000000e+00
113 96 -5.50000000e-01
117 96 1.00000000e+00
118 96 5.50000000e-01
122 96 1.00000000e+00
73 97 5.14495755e-01
74 97 5.14495755e-01
123 97 1.00000000e+00
128 97 1.00000000e+00
73 98 -8.57492926e-01
74 98 8.57492926e-01
124 98 1.00000000e+00
129 98 1.00000000e+00
125 99 1.00000000e+00
130 99 1.00000000e+00
73 100 -2.45242977e-02
74 100 2.45242977e-02
125 100 5.50000000e-01
130 100 -5.50000000e-01
73 101 -1.47145786e-02
74 101 -1.47145786e-02
126 101 1.00000000e+00
131 101 1.00000000e+00
123 102 -5.50000000e-01
127 102 1.00000000e+00
128 102 5.50000000e-01
132 102 1.00000000e+00
76 103 1.00000000e+00
93 103 -1.00000000e+00
113 103 -1.00000000e+00
123 103 -1.00000000e+00
94 104 -1.00000000e+00
114 104 -1.00000000e+00
124 104 -1.00000000e+00
95 105 -1.00000000e+00
115 105 -1.00000000e+00
125 105 -1.00000000e+00
95 106 -5.00000000e-02
96 106 1.00000000e+00
114 106 1.00000000e-01
124 106 -1.00000000e-01
76 107 7.14000000e-02
113 107 -1.00000000e-01
116 107 -1.00000000e+00
123 107 1.00000000e-01
126 107 -1.00000000e+00
76 108 5.00000000e-02
93 108 5.00000000e-02
97 108 -1.00000000e+00
117 108 -1.00000000e+00
127 108 -1.00000000e+00
75 109 1.00000000e+00
98 109 -1.00000000e+00
118 109 -1.00000000e+00
128 109 -1.00000000e+00
99 110 -1.00000000e+00
119 110 -1.00000000e+00
129 110 -1.00000000e+00
100 111 -1.00000000e+00
120 111 -1.00000000e+00
130 111 -1.00000000e+00
100 112 5.00000000e-02
101 112 1.00000000e+00
119 112 1.00000000e-01
129 112 -1.00000000e-01
75 113 7.14000000e-02
118 113 -1.00000000e-01
121 113 -1.00000000e+00
128 113 1.00000000e-01
131 113 -1.00000000e+00
75 114 -5.00000000e-02
98 114 -5.00000000e-02
102 114 -1.00000000e+00
122 114 -1.00000000e+00
132 114 -1.00000000e+00
67 115 6.00000000e-01
68 115 6.00000000e-01
69 115 1.00000000e+00
70 115 1.00000000e+00
73 115 -5.14495755e-01
74 115 -5.14495755e-01
75 115 -1.00000000e+00
76 115 -1.00000000e+00
67 116 8.00000000e-01
68 116 -8.00000000e-01
71 116 1.00000000e+00
72 116 -1.00000000e+00
73 116 8.57492926e-01
74 116 -8.57492926e-01
67 118 1.60000000e-01
68 118 -1.60000000e-01
71 118 1.50000000e-01
72 118 -1.50000000e-01
73 118 1.71498585e-01
74 118 -1.71498585e-01
67 119 -1.20000000e-01
68 119 -1.20000000e-01
73 119 1.02899151e-01
74 119 1.02899151e-01
67 120 6.09600000e-01
68 120 -6.09600000e-01
69 120 5.00000000e-01
70 120 -5.00000000e-01
71 120 6.62000000e-01
72 120 -6.62000000e-01
73 120 -6.53409609e-01
74 120 6.53409609e-01
75 120 -5.00000000e-01
76 120 5.00000000e-01
78 121 -1.00000000e+00
83 121 1.00000000e+00
77 122 1.00000000e+00
84 122 1.00000000e+00
85 123 1.00000000e+00
77 124 2.28600000e-01
86 124 -1.00000000e+00
78 125 2.28600000e-01
87 126 1.00000000e+00
79 127 1.00000000e+00
88 127 1.00000000e+00
89 128 1.00000000e+00
90 129 1.00000000e+00
91 130 -1.00000000e+00
79 131 -2.28600000e-01
92 132 1.00000000e+00
82 133 1.00000000e+00
93 133 1.00000000e+00
94 134 1.00000000e+00
95 135 1.00000000e+00
96 136 -1.00000000e+00
82 137 -2.28600000e-01
97 138 1.00000000e+00
81 139 -1.00000000e+00
98 139 1.00000000e+00
80 140 1.00000000e+00
99 140 1.00000000e+00
100 141 1.00000000e+00
80 142 2.28600000e-01
101 142 -1.00000000e+00
81 143 2.28600000e-01
102 144 1.00000000e+00
