1 1 1.00000000e+01
2 2 1.00000000e+01
3 3 1.00000000e+01
4 4 1.63333333e+00
6 6 1.63333333e+00
19 19 5.00000000e+00
20 20 5.00000000e+00
21 21 5.00000000e+00
22 22 8.16666667e-01
24 24 8.16666667e-01
25 25 5.00000000e+00
26 26 5.00000000e+00
27 27 5.00000000e+00
28 28 8.16666667e-01
30 30 8.16666667e-01
43 43 3.00000000e+02
44 44 3.00000000e+02
45 45 3.00000000e+02
46 46 5.00000000e+01
47 47 1.20000000e+02
48 48 1.80000000e+02
49 49 1.00000000e+01
50 50 1.00000000e+01
51 51 1.00000000e+01
52 52 5.00000000e-01
53 53 1.00000000e+00
54 54 5.00000000e-01
55 55 1.00000000e+01
56 56 1.00000000e+01
57 57 1.00000000e+01
58 58 5.00000000e-01
59 59 1.00000000e+00
60 60 5.00000000e-01
61 61 1.00000000e+01
62 62 1.00000000e+01
63 63 1.00000000e+01
64 64 5.00000000e-01
65 65 1.00000000e+00
66 66 5.00000000e-01
67 67 1.00000000e+01
68 68 1.00000000e+01
69 69 1.00000000e+01
70 70 5.00000000e-01
71 71 1.00000000e+00
72 72 5.00000000e-01
