3 5 -1.651300000000e+03
2 6 1.651300000000e+03
9 11 -3.368000000000e+02
8 12 3.368000000000e+02
15 17 -9.990000000000e+01
14 18 9.990000000000e+01
21 23 -7.250000000000e+01
20 24 7.250000000000e+01
27 29 -8.000000000000e+01
26 30 8.000000000000e+01
42 40 1.716312056738e+01
39 41 -1.190000000000e+02
38 42 1.190000000000e+02
40 42 -1.716312056738e+01
48 46 2.148148148148e+01
45 47 -1.470000000000e+02
44 48 1.470000000000e+02
46 48 -2.148148148148e+01
75 77 -2.000000000000e+01
74 78 2.000000000000e+01
81 83 -2.000000000000e+01
80 84 2.000000000000e+01
87 89 -2.000000000000e+01
86 90 2.000000000000e+01
93 95 -2.000000000000e+01
92 96 2.000000000000e+01
