1 1 -5.278762272963e+03
3 1 8.777663068434e+03
5 1 1.983548653492e+03
31 1 5.278762272963e+03
33 1 -8.777663068434e+03
35 1 -3.953964812154e+02
2 2 -6.485478992287e+03
4 2 -2.881026195308e+02
6 2 1.515007892598e+03
32 2 6.485478992287e+03
34 2 -3.545395182450e+01
36 2 -3.134648179605e+02
1 3 8.777663068434e+03
3 3 5.736328328068e+04
5 3 1.081767449963e+04
31 3 -8.777663068434e+03
33 3 -5.736328328068e+04
35 3 -2.820543250007e+03
2 4 1.063618554735e+02
4 4 2.434817401838e+01
6 4 -2.610213063878e+01
32 4 -1.063618554735e+02
34 4 5.814448099218e-01
36 4 5.140823014553e+00
1 5 1.589084178487e+03
3 5 1.109460445260e+04
5 5 2.124191034817e+03
31 5 -1.589084178487e+03
33 5 -1.109460445260e+04
35 5 -5.449262087182e+02
2 6 1.238077939628e+03
4 6 3.780013578984e+02
6 6 -2.822715228351e+02
32 6 -1.238077939628e+03
34 6 6.768159403298e+00
36 6 5.984043374867e+01
5 7 -3.304008000000e+02
4 8 3.304008000000e+02
4 10 9.786471696000e+01
10 10 -9.786471696000e+01
12 10 1.685044080000e+01
5 11 9.786471696000e+01
11 11 -9.786471696000e+01
4 12 -1.685044080000e+01
5 13 8.918266616809e+02
13 13 -1.227594218779e+03
15 13 -1.125014760285e+04
17 13 5.412514755713e+02
49 13 1.227594218779e+03
51 13 1.125014760285e+04
4 14 -8.918266616809e+02
6 14 -4.245802084453e+02
14 14 -6.053268279090e+03
16 14 -3.389830236290e+02
18 14 -2.542372677218e+02
50 14 6.053268279090e+03
5 15 4.245802084453e+02
13 15 -1.125014760285e+04
15 15 2.017432593969e+04
17 15 -2.173134237073e+02
49 15 1.125014760285e+04
51 15 -2.017432593969e+04
4 16 -1.872835989530e+01
6 16 -8.916184377350e+00
14 16 -3.389830236290e+02
16 16 1.530016543768e+02
18 16 6.780944214067e+01
50 16 3.389830236290e+02
52 16 -2.017432593969e+02
54 16 -1.125014760285e+02
5 17 -2.254958177131e+01
13 17 5.412514755713e+02
15 17 -2.173134237073e+02
17 17 -7.189610527381e+01
49 17 -5.412514755713e+02
51 17 2.173134237073e+02
4 18 -8.026439955128e+00
6 18 -3.821221876007e+00
14 18 -2.542372677218e+02
16 18 6.780944214067e+01
18 18 -4.390853817272e+01
50 18 2.542372677218e+02
52 18 -1.125014760285e+02
54 18 1.227594218779e+01
23 19 1.029068561681e+03
41 19 -1.100191061681e+03
22 20 -1.029068561681e+03
40 20 1.100191061681e+03
22 22 -4.620802459060e+01
24 22 -1.409509550286e+02
40 22 4.620802459060e+01
23 23 -4.620802459060e+01
41 23 4.620802459060e+01
22 24 9.144235725298e+01
40 24 4.950859777564e+01
5 25 -1.255271003203e+03
25 25 9.611957947236e+03
27 25 9.596277754826e+03
29 25 -2.041700605474e+03
31 25 -9.611957947236e+03
33 25 -9.596277754826e+03
35 25 2.162382161011e+02
47 25 -1.176219438319e+03
4 26 1.255271003203e+03
6 26 2.349171925304e+03
26 26 1.919258108909e+04
28 26 7.005292097516e+02
30 26 3.381732787897e+03
32 26 -1.919258108909e+04
34 26 -3.940876650292e+02
36 26 -3.774540947520e+01
46 26 1.176219438319e+03
5 27 -2.349171925304e+03
25 27 9.596277754826e+03
27 27 9.580623141849e+03
29 27 -2.038369935645e+03
31 27 -9.596277754826e+03
33 27 -9.580623141849e+03
35 27 2.158854620781e+02
4 28 -6.213591465853e+01
6 28 -1.162840103026e+02
26 28 7.005292097516e+02
28 28 1.567701739621e+02
30 28 3.254620323344e+02
32 28 -7.005292097516e+02
34 28 -1.438419977357e+01
36 28 -1.377707445845e+00
46 28 1.681993796796e+01
5 29 7.671217749738e+02
25 29 -2.041700605474e+03
27 29 -2.038369935645e+03
29 29 1.495501161728e+02
31 29 2.041700605474e+03
33 29 2.038369935645e+03
35 29 -4.593171330584e+01
47 29 1.681993796796e+01
4 30 4.431106641306e+02
6 30 8.292576896323e+02
26 30 3.381732787897e+03
28 30 3.254620323344e+02
30 30 1.805277208337e+02
32 30 -3.381732787897e+03
34 30 -6.943824657815e+01
36 30 -6.650741149530e+00
46 30 -2.305390099106e+02
1 31 5.278762272963e+03
3 31 -8.777663068434e+03
5 31 -1.250463511970e+03
25 31 -9.611957947236e+03
27 31 -9.596277754826e+03
29 31 2.041700605474e+03
31 31 4.333195674273e+03
33 31 1.837394082326e+04
35 31 1.791582651144e+02
2 32 6.485478992287e+03
4 32 -4.449825219910e+02
6 32 -3.864179817902e+03
26 32 -1.919258108909e+04
28 32 -7.005292097516e+02
30 32 -3.381732787897e+03
32 32 1.270710209680e+04
34 32 4.295416168537e+02
36 32 3.512102274357e+02
1 33 -8.777663068434e+03
3 33 -5.736328328068e+04
5 33 -8.468502574329e+03
25 33 -9.596277754826e+03
27 33 -9.580623141849e+03
29 33 2.038369935645e+03
31 33 1.837394082326e+04
33 33 6.694390642253e+04
35 33 2.604657787929e+03
2 34 -3.545395182450e+01
4 34 5.683329518786e+00
6 34 4.633476103597e+01
26 34 -3.940876650292e+02
28 34 -1.438419977357e+01
30 34 -6.943824657815e+01
32 34 4.295416168537e+02
34 34 -5.653091142618e+01
36 34 -8.722761668630e+01
1 35 -3.953964812154e+02
3 35 -2.820543250007e+03
5 35 -6.615879144320e+02
25 35 2.162382161011e+02
27 35 2.158854620781e+02
29 35 -4.593171330584e+01
31 35 1.791582651144e+02
33 35 2.604657787929e+03
35 35 2.094518941120e+02
2 36 -3.134648179605e+02
4 36 -1.055988855631e+01
6 36 -6.192315667400e+01
26 36 -3.774540947520e+01
28 36 -1.377707445845e+00
30 36 -6.650741149530e+00
32 36 3.512102274357e+02
34 36 -8.722761668630e+01
36 36 1.154519331337e+02
41 37 1.100191061681e+03
40 38 -1.100191061681e+03
39 39 1.300000000000e+05
40 40 -3.431742773940e+02
47 43 1.176219438319e+03
46 44 -1.176219438319e+03
45 45 1.410000000000e+05
46 46 -3.921666521808e+02
13 49 1.227594218779e+03
15 49 1.125014760285e+04
17 49 -5.412514755713e+02
23 49 -1.029068561681e+03
49 49 -1.227594218779e+03
51 49 -1.125014760285e+04
53 49 3.923999999999e+01
14 50 6.053268279090e+03
16 50 3.389830236290e+02
18 50 2.542372677218e+02
22 50 1.029068561681e+03
50 50 -6.053268279090e+03
52 50 -3.923999999999e+01
54 50 4.245802084452e+02
13 51 1.125014760285e+04
15 51 -2.017432593969e+04
17 51 2.173134237073e+02
49 51 -1.125014760285e+04
51 51 2.017432593969e+04
53 51 -4.245802084452e+02
16 52 -2.017432593969e+02
18 52 -1.125014760285e+02
52 52 2.017432593969e+02
54 52 1.125014760285e+02
16 54 -1.125014760285e+02
18 54 1.227594218779e+01
52 54 1.125014760285e+02
54 54 -1.227594218779e+01
53 55 -1.961999999999e+01
54 55 -1.254306936132e+02
59 55 1.961999999999e+01
60 55 1.254306936132e+02
52 56 1.961999999999e+01
54 56 -2.122901042283e+02
58 56 -1.961999999999e+01
60 56 2.122901042283e+02
52 57 1.254306936132e+02
53 57 2.122901042283e+02
58 57 -1.254306936132e+02
59 57 -2.122901042283e+02
52 58 -5.267583652388e+00
54 58 5.699571267058e+01
58 58 5.267583652388e+00
59 58 4.533147558126e+00
60 58 1.347976484739e+01
52 59 1.679007035611e+01
53 59 2.314943042306e+01
54 59 -3.367567131420e+01
58 59 -2.132321791424e+01
59 59 -2.314943042306e+01
60 59 -7.871108855810e+00
52 60 -2.626320327963e+00
54 60 2.841701407545e+01
58 60 -6.784915719001e+01
59 60 4.154678017001e+01
60 60 -2.841701407545e+01
53 61 -1.961999999999e+01
54 61 1.254306936132e+02
65 61 1.961999999999e+01
66 61 -1.254306936132e+02
52 62 1.961999999999e+01
54 62 -2.122901042170e+02
64 62 -1.961999999999e+01
66 62 2.122901042170e+02
52 63 -1.254306936132e+02
53 63 2.122901042170e+02
64 63 1.254306936132e+02
65 63 -2.122901042170e+02
52 64 -5.267583652388e+00
54 64 5.699571266756e+01
64 64 5.267583652388e+00
65 64 -4.533147558126e+00
66 64 1.347976484309e+01
52 65 -1.679007035611e+01
53 65 2.314943042155e+01
54 65 3.367567131420e+01
64 65 2.132321791424e+01
65 65 -2.314943042155e+01
66 65 7.871108853277e+00
52 66 -2.626320327963e+00
54 66 2.841701407394e+01
64 66 -6.784915718268e+01
65 66 -4.154678016748e+01
66 66 -2.841701407394e+01
5 73 -9.810000000003e+00
6 73 1.012886134085e+02
59 73 -9.809999999997e+00
60 73 -1.012886134085e+02
4 74 9.810000000003e+00
6 74 1.801006639553e+02
58 74 9.809999999997e+00
60 74 -1.801006639553e+02
4 75 -1.012886134085e+02
5 75 -1.801006639553e+02
58 75 1.012886134085e+02
59 75 1.801006639553e+02
4 76 -5.696471618093e+00
5 76 -1.012886134085e+01
58 76 -5.696471618093e+00
59 76 -1.012886134085e+01
76 76 1.139294323619e+01
77 76 2.025772268170e+01
4 77 -1.012886134085e+01
5 77 -1.801006639553e+01
58 77 -1.012886134085e+01
59 77 -1.801006639553e+01
76 77 2.025772268169e+01
77 77 3.602013279106e+01
4 78 -9.810000000003e-01
5 78 5.517143999994e-01
6 78 -2.370653801362e+01
58 78 9.809999999997e-01
59 78 -5.517143999998e-01
60 78 -2.370653801362e+01
78 78 4.741307602725e+01
5 79 -9.810000000004e+00
6 79 2.414208020470e+01
59 79 -9.809999999997e+00
60 79 -2.414208020470e+01
4 80 9.810000000004e+00
6 80 3.218944027294e+01
58 80 9.809999999997e+00
60 80 -3.218944027294e+01
4 81 -2.414208020470e+01
5 81 -3.218944027294e+01
58 81 2.414208020470e+01
59 81 3.218944027294e+01
4 82 -1.810656015353e+00
5 82 -2.414208020470e+00
58 82 -1.810656015353e+00
59 82 -2.414208020470e+00
82 82 3.621312030705e+00
83 82 4.828416040940e+00
4 83 -2.414208020470e+00
5 83 -3.218944027294e+00
58 83 -2.414208020470e+00
59 83 -3.218944027294e+00
82 83 4.828416040940e+00
83 83 6.437888054587e+00
4 84 -9.810000000004e-01
5 84 7.357499999999e-01
6 84 -5.029600042646e+00
58 84 9.809999999997e-01
59 84 -7.357499999998e-01
60 84 -5.029600042646e+00
84 84 1.005920008529e+01
5 85 -9.810000000003e+00
6 85 -1.012886133831e+02
65 85 -9.809999999997e+00
66 85 1.012886133831e+02
4 86 9.810000000003e+00
6 86 1.801006639103e+02
64 86 9.809999999997e+00
66 86 -1.801006639103e+02
4 87 1.012886133831e+02
5 87 -1.801006639103e+02
64 87 -1.012886133831e+02
65 87 1.801006639103e+02
4 88 -5.696471616668e+00
5 88 1.012886133831e+01
64 88 -5.696471616668e+00
65 88 1.012886133831e+01
88 88 1.139294323334e+01
89 88 -2.025772267663e+01
4 89 1.012886133831e+01
5 89 -1.801006639103e+01
64 89 1.012886133831e+01
65 89 -1.801006639103e+01
88 89 -2.025772267663e+01
89 89 3.602013278206e+01
4 90 -9.810000000003e-01
5 90 -5.517143999999e-01
6 90 -2.370653800770e+01
64 90 9.809999999997e-01
65 90 5.517143999999e-01
66 90 -2.370653800770e+01
90 90 4.741307601539e+01
5 91 -9.810000000004e+00
6 91 -2.414208023003e+01
65 91 -9.809999999997e+00
66 91 2.414208023003e+01
4 92 9.810000000004e+00
6 92 3.218944030671e+01
64 92 9.809999999997e+00
66 92 -3.218944030671e+01
4 93 2.414208023003e+01
5 93 -3.218944030671e+01
64 93 -2.414208023003e+01
65 93 3.218944030671e+01
4 94 -1.810656017252e+00
5 94 2.414208023003e+00
64 94 -1.810656017252e+00
65 94 2.414208023003e+00
94 94 3.621312034505e+00
95 94 -4.828416046006e+00
4 95 2.414208023003e+00
5 95 -3.218944030671e+00
64 95 2.414208023003e+00
65 95 -3.218944030671e+00
94 95 -4.828416046006e+00
95 95 6.437888061341e+00
4 96 -9.810000000004e-01
5 96 -7.357500000000e-01
6 96 -5.029600047923e+00
64 96 9.809999999997e-01
65 96 7.357499999998e-01
66 96 -5.029600047923e+00
96 96 1.005920009585e+01
