3 5 1.000000000000e+01
2 6 -1.000000000000e+01
9 11 1.000000000000e+01
8 12 -1.000000000000e+01
15 17 1.000000000000e+01
14 18 -1.000000000000e+01
21 23 1.000000000000e+01
20 24 -1.000000000000e+01
27 29 1.000000000000e+01
26 30 -1.000000000000e+01
33 35 1.000000000000e+01
32 36 -1.000000000000e+01
39 41 1.000000000000e+01
38 42 -1.000000000000e+01
45 47 1.000000000000e+01
44 48 -1.000000000000e+01
51 53 1.000000000000e+01
50 54 -1.000000000000e+01
57 59 1.000000000000e+01
56 60 -1.000000000000e+01
63 65 1.000000000000e+01
62 66 -1.000000000000e+01
69 71 1.000000000000e+01
68 72 -1.000000000000e+01
75 77 1.000000000000e+01
74 78 -1.000000000000e+01
81 83 1.000000000000e+01
80 84 -1.000000000000e+01
87 89 1.000000000000e+01
86 90 -1.000000000000e+01
93 95 1.000000000000e+01
92 96 -1.000000000000e+01
