1 1 -5.193791544340e+03
3 1 8.765981645020e+03
5 1 1.955821484642e+03
31 1 5.193791544340e+03
33 1 -8.765981645020e+03
35 1 -3.952963857336e+02
2 2 -6.398902350014e+03
4 2 -2.626317713947e+02
6 2 1.494783588966e+03
32 2 6.398902350014e+03
34 2 -3.498066618008e+01
36 2 -3.092802802507e+02
1 3 8.765981645020e+03
3 3 5.736488919433e+04
5 3 1.082148631583e+04
31 3 -8.765981645020e+03
33 3 -5.736488919433e+04
35 3 -2.820557010719e+03
2 4 1.049419985608e+02
4 4 -5.568106147177e+01
6 4 1.530298396479e+02
32 4 -1.049419985402e+02
34 4 5.736829253533e-01
36 4 5.072196596111e+00
1 5 1.588247714687e+03
3 5 1.109471944618e+04
5 5 2.124463984960e+03
31 5 -1.588247714707e+03
33 5 -1.109471944618e+04
35 5 -5.449271940722e+02
2 6 1.221550458615e+03
4 6 3.376916421452e+02
6 6 -1.987991896908e+02
32 6 -1.221550458618e+03
34 6 6.677809173777e+00
36 6 5.904160549986e+01
5 7 -3.304007999987e+02
4 8 3.304007999987e+02
4 10 9.786471695961e+01
10 10 -9.786471695961e+01
12 10 1.685044079993e+01
5 11 9.786471695963e+01
11 11 -9.786471695963e+01
4 12 -1.685044079993e+01
5 13 8.676147467900e+02
13 13 2.765056462990e+03
15 13 -1.049983444803e+04
17 13 3.808960684286e+02
19 13 -2.765056462990e+03
21 13 1.049983444803e+04
23 13 -4.692611736571e+02
4 14 -8.676147467900e+02
14 14 -2.193198693025e+03
16 14 -2.175653103481e+02
18 14 -1.368555984448e+02
20 14 2.193198693025e+03
22 14 2.050153400482e+02
24 14 -3.039773388514e+02
13 15 -1.049983444803e+04
15 15 2.004174484398e+04
17 15 -2.090213010198e+02
19 15 1.049983444803e+04
21 15 -2.004174484398e+04
23 15 8.635567511995e+02
4 16 -1.821990968259e+01
14 16 -2.175653103474e+02
16 16 1.447199647016e+02
18 16 5.716213909680e+01
20 16 2.175653103481e+02
22 16 -1.369791859919e+02
24 16 -2.264250533029e+02
5 17 -1.821990968261e+01
13 17 3.808960684280e+02
15 17 -2.090213010199e+02
17 17 -1.023112224835e+02
19 17 -3.808960684286e+02
21 17 2.090213010198e+02
23 17 -7.335232848070e+00
4 18 -7.808532721110e+00
14 18 -1.368555984448e+02
16 18 -1.170030538457e+01
18 18 -2.434348144034e+01
20 18 1.368555984448e+02
22 18 -7.185225970140e+01
24 18 -8.971949128935e+01
13 19 -2.765056462990e+03
15 19 1.049983444803e+04
17 19 -3.808960684286e+02
19 19 2.765056462990e+03
21 19 -1.049983444803e+04
23 19 4.692611736571e+02
41 19 -1.036739146790e+03
14 20 2.193198693025e+03
16 20 2.175653103481e+02
18 20 1.368555984448e+02
20 20 -2.193198693025e+03
22 20 -2.050153400482e+02
24 20 3.039773388514e+02
40 20 1.036739146790e+03
13 21 1.049983444803e+04
15 21 -2.004174484398e+04
17 21 2.090213010198e+02
19 21 -1.049983444803e+04
21 21 2.004174484398e+04
23 21 -8.635567511995e+02
14 22 2.895022274793e+01
16 22 -1.975455863433e+02
18 22 -1.031918505809e+02
20 22 -2.895022274863e+01
22 22 1.669143415236e+02
24 22 4.014840087167e+01
40 22 4.354304416518e+01
13 23 -2.931960563567e+02
15 23 4.907129733871e+02
17 23 -1.535440748765e+00
19 23 2.931960563574e+02
21 23 -4.907129733878e+02
23 23 -9.875469932163e+00
41 23 4.354304416523e+01
14 24 6.886643896099e+01
16 24 -9.816679373539e+01
18 24 -2.335329883874e+01
20 24 -6.886643896024e+01
22 24 1.510904083879e+02
24 24 3.719545306984e+01
40 24 4.665326160555e+01
5 25 -1.238888032404e+03
25 25 9.483644981410e+03
27 25 9.468174108684e+03
29 25 -2.014445319772e+03
31 25 -9.483644981410e+03
33 25 -9.468174108684e+03
35 25 2.133515860320e+02
47 25 -1.161191353220e+03
4 26 1.238888032404e+03
6 26 2.317812110937e+03
26 26 1.893637345533e+04
28 26 6.911776311196e+02
30 26 3.336589002830e+03
32 26 -1.893637345533e+04
34 26 -3.888268682828e+02
36 26 -3.724153446215e+01
46 26 1.161191353220e+03
5 27 -2.317812110937e+03
25 27 9.468174108684e+03
27 27 9.452728473922e+03
29 27 -2.011159112072e+03
31 27 -9.468174108684e+03
33 27 -9.452728473922e+03
35 27 2.130035410304e+02
4 28 -6.132495760401e+01
6 28 -1.147316994914e+02
26 28 6.911776311189e+02
28 28 1.546862823641e+02
30 28 3.211173401426e+02
32 28 -6.911776311196e+02
34 28 -1.419218069232e+01
36 28 -1.359316007869e+00
46 28 1.660503635105e+01
5 29 7.568627175568e+02
25 29 -2.014445319771e+03
27 29 -2.011159112068e+03
29 29 1.475626073325e+02
31 29 2.014445319772e+03
33 29 2.011159112072e+03
35 29 -4.531855681972e+01
47 29 1.660503635114e+01
4 30 4.373274754387e+02
6 30 8.181876751608e+02
26 30 3.336589002826e+03
28 30 3.211173401437e+02
30 30 1.781178010840e+02
32 30 -3.336589002830e+03
34 30 -6.851129419143e+01
36 30 -6.561958372232e+00
46 30 -2.275935052312e+02
1 31 5.193791544340e+03
3 31 -8.765981645020e+03
5 31 -1.254147399029e+03
25 31 -9.483644981410e+03
27 31 -9.468174108684e+03
29 31 2.014445319772e+03
31 31 4.289853437070e+03
33 31 1.823415575370e+04
35 31 1.819447997016e+02
2 32 6.398902350014e+03
4 32 -4.390423142182e+02
6 32 -3.812595699901e+03
26 32 -1.893637345533e+04
28 32 -6.911776311196e+02
30 32 -3.336589002830e+03
32 32 1.253747110532e+04
34 32 4.238075344629e+02
36 32 3.465218147128e+02
1 33 -8.765981645020e+03
3 33 -5.736488919433e+04
5 33 -8.503674204892e+03
25 33 -9.468174108684e+03
27 33 -9.452728473922e+03
29 33 2.011159112072e+03
31 33 1.823415575370e+04
33 33 6.681761766825e+04
35 33 2.607553469688e+03
2 34 -3.498066618008e+01
4 34 5.607461014902e+00
6 34 4.571622414244e+01
26 34 -3.888268682828e+02
28 34 -1.419218069232e+01
30 34 -6.851129419143e+01
32 34 4.238075344315e+02
34 34 -5.577626300293e+01
36 34 -8.606318855840e+01
1 35 -3.952963857336e+02
3 35 -2.820557010719e+03
5 35 -6.600315470035e+02
25 35 2.133515860320e+02
27 35 2.130035410304e+02
29 35 -4.531855681972e+01
31 35 1.819447997329e+02
33 35 2.607553469684e+03
35 35 2.085046900701e+02
2 36 -3.092802802507e+02
4 36 -1.041892137416e+01
6 36 -6.109652552096e+01
26 36 -3.724153446215e+01
28 36 -1.359316007869e+00
30 36 -6.561958372232e+00
32 36 3.465218147174e+02
34 36 -8.606318855834e+01
36 36 1.139107299750e+02
41 37 1.036739146790e+03
40 38 -1.036739146790e+03
39 39 1.300000000000e+05
40 40 -3.252808373919e+02
47 43 1.161191353220e+03
46 44 -1.161191353220e+03
45 45 1.410000000000e+05
46 46 -3.877033109111e+02
