1 1 8.000000000000e+03
25 1 -2.000000000000e+03
29 1 -8.000000000000e+01
30 1 -8.000000000000e+01
73 1 -2.000000000000e+03
77 1 -1.000000000000e+02
78 1 -1.000000000000e+02
127 1 -2.000000000000e+03
131 1 -8.000000000000e+01
132 1 8.000000000000e+01
175 1 -2.000000000000e+03
179 1 -1.000000000000e+02
180 1 1.000000000000e+02
6 6 7.200000000000e+02
25 6 6.000000000000e+02
29 6 2.400000000000e+01
30 6 2.400000000000e+01
73 6 6.000000000000e+02
77 6 3.000000000000e+01
78 6 3.000000000000e+01
127 6 -6.000000000000e+02
131 6 -2.400000000000e+01
132 6 2.400000000000e+01
175 6 -6.000000000000e+02
179 6 -3.000000000000e+01
180 6 3.000000000000e+01
1 25 -2.000000000000e+03
6 25 6.000000000000e+02
25 25 2.000000000000e+03
29 25 8.000000000000e+01
30 25 8.000000000000e+01
1 29 -8.000000000000e+01
6 29 2.400000000000e+01
25 29 8.000000000000e+01
29 29 3.200000000000e+00
30 29 3.200000000000e+00
1 30 -8.000000000000e+01
6 30 2.400000000000e+01
25 30 8.000000000000e+01
29 30 3.200000000000e+00
30 30 3.200000000000e+00
1 73 -2.000000000000e+03
6 73 6.000000000000e+02
73 73 2.000000000000e+03
77 73 1.000000000000e+02
78 73 1.000000000000e+02
1 77 -1.000000000000e+02
6 77 3.000000000000e+01
73 77 1.000000000000e+02
77 77 5.000000000000e+00
78 77 5.000000000000e+00
1 78 -1.000000000000e+02
6 78 3.000000000000e+01
73 78 1.000000000000e+02
77 78 5.000000000000e+00
78 78 5.000000000000e+00
97 97 2.000000000000e+03
98 98 2.000000000000e+03
103 103 2.000000000000e+03
104 104 2.000000000000e+03
1 127 -2.000000000000e+03
6 127 -6.000000000000e+02
127 127 2.000000000000e+03
131 127 8.000000000000e+01
132 127 -8.000000000000e+01
1 131 -8.000000000000e+01
6 131 -2.400000000000e+01
127 131 8.000000000000e+01
131 131 3.200000000000e+00
132 131 -3.200000000000e+00
1 132 8.000000000000e+01
6 132 2.400000000000e+01
127 132 -8.000000000000e+01
131 132 -3.200000000000e+00
132 132 3.200000000000e+00
1 175 -2.000000000000e+03
6 175 -6.000000000000e+02
175 175 2.000000000000e+03
179 175 1.000000000000e+02
180 175 -1.000000000000e+02
1 179 -1.000000000000e+02
6 179 -3.000000000000e+01
175 179 1.000000000000e+02
179 179 5.000000000000e+00
180 179 -5.000000000000e+00
1 180 1.000000000000e+02
6 180 3.000000000000e+01
175 180 -1.000000000000e+02
179 180 -5.000000000000e+00
180 180 5.000000000000e+00
199 199 2.000000000000e+03
200 200 2.000000000000e+03
205 205 2.000000000000e+03
206 206 2.000000000000e+03
