11 1 -1.000000000000e+00
16 1 -1.000000000000e+00
23 1 -1.000000000000e+00
36 1 1.000000000000e+00
43 1 -1.000000000000e+00
56 1 -1.000000000000e+00
61 1 -1.000000000000e+00
68 1 -1.000000000000e+00
81 1 1.000000000000e+00
106 1 -1.000000000000e+00
111 1 -1.000000000000e+00
118 1 -1.000000000000e+00
131 1 1.000000000000e+00
138 1 -1.000000000000e+00
151 1 -1.000000000000e+00
156 1 -1.000000000000e+00
163 1 -1.000000000000e+00
176 1 1.000000000000e+00
12 2 -1.000000000000e+00
14 2 -1.000000000000e+00
17 2 -1.000000000000e+00
21 2 -1.000000000000e+00
24 2 -1.000000000000e+00
37 2 1.000000000000e+00
44 2 -1.000000000000e+00
57 2 -1.000000000000e+00
59 2 -1.000000000000e+00
62 2 -1.000000000000e+00
66 2 -1.000000000000e+00
69 2 -1.000000000000e+00
82 2 1.000000000000e+00
107 2 -1.000000000000e+00
109 2 -1.000000000000e+00
112 2 -1.000000000000e+00
116 2 -1.000000000000e+00
119 2 -1.000000000000e+00
132 2 1.000000000000e+00
139 2 -1.000000000000e+00
152 2 -1.000000000000e+00
154 2 -1.000000000000e+00
157 2 -1.000000000000e+00
161 2 -1.000000000000e+00
164 2 -1.000000000000e+00
177 2 1.000000000000e+00
13 3 -1.000000000000e+00
15 3 -1.000000000000e+00
18 3 -1.000000000000e+00
22 3 -1.000000000000e+00
25 3 -1.000000000000e+00
38 3 1.000000000000e+00
45 3 -1.000000000000e+00
58 3 -1.000000000000e+00
60 3 -1.000000000000e+00
63 3 -1.000000000000e+00
67 3 -1.000000000000e+00
70 3 -1.000000000000e+00
83 3 1.000000000000e+00
108 3 -1.000000000000e+00
110 3 -1.000000000000e+00
113 3 -1.000000000000e+00
117 3 -1.000000000000e+00
120 3 -1.000000000000e+00
133 3 1.000000000000e+00
140 3 -1.000000000000e+00
153 3 -1.000000000000e+00
155 3 -1.000000000000e+00
158 3 -1.000000000000e+00
162 3 -1.000000000000e+00
165 3 -1.000000000000e+00
178 3 1.000000000000e+00
12 4 -3.500000000000e-01
13 4 -1.000000000000e-01
14 4 -4.000000000000e-01
15 4 -1.000000000000e-01
17 4 -1.000000000000e-01
18 4 -4.000000000000e-01
19 4 7.071067811865e-01
20 4 7.071067811865e-01
21 4 -1.500000000000e-01
22 4 -3.000000000000e-01
24 4 -1.500000000000e-01
25 4 -3.000000000000e-01
37 4 2.400000000000e-01
38 4 3.000000000000e-01
44 4 -1.500000000000e-01
45 4 -3.000000000000e-01
46 4 1.000000000000e+00
57 4 -4.000000000000e-01
58 4 -1.000000000000e-01
59 4 -4.000000000000e-01
60 4 -1.000000000000e-01
62 4 -1.000000000000e-01
63 4 -4.000000000000e-01
64 4 7.071067811865e-01
65 4 7.071067811865e-01
66 4 -1.500000000000e-01
67 4 -3.000000000000e-01
69 4 -1.500000000000e-01
70 4 -3.000000000000e-01
82 4 4.000000000000e-01
83 4 1.000000000000e-01
107 4 -3.500000000000e-01
108 4 1.000000000000e-01
109 4 -4.000000000000e-01
110 4 1.000000000000e-01
112 4 -1.000000000000e-01
113 4 4.000000000000e-01
114 4 -7.071067811865e-01
115 4 7.071067811865e-01
116 4 -1.500000000000e-01
117 4 3.000000000000e-01
119 4 -1.500000000000e-01
120 4 3.000000000000e-01
132 4 2.400000000000e-01
133 4 -3.000000000000e-01
139 4 -1.500000000000e-01
140 4 3.000000000000e-01
141 4 -1.000000000000e+00
152 4 -4.000000000000e-01
153 4 1.000000000000e-01
154 4 -4.000000000000e-01
155 4 1.000000000000e-01
157 4 -1.000000000000e-01
158 4 4.000000000000e-01
159 4 -7.071067811865e-01
160 4 7.071067811865e-01
161 4 -1.500000000000e-01
162 4 3.000000000000e-01
164 4 -1.500000000000e-01
165 4 3.000000000000e-01
177 4 4.000000000000e-01
178 4 -1.000000000000e-01
11 5 3.500000000000e-01
13 5 1.000000000000e+00
15 5 1.400000000000e+00
16 5 1.000000000000e-01
18 5 1.100000000000e+00
19 5 -5.000000000000e-01
20 5 5.000000000000e-01
22 5 1.400000000000e+00
23 5 1.500000000000e-01
25 5 1.000000000000e+00
36 5 -2.400000000000e-01
38 5 -9.500000000000e-01
43 5 1.500000000000e-01
45 5 1.300000000000e+00
56 5 4.000000000000e-01
58 5 -1.100000000000e+00
60 5 -1.500000000000e+00
61 5 1.000000000000e-01
63 5 -1.200000000000e+00
64 5 -5.000000000000e-01
65 5 5.000000000000e-01
67 5 -1.500000000000e+00
68 5 1.500000000000e-01
70 5 -1.100000000000e+00
81 5 -4.000000000000e-01
83 5 1.050000000000e+00
106 5 3.500000000000e-01
108 5 1.000000000000e+00
110 5 1.400000000000e+00
111 5 1.000000000000e-01
113 5 1.100000000000e+00
114 5 -5.000000000000e-01
115 5 -5.000000000000e-01
117 5 1.400000000000e+00
118 5 1.500000000000e-01
120 5 1.000000000000e+00
131 5 -2.400000000000e-01
133 5 -9.500000000000e-01
138 5 1.500000000000e-01
140 5 1.300000000000e+00
151 5 4.000000000000e-01
153 5 -1.100000000000e+00
155 5 -1.500000000000e+00
156 5 1.000000000000e-01
158 5 -1.200000000000e+00
159 5 -5.000000000000e-01
160 5 -5.000000000000e-01
162 5 -1.500000000000e+00
163 5 1.500000000000e-01
165 5 -1.100000000000e+00
176 5 -4.000000000000e-01
178 5 1.050000000000e+00
205 5 2.000000000000e+01
207 5 2.000000000000e+01
210 5 2.000000000000e+01
214 5 2.000000000000e+01
217 5 2.000000000000e+01
230 5 -2.000000000000e+01
237 5 2.000000000000e+01
250 5 2.000000000000e+01
252 5 2.000000000000e+01
255 5 2.000000000000e+01
259 5 2.000000000000e+01
262 5 2.000000000000e+01
275 5 -2.000000000000e+01
300 5 2.000000000000e+01
302 5 2.000000000000e+01
305 5 2.000000000000e+01
309 5 2.000000000000e+01
312 5 2.000000000000e+01
325 5 -2.000000000000e+01
332 5 2.000000000000e+01
345 5 2.000000000000e+01
347 5 2.000000000000e+01
350 5 2.000000000000e+01
354 5 2.000000000000e+01
357 5 2.000000000000e+01
370 5 -2.000000000000e+01
11 6 1.000000000000e-01
12 6 -1.000000000000e+00
14 6 -1.400000000000e+00
16 6 4.000000000000e-01
17 6 -1.100000000000e+00
19 6 5.000000000000e-01
20 6 -5.000000000000e-01
21 6 -1.400000000000e+00
23 6 3.000000000000e-01
24 6 -1.000000000000e+00
36 6 -3.000000000000e-01
37 6 9.500000000000e-01
43 6 3.000000000000e-01
44 6 -1.300000000000e+00
47 6 -1.000000000000e+00
56 6 1.000000000000e-01
57 6 1.100000000000e+00
59 6 1.500000000000e+00
61 6 4.000000000000e-01
62 6 1.200000000000e+00
64 6 5.000000000000e-01
65 6 -5.000000000000e-01
66 6 1.500000000000e+00
68 6 3.000000000000e-01
69 6 1.100000000000e+00
81 6 -1.000000000000e-01
82 6 -1.050000000000e+00
106 6 -1.000000000000e-01
107 6 -1.000000000000e+00
109 6 -1.400000000000e+00
111 6 -4.000000000000e-01
112 6 -1.100000000000e+00
114 6 -5.000000000000e-01
115 6 -5.000000000000e-01
116 6 -1.400000000000e+00
118 6 -3.000000000000e-01
119 6 -1.000000000000e+00
131 6 3.000000000000e-01
132 6 9.500000000000e-01
138 6 -3.000000000000e-01
139 6 -1.300000000000e+00
142 6 -1.000000000000e+00
151 6 -1.000000000000e-01
152 6 1.100000000000e+00
154 6 1.500000000000e+00
156 6 -4.000000000000e-01
157 6 1.200000000000e+00
159 6 -5.000000000000e-01
160 6 -5.000000000000e-01
161 6 1.500000000000e+00
163 6 -3.000000000000e-01
164 6 1.100000000000e+00
176 6 1.000000000000e-01
177 6 -1.050000000000e+00
204 6 -2.000000000000e+01
206 6 -2.000000000000e+01
209 6 -2.000000000000e+01
213 6 -2.000000000000e+01
216 6 -2.000000000000e+01
229 6 2.000000000000e+01
236 6 -2.000000000000e+01
249 6 -2.000000000000e+01
251 6 -2.000000000000e+01
254 6 -2.000000000000e+01
258 6 -2.000000000000e+01
261 6 -2.000000000000e+01
274 6 2.000000000000e+01
299 6 -2.000000000000e+01
301 6 -2.000000000000e+01
304 6 -2.000000000000e+01
308 6 -2.000000000000e+01
311 6 -2.000000000000e+01
324 6 2.000000000000e+01
331 6 -2.000000000000e+01
344 6 -2.000000000000e+01
346 6 -2.000000000000e+01
349 6 -2.000000000000e+01
353 6 -2.000000000000e+01
356 6 -2.000000000000e+01
369 6 2.000000000000e+01
3 7 -1.000000000000e+00
8 7 1.000000000000e+00
26 7 -1.000000000000e+00
39 7 1.000000000000e+00
4 8 -1.000000000000e+00
9 8 1.000000000000e+00
27 8 -1.000000000000e+00
40 8 1.000000000000e+00
5 9 -1.000000000000e+00
10 9 1.000000000000e+00
28 9 -1.000000000000e+00
41 9 1.000000000000e+00
5 10 -1.000000000000e-01
6 10 1.000000000000e+00
9 10 1.500000000000e-01
27 10 1.500000000000e-01
28 10 5.000000000000e-02
42 10 3.377639812684e-01
8 11 -1.500000000000e-01
26 11 -1.500000000000e-01
41 11 7.000000000000e-02
42 11 9.382332813010e-01
3 12 1.000000000000e-01
7 12 -1.000000000000e+00
26 12 -5.000000000000e-02
40 12 -7.000000000000e-02
42 12 7.505866250408e-02
8 13 -1.000000000000e+00
11 13 1.000000000000e+00
29 13 1.000000000000e+00
9 14 -1.000000000000e+00
12 14 1.000000000000e+00
14 14 1.000000000000e+00
30 14 1.000000000000e+00
10 15 -1.000000000000e+00
13 15 1.000000000000e+00
15 15 1.000000000000e+00
31 15 1.000000000000e+00
10 16 -2.000000000000e-01
13 16 -5.000000000000e-01
14 16 5.000000000000e-02
15 16 -5.000000000000e-01
30 16 -5.000000000000e-02
31 16 1.000000000000e-01
13 17 2.000000000000e-01
15 17 -2.000000000000e-01
29 17 5.000000000000e-02
32 17 -8.320502943378e-01
8 18 2.000000000000e-01
11 18 5.000000000000e-01
12 18 -2.000000000000e-01
14 18 2.000000000000e-01
29 18 -1.000000000000e-01
32 18 5.547001962252e-01
23 19 1.000000000000e+00
26 19 1.000000000000e+00
21 20 1.000000000000e+00
24 20 1.000000000000e+00
27 20 1.000000000000e+00
22 21 1.000000000000e+00
25 21 1.000000000000e+00
28 21 1.000000000000e+00
21 22 5.000000000000e-02
22 22 -3.000000000000e-01
24 22 5.000000000000e-02
25 22 -3.000000000000e-01
27 22 -5.000000000000e-02
28 22 1.500000000000e-01
22 23 -2.000000000000e-01
23 23 -5.000000000000e-02
25 23 2.000000000000e-01
26 23 5.000000000000e-02
21 24 2.000000000000e-01
23 24 3.000000000000e-01
24 24 -2.000000000000e-01
26 24 -1.500000000000e-01
1 25 1.000000000000e+00
16 25 1.000000000000e+00
33 25 1.000000000000e+00
17 26 1.000000000000e+00
34 26 1.000000000000e+00
18 27 1.000000000000e+00
35 27 1.000000000000e+00
17 28 6.000000000000e-02
18 28 6.000000000000e-02
19 28 -7.071067811865e-01
20 28 -7.071067811865e-01
34 28 6.000000000000e-02
35 28 6.000000000000e-02
1 29 4.000000000000e-02
16 29 -6.000000000000e-02
18 29 4.000000000000e-02
19 29 5.000000000000e-01
20 29 -5.000000000000e-01
33 29 -6.000000000000e-02
35 29 -6.000000000000e-02
1 30 4.000000000000e-02
16 30 -6.000000000000e-02
17 30 -4.000000000000e-02
19 30 -5.000000000000e-01
20 30 5.000000000000e-01
33 30 -6.000000000000e-02
34 30 6.000000000000e-02
1 31 -1.000000000000e+00
43 31 1.000000000000e+00
44 32 1.000000000000e+00
45 33 1.000000000000e+00
44 34 5.000000000000e-02
46 34 -1.000000000000e+00
1 35 -1.000000000000e-01
43 35 -5.000000000000e-02
47 36 1.000000000000e+00
29 37 -1.000000000000e+00
33 37 -1.000000000000e+00
30 38 -1.000000000000e+00
34 38 -1.000000000000e+00
31 39 -1.000000000000e+00
35 39 -1.000000000000e+00
30 40 -1.000000000000e-01
31 40 -1.500000000000e-01
34 40 1.000000000000e-01
35 40 1.500000000000e-01
29 41 1.000000000000e-01
32 41 8.320502943378e-01
33 41 -1.000000000000e-01
29 42 1.500000000000e-01
32 42 -5.547001962252e-01
33 42 -1.500000000000e-01
36 43 -1.000000000000e+00
39 43 -1.000000000000e+00
37 44 -1.000000000000e+00
40 44 -1.000000000000e+00
38 45 -1.000000000000e+00
41 45 -1.000000000000e+00
37 46 -2.000000000000e-02
38 46 2.500000000000e-01
40 46 2.000000000000e-02
41 46 -2.500000000000e-01
42 46 -3.377639812684e-01
36 47 2.000000000000e-02
38 47 -9.000000000000e-02
39 47 -2.000000000000e-02
41 47 9.000000000000e-02
42 47 -9.382332813010e-01
36 48 -2.500000000000e-01
37 48 9.000000000000e-02
39 48 2.500000000000e-01
40 48 -9.000000000000e-02
42 48 -7.505866250408e-02
3 49 1.000000000000e+00
88 49 1.000000000000e+00
4 50 1.000000000000e+00
5 51 1.000000000000e+00
89 51 -1.000000000000e+00
6 52 -1.000000000000e+00
90 52 -1.000000000000e+00
88 53 -3.000000000000e-01
91 53 -1.000000000000e+00
7 54 1.000000000000e+00
92 54 -1.000000000000e+00
48 55 -1.000000000000e+00
53 55 1.000000000000e+00
71 55 -1.000000000000e+00
84 55 1.000000000000e+00
49 56 -1.000000000000e+00
54 56 1.000000000000e+00
72 56 -1.000000000000e+00
85 56 1.000000000000e+00
50 57 -1.000000000000e+00
55 57 1.000000000000e+00
73 57 -1.000000000000e+00
86 57 1.000000000000e+00
50 58 -1.000000000000e-01
51 58 1.000000000000e+00
54 58 1.500000000000e-01
72 58 1.500000000000e-01
73 58 5.000000000000e-02
85 58 1.500000000000e-01
87 58 -2.484472641343e-01
53 59 -1.500000000000e-01
71 59 -1.500000000000e-01
84 59 -1.500000000000e-01
86 59 -7.000000000000e-02
87 59 9.661838049667e-01
48 60 1.000000000000e-01
52 60 -1.000000000000e+00
71 60 -5.000000000000e-02
85 60 7.000000000000e-02
87 60 6.901312892620e-02
53 61 -1.000000000000e+00
56 61 1.000000000000e+00
74 61 1.000000000000e+00
54 62 -1.000000000000e+00
57 62 1.000000000000e+00
59 62 1.000000000000e+00
75 62 1.000000000000e+00
55 63 -1.000000000000e+00
58 63 1.000000000000e+00
60 63 1.000000000000e+00
76 63 1.000000000000e+00
55 64 -2.000000000000e-01
57 64 5.000000000000e-02
58 64 -5.000000000000e-01
59 64 5.000000000000e-02
60 64 -5.000000000000e-01
75 64 -5.000000000000e-02
76 64 1.000000000000e-01
56 65 -5.000000000000e-02
58 65 -2.000000000000e-01
60 65 2.000000000000e-01
74 65 5.000000000000e-02
77 65 -8.320502943378e-01
53 66 2.000000000000e-01
56 66 5.000000000000e-01
57 66 2.000000000000e-01
59 66 -2.000000000000e-01
74 66 -1.000000000000e-01
77 66 5.547001962252e-01
68 67 1.000000000000e+00
71 67 1.000000000000e+00
66 68 1.000000000000e+00
69 68 1.000000000000e+00
72 68 1.000000000000e+00
67 69 1.000000000000e+00
70 69 1.000000000000e+00
73 69 1.000000000000e+00
66 70 5.000000000000e-02
67 70 -3.000000000000e-01
69 70 5.000000000000e-02
70 70 -3.000000000000e-01
72 70 -5.000000000000e-02
73 70 1.500000000000e-01
67 71 2.000000000000e-01
68 71 -5.000000000000e-02
70 71 -2.000000000000e-01
71 71 5.000000000000e-02
66 72 -2.000000000000e-01
68 72 3.000000000000e-01
69 72 2.000000000000e-01
71 72 -1.500000000000e-01
61 73 1.000000000000e+00
78 73 1.000000000000e+00
62 74 1.000000000000e+00
79 74 1.000000000000e+00
63 75 1.000000000000e+00
80 75 1.000000000000e+00
62 76 5.000000000000e-02
63 76 5.000000000000e-02
64 76 -7.071067811865e-01
65 76 -7.071067811865e-01
79 76 5.000000000000e-02
80 76 5.000000000000e-02
61 77 -5.000000000000e-02
63 77 -5.000000000000e-02
64 77 5.000000000000e-01
65 77 -5.000000000000e-01
78 77 -5.000000000000e-02
80 77 5.000000000000e-02
61 78 -5.000000000000e-02
62 78 5.000000000000e-02
64 78 -5.000000000000e-01
65 78 5.000000000000e-01
78 78 -5.000000000000e-02
79 78 -5.000000000000e-02
74 79 -1.000000000000e+00
78 79 -1.000000000000e+00
75 80 -1.000000000000e+00
79 80 -1.000000000000e+00
76 81 -1.000000000000e+00
80 81 -1.000000000000e+00
75 82 -1.000000000000e-01
76 82 -1.500000000000e-01
79 82 1.000000000000e-01
80 82 1.500000000000e-01
74 83 1.000000000000e-01
77 83 8.320502943378e-01
78 83 -1.000000000000e-01
74 84 1.500000000000e-01
77 84 -5.547001962252e-01
78 84 -1.500000000000e-01
81 85 -1.000000000000e+00
84 85 -1.000000000000e+00
82 86 -1.000000000000e+00
85 86 -1.000000000000e+00
83 87 -1.000000000000e+00
86 87 -1.000000000000e+00
82 88 -2.500000000000e-02
83 88 3.500000000000e-01
85 88 2.500000000000e-02
86 88 -3.500000000000e-01
87 88 2.484472641343e-01
81 89 2.500000000000e-02
83 89 9.000000000000e-02
84 89 -2.500000000000e-02
86 89 -9.000000000000e-02
87 89 -9.661838049667e-01
81 90 -3.500000000000e-01
82 90 -9.000000000000e-02
84 90 3.500000000000e-01
85 90 9.000000000000e-02
87 90 -6.901312892620e-02
48 91 1.000000000000e+00
93 91 1.000000000000e+00
49 92 1.000000000000e+00
50 93 1.000000000000e+00
94 93 -1.000000000000e+00
51 94 -1.000000000000e+00
95 94 -1.000000000000e+00
93 95 -3.000000000000e-01
96 95 -1.000000000000e+00
52 96 1.000000000000e+00
97 96 -1.000000000000e+00
88 97 -1.000000000000e+00
89 99 1.000000000000e+00
90 100 1.000000000000e+00
91 101 1.000000000000e+00
92 102 1.000000000000e+00
93 103 -1.000000000000e+00
94 105 1.000000000000e+00
95 106 1.000000000000e+00
96 107 1.000000000000e+00
97 108 1.000000000000e+00
98 109 -1.000000000000e+00
103 109 1.000000000000e+00
121 109 -1.000000000000e+00
134 109 1.000000000000e+00
99 110 -1.000000000000e+00
104 110 1.000000000000e+00
122 110 -1.000000000000e+00
135 110 1.000000000000e+00
100 111 -1.000000000000e+00
105 111 1.000000000000e+00
123 111 -1.000000000000e+00
136 111 1.000000000000e+00
100 112 1.000000000000e-01
101 112 -1.000000000000e+00
104 112 1.500000000000e-01
122 112 1.500000000000e-01
123 112 -5.000000000000e-02
137 112 3.377639812684e-01
103 113 -1.500000000000e-01
121 113 -1.500000000000e-01
136 113 7.000000000000e-02
137 113 -9.382332813010e-01
98 114 -1.000000000000e-01
102 114 -1.000000000000e+00
121 114 5.000000000000e-02
135 114 -7.000000000000e-02
137 114 7.505866250408e-02
103 115 -1.000000000000e+00
106 115 1.000000000000e+00
124 115 1.000000000000e+00
104 116 -1.000000000000e+00
107 116 1.000000000000e+00
109 116 1.000000000000e+00
125 116 1.000000000000e+00
105 117 -1.000000000000e+00
108 117 1.000000000000e+00
110 117 1.000000000000e+00
126 117 1.000000000000e+00
105 118 2.000000000000e-01
108 118 5.000000000000e-01
109 118 5.000000000000e-02
110 118 5.000000000000e-01
125 118 -5.000000000000e-02
126 118 -1.000000000000e-01
108 119 2.000000000000e-01
110 119 -2.000000000000e-01
124 119 5.000000000000e-02
127 119 8.320502943378e-01
103 120 -2.000000000000e-01
106 120 -5.000000000000e-01
107 120 -2.000000000000e-01
109 120 2.000000000000e-01
124 120 1.000000000000e-01
127 120 5.547001962252e-01
118 121 1.000000000000e+00
121 121 1.000000000000e+00
116 122 1.000000000000e+00
119 122 1.000000000000e+00
122 122 1.000000000000e+00
117 123 1.000000000000e+00
120 123 1.000000000000e+00
123 123 1.000000000000e+00
116 124 5.000000000000e-02
117 124 3.000000000000e-01
119 124 5.000000000000e-02
120 124 3.000000000000e-01
122 124 -5.000000000000e-02
123 124 -1.500000000000e-01
117 125 -2.000000000000e-01
118 125 -5.000000000000e-02
120 125 2.000000000000e-01
121 125 5.000000000000e-02
116 126 2.000000000000e-01
118 126 -3.000000000000e-01
119 126 -2.000000000000e-01
121 126 1.500000000000e-01
2 127 1.000000000000e+00
111 127 1.000000000000e+00
128 127 1.000000000000e+00
112 128 1.000000000000e+00
129 128 1.000000000000e+00
113 129 1.000000000000e+00
130 129 1.000000000000e+00
112 130 6.000000000000e-02
113 130 -6.000000000000e-02
114 130 7.071067811865e-01
115 130 -7.071067811865e-01
129 130 6.000000000000e-02
130 130 -6.000000000000e-02
2 131 4.000000000000e-02
111 131 -6.000000000000e-02
113 131 4.000000000000e-02
114 131 5.000000000000e-01
115 131 5.000000000000e-01
128 131 -6.000000000000e-02
130 131 -6.000000000000e-02
2 132 -4.000000000000e-02
111 132 6.000000000000e-02
112 132 -4.000000000000e-02
114 132 5.000000000000e-01
115 132 5.000000000000e-01
128 132 6.000000000000e-02
129 132 6.000000000000e-02
2 133 -1.000000000000e+00
138 133 1.000000000000e+00
139 134 1.000000000000e+00
140 135 1.000000000000e+00
139 136 5.000000000000e-02
141 136 1.000000000000e+00
2 137 -1.000000000000e-01
138 137 -5.000000000000e-02
142 138 1.000000000000e+00
124 139 -1.000000000000e+00
128 139 -1.000000000000e+00
125 140 -1.000000000000e+00
129 140 -1.000000000000e+00
126 141 -1.000000000000e+00
130 141 -1.000000000000e+00
125 142 -1.000000000000e-01
126 142 1.500000000000e-01
129 142 1.000000000000e-01
130 142 -1.500000000000e-01
124 143 1.000000000000e-01
127 143 -8.320502943378e-01
128 143 -1.000000000000e-01
124 144 -1.500000000000e-01
127 144 -5.547001962252e-01
128 144 1.500000000000e-01
131 145 -1.000000000000e+00
134 145 -1.000000000000e+00
132 146 -1.000000000000e+00
135 146 -1.000000000000e+00
133 147 -1.000000000000e+00
136 147 -1.000000000000e+00
132 148 -2.000000000000e-02
133 148 -2.500000000000e-01
135 148 2.000000000000e-02
136 148 2.500000000000e-01
137 148 -3.377639812684e-01
131 149 2.000000000000e-02
133 149 -9.000000000000e-02
134 149 -2.000000000000e-02
136 149 9.000000000000e-02
137 149 9.382332813010e-01
131 150 2.500000000000e-01
132 150 9.000000000000e-02
134 150 -2.500000000000e-01
135 150 -9.000000000000e-02
137 150 -7.505866250408e-02
98 151 1.000000000000e+00
183 151 -1.000000000000e+00
99 152 1.000000000000e+00
100 153 1.000000000000e+00
184 153 -1.000000000000e+00
101 154 1.000000000000e+00
185 154 -1.000000000000e+00
183 155 3.000000000000e-01
186 155 -1.000000000000e+00
102 156 1.000000000000e+00
187 156 -1.000000000000e+00
143 157 -1.000000000000e+00
148 157 1.000000000000e+00
166 157 -1.000000000000e+00
179 157 1.000000000000e+00
144 158 -1.000000000000e+00
149 158 1.000000000000e+00
167 158 -1.000000000000e+00
180 158 1.000000000000e+00
145 159 -1.000000000000e+00
150 159 1.000000000000e+00
168 159 -1.000000000000e+00
181 159 1.000000000000e+00
145 160 1.000000000000e-01
146 160 -1.000000000000e+00
149 160 1.500000000000e-01
167 160 1.500000000000e-01
168 160 -5.000000000000e-02
180 160 1.500000000000e-01
182 160 -2.484472641343e-01
148 161 -1.500000000000e-01
166 161 -1.500000000000e-01
179 161 -1.500000000000e-01
181 161 -7.000000000000e-02
182 161 -9.661838049667e-01
143 162 -1.000000000000e-01
147 162 -1.000000000000e+00
166 162 5.000000000000e-02
180 162 7.000000000000e-02
182 162 6.901312892620e-02
148 163 -1.000000000000e+00
151 163 1.000000000000e+00
169 163 1.000000000000e+00
149 164 -1.000000000000e+00
152 164 1.000000000000e+00
154 164 1.000000000000e+00
170 164 1.000000000000e+00
150 165 -1.000000000000e+00
153 165 1.000000000000e+00
155 165 1.000000000000e+00
171 165 1.000000000000e+00
150 166 2.000000000000e-01
152 166 5.000000000000e-02
153 166 5.000000000000e-01
154 166 5.000000000000e-02
155 166 5.000000000000e-01
170 166 -5.000000000000e-02
171 166 -1.000000000000e-01
151 167 -5.000000000000e-02
153 167 -2.000000000000e-01
155 167 2.000000000000e-01
169 167 5.000000000000e-02
172 167 8.320502943378e-01
148 168 -2.000000000000e-01
151 168 -5.000000000000e-01
152 168 2.000000000000e-01
154 168 -2.000000000000e-01
169 168 1.000000000000e-01
172 168 5.547001962252e-01
163 169 1.000000000000e+00
166 169 1.000000000000e+00
161 170 1.000000000000e+00
164 170 1.000000000000e+00
167 170 1.000000000000e+00
162 171 1.000000000000e+00
165 171 1.000000000000e+00
168 171 1.000000000000e+00
161 172 5.000000000000e-02
162 172 3.000000000000e-01
164 172 5.000000000000e-02
165 172 3.000000000000e-01
167 172 -5.000000000000e-02
168 172 -1.500000000000e-01
162 173 2.000000000000e-01
163 173 -5.000000000000e-02
165 173 -2.000000000000e-01
166 173 5.000000000000e-02
161 174 -2.000000000000e-01
163 174 -3.000000000000e-01
164 174 2.000000000000e-01
166 174 1.500000000000e-01
156 175 1.000000000000e+00
173 175 1.000000000000e+00
157 176 1.000000000000e+00
174 176 1.000000000000e+00
158 177 1.000000000000e+00
175 177 1.000000000000e+00
157 178 5.000000000000e-02
158 178 -5.000000000000e-02
159 178 7.071067811865e-01
160 178 -7.071067811865e-01
174 178 5.000000000000e-02
175 178 -5.000000000000e-02
156 179 -5.000000000000e-02
158 179 -5.000000000000e-02
159 179 5.000000000000e-01
160 179 5.000000000000e-01
173 179 -5.000000000000e-02
175 179 5.000000000000e-02
156 180 5.000000000000e-02
157 180 5.000000000000e-02
159 180 5.000000000000e-01
160 180 5.000000000000e-01
173 180 5.000000000000e-02
174 180 -5.000000000000e-02
169 181 -1.000000000000e+00
173 181 -1.000000000000e+00
170 182 -1.000000000000e+00
174 182 -1.000000000000e+00
171 183 -1.000000000000e+00
175 183 -1.000000000000e+00
170 184 -1.000000000000e-01
171 184 1.500000000000e-01
174 184 1.000000000000e-01
175 184 -1.500000000000e-01
169 185 1.000000000000e-01
172 185 -8.320502943378e-01
173 185 -1.000000000000e-01
169 186 -1.500000000000e-01
172 186 -5.547001962252e-01
173 186 1.500000000000e-01
176 187 -1.000000000000e+00
179 187 -1.000000000000e+00
177 188 -1.000000000000e+00
180 188 -1.000000000000e+00
178 189 -1.000000000000e+00
181 189 -1.000000000000e+00
177 190 -2.500000000000e-02
178 190 -3.500000000000e-01
180 190 2.500000000000e-02
181 190 3.500000000000e-01
182 190 2.484472641343e-01
176 191 2.500000000000e-02
178 191 9.000000000000e-02
179 191 -2.500000000000e-02
181 191 -9.000000000000e-02
182 191 9.661838049667e-01
176 192 3.500000000000e-01
177 192 -9.000000000000e-02
179 192 -3.500000000000e-01
180 192 9.000000000000e-02
182 192 -6.901312892620e-02
143 193 1.000000000000e+00
188 193 -1.000000000000e+00
144 194 1.000000000000e+00
145 195 1.000000000000e+00
189 195 -1.000000000000e+00
146 196 1.000000000000e+00
190 196 -1.000000000000e+00
188 197 3.000000000000e-01
191 197 -1.000000000000e+00
147 198 1.000000000000e+00
192 198 -1.000000000000e+00
183 199 1.000000000000e+00
184 201 1.000000000000e+00
185 202 1.000000000000e+00
186 203 1.000000000000e+00
187 204 1.000000000000e+00
188 205 1.000000000000e+00
189 207 1.000000000000e+00
190 208 1.000000000000e+00
191 209 1.000000000000e+00
192 210 1.000000000000e+00
203 211 -1.000000000000e+00
208 211 -1.000000000000e+00
215 211 -1.000000000000e+00
228 211 1.000000000000e+00
235 211 -1.000000000000e+00
248 211 -1.000000000000e+00
253 211 -1.000000000000e+00
260 211 -1.000000000000e+00
273 211 1.000000000000e+00
298 211 -1.000000000000e+00
303 211 -1.000000000000e+00
310 211 -1.000000000000e+00
323 211 1.000000000000e+00
330 211 -1.000000000000e+00
343 211 -1.000000000000e+00
348 211 -1.000000000000e+00
355 211 -1.000000000000e+00
368 211 1.000000000000e+00
204 212 -1.000000000000e+00
206 212 -1.000000000000e+00
209 212 -1.000000000000e+00
213 212 -1.000000000000e+00
216 212 -1.000000000000e+00
229 212 1.000000000000e+00
236 212 -1.000000000000e+00
249 212 -1.000000000000e+00
251 212 -1.000000000000e+00
254 212 -1.000000000000e+00
258 212 -1.000000000000e+00
261 212 -1.000000000000e+00
274 212 1.000000000000e+00
299 212 -1.000000000000e+00
301 212 -1.000000000000e+00
304 212 -1.000000000000e+00
308 212 -1.000000000000e+00
311 212 -1.000000000000e+00
324 212 1.000000000000e+00
331 212 -1.000000000000e+00
344 212 -1.000000000000e+00
346 212 -1.000000000000e+00
349 212 -1.000000000000e+00
353 212 -1.000000000000e+00
356 212 -1.000000000000e+00
369 212 1.000000000000e+00
205 213 -1.000000000000e+00
207 213 -1.000000000000e+00
210 213 -1.000000000000e+00
214 213 -1.000000000000e+00
217 213 -1.000000000000e+00
230 213 1.000000000000e+00
237 213 -1.000000000000e+00
250 213 -1.000000000000e+00
252 213 -1.000000000000e+00
255 213 -1.000000000000e+00
259 213 -1.000000000000e+00
262 213 -1.000000000000e+00
275 213 1.000000000000e+00
300 213 -1.000000000000e+00
302 213 -1.000000000000e+00
305 213 -1.000000000000e+00
309 213 -1.000000000000e+00
312 213 -1.000000000000e+00
325 213 1.000000000000e+00
332 213 -1.000000000000e+00
345 213 -1.000000000000e+00
347 213 -1.000000000000e+00
350 213 -1.000000000000e+00
354 213 -1.000000000000e+00
357 213 -1.000000000000e+00
370 213 1.000000000000e+00
204 214 -3.500000000000e-01
205 214 -1.000000000000e-01
206 214 -4.000000000000e-01
207 214 -1.000000000000e-01
209 214 -1.000000000000e-01
210 214 -4.000000000000e-01
211 214 7.071067811865e-01
212 214 7.071067811865e-01
213 214 -1.500000000000e-01
214 214 -3.000000000000e-01
216 214 -1.500000000000e-01
217 214 -3.000000000000e-01
229 214 2.400000000000e-01
230 214 3.000000000000e-01
236 214 -1.500000000000e-01
237 214 -3.000000000000e-01
238 214 1.000000000000e+00
249 214 -4.000000000000e-01
250 214 -1.000000000000e-01
251 214 -4.000000000000e-01
252 214 -1.000000000000e-01
254 214 -1.000000000000e-01
255 214 -4.000000000000e-01
256 214 7.071067811865e-01
257 214 7.071067811865e-01
258 214 -1.500000000000e-01
259 214 -3.000000000000e-01
261 214 -1.500000000000e-01
262 214 -3.000000000000e-01
274 214 4.000000000000e-01
275 214 1.000000000000e-01
299 214 -3.500000000000e-01
300 214 1.000000000000e-01
301 214 -4.000000000000e-01
302 214 1.000000000000e-01
304 214 -1.000000000000e-01
305 214 4.000000000000e-01
306 214 -7.071067811865e-01
307 214 7.071067811865e-01
308 214 -1.500000000000e-01
309 214 3.000000000000e-01
311 214 -1.500000000000e-01
312 214 3.000000000000e-01
324 214 2.400000000000e-01
325 214 -3.000000000000e-01
331 214 -1.500000000000e-01
332 214 3.000000000000e-01
333 214 -1.000000000000e+00
344 214 -4.000000000000e-01
345 214 1.000000000000e-01
346 214 -4.000000000000e-01
347 214 1.000000000000e-01
349 214 -1.000000000000e-01
350 214 4.000000000000e-01
351 214 -7.071067811865e-01
352 214 7.071067811865e-01
353 214 -1.500000000000e-01
354 214 3.000000000000e-01
356 214 -1.500000000000e-01
357 214 3.000000000000e-01
369 214 4.000000000000e-01
370 214 -1.000000000000e-01
203 215 3.500000000000e-01
205 215 1.000000000000e+00
207 215 1.400000000000e+00
208 215 1.000000000000e-01
210 215 1.100000000000e+00
211 215 -5.000000000000e-01
212 215 5.000000000000e-01
214 215 1.400000000000e+00
215 215 1.500000000000e-01
217 215 1.000000000000e+00
228 215 -2.400000000000e-01
230 215 -9.500000000000e-01
235 215 1.500000000000e-01
237 215 1.300000000000e+00
248 215 4.000000000000e-01
250 215 -1.100000000000e+00
252 215 -1.500000000000e+00
253 215 1.000000000000e-01
255 215 -1.200000000000e+00
256 215 -5.000000000000e-01
257 215 5.000000000000e-01
259 215 -1.500000000000e+00
260 215 1.500000000000e-01
262 215 -1.100000000000e+00
273 215 -4.000000000000e-01
275 215 1.050000000000e+00
298 215 3.500000000000e-01
300 215 1.000000000000e+00
302 215 1.400000000000e+00
303 215 1.000000000000e-01
305 215 1.100000000000e+00
306 215 -5.000000000000e-01
307 215 -5.000000000000e-01
309 215 1.400000000000e+00
310 215 1.500000000000e-01
312 215 1.000000000000e+00
323 215 -2.400000000000e-01
325 215 -9.500000000000e-01
330 215 1.500000000000e-01
332 215 1.300000000000e+00
343 215 4.000000000000e-01
345 215 -1.100000000000e+00
347 215 -1.500000000000e+00
348 215 1.000000000000e-01
350 215 -1.200000000000e+00
351 215 -5.000000000000e-01
352 215 -5.000000000000e-01
354 215 -1.500000000000e+00
355 215 1.500000000000e-01
357 215 -1.100000000000e+00
368 215 -4.000000000000e-01
370 215 1.050000000000e+00
203 216 1.000000000000e-01
204 216 -1.000000000000e+00
206 216 -1.400000000000e+00
208 216 4.000000000000e-01
209 216 -1.100000000000e+00
211 216 5.000000000000e-01
212 216 -5.000000000000e-01
213 216 -1.400000000000e+00
215 216 3.000000000000e-01
216 216 -1.000000000000e+00
228 216 -3.000000000000e-01
229 216 9.500000000000e-01
235 216 3.000000000000e-01
236 216 -1.300000000000e+00
239 216 -1.000000000000e+00
248 216 1.000000000000e-01
249 216 1.100000000000e+00
251 216 1.500000000000e+00
253 216 4.000000000000e-01
254 216 1.200000000000e+00
256 216 5.000000000000e-01
257 216 -5.000000000000e-01
258 216 1.500000000000e+00
260 216 3.000000000000e-01
261 216 1.100000000000e+00
273 216 -1.000000000000e-01
274 216 -1.050000000000e+00
298 216 -1.000000000000e-01
299 216 -1.000000000000e+00
301 216 -1.400000000000e+00
303 216 -4.000000000000e-01
304 216 -1.100000000000e+00
306 216 -5.000000000000e-01
307 216 -5.000000000000e-01
308 216 -1.400000000000e+00
310 216 -3.000000000000e-01
311 216 -1.000000000000e+00
323 216 3.000000000000e-01
324 216 9.500000000000e-01
330 216 -3.000000000000e-01
331 216 -1.300000000000e+00
334 216 -1.000000000000e+00
343 216 -1.000000000000e-01
344 216 1.100000000000e+00
346 216 1.500000000000e+00
348 216 -4.000000000000e-01
349 216 1.200000000000e+00
351 216 -5.000000000000e-01
352 216 -5.000000000000e-01
353 216 1.500000000000e+00
355 216 -3.000000000000e-01
356 216 1.100000000000e+00
368 216 1.000000000000e-01
369 216 -1.050000000000e+00
195 217 -1.000000000000e+00
200 217 1.000000000000e+00
218 217 -1.000000000000e+00
231 217 1.000000000000e+00
196 218 -1.000000000000e+00
201 218 1.000000000000e+00
219 218 -1.000000000000e+00
232 218 1.000000000000e+00
197 219 -1.000000000000e+00
202 219 1.000000000000e+00
220 219 -1.000000000000e+00
233 219 1.000000000000e+00
197 220 -1.000000000000e-01
198 220 1.000000000000e+00
201 220 1.500000000000e-01
219 220 1.500000000000e-01
220 220 5.000000000000e-02
234 220 3.377639812684e-01
200 221 -1.500000000000e-01
218 221 -1.500000000000e-01
233 221 7.000000000000e-02
234 221 9.382332813010e-01
195 222 1.000000000000e-01
199 222 -1.000000000000e+00
218 222 -5.000000000000e-02
232 222 -7.000000000000e-02
234 222 7.505866250408e-02
200 223 -1.000000000000e+00
203 223 1.000000000000e+00
221 223 1.000000000000e+00
201 224 -1.000000000000e+00
204 224 1.000000000000e+00
206 224 1.000000000000e+00
222 224 1.000000000000e+00
202 225 -1.000000000000e+00
205 225 1.000000000000e+00
207 225 1.000000000000e+00
223 225 1.000000000000e+00
202 226 -2.000000000000e-01
205 226 -5.000000000000e-01
206 226 5.000000000000e-02
207 226 -5.000000000000e-01
222 226 -5.000000000000e-02
223 226 1.000000000000e-01
205 227 2.000000000000e-01
207 227 -2.000000000000e-01
221 227 5.000000000000e-02
224 227 -8.320502943378e-01
200 228 2.000000000000e-01
203 228 5.000000000000e-01
204 228 -2.000000000000e-01
206 228 2.000000000000e-01
221 228 -1.000000000000e-01
224 228 5.547001962252e-01
215 229 1.000000000000e+00
218 229 1.000000000000e+00
213 230 1.000000000000e+00
216 230 1.000000000000e+00
219 230 1.000000000000e+00
214 231 1.000000000000e+00
217 231 1.000000000000e+00
220 231 1.000000000000e+00
213 232 5.000000000000e-02
214 232 -3.000000000000e-01
216 232 5.000000000000e-02
217 232 -3.000000000000e-01
219 232 -5.000000000000e-02
220 232 1.500000000000e-01
214 233 -2.000000000000e-01
215 233 -5.000000000000e-02
217 233 2.000000000000e-01
218 233 5.000000000000e-02
213 234 2.000000000000e-01
215 234 3.000000000000e-01
216 234 -2.000000000000e-01
218 234 -1.500000000000e-01
193 235 1.000000000000e+00
208 235 1.000000000000e+00
225 235 1.000000000000e+00
209 236 1.000000000000e+00
226 236 1.000000000000e+00
210 237 1.000000000000e+00
227 237 1.000000000000e+00
209 238 6.000000000000e-02
210 238 6.000000000000e-02
211 238 -7.071067811865e-01
212 238 -7.071067811865e-01
226 238 6.000000000000e-02
227 238 6.000000000000e-02
193 239 4.000000000000e-02
208 239 -6.000000000000e-02
210 239 4.000000000000e-02
211 239 5.000000000000e-01
212 239 -5.000000000000e-01
225 239 -6.000000000000e-02
227 239 -6.000000000000e-02
193 240 4.000000000000e-02
208 240 -6.000000000000e-02
209 240 -4.000000000000e-02
211 240 -5.000000000000e-01
212 240 5.000000000000e-01
225 240 -6.000000000000e-02
226 240 6.000000000000e-02
193 241 -1.000000000000e+00
235 241 1.000000000000e+00
236 242 1.000000000000e+00
237 243 1.000000000000e+00
236 244 5.000000000000e-02
238 244 -1.000000000000e+00
193 245 -1.000000000000e-01
235 245 -5.000000000000e-02
239 246 1.000000000000e+00
221 247 -1.000000000000e+00
225 247 -1.000000000000e+00
222 248 -1.000000000000e+00
226 248 -1.000000000000e+00
223 249 -1.000000000000e+00
227 249 -1.000000000000e+00
222 250 -1.000000000000e-01
223 250 -1.500000000000e-01
226 250 1.000000000000e-01
227 250 1.500000000000e-01
221 251 1.000000000000e-01
224 251 8.320502943378e-01
225 251 -1.000000000000e-01
221 252 1.500000000000e-01
224 252 -5.547001962252e-01
225 252 -1.500000000000e-01
228 253 -1.000000000000e+00
231 253 -1.000000000000e+00
229 254 -1.000000000000e+00
232 254 -1.000000000000e+00
230 255 -1.000000000000e+00
233 255 -1.000000000000e+00
229 256 -2.000000000000e-02
230 256 2.500000000000e-01
232 256 2.000000000000e-02
233 256 -2.500000000000e-01
234 256 -3.377639812684e-01
228 257 2.000000000000e-02
230 257 -9.000000000000e-02
231 257 -2.000000000000e-02
233 257 9.000000000000e-02
234 257 -9.382332813010e-01
228 258 -2.500000000000e-01
229 258 9.000000000000e-02
231 258 2.500000000000e-01
232 258 -9.000000000000e-02
234 258 -7.505866250408e-02
195 259 1.000000000000e+00
280 259 1.000000000000e+00
196 260 1.000000000000e+00
197 261 1.000000000000e+00
281 261 -1.000000000000e+00
198 262 -1.000000000000e+00
282 262 -1.000000000000e+00
280 263 -3.000000000000e-01
283 263 -1.000000000000e+00
199 264 1.000000000000e+00
284 264 -1.000000000000e+00
240 265 -1.000000000000e+00
245 265 1.000000000000e+00
263 265 -1.000000000000e+00
276 265 1.000000000000e+00
241 266 -1.000000000000e+00
246 266 1.000000000000e+00
264 266 -1.000000000000e+00
277 266 1.000000000000e+00
242 267 -1.000000000000e+00
247 267 1.000000000000e+00
265 267 -1.000000000000e+00
278 267 1.000000000000e+00
242 268 -1.000000000000e-01
243 268 1.000000000000e+00
246 268 1.500000000000e-01
264 268 1.500000000000e-01
265 268 5.000000000000e-02
277 268 1.500000000000e-01
279 268 -2.484472641343e-01
245 269 -1.500000000000e-01
263 269 -1.500000000000e-01
276 269 -1.500000000000e-01
278 269 -7.000000000000e-02
279 269 9.661838049667e-01
240 270 1.000000000000e-01
244 270 -1.000000000000e+00
263 270 -5.000000000000e-02
277 270 7.000000000000e-02
279 270 6.901312892620e-02
245 271 -1.000000000000e+00
248 271 1.000000000000e+00
266 271 1.000000000000e+00
246 272 -1.000000000000e+00
249 272 1.000000000000e+00
251 272 1.000000000000e+00
267 272 1.000000000000e+00
247 273 -1.000000000000e+00
250 273 1.000000000000e+00
252 273 1.000000000000e+00
268 273 1.000000000000e+00
247 274 -2.000000000000e-01
249 274 5.000000000000e-02
250 274 -5.000000000000e-01
251 274 5.000000000000e-02
252 274 -5.000000000000e-01
267 274 -5.000000000000e-02
268 274 1.000000000000e-01
248 275 -5.000000000000e-02
250 275 -2.000000000000e-01
252 275 2.000000000000e-01
266 275 5.000000000000e-02
269 275 -8.320502943378e-01
245 276 2.000000000000e-01
248 276 5.000000000000e-01
249 276 2.000000000000e-01
251 276 -2.000000000000e-01
266 276 -1.000000000000e-01
269 276 5.547001962252e-01
260 277 1.000000000000e+00
263 277 1.000000000000e+00
258 278 1.000000000000e+00
261 278 1.000000000000e+00
264 278 1.000000000000e+00
259 279 1.000000000000e+00
262 279 1.000000000000e+00
265 279 1.000000000000e+00
258 280 5.000000000000e-02
259 280 -3.000000000000e-01
261 280 5.000000000000e-02
262 280 -3.000000000000e-01
264 280 -5.000000000000e-02
265 280 1.500000000000e-01
259 281 2.000000000000e-01
260 281 -5.000000000000e-02
262 281 -2.000000000000e-01
263 281 5.000000000000e-02
258 282 -2.000000000000e-01
260 282 3.000000000000e-01
261 282 2.000000000000e-01
263 282 -1.500000000000e-01
253 283 1.000000000000e+00
270 283 1.000000000000e+00
254 284 1.000000000000e+00
271 284 1.000000000000e+00
255 285 1.000000000000e+00
272 285 1.000000000000e+00
254 286 5.000000000000e-02
255 286 5.000000000000e-02
256 286 -7.071067811865e-01
257 286 -7.071067811865e-01
271 286 5.000000000000e-02
272 286 5.000000000000e-02
253 287 -5.000000000000e-02
255 287 -5.000000000000e-02
256 287 5.000000000000e-01
257 287 -5.000000000000e-01
270 287 -5.000000000000e-02
272 287 5.000000000000e-02
253 288 -5.000000000000e-02
254 288 5.000000000000e-02
256 288 -5.000000000000e-01
257 288 5.000000000000e-01
270 288 -5.000000000000e-02
271 288 -5.000000000000e-02
266 289 -1.000000000000e+00
270 289 -1.000000000000e+00
267 290 -1.000000000000e+00
271 290 -1.000000000000e+00
268 291 -1.000000000000e+00
272 291 -1.000000000000e+00
267 292 -1.000000000000e-01
268 292 -1.500000000000e-01
271 292 1.000000000000e-01
272 292 1.500000000000e-01
266 293 1.000000000000e-01
269 293 8.320502943378e-01
270 293 -1.000000000000e-01
266 294 1.500000000000e-01
269 294 -5.547001962252e-01
270 294 -1.500000000000e-01
273 295 -1.000000000000e+00
276 295 -1.000000000000e+00
274 296 -1.000000000000e+00
277 296 -1.000000000000e+00
275 297 -1.000000000000e+00
278 297 -1.000000000000e+00
274 298 -2.500000000000e-02
275 298 3.500000000000e-01
277 298 2.500000000000e-02
278 298 -3.500000000000e-01
279 298 2.484472641343e-01
273 299 2.500000000000e-02
275 299 9.000000000000e-02
276 299 -2.500000000000e-02
278 299 -9.000000000000e-02
279 299 -9.661838049667e-01
273 300 -3.500000000000e-01
274 300 -9.000000000000e-02
276 300 3.500000000000e-01
277 300 9.000000000000e-02
279 300 -6.901312892620e-02
240 301 1.000000000000e+00
285 301 1.000000000000e+00
241 302 1.000000000000e+00
242 303 1.000000000000e+00
286 303 -1.000000000000e+00
243 304 -1.000000000000e+00
287 304 -1.000000000000e+00
285 305 -3.000000000000e-01
288 305 -1.000000000000e+00
244 306 1.000000000000e+00
289 306 -1.000000000000e+00
280 307 -1.000000000000e+00
281 309 1.000000000000e+00
282 310 1.000000000000e+00
283 311 1.000000000000e+00
284 312 1.000000000000e+00
285 313 -1.000000000000e+00
286 315 1.000000000000e+00
287 316 1.000000000000e+00
288 317 1.000000000000e+00
289 318 1.000000000000e+00
290 319 -1.000000000000e+00
295 319 1.000000000000e+00
313 319 -1.000000000000e+00
326 319 1.000000000000e+00
291 320 -1.000000000000e+00
296 320 1.000000000000e+00
314 320 -1.000000000000e+00
327 320 1.000000000000e+00
292 321 -1.000000000000e+00
297 321 1.000000000000e+00
315 321 -1.000000000000e+00
328 321 1.000000000000e+00
292 322 1.000000000000e-01
293 322 -1.000000000000e+00
296 322 1.500000000000e-01
314 322 1.500000000000e-01
315 322 -5.000000000000e-02
329 322 3.377639812684e-01
295 323 -1.500000000000e-01
313 323 -1.500000000000e-01
328 323 7.000000000000e-02
329 323 -9.382332813010e-01
290 324 -1.000000000000e-01
294 324 -1.000000000000e+00
313 324 5.000000000000e-02
327 324 -7.000000000000e-02
329 324 7.505866250408e-02
295 325 -1.000000000000e+00
298 325 1.000000000000e+00
316 325 1.000000000000e+00
296 326 -1.000000000000e+00
299 326 1.000000000000e+00
301 326 1.000000000000e+00
317 326 1.000000000000e+00
297 327 -1.000000000000e+00
300 327 1.000000000000e+00
302 327 1.000000000000e+00
318 327 1.000000000000e+00
297 328 2.000000000000e-01
300 328 5.000000000000e-01
301 328 5.000000000000e-02
302 328 5.000000000000e-01
317 328 -5.000000000000e-02
318 328 -1.000000000000e-01
300 329 2.000000000000e-01
302 329 -2.000000000000e-01
316 329 5.000000000000e-02
319 329 8.320502943378e-01
295 330 -2.000000000000e-01
298 330 -5.000000000000e-01
299 330 -2.000000000000e-01
301 330 2.000000000000e-01
316 330 1.000000000000e-01
319 330 5.547001962252e-01
310 331 1.000000000000e+00
313 331 1.000000000000e+00
308 332 1.000000000000e+00
311 332 1.000000000000e+00
314 332 1.000000000000e+00
309 333 1.000000000000e+00
312 333 1.000000000000e+00
315 333 1.000000000000e+00
308 334 5.000000000000e-02
309 334 3.000000000000e-01
311 334 5.000000000000e-02
312 334 3.000000000000e-01
314 334 -5.000000000000e-02
315 334 -1.500000000000e-01
309 335 -2.000000000000e-01
310 335 -5.000000000000e-02
312 335 2.000000000000e-01
313 335 5.000000000000e-02
308 336 2.000000000000e-01
310 336 -3.000000000000e-01
311 336 -2.000000000000e-01
313 336 1.500000000000e-01
194 337 1.000000000000e+00
303 337 1.000000000000e+00
320 337 1.000000000000e+00
304 338 1.000000000000e+00
321 338 1.000000000000e+00
305 339 1.000000000000e+00
322 339 1.000000000000e+00
304 340 6.000000000000e-02
305 340 -6.000000000000e-02
306 340 7.071067811865e-01
307 340 -7.071067811865e-01
321 340 6.000000000000e-02
322 340 -6.000000000000e-02
194 341 4.000000000000e-02
303 341 -6.000000000000e-02
305 341 4.000000000000e-02
306 341 5.000000000000e-01
307 341 5.000000000000e-01
320 341 -6.000000000000e-02
322 341 -6.000000000000e-02
194 342 -4.000000000000e-02
303 342 6.000000000000e-02
304 342 -4.000000000000e-02
306 342 5.000000000000e-01
307 342 5.000000000000e-01
320 342 6.000000000000e-02
321 342 6.000000000000e-02
194 343 -1.000000000000e+00
330 343 1.000000000000e+00
331 344 1.000000000000e+00
332 345 1.000000000000e+00
331 346 5.000000000000e-02
333 346 1.000000000000e+00
194 347 -1.000000000000e-01
330 347 -5.000000000000e-02
334 348 1.000000000000e+00
316 349 -1.000000000000e+00
320 349 -1.000000000000e+00
317 350 -1.000000000000e+00
321 350 -1.000000000000e+00
318 351 -1.000000000000e+00
322 351 -1.000000000000e+00
317 352 -1.000000000000e-01
318 352 1.500000000000e-01
321 352 1.000000000000e-01
322 352 -1.500000000000e-01
316 353 1.000000000000e-01
319 353 -8.320502943378e-01
320 353 -1.000000000000e-01
316 354 -1.500000000000e-01
319 354 -5.547001962252e-01
320 354 1.500000000000e-01
323 355 -1.000000000000e+00
326 355 -1.000000000000e+00
324 356 -1.000000000000e+00
327 356 -1.000000000000e+00
325 357 -1.000000000000e+00
328 357 -1.000000000000e+00
324 358 -2.000000000000e-02
325 358 -2.500000000000e-01
327 358 2.000000000000e-02
328 358 2.500000000000e-01
329 358 -3.377639812684e-01
323 359 2.000000000000e-02
325 359 -9.000000000000e-02
326 359 -2.000000000000e-02
328 359 9.000000000000e-02
329 359 9.382332813010e-01
323 360 2.500000000000e-01
324 360 9.000000000000e-02
326 360 -2.500000000000e-01
327 360 -9.000000000000e-02
329 360 -7.505866250408e-02
290 361 1.000000000000e+00
375 361 -1.000000000000e+00
291 362 1.000000000000e+00
292 363 1.000000000000e+00
376 363 -1.000000000000e+00
293 364 1.000000000000e+00
377 364 -1.000000000000e+00
375 365 3.000000000000e-01
378 365 -1.000000000000e+00
294 366 1.000000000000e+00
379 366 -1.000000000000e+00
335 367 -1.000000000000e+00
340 367 1.000000000000e+00
358 367 -1.000000000000e+00
371 367 1.000000000000e+00
336 368 -1.000000000000e+00
341 368 1.000000000000e+00
359 368 -1.000000000000e+00
372 368 1.000000000000e+00
337 369 -1.000000000000e+00
342 369 1.000000000000e+00
360 369 -1.000000000000e+00
373 369 1.000000000000e+00
337 370 1.000000000000e-01
338 370 -1.000000000000e+00
341 370 1.500000000000e-01
359 370 1.500000000000e-01
360 370 -5.000000000000e-02
372 370 1.500000000000e-01
374 370 -2.484472641343e-01
340 371 -1.500000000000e-01
358 371 -1.500000000000e-01
371 371 -1.500000000000e-01
373 371 -7.000000000000e-02
374 371 -9.661838049667e-01
335 372 -1.000000000000e-01
339 372 -1.000000000000e+00
358 372 5.000000000000e-02
372 372 7.000000000000e-02
374 372 6.901312892620e-02
340 373 -1.000000000000e+00
343 373 1.000000000000e+00
361 373 1.000000000000e+00
341 374 -1.000000000000e+00
344 374 1.000000000000e+00
346 374 1.000000000000e+00
362 374 1.000000000000e+00
342 375 -1.000000000000e+00
345 375 1.000000000000e+00
347 375 1.000000000000e+00
363 375 1.000000000000e+00
342 376 2.000000000000e-01
344 376 5.000000000000e-02
345 376 5.000000000000e-01
346 376 5.000000000000e-02
347 376 5.000000000000e-01
362 376 -5.000000000000e-02
363 376 -1.000000000000e-01
343 377 -5.000000000000e-02
345 377 -2.000000000000e-01
347 377 2.000000000000e-01
361 377 5.000000000000e-02
364 377 8.320502943378e-01
340 378 -2.000000000000e-01
343 378 -5.000000000000e-01
344 378 2.000000000000e-01
346 378 -2.000000000000e-01
361 378 1.000000000000e-01
364 378 5.547001962252e-01
355 379 1.000000000000e+00
358 379 1.000000000000e+00
353 380 1.000000000000e+00
356 380 1.000000000000e+00
359 380 1.000000000000e+00
354 381 1.000000000000e+00
357 381 1.000000000000e+00
360 381 1.000000000000e+00
353 382 5.000000000000e-02
354 382 3.000000000000e-01
356 382 5.000000000000e-02
357 382 3.000000000000e-01
359 382 -5.000000000000e-02
360 382 -1.500000000000e-01
354 383 2.000000000000e-01
355 383 -5.000000000000e-02
357 383 -2.000000000000e-01
358 383 5.000000000000e-02
353 384 -2.000000000000e-01
355 384 -3.000000000000e-01
356 384 2.000000000000e-01
358 384 1.500000000000e-01
348 385 1.000000000000e+00
365 385 1.000000000000e+00
349 386 1.000000000000e+00
366 386 1.000000000000e+00
350 387 1.000000000000e+00
367 387 1.000000000000e+00
349 388 5.000000000000e-02
350 388 -5.000000000000e-02
351 388 7.071067811865e-01
352 388 -7.071067811865e-01
366 388 5.000000000000e-02
367 388 -5.000000000000e-02
348 389 -5.000000000000e-02
350 389 -5.000000000000e-02
351 389 5.000000000000e-01
352 389 5.000000000000e-01
365 389 -5.000000000000e-02
367 389 5.000000000000e-02
348 390 5.000000000000e-02
349 390 5.000000000000e-02
351 390 5.000000000000e-01
352 390 5.000000000000e-01
365 390 5.000000000000e-02
366 390 -5.000000000000e-02
361 391 -1.000000000000e+00
365 391 -1.000000000000e+00
362 392 -1.000000000000e+00
366 392 -1.000000000000e+00
363 393 -1.000000000000e+00
367 393 -1.000000000000e+00
362 394 -1.000000000000e-01
363 394 1.500000000000e-01
366 394 1.000000000000e-01
367 394 -1.500000000000e-01
361 395 1.000000000000e-01
364 395 -8.320502943378e-01
365 395 -1.000000000000e-01
361 396 -1.500000000000e-01
364 396 -5.547001962252e-01
365 396 1.500000000000e-01
368 397 -1.000000000000e+00
371 397 -1.000000000000e+00
369 398 -1.000000000000e+00
372 398 -1.000000000000e+00
370 399 -1.000000000000e+00
373 399 -1.000000000000e+00
369 400 -2.500000000000e-02
370 400 -3.500000000000e-01
372 400 2.500000000000e-02
373 400 3.500000000000e-01
374 400 2.484472641343e-01
368 401 2.500000000000e-02
370 401 9.000000000000e-02
371 401 -2.500000000000e-02
373 401 -9.000000000000e-02
374 401 9.661838049667e-01
368 402 3.500000000000e-01
369 402 -9.000000000000e-02
371 402 -3.500000000000e-01
372 402 9.000000000000e-02
374 402 -6.901312892620e-02
335 403 1.000000000000e+00
380 403 -1.000000000000e+00
336 404 1.000000000000e+00
337 405 1.000000000000e+00
381 405 -1.000000000000e+00
338 406 1.000000000000e+00
382 406 -1.000000000000e+00
380 407 3.000000000000e-01
383 407 -1.000000000000e+00
339 408 1.000000000000e+00
384 408 -1.000000000000e+00
375 409 1.000000000000e+00
376 411 1.000000000000e+00
377 412 1.000000000000e+00
378 413 1.000000000000e+00
379 414 1.000000000000e+00
380 415 1.000000000000e+00
381 417 1.000000000000e+00
382 418 1.000000000000e+00
383 419 1.000000000000e+00
384 420 1.000000000000e+00
