1 1 1.400000000000e+03
2 2 1.400000000000e+03
3 3 1.400000000000e+03
4 4 8.000000000000e+02
5 5 2.000000000000e+03
6 6 2.200000000000e+03
7 7 5.000000000000e+00
8 8 5.000000000000e+00
9 9 5.000000000000e+00
10 10 1.000000000000e-01
11 11 1.000000000000e-01
12 12 1.000000000000e-01
13 13 5.000000000000e+00
14 14 5.000000000000e+00
15 15 5.000000000000e+00
16 16 1.000000000000e+00
17 17 1.000000000000e+00
18 18 2.000000000000e+00
19 19 5.000000000000e+00
20 20 5.000000000000e+00
21 21 5.000000000000e+00
22 22 1.000000000000e+00
23 23 1.000000000000e+00
24 24 2.000000000000e+00
25 25 1.000000000000e+00
26 26 1.000000000000e+00
27 27 1.000000000000e+00
28 28 5.000000000000e-02
29 29 5.000000000000e-02
30 30 5.000000000000e-02
31 31 1.000000000000e+00
32 32 1.000000000000e+00
33 33 1.000000000000e+00
34 34 5.000000000000e-02
35 35 5.000000000000e-02
36 36 5.000000000000e-02
37 37 1.000000000000e+00
38 38 1.000000000000e+00
39 39 1.000000000000e+00
40 40 1.083333333333e-02
41 41 3.333333333333e-03
42 41 5.000000000000e-03
41 42 5.000000000000e-03
42 42 7.500000000000e-03
43 43 1.000000000000e+00
44 44 1.000000000000e+00
45 45 1.000000000000e+00
46 46 2.096666666667e-02
47 46 -7.500000000000e-03
46 47 -7.500000000000e-03
47 47 2.833333333333e-03
48 48 2.353333333333e-02
49 49 1.000000000000e+01
50 50 1.000000000000e+01
51 51 1.000000000000e+01
52 52 2.000000000000e+00
53 53 4.000000000000e+00
54 54 2.000000000000e+00
55 55 5.000000000000e+00
56 56 5.000000000000e+00
57 57 5.000000000000e+00
58 58 1.000000000000e-01
59 59 1.000000000000e-01
60 60 1.000000000000e-01
61 61 5.000000000000e+00
62 62 5.000000000000e+00
63 63 5.000000000000e+00
64 64 1.000000000000e+00
65 65 1.000000000000e+00
66 66 2.000000000000e+00
67 67 5.000000000000e+00
68 68 5.000000000000e+00
69 69 5.000000000000e+00
70 70 1.000000000000e+00
71 71 1.000000000000e+00
72 72 2.000000000000e+00
73 73 1.000000000000e+00
74 74 1.000000000000e+00
75 75 1.000000000000e+00
76 76 5.000000000000e-02
77 77 5.000000000000e-02
78 78 5.000000000000e-02
79 79 1.000000000000e+00
80 80 1.000000000000e+00
81 81 1.000000000000e+00
82 82 1.083333333333e-02
83 83 3.333333333333e-03
84 83 5.000000000000e-03
83 84 5.000000000000e-03
84 84 7.500000000000e-03
85 85 1.000000000000e+00
86 86 1.000000000000e+00
87 87 1.000000000000e+00
88 88 4.104166666667e-02
89 88 1.050000000000e-02
88 89 1.050000000000e-02
89 89 2.908333333333e-03
90 89 -2.916666666667e-03
89 90 -2.916666666667e-03
90 90 4.353333333333e-02
91 91 1.000000000000e+01
92 92 1.000000000000e+01
93 93 1.000000000000e+01
94 94 2.000000000000e+00
95 95 4.000000000000e+00
96 96 2.000000000000e+00
109 109 5.000000000000e+00
110 110 5.000000000000e+00
111 111 5.000000000000e+00
112 112 1.000000000000e-01
113 113 1.000000000000e-01
114 114 1.000000000000e-01
115 115 5.000000000000e+00
116 116 5.000000000000e+00
117 117 5.000000000000e+00
118 118 1.000000000000e+00
119 119 1.000000000000e+00
120 120 2.000000000000e+00
121 121 5.000000000000e+00
122 122 5.000000000000e+00
123 123 5.000000000000e+00
124 124 1.000000000000e+00
125 125 1.000000000000e+00
126 126 2.000000000000e+00
127 127 1.000000000000e+00
128 128 1.000000000000e+00
129 129 1.000000000000e+00
130 130 5.000000000000e-02
131 131 5.000000000000e-02
132 132 5.000000000000e-02
133 133 1.000000000000e+00
134 134 1.000000000000e+00
135 135 1.000000000000e+00
136 136 5.000000000000e-02
137 137 5.000000000000e-02
138 138 5.000000000000e-02
139 139 1.000000000000e+00
140 140 1.000000000000e+00
141 141 1.000000000000e+00
142 142 1.083333333333e-02
143 143 3.333333333333e-03
144 143 -5.000000000000e-03
143 144 -5.000000000000e-03
144 144 7.500000000000e-03
145 145 1.000000000000e+00
146 146 1.000000000000e+00
147 147 1.000000000000e+00
148 148 2.096666666667e-02
149 148 7.500000000000e-03
148 149 7.500000000000e-03
149 149 2.833333333333e-03
150 150 2.353333333333e-02
151 151 1.000000000000e+01
152 152 1.000000000000e+01
153 153 1.000000000000e+01
154 154 2.000000000000e+00
155 155 4.000000000000e+00
156 156 2.000000000000e+00
157 157 5.000000000000e+00
158 158 5.000000000000e+00
159 159 5.000000000000e+00
160 160 1.000000000000e-01
161 161 1.000000000000e-01
162 162 1.000000000000e-01
163 163 5.000000000000e+00
164 164 5.000000000000e+00
165 165 5.000000000000e+00
166 166 1.000000000000e+00
167 167 1.000000000000e+00
168 168 2.000000000000e+00
169 169 5.000000000000e+00
170 170 5.000000000000e+00
171 171 5.000000000000e+00
172 172 1.000000000000e+00
173 173 1.000000000000e+00
174 174 2.000000000000e+00
175 175 1.000000000000e+00
176 176 1.000000000000e+00
177 177 1.000000000000e+00
178 178 5.000000000000e-02
179 179 5.000000000000e-02
180 180 5.000000000000e-02
181 181 1.000000000000e+00
182 182 1.000000000000e+00
183 183 1.000000000000e+00
184 184 1.083333333333e-02
185 185 3.333333333333e-03
186 185 -5.000000000000e-03
185 186 -5.000000000000e-03
186 186 7.500000000000e-03
187 187 1.000000000000e+00
188 188 1.000000000000e+00
189 189 1.000000000000e+00
190 190 4.104166666667e-02
191 190 -1.050000000000e-02
190 191 -1.050000000000e-02
191 191 2.908333333333e-03
192 191 2.916666666667e-03
191 192 2.916666666667e-03
192 192 4.353333333333e-02
193 193 1.000000000000e+01
194 194 1.000000000000e+01
195 195 1.000000000000e+01
196 196 2.000000000000e+00
197 197 4.000000000000e+00
198 198 2.000000000000e+00
