1 1 8.000000000000e+04
5 1 -1.375384995722e+04
25 1 -2.000000000000e+04
29 1 -8.000000000000e+02
30 1 -8.000000000000e+02
47 1 4.962272746747e+00
48 1 -7.159093347159e-01
73 1 -2.000000000000e+04
77 1 -1.000000000000e+03
78 1 -1.000000000000e+03
89 1 4.962705863059e+00
90 1 -8.078820965281e-01
127 1 -2.000000000000e+04
131 1 -8.000000000000e+02
132 1 8.000000000000e+02
149 1 4.962272708020e+00
150 1 7.159088380233e-01
175 1 -2.000000000000e+04
179 1 -1.000000000000e+03
180 1 1.000000000000e+03
191 1 4.962705901368e+00
192 1 8.078826169472e-01
2 2 -4.415082388980e+04
4 2 1.375384995722e+04
6 2 -1.454930970878e+03
26 2 1.183386561742e+04
28 2 -4.733546246969e+02
30 2 -4.733546246969e+02
46 2 -4.962272746747e+00
48 2 2.577273489564e-01
74 2 1.024154923084e+04
76 2 -5.120774615421e+02
78 2 5.120774615421e+02
88 2 -4.962705863059e+00
90 2 -2.077411126130e-01
128 2 1.183388206373e+04
130 2 -4.733552825490e+02
132 2 -4.733552825490e+02
148 2 -4.962272708020e+00
150 2 2.577271891944e-01
176 2 1.024152697781e+04
178 2 -5.120763488903e+02
180 2 5.120763488903e+02
190 2 -4.962705901368e+00
192 2 -2.077412406451e-01
3 3 -4.415082388980e+04
5 3 1.454930970878e+03
27 3 1.183386561742e+04
28 3 -4.733546246969e+02
29 3 4.733546246969e+02
46 3 7.159093347159e-01
47 3 -2.577273489564e-01
75 3 1.024154923084e+04
76 3 -5.120774615421e+02
77 3 -5.120774615421e+02
88 3 8.078820965281e-01
89 3 2.077411126130e-01
129 3 1.183388206373e+04
130 3 4.733552825490e+02
131 3 4.733552825490e+02
148 3 -7.159088380233e-01
149 3 -2.577271891944e-01
177 3 1.024152697781e+04
178 3 5.120763488903e+02
179 3 -5.120763488903e+02
190 3 -8.078826169472e-01
191 3 2.077412406451e-01
2 4 -1.546904839119e+02
4 4 -4.486713723053e+03
6 4 -3.419314557508e+02
14 4 -4.807452204457e+01
15 4 3.447280336876e+03
16 4 -1.726043894540e+03
17 4 -6.894560673752e+02
18 4 -9.614904408915e+00
20 4 1.426692767481e+02
21 4 -6.052242453466e+02
22 4 1.887007374414e+02
23 4 1.210448490693e+02
24 4 2.853385534962e+01
27 4 3.550159685227e+03
28 4 -1.420063874091e+02
29 4 1.420063874091e+02
46 4 -9.761726588045e-01
62 4 -1.497397423530e+02
63 4 3.019666331627e+03
64 4 -1.517320152931e+03
65 4 6.039332663254e+02
66 4 2.994794847059e+01
68 4 1.324901153879e+02
69 4 -5.594180192701e+02
70 4 1.744499115504e+02
71 4 -1.118836038540e+02
72 4 -2.649802307757e+01
75 4 3.072464769253e+03
76 4 -1.536232384626e+02
77 4 -1.536232384626e+02
88 4 -1.904294135571e+00
116 4 -4.807463144929e+01
117 4 -3.447287189591e+03
118 4 -1.726047326368e+03
119 4 6.894574379181e+02
120 4 -9.614926289858e+00
122 4 1.426695366415e+02
123 4 6.052254148919e+02
124 4 1.887011012997e+02
125 4 -1.210450829784e+02
126 4 2.853390732830e+01
129 4 -3.550164619118e+03
130 4 -1.420065847647e+02
131 4 -1.420065847647e+02
148 4 -9.761727985178e-01
164 4 -1.497394045402e+02
165 4 -3.019659821648e+03
166 4 -1.517316881051e+03
167 4 -6.039319643296e+02
168 4 2.994788090804e+01
170 4 1.324898555204e+02
171 4 5.594168498276e+02
172 4 1.744495477243e+02
173 4 1.118833699655e+02
174 4 -2.649797110407e+01
177 4 -3.072458093342e+03
178 4 -1.536229046671e+02
179 4 1.536229046671e+02
190 4 -1.904294098853e+00
1 5 1.546904839119e+02
3 5 1.809624100780e+02
5 5 -3.780571015494e+04
13 5 4.807452204457e+01
17 5 -2.403726102229e+00
18 5 2.403726102229e+01
19 5 -1.426692767481e+02
23 5 7.133463837405e+00
24 5 -4.280078302443e+01
27 5 -8.283705932196e+03
28 5 3.313482372878e+02
29 5 -3.313482372878e+02
46 5 -6.801138679801e-01
47 5 -9.461044777107e-01
48 5 1.718182403318e-01
61 5 1.497397423530e+02
65 5 -7.486987117648e+00
66 5 7.486987117648e+01
67 5 -1.324901153879e+02
71 5 6.624505769393e+00
72 5 -3.974703461636e+01
75 5 8.193239384673e+03
76 5 -4.096619692337e+02
77 5 -4.096619692337e+02
88 5 8.482762013545e-01
89 5 -1.766954176980e+00
90 5 3.231528386112e-01
115 5 4.807463144929e+01
119 5 -2.403731572465e+00
120 5 -2.403731572465e+01
121 5 -1.426695366415e+02
125 5 7.133476832076e+00
126 5 4.280086099246e+01
129 5 -8.283717444608e+03
130 5 -3.313486977843e+02
131 5 -3.313486977843e+02
148 5 6.801133961221e-01
149 5 -9.461046201901e-01
150 5 -1.718181211256e-01
163 5 1.497394045402e+02
167 5 -7.486970227010e+00
168 5 -7.486970227010e+01
169 5 -1.324898555204e+02
173 5 6.624492776018e+00
174 5 3.974695665611e+01
177 5 8.193221582245e+03
178 5 4.096610791122e+02
179 5 -4.096610791122e+02
190 5 -8.482767477945e-01
191 5 -1.766954057870e+00
192 5 -3.231530467789e-01
2 6 -1.809624100780e+02
4 6 -9.933641790748e-01
6 6 -3.128511904416e+04
13 6 -3.447280336876e+03
17 6 1.723640168438e+02
18 6 -1.723640168438e+03
19 6 6.052242453466e+02
23 6 -3.026121226733e+01
24 6 1.815672736040e+02
25 6 6.000000000000e+03
26 6 8.283705932196e+03
28 6 -3.313482372878e+02
29 6 2.400000000000e+02
30 6 -9.134823728784e+01
46 6 -4.714159109410e+00
47 6 -1.488681824024e+00
48 6 4.596137819233e-01
61 6 -3.019666331627e+03
65 6 1.509833165813e+02
66 6 -1.509833165813e+03
67 6 5.594180192701e+02
71 6 -2.797090096351e+01
72 6 1.678254057810e+02
73 6 6.000000000000e+03
74 6 -8.193239384673e+03
76 6 4.096619692337e+02
77 6 3.000000000000e+02
78 6 -1.096619692337e+02
88 6 5.210841156212e+00
89 6 -4.962705863059e-01
90 6 2.989163778965e-01
115 6 3.447287189591e+03
119 6 -1.723643594795e+02
120 6 -1.723643594795e+03
121 6 -6.052254148919e+02
125 6 3.026127074460e+01
126 6 1.815676244676e+02
127 6 -6.000000000000e+03
128 6 8.283717444608e+03
130 6 -3.313486977843e+02
131 6 -2.400000000000e+02
132 6 -9.134869778431e+01
148 6 -4.714159072619e+00
149 6 1.488681812406e+00
150 6 4.596134811417e-01
163 6 3.019659821648e+03
167 6 -1.509829910824e+02
168 6 -1.509829910824e+03
169 6 -5.594168498276e+02
173 6 2.797084249138e+01
174 6 1.678250549483e+02
175 6 -6.000000000000e+03
176 6 -8.193221582245e+03
178 6 4.096610791122e+02
179 6 -3.000000000000e+02
180 6 -1.096610791122e+02
190 6 5.210841196437e+00
191 6 4.962705901368e-01
192 6 2.989165643721e-01
11 7 -3.994369211411e+03
12 7 1.212703604247e+03
17 7 3.940471484161e+03
18 7 -1.213419513575e+03
47 7 4.847727253248e+00
48 7 7.159093299567e-01
10 8 3.994369211411e+03
12 8 -1.002272683835e+00
16 8 -3.940471484161e+03
18 8 1.260000025409e+00
46 8 -4.847727253248e+00
48 8 -2.577273474231e-01
10 9 -1.212703604247e+03
11 9 1.002272683835e+00
16 9 1.213419513575e+03
17 9 -1.260000025409e+00
46 9 -7.159093299567e-01
47 9 2.577273474231e-01
10 10 5.910707226242e+02
12 10 -1.890000037949e-01
16 10 -5.910707226242e+02
18 10 1.890000038114e-01
11 11 5.910526817099e+02
12 11 -1.820129270359e+02
17 11 -5.910707226242e+02
18 11 1.820129270362e+02
10 12 -3.393409077438e-01
46 12 3.393409076199e-01
5 13 9.614904405885e+01
6 13 -6.898970673730e+03
17 13 -3.940471484161e+03
18 13 1.213419513575e+03
41 13 3.795272440106e+03
42 13 5.685551160155e+03
4 14 -9.614904405885e+01
6 14 1.260000000478e+00
16 14 3.940471484161e+03
18 14 -1.260000025409e+00
40 14 -3.795272440106e+03
4 15 6.898970673730e+03
5 15 -1.260000000478e+00
16 15 -1.213419513575e+03
17 15 1.260000025409e+00
40 15 -5.685551160155e+03
4 16 -3.451889062967e+03
5 16 6.300000002388e-01
16 16 3.830680556977e+03
17 16 -6.299999916283e-01
40 16 -3.787914940102e+02
4 17 8.819999954729e-01
5 17 -2.655726102324e+00
6 17 1.723640168438e+02
16 17 -8.820000025183e-01
17 17 -1.871078959030e+02
18 17 -4.566415748512e+02
41 17 1.897636220053e+02
42 17 2.842775580078e+02
5 18 4.807452202942e+01
6 18 -3.449737336865e+03
17 18 3.314527219807e+02
18 18 4.018292452880e+03
41 18 -3.795272440106e+02
42 18 -5.685551160155e+02
5 19 -2.858396898434e+02
6 19 1.212703604296e+03
11 19 2.367896898436e+02
12 19 -1.212703604290e+03
4 20 2.858396898434e+02
6 20 -1.002272699895e+00
10 20 -2.367896898436e+02
12 20 1.002272692166e+00
4 21 -1.212703604296e+03
5 21 1.002272699895e+00
10 21 1.212703604290e+03
11 21 -1.002272692166e+00
4 22 3.781030657810e+02
5 22 -3.006818099685e-01
10 22 1.937450251357e+02
11 22 -1.503409038249e-01
22 22 -5.718480909168e+02
23 22 4.510227206045e-01
4 23 -4.510227206045e-01
5 23 1.449243903215e+01
6 23 -6.063518021481e+01
11 23 1.183948449218e+01
12 23 -6.063518021451e+01
22 23 4.510227137934e-01
23 23 -2.633192352433e+01
24 23 1.212703604296e+02
5 24 -8.575190695301e+01
6 24 3.640115358288e+02
11 24 -3.551845347655e+01
12 24 1.819055406435e+02
23 24 1.212703604293e+02
24 24 -5.459170764724e+02
1 25 -2.000000000000e+04
5 25 3.775652440104e+03
6 25 1.168555116017e+04
25 25 2.000000000000e+04
29 25 8.000000000000e+02
30 25 8.000000000000e+02
41 25 -3.785462440104e+03
42 25 -5.685551160160e+03
2 26 1.183386561742e+04
4 26 -3.775652440104e+03
6 26 1.301725073231e+04
26 26 -1.183387465994e+04
28 26 4.733549863978e+02
30 26 4.733546246969e+02
40 26 3.785462440104e+03
3 27 1.183386561742e+04
4 27 -2.135391474939e+03
5 27 -1.301725073231e+04
27 27 -1.183387465994e+04
28 27 4.733549863978e+02
29 27 -4.733546246969e+02
40 27 5.685551160160e+03
2 28 -4.733546246969e+02
3 28 -4.733546246969e+02
4 28 -7.096786034252e+02
5 28 4.733554928100e+01
6 28 -4.733554928100e+01
26 28 4.733549863975e+02
27 28 4.733549864027e+02
28 28 -3.845699891154e+01
29 28 5.874893010041e+02
30 28 -3.970880289983e+02
40 28 5.682608160159e+02
1 29 -8.000000000000e+02
3 29 4.733546246969e+02
4 29 -8.541565899754e+01
5 29 -7.472291756986e+02
6 29 -1.011330696099e+02
25 29 8.000000000003e+02
27 29 -4.733546247627e+02
28 29 5.874893010000e+02
29 29 1.218285713871e+01
30 29 3.170570000001e+01
40 29 -3.411330696096e+02
41 29 2.271277464054e+02
42 29 3.411330696096e+02
1 30 -8.000000000000e+02
2 30 -4.733546246969e+02
4 30 1.510260976042e+02
5 30 -2.265391464062e+02
6 30 -6.218230989023e+02
25 30 7.999999999950e+02
26 30 4.733546247627e+02
28 30 -3.970880290010e+02
29 30 3.170570000027e+01
30 30 1.336005713909e+01
40 30 2.271277464063e+02
41 30 2.271277464063e+02
42 30 3.411330696088e+02
5 31 -9.810000000019e+00
4 32 9.810000000019e+00
4 34 4.905000000009e-01
34 34 -4.905904252121e-01
5 35 4.905000000009e-01
35 35 9.950950090429e+01
137 35 -1.000000009043e+02
41 37 -9.810000001314e+00
40 38 9.810000001314e+00
47 43 -9.809999999995e+00
46 44 9.809999999995e+00
11 49 3.757579521567e+03
10 50 -3.757579521567e+03
50 50 1.350000000000e+05
52 50 4.050000000000e+04
98 50 -1.350000000000e+05
51 51 1.500000000000e+05
50 52 4.050000000000e+04
52 52 1.099329614353e+04
98 52 -4.050000000000e+04
59 55 -3.688886226861e+03
60 55 1.121380867971e+03
65 55 3.634988932727e+03
66 55 -1.122188750030e+03
89 55 4.847294137607e+00
90 55 8.078820793007e-01
58 56 3.688886226861e+03
60 56 1.131035294984e+00
64 56 -3.634988932727e+03
66 56 -1.338776428430e+00
88 56 -4.847294137607e+00
90 56 2.077411190934e-01
58 57 -1.121380867971e+03
59 57 -1.131035294984e+00
64 57 1.122188750030e+03
65 57 1.338776428430e+00
88 57 -8.078820793007e-01
89 57 -2.077411190934e-01
58 58 5.459754340297e+02
60 58 1.696552966361e-01
64 58 -5.452483399091e+02
66 58 -2.008164642646e-01
88 58 -7.270941206411e-01
59 59 5.459608921514e+02
60 59 -1.682071301926e+02
65 59 -5.452483399091e+02
66 59 1.683283125046e+02
89 59 -7.125522423046e-01
58 60 3.393105893970e-01
88 60 -3.393105897821e-01
5 61 2.998141788486e+02
6 61 -6.044018380821e+03
65 61 -3.634988932727e+03
66 61 1.122188750030e+03
83 61 3.286124753878e+03
84 61 4.921829630808e+03
4 62 -2.998141788486e+02
6 62 -1.338776438806e+00
64 62 3.634988932727e+03
66 62 1.338776428430e+00
82 62 -3.286124753878e+03
4 63 6.044018380821e+03
5 63 1.338776438806e+00
64 63 -1.122188750030e+03
65 63 -1.338776428430e+00
82 63 -4.921829630808e+03
4 64 -3.036999899353e+03
5 64 -6.693882194030e-01
64 64 3.364876624740e+03
65 64 6.693882264442e-01
82 64 -3.278767253869e+02
4 65 -9.371435135922e-01
5 65 -1.525846423019e+01
6 65 3.022009190411e+02
64 65 9.371435069740e-01
65 65 -1.490477734637e+02
66 65 -5.482924005819e+02
83 65 1.643062376939e+02
84 65 2.460914815404e+02
5 66 1.499070894243e+02
6 66 -3.022276945699e+03
65 66 1.787053859639e+02
66 66 3.514459908779e+03
83 66 -3.286124753878e+02
84 66 -4.921829630808e+02
5 67 -2.655457484194e+02
6 67 1.121380867904e+03
59 67 2.164957484205e+02
60 67 -1.121380867880e+03
4 68 2.655457484194e+02
6 68 1.131035286320e+00
58 68 -2.164957484205e+02
60 68 -1.131035287640e+00
4 69 -1.121380867904e+03
5 69 -1.131035286320e+00
58 69 1.121380867880e+03
59 69 1.131035287640e+00
4 70 3.496915477920e+02
5 70 3.393105858961e-01
58 70 1.790319176030e+02
59 70 1.696552931460e-01
70 70 -5.287234653950e+02
71 70 -5.089658726459e-01
4 71 5.089658726459e-01
5 71 1.350349447823e+01
6 71 -5.606904339518e+01
59 71 1.082478742103e+01
60 71 -5.606904339400e+01
70 71 -5.089658790422e-01
71 71 -2.432828189926e+01
72 71 1.121380867889e+02
5 72 -7.966372452581e+01
6 72 3.366404674283e+02
59 72 -3.247436226308e+01
60 72 1.682071301820e+02
71 72 1.121380867892e+02
72 72 -5.048475976103e+02
1 73 -2.000000000000e+04
5 73 3.266504753879e+03
6 73 1.092182963085e+04
73 73 2.000000000000e+04
77 73 1.000000000000e+03
78 73 1.000000000000e+03
83 73 -3.276314753878e+03
84 73 -4.921829630827e+03
2 74 1.024154923084e+04
4 74 -3.266504753879e+03
6 74 -1.228985907706e+04
74 74 -1.024154923084e+04
76 74 5.120774615421e+02
78 74 -5.120774615421e+02
82 74 3.276314753878e+03
3 75 1.024154923084e+04
4 75 -1.849364861594e+03
5 75 1.228985907706e+04
75 75 -1.024154923084e+04
76 75 5.120774615421e+02
77 75 5.120774615421e+02
82 75 4.921829630827e+03
2 76 -5.120774615421e+02
3 76 -5.120774615421e+02
4 76 -5.630399576989e+02
5 76 -2.048309846144e+02
6 76 2.048309846144e+02
74 76 5.120774615430e+02
75 76 5.120774615608e+02
76 76 -5.169824615323e+01
77 76 -5.177868361608e+02
78 76 3.527448484650e+02
82 76 4.099072192353e+02
1 77 -1.000000000000e+03
3 77 -5.120774615421e+02
4 77 9.246824307968e+01
5 77 -7.778181915469e+02
6 77 5.390851845769e+01
73 77 9.999999999991e+02
75 77 5.120774614905e+02
76 77 -5.177868361641e+02
77 77 2.366037692439e+01
78 77 4.975475000093e+01
82 77 2.460914815414e+02
83 77 1.638157376940e+02
84 77 2.460914815414e+02
1 78 -1.000000000000e+03
2 78 5.120774615421e+02
4 78 -1.633252376940e+02
5 78 -1.633252376940e+02
6 78 -5.605844353953e+02
73 78 9.999999999813e+02
74 78 -5.120774614905e+02
76 78 3.527448484626e+02
77 78 4.975475000005e+01
78 78 2.464137692703e+01
82 78 -1.638157376939e+02
83 78 1.638157376939e+02
84 78 2.460914815415e+02
83 79 -9.809999999931e+00
82 80 9.809999999931e+00
89 85 -9.810000000667e+00
88 86 9.810000000667e+00
59 91 3.472390478441e+03
58 92 -3.472390478441e+03
92 92 1.350000000000e+05
94 92 4.050000000000e+04
104 92 -1.350000000000e+05
93 93 1.500000000000e+05
92 94 4.050000000012e+04
94 94 1.107885285650e+04
104 94 -4.050000000000e+04
50 98 -1.350000000000e+05
52 98 -4.050000000000e+04
98 98 1.350000000000e+05
92 104 -1.350000000000e+05
94 104 -4.050000000000e+04
104 104 1.350000000000e+05
113 109 -3.994377008087e+03
114 109 -1.212705943498e+03
119 109 3.940479280795e+03
120 109 1.213421852343e+03
149 109 4.847727291359e+00
150 109 -7.159088426954e-01
112 110 3.994377008087e+03
114 110 -1.002272773091e+00
118 110 -3.940479280795e+03
120 110 1.259999977300e+00
148 110 -4.847727291359e+00
150 110 -2.577271957055e-01
112 111 1.212705943498e+03
113 111 1.002272773091e+00
118 111 -1.213421852343e+03
119 111 -1.259999977300e+00
148 111 7.159088426954e-01
149 111 2.577271957055e-01
112 112 5.910718921193e+02
114 112 -1.889999963809e-01
118 112 -5.910718921193e+02
120 112 1.889999965950e-01
113 113 5.910538512156e+02
114 113 1.820132778514e+02
119 113 -5.910718921193e+02
120 113 -1.820132778514e+02
112 114 -3.393409106092e-01
148 114 3.393409105500e-01
5 115 9.614926290240e+01
6 115 6.898984379196e+03
119 115 -3.940479280795e+03
120 115 -1.213421852343e+03
143 115 3.795280017894e+03
144 115 -5.685562526846e+03
4 116 -9.614926290240e+01
6 116 1.259999998348e+00
118 116 3.940479280795e+03
120 116 -1.259999977300e+00
142 116 -3.795280017894e+03
4 117 -6.898984379196e+03
5 117 -1.259999998348e+00
118 117 1.213421852343e+03
119 117 1.259999977300e+00
142 117 5.685562526846e+03
4 118 -3.451895921171e+03
5 118 -6.299999991741e-01
118 118 3.830688172961e+03
119 118 6.300000072961e-01
142 118 -3.787922517899e+02
4 119 -8.820000030223e-01
5 119 -2.655731572134e+00
6 119 -1.723643594795e+02
118 119 8.819999963970e-01
119 119 -1.871082693226e+02
120 119 4.566424858208e+02
143 119 1.897640008947e+02
144 119 -2.842781263423e+02
5 120 -4.807463145120e+01
6 120 -3.449744189598e+03
119 120 -3.314533703372e+02
120 120 4.018300442282e+03
143 120 3.795280017894e+02
144 120 -5.685562526846e+02
5 121 -2.858402096611e+02
6 121 -1.212705943467e+03
113 121 2.367902096607e+02
114 121 1.212705943475e+03
4 122 2.858402096611e+02
6 122 -1.002272756431e+00
112 122 -2.367902096607e+02
114 122 1.002272761127e+00
4 123 1.212705943467e+03
5 123 1.002272756431e+00
112 123 -1.212705943475e+03
113 123 -1.002272761127e+00
4 124 3.781037935231e+02
5 124 3.006818269293e-01
112 124 1.937454020042e+02
113 124 1.503409141691e-01
124 124 -5.718491955273e+02
125 124 -4.510227365949e-01
4 125 4.510227365949e-01
5 125 1.449246503434e+01
6 125 6.063529717334e+01
113 125 1.183951048304e+01
114 125 6.063529717373e+01
124 125 -4.510227410984e-01
125 125 -2.633197551738e+01
126 125 -1.212705943475e+02
5 126 8.575206289834e+01
6 126 3.640122375913e+02
113 126 3.551853144911e+01
114 126 1.819058915212e+02
125 126 -1.212705943471e+02
126 126 -5.459181291125e+02
1 127 -2.000000000000e+04
5 127 3.775660017896e+03
6 127 -1.168556252684e+04
127 127 2.000000000000e+04
131 127 8.000000000000e+02
132 127 -8.000000000000e+02
143 127 -3.785470017896e+03
144 127 5.685562526841e+03
2 128 1.183388206373e+04
4 128 -3.775660017896e+03
6 128 1.301727171700e+04
128 128 -1.183387302030e+04
130 128 4.733549208120e+02
132 128 4.733552825490e+02
142 128 3.785470017896e+03
3 129 1.183388206373e+04
4 129 2.135397907720e+03
5 129 -1.301727171700e+04
129 129 -1.183387302030e+04
130 129 -4.733549208120e+02
131 129 -4.733552825490e+02
142 129 -5.685562526841e+03
2 130 -4.733552825490e+02
3 130 4.733552825490e+02
4 130 -7.096799374487e+02
5 130 -4.733544144090e+01
6 130 -4.733544144090e+01
128 130 4.733549208114e+02
129 130 -4.733549208085e+02
130 130 -3.845699366520e+01
131 130 -5.874904639859e+02
132 130 -3.970888130916e+02
142 130 5.682619526843e+02
1 131 -8.000000000000e+02
3 131 4.733552825490e+02
4 131 8.541591630880e+01
5 131 -7.472304697537e+02
6 131 1.011337516103e+02
127 131 8.000000000006e+02
129 131 -4.733552825869e+02
130 131 -5.874904639938e+02
131 131 1.218294657365e+01
132 131 -3.170569999970e+01
142 131 3.411337516105e+02
143 131 2.271282010744e+02
144 131 -3.411337516105e+02
1 132 8.000000000000e+02
2 132 -4.733552825490e+02
4 132 1.510264007158e+02
5 132 2.265396010737e+02
6 132 -6.218246202902e+02
127 132 -8.000000000035e+02
128 132 4.733552825869e+02
130 132 -3.970888130932e+02
131 132 -3.170570000005e+01
132 132 1.336014657295e+01
142 132 2.271282010738e+02
143 132 -2.271282010738e+02
144 132 3.411337516111e+02
5 133 -9.809999999344e+00
4 134 9.809999999344e+00
4 136 4.904999999672e-01
136 136 -4.904095657028e-01
5 137 4.904999999672e-01
35 137 -1.000000009043e+02
137 137 9.950950090433e+01
143 139 -9.809999998099e+00
142 140 9.809999998099e+00
149 145 -9.809999999379e+00
148 146 9.809999999379e+00
113 151 3.757586798427e+03
112 152 -3.757586798427e+03
152 152 1.350000000000e+05
154 152 4.050000000000e+04
200 152 -1.350000000000e+05
153 153 1.500000000000e+05
152 154 4.049999999996e+04
154 154 1.099329396046e+04
200 154 -4.050000000000e+04
161 157 -3.688878430247e+03
162 157 -1.121378528875e+03
167 157 3.634981136152e+03
168 157 1.122186411532e+03
191 157 4.847294099493e+00
192 157 -8.078826371463e-01
160 158 3.688878430247e+03
162 158 1.131035289797e+00
166 158 -3.634981136152e+03
168 158 -1.338776516732e+00
190 158 -4.847294099493e+00
192 158 2.077412372112e-01
160 159 1.121378528875e+03
161 159 -1.131035289797e+00
166 159 -1.122186411532e+03
167 159 1.338776516732e+00
190 159 8.078826371463e-01
191 159 -2.077412372112e-01
160 160 5.459742645377e+02
162 160 1.696552918141e-01
166 160 -5.452471704228e+02
168 160 -2.008164775099e-01
190 160 -7.270941149239e-01
161 161 5.459597226511e+02
162 161 1.682067793342e+02
167 161 -5.452471704228e+02
168 161 -1.683279617298e+02
191 161 -7.125522283191e-01
160 162 3.393105870786e-01
190 162 -3.393105870463e-01
5 163 2.998135031814e+02
6 163 6.044005361009e+03
167 163 -3.634981136152e+03
168 163 -1.122186411532e+03
185 163 3.286117632967e+03
186 163 -4.921818949458e+03
4 164 -2.998135031814e+02
6 164 -1.338776497677e+00
166 164 3.634981136152e+03
168 164 1.338776516732e+00
184 164 -3.286117632967e+03
4 165 -6.044005361009e+03
5 165 1.338776497677e+00
166 165 1.122186411532e+03
167 165 -1.338776516732e+00
184 165 4.921818949458e+03
4 166 -3.036993355664e+03
5 166 6.693882488385e-01
166 166 3.364869368961e+03
167 166 -6.693882397244e-01
184 166 -3.278760132975e+02
4 167 9.371435426364e-01
5 167 -1.525843045860e+01
6 167 -3.022002680504e+02
166 167 -9.371435498799e-01
167 167 -1.490474511897e+02
168 167 5.482912155244e+02
185 167 1.643058816483e+02
186 167 -2.460909474729e+02
5 168 -1.499067515907e+02
6 168 -3.022270435804e+03
167 168 -1.787050117070e+02
168 168 3.514452330750e+03
185 168 3.286117632967e+02
186 168 -4.921818949458e+02
5 169 -2.655452286935e+02
6 169 -1.121378529118e+03
161 169 2.164952286941e+02
162 169 1.121378529136e+03
4 170 2.655452286935e+02
6 170 1.131035308332e+00
160 170 -2.164952286941e+02
162 170 -1.131035301548e+00
4 171 1.121378529118e+03
5 171 -1.131035308332e+00
160 171 -1.121378529136e+03
161 171 1.131035301548e+00
4 172 3.496908201700e+02
5 172 -3.393105924997e-01
160 172 1.790315408051e+02
161 172 -1.696552952322e-01
172 172 -5.287223609751e+02
173 172 5.089658924856e-01
4 173 -5.089658924856e-01
5 173 1.350346849634e+01
6 173 5.606892645588e+01
161 173 1.082476143470e+01
162 173 5.606892645681e+01
172 173 5.089658877319e-01
173 173 -2.432822993104e+01
174 173 -1.121378529121e+02
5 174 7.966356860804e+01
6 174 3.366397657969e+02
161 174 3.247428430411e+01
162 174 1.682067793704e+02
173 174 -1.121378529127e+02
174 174 -5.048465451674e+02
1 175 -2.000000000000e+04
5 175 3.266497632967e+03
6 175 -1.092181894942e+04
175 175 2.000000000000e+04
179 175 1.000000000000e+03
180 175 -1.000000000000e+03
185 175 -3.276307632966e+03
186 175 4.921818949441e+03
2 176 1.024152697781e+04
4 176 -3.266497632967e+03
6 176 -1.228983237342e+04
176 176 -1.024152697781e+04
178 176 5.120763488903e+02
180 176 -5.120763488903e+02
184 176 3.276307632966e+03
3 177 1.024152697781e+04
4 177 1.849360856079e+03
5 177 1.228983237342e+04
177 177 -1.024152697781e+04
178 177 -5.120763488903e+02
179 177 5.120763488903e+02
184 177 -4.921818949441e+03
2 178 -5.120763488903e+02
3 178 5.120763488903e+02
4 178 -5.630387337865e+02
5 178 2.048305395533e+02
6 178 2.048305395533e+02
176 178 5.120763488908e+02
177 178 -5.120763488710e+02
178 178 -5.169813488997e+01
179 178 5.177857123876e+02
180 178 3.527440807412e+02
184 178 4.099063291203e+02
1 179 -1.000000000000e+03
3 179 -5.120763488903e+02
4 179 -9.246804280397e+01
5 179 -7.778165003195e+02
6 179 -5.390905252894e+01
175 179 9.999999999995e+02
177 179 5.120763488476e+02
178 179 5.177857123781e+02
179 179 2.366043255969e+01
180 179 -4.975474999932e+01
184 179 -2.460909474720e+02
185 179 1.638153816476e+02
186 179 -2.460909474720e+02
1 180 1.000000000000e+03
2 180 5.120763488903e+02
4 180 -1.633248816483e+02
5 180 1.633248816483e+02
6 180 -5.605825661422e+02
175 180 -1.000000000019e+03
176 180 -5.120763488476e+02
178 180 3.527440807397e+02
179 180 -4.975474999974e+01
180 180 2.464143255729e+01
184 180 -1.638153816483e+02
185 180 -1.638153816483e+02
186 180 2.460909474714e+02
185 181 -9.810000000513e+00
184 182 9.810000000513e+00
191 187 -9.810000000861e+00
190 188 9.810000000861e+00
161 193 3.472383201553e+03
160 194 -3.472383201553e+03
194 194 1.350000000000e+05
196 194 4.050000000000e+04
206 194 -1.350000000000e+05
195 195 1.500000000000e+05
194 196 4.050000000005e+04
196 196 1.107885503955e+04
206 196 -4.050000000000e+04
152 200 -1.350000000000e+05
154 200 -4.050000000000e+04
200 200 1.350000000000e+05
194 206 -1.350000000000e+05
196 206 -4.050000000000e+04
206 206 1.350000000000e+05
