%%% Natural Frequency
num speed nfreq zeta tau lambda 
{1} 1.000000000000e+00  NaN  NaN 9.122395106211e-05  Inf
{2} 1.000000000000e+00  NaN  NaN 1.167067131003e-04  Inf
{3} 1.000000000000e+00  NaN  NaN 6.512199985424e-04  Inf
{4} 1.000000000000e+00  NaN  NaN 9.701580958423e-04  Inf
{5} 1.000000000000e+00  NaN  NaN 5.221535616297e-03  Inf
{6} 1.000000000000e+00 8.965478738879e+00 8.759096714302e-01 2.026690001693e-02 2.311807064535e-01
{7} 1.000000000000e+00 8.965478738879e+00 8.759096714302e-01 2.026690001693e-02 2.311807064535e-01
{8} 1.000000000000e+00 7.098580064695e+00 3.613568748494e-01 6.204579090280e-02 1.510822346181e-01
{9} 1.000000000000e+00 7.098580064695e+00 3.613568748494e-01 6.204579090280e-02 1.510822346181e-01
{10} 1.000000000000e+00 3.660126035351e+00 5.197557025605e-01 8.366134228669e-02 3.198055235309e-01
{11} 1.000000000000e+00 3.660126035351e+00 5.197557025605e-01 8.366134228669e-02 3.198055235309e-01
{12} 1.000000000000e+00  NaN  NaN 5.162135222341e-02  Inf
{13} 1.000000000000e+00  NaN  NaN 1.425392664358e-01  Inf
{14} 1.000000000000e+00 6.241233301704e-01 -9.673801687304e-01 -2.636043267503e-01 6.324767757692e+00
{15} 1.000000000000e+00 6.241233301704e-01 -9.673801687304e-01 -2.636043267503e-01 6.324767757692e+00
{16} 1.000000000000e+00  NaN  NaN 2.913419859723e-01  Inf
{17} 1.000000000000e+00 1.103694271423e-07 1.165169023749e-04 1.237606019215e+10 9.060480177170e+06
{18} 1.000000000000e+00 1.103694271423e-07 1.165169023749e-04 1.237606019215e+10 9.060480177170e+06
{19} 1.000000000000e+00 1.277133579608e-06 1.346765084424e-06 9.253200212746e+10 7.830034508276e+05
{20} 1.000000000000e+00 1.277133579608e-06 1.346765084424e-06 9.253200212746e+10 7.830034508276e+05
{21} 1.000000000000e+00  NaN  NaN -8.007253216833e+11  Inf
{22} 1.000000000000e+00  NaN  NaN -5.210249994024e+09  Inf

{1} 2.000000000000e+00  NaN  NaN 1.822862520827e-04  Inf
{2} 2.000000000000e+00  NaN  NaN 2.333956282832e-04  Inf
{3} 2.000000000000e+00  NaN  NaN 1.308333911960e-03  Inf
{4} 2.000000000000e+00  NaN  NaN 1.943524950777e-03  Inf
{5} 2.000000000000e+00  NaN  NaN 5.848637683112e-03  Inf
{6} 2.000000000000e+00 9.918627833333e+00 9.200839413621e-01 1.743978336351e-02 2.573779093799e-01
{7} 2.000000000000e+00 9.918627833333e+00 9.200839413621e-01 1.743978336351e-02 2.573779093799e-01
{8} 2.000000000000e+00 6.779424896724e+00 3.975263399528e-01 5.905563825201e-02 1.607526395819e-01
{9} 2.000000000000e+00 6.779424896724e+00 3.975263399528e-01 5.905563825201e-02 1.607526395819e-01
{10} 2.000000000000e+00 4.147773733528e+00 4.009899050067e-01 9.569111946197e-02 2.631784769273e-01
{11} 2.000000000000e+00 4.147773733528e+00 4.009899050067e-01 9.569111946197e-02 2.631784769273e-01
{12} 2.000000000000e+00  NaN  NaN 3.970947283979e-02  Inf
{13} 2.000000000000e+00  NaN  NaN 1.182012122273e-01  Inf
{14} 2.000000000000e+00 5.585439611498e-01 -8.851333167440e-01 -3.219245393330e-01 3.847463994432e+00
{15} 2.000000000000e+00 5.585439611498e-01 -8.851333167440e-01 -3.219245393330e-01 3.847463994432e+00
{16} 2.000000000000e+00  NaN  NaN 2.863170486279e-01  Inf
{17} 2.000000000000e+00 1.272434151773e-06 1.438609805641e-06 8.694443679309e+10 7.858952847248e+05
{18} 2.000000000000e+00 1.272434151773e-06 1.438609805641e-06 8.694443679309e+10 7.858952847248e+05
{19} 2.000000000000e+00 4.553015996987e-07 -4.518264313517e-06 -7.736585373613e+10 2.196346335422e+06
{20} 2.000000000000e+00 4.553015996987e-07 -4.518264313517e-06 -7.736585373613e+10 2.196346335422e+06
{21} 2.000000000000e+00  NaN  NaN -2.730576977734e+11  Inf
{22} 2.000000000000e+00  NaN  NaN 4.777071800828e+11  Inf

{1} 3.000000000000e+00  NaN  NaN 2.731827431780e-04  Inf
{2} 3.000000000000e+00  NaN  NaN 3.500662708727e-04  Inf
{3} 3.000000000000e+00  NaN  NaN 1.977564695653e-03  Inf
{4} 3.000000000000e+00  NaN  NaN 2.923375722336e-03  Inf
{5} 3.000000000000e+00  NaN  NaN 7.396652212784e-03  Inf
{6} 3.000000000000e+00  NaN  NaN 1.223485330413e-02  Inf
{7} 3.000000000000e+00  NaN  NaN 1.536347944824e-02  Inf
{8} 3.000000000000e+00 6.445863133287e+00 4.340844698151e-01 5.688068311200e-02 1.722089614924e-01
{9} 3.000000000000e+00 6.445863133287e+00 4.340844698151e-01 5.688068311200e-02 1.722089614924e-01
{10} 3.000000000000e+00 4.619443713875e+00 3.331423008455e-01 1.034190802309e-01 2.295913284579e-01
{11} 3.000000000000e+00 4.619443713875e+00 3.331423008455e-01 1.034190802309e-01 2.295913284579e-01
{12} 3.000000000000e+00  NaN  NaN 3.449218243038e-02  Inf
{13} 3.000000000000e+00  NaN  NaN 1.005382103715e-01  Inf
{14} 3.000000000000e+00 5.038980113496e-01 -7.628977511431e-01 -4.140103063408e-01 3.069558800413e+00
{15} 3.000000000000e+00 5.038980113496e-01 -7.628977511431e-01 -4.140103063408e-01 3.069558800413e+00
{16} 3.000000000000e+00  NaN  NaN 2.823578070311e-01  Inf
{17} 3.000000000000e+00 1.877211607445e-07 -3.275969482657e-05 -2.588016573916e+10 5.327049953084e+06
{18} 3.000000000000e+00 1.877211607445e-07 -3.275969482657e-05 -2.588016573916e+10 5.327049953084e+06
{19} 3.000000000000e+00 1.275850866518e-06 -1.264081320991e-06 -9.868365011312e+10 7.837906656991e+05
{20} 3.000000000000e+00 1.275850866518e-06 -1.264081320991e-06 -9.868365011312e+10 7.837906656991e+05
{21} 3.000000000000e+00  NaN  NaN 1.196087445175e+10  Inf
{22} 3.000000000000e+00  NaN  NaN 9.593647710504e+10  Inf

{1} 4.000000000000e+00  NaN  NaN 3.639092911294e-04  Inf
{2} 4.000000000000e+00  NaN  NaN 4.667184052518e-04  Inf
{3} 4.000000000000e+00  NaN  NaN 2.665841567713e-03  Inf
{4} 4.000000000000e+00  NaN  NaN 3.913129585571e-03  Inf
{5} 4.000000000000e+00 2.001031729134e+01 9.162349671280e-01 8.680790885255e-03 1.247355547651e-01
{6} 4.000000000000e+00 2.001031729134e+01 9.162349671280e-01 8.680790885255e-03 1.247355547651e-01
{7} 4.000000000000e+00  NaN  NaN 2.080081560437e-02  Inf
{8} 4.000000000000e+00 6.204276508086e+00 4.782178725557e-01 5.364178036928e-02 1.835249147738e-01
{9} 4.000000000000e+00 6.204276508086e+00 4.782178725557e-01 5.364178036928e-02 1.835249147738e-01
{10} 4.000000000000e+00 4.990918217887e+00 2.722879804126e-01 1.171146452994e-01 2.082318033422e-01
{11} 4.000000000000e+00 4.990918217887e+00 2.722879804126e-01 1.171146452994e-01 2.082318033422e-01
{12} 4.000000000000e+00  NaN  NaN 3.068998808202e-02  Inf
{13} 4.000000000000e+00  NaN  NaN 8.671338075162e-02  Inf
{14} 4.000000000000e+00  NaN  NaN 2.874514152145e-01  Inf
{15} 4.000000000000e+00 4.617126034953e-01 -5.820475411512e-01 -5.922293723609e-01 2.663514484742e+00
{16} 4.000000000000e+00 4.617126034953e-01 -5.820475411512e-01 -5.922293723609e-01 2.663514484742e+00
{17} 4.000000000000e+00 1.083963015350e-06 3.179550628444e-07 4.617851071417e+11 9.225407009638e+05
{18} 4.000000000000e+00 1.083963015350e-06 3.179550628444e-07 4.617851071417e+11 9.225407009638e+05
{19} 4.000000000000e+00 1.274636633170e-06 5.108669976467e-07 2.444138926066e+11 7.845373135975e+05
{20} 4.000000000000e+00 1.274636633170e-06 5.108669976467e-07 2.444138926066e+11 7.845373135975e+05
{21} 4.000000000000e+00  NaN  NaN -8.497074888547e+10  Inf
{22} 4.000000000000e+00  NaN  NaN 3.508017462611e+11  Inf

{1} 5.000000000000e+00  NaN  NaN 4.544618195693e-04  Inf
{2} 5.000000000000e+00  NaN  NaN 5.833521083970e-04  Inf
{3} 5.000000000000e+00  NaN  NaN 3.381287208260e-03  Inf
{4} 5.000000000000e+00  NaN  NaN 4.916455913970e-03  Inf
{5} 5.000000000000e+00 2.190951130593e+01 8.485589893543e-01 8.560623605633e-03 8.626386305376e-02
{6} 5.000000000000e+00 2.190951130593e+01 8.485589893543e-01 8.560623605633e-03 8.626386305376e-02
{7} 5.000000000000e+00 6.113432881229e+00 5.157579695491e-01 5.047647699142e-02 1.909275854714e-01
{8} 5.000000000000e+00 6.113432881229e+00 5.157579695491e-01 5.047647699142e-02 1.909275854714e-01
{9} 5.000000000000e+00 5.210673659645e+00 2.234964583911e-01 1.366644669031e-01 1.968942560659e-01
{10} 5.000000000000e+00 5.210673659645e+00 2.234964583911e-01 1.366644669031e-01 1.968942560659e-01
{11} 5.000000000000e+00 6.179120978157e+00 9.972318723476e-01 2.582838688057e-02 2.176536732470e+00
{12} 5.000000000000e+00 6.179120978157e+00 9.972318723476e-01 2.582838688057e-02 2.176536732470e+00
{13} 5.000000000000e+00  NaN  NaN 7.544796900476e-02  Inf
{14} 5.000000000000e+00  NaN  NaN 3.149843477652e-01  Inf
{15} 5.000000000000e+00 4.369182158275e-01 -3.156044962805e-01 -1.154188647547e+00 2.412034970643e+00
{16} 5.000000000000e+00 4.369182158275e-01 -3.156044962805e-01 -1.154188647547e+00 2.412034970643e+00
{17} 5.000000000000e+00  NaN  NaN 2.517550487366e+05  Inf
{18} 5.000000000000e+00  NaN  NaN -2.517509614591e+05  Inf
{19} 5.000000000000e+00 1.279634441602e-06 -1.583652978614e-06 -7.853697851018e+10 7.814731828800e+05
{20} 5.000000000000e+00 1.279634441602e-06 -1.583652978614e-06 -7.853697851018e+10 7.814731828800e+05
{21} 5.000000000000e+00  NaN  NaN 1.406612604527e+10  Inf
{22} 5.000000000000e+00  NaN  NaN 3.473598129763e+11  Inf

{1} 6.000000000000e+00  NaN  NaN 5.448363438383e-04  Inf
{2} 6.000000000000e+00  NaN  NaN 6.999678534201e-04  Inf
{3} 6.000000000000e+00  NaN  NaN 4.133910218937e-03  Inf
{4} 6.000000000000e+00 2.351393469123e+01 7.964301665832e-01 8.498594784844e-03 7.032549732387e-02
{5} 6.000000000000e+00 2.351393469123e+01 7.964301665832e-01 8.498594784844e-03 7.032549732387e-02
{6} 6.000000000000e+00  NaN  NaN 5.937443892164e-03  Inf
{7} 6.000000000000e+00 6.083205204120e+00 5.409389231098e-01 4.836591773120e-02 1.954517597972e-01
{8} 6.000000000000e+00 6.083205204120e+00 5.409389231098e-01 4.836591773120e-02 1.954517597972e-01
{9} 6.000000000000e+00 5.350780048287e+00 1.908162782397e-01 1.558790002340e-01 1.903868510622e-01
{10} 6.000000000000e+00 5.350780048287e+00 1.908162782397e-01 1.558790002340e-01 1.903868510622e-01
{11} 6.000000000000e+00 6.122081245826e+00 9.841187619294e-01 2.641639386629e-02 9.201844738486e-01
{12} 6.000000000000e+00 6.122081245826e+00 9.841187619294e-01 2.641639386629e-02 9.201844738486e-01
{13} 6.000000000000e+00  NaN  NaN 6.602684032759e-02  Inf
{14} 6.000000000000e+00 4.552544685598e-01 6.675055414788e-02 5.237343259908e+00 2.201483697507e+00
{15} 6.000000000000e+00 4.552544685598e-01 6.675055414788e-02 5.237343259908e+00 2.201483697507e+00
{16} 6.000000000000e+00  NaN  NaN 4.258182755684e-01  Inf
{17} 6.000000000000e+00 1.266486089007e-06 2.151203605635e-05 5.841685749438e+09 7.895862488437e+05
{18} 6.000000000000e+00 1.266486089007e-06 2.151203605635e-05 5.841685749438e+09 7.895862488437e+05
{19} 6.000000000000e+00 1.144768392844e-06 -2.921320707359e-05 -4.759082839780e+09 8.735391426575e+05
{20} 6.000000000000e+00 1.144768392844e-06 -2.921320707359e-05 -4.759082839780e+09 8.735391426575e+05
{21} 6.000000000000e+00  NaN  NaN 1.905533740818e+10  Inf
{22} 6.000000000000e+00  NaN  NaN -1.869484085799e+11  Inf

{1} 7.000000000000e+00  NaN  NaN 6.350290100539e-04  Inf
{2} 7.000000000000e+00  NaN  NaN 8.165666002170e-04  Inf
{3} 7.000000000000e+00 2.495818715444e+01 7.537835107556e-01 8.459807125507e-03 6.097339882551e-02
{4} 7.000000000000e+00 2.495818715444e+01 7.537835107556e-01 8.459807125507e-03 6.097339882551e-02
{5} 7.000000000000e+00  NaN  NaN 4.936668059456e-03  Inf
{6} 7.000000000000e+00  NaN  NaN 6.980916775754e-03  Inf
{7} 7.000000000000e+00 5.454011470178e+00 1.684528462961e-01 1.732310473652e-01 1.860094107369e-01
{8} 7.000000000000e+00 5.454011470178e+00 1.684528462961e-01 1.732310473652e-01 1.860094107369e-01
{9} 7.000000000000e+00 6.070754258380e+00 5.582866374145e-01 4.695915195898e-02 1.985470344723e-01
{10} 7.000000000000e+00 6.070754258380e+00 5.582866374145e-01 4.695915195898e-02 1.985470344723e-01
{11} 7.000000000000e+00 6.087483129226e+00 9.750293984581e-01 2.681418803497e-02 7.397090715830e-01
{12} 7.000000000000e+00 6.087483129226e+00 9.750293984581e-01 2.681418803497e-02 7.397090715830e-01
{13} 7.000000000000e+00  NaN  NaN 5.798688718277e-02  Inf
{14} 7.000000000000e+00 6.130565494178e-01 3.841245769444e-01 6.758456147960e-01 1.766710689092e+00
{15} 7.000000000000e+00 6.130565494178e-01 3.841245769444e-01 6.758456147960e-01 1.766710689092e+00
{16} 7.000000000000e+00  NaN  NaN 9.894991238408e-01  Inf
{17} 7.000000000000e+00 1.318742290026e-06 -3.946925899411e-06 -3.057744721688e+10 7.582982722028e+05
{18} 7.000000000000e+00 1.318742290026e-06 -3.946925899411e-06 -3.057744721688e+10 7.582982722028e+05
{19} 7.000000000000e+00 1.268769516351e-06 6.050213606869e-07 2.073321675262e+11 7.881652160717e+05
{20} 7.000000000000e+00 1.268769516351e-06 6.050213606869e-07 2.073321675262e+11 7.881652160717e+05
{21} 7.000000000000e+00  NaN  NaN 5.580225699533e+11  Inf
{22} 7.000000000000e+00  NaN  NaN -2.633387541578e+10  Inf

{1} 8.000000000000e+00  NaN  NaN 7.250361374524e-04  Inf
{2} 8.000000000000e+00  NaN  NaN 9.331498881080e-04  Inf
{3} 8.000000000000e+00 2.629366540752e+01 7.177631594204e-01 8.433111372998e-03 5.462109154132e-02
{4} 8.000000000000e+00 2.629366540752e+01 7.177631594204e-01 8.433111372998e-03 5.462109154132e-02
{5} 8.000000000000e+00  NaN  NaN 5.807209823626e-03  Inf
{6} 8.000000000000e+00  NaN  NaN 8.053103580299e-03  Inf
{7} 8.000000000000e+00 5.535628631958e+00 1.524107021471e-01 1.886417083747e-01 1.827833696683e-01
{8} 8.000000000000e+00 5.535628631958e+00 1.524107021471e-01 1.886417083747e-01 1.827833696683e-01
{9} 8.000000000000e+00 6.064850235413e+00 5.709144391492e-01 4.596518619750e-02 2.008314404049e-01
{10} 8.000000000000e+00 6.064850235413e+00 5.709144391492e-01 4.596518619750e-02 2.008314404049e-01
{11} 8.000000000000e+00 6.063339719689e+00 9.682347288537e-01 2.710987867061e-02 6.595889472754e-01
{12} 8.000000000000e+00 6.063339719689e+00 9.682347288537e-01 2.710987867061e-02 6.595889472754e-01
{13} 8.000000000000e+00  NaN  NaN 5.099500243461e-02  Inf
{14} 8.000000000000e+00 8.161366185979e-01 4.622224630920e-01 4.218967887933e-01 1.381748752497e+00
{15} 8.000000000000e+00 8.161366185979e-01 4.622224630920e-01 4.218967887933e-01 1.381748752497e+00
{16} 8.000000000000e+00  NaN  NaN 2.356900377197e+00  Inf
{17} 8.000000000000e+00 1.184562598711e-06 -2.448707944170e-06 -5.486875744695e+10 8.441934610220e+05
{18} 8.000000000000e+00 1.184562598711e-06 -2.448707944170e-06 -5.486875744695e+10 8.441934610220e+05
{19} 8.000000000000e+00 1.283143407547e-06 -2.255185568492e-06 -5.499999511586e+10 7.793361163849e+05
{20} 8.000000000000e+00 1.283143407547e-06 -2.255185568492e-06 -5.499999511586e+10 7.793361163849e+05
{21} 8.000000000000e+00  NaN  NaN 3.950075679810e+10  Inf
{22} 8.000000000000e+00  NaN  NaN 1.025866080441e+11  Inf

{1} 9.000000000000e+00  NaN  NaN 8.148542624866e-04  Inf
{2} 9.000000000000e+00  NaN  NaN 1.049719922693e-03  Inf
{3} 9.000000000000e+00 2.754715525203e+01 6.866920285507e-01 8.413590471497e-03 4.993667534623e-02
{4} 9.000000000000e+00 2.754715525203e+01 6.866920285507e-01 8.413590471497e-03 4.993667534623e-02
{5} 9.000000000000e+00  NaN  NaN 6.770906738316e-03  Inf
{6} 9.000000000000e+00  NaN  NaN 9.163304767826e-03  Inf
{7} 9.000000000000e+00 5.602574745509e+00 1.404436402029e-01 2.022694971531e-01 1.802761388908e-01
{8} 9.000000000000e+00 5.602574745509e+00 1.404436402029e-01 2.022694971531e-01 1.802761388908e-01
{9} 9.000000000000e+00 6.061998072579e+00 5.805220500929e-01 4.522573330746e-02 2.025952963211e-01
{10} 9.000000000000e+00 6.061998072579e+00 5.805220500929e-01 4.522573330746e-02 2.025952963211e-01
{11} 9.000000000000e+00 6.044821887805e+00 9.628960901090e-01 2.734369490366e-02 6.129965043628e-01
{12} 9.000000000000e+00 6.044821887805e+00 9.628960901090e-01 2.734369490366e-02 6.129965043628e-01
{13} 9.000000000000e+00  NaN  NaN 4.479012737818e-02  Inf
{14} 9.000000000000e+00 9.985220798915e-01 4.881458142992e-01 3.265223317747e-01 1.147483512655e+00
{15} 9.000000000000e+00 9.985220798915e-01 4.881458142992e-01 3.265223317747e-01 1.147483512655e+00
{16} 9.000000000000e+00  NaN  NaN 5.167083138125e+00  Inf
{17} 9.000000000000e+00 2.078270969574e-06 -3.697278448160e-05 -2.071265642100e+09 4.811692100421e+05
{18} 9.000000000000e+00 2.078270969574e-06 -3.697278448160e-05 -2.071265642100e+09 4.811692100421e+05
{19} 9.000000000000e+00 1.275079742441e-06 6.309558687162e-06 1.978261966198e+10 7.842646751691e+05
{20} 9.000000000000e+00 1.275079742441e-06 6.309558687162e-06 1.978261966198e+10 7.842646751691e+05
{21} 9.000000000000e+00  NaN  NaN -2.078596235798e+11  Inf
{22} 9.000000000000e+00  NaN  NaN -1.850176663875e+10  Inf

{1} 1.000000000000e+01  NaN  NaN 9.044801824874e-04  Inf
{2} 1.000000000000e+01  NaN  NaN 1.166279646308e-03  Inf
{3} 1.000000000000e+01 2.873506619661e+01 6.594739059935e-01 8.398666060173e-03 4.629428550644e-02
{4} 1.000000000000e+01 2.873506619661e+01 6.594739059935e-01 8.398666060173e-03 4.629428550644e-02
{5} 1.000000000000e+01  NaN  NaN 7.866346040857e-03  Inf
{6} 1.000000000000e+01  NaN  NaN 1.032881964840e-02  Inf
{7} 1.000000000000e+01 5.658761028762e+00 1.312364131642e-01 2.143109816498e-01 1.782588716429e-01
{8} 1.000000000000e+01 5.658761028762e+00 1.312364131642e-01 2.143109816498e-01 1.782588716429e-01
{9} 1.000000000000e+01 6.060850949893e+00 5.880830885854e-01 4.465271159651e-02 2.039975607185e-01
{10} 1.000000000000e+01 6.060850949893e+00 5.880830885854e-01 4.465271159651e-02 2.039975607185e-01
{11} 1.000000000000e+01 6.029623216126e+00 9.585473431368e-01 2.753698508985e-02 5.820584558549e-01
{12} 1.000000000000e+01 6.029623216126e+00 9.585473431368e-01 2.753698508985e-02 5.820584558549e-01
{13} 1.000000000000e+01  NaN  NaN 3.914552543571e-02  Inf
{14} 1.000000000000e+01 1.169584209619e+00 5.003698923072e-01 2.719552614406e-01 9.875180281005e-01
{15} 1.000000000000e+01 1.169584209619e+00 5.003698923072e-01 2.719552614406e-01 9.875180281005e-01
{16} 1.000000000000e+01  NaN  NaN 1.252426032348e+01  Inf
{17} 1.000000000000e+01  NaN  NaN 3.266587864200e+04  Inf
{18} 1.000000000000e+01  NaN  NaN -3.267841566305e+04  Inf
{19} 1.000000000000e+01 1.279369287410e-06 -5.152541609973e-07 -2.414363757301e+11 7.816351461935e+05
{20} 1.000000000000e+01 1.279369287410e-06 -5.152541609973e-07 -2.414363757301e+11 7.816351461935e+05
{21} 1.000000000000e+01  NaN  NaN -8.523977827557e+11  Inf
{22} 1.000000000000e+01  NaN  NaN 8.893257005703e+10  Inf

{1} 1.100000000000e+01  NaN  NaN 9.939109959905e-04  Inf
{2} 1.100000000000e+01  NaN  NaN 1.282832778947e-03  Inf
{3} 1.100000000000e+01 2.986849238067e+01 6.353439975214e-01 8.386831126941e-03 4.335512612600e-02
{4} 1.100000000000e+01 2.986849238067e+01 6.353439975214e-01 8.386831126941e-03 4.335512612600e-02
{5} 1.100000000000e+01  NaN  NaN 9.154769917513e-03  Inf
{6} 1.100000000000e+01  NaN  NaN 1.159348364281e-02  Inf
{7} 1.100000000000e+01 5.706692869139e+00 1.239748269210e-01 2.249583517351e-01 1.765952081361e-01
{8} 1.100000000000e+01 5.706692869139e+00 1.239748269210e-01 2.249583517351e-01 1.765952081361e-01
{9} 1.100000000000e+01 6.060791080757e+00 5.941919668884e-01 4.419407431754e-02 2.051351380686e-01
{10} 1.100000000000e+01 6.060791080757e+00 5.941919668884e-01 4.419407431754e-02 2.051351380686e-01
{11} 1.100000000000e+01 6.016512235157e+00 9.549055527072e-01 2.770224135213e-02 5.597972640189e-01
{12} 1.100000000000e+01 6.016512235157e+00 9.549055527072e-01 2.770224135213e-02 5.597972640189e-01
{13} 1.100000000000e+01  NaN  NaN 3.382473567676e-02  Inf
{14} 1.100000000000e+01 1.334878663265e+00 5.063963908984e-01 2.354440602028e-01 8.687591908822e-01
{15} 1.100000000000e+01 1.334878663265e+00 5.063963908984e-01 2.354440602028e-01 8.687591908822e-01
{16} 1.100000000000e+01  NaN  NaN 5.927892542691e+01  Inf
{17} 1.100000000000e+01  NaN  NaN 3.576764891886e+05  Inf
{18} 1.100000000000e+01  NaN  NaN -3.582838546814e+05  Inf
{19} 1.100000000000e+01 1.301195521034e-06 -1.410183520335e-06 -8.673650865942e+10 7.685240102933e+05
{20} 1.100000000000e+01 1.301195521034e-06 -1.410183520335e-06 -8.673650865942e+10 7.685240102933e+05
{21} 1.100000000000e+01  NaN  NaN -5.721814525334e+09  Inf
{22} 1.100000000000e+01  NaN  NaN -2.085292460381e+11  Inf

{1} 1.200000000000e+01  NaN  NaN 1.083144136170e-03  Inf
{2} 1.200000000000e+01  NaN  NaN 1.399383815018e-03  Inf
{3} 1.200000000000e+01 3.095544753052e+01 6.137441935398e-01 8.377137581838e-03 4.091740248237e-02
{4} 1.200000000000e+01 3.095544753052e+01 6.137441935398e-01 8.377137581838e-03 4.091740248237e-02
{5} 1.200000000000e+01  NaN  NaN 1.072399787238e-02  Inf
{6} 1.200000000000e+01  NaN  NaN 1.312810821615e-02  Inf
{7} 1.200000000000e+01 5.748103225862e+00 1.181301642792e-01 2.343876717285e-01 1.751971412986e-01
{8} 1.200000000000e+01 5.748103225862e+00 1.181301642792e-01 2.343876717285e-01 1.751971412986e-01
{9} 1.200000000000e+01 6.061492891662e+00 5.992318786288e-01 4.381730090762e-02 2.060715777739e-01
{10} 1.200000000000e+01 6.061492891662e+00 5.992318786288e-01 4.381730090762e-02 2.060715777739e-01
{11} 1.200000000000e+01 6.004776738118e+00 9.517878577374e-01 2.784730085933e-02 5.428859656638e-01
{12} 1.200000000000e+01 6.004776738118e+00 9.517878577374e-01 2.784730085933e-02 5.428859656638e-01
{13} 1.200000000000e+01  NaN  NaN 2.846662007365e-02  Inf
{14} 1.200000000000e+01 1.497226872574e+00 5.086574166354e-01 2.089811607525e-01 7.757555085645e-01
{15} 1.200000000000e+01 1.497226872574e+00 5.086574166354e-01 2.089811607525e-01 7.757555085645e-01
{16} 1.200000000000e+01  NaN  NaN -4.916432324584e+01  Inf
{17} 1.200000000000e+01  NaN  NaN -2.876022228134e+04  Inf
{18} 1.200000000000e+01  NaN  NaN 2.880953002598e+04  Inf
{19} 1.200000000000e+01 1.276761916805e-06 -3.325111396661e-06 -3.748901347555e+10 7.832313815467e+05
{20} 1.200000000000e+01 1.276761916805e-06 -3.325111396661e-06 -3.748901347555e+10 7.832313815467e+05
{21} 1.200000000000e+01  NaN  NaN 1.861937166524e+10  Inf
{22} 1.200000000000e+01  NaN  NaN -2.229505982354e+11  Inf

{1} 1.300000000000e+01  NaN  NaN 1.172177393313e-03  Inf
{2} 1.300000000000e+01  NaN  NaN 1.515937961778e-03  Inf
{3} 1.300000000000e+01 3.200200163464e+01 5.942533525001e-01 8.368957224383e-03 3.885229856031e-02
{4} 1.300000000000e+01 3.200200163464e+01 5.942533525001e-01 8.368957224383e-03 3.885229856031e-02
{5} 1.300000000000e+01  NaN  NaN 1.255373862949e-02  Inf
{6} 1.300000000000e+01 5.784250826800e+00 1.133453294988e-01 2.427556714293e-01 1.740045817116e-01
{7} 1.300000000000e+01 5.784250826800e+00 1.133453294988e-01 2.427556714293e-01 1.740045817116e-01
{8} 1.300000000000e+01 6.062764898165e+00 6.034610619998e-01 4.350109123081e-02 2.068507709481e-01
{9} 1.300000000000e+01 6.062764898165e+00 6.034610619998e-01 4.350109123081e-02 2.068507709481e-01
{10} 1.300000000000e+01  NaN  NaN 1.637915411435e-02  Inf
{11} 1.300000000000e+01 5.993979125704e+00 9.490703250309e-01 2.797734582401e-02 5.295239002348e-01
{12} 1.300000000000e+01 5.993979125704e+00 9.490703250309e-01 2.797734582401e-02 5.295239002348e-01
{13} 1.300000000000e+01  NaN  NaN 2.156381063994e-02  Inf
{14} 1.300000000000e+01 1.658184537115e+00 5.081812743276e-01 1.888724494972e-01 7.002253621062e-01
{15} 1.300000000000e+01 1.658184537115e+00 5.081812743276e-01 1.888724494972e-01 7.002253621062e-01
{16} 1.300000000000e+01  NaN  NaN -2.318429047713e+01  Inf
{17} 1.300000000000e+01  NaN  NaN 5.510026710066e+04  Inf
{18} 1.300000000000e+01  NaN  NaN -5.507102878350e+04  Inf
{19} 1.300000000000e+01 1.174132362486e-06 -1.929764046523e-06 -7.024232242303e+10 8.516927323972e+05
{20} 1.300000000000e+01 1.174132362486e-06 -1.929764046523e-06 -7.024232242303e+10 8.516927323972e+05
{21} 1.300000000000e+01  NaN  NaN 7.846355500010e+10  Inf
{22} 1.300000000000e+01  NaN  NaN 2.870461895894e+11  Inf

{1} 1.400000000000e+01  NaN  NaN 1.261008922076e-03  Inf
{2} 1.400000000000e+01  NaN  NaN 1.632501008510e-03  Inf
{3} 1.400000000000e+01 3.301291886696e+01 5.765452484552e-01 8.361858416676e-03 3.707313821034e-02
{4} 1.400000000000e+01 3.301291886696e+01 5.765452484552e-01 8.361858416676e-03 3.707313821034e-02
{5} 1.400000000000e+01 5.816081178400e+00 1.093711798350e-01 2.501996944488e-01 1.729747567509e-01
{6} 1.400000000000e+01 5.816081178400e+00 1.093711798350e-01 2.501996944488e-01 1.729747567509e-01
{7} 1.400000000000e+01  NaN  NaN 1.422878489795e-02  Inf
{8} 1.400000000000e+01 6.064484398080e+00 6.070599870043e-01 4.323093616536e-02 2.075042257028e-01
{9} 1.400000000000e+01 6.064484398080e+00 6.070599870043e-01 4.323093616536e-02 2.075042257028e-01
{10} 1.400000000000e+01 8.603960552041e+00 9.409870253934e-01 1.965794364982e-02 3.434128329132e-01
{11} 1.400000000000e+01 8.603960552041e+00 9.409870253934e-01 1.965794364982e-02 3.434128329132e-01
{12} 1.400000000000e+01 5.983837402814e+00 9.466657556638e-01 2.809594733773e-02 5.186464961810e-01
{13} 1.400000000000e+01 5.983837402814e+00 9.466657556638e-01 2.809594733773e-02 5.186464961810e-01
{14} 1.400000000000e+01 1.818623030726e+00 5.054592078923e-01 1.731375758665e-01 6.372674804959e-01
{15} 1.400000000000e+01 1.818623030726e+00 5.054592078923e-01 1.731375758665e-01 6.372674804959e-01
{16} 1.400000000000e+01  NaN  NaN -1.744381030842e+01  Inf
{17} 1.400000000000e+01 1.293143089321e-06 -2.339618373537e-06 -5.260518170924e+10 7.733096269556e+05
{18} 1.400000000000e+01 1.293143089321e-06 -2.339618373537e-06 -5.260518170924e+10 7.733096269556e+05
{19} 1.400000000000e+01 6.823491328717e-07 -2.182748838275e-04 -1.068586595203e+09 1.465525455588e+06
{20} 1.400000000000e+01 6.823491328717e-07 -2.182748838275e-04 -1.068586595203e+09 1.465525455588e+06
{21} 1.400000000000e+01  NaN  NaN 1.302185414151e+11  Inf
{22} 1.400000000000e+01  NaN  NaN 1.843784518939e+11  Inf

{1} 1.500000000000e+01  NaN  NaN 1.349637229464e-03  Inf
{2} 1.500000000000e+01  NaN  NaN 1.749079122163e-03  Inf
{3} 1.500000000000e+01 3.399204233389e+01 5.603617449484e-01 8.355537519403e-03 3.551913298407e-02
{4} 1.500000000000e+01 3.399204233389e+01 5.603617449484e-01 8.355537519403e-03 3.551913298407e-02
{5} 1.500000000000e+01 5.844322308999e+00 1.060290904976e-01 2.568389800962e-01 1.720762261478e-01
{6} 1.500000000000e+01 5.844322308999e+00 1.060290904976e-01 2.568389800962e-01 1.720762261478e-01
{7} 1.500000000000e+01 6.066567373892e+00 6.101586373651e-01 4.299662260777e-02 2.080552521681e-01
{8} 1.500000000000e+01 6.066567373892e+00 6.101586373651e-01 4.299662260777e-02 2.080552521681e-01
{9} 1.500000000000e+01  NaN  NaN 1.567735760508e-02  Inf
{10} 1.500000000000e+01 8.646915007232e+00 8.752735968976e-01 2.102883016353e-02 2.391262708948e-01
{11} 1.500000000000e+01 8.646915007232e+00 8.752735968976e-01 2.102883016353e-02 2.391262708948e-01
{12} 1.500000000000e+01 5.974162706670e+00 9.445109047705e-01 2.820564975808e-02 5.095818372324e-01
{13} 1.500000000000e+01 5.974162706670e+00 9.445109047705e-01 2.820564975808e-02 5.095818372324e-01
{14} 1.500000000000e+01 1.978960022293e+00 5.007320916674e-01 1.606118870407e-01 5.837737578810e-01
{15} 1.500000000000e+01 1.978960022293e+00 5.007320916674e-01 1.606118870407e-01 5.837737578810e-01
{16} 1.500000000000e+01  NaN  NaN -1.511544319624e+01  Inf
{17} 1.500000000000e+01 1.250903359277e-06 8.896683505132e-02 1.430106010066e+06 8.026049260749e+05
{18} 1.500000000000e+01 1.250903359277e-06 8.896683505132e-02 1.430106010066e+06 8.026049260749e+05
{19} 1.500000000000e+01 1.250889819657e-06 -8.896695480999e-02 -1.430119564431e+06 8.026136220834e+05
{20} 1.500000000000e+01 1.250889819657e-06 -8.896695480999e-02 -1.430119564431e+06 8.026136220834e+05
{21} 1.500000000000e+01  NaN  NaN -6.623104582337e+10  Inf
{22} 1.500000000000e+01  NaN  NaN -4.567952507282e+10  Inf

{1} 1.600000000000e+01  NaN  NaN 1.438061140313e-03  Inf
{2} 1.600000000000e+01  NaN  NaN 1.865678574880e-03  Inf
{3} 1.600000000000e+01 3.494253918155e+01 5.454949299599e-01 8.349778452972e-03 3.414620007975e-02
{4} 1.600000000000e+01 3.494253918155e+01 5.454949299599e-01 8.349778452972e-03 3.414620007975e-02
{5} 1.600000000000e+01 5.869545720939e+00 1.031879887898e-01 2.627764818925e-01 1.712852790769e-01
{6} 1.600000000000e+01 5.869545720939e+00 1.031879887898e-01 2.627764818925e-01 1.712852790769e-01
{7} 1.600000000000e+01 6.068953278802e+00 6.128530415056e-01 4.279075918586e-02 2.085215196282e-01
{8} 1.600000000000e+01 6.068953278802e+00 6.128530415056e-01 4.279075918586e-02 2.085215196282e-01
{9} 1.600000000000e+01 8.659815529447e+00 8.152710704182e-01 2.254288310366e-02 1.994128585625e-01
{10} 1.600000000000e+01 8.659815529447e+00 8.152710704182e-01 2.254288310366e-02 1.994128585625e-01
{11} 1.600000000000e+01  NaN  NaN 1.705212091663e-02  Inf
{12} 1.600000000000e+01 5.964824457569e+00 9.425587310928e-01 2.830831658221e-02 5.018838736531e-01
{13} 1.600000000000e+01 5.964824457569e+00 9.425587310928e-01 2.830831658221e-02 5.018838736531e-01
{14} 1.600000000000e+01 2.139242321976e+00 4.941133826753e-01 1.505682951947e-01 5.376772297854e-01
{15} 1.600000000000e+01 2.139242321976e+00 4.941133826753e-01 1.505682951947e-01 5.376772297854e-01
{16} 1.600000000000e+01  NaN  NaN -1.397989969963e+01  Inf
{17} 1.600000000000e+01 1.472767220939e-06 -5.167714670471e-05 -2.091161119005e+09 6.789939286518e+05
{18} 1.600000000000e+01 1.472767220939e-06 -5.167714670471e-05 -2.091161119005e+09 6.789939286518e+05
{19} 1.600000000000e+01 1.091980819954e-06 -1.094975531990e-04 -1.331069421904e+09 9.157670059052e+05
{20} 1.600000000000e+01 1.091980819954e-06 -1.094975531990e-04 -1.331069421904e+09 9.157670059052e+05
{21} 1.600000000000e+01  NaN  NaN 3.942657930684e+10  Inf
{22} 1.600000000000e+01  NaN  NaN -5.058058474612e+10  Inf

{1} 1.700000000000e+01  NaN  NaN 1.526279738426e-03  Inf
{2} 1.700000000000e+01  NaN  NaN 1.982305420607e-03  Inf
{3} 1.700000000000e+01 3.586706365613e+01 5.317748067378e-01 8.344427576351e-03 3.292147814907e-02
{4} 1.700000000000e+01 3.586706365613e+01 5.317748067378e-01 8.344427576351e-03 3.292147814907e-02
{5} 1.700000000000e+01 5.892207158722e+00 1.007497485119e-01 2.681008269142e-01 1.705836532770e-01
{6} 1.700000000000e+01 5.892207158722e+00 1.007497485119e-01 2.681008269142e-01 1.705836532770e-01
{7} 1.700000000000e+01 8.663725796300e+00 7.609074160352e-01 2.414257649781e-02 1.778869084166e-01
{8} 1.700000000000e+01 8.663725796300e+00 7.609074160352e-01 2.414257649781e-02 1.778869084166e-01
{9} 1.700000000000e+01 6.071596711700e+00 6.152156953978e-01 4.260786841642e-02 2.089166943541e-01
{10} 1.700000000000e+01 6.071596711700e+00 6.152156953978e-01 4.260786841642e-02 2.089166943541e-01
{11} 1.700000000000e+01  NaN  NaN 1.840564544974e-02  Inf
{12} 1.700000000000e+01 5.955729933883e+00 9.407734937266e-01 2.840534463225e-02 4.952443395160e-01
{13} 1.700000000000e+01 5.955729933883e+00 9.407734937266e-01 2.840534463225e-02 4.952443395160e-01
{14} 1.700000000000e+01 2.299163232919e+00 4.856575382501e-01 1.425345640282e-01 4.975590719982e-01
{15} 1.700000000000e+01 2.299163232919e+00 4.856575382501e-01 1.425345640282e-01 4.975590719982e-01
{16} 1.700000000000e+01  NaN  NaN -1.340063857722e+01  Inf
{17} 1.700000000000e+01  NaN  NaN 1.513437933633e+05  Inf
{18} 1.700000000000e+01  NaN  NaN -1.513358037298e+05  Inf
{19} 1.700000000000e+01 1.263009292709e-06 6.060276930935e-08 2.079318969059e+12 7.917598118816e+05
{20} 1.700000000000e+01 1.263009292709e-06 6.060276930935e-08 2.079318969059e+12 7.917598118816e+05
{21} 1.700000000000e+01  NaN  NaN -1.175390734111e+11  Inf
{22} 1.700000000000e+01  NaN  NaN -7.017341396284e+10  Inf

{1} 1.800000000000e+01  NaN  NaN 1.614292283533e-03  Inf
{2} 1.800000000000e+01  NaN  NaN 2.098965149418e-03  Inf
{3} 1.800000000000e+01 3.676786956701e+01 5.190605763465e-01 8.339377252085e-03 3.181989908283e-02
{4} 1.800000000000e+01 3.676786956701e+01 5.190605763465e-01 8.339377252085e-03 3.181989908283e-02
{5} 1.800000000000e+01 5.912674902394e+00 9.863961103186e-02 2.728882145555e-01 1.699570319725e-01
{6} 1.800000000000e+01 5.912674902394e+00 9.863961103186e-02 2.728882145555e-01 1.699570319725e-01
{7} 1.800000000000e+01 8.665208711082e+00 7.115533430275e-01 2.581271228093e-02 1.642453178065e-01
{8} 1.800000000000e+01 8.665208711082e+00 7.115533430275e-01 2.581271228093e-02 1.642453178065e-01
{9} 1.800000000000e+01 6.074462546194e+00 6.173023608652e-01 4.244380739373e-02 2.092515287615e-01
{10} 1.800000000000e+01 6.074462546194e+00 6.173023608652e-01 4.244380739373e-02 2.092515287615e-01
{11} 1.800000000000e+01 5.946811793017e+00 9.391275392317e-01 2.849780179218e-02 4.894430766973e-01
{12} 1.800000000000e+01 5.946811793017e+00 9.391275392317e-01 2.849780179218e-02 4.894430766973e-01
{13} 1.800000000000e+01  NaN  NaN 1.974589169735e-02  Inf
{14} 1.800000000000e+01 2.458060225231e+00 4.754094342697e-01 1.361945773916e-01 4.624246372681e-01
{15} 1.800000000000e+01 2.458060225231e+00 4.754094342697e-01 1.361945773916e-01 4.624246372681e-01
{16} 1.800000000000e+01  NaN  NaN -1.312624545623e+01  Inf
{17} 1.800000000000e+01  NaN  NaN -2.246301195414e+05  Inf
{18} 1.800000000000e+01  NaN  NaN 2.247031848006e+05  Inf
{19} 1.800000000000e+01 1.274843473849e-06 -1.125918016133e-07 -1.108808376381e+12 7.844100240642e+05
{20} 1.800000000000e+01 1.274843473849e-06 -1.125918016133e-07 -1.108808376381e+12 7.844100240642e+05
{21} 1.800000000000e+01  NaN  NaN 2.051974642084e+10  Inf
{22} 1.800000000000e+01  NaN  NaN -2.349767650222e+11  Inf

{1} 1.900000000000e+01  NaN  NaN 1.702098106669e-03  Inf
{2} 1.900000000000e+01  NaN  NaN 2.215662356459e-03  Inf
{3} 1.900000000000e+01 3.764689039721e+01 5.072343222220e-01 8.334554473310e-03 3.082196177165e-02
{4} 1.900000000000e+01 3.764689039721e+01 5.072343222220e-01 8.334554473310e-03 3.082196177165e-02
{5} 1.900000000000e+01 5.931249973884e+00 9.679973361181e-02 2.772041588438e-01 1.693940203196e-01
{6} 1.900000000000e+01 5.931249973884e+00 9.679973361181e-02 2.772041588438e-01 1.693940203196e-01
{7} 1.900000000000e+01 8.666623028286e+00 6.665588146874e-01 2.755064363049e-02 1.547854558259e-01
{8} 1.900000000000e+01 8.666623028286e+00 6.665588146874e-01 2.755064363049e-02 1.547854558259e-01
{9} 1.900000000000e+01 6.077522911899e+00 6.191566316759e-01 4.229538649786e-02 2.095346084996e-01
{10} 1.900000000000e+01 6.077522911899e+00 6.191566316759e-01 4.229538649786e-02 2.095346084996e-01
{11} 1.900000000000e+01 5.938020176187e+00 9.375991321463e-01 2.858651846079e-02 4.843184911045e-01
{12} 1.900000000000e+01 5.938020176187e+00 9.375991321463e-01 2.858651846079e-02 4.843184911045e-01
{13} 1.900000000000e+01  NaN  NaN 2.106360749208e-02  Inf
{14} 1.900000000000e+01 2.614930401017e+00 4.634461534621e-01 1.313290236423e-01 4.315636283520e-01
{15} 1.900000000000e+01 2.614930401017e+00 4.634461534621e-01 1.313290236423e-01 4.315636283520e-01
{16} 1.900000000000e+01  NaN  NaN -1.303734573583e+01  Inf
{17} 1.900000000000e+01 1.203127348849e-06 2.604367390741e-01 5.079328294359e+05 8.608752257230e+05
{18} 1.900000000000e+01 1.203127348849e-06 2.604367390741e-01 5.079328294359e+05 8.608752257230e+05
{19} 1.900000000000e+01 1.203113829769e-06 -2.604425196301e-01 -5.079272631836e+05 8.608862895136e+05
{20} 1.900000000000e+01 1.203113829769e-06 -2.604425196301e-01 -5.079272631836e+05 8.608862895136e+05
{21} 1.900000000000e+01  NaN  NaN 1.201517427452e+10  Inf
{22} 1.900000000000e+01  NaN  NaN 2.011124863280e+11  Inf

{1} 2.000000000000e+01  NaN  NaN 1.789696489132e-03  Inf
{2} 2.000000000000e+01  NaN  NaN 2.332400464883e-03  Inf
{3} 2.000000000000e+01 3.850579816399e+01 4.961963457171e-01 8.329912511012e-03 2.991223874290e-02
{4} 2.000000000000e+01 3.850579816399e+01 4.961963457171e-01 8.329912511012e-03 2.991223874290e-02
{5} 2.000000000000e+01 5.948180902861e+00 9.518474193053e-02 2.811050363250e-01 1.688854290898e-01
{6} 2.000000000000e+01 5.948180902861e+00 9.518474193053e-02 2.811050363250e-01 1.688854290898e-01
{7} 2.000000000000e+01 8.668897984482e+00 6.253491159143e-01 2.935848895590e-02 1.478255138231e-01
{8} 2.000000000000e+01 8.668897984482e+00 6.253491159143e-01 2.935848895590e-02 1.478255138231e-01
{9} 2.000000000000e+01 6.080755230857e+00 6.208130790298e-01 4.216011158858e-02 2.097728782477e-01
{10} 2.000000000000e+01 6.080755230857e+00 6.208130790298e-01 4.216011158858e-02 2.097728782477e-01
{11} 2.000000000000e+01  NaN  NaN 2.234100664960e-02  Inf
{12} 2.000000000000e+01 5.929317559874e+00 9.361709522700e-01 2.867214995244e-02 4.797491970533e-01
{13} 2.000000000000e+01 5.929317559874e+00 9.361709522700e-01 2.867214995244e-02 4.797491970533e-01
{14} 2.000000000000e+01 2.768496869526e+00 4.499108195061e-01 1.277761085959e-01 4.044536568039e-01
{15} 2.000000000000e+01 2.768496869526e+00 4.499108195061e-01 1.277761085959e-01 4.044536568039e-01
{16} 2.000000000000e+01 1.872429428174e-06 5.729418993502e-05 1.483556497798e+09 5.340655228948e+05
{17} 2.000000000000e+01 1.872429428174e-06 5.729418993502e-05 1.483556497798e+09 5.340655228948e+05
{18} 2.000000000000e+01  NaN  NaN -1.306993255402e+01  Inf
{19} 2.000000000000e+01 1.276668878990e-06 -3.915816316906e-06 -3.183607712098e+10 7.832884598852e+05
{20} 2.000000000000e+01 1.276668878990e-06 -3.915816316906e-06 -3.183607712098e+10 7.832884598852e+05
{21} 2.000000000000e+01  NaN  NaN 1.628561380719e+10  Inf
{22} 2.000000000000e+01  NaN  NaN 9.304061307483e+10  Inf

{1} 2.100000000000e+01  NaN  NaN 1.877086532505e-03  Inf
{2} 2.100000000000e+01  NaN  NaN 2.449181537141e-03  Inf
{3} 2.100000000000e+01 3.934604803973e+01 4.858616612894e-01 8.325424428070e-03 2.907834591881e-02
{4} 2.100000000000e+01 3.934604803973e+01 4.858616612894e-01 8.325424428070e-03 2.907834591881e-02
{5} 2.100000000000e+01 5.963674723126e+00 9.375860054843e-02 2.846394342640e-01 1.684237616300e-01
{6} 2.100000000000e+01 5.963674723126e+00 9.375860054843e-02 2.846394342640e-01 1.684237616300e-01
{7} 2.100000000000e+01 8.672407527649e+00 5.874345357704e-01 3.124071597135e-02 1.424839593479e-01
{8} 2.100000000000e+01 8.672407527649e+00 5.874345357704e-01 3.124071597135e-02 1.424839593479e-01
{9} 2.100000000000e+01 6.084140888822e+00 6.222994679841e-01 4.203600544358e-02 2.099720200925e-01
{10} 2.100000000000e+01 6.084140888822e+00 6.222994679841e-01 4.203600544358e-02 2.099720200925e-01
{11} 2.100000000000e+01 5.920675307676e+00 9.348290298147e-01 2.875522012040e-02 4.756421840067e-01
{12} 2.100000000000e+01 5.920675307676e+00 9.348290298147e-01 2.875522012040e-02 4.756421840067e-01
{13} 2.100000000000e+01  NaN  NaN 2.355643711374e-02  Inf
{14} 2.100000000000e+01 2.917343180404e+00 4.350314908759e-01 1.254041520247e-01 3.806883998789e-01
{15} 2.100000000000e+01 2.917343180404e+00 4.350314908759e-01 1.254041520247e-01 3.806883998789e-01
{16} 2.100000000000e+01  NaN  NaN -1.318657099776e+01  Inf
{17} 2.100000000000e+01  NaN  NaN 3.274909305055e+04  Inf
{18} 2.100000000000e+01  NaN  NaN -3.273542666533e+04  Inf
{19} 2.100000000000e+01 1.278958497161e-06 -8.535024952370e-07 -1.458004568780e+11 7.818862005453e+05
{20} 2.100000000000e+01 1.278958497161e-06 -8.535024952370e-07 -1.458004568780e+11 7.818862005453e+05
{21} 2.100000000000e+01  NaN  NaN 8.848774033258e+11  Inf
{22} 2.100000000000e+01  NaN  NaN 3.008923274126e+11  Inf

{1} 2.200000000000e+01  NaN  NaN 1.964267028906e-03  Inf
{2} 2.200000000000e+01  NaN  NaN 2.566006197131e-03  Inf
{3} 2.200000000000e+01 4.016891324793e+01 4.761573201847e-01 8.321077828657e-03 2.831021422912e-02
{4} 2.200000000000e+01 4.016891324793e+01 4.761573201847e-01 8.321077828657e-03 2.831021422912e-02
{5} 2.200000000000e+01 5.977905295033e+00 9.249237040243e-02 2.878493091509e-01 1.680028390092e-01
{6} 2.200000000000e+01 5.977905295033e+00 9.249237040243e-02 2.878493091509e-01 1.680028390092e-01
{7} 2.200000000000e+01 8.677290702944e+00 5.524016143264e-01 3.320328439817e-02 1.382514051823e-01
{8} 2.200000000000e+01 8.677290702944e+00 5.524016143264e-01 3.320328439817e-02 1.382514051823e-01
{9} 2.200000000000e+01 6.087664301800e+00 6.236383499940e-01 4.192148149704e-02 2.101367310859e-01
{10} 2.200000000000e+01 6.087664301800e+00 6.236383499940e-01 4.192148149704e-02 2.101367310859e-01
{11} 2.200000000000e+01 5.912071309654e+00 9.335619759633e-01 2.883615248084e-02 4.719249451943e-01
{12} 2.200000000000e+01 5.912071309654e+00 9.335619759633e-01 2.883615248084e-02 4.719249451943e-01
{13} 2.200000000000e+01  NaN  NaN 2.468846008659e-02  Inf
{14} 2.200000000000e+01 3.060100336540e+00 4.191174693171e-01 1.240934051542e-01 3.599241621335e-01
{15} 2.200000000000e+01 3.060100336540e+00 4.191174693171e-01 1.240934051542e-01 3.599241621335e-01
{16} 2.200000000000e+01  NaN  NaN -1.336387549557e+01  Inf
{17} 2.200000000000e+01  NaN  NaN 4.499751017268e+04  Inf
{18} 2.200000000000e+01  NaN  NaN -4.498405484537e+04  Inf
{19} 2.200000000000e+01 1.282807374671e-06 -1.256008395204e-06 -9.877934485877e+10 7.795402643811e+05
{20} 2.200000000000e+01 1.282807374671e-06 -1.256008395204e-06 -9.877934485877e+10 7.795402643811e+05
{21} 2.200000000000e+01  NaN  NaN -1.629258766147e+11  Inf
{22} 2.200000000000e+01  NaN  NaN 1.118042059995e+13  Inf

{1} 2.300000000000e+01  NaN  NaN 2.051236341304e-03  Inf
{2} 2.300000000000e+01  NaN  NaN 2.682873669266e-03  Inf
{3} 2.300000000000e+01 4.097551316508e+01 4.670203341124e-01 8.316870518138e-03 2.759956339168e-02
{4} 2.300000000000e+01 4.097551316508e+01 4.670203341124e-01 8.316870518138e-03 2.759956339168e-02
{5} 2.300000000000e+01 8.683582761507e+00 5.199014089175e-01 3.525333349915e-02 1.348118683674e-01
{6} 2.300000000000e+01 8.683582761507e+00 5.199014089175e-01 3.525333349915e-02 1.348118683674e-01
{7} 2.300000000000e+01 5.991019691594e+00 9.136257518415e-02 2.907709747258e-01 1.676175213492e-01
{8} 2.300000000000e+01 5.991019691594e+00 9.136257518415e-02 2.907709747258e-01 1.676175213492e-01
{9} 2.300000000000e+01 6.091312246311e+00 6.248482277913e-01 4.181525281063e-02 2.102709301606e-01
{10} 2.300000000000e+01 6.091312246311e+00 6.248482277913e-01 4.181525281063e-02 2.102709301606e-01
{11} 2.300000000000e+01 5.903488328154e+00 9.323604172570e-01 2.891529285149e-02 4.685400987776e-01
{12} 2.300000000000e+01 5.903488328154e+00 9.323604172570e-01 2.891529285149e-02 4.685400987776e-01
{13} 2.300000000000e+01  NaN  NaN 2.571948260957e-02  Inf
{14} 2.300000000000e+01 3.195636166389e+00 4.025320331856e-01 1.237263944320e-01 3.418447898064e-01
{15} 2.300000000000e+01 3.195636166389e+00 4.025320331856e-01 1.237263944320e-01 3.418447898064e-01
{16} 2.300000000000e+01  NaN  NaN -1.358647864381e+01  Inf
{17} 2.300000000000e+01 5.164800617145e-06 2.258206637911e-04 1.364592221537e+08 1.936183213303e+05
{18} 2.300000000000e+01 5.164800617145e-06 2.258206637911e-04 1.364592221537e+08 1.936183213303e+05
{19} 2.300000000000e+01 1.276432998042e-06 -4.169324273593e-08 -2.990586954778e+12 7.834332092122e+05
{20} 2.300000000000e+01 1.276432998042e-06 -4.169324273593e-08 -2.990586954778e+12 7.834332092122e+05
{21} 2.300000000000e+01  NaN  NaN -1.754685607885e+11  Inf
{22} 2.300000000000e+01  NaN  NaN -5.874394184161e+10  Inf

{1} 2.400000000000e+01  NaN  NaN 2.137992303226e-03  Inf
{2} 2.400000000000e+01  NaN  NaN 2.799781923469e-03  Inf
{3} 2.400000000000e+01 4.176683651430e+01 4.583960386496e-01 8.312806920540e-03 2.693951443084e-02
{4} 2.400000000000e+01 4.176683651430e+01 4.583960386496e-01 8.312806920540e-03 2.693951443084e-02
{5} 2.400000000000e+01 6.003143159458e+00 9.034999378328e-02 2.934359394889e-01 1.672634974604e-01
{6} 2.400000000000e+01 6.003143159458e+00 9.034999378328e-02 2.934359394889e-01 1.672634974604e-01
{7} 2.400000000000e+01 8.691273016888e+00 4.896386023771e-01 3.739909469195e-02 1.319584602637e-01
{8} 2.400000000000e+01 8.691273016888e+00 4.896386023771e-01 3.739909469195e-02 1.319584602637e-01
{9} 2.400000000000e+01 6.095073359761e+00 6.259444210464e-01 4.171626537683e-02 2.103779149495e-01
{10} 2.400000000000e+01 6.095073359761e+00 6.259444210464e-01 4.171626537683e-02 2.103779149495e-01
{11} 2.400000000000e+01 5.894912824063e+00 9.312165727034e-01 2.899292607619e-02 4.654416219296e-01
{12} 2.400000000000e+01 5.894912824063e+00 9.312165727034e-01 2.899292607619e-02 4.654416219296e-01
{13} 2.400000000000e+01  NaN  NaN 2.663819646518e-02  Inf
{14} 2.400000000000e+01 3.323186962853e+00 3.856507339755e-01 1.241855868549e-01 3.261449547304e-01
{15} 2.400000000000e+01 3.323186962853e+00 3.856507339755e-01 1.241855868549e-01 3.261449547304e-01
{16} 2.400000000000e+01  NaN  NaN -1.384386267571e+01  Inf
{17} 2.400000000000e+01 1.222104426857e-06 -3.145543350080e-06 -4.140150605171e+10 8.182606805350e+05
{18} 2.400000000000e+01 1.222104426857e-06 -3.145543350080e-06 -4.140150605171e+10 8.182606805350e+05
{19} 2.400000000000e+01  NaN  NaN 5.751649046858e+05  Inf
{20} 2.400000000000e+01  NaN  NaN -5.745719671127e+05  Inf
{21} 2.400000000000e+01  NaN  NaN 5.621017619375e+08  Inf
{22} 2.400000000000e+01  NaN  NaN -4.264207802386e+10  Inf

{1} 2.500000000000e+01  NaN  NaN 2.224532145435e-03  Inf
{2} 2.500000000000e+01 4.254376085328e+01 4.502367829023e-01 8.308895182160e-03 2.632429952010e-02
{3} 2.500000000000e+01 4.254376085328e+01 4.502367829023e-01 8.308895182160e-03 2.632429952010e-02
{4} 2.500000000000e+01  NaN  NaN 2.916727901162e-03  Inf
{5} 2.500000000000e+01 8.700331586372e+00 4.613622670941e-01 3.964991443268e-02 1.295498348666e-01
{6} 2.500000000000e+01 8.700331586372e+00 4.613622670941e-01 3.964991443268e-02 1.295498348666e-01
{7} 2.500000000000e+01 6.014383014648e+00 8.943875545156e-02 2.958716150906e-01 1.669371238703e-01
{8} 2.500000000000e+01 6.014383014648e+00 8.943875545156e-02 2.958716150906e-01 1.669371238703e-01
{9} 2.500000000000e+01 6.098937769444e+00 6.269397189966e-01 4.162364843053e-02 2.104604819117e-01
{10} 2.500000000000e+01 6.098937769444e+00 6.269397189966e-01 4.162364843053e-02 2.104604819117e-01
{11} 2.500000000000e+01 5.886334100614e+00 9.301239337950e-01 2.906928859191e-02 4.625921617174e-01
{12} 2.500000000000e+01 5.886334100614e+00 9.301239337950e-01 2.906928859191e-02 4.625921617174e-01
{13} 2.500000000000e+01  NaN  NaN 2.744031866409e-02  Inf
{14} 2.500000000000e+01 3.442397553882e+00 3.688201567964e-01 1.253558075645e-01 3.125282060181e-01
{15} 2.500000000000e+01 3.442397553882e+00 3.688201567964e-01 1.253558075645e-01 3.125282060181e-01
{16} 2.500000000000e+01  NaN  NaN -1.412855761162e+01  Inf
{17} 2.500000000000e+01 1.152291665580e-06 1.224504986670e-04 1.127968970881e+09 8.678358417123e+05
{18} 2.500000000000e+01 1.152291665580e-06 1.224504986670e-04 1.127968970881e+09 8.678358417123e+05
{19} 2.500000000000e+01 1.201797210617e-06 -1.007263330858e-05 -1.314758284635e+10 8.320871368452e+05
{20} 2.500000000000e+01 1.201797210617e-06 -1.007263330858e-05 -1.314758284635e+10 8.320871368452e+05
{21} 2.500000000000e+01  NaN  NaN 3.717885284416e+09  Inf
{22} 2.500000000000e+01  NaN  NaN 4.705962415885e+11  Inf

{1} 2.600000000000e+01  NaN  NaN 2.310852454531e-03  Inf
{2} 2.600000000000e+01 4.330706911481e+01 4.425008647677e-01 8.305144915878e-03 2.574904147773e-02
{3} 2.600000000000e+01 4.330706911481e+01 4.425008647677e-01 8.305144915878e-03 2.574904147773e-02
{4} 2.600000000000e+01  NaN  NaN 3.033707789312e-03  Inf
{5} 2.600000000000e+01 8.710721974943e+00 4.348582671864e-01 4.201634286116e-02 1.274860473002e-01
{6} 2.600000000000e+01 8.710721974943e+00 4.348582671864e-01 4.201634286116e-02 1.274860473002e-01
{7} 2.600000000000e+01 6.024831732351e+00 8.861565358880e-02 2.981019141196e-01 1.666353001279e-01
{8} 2.600000000000e+01 6.024831732351e+00 8.861565358880e-02 2.981019141196e-01 1.666353001279e-01
{9} 2.600000000000e+01 6.102896801891e+00 6.278448785519e-01 4.153667700823e-02 2.105210197464e-01
{10} 2.600000000000e+01 6.102896801891e+00 6.278448785519e-01 4.153667700823e-02 2.105210197464e-01
{11} 2.600000000000e+01 5.877743681040e+00 9.290770186750e-01 2.914457796018e-02 4.599610761771e-01
{12} 2.600000000000e+01 5.877743681040e+00 9.290770186750e-01 2.914457796018e-02 4.599610761771e-01
{13} 2.600000000000e+01  NaN  NaN 2.812781205227e-02  Inf
{14} 2.600000000000e+01 3.553278104684e+00 3.523292152357e-01 1.271283104986e-01 3.007131578948e-01
{15} 2.600000000000e+01 3.553278104684e+00 3.523292152357e-01 1.271283104986e-01 3.007131578948e-01
{16} 2.600000000000e+01  NaN  NaN -1.443512806006e+01  Inf
{17} 2.600000000000e+01 4.818015121717e-07 -2.069938825472e-06 -1.595858798306e+11 2.075543506484e+06
{18} 2.600000000000e+01 4.818015121717e-07 -2.069938825472e-06 -1.595858798306e+11 2.075543506484e+06
{19} 2.600000000000e+01 1.252550952871e-06 -5.217222850813e-06 -2.435484344233e+10 7.983707151567e+05
{20} 2.600000000000e+01 1.252550952871e-06 -5.217222850813e-06 -2.435484344233e+10 7.983707151567e+05
{21} 2.600000000000e+01  NaN  NaN -2.200979672554e+11  Inf
{22} 2.600000000000e+01  NaN  NaN -1.078780037753e+10  Inf

{1} 2.700000000000e+01  NaN  NaN 2.396949165178e-03  Inf
{2} 2.700000000000e+01 4.405746369315e+01 4.351516542714e-01 8.301565536216e-03 2.520958401660e-02
{3} 2.700000000000e+01 4.405746369315e+01 4.351516542714e-01 8.301565536216e-03 2.520958401660e-02
{4} 2.700000000000e+01  NaN  NaN 3.150717308325e-03  Inf
{5} 2.700000000000e+01 8.722406892136e+00 4.099430695646e-01 4.451027122766e-02 1.256943948299e-01
{6} 2.700000000000e+01 8.722406892136e+00 4.099430695646e-01 4.451027122766e-02 1.256943948299e-01
{7} 2.700000000000e+01 6.034569418765e+00 8.786961935814e-02 3.001477547591e-01 1.663553711548e-01
{8} 2.700000000000e+01 6.034569418765e+00 8.786961935814e-02 3.001477547591e-01 1.663553711548e-01
{9} 2.700000000000e+01 6.106942761196e+00 6.286690096814e-01 4.145474326863e-02 2.105615826537e-01
{10} 2.700000000000e+01 6.106942761196e+00 6.286690096814e-01 4.145474326863e-02 2.105615826537e-01
{11} 2.700000000000e+01 5.869134838692e+00 9.280711813589e-01 2.921896023341e-02 4.575229854040e-01
{12} 2.700000000000e+01 5.869134838692e+00 9.280711813589e-01 2.921896023341e-02 4.575229854040e-01
{13} 2.700000000000e+01 3.656113560503e+00 3.363970210823e-01 1.294041825599e-01 2.904413257340e-01
{14} 2.700000000000e+01 3.656113560503e+00 3.363970210823e-01 1.294041825599e-01 2.904413257340e-01
{15} 2.700000000000e+01  NaN  NaN 2.870724516519e-02  Inf
{16} 2.700000000000e+01  NaN  NaN -1.475951054202e+01  Inf
{17} 2.700000000000e+01  NaN  NaN 8.017648318539e+04  Inf
{18} 2.700000000000e+01  NaN  NaN -8.015551962211e+04  Inf
{19} 2.700000000000e+01 1.287692432374e-06 -4.487533316408e-06 -2.754230620778e+10 7.765829594623e+05
{20} 2.700000000000e+01 1.287692432374e-06 -4.487533316408e-06 -2.754230620778e+10 7.765829594623e+05
{21} 2.700000000000e+01  NaN  NaN 1.379508291001e+10  Inf
{22} 2.700000000000e+01  NaN  NaN 8.236606735965e+09  Inf

{1} 2.800000000000e+01 4.479557841684e+01 4.281568638170e-01 8.298165119113e-03 2.470235957847e-02
{2} 2.800000000000e+01 4.479557841684e+01 4.281568638170e-01 8.298165119113e-03 2.470235957847e-02
{3} 2.800000000000e+01  NaN  NaN 2.482817584448e-03  Inf
{4} 2.800000000000e+01  NaN  NaN 3.267751984104e-03  Inf
{5} 2.800000000000e+01 8.735350728685e+00 3.864587095389e-01 4.714511348521e-02 1.241207197571e-01
{6} 2.800000000000e+01 8.735350728685e+00 3.864587095389e-01 4.714511348521e-02 1.241207197571e-01
{7} 2.800000000000e+01 6.043665805913e+00 8.719131375625e-02 3.020274868025e-01 1.660950499772e-01
{8} 2.800000000000e+01 6.043665805913e+00 8.719131375625e-02 3.020274868025e-01 1.660950499772e-01
{9} 2.800000000000e+01 6.111068752347e+00 6.294198761522e-01 4.137733435084e-02 2.105839484005e-01
{10} 2.800000000000e+01 6.111068752347e+00 6.294198761522e-01 4.137733435084e-02 2.105839484005e-01
{11} 2.800000000000e+01 5.860502244723e+00 9.271024621486e-01 2.929257567509e-02 4.552566834235e-01
{12} 2.800000000000e+01 5.860502244723e+00 9.271024621486e-01 2.929257567509e-02 4.552566834235e-01
{13} 2.800000000000e+01  NaN  NaN 2.918798409163e-02  Inf
{14} 2.800000000000e+01 3.751363577101e+00 3.211744233039e-01 1.320961077631e-01 2.814826721389e-01
{15} 2.800000000000e+01 3.751363577101e+00 3.211744233039e-01 1.320961077631e-01 2.814826721389e-01
{16} 2.800000000000e+01  NaN  NaN -1.509860508063e+01  Inf
{17} 2.800000000000e+01 1.290120424989e-06 -1.042261056816e-05 -1.183622928915e+10 7.751214388088e+05
{18} 2.800000000000e+01 1.290120424989e-06 -1.042261056816e-05 -1.183622928915e+10 7.751214388088e+05
{19} 2.800000000000e+01 3.522384773889e-07 5.007762588842e-04 9.022764146104e+08 2.838986055133e+06
{20} 2.800000000000e+01 3.522384773889e-07 5.007762588842e-04 9.022764146104e+08 2.838986055133e+06
{21} 2.800000000000e+01  NaN  NaN -3.526349238242e+08  Inf
{22} 2.800000000000e+01  NaN  NaN -9.225387382426e+10  Inf

{1} 2.900000000000e+01  NaN  NaN 2.568452443975e-03  Inf
{2} 2.900000000000e+01 4.552198867346e+01 4.214879355488e-01 8.294949705669e-03 2.422428539460e-02
{3} 2.900000000000e+01 4.552198867346e+01 4.214879355488e-01 8.294949705669e-03 2.422428539460e-02
{4} 2.900000000000e+01  NaN  NaN 3.384807382714e-03  Inf
{5} 2.900000000000e+01 8.749520360575e+00 3.642686851828e-01 4.993603403870e-02 1.227238571164e-01
{6} 2.900000000000e+01 8.749520360575e+00 3.642686851828e-01 4.993603403870e-02 1.227238571164e-01
{7} 2.900000000000e+01 6.052181872456e+00 8.657280848489e-02 3.037572516062e-01 1.658523560542e-01
{8} 2.900000000000e+01 6.052181872456e+00 8.657280848489e-02 3.037572516062e-01 1.658523560542e-01
{9} 2.900000000000e+01 6.115268538592e+00 6.301041329567e-01 4.130401507331e-02 2.105896648586e-01
{10} 2.900000000000e+01 6.115268538592e+00 6.301041329567e-01 4.130401507331e-02 2.105896648586e-01
{11} 2.900000000000e+01 5.851841700757e+00 9.261674688714e-01 2.936554325848e-02 4.531443090016e-01
{12} 2.900000000000e+01 5.851841700757e+00 9.261674688714e-01 2.936554325848e-02 4.531443090016e-01
{13} 2.900000000000e+01  NaN  NaN 2.958065870183e-02  Inf
{14} 2.900000000000e+01 3.839577055044e+00 3.067535404397e-01 1.351285635199e-01 2.736377050600e-01
{15} 2.900000000000e+01 3.839577055044e+00 3.067535404397e-01 1.351285635199e-01 2.736377050600e-01
{16} 2.900000000000e+01  NaN  NaN -1.545000709935e+01  Inf
{17} 2.900000000000e+01  NaN  NaN -2.402277159849e+05  Inf
{18} 2.900000000000e+01 1.505740799273e-06 -4.238554062811e-06 -2.493745828544e+10 6.641249280698e+05
{19} 2.900000000000e+01 1.505740799273e-06 -4.238554062811e-06 -2.493745828544e+10 6.641249280698e+05
{20} 2.900000000000e+01  NaN  NaN 2.403030434354e+05  Inf
{21} 2.900000000000e+01  NaN  NaN -2.979799335255e+11  Inf
{22} 2.900000000000e+01  NaN  NaN -3.817249048390e+11  Inf

{1} 3.000000000000e+01  NaN  NaN 2.653847973589e-03  Inf
{2} 3.000000000000e+01 4.623721991311e+01 4.151195238814e-01 8.291922961827e-03 2.377268100702e-02
{3} 3.000000000000e+01 4.623721991311e+01 4.151195238814e-01 8.291922961827e-03 2.377268100702e-02
{4} 3.000000000000e+01  NaN  NaN 3.501879295490e-03  Inf
{5} 3.000000000000e+01 8.764885123517e+00 3.432545940924e-01 5.290022810622e-02 1.214719721660e-01
{6} 3.000000000000e+01 8.764885123517e+00 3.432545940924e-01 5.290022810622e-02 1.214719721660e-01
{7} 3.000000000000e+01 6.060171170519e+00 8.600733399092e-02 3.053512869496e-01 1.656255656199e-01
{8} 3.000000000000e+01 6.060171170519e+00 8.600733399092e-02 3.053512869496e-01 1.656255656199e-01
{9} 3.000000000000e+01 6.119536429535e+00 6.307275154179e-01 4.123441425736e-02 2.105800874480e-01
{10} 3.000000000000e+01 6.119536429535e+00 6.307275154179e-01 4.123441425736e-02 2.105800874480e-01
{11} 3.000000000000e+01 5.843149929694e+00 9.252632820678e-01 2.943796424917e-02 4.511707073367e-01
{12} 3.000000000000e+01 5.843149929694e+00 9.252632820678e-01 2.943796424917e-02 4.511707073367e-01
{13} 3.000000000000e+01 3.921330099683e+00 2.931801970882e-01 1.384369734980e-01 2.667366668876e-01
{14} 3.000000000000e+01 3.921330099683e+00 2.931801970882e-01 1.384369734980e-01 2.667366668876e-01
{15} 3.000000000000e+01  NaN  NaN 2.989606433871e-02  Inf
{16} 3.000000000000e+01  NaN  NaN -1.581181669695e+01  Inf
{17} 3.000000000000e+01  NaN  NaN 7.263092953900e+04  Inf
{18} 3.000000000000e+01 1.263388797051e-06 -6.816144636341e-07 -1.848180197647e+11 7.915219782971e+05
{19} 3.000000000000e+01 1.263388797051e-06 -6.816144636341e-07 -1.848180197647e+11 7.915219782971e+05
{20} 3.000000000000e+01  NaN  NaN -7.263271432977e+04  Inf
{21} 3.000000000000e+01  NaN  NaN 2.541930547426e+11  Inf
{22} 3.000000000000e+01  NaN  NaN 3.748501870173e+11  Inf

{1} 3.100000000000e+01  NaN  NaN 2.738997989088e-03  Inf
{2} 3.100000000000e+01 4.694175474336e+01 4.090290565963e-01 8.289086106509e-03 2.334520227797e-02
{3} 3.100000000000e+01 4.694175474336e+01 4.090290565963e-01 8.289086106509e-03 2.334520227797e-02
{4} 3.100000000000e+01  NaN  NaN 3.618963871022e-03  Inf
{5} 3.100000000000e+01 8.781416395897e+00 3.233133633432e-01 5.605726503382e-02 1.203400755842e-01
{6} 3.100000000000e+01 8.781416395897e+00 3.233133633432e-01 5.605726503382e-02 1.203400755842e-01
{7} 3.100000000000e+01 6.067680918770e+00 8.548907895380e-02 3.068221854974e-01 1.654131713896e-01
{8} 3.100000000000e+01 6.067680918770e+00 8.548907895380e-02 3.068221854974e-01 1.654131713896e-01
{9} 3.100000000000e+01 6.123867188484e+00 6.312949910652e-01 4.116821384709e-02 2.105564096330e-01
{10} 3.100000000000e+01 6.123867188484e+00 6.312949910652e-01 4.116821384709e-02 2.105564096330e-01
{11} 3.100000000000e+01 5.834424413874e+00 9.243873785141e-01 2.950992506977e-02 4.493229324555e-01
{12} 3.100000000000e+01 5.834424413874e+00 9.243873785141e-01 2.950992506977e-02 4.493229324555e-01
{13} 3.100000000000e+01  NaN  NaN 3.014447851652e-02  Inf
{14} 3.100000000000e+01 3.997186412673e+00 2.804660355616e-01 1.419663620372e-01 2.606369089435e-01
{15} 3.100000000000e+01 3.997186412673e+00 2.804660355616e-01 1.419663620372e-01 2.606369089435e-01
{16} 3.100000000000e+01  NaN  NaN -1.618251837689e+01  Inf
{17} 3.100000000000e+01  NaN  NaN -3.921091167876e+04  Inf
{18} 3.100000000000e+01  NaN  NaN 3.922740529349e+04  Inf
{19} 3.100000000000e+01 1.276321625331e-06 -2.152943381462e-06 -5.791984554712e+10 7.835015721393e+05
{20} 3.100000000000e+01 1.276321625331e-06 -2.152943381462e-06 -5.791984554712e+10 7.835015721393e+05
{21} 3.100000000000e+01  NaN  NaN 2.455340347008e+10  Inf
{22} 3.100000000000e+01  NaN  NaN -2.241327060458e+12  Inf

{1} 3.200000000000e+01 4.763603881210e+01 4.031963615919e-01 8.286438028955e-03 2.293978818574e-02
{2} 3.200000000000e+01 4.763603881210e+01 4.031963615919e-01 8.286438028955e-03 2.293978818574e-02
{3} 3.200000000000e+01  NaN  NaN 2.823895986732e-03  Inf
{4} 3.200000000000e+01  NaN  NaN 3.736057696980e-03  Inf
{5} 3.200000000000e+01 8.799087023432e+00 3.043549545850e-01 5.942950907276e-02 1.193082959502e-01
{6} 3.200000000000e+01 8.799087023432e+00 3.043549545850e-01 5.942950907276e-02 1.193082959502e-01
{7} 3.200000000000e+01 6.074752908538e+00 8.501302951501e-02 3.081811142696e-01 1.652138496269e-01
{8} 3.200000000000e+01 6.074752908538e+00 8.501302951501e-02 3.081811142696e-01 1.652138496269e-01
{9} 3.200000000000e+01 6.128255956939e+00 6.318108825652e-01 4.110514016976e-02 2.105196878727e-01
{10} 3.200000000000e+01 6.128255956939e+00 6.318108825652e-01 4.110514016976e-02 2.105196878727e-01
{11} 3.200000000000e+01 4.067675093895e+00 2.685987938293e-01 1.456698983747e-01 2.552194453550e-01
{12} 3.200000000000e+01 4.067675093895e+00 2.685987938293e-01 1.456698983747e-01 2.552194453550e-01
{13} 3.200000000000e+01 5.825663267352e+00 9.235375690595e-01 2.958149961629e-02 4.475898554471e-01
{14} 3.200000000000e+01 5.825663267352e+00 9.235375690595e-01 2.958149961629e-02 4.475898554471e-01
{15} 3.200000000000e+01  NaN  NaN 3.033529755175e-02  Inf
{16} 3.200000000000e+01  NaN  NaN -1.656087147639e+01  Inf
{17} 3.200000000000e+01 2.197358752872e-06 6.212172867135e-05 1.165938467822e+09 4.550918235916e+05
{18} 3.200000000000e+01 2.197358752872e-06 6.212172867135e-05 1.165938467822e+09 4.550918235916e+05
{19} 3.200000000000e+01 1.382525152353e-06 2.058954258856e-05 5.591140320909e+09 7.233141462272e+05
{20} 3.200000000000e+01 1.382525152353e-06 2.058954258856e-05 5.591140320909e+09 7.233141462272e+05
{21} 3.200000000000e+01  NaN  NaN -5.415632463778e+09  Inf
{22} 3.200000000000e+01  NaN  NaN 9.639360751517e+11  Inf

{1} 3.300000000000e+01  NaN  NaN 2.908535237764e-03  Inf
{2} 3.300000000000e+01 4.832048566525e+01 3.976033489189e-01 8.283975527817e-03 2.255461761515e-02
{3} 3.300000000000e+01 4.832048566525e+01 3.976033489189e-01 8.283975527817e-03 2.255461761515e-02
{4} 3.300000000000e+01  NaN  NaN 3.853157838965e-03  Inf
{5} 3.300000000000e+01 8.817870710868e+00 2.863004513942e-01 6.304263716859e-02 1.183606526155e-01
{6} 3.300000000000e+01 8.817870710868e+00 2.863004513942e-01 6.304263716859e-02 1.183606526155e-01
{7} 3.300000000000e+01 6.081424258800e+00 8.457483932694e-02 3.094380018775e-01 1.650264330544e-01
{8} 3.300000000000e+01 6.081424258800e+00 8.457483932694e-02 3.094380018775e-01 1.650264330544e-01
{9} 3.300000000000e+01 6.132698190960e+00 6.322789681966e-01 4.104495685604e-02 2.104708622815e-01
{10} 3.300000000000e+01 6.132698190960e+00 6.322789681966e-01 4.104495685604e-02 2.104708622815e-01
{11} 3.300000000000e+01 4.133280355057e+00 2.575503531534e-01 1.495075476942e-01 2.503853655845e-01
{12} 3.300000000000e+01 4.133280355057e+00 2.575503531534e-01 1.495075476942e-01 2.503853655845e-01
{13} 3.300000000000e+01 5.816865136648e+00 9.227119474200e-01 2.965275114278e-02 4.459618520630e-01
{14} 3.300000000000e+01 5.816865136648e+00 9.227119474200e-01 2.965275114278e-02 4.459618520630e-01
{15} 3.300000000000e+01  NaN  NaN 3.047688961266e-02  Inf
{16} 3.300000000000e+01  NaN  NaN -1.694587675781e+01  Inf
{17} 3.300000000000e+01 2.096694576072e-06 6.028211775662e-05 1.259205056301e+09 4.769411879200e+05
{18} 3.300000000000e+01 2.096694576072e-06 6.028211775662e-05 1.259205056301e+09 4.769411879200e+05
{19} 3.300000000000e+01 1.264659293479e-06 6.488425892144e-06 1.939577971954e+10 7.907268030035e+05
{20} 3.300000000000e+01 1.264659293479e-06 6.488425892144e-06 1.939577971954e+10 7.907268030035e+05
{21} 3.300000000000e+01  NaN  NaN 5.346663332139e+10  Inf
{22} 3.300000000000e+01  NaN  NaN -1.784718247147e+11  Inf

{1} 3.400000000000e+01 4.899548074609e+01 3.922337396099e-01 8.281693618390e-03 2.218807402023e-02
{2} 3.400000000000e+01 4.899548074609e+01 3.922337396099e-01 8.281693618390e-03 2.218807402023e-02
{3} 3.400000000000e+01  NaN  NaN 2.992908877505e-03  Inf
{4} 3.400000000000e+01  NaN  NaN 3.970261845466e-03  Inf
{5} 3.400000000000e+01 8.837741448491e+00 2.690804558192e-01 6.692627983557e-02 1.174841672118e-01
{6} 3.400000000000e+01 8.837741448491e+00 2.690804558192e-01 6.692627983557e-02 1.174841672118e-01
{7} 3.400000000000e+01 6.087728048896e+00 8.417072396140e-02 3.106016980346e-01 1.648498884260e-01
{8} 3.400000000000e+01 6.087728048896e+00 8.417072396140e-02 3.106016980346e-01 1.648498884260e-01
{9} 3.400000000000e+01 6.137189612833e+00 6.327025640298e-01 4.098745905860e-02 2.104107735351e-01
{10} 3.400000000000e+01 6.137189612833e+00 6.327025640298e-01 4.098745905860e-02 2.104107735351e-01
{11} 3.400000000000e+01 5.808029115477e+00 9.219088486653e-01 2.972373381397e-02 4.444305546567e-01
{12} 3.400000000000e+01 5.808029115477e+00 9.219088486653e-01 2.972373381397e-02 4.444305546567e-01
{13} 3.400000000000e+01 4.194438652891e+00 2.472827190647e-01 1.534449207727e-01 2.460524859037e-01
{14} 3.400000000000e+01 4.194438652891e+00 2.472827190647e-01 1.534449207727e-01 2.460524859037e-01
{15} 3.400000000000e+01  NaN  NaN 3.057657998438e-02  Inf
{16} 3.400000000000e+01  NaN  NaN -1.733669855148e+01  Inf
{17} 3.400000000000e+01  NaN  NaN 4.862494249152e+04  Inf
{18} 3.400000000000e+01  NaN  NaN -4.860659819671e+04  Inf
{19} 3.400000000000e+01 1.292984263190e-06 -7.133083506966e-07 -1.725637556687e+11 7.734046178823e+05
{20} 3.400000000000e+01 1.292984263190e-06 -7.133083506966e-07 -1.725637556687e+11 7.734046178823e+05
{21} 3.400000000000e+01  NaN  NaN 1.145915812753e+12  Inf
{22} 3.400000000000e+01  NaN  NaN 7.664182328001e+11  Inf

{1} 3.500000000000e+01 4.966138468679e+01 3.870728342031e-01 8.279585867334e-03 2.183871632887e-02
{2} 3.500000000000e+01 4.966138468679e+01 3.870728342031e-01 8.279585867334e-03 2.183871632887e-02
{3} 3.500000000000e+01  NaN  NaN 3.077009985121e-03  Inf
{4} 3.500000000000e+01  NaN  NaN 4.087367728249e-03  Inf
{5} 3.500000000000e+01 8.858673009496e+00 2.526337366338e-01 7.111481992228e-02 1.166682092143e-01
{6} 3.500000000000e+01 8.858673009496e+00 2.526337366338e-01 7.111481992228e-02 1.166682092143e-01
{7} 3.500000000000e+01 6.093693851833e+00 8.379737441038e-02 3.116801103530e-01 1.646832978373e-01
{8} 3.500000000000e+01 6.093693851833e+00 8.379737441038e-02 3.116801103530e-01 1.646832978373e-01
{9} 3.500000000000e+01 6.141726165960e+00 6.330845922310e-01 4.093246871214e-02 2.103401772220e-01
{10} 3.500000000000e+01 6.141726165960e+00 6.330845922310e-01 4.093246871214e-02 2.103401772220e-01
{11} 3.500000000000e+01 5.799154681528e+00 9.211268140809e-01 2.979449398048e-02 4.429886493206e-01
{12} 3.500000000000e+01 5.799154681528e+00 9.211268140809e-01 2.979449398048e-02 4.429886493206e-01
{13} 3.500000000000e+01 4.251540052245e+00 2.377523061489e-01 1.574523397570e-01 2.421524088395e-01
{14} 3.500000000000e+01 4.251540052245e+00 2.377523061489e-01 1.574523397570e-01 2.421524088395e-01
{15} 3.500000000000e+01  NaN  NaN 3.064070917822e-02  Inf
{16} 3.500000000000e+01  NaN  NaN -1.773262645038e+01  Inf
{17} 3.500000000000e+01 4.172705561735e-06 2.927705155973e-04 1.302791910995e+08 2.396526733225e+05
{18} 3.500000000000e+01 4.172705561735e-06 2.927705155973e-04 1.302791910995e+08 2.396526733225e+05
{19} 3.500000000000e+01 1.275426364956e-06 -6.757005203480e-07 -1.846760121877e+11 7.840515356094e+05
{20} 3.500000000000e+01 1.275426364956e-06 -6.757005203480e-07 -1.846760121877e+11 7.840515356094e+05
{21} 3.500000000000e+01  NaN  NaN -9.796981756481e+10  Inf
{22} 3.500000000000e+01  NaN  NaN 6.713981170914e+10  Inf

{1} 3.600000000000e+01 5.031853602187e+01 3.821073149682e-01 8.277644726087e-03 2.150525482977e-02
{2} 3.600000000000e+01 5.031853602187e+01 3.821073149682e-01 8.277644726087e-03 2.150525482977e-02
{3} 3.600000000000e+01  NaN  NaN 3.160831651687e-03  Inf
{4} 3.600000000000e+01  NaN  NaN 4.204473926594e-03  Inf
{5} 3.600000000000e+01 8.880638536129e+00 2.369060839527e-01 7.564839603445e-02 1.159040063436e-01
{6} 3.600000000000e+01 8.880638536129e+00 2.369060839527e-01 7.564839603445e-02 1.159040063436e-01
{7} 3.600000000000e+01 6.099348184675e+00 8.345188594530e-02 3.126803214814e-01 1.645258431017e-01
{8} 3.600000000000e+01 6.099348184675e+00 8.345188594530e-02 3.126803214814e-01 1.645258431017e-01
{9} 3.600000000000e+01 6.146303980184e+00 6.334276376410e-01 4.087983060970e-02 2.102597557215e-01
{10} 3.600000000000e+01 6.146303980184e+00 6.334276376410e-01 4.087983060970e-02 2.102597557215e-01
{11} 3.600000000000e+01 4.304931744428e+00 2.289129213251e-01 1.615041007106e-01 2.386280332721e-01
{12} 3.600000000000e+01 4.304931744428e+00 2.289129213251e-01 1.615041007106e-01 2.386280332721e-01
{13} 3.600000000000e+01 5.790241642209e+00 9.203645621164e-01 2.986507124392e-02 4.416297117023e-01
{14} 3.600000000000e+01 5.790241642209e+00 9.203645621164e-01 2.986507124392e-02 4.416297117023e-01
{15} 3.600000000000e+01  NaN  NaN 3.067472567706e-02  Inf
{16} 3.600000000000e+01  NaN  NaN -1.813309479757e+01  Inf
{17} 3.600000000000e+01  NaN  NaN 7.380013588818e+04  Inf
{18} 3.600000000000e+01  NaN  NaN -7.379963690759e+04  Inf
{19} 3.600000000000e+01 1.273175469463e-06 7.176783917653e-07 1.741814889873e+11 7.854376902360e+05
{20} 3.600000000000e+01 1.273175469463e-06 7.176783917653e-07 1.741814889873e+11 7.854376902360e+05
{21} 3.600000000000e+01  NaN  NaN -1.967603068206e+11  Inf
{22} 3.600000000000e+01  NaN  NaN 5.782835945650e+11  Inf

{1} 3.700000000000e+01 5.096725343484e+01 3.773250767420e-01 8.275861843747e-03 2.118653106126e-02
{2} 3.700000000000e+01 5.096725343484e+01 3.773250767420e-01 8.275861843747e-03 2.118653106126e-02
{3} 3.700000000000e+01  NaN  NaN 3.244367035547e-03  Inf
{4} 3.700000000000e+01  NaN  NaN 4.321579262372e-03  Inf
{5} 3.700000000000e+01 8.903610221924e+00 2.218493343136e-01 8.057417404988e-02 1.151842730303e-01
{6} 3.700000000000e+01 8.903610221924e+00 2.218493343136e-01 8.057417404988e-02 1.151842730303e-01
{7} 3.700000000000e+01 6.104714892386e+00 8.313169917247e-02 3.136086899774e-01 1.643767925712e-01
{8} 3.700000000000e+01 6.104714892386e+00 8.313169917247e-02 3.136086899774e-01 1.643767925712e-01
{9} 3.700000000000e+01 6.150919342103e+00 6.337339953098e-01 4.082940912961e-02 2.101701282801e-01
{10} 3.700000000000e+01 6.150919342103e+00 6.337339953098e-01 4.082940912961e-02 2.101701282801e-01
{11} 3.700000000000e+01 4.354922455462e+00 2.207177889326e-01 1.655778993371e-01 2.354314924627e-01
{12} 3.700000000000e+01 4.354922455462e+00 2.207177889326e-01 1.655778993371e-01 2.354314924627e-01
{13} 3.700000000000e+01 5.781290089332e+00 9.196209640129e-01 2.993549935112e-02 4.403480724740e-01
{14} 3.700000000000e+01 5.781290089332e+00 9.196209640129e-01 2.993549935112e-02 4.403480724740e-01
{15} 3.700000000000e+01  NaN  NaN 3.068329043933e-02  Inf
{16} 3.700000000000e+01  NaN  NaN -1.853758595497e+01  Inf
{17} 3.700000000000e+01  NaN  NaN 6.932553439416e+04  Inf
{18} 3.700000000000e+01 1.242235770620e-06 -9.449644341709e-06 -1.355815634704e+10 8.050001647801e+05
{19} 3.700000000000e+01 1.242235770620e-06 -9.449644341709e-06 -1.355815634704e+10 8.050001647801e+05
{20} 3.700000000000e+01  NaN  NaN -6.935331888704e+04  Inf
{21} 3.700000000000e+01  NaN  NaN -7.086939095354e+09  Inf
{22} 3.700000000000e+01  NaN  NaN 1.330899746585e+11  Inf

{1} 3.800000000000e+01 5.160783762945e+01 3.727150820389e-01 8.274228348050e-03 2.088150093492e-02
{2} 3.800000000000e+01 5.160783762945e+01 3.727150820389e-01 8.274228348050e-03 2.088150093492e-02
{3} 3.800000000000e+01  NaN  NaN 3.327609405098e-03  Inf
{4} 3.800000000000e+01  NaN  NaN 4.438682891313e-03  Inf
{5} 3.800000000000e+01 8.927559090215e+00 2.074205377705e-01 8.594797371314e-02 1.145029247429e-01
{6} 3.800000000000e+01 8.927559090215e+00 2.074205377705e-01 8.594797371314e-02 1.145029247429e-01
{7} 3.800000000000e+01 6.109815474423e+00 8.283455103156e-02 3.144709371178e-01 1.642354900205e-01
{8} 3.800000000000e+01 6.109815474423e+00 8.283455103156e-02 3.144709371178e-01 1.642354900205e-01
{9} 3.800000000000e+01 6.155568669596e+00 6.340057101349e-01 4.078108552240e-02 2.100718594846e-01
{10} 3.800000000000e+01 6.155568669596e+00 6.340057101349e-01 4.078108552240e-02 2.100718594846e-01
{11} 3.800000000000e+01 5.772300364019e+00 9.188950231928e-01 3.000580693513e-02 4.391387060217e-01
{12} 3.800000000000e+01 5.772300364019e+00 9.188950231928e-01 3.000580693513e-02 4.391387060217e-01
{13} 3.800000000000e+01  NaN  NaN 3.067038040405e-02  Inf
{14} 3.800000000000e+01 4.401787018671e+00 2.131208890029e-01 1.696543842419e-01 2.325224691092e-01
{15} 3.800000000000e+01 4.401787018671e+00 2.131208890029e-01 1.696543842419e-01 2.325224691092e-01
{16} 3.800000000000e+01  NaN  NaN -1.894568401896e+01  Inf
{17} 3.800000000000e+01 1.353048977561e-06 3.917746903431e-01 3.002411661188e+05 8.032852106665e+05
{18} 3.800000000000e+01 1.353048977561e-06 3.917746903431e-01 3.002411661188e+05 8.032852106665e+05
{19} 3.800000000000e+01 1.353113520654e-06 -3.917218696594e-01 -3.002673279916e+05 8.032272601203e+05
{20} 3.800000000000e+01 1.353113520654e-06 -3.917218696594e-01 -3.002673279916e+05 8.032272601203e+05
{21} 3.800000000000e+01  NaN  NaN -4.322666493247e+09  Inf
{22} 3.800000000000e+01  NaN  NaN -1.325259289994e+11  Inf

{1} 3.900000000000e+01 5.224057290139e+01 3.682672367493e-01 8.272735088538e-03 2.058922048996e-02
{2} 3.900000000000e+01 5.224057290139e+01 3.682672367493e-01 8.272735088538e-03 2.058922048996e-02
{3} 3.900000000000e+01  NaN  NaN 3.410552169910e-03  Inf
{4} 3.900000000000e+01  NaN  NaN 4.555784254280e-03  Inf
{5} 3.900000000000e+01 8.952454865342e+00 1.935812442035e-01 9.183637116481e-02 1.138548556285e-01
{6} 3.900000000000e+01 8.952454865342e+00 1.935812442035e-01 9.183637116481e-02 1.138548556285e-01
{7} 3.900000000000e+01 6.114669365729e+00 8.255843372481e-02 3.152722221938e-01 1.641013451712e-01
{8} 3.900000000000e+01 6.114669365729e+00 8.255843372481e-02 3.152722221938e-01 1.641013451712e-01
{9} 3.900000000000e+01 6.160248492690e+00 6.342446109586e-01 4.073475557483e-02 2.099654665177e-01
{10} 3.900000000000e+01 6.160248492690e+00 6.342446109586e-01 4.073475557483e-02 2.099654665177e-01
{11} 3.900000000000e+01 5.763273022675e+00 9.181858577149e-01 3.007601816888e-02 4.379971382274e-01
{12} 3.900000000000e+01 5.763273022675e+00 9.181858577149e-01 3.007601816888e-02 4.379971382274e-01
{13} 3.900000000000e+01 4.445770723597e+00 2.060778124477e-01 1.737168054960e-01 2.298668289798e-01
{14} 3.900000000000e+01 4.445770723597e+00 2.060778124477e-01 1.737168054960e-01 2.298668289798e-01
{15} 3.900000000000e+01  NaN  NaN 3.063938454090e-02  Inf
{16} 3.900000000000e+01  NaN  NaN -1.935701811014e+01  Inf
{17} 3.900000000000e+01  NaN  NaN -6.407111460471e+04  Inf
{18} 3.900000000000e+01  NaN  NaN 6.408497244090e+04  Inf
{19} 3.900000000000e+01 1.277867354976e-06 8.010126243584e-07 1.554873261430e+11 7.825538355813e+05
{20} 3.900000000000e+01 1.277867354976e-06 8.010126243584e-07 1.554873261430e+11 7.825538355813e+05
{21} 3.900000000000e+01  NaN  NaN -1.689546570579e+11  Inf
{22} 3.900000000000e+01  NaN  NaN 2.621358878878e+12  Inf

{1} 4.000000000000e+01 5.286572847232e+01 3.639722832831e-01 8.271372840141e-03 2.030883379964e-02
{2} 4.000000000000e+01 5.286572847232e+01 3.639722832831e-01 8.271372840141e-03 2.030883379964e-02
{3} 4.000000000000e+01  NaN  NaN 3.493188901609e-03  Inf
{4} 4.000000000000e+01  NaN  NaN 4.672883031085e-03  Inf
{5} 4.000000000000e+01 8.978265929087e+00 1.802968905715e-01 9.831944764902e-02 1.132357634549e-01
{6} 4.000000000000e+01 8.978265929087e+00 1.802968905715e-01 9.831944764902e-02 1.132357634549e-01
{7} 4.000000000000e+01 6.119294177325e+00 8.230156025508e-02 3.160172076014e-01 1.639738256377e-01
{8} 4.000000000000e+01 6.119294177325e+00 8.230156025508e-02 3.160172076014e-01 1.639738256377e-01
{9} 4.000000000000e+01 6.164955434219e+00 6.344523388180e-01 4.069032770154e-02 2.098514253031e-01
{10} 4.000000000000e+01 6.164955434219e+00 6.344523388180e-01 4.069032770154e-02 2.098514253031e-01
{11} 4.000000000000e+01 4.487093258729e+00 1.995462809780e-01 1.777507319068e-01 2.274355170319e-01
{12} 4.000000000000e+01 4.487093258729e+00 1.995462809780e-01 1.777507319068e-01 2.274355170319e-01
{13} 4.000000000000e+01 5.754208814461e+00 9.174926854031e-01 3.014615328672e-02 4.369193692274e-01
{14} 4.000000000000e+01 5.754208814461e+00 9.174926854031e-01 3.014615328672e-02 4.369193692274e-01
{15} 4.000000000000e+01  NaN  NaN 3.059318969225e-02  Inf
{16} 4.000000000000e+01  NaN  NaN -1.977126684100e+01  Inf
{17} 4.000000000000e+01 2.441047085172e-06 1.389720864978e-04 4.691550517857e+08 4.096602706810e+05
{18} 4.000000000000e+01 2.441047085172e-06 1.389720864978e-04 4.691550517857e+08 4.096602706810e+05
{19} 4.000000000000e+01 1.192945039855e-06 1.575323654639e-06 8.468956488635e+10 8.382615850625e+05
{20} 4.000000000000e+01 1.192945039855e-06 1.575323654639e-06 8.468956488635e+10 8.382615850625e+05
{21} 4.000000000000e+01  NaN  NaN -3.763579282461e+11  Inf
{22} 4.000000000000e+01  NaN  NaN 1.854060874972e+10  Inf

{1} 4.100000000000e+01 5.348355963714e+01 3.598217084867e-01 8.270132468078e-03 2.003956264844e-02
{2} 4.100000000000e+01 5.348355963714e+01 3.598217084867e-01 8.270132468078e-03 2.003956264844e-02
{3} 4.100000000000e+01  NaN  NaN 3.575513346188e-03  Inf
{4} 4.100000000000e+01  NaN  NaN 4.789979098330e-03  Inf
{5} 4.100000000000e+01 9.004959353059e+00 1.675362742733e-01 1.054944279743e-01 1.126420103156e-01
{6} 4.100000000000e+01 9.004959353059e+00 1.675362742733e-01 1.054944279743e-01 1.126420103156e-01
{7} 4.100000000000e+01 6.123705904804e+00 8.206233534423e-02 3.167101152928e-01 1.638524500067e-01
{8} 4.100000000000e+01 6.123705904804e+00 8.206233534423e-02 3.167101152928e-01 1.638524500067e-01
{9} 4.100000000000e+01 6.169686197953e+00 6.346303717109e-01 4.064772125115e-02 2.097301757657e-01
{10} 4.100000000000e+01 6.169686197953e+00 6.346303717109e-01 4.064772125115e-02 2.097301757657e-01
{11} 4.100000000000e+01 4.525952180892e+00 1.934864370389e-01 1.817438162829e-01 2.252036667087e-01
{12} 4.100000000000e+01 4.525952180892e+00 1.934864370389e-01 1.817438162829e-01 2.252036667087e-01
{13} 4.100000000000e+01 5.745108654864e+00 9.168148110656e-01 3.021622907055e-02 4.359018090055e-01
{14} 4.100000000000e+01 5.745108654864e+00 9.168148110656e-01 3.021622907055e-02 4.359018090055e-01
{15} 4.100000000000e+01  NaN  NaN 3.053425554708e-02  Inf
{16} 4.100000000000e+01  NaN  NaN -2.018816278658e+01  Inf
{17} 4.100000000000e+01 1.458527844820e-06 1.890480663335e-05 5.772090974085e+09 6.856228379392e+05
{18} 4.100000000000e+01 1.458527844820e-06 1.890480663335e-05 5.772090974085e+09 6.856228379392e+05
{19} 4.100000000000e+01 1.152299276395e-06 1.374132598068e-05 1.005139175718e+10 8.678301033244e+05
{20} 4.100000000000e+01 1.152299276395e-06 1.374132598068e-05 1.005139175718e+10 8.678301033244e+05
{21} 4.100000000000e+01  NaN  NaN -3.593468435171e+10  Inf
{22} 4.100000000000e+01  NaN  NaN 4.129802874364e+10  Inf

{1} 4.200000000000e+01 5.409430875766e+01 3.558076640783e-01 8.269005057734e-03 1.978069767726e-02
{2} 4.200000000000e+01 5.409430875766e+01 3.558076640783e-01 8.269005057734e-03 1.978069767726e-02
{3} 4.200000000000e+01  NaN  NaN 3.657519429470e-03  Inf
{4} 4.200000000000e+01  NaN  NaN 4.907072491999e-03  Inf
{5} 4.200000000000e+01 9.032500996085e+00 1.552711004227e-01 1.134805632222e-01 1.120705106926e-01
{6} 4.200000000000e+01 9.032500996085e+00 1.552711004227e-01 1.134805632222e-01 1.120705106926e-01
{7} 4.200000000000e+01 6.127919108994e+00 8.183933077324e-02 3.173547759403e-01 1.637367818835e-01
{8} 4.200000000000e+01 6.127919108994e+00 8.183933077324e-02 3.173547759403e-01 1.637367818835e-01
{9} 4.200000000000e+01 6.174437554063e+00 6.347800453279e-01 4.060686512144e-02 2.096021264002e-01
{10} 4.200000000000e+01 6.174437554063e+00 6.347800453279e-01 4.060686512144e-02 2.096021264002e-01
{11} 4.200000000000e+01 5.735973609668e+00 9.161516154326e-01 3.028625923564e-02 4.349412223909e-01
{12} 4.200000000000e+01 5.735973609668e+00 9.161516154326e-01 3.028625923564e-02 4.349412223909e-01
{13} 4.200000000000e+01 4.562525911045e+00 1.878609775732e-01 1.856855933745e-01 2.231498807826e-01
{14} 4.200000000000e+01 4.562525911045e+00 1.878609775732e-01 1.856855933745e-01 2.231498807826e-01
{15} 4.200000000000e+01  NaN  NaN 3.046467917350e-02  Inf
{16} 4.200000000000e+01  NaN  NaN -2.060745848378e+01  Inf
{17} 4.200000000000e+01 9.630479417909e-07 4.109218158138e-05 4.021731064333e+09 1.038369906055e+06
{18} 4.200000000000e+01 9.630479417909e-07 4.109218158138e-05 4.021731064333e+09 1.038369906055e+06
{19} 4.200000000000e+01 1.192640050650e-06 6.527209220100e-06 2.044481610380e+10 8.384759504564e+05
{20} 4.200000000000e+01 1.192640050650e-06 6.527209220100e-06 2.044481610380e+10 8.384759504564e+05
{21} 4.200000000000e+01  NaN  NaN -1.946855724284e+10  Inf
{22} 4.200000000000e+01  NaN  NaN -3.088951591265e+10  Inf

{1} 4.300000000000e+01 5.469820614195e+01 3.519228976897e-01 8.267982011946e-03 1.953159074783e-02
{2} 4.300000000000e+01 5.469820614195e+01 3.519228976897e-01 8.267982011946e-03 1.953159074783e-02
{3} 4.300000000000e+01  NaN  NaN 3.739201257340e-03  Inf
{4} 4.300000000000e+01  NaN  NaN 5.024163374998e-03  Inf
{5} 4.300000000000e+01 9.060855654831e+00 1.434755929408e-01 1.224257833432e-01 1.115186406765e-01
{6} 4.300000000000e+01 9.060855654831e+00 1.434755929408e-01 1.224257833432e-01 1.115186406765e-01
{7} 4.300000000000e+01 6.131947072083e+00 8.163126425246e-02 3.179546724234e-01 1.636264247751e-01
{8} 4.300000000000e+01 6.131947072083e+00 8.163126425246e-02 3.179546724234e-01 1.636264247751e-01
{9} 4.300000000000e+01 6.179206333157e+00 6.349025713056e-01 4.056769650337e-02 2.094676580888e-01
{10} 4.300000000000e+01 6.179206333157e+00 6.349025713056e-01 4.056769650337e-02 2.094676580888e-01
{11} 4.300000000000e+01 5.726804874327e+00 9.155025457512e-01 3.035625479517e-02 4.340346833220e-01
{12} 4.300000000000e+01 5.726804874327e+00 9.155025457512e-01 3.035625479517e-02 4.340346833220e-01
{13} 4.300000000000e+01  NaN  NaN 3.038625005461e-02  Inf
{14} 4.300000000000e+01 4.596976287980e+00 1.826351831222e-01 1.895672996301e-01 2.212556496638e-01
{15} 4.300000000000e+01 4.596976287980e+00 1.826351831222e-01 1.895672996301e-01 2.212556496638e-01
{16} 4.300000000000e+01  NaN  NaN -2.102894107205e+01  Inf
{17} 4.300000000000e+01 2.530713213172e-06 1.624308886761e-04 3.871761336701e+08 3.951455297215e+05
{18} 4.300000000000e+01 2.530713213172e-06 1.624308886761e-04 3.871761336701e+08 3.951455297215e+05
{19} 4.300000000000e+01 1.241373730809e-06 4.937003159868e-06 2.596893716705e+10 8.055591762529e+05
{20} 4.300000000000e+01 1.241373730809e-06 4.937003159868e-06 2.596893716705e+10 8.055591762529e+05
{21} 4.300000000000e+01  NaN  NaN -8.647712941723e+09  Inf
{22} 4.300000000000e+01  NaN  NaN -1.837078724168e+11  Inf

{1} 4.400000000000e+01 5.529547082507e+01 3.481606928940e-01 8.267055121420e-03 1.929164833088e-02
{2} 4.400000000000e+01 5.529547082507e+01 3.481606928940e-01 8.267055121420e-03 1.929164833088e-02
{3} 4.400000000000e+01  NaN  NaN 3.820553112218e-03  Inf
{4} 4.400000000000e+01  NaN  NaN 5.141252009502e-03  Inf
{5} 4.400000000000e+01 9.089987255137e+00 1.321261609274e-01 1.325159154353e-01 1.109841637350e-01
{6} 4.400000000000e+01 9.089987255137e+00 1.321261609274e-01 1.325159154353e-01 1.109841637350e-01
{7} 4.400000000000e+01 6.135801935164e+00 8.143698170078e-02 3.185129764829e-01 1.635210176237e-01
{8} 4.400000000000e+01 6.135801935164e+00 8.143698170078e-02 3.185129764829e-01 1.635210176237e-01
{9} 4.400000000000e+01 6.183989414300e+00 6.349990524540e-01 4.053015988007e-02 2.093271275241e-01
{10} 4.400000000000e+01 6.183989414300e+00 6.349990524540e-01 4.053015988007e-02 2.093271275241e-01
{11} 4.400000000000e+01 5.717603762441e+00 9.148671075358e-01 3.042622434643e-02 4.331795351902e-01
{12} 4.400000000000e+01 5.717603762441e+00 9.148671075358e-01 3.042622434643e-02 4.331795351902e-01
{13} 4.400000000000e+01  NaN  NaN 3.030049675428e-02  Inf
{14} 4.400000000000e+01 4.629450727347e+00 1.777768776886e-01 1.933817077393e-01 2.195048795926e-01
{15} 4.400000000000e+01 4.629450727347e+00 1.777768776886e-01 1.933817077393e-01 2.195048795926e-01
{16} 4.400000000000e+01  NaN  NaN -2.145241325236e+01  Inf
{17} 4.400000000000e+01 1.261080198186e-06 -2.155588743154e-07 -5.854792641627e+11 7.929709795130e+05
{18} 4.400000000000e+01 1.261080198186e-06 -2.155588743154e-07 -5.854792641627e+11 7.929709795130e+05
{19} 4.400000000000e+01 6.392243813322e-06 4.422769030406e-04 5.629535216361e+07 1.564396050915e+05
{20} 4.400000000000e+01 6.392243813322e-06 4.422769030406e-04 5.629535216361e+07 1.564396050915e+05
{21} 4.400000000000e+01  NaN  NaN 2.853925327836e+10  Inf
{22} 4.400000000000e+01  NaN  NaN -3.535750822429e+10  Inf

{1} 4.500000000000e+01 5.588631127364e+01 3.445148168771e-01 8.266216611601e-03 1.906032575490e-02
{2} 4.500000000000e+01 5.588631127364e+01 3.445148168771e-01 8.266216611601e-03 1.906032575490e-02
{3} 4.500000000000e+01  NaN  NaN 3.901569446994e-03  Inf
{4} 4.500000000000e+01  NaN  NaN 5.258338733724e-03  Inf
{5} 4.500000000000e+01 9.119859072533e+00 1.212011130356e-01 1.439877005536e-01 1.104651695505e-01
{6} 4.500000000000e+01 9.119859072533e+00 1.212011130356e-01 1.439877005536e-01 1.104651695505e-01
{7} 4.500000000000e+01 6.139494817386e+00 8.125544156546e-02 3.190325827972e-01 1.634202309496e-01
{8} 4.500000000000e+01 6.139494817386e+00 8.125544156546e-02 3.190325827972e-01 1.634202309496e-01
{9} 4.500000000000e+01 6.188783722900e+00 6.350704967531e-01 4.049420605759e-02 2.091808700827e-01
{10} 4.500000000000e+01 6.188783722900e+00 6.350704967531e-01 4.049420605759e-02 2.091808700827e-01
{11} 4.500000000000e+01 4.660084037117e+00 1.732563439876e-01 1.971229715248e-01 2.178835086846e-01
{12} 4.500000000000e+01 4.660084037117e+00 1.732563439876e-01 1.971229715248e-01 2.178835086846e-01
{13} 4.500000000000e+01 5.708371688751e+00 9.142448572836e-01 3.049617436078e-02 4.323733572034e-01
{14} 4.500000000000e+01 5.708371688751e+00 9.142448572836e-01 3.049617436078e-02 4.323733572034e-01
{15} 4.500000000000e+01  NaN  NaN 3.020872635329e-02  Inf
{16} 4.500000000000e+01  NaN  NaN -2.187774984084e+01  Inf
{17} 4.500000000000e+01 9.911929017397e-07 2.505261893630e-04 6.409273667590e+08 1.008885384093e+06
{18} 4.500000000000e+01 9.911929017397e-07 2.505261893630e-04 6.409273667590e+08 1.008885384093e+06
{19} 4.500000000000e+01 1.246054572517e-06 3.501804395944e-06 3.647465433689e+10 8.025330688253e+05
{20} 4.500000000000e+01 1.246054572517e-06 3.501804395944e-06 3.647465433689e+10 8.025330688253e+05
{21} 4.500000000000e+01  NaN  NaN 6.185633300282e+09  Inf
{22} 4.500000000000e+01  NaN  NaN -9.108528765953e+10  Inf

{1} 4.600000000000e+01 5.647092602673e+01 3.409794745977e-01 8.265459170650e-03 1.883712218359e-02
{2} 4.600000000000e+01 5.647092602673e+01 3.409794745977e-01 8.265459170650e-03 1.883712218359e-02
{3} 4.600000000000e+01  NaN  NaN 3.982244877435e-03  Inf
{4} 4.600000000000e+01  NaN  NaN 5.375423942672e-03  Inf
{5} 4.600000000000e+01 9.150433969963e+00 1.106804135237e-01 1.571475690051e-01 1.099600232983e-01
{6} 4.600000000000e+01 9.150433969963e+00 1.106804135237e-01 1.571475690051e-01 1.099600232983e-01
{7} 4.600000000000e+01 6.143035920780e+00 8.108570183713e-02 3.195161368933e-01 1.633237634847e-01
{8} 4.600000000000e+01 6.143035920780e+00 8.108570183713e-02 3.195161368933e-01 1.633237634847e-01
{9} 4.600000000000e+01 6.193586221836e+00 6.351178284151e-01 4.045979144215e-02 2.090292023234e-01
{10} 4.600000000000e+01 6.193586221836e+00 6.351178284151e-01 4.045979144215e-02 2.090292023234e-01
{11} 4.600000000000e+01 4.688999940304e+00 1.690462108829e-01 2.007864789122e-01 2.163791932453e-01
{12} 4.600000000000e+01 4.688999940304e+00 1.690462108829e-01 2.007864789122e-01 2.163791932453e-01
{13} 4.600000000000e+01 5.699110161575e+00 9.136353963795e-01 3.056610938982e-02 4.316139356083e-01
{14} 4.600000000000e+01 5.699110161575e+00 9.136353963795e-01 3.056610938982e-02 4.316139356083e-01
{15} 4.600000000000e+01  NaN  NaN 3.011205771789e-02  Inf
{16} 4.600000000000e+01  NaN  NaN -2.230476073966e+01  Inf
{17} 4.600000000000e+01 1.210436648463e-06 5.657248843593e-02 2.324196190066e+06 8.274733550412e+05
{18} 4.600000000000e+01 1.210436648463e-06 5.657248843593e-02 2.324196190066e+06 8.274733550412e+05
{19} 4.600000000000e+01 1.210395980657e-06 -5.654650825501e-02 -2.325342163382e+06 8.274999372678e+05
{20} 4.600000000000e+01 1.210395980657e-06 -5.654650825501e-02 -2.325342163382e+06 8.274999372678e+05
{21} 4.600000000000e+01  NaN  NaN 2.597019985254e+10  Inf
{22} 4.600000000000e+01  NaN  NaN 2.601844733481e+09  Inf

{1} 4.700000000000e+01 5.704950428396e+01 3.375492684843e-01 8.264775962107e-03 1.862157621320e-02
{2} 4.700000000000e+01 5.704950428396e+01 3.375492684843e-01 8.264775962107e-03 1.862157621320e-02
{3} 4.700000000000e+01  NaN  NaN 4.062574173879e-03  Inf
{4} 4.700000000000e+01  NaN  NaN 5.492508072377e-03  Inf
{5} 4.700000000000e+01 9.181674642711e+00 1.005454744762e-01 1.723993819242e-01 1.094673233382e-01
{6} 4.700000000000e+01 9.181674642711e+00 1.005454744762e-01 1.723993819242e-01 1.094673233382e-01
{7} 4.700000000000e+01 6.146434622840e+00 8.092690836762e-02 3.199660615486e-01 1.632313392129e-01
{8} 4.700000000000e+01 6.146434622840e+00 8.092690836762e-02 3.199660615486e-01 1.632313392129e-01
{9} 4.700000000000e+01 6.198393911556e+00 6.351418988589e-01 4.042687727644e-02 2.088724242010e-01
{10} 4.700000000000e+01 6.198393911556e+00 6.351418988589e-01 4.042687727644e-02 2.088724242010e-01
{11} 4.700000000000e+01 5.689820767092e+00 9.130383653926e-01 3.063603230706e-02 4.308992387003e-01
{12} 4.700000000000e+01 5.689820767092e+00 9.130383653926e-01 3.063603230706e-02 4.308992387003e-01
{13} 4.700000000000e+01 4.716312351564e+00 1.651213245517e-01 2.043687121117e-01 2.149810503955e-01
{14} 4.700000000000e+01 4.716312351564e+00 1.651213245517e-01 2.043687121117e-01 2.149810503955e-01
{15} 4.700000000000e+01  NaN  NaN 3.001144954868e-02  Inf
{16} 4.700000000000e+01  NaN  NaN -2.273331060927e+01  Inf
{17} 4.700000000000e+01 5.039880262050e-06 4.929677245868e-04 6.405918763292e+07 1.984174364297e+05
{18} 4.700000000000e+01 5.039880262050e-06 4.929677245868e-04 6.405918763292e+07 1.984174364297e+05
{19} 4.700000000000e+01 1.251701732137e-06 2.966249886319e-06 4.286586025861e+10 7.989123721167e+05
{20} 4.700000000000e+01 1.251701732137e-06 2.966249886319e-06 4.286586025861e+10 7.989123721167e+05
{21} 4.700000000000e+01  NaN  NaN 5.137843096018e+10  Inf
{22} 4.700000000000e+01  NaN  NaN -3.194404184374e+11  Inf

{1} 4.800000000000e+01 5.762222644887e+01 3.342191628613e-01 8.264160625620e-03 1.841326199969e-02
{2} 4.800000000000e+01 5.762222644887e+01 3.342191628613e-01 8.264160625620e-03 1.841326199969e-02
{3} 4.800000000000e+01  NaN  NaN 4.142552252766e-03  Inf
{4} 4.800000000000e+01  NaN  NaN 5.609591587091e-03  Inf
{5} 4.800000000000e+01 9.213543861053e+00 9.077897931955e-02 1.902865659482e-01 1.089858657573e-01
{6} 4.800000000000e+01 9.213543861053e+00 9.077897931955e-02 1.902865659482e-01 1.089858657573e-01
{7} 4.800000000000e+01 6.149699557599e+00 8.077828512986e-02 3.203845786040e-01 1.631427047936e-01
{8} 4.800000000000e+01 6.149699557599e+00 8.077828512986e-02 3.203845786040e-01 1.631427047936e-01
{9} 4.800000000000e+01 6.203203826261e+00 6.351434949572e-01 4.039542908580e-02 2.087108208389e-01
{10} 4.800000000000e+01 6.203203826261e+00 6.351434949572e-01 4.039542908580e-02 2.087108208389e-01
{11} 4.800000000000e+01 4.742126448658e+00 1.614586113654e-01 2.078671149582e-01 2.136794459519e-01
{12} 4.800000000000e+01 4.742126448658e+00 1.614586113654e-01 2.078671149582e-01 2.136794459519e-01
{13} 4.800000000000e+01 5.680505161131e+00 9.124534396501e-01 3.070594447154e-02 4.302273961845e-01
{14} 4.800000000000e+01 5.680505161131e+00 9.124534396501e-01 3.070594447154e-02 4.302273961845e-01
{15} 4.800000000000e+01  NaN  NaN 2.990772403542e-02  Inf
{16} 4.800000000000e+01  NaN  NaN -2.316333024924e+01  Inf
{17} 4.800000000000e+01  NaN  NaN -1.244477314243e+05  Inf
{18} 4.800000000000e+01  NaN  NaN 1.244482305937e+05  Inf
{19} 4.800000000000e+01 1.256040866798e-06 1.023249834389e-05 1.238325108060e+10 7.961524393724e+05
{20} 4.800000000000e+01 1.256040866798e-06 1.023249834389e-05 1.238325108060e+10 7.961524393724e+05
{21} 4.800000000000e+01  NaN  NaN 6.641688048649e+11  Inf
{22} 4.800000000000e+01  NaN  NaN -4.689521338487e+09  Inf

{1} 4.900000000000e+01 5.818926463296e+01 3.309844524387e-01 8.263607268543e-03 1.821178584107e-02
{2} 4.900000000000e+01 5.818926463296e+01 3.309844524387e-01 8.263607268543e-03 1.821178584107e-02
{3} 4.900000000000e+01  NaN  NaN 4.222174168493e-03  Inf
{4} 4.900000000000e+01  NaN  NaN 5.726674969010e-03  Inf
{5} 4.900000000000e+01 9.246004703576e+00 8.136473328120e-02 2.115581772117e-01 1.085146145300e-01
{6} 4.900000000000e+01 9.246004703576e+00 8.136473328120e-02 2.115581772117e-01 1.085146145300e-01
{7} 4.900000000000e+01 6.152838687825e+00 8.063912548442e-02 3.207737292894e-01 1.630576272777e-01
{8} 4.900000000000e+01 6.152838687825e+00 8.063912548442e-02 3.207737292894e-01 1.630576272777e-01
{9} 4.900000000000e+01 6.208013031300e+00 6.351233473786e-01 4.036541611871e-02 2.085446643066e-01
{10} 4.900000000000e+01 6.208013031300e+00 6.351233473786e-01 4.036541611871e-02 2.085446643066e-01
{11} 4.900000000000e+01 4.766539575345e+00 1.580369379287e-01 2.112799678382e-01 2.124658187325e-01
{12} 4.900000000000e+01 4.766539575345e+00 1.580369379287e-01 2.112799678382e-01 2.124658187325e-01
{13} 4.900000000000e+01 5.671165060904e+00 9.118803245155e-01 3.077584590540e-02 4.295966793989e-01
{14} 4.900000000000e+01 5.671165060904e+00 9.118803245155e-01 3.077584590540e-02 4.295966793989e-01
{15} 4.900000000000e+01  NaN  NaN 2.980158682115e-02  Inf
{16} 4.900000000000e+01  NaN  NaN -2.359466448738e+01  Inf
{17} 4.900000000000e+01 1.353249718842e-06 7.846433644439e-05 1.498890405785e+09 7.389619145345e+05
{18} 4.900000000000e+01 1.353249718842e-06 7.846433644439e-05 1.498890405785e+09 7.389619145345e+05
{19} 4.900000000000e+01 1.113689623956e-06 1.691294601780e-06 8.449610610434e+10 8.979162402982e+05
{20} 4.900000000000e+01 1.113689623956e-06 1.691294601780e-06 8.449610610434e+10 8.979162402982e+05
{21} 4.900000000000e+01  NaN  NaN -1.407239332582e+10  Inf
{22} 4.900000000000e+01  NaN  NaN -2.986715767260e+11  Inf

{1} 5.000000000000e+01 5.875078312624e+01 3.278407342867e-01 8.263110450876e-03 1.801678315174e-02
{2} 5.000000000000e+01 5.875078312624e+01 3.278407342867e-01 8.263110450876e-03 1.801678315174e-02
{3} 5.000000000000e+01  NaN  NaN 4.301435105824e-03  Inf
{4} 5.000000000000e+01  NaN  NaN 5.843758710088e-03  Inf
{5} 5.000000000000e+01 9.279020774318e+00 7.228753699315e-02 2.372764068271e-01 1.080526763361e-01
{6} 5.000000000000e+01 9.279020774318e+00 7.228753699315e-02 2.372764068271e-01 1.080526763361e-01
{7} 5.000000000000e+01 6.155859368481e+00 8.050878470246e-02 3.211353917173e-01 1.629758921095e-01
{8} 5.000000000000e+01 6.155859368481e+00 8.050878470246e-02 3.211353917173e-01 1.629758921095e-01
{9} 5.000000000000e+01 6.212818623694e+00 6.350821371085e-01 4.033681089005e-02 2.083742149092e-01
{10} 5.000000000000e+01 6.212818623694e+00 6.350821371085e-01 4.033681089005e-02 2.083742149092e-01
{11} 5.000000000000e+01 4.789642005735e+00 1.548369719405e-01 2.146062709413e-01 2.113325343146e-01
{12} 5.000000000000e+01 4.789642005735e+00 1.548369719405e-01 2.146062709413e-01 2.113325343146e-01
{13} 5.000000000000e+01 5.661802235224e+00 9.113187520116e-01 3.084573543821e-02 4.290054861541e-01
{14} 5.000000000000e+01 5.661802235224e+00 9.113187520116e-01 3.084573543821e-02 4.290054861541e-01
{15} 5.000000000000e+01  NaN  NaN 2.969364387431e-02  Inf
{16} 5.000000000000e+01  NaN  NaN -2.402723436907e+01  Inf
{17} 5.000000000000e+01  NaN  NaN 4.984430210570e+04  Inf
{18} 5.000000000000e+01 1.305996983035e-06 -1.052092771883e-05 -1.158307640438e+10 7.656985529412e+05
{19} 5.000000000000e+01 1.305996983035e-06 -1.052092771883e-05 -1.158307640438e+10 7.656985529412e+05
{20} 5.000000000000e+01  NaN  NaN -4.985180521380e+04  Inf
{21} 5.000000000000e+01  NaN  NaN 1.854152132422e+10  Inf
{22} 5.000000000000e+01  NaN  NaN 2.696599784820e+11  Inf

