%%% Steady State Transfer Function
speed 1  2
1.000000000000e+00 1.376975595618e-02 -3.137578258529e-03 
2.000000000000e+00 1.745583862066e-02 2.877339720726e-04 
3.000000000000e+00 1.335206627846e-02 -1.494270563126e-02 
4.000000000000e+00 3.987260162830e-02 9.159862995148e-03 
5.000000000000e+00 1.075302064419e-02 2.252914756536e-02 
6.000000000000e+00 -3.403037041426e-02 -4.473859071732e-02 
7.000000000000e+00 -4.528033733368e-02 -7.299378514290e-03 
8.000000000000e+00 -3.344845771790e-02 -3.343057632446e-02 
9.000000000000e+00 -9.835696220398e-02 -4.046475887299e-02 
1.000000000000e+01 1.297763884068e-01 2.071538288146e-01 
1.100000000000e+01 -1.182861328125e-01 2.088260650635e-02 
1.200000000000e+01 4.290387406945e-02 5.786282569170e-02 
1.300000000000e+01 -5.307316780090e-02 2.785836160183e-02 
1.400000000000e+01 1.472304854542e-01 2.223288416862e-01 
1.500000000000e+01 -3.212163377684e-02 -3.835782823417e-02 
1.600000000000e+01 7.506367564201e-02 1.297429837286e-01 
1.700000000000e+01 2.044644206762e-02 3.549121972173e-02 
1.800000000000e+01 -4.808694124222e-02 -6.567203998566e-02 
1.900000000000e+01 1.363332271576e-01 2.727457778528e-01 
2.000000000000e+01 3.070652307459e-02 7.792318040267e-02 
2.100000000000e+01 1.725225297412e-01 3.742543955426e-01 
2.200000000000e+01 2.282376959920e-02 5.406518187374e-02 
2.300000000000e+01 1.308261156082e-01 2.703113853931e-01 
2.400000000000e+01 1.833414286375e-02 2.682852745056e-02 
2.500000000000e+01 2.544833347201e-03 6.150856614113e-03 
2.600000000000e+01 1.074934005737e+00 1.436317920685e+00 
2.700000000000e+01 -5.115926265717e-03 -2.620282769203e-02 
2.800000000000e+01 -1.431614905596e-02 -6.549922376871e-02 
2.900000000000e+01 7.630972249899e-04 -4.201573319733e-03 
3.000000000000e+01 -3.741636872292e-03 -3.064651787281e-02 
3.100000000000e+01 1.391491293907e-02 6.082382798195e-02 
3.200000000000e+01 -3.768854774535e-03 -1.832309085876e-02 
3.300000000000e+01 2.121785564654e-02 4.964527969244e-02 
3.400000000000e+01 2.002120018005e-03 2.421356439590e-01 
3.500000000000e+01 -1.926827430725e-02 -6.755349040031e-02 
3.600000000000e+01 5.447314679623e-02 1.950053796172e-01 
3.700000000000e+01 5.961874999830e-04 9.849143416425e-03 
3.800000000000e+01 -1.672653536962e-03 -1.351867331917e-02 
3.900000000000e+01 -5.605960696538e-02 -2.005528669472e-01 
4.000000000000e+01 -1.420939713717e-02 -2.078517153859e-02 
4.100000000000e+01 -2.580139160156e+00 -9.371002197266e+00 
4.200000000000e+01 -4.205014556646e-03 -1.843465375714e-02 
4.300000000000e+01 1.394415249885e-02 6.306775224207e-02 
4.400000000000e+01 -4.308611154556e-02 -2.228762730956e-01 
4.500000000000e+01 8.546365071698e-02 2.118362710265e-01 
4.600000000000e+01 1.545914029991e-02 7.222531977707e-02 
4.700000000000e+01 -9.115828806534e-02 -4.065160322934e-01 
4.800000000000e+01 5.763511639088e-03 -7.220432162285e-03 
4.900000000000e+01 -8.376333862543e-03 2.161002159119e-02 
5.000000000000e+01 -4.946731030941e-03 -3.775512252469e-02 
