%%% Mode, Speed, Body, Rotation centre, Axis of rotation
num speed name rx rxi ry ryi rz rzi ux uxi uy uyi uz uzi
{1} 3.000000000000e+01 {Frame} 5.049200000000e-01 0.000000000000e+00 -0.000000000000e+00 0.000000000000e+00 8.635600000000e-01 0.000000000000e+00 -0.000000000000e+00 0.000000000000e+00 1.000000000000e+00 0.000000000000e+00 0.000000000000e+00 0.000000000000e+00
{1} 3.000000000000e+01 {Upper body} 5.049200000000e-01 0.000000000000e+00 0.000000000000e+00 0.000000000000e+00 8.635600000000e-01 0.000000000000e+00 -0.000000000000e+00 0.000000000000e+00 1.000000000000e+00 0.000000000000e+00 0.000000000000e+00 0.000000000000e+00
{1} 3.000000000000e+01 {Upper fork} 5.049200000000e-01 0.000000000000e+00 0.000000000000e+00 0.000000000000e+00 8.635600000000e-01 0.000000000000e+00 0.000000000000e+00 0.000000000000e+00 1.000000000000e+00 0.000000000000e+00 -0.000000000000e+00 0.000000000000e+00
{1} 3.000000000000e+01 {Lower fork} 1.410000000000e+00 0.000000000000e+00 0.000000000000e+00 0.000000000000e+00 1.290960000000e+00 0.000000000000e+00 0.000000000000e+00 0.000000000000e+00 1.000000000000e+00 0.000000000000e+00 -0.000000000000e+00 0.000000000000e+00
{1} 3.000000000000e+01 {Swing arm} -0.000000000000e+00 0.000000000000e+00 -0.000000000000e+00 0.000000000000e+00 6.623140000000e+00 0.000000000000e+00 0.000000000000e+00 0.000000000000e+00 1.000000000000e+00 0.000000000000e+00 0.000000000000e+00 0.000000000000e+00
{1} 3.000000000000e+01 {Bell crank} 5.558500000000e-01 0.000000000000e+00 -0.000000000000e+00 0.000000000000e+00 -1.464300000000e-01 0.000000000000e+00 -0.000000000000e+00 0.000000000000e+00 -1.000000000000e+00 0.000000000000e+00 0.000000000000e+00 0.000000000000e+00
{1} 3.000000000000e+01 {Front wheel, bike} 1.410000000000e+00 0.000000000000e+00 -0.000000000000e+00 0.000000000000e+00 3.054100000000e-01 0.000000000000e+00 0.000000000000e+00 0.000000000000e+00 1.000000000000e+00 0.000000000000e+00 0.000000000000e+00 0.000000000000e+00
{1} 3.000000000000e+01 {Rear wheel, bike} -0.000000000000e+00 0.000000000000e+00 -0.000000000000e+00 0.000000000000e+00 3.822600000000e-01 0.000000000000e+00 -0.000000000000e+00 0.000000000000e+00 1.000000000000e+00 0.000000000000e+00 0.000000000000e+00 0.000000000000e+00
{1} 3.000000000000e+01 {Front contact patch} 1.410000000000e+00 0.000000000000e+00 0.000000000000e+00 0.000000000000e+00 3.054100000000e-01 0.000000000000e+00 0.000000000000e+00 0.000000000000e+00 1.000000000000e+00 0.000000000000e+00 -0.000000000000e+00 0.000000000000e+00
{1} 3.000000000000e+01 {Rear contact patch} -0.000000000000e+00 0.000000000000e+00 0.000000000000e+00 0.000000000000e+00 3.822600000000e-01 0.000000000000e+00 0.000000000000e+00 0.000000000000e+00 1.000000000000e+00 0.000000000000e+00 -0.000000000000e+00 0.000000000000e+00
{2} 3.000000000000e+01 {Frame} 6.626700000000e-01 0.000000000000e+00 0.000000000000e+00 0.000000000000e+00 3.732450000000e+00 0.000000000000e+00 0.000000000000e+00 0.000000000000e+00 1.000000000000e+00 0.000000000000e+00 -0.000000000000e+00 0.000000000000e+00
{2} 3.000000000000e+01 {Upper body} 6.626700000000e-01 0.000000000000e+00 0.000000000000e+00 0.000000000000e+00 3.732450000000e+00 0.000000000000e+00 0.000000000000e+00 0.000000000000e+00 1.000000000000e+00 0.000000000000e+00 -0.000000000000e+00 0.000000000000e+00
{2} 3.000000000000e+01 {Upper fork} 6.626700000000e-01 0.000000000000e+00 -0.000000000000e+00 0.000000000000e+00 3.732450000000e+00 0.000000000000e+00 0.000000000000e+00 0.000000000000e+00 1.000000000000e+00 0.000000000000e+00 0.000000000000e+00 0.000000000000e+00
{2} 3.000000000000e+01 {Lower fork} 1.410000000000e+00 0.000000000000e+00 -0.000000000000e+00 0.000000000000e+00 4.085360000000e+00 0.000000000000e+00 0.000000000000e+00 0.000000000000e+00 1.000000000000e+00 0.000000000000e+00 0.000000000000e+00 0.000000000000e+00
{2} 3.000000000000e+01 {Swing arm} -0.000000000000e+00 0.000000000000e+00 0.000000000000e+00 0.000000000000e+00 -1.592334000000e+01 0.000000000000e+00 0.000000000000e+00 0.000000000000e+00 -1.000000000000e+00 0.000000000000e+00 -0.000000000000e+00 0.000000000000e+00
{2} 3.000000000000e+01 {Bell crank} 4.973000000000e-01 0.000000000000e+00 0.000000000000e+00 0.000000000000e+00 -1.007320000000e+00 0.000000000000e+00 0.000000000000e+00 0.000000000000e+00 -1.000000000000e+00 0.000000000000e+00 -0.000000000000e+00 0.000000000000e+00
{2} 3.000000000000e+01 {Front wheel, bike} 1.410000000000e+00 0.000000000000e+00 0.000000000000e+00 0.000000000000e+00 2.432200000000e-01 0.000000000000e+00 0.000000000000e+00 0.000000000000e+00 -1.000000000000e+00 0.000000000000e+00 -0.000000000000e+00 0.000000000000e+00
{2} 3.000000000000e+01 {Rear wheel, bike} -0.000000000000e+00 0.000000000000e+00 0.000000000000e+00 0.000000000000e+00 3.044200000000e-01 0.000000000000e+00 0.000000000000e+00 0.000000000000e+00 1.000000000000e+00 0.000000000000e+00 -0.000000000000e+00 0.000000000000e+00
{2} 3.000000000000e+01 {Front contact patch} 1.410000000000e+00 0.000000000000e+00 0.000000000000e+00 0.000000000000e+00 2.432200000000e-01 0.000000000000e+00 0.000000000000e+00 0.000000000000e+00 -1.000000000000e+00 0.000000000000e+00 0.000000000000e+00 0.000000000000e+00
{2} 3.000000000000e+01 {Rear contact patch} -0.000000000000e+00 0.000000000000e+00 0.000000000000e+00 0.000000000000e+00 3.044200000000e-01 0.000000000000e+00 0.000000000000e+00 0.000000000000e+00 1.000000000000e+00 0.000000000000e+00 -0.000000000000e+00 0.000000000000e+00
{3} 3.000000000000e+01 {Frame} 1.034880000000e+00 -7.972000000000e-02 -0.000000000000e+00 0.000000000000e+00 5.287500000000e-01 5.700000000000e-04 0.000000000000e+00 0.000000000000e+00 1.000000000000e+00 0.000000000000e+00 -0.000000000000e+00 0.000000000000e+00
{3} 3.000000000000e+01 {Upper body} 1.034880000000e+00 -7.972000000000e-02 -0.000000000000e+00 0.000000000000e+00 5.287500000000e-01 5.700000000000e-04 0.000000000000e+00 0.000000000000e+00 1.000000000000e+00 0.000000000000e+00 -0.000000000000e+00 0.000000000000e+00
{3} 3.000000000000e+01 {Upper fork} 1.034880000000e+00 -7.972000000000e-02 -0.000000000000e+00 0.000000000000e+00 5.287500000000e-01 5.700000000000e-04 -0.000000000000e+00 0.000000000000e+00 1.000000000000e+00 0.000000000000e+00 -0.000000000000e+00 0.000000000000e+00
{3} 3.000000000000e+01 {Lower fork} 1.410000000000e+00 0.000000000000e+00 0.000000000000e+00 0.000000000000e+00 7.058900000000e-01 3.822000000000e-02 0.000000000000e+00 0.000000000000e+00 1.000000000000e+00 0.000000000000e+00 -0.000000000000e+00 0.000000000000e+00
{3} 3.000000000000e+01 {Swing arm} 0.000000000000e+00 0.000000000000e+00 -0.000000000000e+00 0.000000000000e+00 1.761100000000e-01 -3.095000000000e-02 -0.000000000000e+00 0.000000000000e+00 1.000000000000e+00 0.000000000000e+00 0.000000000000e+00 0.000000000000e+00
{3} 3.000000000000e+01 {Bell crank} 4.429200000000e-01 6.520000000000e-03 -0.000000000000e+00 0.000000000000e+00 1.227100000000e-01 -6.090000000000e-03 -0.000000000000e+00 0.000000000000e+00 1.000000000000e+00 0.000000000000e+00 0.000000000000e+00 0.000000000000e+00
{3} 3.000000000000e+01 {Front wheel, bike} 1.410000000000e+00 0.000000000000e+00 0.000000000000e+00 0.000000000000e+00 2.322000000000e-02 -1.056900000000e-01 -0.000000000000e+00 0.000000000000e+00 1.000000000000e+00 0.000000000000e+00 -0.000000000000e+00 0.000000000000e+00
{3} 3.000000000000e+01 {Rear wheel, bike} 0.000000000000e+00 0.000000000000e+00 0.000000000000e+00 0.000000000000e+00 2.906000000000e-02 -1.322900000000e-01 -0.000000000000e+00 0.000000000000e+00 1.000000000000e+00 0.000000000000e+00 0.000000000000e+00 0.000000000000e+00
{3} 3.000000000000e+01 {Front contact patch} 1.410000000000e+00 0.000000000000e+00 0.000000000000e+00 0.000000000000e+00 2.322000000000e-02 -1.056900000000e-01 -0.000000000000e+00 0.000000000000e+00 1.000000000000e+00 0.000000000000e+00 -0.000000000000e+00 0.000000000000e+00
{3} 3.000000000000e+01 {Rear contact patch} -0.000000000000e+00 0.000000000000e+00 0.000000000000e+00 0.000000000000e+00 2.906000000000e-02 -1.322900000000e-01 -0.000000000000e+00 0.000000000000e+00 1.000000000000e+00 0.000000000000e+00 0.000000000000e+00 0.000000000000e+00
{4} 3.000000000000e+01 {Frame} 1.034880000000e+00 7.972000000000e-02 -0.000000000000e+00 0.000000000000e+00 5.287500000000e-01 -5.700000000000e-04 0.000000000000e+00 0.000000000000e+00 1.000000000000e+00 0.000000000000e+00 -0.000000000000e+00 0.000000000000e+00
{4} 3.000000000000e+01 {Upper body} 1.034880000000e+00 7.972000000000e-02 -0.000000000000e+00 0.000000000000e+00 5.287500000000e-01 -5.700000000000e-04 0.000000000000e+00 0.000000000000e+00 1.000000000000e+00 0.000000000000e+00 -0.000000000000e+00 0.000000000000e+00
{4} 3.000000000000e+01 {Upper fork} 1.034880000000e+00 7.972000000000e-02 -0.000000000000e+00 0.000000000000e+00 5.287500000000e-01 -5.700000000000e-04 -0.000000000000e+00 0.000000000000e+00 1.000000000000e+00 0.000000000000e+00 -0.000000000000e+00 0.000000000000e+00
{4} 3.000000000000e+01 {Lower fork} 1.410000000000e+00 0.000000000000e+00 0.000000000000e+00 0.000000000000e+00 7.058900000000e-01 -3.822000000000e-02 0.000000000000e+00 0.000000000000e+00 1.000000000000e+00 0.000000000000e+00 -0.000000000000e+00 0.000000000000e+00
{4} 3.000000000000e+01 {Swing arm} 0.000000000000e+00 0.000000000000e+00 -0.000000000000e+00 0.000000000000e+00 1.761100000000e-01 3.095000000000e-02 -0.000000000000e+00 0.000000000000e+00 1.000000000000e+00 0.000000000000e+00 0.000000000000e+00 0.000000000000e+00
{4} 3.000000000000e+01 {Bell crank} 4.429200000000e-01 -6.520000000000e-03 -0.000000000000e+00 0.000000000000e+00 1.227100000000e-01 6.090000000000e-03 -0.000000000000e+00 0.000000000000e+00 1.000000000000e+00 0.000000000000e+00 0.000000000000e+00 0.000000000000e+00
{4} 3.000000000000e+01 {Front wheel, bike} 1.410000000000e+00 0.000000000000e+00 0.000000000000e+00 0.000000000000e+00 2.322000000000e-02 1.056900000000e-01 -0.000000000000e+00 0.000000000000e+00 1.000000000000e+00 0.000000000000e+00 -0.000000000000e+00 0.000000000000e+00
{4} 3.000000000000e+01 {Rear wheel, bike} 0.000000000000e+00 0.000000000000e+00 0.000000000000e+00 0.000000000000e+00 2.906000000000e-02 1.322900000000e-01 -0.000000000000e+00 0.000000000000e+00 1.000000000000e+00 0.000000000000e+00 0.000000000000e+00 0.000000000000e+00
{4} 3.000000000000e+01 {Front contact patch} 1.410000000000e+00 0.000000000000e+00 0.000000000000e+00 0.000000000000e+00 2.322000000000e-02 1.056900000000e-01 -0.000000000000e+00 0.000000000000e+00 1.000000000000e+00 0.000000000000e+00 -0.000000000000e+00 0.000000000000e+00
{4} 3.000000000000e+01 {Rear contact patch} -0.000000000000e+00 0.000000000000e+00 0.000000000000e+00 0.000000000000e+00 2.906000000000e-02 1.322900000000e-01 -0.000000000000e+00 0.000000000000e+00 1.000000000000e+00 0.000000000000e+00 0.000000000000e+00 0.000000000000e+00
{5} 3.000000000000e+01 {Frame} 5.294000000000e-01 0.000000000000e+00 -0.000000000000e+00 0.000000000000e+00 5.675300000000e-01 0.000000000000e+00 5.394000000000e-01 0.000000000000e+00 -0.000000000000e+00 0.000000000000e+00 8.420500000000e-01 0.000000000000e+00
{5} 3.000000000000e+01 {Upper body} 7.561400000000e-01 0.000000000000e+00 -0.000000000000e+00 0.000000000000e+00 9.214700000000e-01 0.000000000000e+00 5.394000000000e-01 0.000000000000e+00 -0.000000000000e+00 0.000000000000e+00 8.420500000000e-01 0.000000000000e+00
{5} 3.000000000000e+01 {Upper fork} 1.305110000000e+00 0.000000000000e+00 -0.000000000000e+00 0.000000000000e+00 9.329000000000e-01 0.000000000000e+00 7.558500000000e-01 0.000000000000e+00 -0.000000000000e+00 0.000000000000e+00 -6.547500000000e-01 0.000000000000e+00
{5} 3.000000000000e+01 {Lower fork} 1.640670000000e+00 0.000000000000e+00 0.000000000000e+00 0.000000000000e+00 6.422300000000e-01 0.000000000000e+00 7.558500000000e-01 0.000000000000e+00 -0.000000000000e+00 0.000000000000e+00 -6.547500000000e-01 0.000000000000e+00
{5} 3.000000000000e+01 {Swing arm} 3.160200000000e-01 0.000000000000e+00 -0.000000000000e+00 0.000000000000e+00 2.344200000000e-01 0.000000000000e+00 5.394000000000e-01 0.000000000000e+00 -0.000000000000e+00 0.000000000000e+00 8.420500000000e-01 0.000000000000e+00
{5} 3.000000000000e+01 {Bell crank} 3.393900000000e-01 0.000000000000e+00 -0.000000000000e+00 0.000000000000e+00 2.709000000000e-01 0.000000000000e+00 5.394000000000e-01 0.000000000000e+00 -0.000000000000e+00 0.000000000000e+00 8.420500000000e-01 0.000000000000e+00
{5} 3.000000000000e+01 {Front wheel, bike} 1.687160000000e+00 0.000000000000e+00 0.000000000000e+00 0.000000000000e+00 6.019600000000e-01 0.000000000000e+00 7.558500000000e-01 0.000000000000e+00 0.000000000000e+00 0.000000000000e+00 -6.547500000000e-01 0.000000000000e+00
{5} 3.000000000000e+01 {Rear wheel, bike} 2.525000000000e-01 0.000000000000e+00 -0.000000000000e+00 0.000000000000e+00 1.352600000000e-01 0.000000000000e+00 5.394000000000e-01 0.000000000000e+00 -0.000000000000e+00 0.000000000000e+00 8.420500000000e-01 0.000000000000e+00
{5} 3.000000000000e+01 {Front contact patch} 1.826720000000e+00 0.000000000000e+00 0.000000000000e+00 0.000000000000e+00 4.810700000000e-01 0.000000000000e+00 7.558500000000e-01 0.000000000000e+00 0.000000000000e+00 0.000000000000e+00 -6.547500000000e-01 0.000000000000e+00
{5} 3.000000000000e+01 {Rear contact patch} 1.176000000000e-01 0.000000000000e+00 -0.000000000000e+00 0.000000000000e+00 -7.533000000000e-02 0.000000000000e+00 5.394000000000e-01 0.000000000000e+00 -0.000000000000e+00 0.000000000000e+00 8.420500000000e-01 0.000000000000e+00
{6} 3.000000000000e+01 {Frame} 6.710000000000e-03 -1.179000000000e-02 -0.000000000000e+00 0.000000000000e+00 4.677400000000e-01 1.800000000000e-04 -0.000000000000e+00 0.000000000000e+00 1.000000000000e+00 0.000000000000e+00 -0.000000000000e+00 0.000000000000e+00
{6} 3.000000000000e+01 {Upper body} 6.710000000000e-03 -1.179000000000e-02 -0.000000000000e+00 0.000000000000e+00 4.677400000000e-01 1.800000000000e-04 -0.000000000000e+00 0.000000000000e+00 1.000000000000e+00 0.000000000000e+00 -0.000000000000e+00 0.000000000000e+00
{6} 3.000000000000e+01 {Upper fork} 6.710000000000e-03 -1.179000000000e-02 -0.000000000000e+00 0.000000000000e+00 4.677400000000e-01 1.800000000000e-04 0.000000000000e+00 0.000000000000e+00 -9.999500000000e-01 1.018000000000e-02 0.000000000000e+00 0.000000000000e+00
{6} 3.000000000000e+01 {Lower fork} 1.410000000000e+00 0.000000000000e+00 0.000000000000e+00 0.000000000000e+00 1.130410000000e+00 5.750000000000e-03 -0.000000000000e+00 0.000000000000e+00 1.000000000000e+00 0.000000000000e+00 -0.000000000000e+00 0.000000000000e+00
{6} 3.000000000000e+01 {Swing arm} -0.000000000000e+00 0.000000000000e+00 -0.000000000000e+00 0.000000000000e+00 4.690200000000e-01 -2.170000000000e-03 -0.000000000000e+00 0.000000000000e+00 1.000000000000e+00 0.000000000000e+00 -0.000000000000e+00 0.000000000000e+00
{6} 3.000000000000e+01 {Bell crank} -1.347000000000e-02 2.832000000000e-02 -0.000000000000e+00 0.000000000000e+00 4.779000000000e-01 -2.113000000000e-02 -0.000000000000e+00 0.000000000000e+00 1.000000000000e+00 0.000000000000e+00 -0.000000000000e+00 0.000000000000e+00
{6} 3.000000000000e+01 {Front wheel, bike} 1.410000000000e+00 0.000000000000e+00 0.000000000000e+00 0.000000000000e+00 1.434000000000e-02 -8.790000000000e-03 0.000000000000e+00 0.000000000000e+00 1.000000000000e+00 0.000000000000e+00 0.000000000000e+00 0.000000000000e+00
{6} 3.000000000000e+01 {Rear wheel, bike} 0.000000000000e+00 0.000000000000e+00 0.000000000000e+00 0.000000000000e+00 1.794000000000e-02 -1.101000000000e-02 0.000000000000e+00 0.000000000000e+00 1.000000000000e+00 0.000000000000e+00 0.000000000000e+00 0.000000000000e+00
{6} 3.000000000000e+01 {Front contact patch} 1.410000000000e+00 0.000000000000e+00 -0.000000000000e+00 0.000000000000e+00 1.434000000000e-02 -8.790000000000e-03 0.000000000000e+00 0.000000000000e+00 1.000000000000e+00 0.000000000000e+00 0.000000000000e+00 0.000000000000e+00
{6} 3.000000000000e+01 {Rear contact patch} 0.000000000000e+00 0.000000000000e+00 -0.000000000000e+00 0.000000000000e+00 1.794000000000e-02 -1.101000000000e-02 0.000000000000e+00 0.000000000000e+00 1.000000000000e+00 0.000000000000e+00 0.000000000000e+00 0.000000000000e+00
{7} 3.000000000000e+01 {Frame} 6.710000000000e-03 1.179000000000e-02 -0.000000000000e+00 0.000000000000e+00 4.677400000000e-01 -1.800000000000e-04 -0.000000000000e+00 0.000000000000e+00 1.000000000000e+00 0.000000000000e+00 -0.000000000000e+00 0.000000000000e+00
{7} 3.000000000000e+01 {Upper body} 6.710000000000e-03 1.179000000000e-02 -0.000000000000e+00 0.000000000000e+00 4.677400000000e-01 -1.800000000000e-04 -0.000000000000e+00 0.000000000000e+00 1.000000000000e+00 0.000000000000e+00 -0.000000000000e+00 0.000000000000e+00
{7} 3.000000000000e+01 {Upper fork} 6.710000000000e-03 1.179000000000e-02 -0.000000000000e+00 0.000000000000e+00 4.677400000000e-01 -1.800000000000e-04 0.000000000000e+00 0.000000000000e+00 -9.999500000000e-01 -1.018000000000e-02 0.000000000000e+00 0.000000000000e+00
{7} 3.000000000000e+01 {Lower fork} 1.410000000000e+00 0.000000000000e+00 0.000000000000e+00 0.000000000000e+00 1.130410000000e+00 -5.750000000000e-03 -0.000000000000e+00 0.000000000000e+00 1.000000000000e+00 0.000000000000e+00 -0.000000000000e+00 0.000000000000e+00
{7} 3.000000000000e+01 {Swing arm} -0.000000000000e+00 0.000000000000e+00 -0.000000000000e+00 0.000000000000e+00 4.690200000000e-01 2.170000000000e-03 -0.000000000000e+00 0.000000000000e+00 1.000000000000e+00 0.000000000000e+00 -0.000000000000e+00 0.000000000000e+00
{7} 3.000000000000e+01 {Bell crank} -1.347000000000e-02 -2.832000000000e-02 -0.000000000000e+00 0.000000000000e+00 4.779000000000e-01 2.113000000000e-02 -0.000000000000e+00 0.000000000000e+00 1.000000000000e+00 0.000000000000e+00 -0.000000000000e+00 0.000000000000e+00
{7} 3.000000000000e+01 {Front wheel, bike} 1.410000000000e+00 0.000000000000e+00 0.000000000000e+00 0.000000000000e+00 1.434000000000e-02 8.790000000000e-03 0.000000000000e+00 0.000000000000e+00 1.000000000000e+00 0.000000000000e+00 0.000000000000e+00 0.000000000000e+00
{7} 3.000000000000e+01 {Rear wheel, bike} 0.000000000000e+00 0.000000000000e+00 0.000000000000e+00 0.000000000000e+00 1.794000000000e-02 1.101000000000e-02 0.000000000000e+00 0.000000000000e+00 1.000000000000e+00 0.000000000000e+00 0.000000000000e+00 0.000000000000e+00
{7} 3.000000000000e+01 {Front contact patch} 1.410000000000e+00 0.000000000000e+00 -0.000000000000e+00 0.000000000000e+00 1.434000000000e-02 8.790000000000e-03 0.000000000000e+00 0.000000000000e+00 1.000000000000e+00 0.000000000000e+00 0.000000000000e+00 0.000000000000e+00
{7} 3.000000000000e+01 {Rear contact patch} 0.000000000000e+00 0.000000000000e+00 -0.000000000000e+00 0.000000000000e+00 1.794000000000e-02 1.101000000000e-02 0.000000000000e+00 0.000000000000e+00 1.000000000000e+00 0.000000000000e+00 0.000000000000e+00 0.000000000000e+00
{8} 3.000000000000e+01 {Frame} 7.275100000000e-01 0.000000000000e+00 0.000000000000e+00 0.000000000000e+00 7.420400000000e-01 0.000000000000e+00 9.834900000000e-01 0.000000000000e+00 0.000000000000e+00 0.000000000000e+00 -1.809500000000e-01 0.000000000000e+00
{8} 3.000000000000e+01 {Upper body} 3.544100000000e-01 0.000000000000e+00 0.000000000000e+00 0.000000000000e+00 8.106900000000e-01 0.000000000000e+00 9.834900000000e-01 0.000000000000e+00 0.000000000000e+00 0.000000000000e+00 -1.809500000000e-01 0.000000000000e+00
{8} 3.000000000000e+01 {Upper fork} 1.234350000000e+00 0.000000000000e+00 0.000000000000e+00 0.000000000000e+00 7.578700000000e-01 0.000000000000e+00 1.698800000000e-01 0.000000000000e+00 0.000000000000e+00 0.000000000000e+00 9.854600000000e-01 0.000000000000e+00
{8} 3.000000000000e+01 {Lower fork} 1.165480000000e+00 0.000000000000e+00 -0.000000000000e+00 0.000000000000e+00 3.583900000000e-01 0.000000000000e+00 1.698800000000e-01 0.000000000000e+00 0.000000000000e+00 0.000000000000e+00 9.854600000000e-01 0.000000000000e+00
{8} 3.000000000000e+01 {Swing arm} 2.900600000000e-01 0.000000000000e+00 0.000000000000e+00 0.000000000000e+00 8.225300000000e-01 0.000000000000e+00 9.834900000000e-01 0.000000000000e+00 0.000000000000e+00 0.000000000000e+00 -1.809500000000e-01 0.000000000000e+00
{8} 3.000000000000e+01 {Bell crank} 6.016400000000e-01 0.000000000000e+00 0.000000000000e+00 0.000000000000e+00 7.652000000000e-01 0.000000000000e+00 9.834900000000e-01 0.000000000000e+00 0.000000000000e+00 0.000000000000e+00 -1.809500000000e-01 0.000000000000e+00
{8} 3.000000000000e+01 {Front wheel, bike} 1.159750000000e+00 0.000000000000e+00 -0.000000000000e+00 0.000000000000e+00 3.251400000000e-01 0.000000000000e+00 1.698800000000e-01 0.000000000000e+00 -0.000000000000e+00 0.000000000000e+00 9.854600000000e-01 0.000000000000e+00
{8} 3.000000000000e+01 {Rear wheel, bike} 1.030200000000e-01 0.000000000000e+00 0.000000000000e+00 0.000000000000e+00 8.569400000000e-01 0.000000000000e+00 9.834900000000e-01 0.000000000000e+00 -0.000000000000e+00 0.000000000000e+00 -1.809500000000e-01 0.000000000000e+00
{8} 3.000000000000e+01 {Front contact patch} 1.112540000000e+00 0.000000000000e+00 0.000000000000e+00 0.000000000000e+00 5.128000000000e-02 0.000000000000e+00 1.698800000000e-01 0.000000000000e+00 -0.000000000000e+00 0.000000000000e+00 9.854600000000e-01 0.000000000000e+00
{8} 3.000000000000e+01 {Rear contact patch} 1.558700000000e-01 0.000000000000e+00 -0.000000000000e+00 0.000000000000e+00 8.472200000000e-01 0.000000000000e+00 9.834900000000e-01 0.000000000000e+00 -0.000000000000e+00 0.000000000000e+00 -1.809500000000e-01 0.000000000000e+00
{9} 3.000000000000e+01 {Frame} 6.380100000000e-01 -5.509000000000e-02 0.000000000000e+00 0.000000000000e+00 3.771100000000e-01 1.611000000000e-01 9.398700000000e-01 0.000000000000e+00 0.000000000000e+00 0.000000000000e+00 1.360800000000e-01 3.132500000000e-01
{9} 3.000000000000e+01 {Upper body} 4.911600000000e-01 -2.516400000000e-01 0.000000000000e+00 0.000000000000e+00 4.213500000000e-01 8.369000000000e-02 9.398700000000e-01 0.000000000000e+00 0.000000000000e+00 0.000000000000e+00 1.360800000000e-01 3.132500000000e-01
{9} 3.000000000000e+01 {Upper fork} 1.147790000000e+00 -7.127000000000e-02 0.000000000000e+00 0.000000000000e+00 7.548800000000e-01 -2.088000000000e-02 -3.059700000000e-01 -1.304800000000e-01 0.000000000000e+00 0.000000000000e+00 9.430600000000e-01 0.000000000000e+00
{9} 3.000000000000e+01 {Lower fork} 1.298720000000e+00 -1.639000000000e-02 0.000000000000e+00 0.000000000000e+00 3.002300000000e-01 3.850000000000e-03 -3.059700000000e-01 -1.304800000000e-01 0.000000000000e+00 0.000000000000e+00 9.430600000000e-01 0.000000000000e+00
{9} 3.000000000000e+01 {Swing arm} 1.917100000000e-01 -7.660000000000e-03 0.000000000000e+00 0.000000000000e+00 2.966800000000e-01 1.922000000000e-02 9.398700000000e-01 0.000000000000e+00 0.000000000000e+00 0.000000000000e+00 1.360800000000e-01 3.132500000000e-01
{9} 3.000000000000e+01 {Bell crank} 4.360200000000e-01 3.314000000000e-02 0.000000000000e+00 0.000000000000e+00 3.184600000000e-01 1.065500000000e-01 9.398700000000e-01 0.000000000000e+00 0.000000000000e+00 0.000000000000e+00 1.360800000000e-01 3.132500000000e-01
{9} 3.000000000000e+01 {Front wheel, bike} 1.315810000000e+00 -1.123000000000e-02 0.000000000000e+00 0.000000000000e+00 2.498900000000e-01 9.390000000000e-03 -3.059700000000e-01 -1.304800000000e-01 -0.000000000000e+00 0.000000000000e+00 9.430600000000e-01 0.000000000000e+00
{9} 3.000000000000e+01 {Rear wheel, bike} 1.675000000000e-02 -3.450000000000e-03 0.000000000000e+00 0.000000000000e+00 2.699400000000e-01 -3.849000000000e-02 9.398700000000e-01 0.000000000000e+00 -0.000000000000e+00 0.000000000000e+00 1.360800000000e-01 3.132500000000e-01
{9} 3.000000000000e+01 {Front contact patch} 1.397180000000e+00 2.347000000000e-02 0.000000000000e+00 0.000000000000e+00 -9.100000000000e-04 9.390000000000e-03 -3.059700000000e-01 -1.304800000000e-01 -0.000000000000e+00 0.000000000000e+00 9.430600000000e-01 0.000000000000e+00
{9} 3.000000000000e+01 {Rear contact patch} -2.124000000000e-02 8.400000000000e-02 0.000000000000e+00 0.000000000000e+00 2.353000000000e-01 -3.849000000000e-02 9.398700000000e-01 0.000000000000e+00 -0.000000000000e+00 0.000000000000e+00 1.360800000000e-01 3.132500000000e-01
{10} 3.000000000000e+01 {Frame} 6.380100000000e-01 5.509000000000e-02 0.000000000000e+00 0.000000000000e+00 3.771100000000e-01 -1.611000000000e-01 9.398700000000e-01 0.000000000000e+00 0.000000000000e+00 0.000000000000e+00 1.360800000000e-01 -3.132500000000e-01
{10} 3.000000000000e+01 {Upper body} 4.911600000000e-01 2.516400000000e-01 0.000000000000e+00 0.000000000000e+00 4.213500000000e-01 -8.369000000000e-02 9.398700000000e-01 0.000000000000e+00 0.000000000000e+00 0.000000000000e+00 1.360800000000e-01 -3.132500000000e-01
{10} 3.000000000000e+01 {Upper fork} 1.147790000000e+00 7.127000000000e-02 0.000000000000e+00 0.000000000000e+00 7.548800000000e-01 2.088000000000e-02 -3.059700000000e-01 1.304800000000e-01 0.000000000000e+00 0.000000000000e+00 9.430600000000e-01 0.000000000000e+00
{10} 3.000000000000e+01 {Lower fork} 1.298720000000e+00 1.639000000000e-02 0.000000000000e+00 0.000000000000e+00 3.002300000000e-01 -3.850000000000e-03 -3.059700000000e-01 1.304800000000e-01 0.000000000000e+00 0.000000000000e+00 9.430600000000e-01 0.000000000000e+00
{10} 3.000000000000e+01 {Swing arm} 1.917100000000e-01 7.660000000000e-03 0.000000000000e+00 0.000000000000e+00 2.966800000000e-01 -1.922000000000e-02 9.398700000000e-01 0.000000000000e+00 0.000000000000e+00 0.000000000000e+00 1.360800000000e-01 -3.132500000000e-01
{10} 3.000000000000e+01 {Bell crank} 4.360200000000e-01 -3.314000000000e-02 0.000000000000e+00 0.000000000000e+00 3.184600000000e-01 -1.065500000000e-01 9.398700000000e-01 0.000000000000e+00 0.000000000000e+00 0.000000000000e+00 1.360800000000e-01 -3.132500000000e-01
{10} 3.000000000000e+01 {Front wheel, bike} 1.315810000000e+00 1.123000000000e-02 0.000000000000e+00 0.000000000000e+00 2.498900000000e-01 -9.390000000000e-03 -3.059700000000e-01 1.304800000000e-01 -0.000000000000e+00 0.000000000000e+00 9.430600000000e-01 0.000000000000e+00
{10} 3.000000000000e+01 {Rear wheel, bike} 1.675000000000e-02 3.450000000000e-03 0.000000000000e+00 0.000000000000e+00 2.699400000000e-01 3.849000000000e-02 9.398700000000e-01 0.000000000000e+00 -0.000000000000e+00 0.000000000000e+00 1.360800000000e-01 -3.132500000000e-01
{10} 3.000000000000e+01 {Front contact patch} 1.397180000000e+00 -2.347000000000e-02 0.000000000000e+00 0.000000000000e+00 -9.100000000000e-04 -9.390000000000e-03 -3.059700000000e-01 1.304800000000e-01 -0.000000000000e+00 0.000000000000e+00 9.430600000000e-01 0.000000000000e+00
{10} 3.000000000000e+01 {Rear contact patch} -2.124000000000e-02 -8.400000000000e-02 0.000000000000e+00 0.000000000000e+00 2.353000000000e-01 3.849000000000e-02 9.398700000000e-01 0.000000000000e+00 -0.000000000000e+00 0.000000000000e+00 1.360800000000e-01 -3.132500000000e-01
{11} 3.000000000000e+01 {Frame} -6.674640000000e+00 1.000000000000e-05 3.075794800000e+02 3.335699007846e+07 -2.075612200000e+02 -1.700000000000e-04 2.000000000000e-05 0.000000000000e+00 1.000000000000e-05 0.000000000000e+00 1.000000000000e-05 -1.000000000000e+00
{11} 3.000000000000e+01 {Upper body} -6.674640000000e+00 3.000000000000e-05 3.111339300000e+02 3.335699007743e+07 -2.056141600000e+02 -1.700000000000e-04 2.000000000000e-05 0.000000000000e+00 1.000000000000e-05 0.000000000000e+00 1.000000000000e-05 -1.000000000000e+00
{11} 3.000000000000e+01 {Upper fork} -6.674640000000e+00 7.100000000000e-04 3.251902660000e+03 3.335698977010e+07 -2.061755800000e+02 1.300000000000e-04 -2.000000000000e-05 0.000000000000e+00 1.000000000000e-05 0.000000000000e+00 1.000000000000e-04 -1.000000000000e+00
{11} 3.000000000000e+01 {Lower fork} -6.674640000000e+00 7.200000000000e-04 3.256059390000e+03 3.335698976900e+07 -2.046215500000e+02 1.300000000000e-04 -2.000000000000e-05 0.000000000000e+00 1.000000000000e-05 0.000000000000e+00 1.000000000000e-04 -1.000000000000e+00
{11} 3.000000000000e+01 {Swing arm} -6.674640000000e+00 1.000000000000e-05 3.114042400000e+02 3.335699007848e+07 -1.703582900000e+02 -1.600000000000e-04 2.000000000000e-05 0.000000000000e+00 1.000000000000e-05 0.000000000000e+00 1.000000000000e-05 -1.000000000000e+00
{11} 3.000000000000e+01 {Bell crank} -6.674640000000e+00 1.000000000000e-05 3.120767000000e+02 3.335699007842e+07 -2.308205200000e+02 -1.600000000000e-04 2.000000000000e-05 0.000000000000e+00 1.000000000000e-05 0.000000000000e+00 1.000000000000e-05 -1.000000000000e+00
{11} 3.000000000000e+01 {Front wheel, bike} 1.410000000000e+00 0.000000000000e+00 0.000000000000e+00 0.000000000000e+00 0.000000000000e+00 0.000000000000e+00 -0.000000000000e+00 0.000000000000e+00 1.000000000000e+00 0.000000000000e+00 0.000000000000e+00 0.000000000000e+00
{11} 3.000000000000e+01 {Rear wheel, bike} 0.000000000000e+00 0.000000000000e+00 0.000000000000e+00 0.000000000000e+00 0.000000000000e+00 0.000000000000e+00 0.000000000000e+00 0.000000000000e+00 1.000000000000e+00 0.000000000000e+00 0.000000000000e+00 0.000000000000e+00
{11} 3.000000000000e+01 {Front contact patch} 1.410000000000e+00 0.000000000000e+00 0.000000000000e+00 0.000000000000e+00 0.000000000000e+00 0.000000000000e+00 -0.000000000000e+00 0.000000000000e+00 1.000000000000e+00 0.000000000000e+00 0.000000000000e+00 0.000000000000e+00
{11} 3.000000000000e+01 {Rear contact patch} 0.000000000000e+00 0.000000000000e+00 0.000000000000e+00 0.000000000000e+00 0.000000000000e+00 0.000000000000e+00 0.000000000000e+00 0.000000000000e+00 1.000000000000e+00 0.000000000000e+00 0.000000000000e+00 0.000000000000e+00
{12} 3.000000000000e+01 {Frame} -6.674630000000e+00 9.540000000000e-03 2.875100000000e-01 -5.200000000000e-04 4.724000000000e-01 0.000000000000e+00 -0.000000000000e+00 0.000000000000e+00 -0.000000000000e+00 0.000000000000e+00 1.000000000000e+00 1.300000000000e-03
{12} 3.000000000000e+01 {Upper body} -6.674630000000e+00 9.540000000000e-03 2.875100000000e-01 -5.200000000000e-04 1.140000000000e+00 0.000000000000e+00 -0.000000000000e+00 0.000000000000e+00 -0.000000000000e+00 0.000000000000e+00 1.000000000000e+00 1.350000000000e-03
{12} 3.000000000000e+01 {Upper fork} -6.674630000000e+00 9.540000000000e-03 2.875100000000e-01 -5.200000000000e-04 7.700000000000e-01 0.000000000000e+00 0.000000000000e+00 0.000000000000e+00 -0.000000000000e+00 0.000000000000e+00 1.000000000000e+00 1.220000000000e-03
{12} 3.000000000000e+01 {Lower fork} -6.674630000000e+00 9.540000000000e-03 2.875100000000e-01 -5.200000000000e-04 3.240000000000e-01 0.000000000000e+00 0.000000000000e+00 0.000000000000e+00 -0.000000000000e+00 0.000000000000e+00 1.000000000000e+00 1.190000000000e-03
{12} 3.000000000000e+01 {Swing arm} -6.674630000000e+00 9.540000000000e-03 2.875100000000e-01 -5.200000000000e-04 3.113000000000e-01 0.000000000000e+00 -0.000000000000e+00 0.000000000000e+00 -0.000000000000e+00 0.000000000000e+00 1.000000000000e+00 1.390000000000e-03
{12} 3.000000000000e+01 {Bell crank} -6.674630000000e+00 9.540000000000e-03 2.875100000000e-01 -5.200000000000e-04 1.727300000000e-01 0.000000000000e+00 -0.000000000000e+00 0.000000000000e+00 -0.000000000000e+00 0.000000000000e+00 1.000000000000e+00 1.330000000000e-03
{12} 3.000000000000e+01 {Front wheel, bike} -4.741080000000e+00 7.260000000000e-03 2.187500000000e-01 -3.900000000000e-04 1.593600000000e-01 -1.500000000000e-04 0.000000000000e+00 0.000000000000e+00 4.890400000000e-01 -8.900000000000e-04 8.722600000000e-01 1.030000000000e-03
{12} 3.000000000000e+01 {Rear wheel, bike} -4.945760000000e+00 7.070000000000e-03 2.130400000000e-01 -3.800000000000e-04 4.229600000000e-01 1.500000000000e-04 -0.000000000000e+00 0.000000000000e+00 -5.089400000000e-01 8.000000000000e-04 8.608000000000e-01 1.230000000000e-03
{12} 3.000000000000e+01 {Front contact patch} -4.741080000000e+00 7.260000000000e-03 9.846000000000e-02 -3.000000000000e-05 -5.520000000000e-02 -1.500000000000e-04 0.000000000000e+00 0.000000000000e+00 4.890400000000e-01 -8.900000000000e-04 8.722600000000e-01 1.030000000000e-03
{12} 3.000000000000e+01 {Rear contact patch} -4.945760000000e+00 7.070000000000e-03 3.431500000000e-01 -7.700000000000e-04 2.028900000000e-01 1.500000000000e-04 -0.000000000000e+00 0.000000000000e+00 -5.089400000000e-01 8.000000000000e-04 8.608000000000e-01 1.230000000000e-03
{13} 3.000000000000e+01 {Frame} -7.213200000000e-01 0.000000000000e+00 -0.000000000000e+00 0.000000000000e+00 3.735000000000e-01 0.000000000000e+00 -7.050000000000e-02 0.000000000000e+00 0.000000000000e+00 0.000000000000e+00 9.975100000000e-01 0.000000000000e+00
{13} 3.000000000000e+01 {Upper body} -7.695800000000e-01 0.000000000000e+00 -0.000000000000e+00 0.000000000000e+00 1.056270000000e+00 0.000000000000e+00 -7.050000000000e-02 0.000000000000e+00 0.000000000000e+00 0.000000000000e+00 9.975100000000e-01 0.000000000000e+00
{13} 3.000000000000e+01 {Upper fork} 9.756000000000e-01 0.000000000000e+00 -0.000000000000e+00 0.000000000000e+00 6.941800000000e-01 0.000000000000e+00 -3.733600000000e-01 0.000000000000e+00 0.000000000000e+00 0.000000000000e+00 9.276900000000e-01 0.000000000000e+00
{13} 3.000000000000e+01 {Lower fork} 1.158090000000e+00 0.000000000000e+00 -0.000000000000e+00 0.000000000000e+00 2.407300000000e-01 0.000000000000e+00 -3.733600000000e-01 0.000000000000e+00 0.000000000000e+00 0.000000000000e+00 9.276900000000e-01 0.000000000000e+00
{13} 3.000000000000e+01 {Swing arm} -7.123900000000e-01 0.000000000000e+00 -0.000000000000e+00 0.000000000000e+00 2.470900000000e-01 0.000000000000e+00 -7.050000000000e-02 0.000000000000e+00 0.000000000000e+00 0.000000000000e+00 9.975100000000e-01 0.000000000000e+00
{13} 3.000000000000e+01 {Bell crank} -7.011700000000e-01 0.000000000000e+00 -0.000000000000e+00 0.000000000000e+00 8.836000000000e-02 0.000000000000e+00 -7.050000000000e-02 0.000000000000e+00 0.000000000000e+00 0.000000000000e+00 9.975100000000e-01 0.000000000000e+00
{13} 3.000000000000e+01 {Front wheel, bike} 1.178910000000e+00 0.000000000000e+00 -0.000000000000e+00 0.000000000000e+00 1.890000000000e-01 0.000000000000e+00 -3.733600000000e-01 0.000000000000e+00 -0.000000000000e+00 0.000000000000e+00 9.276900000000e-01 0.000000000000e+00
{13} 3.000000000000e+01 {Rear wheel, bike} -7.123600000000e-01 0.000000000000e+00 -0.000000000000e+00 0.000000000000e+00 2.466500000000e-01 0.000000000000e+00 -7.050000000000e-02 0.000000000000e+00 -0.000000000000e+00 0.000000000000e+00 9.975100000000e-01 0.000000000000e+00
{13} 3.000000000000e+01 {Front contact patch} 1.276590000000e+00 0.000000000000e+00 -0.000000000000e+00 0.000000000000e+00 -5.369000000000e-02 0.000000000000e+00 -3.733600000000e-01 0.000000000000e+00 -0.000000000000e+00 0.000000000000e+00 9.276900000000e-01 0.000000000000e+00
{13} 3.000000000000e+01 {Rear contact patch} -6.914700000000e-01 0.000000000000e+00 -0.000000000000e+00 0.000000000000e+00 -4.887000000000e-02 0.000000000000e+00 -7.050000000000e-02 0.000000000000e+00 -0.000000000000e+00 0.000000000000e+00 9.975100000000e-01 0.000000000000e+00
{14} 3.000000000000e+01 {Frame} -1.474700000000e-01 0.000000000000e+00 -0.000000000000e+00 0.000000000000e+00 8.500200000000e-01 0.000000000000e+00 4.160400000000e-01 0.000000000000e+00 0.000000000000e+00 0.000000000000e+00 9.093500000000e-01 0.000000000000e+00
{14} 3.000000000000e+01 {Upper body} 5.960000000000e-02 0.000000000000e+00 0.000000000000e+00 0.000000000000e+00 1.302600000000e+00 0.000000000000e+00 4.160400000000e-01 0.000000000000e+00 0.000000000000e+00 0.000000000000e+00 9.093500000000e-01 0.000000000000e+00
{14} 3.000000000000e+01 {Upper fork} 1.027300000000e+00 0.000000000000e+00 -0.000000000000e+00 0.000000000000e+00 7.230900000000e-01 0.000000000000e+00 -3.245600000000e-01 0.000000000000e+00 0.000000000000e+00 0.000000000000e+00 9.458600000000e-01 0.000000000000e+00
{14} 3.000000000000e+01 {Lower fork} 1.185390000000e+00 0.000000000000e+00 -0.000000000000e+00 0.000000000000e+00 2.623700000000e-01 0.000000000000e+00 -3.245600000000e-01 0.000000000000e+00 0.000000000000e+00 0.000000000000e+00 9.458600000000e-01 0.000000000000e+00
{14} 3.000000000000e+01 {Swing arm} -2.918300000000e-01 0.000000000000e+00 -0.000000000000e+00 0.000000000000e+00 5.344900000000e-01 0.000000000000e+00 4.160400000000e-01 0.000000000000e+00 0.000000000000e+00 0.000000000000e+00 9.093500000000e-01 0.000000000000e+00
{14} 3.000000000000e+01 {Bell crank} -2.929100000000e-01 0.000000000000e+00 -0.000000000000e+00 0.000000000000e+00 5.321300000000e-01 0.000000000000e+00 4.160400000000e-01 0.000000000000e+00 0.000000000000e+00 0.000000000000e+00 9.093500000000e-01 0.000000000000e+00
{14} 3.000000000000e+01 {Front wheel, bike} 1.203030000000e+00 0.000000000000e+00 -0.000000000000e+00 0.000000000000e+00 2.109800000000e-01 0.000000000000e+00 -3.245600000000e-01 0.000000000000e+00 -0.000000000000e+00 0.000000000000e+00 9.458600000000e-01 0.000000000000e+00
{14} 3.000000000000e+01 {Rear wheel, bike} -3.311600000000e-01 0.000000000000e+00 -0.000000000000e+00 0.000000000000e+00 4.485100000000e-01 0.000000000000e+00 4.160400000000e-01 0.000000000000e+00 -0.000000000000e+00 0.000000000000e+00 9.093500000000e-01 0.000000000000e+00
{14} 3.000000000000e+01 {Front contact patch} 1.289600000000e+00 0.000000000000e+00 -0.000000000000e+00 0.000000000000e+00 -4.131000000000e-02 0.000000000000e+00 -3.245600000000e-01 0.000000000000e+00 -0.000000000000e+00 0.000000000000e+00 9.458600000000e-01 0.000000000000e+00
{14} 3.000000000000e+01 {Rear contact patch} -4.435300000000e-01 0.000000000000e+00 -0.000000000000e+00 0.000000000000e+00 2.029200000000e-01 0.000000000000e+00 4.160400000000e-01 0.000000000000e+00 -0.000000000000e+00 0.000000000000e+00 9.093500000000e-01 0.000000000000e+00
{15} 3.000000000000e+01 {Frame} -3.126220000000e+00 0.000000000000e+00 4.159300000000e-01 0.000000000000e+00 4.724000000000e-01 0.000000000000e+00 -0.000000000000e+00 0.000000000000e+00 0.000000000000e+00 0.000000000000e+00 1.000000000000e+00 0.000000000000e+00
{15} 3.000000000000e+01 {Upper body} -3.126220000000e+00 0.000000000000e+00 4.159300000000e-01 0.000000000000e+00 1.140000000000e+00 0.000000000000e+00 -0.000000000000e+00 0.000000000000e+00 0.000000000000e+00 0.000000000000e+00 1.000000000000e+00 0.000000000000e+00
{15} 3.000000000000e+01 {Upper fork} -3.126220000000e+00 0.000000000000e+00 4.159300000000e-01 0.000000000000e+00 7.700000000000e-01 0.000000000000e+00 -0.000000000000e+00 0.000000000000e+00 0.000000000000e+00 0.000000000000e+00 1.000000000000e+00 0.000000000000e+00
{15} 3.000000000000e+01 {Lower fork} -3.126220000000e+00 0.000000000000e+00 4.159300000000e-01 0.000000000000e+00 3.240000000000e-01 0.000000000000e+00 -0.000000000000e+00 0.000000000000e+00 0.000000000000e+00 0.000000000000e+00 1.000000000000e+00 0.000000000000e+00
{15} 3.000000000000e+01 {Swing arm} -3.126220000000e+00 0.000000000000e+00 4.159300000000e-01 0.000000000000e+00 3.113000000000e-01 0.000000000000e+00 -0.000000000000e+00 0.000000000000e+00 0.000000000000e+00 0.000000000000e+00 1.000000000000e+00 0.000000000000e+00
{15} 3.000000000000e+01 {Bell crank} -3.126220000000e+00 0.000000000000e+00 4.159300000000e-01 0.000000000000e+00 1.727300000000e-01 0.000000000000e+00 -0.000000000000e+00 0.000000000000e+00 0.000000000000e+00 0.000000000000e+00 1.000000000000e+00 0.000000000000e+00
{15} 3.000000000000e+01 {Front wheel, bike} -1.105410000000e+00 0.000000000000e+00 2.306400000000e-01 0.000000000000e+00 4.887300000000e-01 0.000000000000e+00 -0.000000000000e+00 0.000000000000e+00 -6.674500000000e-01 0.000000000000e+00 7.446600000000e-01 0.000000000000e+00
{15} 3.000000000000e+01 {Rear wheel, bike} -2.582520000000e+00 0.000000000000e+00 3.436000000000e-01 0.000000000000e+00 4.546500000000e-01 0.000000000000e+00 -0.000000000000e+00 0.000000000000e+00 -4.170300000000e-01 0.000000000000e+00 9.088900000000e-01 0.000000000000e+00
{15} 3.000000000000e+01 {Front contact patch} -1.105410000000e+00 0.000000000000e+00 3.708000000000e-01 0.000000000000e+00 3.323500000000e-01 0.000000000000e+00 -0.000000000000e+00 0.000000000000e+00 -6.674500000000e-01 0.000000000000e+00 7.446600000000e-01 0.000000000000e+00
{15} 3.000000000000e+01 {Rear contact patch} -2.582520000000e+00 0.000000000000e+00 4.561700000000e-01 0.000000000000e+00 2.093100000000e-01 0.000000000000e+00 -0.000000000000e+00 0.000000000000e+00 -4.170300000000e-01 0.000000000000e+00 9.088900000000e-01 0.000000000000e+00
{16} 3.000000000000e+01 {Frame} -3.227540000000e+01 0.000000000000e+00 -2.730390000000e+00 0.000000000000e+00 4.724000000000e-01 0.000000000000e+00 -0.000000000000e+00 0.000000000000e+00 0.000000000000e+00 0.000000000000e+00 1.000000000000e+00 0.000000000000e+00
{16} 3.000000000000e+01 {Upper body} -3.227540000000e+01 0.000000000000e+00 -2.730390000000e+00 0.000000000000e+00 1.140000000000e+00 0.000000000000e+00 -0.000000000000e+00 0.000000000000e+00 0.000000000000e+00 0.000000000000e+00 1.000000000000e+00 0.000000000000e+00
{16} 3.000000000000e+01 {Upper fork} -3.227540000000e+01 0.000000000000e+00 -2.730390000000e+00 0.000000000000e+00 7.700000000000e-01 0.000000000000e+00 -0.000000000000e+00 0.000000000000e+00 0.000000000000e+00 0.000000000000e+00 1.000000000000e+00 0.000000000000e+00
{16} 3.000000000000e+01 {Lower fork} -3.227540000000e+01 0.000000000000e+00 -2.730390000000e+00 0.000000000000e+00 3.240000000000e-01 0.000000000000e+00 -0.000000000000e+00 0.000000000000e+00 0.000000000000e+00 0.000000000000e+00 1.000000000000e+00 0.000000000000e+00
{16} 3.000000000000e+01 {Swing arm} -3.227540000000e+01 0.000000000000e+00 -2.730390000000e+00 0.000000000000e+00 3.113000000000e-01 0.000000000000e+00 -0.000000000000e+00 0.000000000000e+00 0.000000000000e+00 0.000000000000e+00 1.000000000000e+00 0.000000000000e+00
{16} 3.000000000000e+01 {Bell crank} -3.227540000000e+01 0.000000000000e+00 -2.730390000000e+00 0.000000000000e+00 1.727300000000e-01 0.000000000000e+00 -0.000000000000e+00 0.000000000000e+00 0.000000000000e+00 0.000000000000e+00 1.000000000000e+00 0.000000000000e+00
{16} 3.000000000000e+01 {Front wheel, bike} -1.732220000000e+00 0.000000000000e+00 -2.546900000000e-01 0.000000000000e+00 1.076070000000e+00 0.000000000000e+00 -0.000000000000e+00 0.000000000000e+00 9.522200000000e-01 0.000000000000e+00 3.054200000000e-01 0.000000000000e+00
{16} 3.000000000000e+01 {Rear wheel, bike} -1.640886000000e+01 0.000000000000e+00 -1.388130000000e+00 0.000000000000e+00 -1.068000000000e+00 0.000000000000e+00 -0.000000000000e+00 0.000000000000e+00 -7.011400000000e-01 0.000000000000e+00 7.130200000000e-01 0.000000000000e+00
{16} 3.000000000000e+01 {Front contact patch} -1.732220000000e+00 0.000000000000e+00 -3.367100000000e-01 0.000000000000e+00 1.049760000000e+00 0.000000000000e+00 -0.000000000000e+00 0.000000000000e+00 9.522200000000e-01 0.000000000000e+00 3.054200000000e-01 0.000000000000e+00
{16} 3.000000000000e+01 {Rear contact patch} -1.640886000000e+01 0.000000000000e+00 -1.239650000000e+00 0.000000000000e+00 -1.219000000000e+00 0.000000000000e+00 -0.000000000000e+00 0.000000000000e+00 -7.011400000000e-01 0.000000000000e+00 7.130200000000e-01 0.000000000000e+00
{17} 3.000000000000e+01 {Frame} 1.213962000000e+01 0.000000000000e+00 -2.048100000000e-01 0.000000000000e+00 4.724000000000e-01 0.000000000000e+00 -0.000000000000e+00 0.000000000000e+00 -0.000000000000e+00 0.000000000000e+00 -1.000000000000e+00 0.000000000000e+00
{17} 3.000000000000e+01 {Upper body} 1.213962000000e+01 0.000000000000e+00 -2.048100000000e-01 0.000000000000e+00 1.140000000000e+00 0.000000000000e+00 -0.000000000000e+00 0.000000000000e+00 -0.000000000000e+00 0.000000000000e+00 -1.000000000000e+00 0.000000000000e+00
{17} 3.000000000000e+01 {Upper fork} 1.213962000000e+01 0.000000000000e+00 -2.048100000000e-01 0.000000000000e+00 7.700000000000e-01 0.000000000000e+00 0.000000000000e+00 0.000000000000e+00 -0.000000000000e+00 0.000000000000e+00 -1.000000000000e+00 0.000000000000e+00
{17} 3.000000000000e+01 {Lower fork} 1.213962000000e+01 0.000000000000e+00 -2.048100000000e-01 0.000000000000e+00 3.240000000000e-01 0.000000000000e+00 0.000000000000e+00 0.000000000000e+00 -0.000000000000e+00 0.000000000000e+00 -1.000000000000e+00 0.000000000000e+00
{17} 3.000000000000e+01 {Swing arm} 1.213962000000e+01 0.000000000000e+00 -2.048100000000e-01 0.000000000000e+00 3.113000000000e-01 0.000000000000e+00 -0.000000000000e+00 0.000000000000e+00 -0.000000000000e+00 0.000000000000e+00 -1.000000000000e+00 0.000000000000e+00
{17} 3.000000000000e+01 {Bell crank} 1.213962000000e+01 0.000000000000e+00 -2.048100000000e-01 0.000000000000e+00 1.727300000000e-01 0.000000000000e+00 -0.000000000000e+00 0.000000000000e+00 -0.000000000000e+00 0.000000000000e+00 -1.000000000000e+00 0.000000000000e+00
{17} 3.000000000000e+01 {Front wheel, bike} 2.546530000000e+00 0.000000000000e+00 -2.169000000000e-02 0.000000000000e+00 3.450300000000e-01 0.000000000000e+00 0.000000000000e+00 0.000000000000e+00 -9.455600000000e-01 0.000000000000e+00 -3.254600000000e-01 0.000000000000e+00
{17} 3.000000000000e+01 {Rear wheel, bike} 3.088240000000e+00 0.000000000000e+00 -5.210000000000e-02 0.000000000000e+00 2.078000000000e-01 0.000000000000e+00 -0.000000000000e+00 0.000000000000e+00 8.634900000000e-01 0.000000000000e+00 -5.043700000000e-01 0.000000000000e+00
{17} 3.000000000000e+01 {Front contact patch} 2.546530000000e+00 0.000000000000e+00 -1.084800000000e-01 0.000000000000e+00 3.151600000000e-01 0.000000000000e+00 0.000000000000e+00 0.000000000000e+00 -9.455600000000e-01 0.000000000000e+00 -3.254600000000e-01 0.000000000000e+00
{17} 3.000000000000e+01 {Rear contact patch} 3.088240000000e+00 0.000000000000e+00 7.725000000000e-02 0.000000000000e+00 1.322500000000e-01 0.000000000000e+00 -0.000000000000e+00 0.000000000000e+00 8.634900000000e-01 0.000000000000e+00 -5.043700000000e-01 0.000000000000e+00
{18} 3.000000000000e+01 {Frame} 4.908310000000e+00 0.000000000000e+00 -3.345116000000e+01 0.000000000000e+00 4.724000000000e-01 0.000000000000e+00 0.000000000000e+00 0.000000000000e+00 0.000000000000e+00 0.000000000000e+00 -1.000000000000e+00 0.000000000000e+00
{18} 3.000000000000e+01 {Upper body} 4.908310000000e+00 0.000000000000e+00 -3.345116000000e+01 0.000000000000e+00 1.140000000000e+00 0.000000000000e+00 0.000000000000e+00 0.000000000000e+00 -0.000000000000e+00 0.000000000000e+00 -1.000000000000e+00 0.000000000000e+00
{18} 3.000000000000e+01 {Upper fork} 4.908310000000e+00 0.000000000000e+00 -3.345116000000e+01 0.000000000000e+00 7.700000000000e-01 0.000000000000e+00 -0.000000000000e+00 0.000000000000e+00 0.000000000000e+00 0.000000000000e+00 -1.000000000000e+00 0.000000000000e+00
{18} 3.000000000000e+01 {Lower fork} 4.908310000000e+00 0.000000000000e+00 -3.345116000000e+01 0.000000000000e+00 3.240000000000e-01 0.000000000000e+00 -0.000000000000e+00 0.000000000000e+00 0.000000000000e+00 0.000000000000e+00 -1.000000000000e+00 0.000000000000e+00
{18} 3.000000000000e+01 {Swing arm} 4.908310000000e+00 0.000000000000e+00 -3.345116000000e+01 0.000000000000e+00 3.113000000000e-01 0.000000000000e+00 0.000000000000e+00 0.000000000000e+00 -0.000000000000e+00 0.000000000000e+00 -1.000000000000e+00 0.000000000000e+00
{18} 3.000000000000e+01 {Bell crank} 4.908310000000e+00 0.000000000000e+00 -3.345116000000e+01 0.000000000000e+00 1.727300000000e-01 0.000000000000e+00 0.000000000000e+00 0.000000000000e+00 0.000000000000e+00 0.000000000000e+00 -1.000000000000e+00 0.000000000000e+00
{18} 3.000000000000e+01 {Front wheel, bike} 1.666830000000e+00 0.000000000000e+00 -2.455800000000e+00 0.000000000000e+00 -8.442590000000e+00 0.000000000000e+00 -0.000000000000e+00 0.000000000000e+00 9.625900000000e-01 0.000000000000e+00 -2.709500000000e-01 0.000000000000e+00
{18} 3.000000000000e+01 {Rear wheel, bike} 8.705000000000e-01 0.000000000000e+00 -5.932630000000e+00 0.000000000000e+00 -1.248022000000e+01 0.000000000000e+00 0.000000000000e+00 0.000000000000e+00 9.070000000000e-01 0.000000000000e+00 -4.211300000000e-01 0.000000000000e+00
{18} 3.000000000000e+01 {Front contact patch} 1.666830000000e+00 0.000000000000e+00 -2.382250000000e+00 0.000000000000e+00 -8.463290000000e+00 0.000000000000e+00 0.000000000000e+00 0.000000000000e+00 9.625900000000e-01 0.000000000000e+00 -2.709500000000e-01 0.000000000000e+00
{18} 3.000000000000e+01 {Rear contact patch} 8.705000000000e-01 0.000000000000e+00 -5.819190000000e+00 0.000000000000e+00 -1.253289000000e+01 0.000000000000e+00 0.000000000000e+00 0.000000000000e+00 9.070000000000e-01 0.000000000000e+00 -4.211300000000e-01 0.000000000000e+00

