%%% Deflection
num name type x y z 
{1} {Frame} translation 6.21524000e-03 -0.00000000e+00 -4.73067900e-02
{ } { } rotation -0.00000000e+00 -2.14789400e-02 0.00000000e+00
{2} {Upper body} translation -8.12410000e-03 -0.00000000e+00 -5.29536100e-02
{ } { } rotation -0.00000000e+00 -2.14789400e-02 0.00000000e+00
{3} {Upper fork} translation -1.76890000e-04 -0.00000000e+00 -3.68658800e-02
{ } { } rotation 0.00000000e+00 -2.14789400e-02 0.00000000e+00
{4} {Lower fork} translation -5.51103000e-03 -0.00000000e+00 -9.66550000e-04
{ } { } rotation 0.00000000e+00 -2.14789400e-02 0.00000000e+00
{5} {Swing arm} translation 4.09729000e-03 0.00000000e+00 -1.78775700e-02
{ } { } rotation -0.00000000e+00 9.12120800e-02 0.00000000e+00
{6} {Bell crank} translation 7.07316000e-03 -0.00000000e+00 -3.41183500e-02
{ } { } rotation -0.00000000e+00 3.48782220e-01 0.00000000e+00
{7} {Front wheel, bike} translation -4.60892000e-03 -0.00000000e+00 0.00000000e+00
{ } { } rotation 0.00000000e+00 -6.25010000e-04 0.00000000e+00
{8} {Rear wheel, bike} translation 2.79296000e-03 0.00000000e+00 0.00000000e+00
{ } { } rotation -0.00000000e+00 3.97230000e-04 0.00000000e+00
{9} {Front contact patch} translation -4.43267000e-03 -0.00000000e+00 0.00000000e+00
{ } { } rotation 0.00000000e+00 -6.25010000e-04 0.00000000e+00
{10} {Rear contact patch} translation 2.67498000e-03 0.00000000e+00 0.00000000e+00
{ } { } rotation -0.00000000e+00 3.97230000e-04 0.00000000e+00
