%%% Preload
num name type fx fy fz fxyz 
{1} {Rear axle} force 0.00000000e+00 -0.00000000e+00 1.16119135e+03 1.16119135e+03
{} {} moment 0.00000000e+00 0.00000000e+00 -0.00000000e+00 0.00000000e+00
{2} {Swing arm pivot} force -2.31781211e+03 0.00000000e+00 1.23888803e+03 2.62813556e+03
{} {} moment -0.00000000e+00 0.00000000e+00 0.00000000e+00 0.00000000e+00
{3} {Bell crank pivot} force 2.59104524e+03 0.00000000e+00 -3.34100320e+02 2.61249660e+03
{} {} moment 0.00000000e+00 0.00000000e+00 0.00000000e+00 0.00000000e+00
{4} {Seat} force -0.00000000e+00 0.00000000e+00 3.30400800e+02 3.30400800e+02
{} {} moment 0.00000000e+00 -1.68504400e+01 -0.00000000e+00 1.68504400e+01
{5} {Steering head} force 0.00000000e+00 0.00000000e+00 -8.67614750e+02 8.67614750e+02
{} {} moment 0.00000000e+00 2.32933670e+02 0.00000000e+00 2.32933670e+02
{6} {Front axle} force 0.00000000e+00 0.00000000e+00 1.03673915e+03 1.03673915e+03
{} {} moment 0.00000000e+00 0.00000000e+00 -0.00000000e+00 0.00000000e+00
{7} {Front contact patch constraint} force 0.00000000e+00 0.00000000e+00 -0.00000000e+00 0.00000000e+00
{} {} moment -0.00000000e+00 -0.00000000e+00 0.00000000e+00 0.00000000e+00
{8} {Rear contact patch constraint} force 0.00000000e+00 0.00000000e+00 0.00000000e+00 0.00000000e+00
{} {} moment -0.00000000e+00 0.00000000e+00 0.00000000e+00 0.00000000e+00
{9} {Front tire, sidewall} force 0.00000000e+00 0.00000000e+00 0.00000000e+00 0.00000000e+00
{} {} moment 0.00000000e+00 0.00000000e+00 0.00000000e+00 0.00000000e+00
{10} {Rear tire, sidewall} force 0.00000000e+00 0.00000000e+00 0.00000000e+00 0.00000000e+00
{} {} moment 0.00000000e+00 0.00000000e+00 0.00000000e+00 0.00000000e+00
{11} {Front tire, vertical} force 0.00000000e+00 0.00000000e+00 1.15347815e+03 1.15347815e+03
{} {} moment 0.00000000e+00 0.00000000e+00 0.00000000e+00 0.00000000e+00
{12} {Rear tire, vertical} force 0.00000000e+00 0.00000000e+00 1.30539835e+03 1.30539835e+03
{} {} moment 0.00000000e+00 0.00000000e+00 0.00000000e+00 0.00000000e+00
{13} {Fork slider} force 3.72843780e+02 -0.00000000e+00 1.76065120e+02 4.12324400e+02
{} {} moment 0.00000000e+00 -6.88624400e+01 0.00000000e+00 6.88624400e+01
{14} {Front tire, lateral} force 0.00000000e+00 0.00000000e+00 0.00000000e+00 0.00000000e+00
{} {} moment 0.00000000e+00 0.00000000e+00 0.00000000e+00 0.00000000e+00
{15} {Rear tire, lateral} force 0.00000000e+00 0.00000000e+00 0.00000000e+00 0.00000000e+00
{} {} moment 0.00000000e+00 0.00000000e+00 0.00000000e+00 0.00000000e+00
{16} {Front tire, longitudinal} force 0.00000000e+00 0.00000000e+00 0.00000000e+00 0.00000000e+00
{} {} moment 0.00000000e+00 0.00000000e+00 0.00000000e+00 0.00000000e+00
{17} {Rear tire, longitudinal} force 0.00000000e+00 0.00000000e+00 0.00000000e+00 0.00000000e+00
{} {} moment 0.00000000e+00 0.00000000e+00 0.00000000e+00 0.00000000e+00
{18} {Rear spring} force 2.73233130e+02 -0.00000000e+00 1.98749907e+03 -2.00619264e+03
{19} {Right front spring} force -1.86421890e+02 -0.00000000e+00 3.94775760e+02 -4.36578770e+02
{20} {Left front spring} force -1.86421890e+02 -0.00000000e+00 3.94775760e+02 -4.36578770e+02
{21} {Pull rod (dogbone)} force 2.31781211e+03 0.00000000e+00 -2.32159939e+03 3.28056042e+03
