%%% Speed, Mode, Body, Rotation centre, Axis of rotation
1.000000000000e+00  1  Frame 5.149300000000e-01 + 0.000000000000e+00i, -0.000000000000e+00 + 0.000000000000e+00i, 8.938500000000e-01 + 0.000000000000e+00i, 0.000000000000e+00 + 0.000000000000e+00i, 1.000000000000e+00 + 0.000000000000e+00i, 0.000000000000e+00 + 0.000000000000e+00i, 
1.000000000000e+00  1  Upper body 5.149300000000e-01 + 0.000000000000e+00i, 0.000000000000e+00 + 0.000000000000e+00i, 8.938500000000e-01 + 0.000000000000e+00i, 0.000000000000e+00 + 0.000000000000e+00i, 1.000000000000e+00 + 0.000000000000e+00i, 0.000000000000e+00 + 0.000000000000e+00i, 
1.000000000000e+00  1  Upper fork 5.149300000000e-01 + 0.000000000000e+00i, 0.000000000000e+00 + 0.000000000000e+00i, 8.938500000000e-01 + 0.000000000000e+00i, 0.000000000000e+00 + 0.000000000000e+00i, 1.000000000000e+00 + 0.000000000000e+00i, -0.000000000000e+00 + 0.000000000000e+00i, 
1.000000000000e+00  1  Lower fork 2.968000000000e+00 + 0.000000000000e+00i, -0.000000000000e+00 + 0.000000000000e+00i, 2.052240000000e+00 + 0.000000000000e+00i, 0.000000000000e+00 + 0.000000000000e+00i, 1.000000000000e+00 + 0.000000000000e+00i, -0.000000000000e+00 + 0.000000000000e+00i, 
1.000000000000e+00  1  Swing arm -3.137000000000e-02 + 0.000000000000e+00i, -0.000000000000e+00 + 0.000000000000e+00i, 9.440990000000e+00 + 0.000000000000e+00i, 0.000000000000e+00 + 0.000000000000e+00i, 1.000000000000e+00 + 0.000000000000e+00i, 0.000000000000e+00 + 0.000000000000e+00i, 
1.000000000000e+00  1  Bell crank 5.505000000000e-01 + 0.000000000000e+00i, -0.000000000000e+00 + 0.000000000000e+00i, -1.495800000000e-01 + 0.000000000000e+00i, 0.000000000000e+00 + 0.000000000000e+00i, -1.000000000000e+00 + 0.000000000000e+00i, 0.000000000000e+00 + 0.000000000000e+00i, 
1.000000000000e+00  1  Front wheel, bike 1.437790000000e+00 + 0.000000000000e+00i, -0.000000000000e+00 + 0.000000000000e+00i, 3.135700000000e-01 + 0.000000000000e+00i, 0.000000000000e+00 + 0.000000000000e+00i, 1.000000000000e+00 + 0.000000000000e+00i, -0.000000000000e+00 + 0.000000000000e+00i, 
1.000000000000e+00  1  Rear wheel, bike -3.300000000000e-04 + 0.000000000000e+00i, -0.000000000000e+00 + 0.000000000000e+00i, 3.924700000000e-01 + 0.000000000000e+00i, 0.000000000000e+00 + 0.000000000000e+00i, 1.000000000000e+00 + 0.000000000000e+00i, 0.000000000000e+00 + 0.000000000000e+00i, 

1.000000000000e+00  2  Frame 5.862300000000e-01 + 0.000000000000e+00i, -0.000000000000e+00 + 0.000000000000e+00i, 2.418150000000e+00 + 0.000000000000e+00i, -0.000000000000e+00 + 0.000000000000e+00i, 1.000000000000e+00 + 0.000000000000e+00i, 0.000000000000e+00 + 0.000000000000e+00i, 
1.000000000000e+00  2  Upper body 5.862300000000e-01 + 0.000000000000e+00i, -0.000000000000e+00 + 0.000000000000e+00i, 2.418150000000e+00 + 0.000000000000e+00i, -0.000000000000e+00 + 0.000000000000e+00i, 1.000000000000e+00 + 0.000000000000e+00i, 0.000000000000e+00 + 0.000000000000e+00i, 
1.000000000000e+00  2  Upper fork 5.862300000000e-01 + 0.000000000000e+00i, -0.000000000000e+00 + 0.000000000000e+00i, 2.418150000000e+00 + 0.000000000000e+00i, -0.000000000000e+00 + 0.000000000000e+00i, 1.000000000000e+00 + 0.000000000000e+00i, 0.000000000000e+00 + 0.000000000000e+00i, 
1.000000000000e+00  2  Lower fork -9.260100000000e-01 + 0.000000000000e+00i, -0.000000000000e+00 + 0.000000000000e+00i, 1.704040000000e+00 + 0.000000000000e+00i, -0.000000000000e+00 + 0.000000000000e+00i, 1.000000000000e+00 + 0.000000000000e+00i, 0.000000000000e+00 + 0.000000000000e+00i, 
1.000000000000e+00  2  Swing arm 5.559100000000e-01 + 0.000000000000e+00i, -0.000000000000e+00 + 0.000000000000e+00i, 7.426000000000e-01 + 0.000000000000e+00i, -0.000000000000e+00 + 0.000000000000e+00i, 1.000000000000e+00 + 0.000000000000e+00i, 0.000000000000e+00 + 0.000000000000e+00i, 
1.000000000000e+00  2  Bell crank 5.420600000000e-01 + 0.000000000000e+00i, -0.000000000000e+00 + 0.000000000000e+00i, 3.324500000000e-01 + 0.000000000000e+00i, -0.000000000000e+00 + 0.000000000000e+00i, 1.000000000000e+00 + 0.000000000000e+00i, 0.000000000000e+00 + 0.000000000000e+00i, 
1.000000000000e+00  2  Front wheel, bike 1.470610000000e+00 + 0.000000000000e+00i, -0.000000000000e+00 + 0.000000000000e+00i, 2.451000000000e-01 + 0.000000000000e+00i, -0.000000000000e+00 + 0.000000000000e+00i, -1.000000000000e+00 + 0.000000000000e+00i, 0.000000000000e+00 + 0.000000000000e+00i, 
1.000000000000e+00  2  Rear wheel, bike 1.219000000000e-02 + 0.000000000000e+00i, 0.000000000000e+00 + 0.000000000000e+00i, 3.067700000000e-01 + 0.000000000000e+00i, -0.000000000000e+00 + 0.000000000000e+00i, 1.000000000000e+00 + 0.000000000000e+00i, 0.000000000000e+00 + 0.000000000000e+00i, 

1.000000000000e+00  3  Frame 5.108600000000e-01 + 0.000000000000e+00i, 0.000000000000e+00 + 0.000000000000e+00i, 5.686100000000e-01 + 0.000000000000e+00i, -4.990800000000e-01 + 0.000000000000e+00i, -0.000000000000e+00 + 0.000000000000e+00i, -8.665600000000e-01 + 0.000000000000e+00i, 
1.000000000000e+00  3  Upper body 7.341000000000e-01 + 0.000000000000e+00i, 0.000000000000e+00 + 0.000000000000e+00i, 9.562200000000e-01 + 0.000000000000e+00i, -4.990800000000e-01 + 0.000000000000e+00i, -0.000000000000e+00 + 0.000000000000e+00i, -8.665600000000e-01 + 0.000000000000e+00i, 
1.000000000000e+00  3  Upper fork 1.256340000000e+00 + 0.000000000000e+00i, -0.000000000000e+00 + 0.000000000000e+00i, 8.355800000000e-01 + 0.000000000000e+00i, -5.790300000000e-01 + 0.000000000000e+00i, -0.000000000000e+00 + 0.000000000000e+00i, 8.153100000000e-01 + 0.000000000000e+00i, 
1.000000000000e+00  3  Lower fork 1.534280000000e+00 + 0.000000000000e+00i, -0.000000000000e+00 + 0.000000000000e+00i, 4.442200000000e-01 + 0.000000000000e+00i, -5.790300000000e-01 + 0.000000000000e+00i, -0.000000000000e+00 + 0.000000000000e+00i, 8.153100000000e-01 + 0.000000000000e+00i, 
1.000000000000e+00  3  Swing arm 3.211500000000e-01 + 0.000000000000e+00i, 0.000000000000e+00 + 0.000000000000e+00i, 2.392200000000e-01 + 0.000000000000e+00i, -4.990800000000e-01 + 0.000000000000e+00i, -0.000000000000e+00 + 0.000000000000e+00i, -8.665600000000e-01 + 0.000000000000e+00i, 
1.000000000000e+00  3  Bell crank 3.351100000000e-01 + 0.000000000000e+00i, 0.000000000000e+00 + 0.000000000000e+00i, 2.634600000000e-01 + 0.000000000000e+00i, 4.990800000000e-01 + 0.000000000000e+00i, 0.000000000000e+00 + 0.000000000000e+00i, 8.665600000000e-01 + 0.000000000000e+00i, 
1.000000000000e+00  3  Front wheel, bike 1.569200000000e+00 + 0.000000000000e+00i, -0.000000000000e+00 + 0.000000000000e+00i, 3.950600000000e-01 + 0.000000000000e+00i, -5.790300000000e-01 + 0.000000000000e+00i, 0.000000000000e+00 + 0.000000000000e+00i, 8.153100000000e-01 + 0.000000000000e+00i, 
1.000000000000e+00  3  Rear wheel, bike 2.661500000000e-01 + 0.000000000000e+00i, 0.000000000000e+00 + 0.000000000000e+00i, 1.437200000000e-01 + 0.000000000000e+00i, -4.990800000000e-01 + 0.000000000000e+00i, 0.000000000000e+00 + 0.000000000000e+00i, -8.665600000000e-01 + 0.000000000000e+00i, 

1.000000000000e+00  4  Frame 8.083600000000e-01 + 0.000000000000e+00i, 0.000000000000e+00 + 0.000000000000e+00i, 6.494400000000e-01 + 0.000000000000e+00i, 8.050500000000e-01 + 0.000000000000e+00i, -0.000000000000e+00 + 0.000000000000e+00i, -5.932100000000e-01 + 0.000000000000e+00i, 
1.000000000000e+00  4  Upper body 3.191500000000e-01 + 0.000000000000e+00i, 0.000000000000e+00 + 0.000000000000e+00i, 1.009920000000e+00 + 0.000000000000e+00i, 8.050500000000e-01 + 0.000000000000e+00i, -0.000000000000e+00 + 0.000000000000e+00i, -5.932100000000e-01 + 0.000000000000e+00i, 
1.000000000000e+00  4  Upper fork 1.163100000000e+00 + 0.000000000000e+00i, 0.000000000000e+00 + 0.000000000000e+00i, 2.013300000000e-01 + 0.000000000000e+00i, 1.000000000000e+00 + 0.000000000000e+00i, -0.000000000000e+00 + 0.000000000000e+00i, -1.590000000000e-03 + 0.000000000000e+00i, 
1.000000000000e+00  4  Lower fork 1.364800000000e+00 + 0.000000000000e+00i, -0.000000000000e+00 + 0.000000000000e+00i, 2.010100000000e-01 + 0.000000000000e+00i, 1.000000000000e+00 + 0.000000000000e+00i, -0.000000000000e+00 + 0.000000000000e+00i, -1.590000000000e-03 + 0.000000000000e+00i, 
1.000000000000e+00  4  Swing arm 5.729700000000e-01 + 0.000000000000e+00i, 0.000000000000e+00 + 0.000000000000e+00i, 8.228900000000e-01 + 0.000000000000e+00i, 8.050500000000e-01 + 0.000000000000e+00i, -0.000000000000e+00 + 0.000000000000e+00i, -5.932100000000e-01 + 0.000000000000e+00i, 
1.000000000000e+00  4  Bell crank 8.313900000000e-01 + 0.000000000000e+00i, 0.000000000000e+00 + 0.000000000000e+00i, 6.324700000000e-01 + 0.000000000000e+00i, 8.050500000000e-01 + 0.000000000000e+00i, 0.000000000000e+00 + 0.000000000000e+00i, -5.932100000000e-01 + 0.000000000000e+00i, 
1.000000000000e+00  4  Front wheel, bike 1.409870000000e+00 + 0.000000000000e+00i, -0.000000000000e+00 + 0.000000000000e+00i, 2.009400000000e-01 + 0.000000000000e+00i, 1.000000000000e+00 + 0.000000000000e+00i, -0.000000000000e+00 + 0.000000000000e+00i, -1.590000000000e-03 + 0.000000000000e+00i, 
1.000000000000e+00  4  Rear wheel, bike 4.527700000000e-01 + 0.000000000000e+00i, 0.000000000000e+00 + 0.000000000000e+00i, 9.114600000000e-01 + 0.000000000000e+00i, 8.050500000000e-01 + 0.000000000000e+00i, 0.000000000000e+00 + 0.000000000000e+00i, -5.932100000000e-01 + 0.000000000000e+00i, 

1.000000000000e+00  5  Frame 9.940500000000e-01 + 0.000000000000e+00i, -0.000000000000e+00 + 0.000000000000e+00i, 5.645100000000e-01 + 0.000000000000e+00i, -0.000000000000e+00 + 0.000000000000e+00i, -1.000000000000e+00 + 0.000000000000e+00i, -0.000000000000e+00 + 0.000000000000e+00i, 
1.000000000000e+00  5  Upper body 9.940500000000e-01 + 0.000000000000e+00i, -0.000000000000e+00 + 0.000000000000e+00i, 5.645100000000e-01 + 0.000000000000e+00i, 0.000000000000e+00 + 0.000000000000e+00i, 1.000000000000e+00 + 0.000000000000e+00i, 0.000000000000e+00 + 0.000000000000e+00i, 
1.000000000000e+00  5  Upper fork 9.940500000000e-01 + 0.000000000000e+00i, 0.000000000000e+00 + 0.000000000000e+00i, 5.645100000000e-01 + 0.000000000000e+00i, -0.000000000000e+00 + 0.000000000000e+00i, -1.000000000000e+00 + 0.000000000000e+00i, 0.000000000000e+00 + 0.000000000000e+00i, 
1.000000000000e+00  5  Lower fork 1.371710000000e+00 + 0.000000000000e+00i, 0.000000000000e+00 + 0.000000000000e+00i, 7.428500000000e-01 + 0.000000000000e+00i, -0.000000000000e+00 + 0.000000000000e+00i, -1.000000000000e+00 + 0.000000000000e+00i, 0.000000000000e+00 + 0.000000000000e+00i, 
1.000000000000e+00  5  Swing arm 4.777900000000e-01 + 0.000000000000e+00i, 0.000000000000e+00 + 0.000000000000e+00i, 3.282100000000e-01 + 0.000000000000e+00i, -0.000000000000e+00 + 0.000000000000e+00i, 1.000000000000e+00 + 0.000000000000e+00i, -0.000000000000e+00 + 0.000000000000e+00i, 
1.000000000000e+00  5  Bell crank 5.190600000000e-01 + 0.000000000000e+00i, 0.000000000000e+00 + 0.000000000000e+00i, 1.712900000000e-01 + 0.000000000000e+00i, -0.000000000000e+00 + 0.000000000000e+00i, 1.000000000000e+00 + 0.000000000000e+00i, -0.000000000000e+00 + 0.000000000000e+00i, 
1.000000000000e+00  5  Front wheel, bike 1.432980000000e+00 + 0.000000000000e+00i, 0.000000000000e+00 + 0.000000000000e+00i, 5.480000000000e-03 + 0.000000000000e+00i, -0.000000000000e+00 + 0.000000000000e+00i, 1.000000000000e+00 + 0.000000000000e+00i, 0.000000000000e+00 + 0.000000000000e+00i, 
1.000000000000e+00  5  Rear wheel, bike -4.442270000000e+00 + 0.000000000000e+00i, 0.000000000000e+00 + 0.000000000000e+00i, 6.860000000000e-03 + 0.000000000000e+00i, -0.000000000000e+00 + 0.000000000000e+00i, -1.000000000000e+00 + 0.000000000000e+00i, -0.000000000000e+00 + 0.000000000000e+00i, 

1.000000000000e+00  6  Frame 9.776000000000e-02 + -4.262200000000e-01i, -0.000000000000e+00 + 0.000000000000e+00i, 3.804100000000e-01 + -4.600000000000e-03i, -0.000000000000e+00 + 0.000000000000e+00i, 1.000000000000e+00 + 0.000000000000e+00i, 0.000000000000e+00 + 0.000000000000e+00i, 
1.000000000000e+00  6  Upper body 9.776000000000e-02 + -4.262200000000e-01i, -0.000000000000e+00 + 0.000000000000e+00i, 3.804100000000e-01 + -4.600000000000e-03i, -0.000000000000e+00 + 0.000000000000e+00i, 1.000000000000e+00 + 0.000000000000e+00i, 0.000000000000e+00 + 0.000000000000e+00i, 
1.000000000000e+00  6  Upper fork 9.776000000000e-02 + -4.262200000000e-01i, -0.000000000000e+00 + 0.000000000000e+00i, 3.804100000000e-01 + -4.600000000000e-03i, 0.000000000000e+00 + 0.000000000000e+00i, -9.285600000000e-01 + 3.711800000000e-01i, -0.000000000000e+00 + 0.000000000000e+00i, 
1.000000000000e+00  6  Lower fork 3.246420000000e+00 + -5.405000000000e-01i, 0.000000000000e+00 + 0.000000000000e+00i, 1.867270000000e+00 + -5.856000000000e-02i, -0.000000000000e+00 + 0.000000000000e+00i, 9.611300000000e-01 + 2.761100000000e-01i, 0.000000000000e+00 + 0.000000000000e+00i, 
1.000000000000e+00  6  Swing arm 3.331500000000e-01 + -4.698000000000e-02i, 0.000000000000e+00 + 0.000000000000e+00i, 3.659300000000e-01 + -5.000000000000e-03i, -0.000000000000e+00 + 0.000000000000e+00i, 1.000000000000e+00 + 0.000000000000e+00i, 0.000000000000e+00 + 0.000000000000e+00i, 
1.000000000000e+00  6  Bell crank 4.559300000000e-01 + -5.380000000000e-03i, -0.000000000000e+00 + 0.000000000000e+00i, 2.073300000000e-01 + -1.738000000000e-02i, -0.000000000000e+00 + 0.000000000000e+00i, 1.000000000000e+00 + 0.000000000000e+00i, 0.000000000000e+00 + 0.000000000000e+00i, 
1.000000000000e+00  6  Front wheel, bike 1.081640000000e+00 + 8.264000000000e-02i, 0.000000000000e+00 + 0.000000000000e+00i, 1.410000000000e-03 + -7.800000000000e-04i, 0.000000000000e+00 + 0.000000000000e+00i, 1.000000000000e+00 + 0.000000000000e+00i, -0.000000000000e+00 + 0.000000000000e+00i, 
1.000000000000e+00  6  Rear wheel, bike -1.434250000000e+00 + 9.236000000000e-02i, 0.000000000000e+00 + 0.000000000000e+00i, 1.770000000000e-03 + -9.700000000000e-04i, -0.000000000000e+00 + 0.000000000000e+00i, -9.979300000000e-01 + -6.427000000000e-02i, 0.000000000000e+00 + 0.000000000000e+00i, 

1.000000000000e+00  7  Frame 9.776000000000e-02 + 4.262200000000e-01i, -0.000000000000e+00 + 0.000000000000e+00i, 3.804100000000e-01 + 4.600000000000e-03i, -0.000000000000e+00 + 0.000000000000e+00i, 1.000000000000e+00 + 0.000000000000e+00i, 0.000000000000e+00 + 0.000000000000e+00i, 
1.000000000000e+00  7  Upper body 9.776000000000e-02 + 4.262200000000e-01i, -0.000000000000e+00 + 0.000000000000e+00i, 3.804100000000e-01 + 4.600000000000e-03i, -0.000000000000e+00 + 0.000000000000e+00i, 1.000000000000e+00 + 0.000000000000e+00i, 0.000000000000e+00 + 0.000000000000e+00i, 
1.000000000000e+00  7  Upper fork 9.776000000000e-02 + 4.262200000000e-01i, -0.000000000000e+00 + 0.000000000000e+00i, 3.804100000000e-01 + 4.600000000000e-03i, 0.000000000000e+00 + 0.000000000000e+00i, -9.285600000000e-01 + -3.711800000000e-01i, -0.000000000000e+00 + 0.000000000000e+00i, 
1.000000000000e+00  7  Lower fork 3.246420000000e+00 + 5.405000000000e-01i, 0.000000000000e+00 + 0.000000000000e+00i, 1.867270000000e+00 + 5.856000000000e-02i, -0.000000000000e+00 + 0.000000000000e+00i, 9.611300000000e-01 + -2.761100000000e-01i, 0.000000000000e+00 + 0.000000000000e+00i, 
1.000000000000e+00  7  Swing arm 3.331500000000e-01 + 4.698000000000e-02i, 0.000000000000e+00 + 0.000000000000e+00i, 3.659300000000e-01 + 5.000000000000e-03i, -0.000000000000e+00 + 0.000000000000e+00i, 1.000000000000e+00 + 0.000000000000e+00i, 0.000000000000e+00 + 0.000000000000e+00i, 
1.000000000000e+00  7  Bell crank 4.559300000000e-01 + 5.380000000000e-03i, -0.000000000000e+00 + 0.000000000000e+00i, 2.073300000000e-01 + 1.738000000000e-02i, -0.000000000000e+00 + 0.000000000000e+00i, 1.000000000000e+00 + 0.000000000000e+00i, 0.000000000000e+00 + 0.000000000000e+00i, 
1.000000000000e+00  7  Front wheel, bike 1.081640000000e+00 + -8.264000000000e-02i, 0.000000000000e+00 + 0.000000000000e+00i, 1.410000000000e-03 + 7.800000000000e-04i, 0.000000000000e+00 + 0.000000000000e+00i, 1.000000000000e+00 + 0.000000000000e+00i, -0.000000000000e+00 + 0.000000000000e+00i, 
1.000000000000e+00  7  Rear wheel, bike -1.434250000000e+00 + -9.236000000000e-02i, 0.000000000000e+00 + 0.000000000000e+00i, 1.770000000000e-03 + 9.700000000000e-04i, -0.000000000000e+00 + 0.000000000000e+00i, -9.979300000000e-01 + 6.427000000000e-02i, 0.000000000000e+00 + 0.000000000000e+00i, 

1.000000000000e+00  8  Frame 6.288100000000e-01 + -9.979000000000e-02i, 0.000000000000e+00 + 0.000000000000e+00i, 5.100200000000e-01 + 2.024000000000e-02i, 0.000000000000e+00 + 0.000000000000e+00i, 1.000000000000e+00 + 0.000000000000e+00i, 0.000000000000e+00 + 0.000000000000e+00i, 
1.000000000000e+00  8  Upper body 6.288100000000e-01 + -9.979000000000e-02i, 0.000000000000e+00 + 0.000000000000e+00i, 5.100200000000e-01 + 2.024000000000e-02i, -0.000000000000e+00 + 0.000000000000e+00i, 1.000000000000e+00 + 0.000000000000e+00i, 0.000000000000e+00 + 0.000000000000e+00i, 
1.000000000000e+00  8  Upper fork 6.288100000000e-01 + -9.979000000000e-02i, 0.000000000000e+00 + 0.000000000000e+00i, 5.100200000000e-01 + 2.024000000000e-02i, -0.000000000000e+00 + 0.000000000000e+00i, 1.000000000000e+00 + 0.000000000000e+00i, 0.000000000000e+00 + 0.000000000000e+00i, 
1.000000000000e+00  8  Lower fork 1.163730000000e+00 + -6.595400000000e-01i, 0.000000000000e+00 + 0.000000000000e+00i, 7.626200000000e-01 + -2.440800000000e-01i, -0.000000000000e+00 + 0.000000000000e+00i, 1.000000000000e+00 + 0.000000000000e+00i, 0.000000000000e+00 + 0.000000000000e+00i, 
1.000000000000e+00  8  Swing arm 5.336600000000e-01 + -1.211900000000e-01i, -0.000000000000e+00 + 0.000000000000e+00i, 4.740300000000e-01 + -8.891000000000e-02i, 0.000000000000e+00 + 0.000000000000e+00i, 1.000000000000e+00 + 0.000000000000e+00i, 0.000000000000e+00 + 0.000000000000e+00i, 
1.000000000000e+00  8  Bell crank 5.002100000000e-01 + -3.810000000000e-02i, -0.000000000000e+00 + 0.000000000000e+00i, 2.016800000000e-01 + -1.300200000000e-01i, 0.000000000000e+00 + 0.000000000000e+00i, 1.000000000000e+00 + 0.000000000000e+00i, 0.000000000000e+00 + 0.000000000000e+00i, 
1.000000000000e+00  8  Front wheel, bike 1.367160000000e+00 + 3.652000000000e-01i, -0.000000000000e+00 + 0.000000000000e+00i, 4.600000000000e-04 + -1.190000000000e-03i, 0.000000000000e+00 + 0.000000000000e+00i, 1.000000000000e+00 + 0.000000000000e+00i, -0.000000000000e+00 + 0.000000000000e+00i, 
1.000000000000e+00  8  Rear wheel, bike -7.939900000000e-01 + -2.003400000000e-01i, -0.000000000000e+00 + 0.000000000000e+00i, 5.800000000000e-04 + -1.490000000000e-03i, -0.000000000000e+00 + 0.000000000000e+00i, 1.000000000000e+00 + 0.000000000000e+00i, -0.000000000000e+00 + 0.000000000000e+00i, 

1.000000000000e+00  9  Frame 6.288100000000e-01 + 9.979000000000e-02i, 0.000000000000e+00 + 0.000000000000e+00i, 5.100200000000e-01 + -2.024000000000e-02i, 0.000000000000e+00 + 0.000000000000e+00i, 1.000000000000e+00 + 0.000000000000e+00i, 0.000000000000e+00 + 0.000000000000e+00i, 
1.000000000000e+00  9  Upper body 6.288100000000e-01 + 9.979000000000e-02i, 0.000000000000e+00 + 0.000000000000e+00i, 5.100200000000e-01 + -2.024000000000e-02i, -0.000000000000e+00 + 0.000000000000e+00i, 1.000000000000e+00 + 0.000000000000e+00i, 0.000000000000e+00 + 0.000000000000e+00i, 
1.000000000000e+00  9  Upper fork 6.288100000000e-01 + 9.979000000000e-02i, 0.000000000000e+00 + 0.000000000000e+00i, 5.100200000000e-01 + -2.024000000000e-02i, -0.000000000000e+00 + 0.000000000000e+00i, 1.000000000000e+00 + 0.000000000000e+00i, 0.000000000000e+00 + 0.000000000000e+00i, 
1.000000000000e+00  9  Lower fork 1.163730000000e+00 + 6.595400000000e-01i, 0.000000000000e+00 + 0.000000000000e+00i, 7.626200000000e-01 + 2.440800000000e-01i, -0.000000000000e+00 + 0.000000000000e+00i, 1.000000000000e+00 + 0.000000000000e+00i, 0.000000000000e+00 + 0.000000000000e+00i, 
1.000000000000e+00  9  Swing arm 5.336600000000e-01 + 1.211900000000e-01i, -0.000000000000e+00 + 0.000000000000e+00i, 4.740300000000e-01 + 8.891000000000e-02i, 0.000000000000e+00 + 0.000000000000e+00i, 1.000000000000e+00 + 0.000000000000e+00i, 0.000000000000e+00 + 0.000000000000e+00i, 
1.000000000000e+00  9  Bell crank 5.002100000000e-01 + 3.810000000000e-02i, -0.000000000000e+00 + 0.000000000000e+00i, 2.016800000000e-01 + 1.300200000000e-01i, 0.000000000000e+00 + 0.000000000000e+00i, 1.000000000000e+00 + 0.000000000000e+00i, 0.000000000000e+00 + 0.000000000000e+00i, 
1.000000000000e+00  9  Front wheel, bike 1.367160000000e+00 + -3.652000000000e-01i, -0.000000000000e+00 + 0.000000000000e+00i, 4.600000000000e-04 + 1.190000000000e-03i, 0.000000000000e+00 + 0.000000000000e+00i, 1.000000000000e+00 + 0.000000000000e+00i, -0.000000000000e+00 + 0.000000000000e+00i, 
1.000000000000e+00  9  Rear wheel, bike -7.939900000000e-01 + 2.003400000000e-01i, -0.000000000000e+00 + 0.000000000000e+00i, 5.800000000000e-04 + 1.490000000000e-03i, -0.000000000000e+00 + 0.000000000000e+00i, 1.000000000000e+00 + 0.000000000000e+00i, -0.000000000000e+00 + 0.000000000000e+00i, 

1.000000000000e+00  10  Frame 3.079000000000e-02 + -1.705410000000e+00i, -0.000000000000e+00 + 0.000000000000e+00i, 4.405500000000e-01 + -6.288000000000e-02i, 0.000000000000e+00 + 0.000000000000e+00i, -3.547700000000e-01 + 9.349500000000e-01i, -0.000000000000e+00 + 0.000000000000e+00i, 
1.000000000000e+00  10  Upper body 3.079000000000e-02 + -1.705410000000e+00i, 0.000000000000e+00 + 0.000000000000e+00i, 4.405500000000e-01 + -6.288000000000e-02i, 0.000000000000e+00 + 0.000000000000e+00i, -2.197800000000e-01 + 9.755500000000e-01i, -0.000000000000e+00 + 0.000000000000e+00i, 
1.000000000000e+00  10  Upper fork 3.079000000000e-02 + -1.705410000000e+00i, -0.000000000000e+00 + 0.000000000000e+00i, 4.405500000000e-01 + -6.288000000000e-02i, 0.000000000000e+00 + 0.000000000000e+00i, -5.534400000000e-01 + 8.328900000000e-01i, -0.000000000000e+00 + 0.000000000000e+00i, 
1.000000000000e+00  10  Lower fork 1.897410000000e+00 + -6.664500000000e-01i, -0.000000000000e+00 + 0.000000000000e+00i, 1.322010000000e+00 + 4.277300000000e-01i, 0.000000000000e+00 + 0.000000000000e+00i, -9.191400000000e-01 + 3.939300000000e-01i, -0.000000000000e+00 + 0.000000000000e+00i, 
1.000000000000e+00  10  Swing arm 3.570000000000e-02 + -2.366100000000e-01i, 0.000000000000e+00 + 0.000000000000e+00i, 3.627100000000e-01 + -3.215000000000e-02i, -0.000000000000e+00 + 0.000000000000e+00i, 1.000000000000e+00 + 0.000000000000e+00i, 0.000000000000e+00 + 0.000000000000e+00i, 
1.000000000000e+00  10  Bell crank 3.473800000000e-01 + -4.822000000000e-02i, -0.000000000000e+00 + 0.000000000000e+00i, 1.961300000000e-01 + -2.769000000000e-02i, -0.000000000000e+00 + 0.000000000000e+00i, 1.000000000000e+00 + 0.000000000000e+00i, 0.000000000000e+00 + 0.000000000000e+00i, 
1.000000000000e+00  10  Front wheel, bike 1.360190000000e+00 + 2.007100000000e-01i, -0.000000000000e+00 + 0.000000000000e+00i, 3.400000000000e-04 + -5.600000000000e-04i, 0.000000000000e+00 + 0.000000000000e+00i, 1.000000000000e+00 + 0.000000000000e+00i, -0.000000000000e+00 + 0.000000000000e+00i, 
1.000000000000e+00  10  Rear wheel, bike -5.535200000000e-01 + 7.967600000000e-01i, 0.000000000000e+00 + 0.000000000000e+00i, 4.300000000000e-04 + -7.000000000000e-04i, 0.000000000000e+00 + 0.000000000000e+00i, 1.000000000000e+00 + 0.000000000000e+00i, -0.000000000000e+00 + 0.000000000000e+00i, 

1.000000000000e+00  11  Frame 3.079000000000e-02 + 1.705410000000e+00i, -0.000000000000e+00 + 0.000000000000e+00i, 4.405500000000e-01 + 6.288000000000e-02i, 0.000000000000e+00 + 0.000000000000e+00i, -3.547700000000e-01 + -9.349500000000e-01i, -0.000000000000e+00 + 0.000000000000e+00i, 
1.000000000000e+00  11  Upper body 3.079000000000e-02 + 1.705410000000e+00i, 0.000000000000e+00 + 0.000000000000e+00i, 4.405500000000e-01 + 6.288000000000e-02i, 0.000000000000e+00 + 0.000000000000e+00i, -2.197800000000e-01 + -9.755500000000e-01i, -0.000000000000e+00 + 0.000000000000e+00i, 
1.000000000000e+00  11  Upper fork 3.079000000000e-02 + 1.705410000000e+00i, -0.000000000000e+00 + 0.000000000000e+00i, 4.405500000000e-01 + 6.288000000000e-02i, 0.000000000000e+00 + 0.000000000000e+00i, -5.534400000000e-01 + -8.328900000000e-01i, -0.000000000000e+00 + 0.000000000000e+00i, 
1.000000000000e+00  11  Lower fork 1.897410000000e+00 + 6.664500000000e-01i, -0.000000000000e+00 + 0.000000000000e+00i, 1.322010000000e+00 + -4.277300000000e-01i, 0.000000000000e+00 + 0.000000000000e+00i, -9.191400000000e-01 + -3.939300000000e-01i, -0.000000000000e+00 + 0.000000000000e+00i, 
1.000000000000e+00  11  Swing arm 3.570000000000e-02 + 2.366100000000e-01i, 0.000000000000e+00 + 0.000000000000e+00i, 3.627100000000e-01 + 3.215000000000e-02i, -0.000000000000e+00 + 0.000000000000e+00i, 1.000000000000e+00 + 0.000000000000e+00i, 0.000000000000e+00 + 0.000000000000e+00i, 
1.000000000000e+00  11  Bell crank 3.473800000000e-01 + 4.822000000000e-02i, -0.000000000000e+00 + 0.000000000000e+00i, 1.961300000000e-01 + 2.769000000000e-02i, -0.000000000000e+00 + 0.000000000000e+00i, 1.000000000000e+00 + 0.000000000000e+00i, 0.000000000000e+00 + 0.000000000000e+00i, 
1.000000000000e+00  11  Front wheel, bike 1.360190000000e+00 + -2.007100000000e-01i, -0.000000000000e+00 + 0.000000000000e+00i, 3.400000000000e-04 + 5.600000000000e-04i, 0.000000000000e+00 + 0.000000000000e+00i, 1.000000000000e+00 + 0.000000000000e+00i, -0.000000000000e+00 + 0.000000000000e+00i, 
1.000000000000e+00  11  Rear wheel, bike -5.535200000000e-01 + -7.967600000000e-01i, 0.000000000000e+00 + 0.000000000000e+00i, 4.300000000000e-04 + 7.000000000000e-04i, 0.000000000000e+00 + 0.000000000000e+00i, 1.000000000000e+00 + 0.000000000000e+00i, -0.000000000000e+00 + 0.000000000000e+00i, 

1.000000000000e+00  12  Frame 5.250000000000e-01 + 0.000000000000e+00i, -0.000000000000e+00 + 0.000000000000e+00i, 4.938000000000e-01 + 0.000000000000e+00i, 0.000000000000e+00 + 0.000000000000e+00i, -1.000000000000e+00 + 0.000000000000e+00i, -0.000000000000e+00 + 0.000000000000e+00i, 
1.000000000000e+00  12  Upper body 5.250000000000e-01 + 0.000000000000e+00i, 0.000000000000e+00 + 0.000000000000e+00i, 4.938000000000e-01 + 0.000000000000e+00i, 0.000000000000e+00 + 0.000000000000e+00i, -1.000000000000e+00 + 0.000000000000e+00i, -0.000000000000e+00 + 0.000000000000e+00i, 
1.000000000000e+00  12  Upper fork 5.250000000000e-01 + 0.000000000000e+00i, -0.000000000000e+00 + 0.000000000000e+00i, 4.938000000000e-01 + 0.000000000000e+00i, 0.000000000000e+00 + 0.000000000000e+00i, -1.000000000000e+00 + 0.000000000000e+00i, -0.000000000000e+00 + 0.000000000000e+00i, 
1.000000000000e+00  12  Lower fork 1.534030000000e+00 + 0.000000000000e+00i, -0.000000000000e+00 + 0.000000000000e+00i, 9.702900000000e-01 + 0.000000000000e+00i, 0.000000000000e+00 + 0.000000000000e+00i, -1.000000000000e+00 + 0.000000000000e+00i, -0.000000000000e+00 + 0.000000000000e+00i, 
1.000000000000e+00  12  Swing arm 1.186090000000e+00 + 0.000000000000e+00i, -0.000000000000e+00 + 0.000000000000e+00i, -3.170090000000e+00 + 0.000000000000e+00i, 0.000000000000e+00 + 0.000000000000e+00i, 1.000000000000e+00 + 0.000000000000e+00i, -0.000000000000e+00 + 0.000000000000e+00i, 
1.000000000000e+00  12  Bell crank 5.448100000000e-01 + 0.000000000000e+00i, -0.000000000000e+00 + 0.000000000000e+00i, 6.080000000000e-02 + 0.000000000000e+00i, 0.000000000000e+00 + 0.000000000000e+00i, 1.000000000000e+00 + 0.000000000000e+00i, -0.000000000000e+00 + 0.000000000000e+00i, 
1.000000000000e+00  12  Front wheel, bike 1.359280000000e+00 + 0.000000000000e+00i, -0.000000000000e+00 + 0.000000000000e+00i, 5.500000000000e-04 + 0.000000000000e+00i, 0.000000000000e+00 + 0.000000000000e+00i, 1.000000000000e+00 + 0.000000000000e+00i, -0.000000000000e+00 + 0.000000000000e+00i, 
1.000000000000e+00  12  Rear wheel, bike 1.013700000000e-01 + 0.000000000000e+00i, -0.000000000000e+00 + 0.000000000000e+00i, 6.900000000000e-04 + 0.000000000000e+00i, 0.000000000000e+00 + 0.000000000000e+00i, 1.000000000000e+00 + 0.000000000000e+00i, -0.000000000000e+00 + 0.000000000000e+00i, 

1.000000000000e+00  13  Frame 7.401900000000e-01 + 0.000000000000e+00i, -0.000000000000e+00 + 0.000000000000e+00i, 3.747600000000e-01 + 0.000000000000e+00i, -8.430700000000e-01 + 0.000000000000e+00i, 0.000000000000e+00 + 0.000000000000e+00i, -5.378000000000e-01 + 0.000000000000e+00i, 
1.000000000000e+00  13  Upper body 8.560100000000e-01 + 0.000000000000e+00i, -0.000000000000e+00 + 0.000000000000e+00i, 4.486500000000e-01 + 0.000000000000e+00i, -8.430700000000e-01 + 0.000000000000e+00i, 0.000000000000e+00 + 0.000000000000e+00i, -5.378000000000e-01 + 0.000000000000e+00i, 
1.000000000000e+00  13  Upper fork 1.158470000000e+00 + 0.000000000000e+00i, -0.000000000000e+00 + 0.000000000000e+00i, 7.671600000000e-01 + 0.000000000000e+00i, -4.567000000000e-01 + 0.000000000000e+00i, 0.000000000000e+00 + 0.000000000000e+00i, 8.896200000000e-01 + 0.000000000000e+00i, 
1.000000000000e+00  13  Lower fork 1.381600000000e+00 + 0.000000000000e+00i, -0.000000000000e+00 + 0.000000000000e+00i, 3.325200000000e-01 + 0.000000000000e+00i, -4.567000000000e-01 + 0.000000000000e+00i, 0.000000000000e+00 + 0.000000000000e+00i, 8.896200000000e-01 + 0.000000000000e+00i, 
1.000000000000e+00  13  Swing arm 3.246200000000e-01 + 0.000000000000e+00i, 0.000000000000e+00 + 0.000000000000e+00i, 1.096700000000e-01 + 0.000000000000e+00i, -8.430700000000e-01 + 0.000000000000e+00i, 0.000000000000e+00 + 0.000000000000e+00i, -5.378000000000e-01 + 0.000000000000e+00i, 
1.000000000000e+00  13  Bell crank 4.726300000000e-01 + 0.000000000000e+00i, 0.000000000000e+00 + 0.000000000000e+00i, 2.040900000000e-01 + 0.000000000000e+00i, -8.430700000000e-01 + 0.000000000000e+00i, 0.000000000000e+00 + 0.000000000000e+00i, -5.378000000000e-01 + 0.000000000000e+00i, 
1.000000000000e+00  13  Front wheel, bike 1.408050000000e+00 + 0.000000000000e+00i, -0.000000000000e+00 + 0.000000000000e+00i, 2.810000000000e-01 + 0.000000000000e+00i, -4.567000000000e-01 + 0.000000000000e+00i, -0.000000000000e+00 + 0.000000000000e+00i, 8.896200000000e-01 + 0.000000000000e+00i, 
1.000000000000e+00  13  Rear wheel, bike 1.788200000000e-01 + 0.000000000000e+00i, 0.000000000000e+00 + 0.000000000000e+00i, 1.667000000000e-02 + 0.000000000000e+00i, -8.430700000000e-01 + 0.000000000000e+00i, -0.000000000000e+00 + 0.000000000000e+00i, -5.378000000000e-01 + 0.000000000000e+00i, 

1.000000000000e+00  14  Frame 5.922100000000e-01 + -1.435300000000e-01i, -0.000000000000e+00 + 0.000000000000e+00i, 3.328500000000e-01 + 2.950800000000e-01i, 8.900700000000e-01 + 0.000000000000e+00i, 0.000000000000e+00 + 0.000000000000e+00i, 2.539200000000e-01 + 3.785500000000e-01i, 
1.000000000000e+00  14  Upper body 5.348100000000e-01 + -3.684700000000e-01i, -0.000000000000e+00 + 0.000000000000e+00i, 4.121500000000e-01 + 2.065000000000e-01i, 8.900700000000e-01 + 0.000000000000e+00i, 0.000000000000e+00 + 0.000000000000e+00i, 2.539200000000e-01 + 3.785500000000e-01i, 
1.000000000000e+00  14  Upper fork 1.037680000000e+00 + -1.824000000000e-01i, -0.000000000000e+00 + 0.000000000000e+00i, 6.794200000000e-01 + 1.081000000000e-02i, -1.779300000000e-01 + -3.360600000000e-01i, -0.000000000000e+00 + 0.000000000000e+00i, 9.248800000000e-01 + 0.000000000000e+00i, 
1.000000000000e+00  14  Lower fork 1.140150000000e+00 + -4.378000000000e-02i, -0.000000000000e+00 + 0.000000000000e+00i, 2.648400000000e-01 + 7.328000000000e-02i, -1.779300000000e-01 + -3.360600000000e-01i, -0.000000000000e+00 + 0.000000000000e+00i, 9.248800000000e-01 + 0.000000000000e+00i, 
1.000000000000e+00  14  Swing arm 1.740300000000e-01 + -8.925000000000e-02i, -0.000000000000e+00 + 0.000000000000e+00i, 1.904700000000e-01 + 1.327100000000e-01i, 8.900700000000e-01 + 0.000000000000e+00i, 0.000000000000e+00 + 0.000000000000e+00i, 2.539200000000e-01 + 3.785500000000e-01i, 
1.000000000000e+00  14  Bell crank 3.777100000000e-01 + -4.256000000000e-02i, -0.000000000000e+00 + 0.000000000000e+00i, 2.287200000000e-01 + 2.326600000000e-01i, 8.900700000000e-01 + 0.000000000000e+00i, 0.000000000000e+00 + 0.000000000000e+00i, 2.539200000000e-01 + 3.785500000000e-01i, 
1.000000000000e+00  14  Front wheel, bike 1.153560000000e+00 + -3.072000000000e-02i, -0.000000000000e+00 + 0.000000000000e+00i, 2.215000000000e-01 + 8.727000000000e-02i, -1.779300000000e-01 + -3.360600000000e-01i, -0.000000000000e+00 + 0.000000000000e+00i, 9.248800000000e-01 + 0.000000000000e+00i, 
1.000000000000e+00  14  Rear wheel, bike 1.552000000000e-02 + -8.443000000000e-02i, -0.000000000000e+00 + 0.000000000000e+00i, 1.432000000000e-01 + 6.667000000000e-02i, 8.900700000000e-01 + 0.000000000000e+00i, 0.000000000000e+00 + 0.000000000000e+00i, 2.539200000000e-01 + 3.785500000000e-01i, 

1.000000000000e+00  15  Frame 5.922100000000e-01 + 1.435300000000e-01i, -0.000000000000e+00 + 0.000000000000e+00i, 3.328500000000e-01 + -2.950800000000e-01i, 8.900700000000e-01 + 0.000000000000e+00i, 0.000000000000e+00 + 0.000000000000e+00i, 2.539200000000e-01 + -3.785500000000e-01i, 
1.000000000000e+00  15  Upper body 5.348100000000e-01 + 3.684700000000e-01i, -0.000000000000e+00 + 0.000000000000e+00i, 4.121500000000e-01 + -2.065000000000e-01i, 8.900700000000e-01 + 0.000000000000e+00i, 0.000000000000e+00 + 0.000000000000e+00i, 2.539200000000e-01 + -3.785500000000e-01i, 
1.000000000000e+00  15  Upper fork 1.037680000000e+00 + 1.824000000000e-01i, -0.000000000000e+00 + 0.000000000000e+00i, 6.794200000000e-01 + -1.081000000000e-02i, -1.779300000000e-01 + 3.360600000000e-01i, -0.000000000000e+00 + 0.000000000000e+00i, 9.248800000000e-01 + 0.000000000000e+00i, 
1.000000000000e+00  15  Lower fork 1.140150000000e+00 + 4.378000000000e-02i, -0.000000000000e+00 + 0.000000000000e+00i, 2.648400000000e-01 + -7.328000000000e-02i, -1.779300000000e-01 + 3.360600000000e-01i, -0.000000000000e+00 + 0.000000000000e+00i, 9.248800000000e-01 + 0.000000000000e+00i, 
1.000000000000e+00  15  Swing arm 1.740300000000e-01 + 8.925000000000e-02i, -0.000000000000e+00 + 0.000000000000e+00i, 1.904700000000e-01 + -1.327100000000e-01i, 8.900700000000e-01 + 0.000000000000e+00i, 0.000000000000e+00 + 0.000000000000e+00i, 2.539200000000e-01 + -3.785500000000e-01i, 
1.000000000000e+00  15  Bell crank 3.777100000000e-01 + 4.256000000000e-02i, -0.000000000000e+00 + 0.000000000000e+00i, 2.287200000000e-01 + -2.326600000000e-01i, 8.900700000000e-01 + 0.000000000000e+00i, 0.000000000000e+00 + 0.000000000000e+00i, 2.539200000000e-01 + -3.785500000000e-01i, 
1.000000000000e+00  15  Front wheel, bike 1.153560000000e+00 + 3.072000000000e-02i, -0.000000000000e+00 + 0.000000000000e+00i, 2.215000000000e-01 + -8.727000000000e-02i, -1.779300000000e-01 + 3.360600000000e-01i, -0.000000000000e+00 + 0.000000000000e+00i, 9.248800000000e-01 + 0.000000000000e+00i, 
1.000000000000e+00  15  Rear wheel, bike 1.552000000000e-02 + 8.443000000000e-02i, -0.000000000000e+00 + 0.000000000000e+00i, 1.432000000000e-01 + -6.667000000000e-02i, 8.900700000000e-01 + 0.000000000000e+00i, 0.000000000000e+00 + 0.000000000000e+00i, 2.539200000000e-01 + -3.785500000000e-01i, 

1.000000000000e+00  16  Frame 6.432700000000e-01 + 0.000000000000e+00i, -0.000000000000e+00 + 0.000000000000e+00i, -3.066000000000e-02 + 0.000000000000e+00i, -9.976400000000e-01 + 0.000000000000e+00i, 0.000000000000e+00 + 0.000000000000e+00i, 6.867000000000e-02 + 0.000000000000e+00i, 
1.000000000000e+00  16  Upper body 3.358800000000e-01 + 0.000000000000e+00i, -0.000000000000e+00 + 0.000000000000e+00i, -9.500000000000e-03 + 0.000000000000e+00i, -9.976400000000e-01 + 0.000000000000e+00i, 0.000000000000e+00 + 0.000000000000e+00i, 6.867000000000e-02 + 0.000000000000e+00i, 
1.000000000000e+00  16  Upper fork 1.620870000000e+00 + 0.000000000000e+00i, -0.000000000000e+00 + 0.000000000000e+00i, -5.238000000000e-02 + 0.000000000000e+00i, -8.741600000000e-01 + 0.000000000000e+00i, 0.000000000000e+00 + 0.000000000000e+00i, -4.856400000000e-01 + 0.000000000000e+00i, 
1.000000000000e+00  16  Lower fork 1.585130000000e+00 + 0.000000000000e+00i, 0.000000000000e+00 + 0.000000000000e+00i, -7.223000000000e-02 + 0.000000000000e+00i, -8.741600000000e-01 + 0.000000000000e+00i, 0.000000000000e+00 + 0.000000000000e+00i, -4.856400000000e-01 + 0.000000000000e+00i, 
1.000000000000e+00  16  Swing arm 1.746800000000e-01 + 0.000000000000e+00i, -0.000000000000e+00 + 0.000000000000e+00i, 1.590000000000e-03 + 0.000000000000e+00i, -9.976400000000e-01 + 0.000000000000e+00i, 0.000000000000e+00 + 0.000000000000e+00i, 6.867000000000e-02 + 0.000000000000e+00i, 
1.000000000000e+00  16  Bell crank 4.794100000000e-01 + 0.000000000000e+00i, -0.000000000000e+00 + 0.000000000000e+00i, -1.938000000000e-02 + 0.000000000000e+00i, -9.976400000000e-01 + 0.000000000000e+00i, 0.000000000000e+00 + 0.000000000000e+00i, 6.867000000000e-02 + 0.000000000000e+00i, 
1.000000000000e+00  16  Front wheel, bike 1.601680000000e+00 + 0.000000000000e+00i, 0.000000000000e+00 + 0.000000000000e+00i, -6.303000000000e-02 + 0.000000000000e+00i, -8.741600000000e-01 + 0.000000000000e+00i, -0.000000000000e+00 + 0.000000000000e+00i, -4.856400000000e-01 + 0.000000000000e+00i, 
1.000000000000e+00  16  Rear wheel, bike -1.941000000000e-02 + 0.000000000000e+00i, -0.000000000000e+00 + 0.000000000000e+00i, 1.495000000000e-02 + 0.000000000000e+00i, -9.976400000000e-01 + 0.000000000000e+00i, -0.000000000000e+00 + 0.000000000000e+00i, 6.867000000000e-02 + 0.000000000000e+00i, 

1.000000000000e+00  17  Frame 2.633580468350e+06 + 0.000000000000e+00i, 1.753291440000e+03 + 0.000000000000e+00i, -8.430000000000e-03 + 0.000000000000e+00i, -0.000000000000e+00 + 0.000000000000e+00i, 0.000000000000e+00 + 0.000000000000e+00i, -1.000000000000e+00 + 0.000000000000e+00i, 
1.000000000000e+00  17  Upper body 2.633580469470e+06 + 0.000000000000e+00i, 1.753291440000e+03 + 0.000000000000e+00i, 6.580700000000e-01 + 0.000000000000e+00i, -0.000000000000e+00 + 0.000000000000e+00i, 0.000000000000e+00 + 0.000000000000e+00i, -1.000000000000e+00 + 0.000000000000e+00i, 
1.000000000000e+00  17  Upper fork 2.633577338260e+06 + 0.000000000000e+00i, 1.753289350000e+03 + 0.000000000000e+00i, 1.683880000000e+00 + 0.000000000000e+00i, 0.000000000000e+00 + 0.000000000000e+00i, 0.000000000000e+00 + 0.000000000000e+00i, -1.000000000000e+00 + 0.000000000000e+00i, 
1.000000000000e+00  17  Lower fork 2.633577343640e+06 + 0.000000000000e+00i, 1.753289360000e+03 + 0.000000000000e+00i, 1.240480000000e+00 + 0.000000000000e+00i, 0.000000000000e+00 + 0.000000000000e+00i, 0.000000000000e+00 + 0.000000000000e+00i, -1.000000000000e+00 + 0.000000000000e+00i, 
1.000000000000e+00  17  Swing arm 2.633580464790e+06 + 0.000000000000e+00i, 1.753291440000e+03 + 0.000000000000e+00i, -1.682300000000e-01 + 0.000000000000e+00i, -0.000000000000e+00 + 0.000000000000e+00i, 0.000000000000e+00 + 0.000000000000e+00i, -1.000000000000e+00 + 0.000000000000e+00i, 
1.000000000000e+00  17  Bell crank 2.633580464450e+06 + 0.000000000000e+00i, 1.753291440000e+03 + 0.000000000000e+00i, -3.094700000000e-01 + 0.000000000000e+00i, -0.000000000000e+00 + 0.000000000000e+00i, 0.000000000000e+00 + 0.000000000000e+00i, -1.000000000000e+00 + 0.000000000000e+00i, 
1.000000000000e+00  17  Front wheel, bike 1.478190000000e+00 + 0.000000000000e+00i, 5.000000000000e-05 + 0.000000000000e+00i, -1.200000000000e-04 + 0.000000000000e+00i, 0.000000000000e+00 + 0.000000000000e+00i, -1.000000000000e+00 + 0.000000000000e+00i, -1.600000000000e-04 + 0.000000000000e+00i, 
1.000000000000e+00  17  Rear wheel, bike 7.565000000000e-02 + 0.000000000000e+00i, 5.000000000000e-05 + 0.000000000000e+00i, -1.600000000000e-04 + 0.000000000000e+00i, -0.000000000000e+00 + 0.000000000000e+00i, -1.000000000000e+00 + 0.000000000000e+00i, -1.700000000000e-04 + 0.000000000000e+00i, 

1.000000000000e+00  18  Frame -2.633599004670e+06 + 0.000000000000e+00i, -1.751283010000e+03 + 0.000000000000e+00i, -8.510000000000e-03 + 0.000000000000e+00i, -0.000000000000e+00 + 0.000000000000e+00i, 0.000000000000e+00 + 0.000000000000e+00i, 1.000000000000e+00 + 0.000000000000e+00i, 
1.000000000000e+00  18  Upper body -2.633599003740e+06 + 0.000000000000e+00i, -1.751283010000e+03 + 0.000000000000e+00i, 6.580300000000e-01 + 0.000000000000e+00i, -0.000000000000e+00 + 0.000000000000e+00i, 0.000000000000e+00 + 0.000000000000e+00i, 1.000000000000e+00 + 0.000000000000e+00i, 
1.000000000000e+00  18  Upper fork -2.633602136430e+06 + 0.000000000000e+00i, -1.751285090000e+03 + 0.000000000000e+00i, 1.684460000000e+00 + 0.000000000000e+00i, 0.000000000000e+00 + 0.000000000000e+00i, 0.000000000000e+00 + 0.000000000000e+00i, 1.000000000000e+00 + 0.000000000000e+00i, 
1.000000000000e+00  18  Lower fork -2.633602130660e+06 + 0.000000000000e+00i, -1.751285090000e+03 + 0.000000000000e+00i, 1.241070000000e+00 + 0.000000000000e+00i, 0.000000000000e+00 + 0.000000000000e+00i, 0.000000000000e+00 + 0.000000000000e+00i, 1.000000000000e+00 + 0.000000000000e+00i, 
1.000000000000e+00  18  Swing arm -2.633599008320e+06 + 0.000000000000e+00i, -1.751283010000e+03 + 0.000000000000e+00i, -1.681800000000e-01 + 0.000000000000e+00i, -0.000000000000e+00 + 0.000000000000e+00i, 0.000000000000e+00 + 0.000000000000e+00i, 1.000000000000e+00 + 0.000000000000e+00i, 
1.000000000000e+00  18  Bell crank -2.633599008660e+06 + 0.000000000000e+00i, -1.751283010000e+03 + 0.000000000000e+00i, -3.094300000000e-01 + 0.000000000000e+00i, -0.000000000000e+00 + 0.000000000000e+00i, 0.000000000000e+00 + 0.000000000000e+00i, 1.000000000000e+00 + 0.000000000000e+00i, 
1.000000000000e+00  18  Front wheel, bike 1.341770000000e+00 + 0.000000000000e+00i, -5.000000000000e-05 + 0.000000000000e+00i, 1.200000000000e-04 + 0.000000000000e+00i, 0.000000000000e+00 + 0.000000000000e+00i, -1.000000000000e+00 + 0.000000000000e+00i, 1.600000000000e-04 + 0.000000000000e+00i, 
1.000000000000e+00  18  Rear wheel, bike -7.566000000000e-02 + 0.000000000000e+00i, -5.000000000000e-05 + 0.000000000000e+00i, 1.600000000000e-04 + 0.000000000000e+00i, -0.000000000000e+00 + 0.000000000000e+00i, -1.000000000000e+00 + 0.000000000000e+00i, 1.700000000000e-04 + 0.000000000000e+00i, 

1.000000000000e+00  19  Frame 2.414300000000e-01 + 5.071067497000e+04i, 2.085695000000e+01 + -2.555102337530e+06i, 9.457270000000e+00 + -1.000000000000e-05i, 0.000000000000e+00 + 0.000000000000e+00i, -0.000000000000e+00 + 0.000000000000e+00i, 1.000000000000e-05 + 1.000000000000e+00i, 
1.000000000000e+00  19  Upper body 2.414500000000e-01 + 5.071067497000e+04i, 2.085573000000e+01 + -2.555102337530e+06i, 1.012685000000e+01 + -1.000000000000e-05i, 0.000000000000e+00 + 0.000000000000e+00i, -0.000000000000e+00 + 0.000000000000e+00i, 1.000000000000e-05 + 1.000000000000e+00i, 
1.000000000000e+00  19  Upper fork 1.981900000000e-01 + 5.071067496000e+04i, 2.303564000000e+01 + -2.555102337380e+06i, 9.738860000000e+00 + -1.000000000000e-05i, -0.000000000000e+00 + 0.000000000000e+00i, -0.000000000000e+00 + 0.000000000000e+00i, 1.000000000000e-05 + 1.000000000000e+00i, 
1.000000000000e+00  19  Lower fork 1.980900000000e-01 + 5.071067496000e+04i, 2.304057000000e+01 + -2.555102337390e+06i, 9.296780000000e+00 + -1.000000000000e-05i, -0.000000000000e+00 + 0.000000000000e+00i, -0.000000000000e+00 + 0.000000000000e+00i, 1.000000000000e-05 + 1.000000000000e+00i, 
1.000000000000e+00  19  Swing arm 2.416200000000e-01 + 5.071067497000e+04i, 2.084696000000e+01 + -2.555102337520e+06i, 1.104186000000e+01 + -1.000000000000e-05i, 0.000000000000e+00 + 0.000000000000e+00i, -0.000000000000e+00 + 0.000000000000e+00i, 1.000000000000e-05 + 1.000000000000e+00i, 
1.000000000000e+00  19  Bell crank 2.414500000000e-01 + 5.071067497000e+04i, 2.085580000000e+01 + -2.555102337480e+06i, 1.486579000000e+01 + -1.000000000000e-05i, 0.000000000000e+00 + 0.000000000000e+00i, -1.000000000000e-05 + 0.000000000000e+00i, 1.000000000000e-05 + 1.000000000000e+00i, 
1.000000000000e+00  19  Front wheel, bike 1.410000000000e+00 + 0.000000000000e+00i, 0.000000000000e+00 + 0.000000000000e+00i, -0.000000000000e+00 + 0.000000000000e+00i, -0.000000000000e+00 + 0.000000000000e+00i, 1.000000000000e+00 + 0.000000000000e+00i, 0.000000000000e+00 + 0.000000000000e+00i, 
1.000000000000e+00  19  Rear wheel, bike 0.000000000000e+00 + 0.000000000000e+00i, 0.000000000000e+00 + 0.000000000000e+00i, 0.000000000000e+00 + 0.000000000000e+00i, 0.000000000000e+00 + 0.000000000000e+00i, 1.000000000000e+00 + 0.000000000000e+00i, 0.000000000000e+00 + 0.000000000000e+00i, 

1.000000000000e+00  20  Frame 2.414300000000e-01 + -5.071067497000e+04i, 2.085695000000e+01 + 2.555102337530e+06i, 9.457270000000e+00 + 1.000000000000e-05i, 0.000000000000e+00 + 0.000000000000e+00i, -0.000000000000e+00 + 0.000000000000e+00i, 1.000000000000e-05 + -1.000000000000e+00i, 
1.000000000000e+00  20  Upper body 2.414500000000e-01 + -5.071067497000e+04i, 2.085573000000e+01 + 2.555102337530e+06i, 1.012685000000e+01 + 1.000000000000e-05i, 0.000000000000e+00 + 0.000000000000e+00i, -0.000000000000e+00 + 0.000000000000e+00i, 1.000000000000e-05 + -1.000000000000e+00i, 
1.000000000000e+00  20  Upper fork 1.981900000000e-01 + -5.071067496000e+04i, 2.303564000000e+01 + 2.555102337380e+06i, 9.738860000000e+00 + 1.000000000000e-05i, -0.000000000000e+00 + 0.000000000000e+00i, -0.000000000000e+00 + 0.000000000000e+00i, 1.000000000000e-05 + -1.000000000000e+00i, 
1.000000000000e+00  20  Lower fork 1.980900000000e-01 + -5.071067496000e+04i, 2.304057000000e+01 + 2.555102337390e+06i, 9.296780000000e+00 + 1.000000000000e-05i, -0.000000000000e+00 + 0.000000000000e+00i, -0.000000000000e+00 + 0.000000000000e+00i, 1.000000000000e-05 + -1.000000000000e+00i, 
1.000000000000e+00  20  Swing arm 2.416200000000e-01 + -5.071067497000e+04i, 2.084696000000e+01 + 2.555102337520e+06i, 1.104186000000e+01 + 1.000000000000e-05i, 0.000000000000e+00 + 0.000000000000e+00i, -0.000000000000e+00 + 0.000000000000e+00i, 1.000000000000e-05 + -1.000000000000e+00i, 
1.000000000000e+00  20  Bell crank 2.414500000000e-01 + -5.071067497000e+04i, 2.085580000000e+01 + 2.555102337480e+06i, 1.486579000000e+01 + 1.000000000000e-05i, 0.000000000000e+00 + 0.000000000000e+00i, -1.000000000000e-05 + 0.000000000000e+00i, 1.000000000000e-05 + -1.000000000000e+00i, 
1.000000000000e+00  20  Front wheel, bike 1.410000000000e+00 + 0.000000000000e+00i, 0.000000000000e+00 + 0.000000000000e+00i, -0.000000000000e+00 + 0.000000000000e+00i, -0.000000000000e+00 + 0.000000000000e+00i, 1.000000000000e+00 + 0.000000000000e+00i, 0.000000000000e+00 + 0.000000000000e+00i, 
1.000000000000e+00  20  Rear wheel, bike 0.000000000000e+00 + 0.000000000000e+00i, 0.000000000000e+00 + 0.000000000000e+00i, 0.000000000000e+00 + 0.000000000000e+00i, 0.000000000000e+00 + 0.000000000000e+00i, 1.000000000000e+00 + 0.000000000000e+00i, 0.000000000000e+00 + 0.000000000000e+00i, 

1.000000000000e+00  21  Frame -6.536983611804e+11 + 0.000000000000e+00i, 2.068041681577e+10 + 0.000000000000e+00i, -3.054235747425e+10 + 0.000000000000e+00i, -4.497000000000e-02 + 0.000000000000e+00i, 5.173000000000e-02 + 0.000000000000e+00i, 9.975000000000e-01 + 0.000000000000e+00i, 
1.000000000000e+00  21  Upper body -6.536573260847e+11 + 0.000000000000e+00i, 2.067911862855e+10 + 0.000000000000e+00i, -3.060489661308e+10 + 0.000000000000e+00i, -4.508000000000e-02 + 0.000000000000e+00i, 5.145000000000e-02 + 0.000000000000e+00i, 9.975100000000e-01 + 0.000000000000e+00i, 
1.000000000000e+00  21  Upper fork -9.173203926002e+11 + 0.000000000000e+00i, 2.902036963706e+10 + 0.000000000000e+00i, 1.132347708119e+11 + 0.000000000000e+00i, 1.244400000000e-01 + 0.000000000000e+00i, 7.345000000000e-02 + 0.000000000000e+00i, 9.893000000000e-01 + 0.000000000000e+00i, 
1.000000000000e+00  21  Lower fork -9.166487872876e+11 + 0.000000000000e+00i, 2.899912271540e+10 + 0.000000000000e+00i, 1.133591366323e+11 + 0.000000000000e+00i, 1.246600000000e-01 + 0.000000000000e+00i, 7.326000000000e-02 + 0.000000000000e+00i, 9.892800000000e-01 + 0.000000000000e+00i, 
1.000000000000e+00  21  Swing arm -6.512254734833e+11 + 0.000000000000e+00i, 2.060218448209e+10 + 0.000000000000e+00i, -3.101287919606e+10 + 0.000000000000e+00i, -4.479000000000e-02 + 0.000000000000e+00i, 8.257000000000e-02 + 0.000000000000e+00i, 9.954300000000e-01 + 0.000000000000e+00i, 
1.000000000000e+00  21  Bell crank -6.409296734719e+11 + 0.000000000000e+00i, 2.027646630940e+10 + 0.000000000000e+00i, -3.209681693389e+10 + 0.000000000000e+00i, -4.471000000000e-02 + 0.000000000000e+00i, 1.499400000000e-01 + 0.000000000000e+00i, 9.875400000000e-01 + 0.000000000000e+00i, 
1.000000000000e+00  21  Front wheel, bike 1.410000000000e+00 + 0.000000000000e+00i, 0.000000000000e+00 + 0.000000000000e+00i, -3.300500000000e-01 + 0.000000000000e+00i, 0.000000000000e+00 + 0.000000000000e+00i, 1.000000000000e+00 + 0.000000000000e+00i, 0.000000000000e+00 + 0.000000000000e+00i, 
1.000000000000e+00  21  Rear wheel, bike -0.000000000000e+00 + 0.000000000000e+00i, 0.000000000000e+00 + 0.000000000000e+00i, -2.126790000000e+00 + 0.000000000000e+00i, -0.000000000000e+00 + 0.000000000000e+00i, 1.000000000000e+00 + 0.000000000000e+00i, 0.000000000000e+00 + 0.000000000000e+00i, 

1.000000000000e+00  22  Frame 6.704961352323e+10 + 0.000000000000e+00i, -2.517781804826e+08 + 0.000000000000e+00i, -3.088058315577e+08 + 0.000000000000e+00i, -4.590000000000e-03 + 0.000000000000e+00i, 3.400000000000e-03 + 0.000000000000e+00i, -9.999700000000e-01 + 0.000000000000e+00i, 
1.000000000000e+00  22  Upper body 6.705007631792e+10 + 0.000000000000e+00i, -2.517799183264e+08 + 0.000000000000e+00i, -3.095347803231e+08 + 0.000000000000e+00i, -4.600000000000e-03 + 0.000000000000e+00i, 3.370000000000e-03 + 0.000000000000e+00i, -9.999700000000e-01 + 0.000000000000e+00i, 
1.000000000000e+00  22  Upper fork 6.504121424571e+10 + 0.000000000000e+00i, -2.442364350622e+08 + 0.000000000000e+00i, 5.757110720199e+08 + 0.000000000000e+00i, 8.860000000000e-03 + 0.000000000000e+00i, 3.320000000000e-03 + 0.000000000000e+00i, -9.999400000000e-01 + 0.000000000000e+00i, 
1.000000000000e+00  22  Lower fork 6.504451926700e+10 + 0.000000000000e+00i, -2.442488457520e+08 + 0.000000000000e+00i, 5.774592695295e+08 + 0.000000000000e+00i, 8.890000000000e-03 + 0.000000000000e+00i, 3.310000000000e-03 + 0.000000000000e+00i, -9.999400000000e-01 + 0.000000000000e+00i, 
1.000000000000e+00  22  Swing arm 6.704478384927e+10 + 0.000000000000e+00i, -2.517600445604e+08 + 0.000000000000e+00i, -3.089977127181e+08 + 0.000000000000e+00i, -4.580000000000e-03 + 0.000000000000e+00i, 6.540000000000e-03 + 0.000000000000e+00i, -9.999500000000e-01 + 0.000000000000e+00i, 
1.000000000000e+00  22  Bell crank 6.703588739609e+10 + 0.000000000000e+00i, -2.517266374652e+08 + 0.000000000000e+00i, -3.125712434569e+08 + 0.000000000000e+00i, -4.610000000000e-03 + 0.000000000000e+00i, 1.349000000000e-02 + 0.000000000000e+00i, -9.998800000000e-01 + 0.000000000000e+00i, 
1.000000000000e+00  22  Front wheel, bike 1.410000000000e+00 + 0.000000000000e+00i, -0.000000000000e+00 + 0.000000000000e+00i, 2.433100000000e-01 + 0.000000000000e+00i, 0.000000000000e+00 + 0.000000000000e+00i, 1.000000000000e+00 + 0.000000000000e+00i, -0.000000000000e+00 + 0.000000000000e+00i, 
1.000000000000e+00  22  Rear wheel, bike 0.000000000000e+00 + 0.000000000000e+00i, -0.000000000000e+00 + 0.000000000000e+00i, 1.519300000000e-01 + 0.000000000000e+00i, -0.000000000000e+00 + 0.000000000000e+00i, 1.000000000000e+00 + 0.000000000000e+00i, -0.000000000000e+00 + 0.000000000000e+00i, 


