1 1 -5.193791544390e+03
3 1 8.765981645027e+03
5 1 1.955821484623e+03
31 1 5.193791544390e+03
33 1 -8.765981645027e+03
35 1 -3.952963857336e+02
2 2 -6.398902350065e+03
4 2 -2.626317713742e+02
6 2 1.494783588972e+03
32 2 6.398902350065e+03
34 2 -3.498066618035e+01
36 2 -3.092802802531e+02
1 3 8.765981645027e+03
3 3 5.736488919432e+04
5 3 1.082148631583e+04
31 3 -8.765981645027e+03
33 3 -5.736488919432e+04
35 3 -2.820557010719e+03
2 4 1.049419985262e+02
4 4 -5.568106147128e+01
6 4 1.530298396533e+02
32 4 -1.049419985411e+02
34 4 5.736829253578e-01
36 4 5.072196596151e+00
1 5 1.588247714723e+03
3 5 1.109471944617e+04
5 5 2.124463984959e+03
31 5 -1.588247714708e+03
33 5 -1.109471944618e+04
35 5 -5.449271940722e+02
2 6 1.221550458630e+03
4 6 3.376916421420e+02
6 6 -1.987991896933e+02
32 6 -1.221550458627e+03
34 6 6.677809173829e+00
36 6 5.904160550032e+01
5 7 -3.304008000003e+02
4 8 3.304008000003e+02
4 10 9.786471696009e+01
10 10 -9.786471696009e+01
12 10 1.685044080001e+01
5 11 9.786471696006e+01
11 11 -9.786471696006e+01
4 12 -1.685044080001e+01
5 13 8.676147467820e+02
13 13 2.765056463000e+03
15 13 -1.049983444803e+04
17 13 3.808960684273e+02
19 13 -2.765056463000e+03
21 13 1.049983444803e+04
23 13 -4.692611736570e+02
4 14 -8.676147467820e+02
14 14 -2.193198693013e+03
16 14 -2.175653103469e+02
18 14 -1.368555984440e+02
20 14 2.193198693013e+03
22 14 2.050153400483e+02
24 14 -3.039773388524e+02
13 15 -1.049983444803e+04
15 15 2.004174484399e+04
17 15 -2.090213010204e+02
19 15 1.049983444803e+04
21 15 -2.004174484399e+04
23 15 8.635567512002e+02
4 16 -1.821990968242e+01
14 16 -2.175653103502e+02
16 16 1.447199647017e+02
18 16 5.716213909687e+01
20 16 2.175653103469e+02
22 16 -1.369791859919e+02
24 16 -2.264250533031e+02
5 17 -1.821990968241e+01
13 17 3.808960684306e+02
15 17 -2.090213010201e+02
17 17 -1.023112224830e+02
19 17 -3.808960684273e+02
21 17 2.090213010204e+02
23 17 -7.335232848114e+00
4 18 -7.808532721038e+00
14 18 -1.368555984444e+02
16 18 -1.170030538365e+01
18 18 -2.434348143975e+01
20 18 1.368555984440e+02
22 18 -7.185225970131e+01
24 18 -8.971949128957e+01
13 19 -2.765056463000e+03
15 19 1.049983444803e+04
17 19 -3.808960684273e+02
19 19 2.765056463000e+03
21 19 -1.049983444803e+04
23 19 4.692611736570e+02
41 19 -1.036739146783e+03
14 20 2.193198693013e+03
16 20 2.175653103469e+02
18 20 1.368555984440e+02
20 20 -2.193198693013e+03
22 20 -2.050153400483e+02
24 20 3.039773388524e+02
40 20 1.036739146783e+03
13 21 1.049983444803e+04
15 21 -2.004174484399e+04
17 21 2.090213010204e+02
19 21 -1.049983444803e+04
21 21 2.004174484399e+04
23 21 -8.635567512002e+02
14 22 2.895022274777e+01
16 22 -1.975455863433e+02
18 22 -1.031918505808e+02
20 22 -2.895022274559e+01
22 22 1.669143415239e+02
24 22 4.014840087174e+01
40 22 4.354304416489e+01
13 23 -2.931960563565e+02
15 23 4.907129733872e+02
17 23 -1.535440748801e+00
19 23 2.931960563543e+02
21 23 -4.907129733867e+02
23 23 -9.875469931926e+00
41 23 4.354304416488e+01
14 24 6.886643896061e+01
16 24 -9.816679373538e+01
18 24 -2.335329883886e+01
20 24 -6.886643896116e+01
22 24 1.510904083880e+02
24 24 3.719545306995e+01
40 24 4.665326160524e+01
5 25 -1.238888032386e+03
25 25 9.483644981290e+03
27 25 9.468174108564e+03
29 25 -2.014445319746e+03
31 25 -9.483644981290e+03
33 25 -9.468174108564e+03
35 25 2.133515860293e+02
47 25 -1.161191353208e+03
4 26 1.238888032386e+03
6 26 2.317812110901e+03
26 26 1.893637345509e+04
28 26 6.911776311109e+02
30 26 3.336589002787e+03
32 26 -1.893637345509e+04
34 26 -3.888268682779e+02
36 26 -3.724153446168e+01
46 26 1.161191353208e+03
5 27 -2.317812110901e+03
25 27 9.468174108564e+03
27 27 9.452728473803e+03
29 27 -2.011159112047e+03
31 27 -9.468174108564e+03
33 27 -9.452728473803e+03
35 27 2.130035410277e+02
4 28 -6.132495760309e+01
6 28 -1.147316994896e+02
26 28 6.911776311119e+02
28 28 1.546862823620e+02
30 28 3.211173401401e+02
32 28 -6.911776311109e+02
34 28 -1.419218069214e+01
36 28 -1.359316007851e+00
46 28 1.660503635087e+01
5 29 7.568627175450e+02
25 29 -2.014445319747e+03
27 29 -2.011159112049e+03
29 29 1.475626073328e+02
31 29 2.014445319746e+03
33 29 2.011159112047e+03
35 29 -4.531855681914e+01
47 29 1.660503635093e+01
4 30 4.373274754321e+02
6 30 8.181876751481e+02
26 30 3.336589002790e+03
28 30 3.211173401393e+02
30 30 1.781178010841e+02
32 30 -3.336589002787e+03
34 30 -6.851129419057e+01
36 30 -6.561958372148e+00
46 30 -2.275935052287e+02
1 31 5.193791544390e+03
3 31 -8.765981645027e+03
5 31 -1.254147399019e+03
25 31 -9.483644981290e+03
27 31 -9.468174108564e+03
29 31 2.014445319746e+03
31 31 4.289853436900e+03
33 31 1.823415575359e+04
35 31 1.819447997043e+02
2 32 6.398902350065e+03
4 32 -4.390423142297e+02
6 32 -3.812595699875e+03
26 32 -1.893637345509e+04
28 32 -6.911776311109e+02
30 32 -3.336589002787e+03
32 32 1.253747110503e+04
34 32 4.238075344583e+02
36 32 3.465218147148e+02
1 33 -8.765981645027e+03
3 33 -5.736488919432e+04
5 33 -8.503674204928e+03
25 33 -9.468174108564e+03
27 33 -9.452728473803e+03
29 33 2.011159112047e+03
31 33 1.823415575359e+04
33 33 6.681761766813e+04
35 33 2.607553469691e+03
2 34 -3.498066618035e+01
4 34 5.607461015066e+00
6 34 4.571622414196e+01
26 34 -3.888268682779e+02
28 34 -1.419218069214e+01
30 34 -6.851129419057e+01
32 34 4.238075344826e+02
34 34 -5.577626300268e+01
36 34 -8.606318855863e+01
1 35 -3.952963857336e+02
3 35 -2.820557010719e+03
5 35 -6.600315470017e+02
25 35 2.133515860293e+02
27 35 2.130035410277e+02
29 35 -4.531855681914e+01
31 35 1.819447996800e+02
33 35 2.607553469694e+03
35 35 2.085046900689e+02
2 36 -3.092802802531e+02
4 36 -1.041892137461e+01
6 36 -6.109652551886e+01
26 36 -3.724153446168e+01
28 36 -1.359316007851e+00
30 36 -6.561958372148e+00
32 36 3.465218147113e+02
34 36 -8.606318855721e+01
36 36 1.139107299734e+02
41 37 1.036739146783e+03
40 38 -1.036739146783e+03
39 39 1.300000000000e+05
40 40 -3.252808373894e+02
47 43 1.161191353208e+03
46 44 -1.161191353208e+03
45 45 1.410000000000e+05
46 46 -3.877033109156e+02
