%%% Bode Mag Phase 
frequency speed  m1 m2 p1 p2
1.00000000e-06 3.00000000e+01 -2.95779139e+01 -3.33412859e+01 -1.79999600e+02 -1.79999458e+02 
1.02096066e-06 3.00000000e+01 -2.96248219e+01 -3.38794894e+01 -1.79999617e+02 -1.79999457e+02 
1.04236067e-06 3.00000000e+01 -2.96747125e+01 -3.44915148e+01 -1.79999636e+02 -1.79999455e+02 
1.06420924e-06 3.00000000e+01 -2.97281870e+01 -3.51901661e+01 -1.79999657e+02 -1.79999451e+02 
1.08651577e-06 3.00000000e+01 -2.97854262e+01 -3.60024406e+01 -1.79999682e+02 -1.79999442e+02 
1.10928986e-06 3.00000000e+01 -2.98463780e+01 -3.69657424e+01 -1.79999710e+02 -1.79999427e+02 
1.13254132e-06 3.00000000e+01 -2.99121798e+01 -3.81180693e+01 -1.79999742e+02 -1.79999399e+02 
1.15628013e-06 3.00000000e+01 -2.99828210e+01 -3.95464724e+01 -1.79999777e+02 -1.79999349e+02 
1.18051653e-06 3.00000000e+01 -3.00588532e+01 -4.13944372e+01 -1.79999817e+02 -1.79999255e+02 
1.20526094e-06 3.00000000e+01 -3.01410752e+01 -4.39236439e+01 -1.79999862e+02 -1.79999061e+02 
1.23052400e-06 3.00000000e+01 -3.02300910e+01 -4.78446667e+01 -1.79999913e+02 -1.79998572e+02 
1.25631660e-06 3.00000000e+01 -3.03265494e+01 -5.60861230e+01  Inf -1.79996271e+02 
1.28264983e-06 3.00000000e+01 -3.04316540e+01 -5.91967433e+01 1.79999967e+02 -5.69503957e-03 
1.30953502e-06 3.00000000e+01 -3.05464891e+01 -4.80645531e+01 1.79999896e+02 -1.78882337e-03 
1.33698374e-06 3.00000000e+01 -3.06718969e+01 -4.30332347e+01 1.79999816e+02 -1.19881227e-03 
1.36500781e-06 3.00000000e+01 -3.08095813e+01 -3.96449981e+01 1.79999726e+02 -1.01481230e-03 
1.39361927e-06 3.00000000e+01 -3.09613989e+01 -3.70469022e+01 1.79999625e+02 -9.68430246e-04 
1.42283046e-06 3.00000000e+01 -3.11297976e+01 -3.49026542e+01 1.79999513e+02 -9.90027887e-04 
1.45265393e-06 3.00000000e+01 -3.13166584e+01 -3.30340807e+01 1.79999385e+02 -1.05638670e-03 
1.48310251e-06 3.00000000e+01 -3.15257632e+01 -3.13730283e+01 1.79999242e+02 -1.15636689e-03 
1.51418933e-06 3.00000000e+01 -3.17613107e+01 -2.98656084e+01 1.79999081e+02 -1.28578589e-03 
1.54592774e-06 3.00000000e+01 -3.20274373e+01 -2.84437362e+01 1.79998897e+02 -1.44679968e-03 
1.57833141e-06 3.00000000e+01 -3.23318394e+01 -2.71184420e+01 1.79998690e+02 -1.63671888e-03 
1.61141428e-06 3.00000000e+01 -3.26823757e+01 -2.58451712e+01 1.79998454e+02 -1.86121062e-03 
1.64519059e-06 3.00000000e+01 -3.30911426e+01 -2.46067481e+01 1.79998183e+02 -2.12519814e-03 
1.67967487e-06 3.00000000e+01 -3.35726054e+01 -2.34140095e+01 1.79997876e+02 -2.42979925e-03 
1.71488197e-06 3.00000000e+01 -3.41501499e+01 -2.22372393e+01 1.79997522e+02 -2.78576214e-03 
1.75082703e-06 3.00000000e+01 -3.48571931e+01 -2.10608662e+01 1.79997110e+02 -3.20500553e-03 
1.78752553e-06 3.00000000e+01 -3.57405913e+01 -1.98991003e+01 1.79996638e+02 -3.69187387e-03 
1.82499324e-06 3.00000000e+01 -3.68886170e+01 -1.87199209e+01 1.79996087e+02 -4.27059347e-03 
1.86324631e-06 3.00000000e+01 -3.84535184e+01 -1.75194440e+01 1.79995444e+02 -4.96051860e-03 
1.90230119e-06 3.00000000e+01 -4.07578412e+01 -1.62874050e+01 1.79994707e+02 -5.79140047e-03 
1.94217468e-06 3.00000000e+01 -4.46838914e+01 -1.50117254e+01 1.79993930e+02 -6.80303592e-03 
1.98288395e-06 3.00000000e+01 -5.49610978e+01 -1.36811726e+01 1.79994183e+02 -8.05007941e-03 
2.02444651e-06 3.00000000e+01 -4.97804242e+01 -1.22678885e+01 -1.07548355e-02 -9.62403751e-03 
2.06688025e-06 3.00000000e+01 -4.03013634e+01 -1.07450885e+01 -1.19980354e-02 -1.16591758e-02 
2.11020343e-06 3.00000000e+01 -3.48365831e+01 -9.07307809e+00 -1.45331943e-02 -1.43773479e-02 
2.15443469e-06 3.00000000e+01 -3.05247310e+01 -7.19718606e+00 -1.82328685e-02 -1.81584292e-02 
2.19959307e-06 3.00000000e+01 -2.66124865e+01 -5.03878050e+00 -2.37329045e-02 -2.37018158e-02 
2.24569800e-06 3.00000000e+01 -2.26412887e+01 -2.42063134e+00 -3.26293320e-02 -3.26293840e-02 
2.29276931e-06 3.00000000e+01 -1.81446695e+01 9.91019387e-01 -4.92118967e-02 -4.92306287e-02 
2.34082728e-06 3.00000000e+01 -1.21459503e+01 6.09475741e+00 -9.02428918e-02 -9.02763595e-02 
2.38989257e-06 3.00000000e+01 2.36308720e-01 1.77242587e+01 -3.50947881e-01 -3.50990051e-01 
2.43998630e-06 3.00000000e+01 -3.35068587e+00 1.34906819e+01 -1.79780191e+02 -1.79780244e+02 
2.49113003e-06 3.00000000e+01 -1.07506168e+01 5.52961205e+00 -1.79910349e+02 -1.79910406e+02 
2.54334576e-06 3.00000000e+01 -1.41252043e+01 1.66275633e+00 -1.79941404e+02 -1.79941469e+02 
2.59665597e-06 3.00000000e+01 -1.61917418e+01 -8.38554141e-01 -1.79955176e+02 -1.79955247e+02 
2.65108360e-06 3.00000000e+01 -1.76275361e+01 -2.66183696e+00 -1.79962925e+02 -1.79962999e+02 
2.70665207e-06 3.00000000e+01 -1.86989976e+01 -4.08106558e+00 -1.79967871e+02 -1.79967948e+02 
2.76338529e-06 3.00000000e+01 -1.95375696e+01 -5.23393619e+00 -1.79971288e+02 -1.79971369e+02 
2.82130768e-06 3.00000000e+01 -2.02052534e+01 -6.18564890e+00 -1.79973739e+02 -1.79973823e+02 
2.88044415e-06 3.00000000e+01 -2.07551123e+01 -6.99423914e+00 -1.79975581e+02 -1.79975667e+02 
2.94082017e-06 3.00000000e+01 -2.12171470e+01 -7.69298486e+00 -1.79977004e+02 -1.79977093e+02 
3.00246171e-06 3.00000000e+01 -2.16093755e+01 -8.30203250e+00 -1.79978118e+02 -1.79978210e+02 
3.06539530e-06 3.00000000e+01 -2.19492942e+01 -8.84170689e+00 -1.79979011e+02 -1.79979105e+02 
3.12964801e-06 3.00000000e+01 -2.22414060e+01 -9.31763921e+00 -1.79979719e+02 -1.79979814e+02 
3.19524751e-06 3.00000000e+01 -2.24996074e+01 -9.74595903e+00 -1.79980294e+02 -1.79980392e+02 
3.26222201e-06 3.00000000e+01 -2.27281506e+01 -1.01322512e+01 -1.79980760e+02 -1.79980860e+02 
3.33060034e-06 3.00000000e+01 -2.29308184e+01 -1.04813620e+01 -1.79981134e+02 -1.79981237e+02 
3.40041193e-06 3.00000000e+01 -2.31127035e+01 -1.07995063e+01 -1.79981435e+02 -1.79981539e+02 
3.47168682e-06 3.00000000e+01 -2.32778655e+01 -1.10919285e+01 -1.79981676e+02 -1.79981783e+02 
3.54445567e-06 3.00000000e+01 -2.34254564e+01 -1.13581169e+01 -1.79981859e+02 -1.79981968e+02 
3.61874981e-06 3.00000000e+01 -2.35599456e+01 -1.16036083e+01 -1.79981998e+02 -1.79982108e+02 
3.69460121e-06 3.00000000e+01 -2.36831576e+01 -1.18307973e+01 -1.79982097e+02 -1.79982210e+02 
3.77204249e-06 3.00000000e+01 -2.37943147e+01 -1.20392993e+01 -1.79982157e+02 -1.79982272e+02 
3.85110700e-06 3.00000000e+01 -2.38972883e+01 -1.22338236e+01 -1.79982189e+02 -1.79982306e+02 
3.93182876e-06 3.00000000e+01 -2.39920647e+01 -1.24146200e+01 -1.79982192e+02 -1.79982311e+02 
4.01424249e-06 3.00000000e+01 -2.40789012e+01 -1.25823523e+01 -1.79982168e+02 -1.79982290e+02 
4.09838367e-06 3.00000000e+01 -2.41600783e+01 -1.27398183e+01 -1.79982123e+02 -1.79982247e+02 
4.18428851e-06 3.00000000e+01 -2.42346324e+01 -1.28862359e+01 -1.79982055e+02 -1.79982181e+02 
4.27199397e-06 3.00000000e+01 -2.43041760e+01 -1.30236552e+01 -1.79981968e+02 -1.79982096e+02 
4.36153779e-06 3.00000000e+01 -2.43689808e+01 -1.31525661e+01 -1.79981863e+02 -1.79981993e+02 
4.45295851e-06 3.00000000e+01 -2.44289490e+01 -1.32730717e+01 -1.79981739e+02 -1.79981872e+02 
4.54629547e-06 3.00000000e+01 -2.44849350e+01 -1.33863197e+01 -1.79981599e+02 -1.79981734e+02 
4.64158883e-06 3.00000000e+01 -2.45374055e+01 -1.34930049e+01 -1.79981444e+02 -1.79981581e+02 
4.73887961e-06 3.00000000e+01 -2.45867124e+01 -1.35936741e+01 -1.79981274e+02 -1.79981414e+02 
4.83820966e-06 3.00000000e+01 -2.46324644e+01 -1.36880686e+01 -1.79981089e+02 -1.79981232e+02 
4.93962174e-06 3.00000000e+01 -2.46757536e+01 -1.37775367e+01 -1.79980892e+02 -1.79981037e+02 
5.04315949e-06 3.00000000e+01 -2.47161115e+01 -1.38616725e+01 -1.79980680e+02 -1.79980828e+02 
5.14886745e-06 3.00000000e+01 -2.47543272e+01 -1.39414608e+01 -1.79980457e+02 -1.79980608e+02 
5.25679112e-06 3.00000000e+01 -2.47903204e+01 -1.40169457e+01 -1.79980221e+02 -1.79980374e+02 
5.36697695e-06 3.00000000e+01 -2.48239802e+01 -1.40881020e+01 -1.79979972e+02 -1.79980128e+02 
5.47947234e-06 3.00000000e+01 -2.48558637e+01 -1.41556318e+01 -1.79979711e+02 -1.79979870e+02 
5.59432571e-06 3.00000000e+01 -2.48859022e+01 -1.42195905e+01 -1.79979438e+02 -1.79979601e+02 
5.71158648e-06 3.00000000e+01 -2.49144105e+01 -1.42803615e+01 -1.79979155e+02 -1.79979320e+02 
5.83130511e-06 3.00000000e+01 -2.49413316e+01 -1.43380027e+01 -1.79978859e+02 -1.79979028e+02 
5.95353313e-06 3.00000000e+01 -2.49668050e+01 -1.43927140e+01 -1.79978552e+02 -1.79978724e+02 
6.07832313e-06 3.00000000e+01 -2.49908187e+01 -1.44445706e+01 -1.79978234e+02 -1.79978409e+02 
6.20572881e-06 3.00000000e+01 -2.50135855e+01 -1.44938614e+01 -1.79977904e+02 -1.79978082e+02 
6.33580499e-06 3.00000000e+01 -2.50351254e+01 -1.45406858e+01 -1.79977563e+02 -1.79977745e+02 
6.46860766e-06 3.00000000e+01 -2.50557361e+01 -1.45853970e+01 -1.79977211e+02 -1.79977396e+02 
6.60419396e-06 3.00000000e+01 -2.50750695e+01 -1.46277181e+01 -1.79976847e+02 -1.79977036e+02 
6.74262224e-06 3.00000000e+01 -2.50936409e+01 -1.46682186e+01 -1.79976472e+02 -1.79976665e+02 
6.88395207e-06 3.00000000e+01 -2.51111511e+01 -1.47066412e+01 -1.79976085e+02 -1.79976282e+02 
7.02824426e-06 3.00000000e+01 -2.51278045e+01 -1.47432561e+01 -1.79975687e+02 -1.79975888e+02 
7.17556092e-06 3.00000000e+01 -2.51435631e+01 -1.47780673e+01 -1.79975278e+02 -1.79975482e+02 
7.32596543e-06 3.00000000e+01 -2.51586110e+01 -1.48112960e+01 -1.79974856e+02 -1.79975064e+02 
7.47952252e-06 3.00000000e+01 -2.51730421e+01 -1.48431085e+01 -1.79974424e+02 -1.79974636e+02 
7.63629826e-06 3.00000000e+01 -2.51866234e+01 -1.48732715e+01 -1.79973978e+02 -1.79974195e+02 
7.79636013e-06 3.00000000e+01 -2.51996549e+01 -1.49021638e+01 -1.79973522e+02 -1.79973742e+02 
7.95977700e-06 3.00000000e+01 -2.52119203e+01 -1.49295616e+01 -1.79973052e+02 -1.79973277e+02 
8.12661920e-06 3.00000000e+01 -2.52237745e+01 -1.49558961e+01 -1.79972571e+02 -1.79972801e+02 
8.29695852e-06 3.00000000e+01 -2.52349814e+01 -1.49809342e+01 -1.79972077e+02 -1.79972311e+02 
8.47086827e-06 3.00000000e+01 -2.52456460e+01 -1.50048205e+01 -1.79971571e+02 -1.79971809e+02 
8.64842328e-06 3.00000000e+01 -2.52558369e+01 -1.50276551e+01 -1.79971051e+02 -1.79971295e+02 
8.82969996e-06 3.00000000e+01 -2.52655655e+01 -1.50494692e+01 -1.79970519e+02 -1.79970767e+02 
9.01477631e-06 3.00000000e+01 -2.52748686e+01 -1.50703368e+01 -1.79969974e+02 -1.79970227e+02 
9.20373200e-06 3.00000000e+01 -2.52837978e+01 -1.50903279e+01 -1.79969415e+02 -1.79969674e+02 
9.39664831e-06 3.00000000e+01 -2.52922171e+01 -1.51093255e+01 -1.79968843e+02 -1.79969106e+02 
9.59360829e-06 3.00000000e+01 -2.53002436e+01 -1.51274723e+01 -1.79968257e+02 -1.79968525e+02 
9.79469667e-06 3.00000000e+01 -2.53079344e+01 -1.51448487e+01 -1.79967656e+02 -1.79967930e+02 
1.00000000e-05 3.00000000e+01 -2.53153903e+01 -1.51615749e+01 -1.79967042e+02 -1.79967322e+02 
1.02096066e-05 3.00000000e+01 -2.53223512e+01 -1.51774026e+01 -1.79966413e+02 -1.79966698e+02 
1.04236067e-05 3.00000000e+01 -2.53290612e+01 -1.51926012e+01 -1.79965769e+02 -1.79966060e+02 
1.06420924e-05 3.00000000e+01 -2.53354789e+01 -1.52071474e+01 -1.79965111e+02 -1.79965408e+02 
1.08651577e-05 3.00000000e+01 -2.53416510e+01 -1.52210985e+01 -1.79964437e+02 -1.79964740e+02 
1.10928986e-05 3.00000000e+01 -2.53475157e+01 -1.52344116e+01 -1.79963747e+02 -1.79964056e+02 
1.13254132e-05 3.00000000e+01 -2.53531289e+01 -1.52471565e+01 -1.79963042e+02 -1.79963357e+02 
1.15628013e-05 3.00000000e+01 -2.53584703e+01 -1.52593306e+01 -1.79962320e+02 -1.79962642e+02 
1.18051653e-05 3.00000000e+01 -2.53635817e+01 -1.52709795e+01 -1.79961582e+02 -1.79961911e+02 
1.20526094e-05 3.00000000e+01 -2.53684814e+01 -1.52821427e+01 -1.79960828e+02 -1.79961163e+02 
1.23052400e-05 3.00000000e+01 -2.53731808e+01 -1.52928425e+01 -1.79960056e+02 -1.79960398e+02 
1.25631660e-05 3.00000000e+01 -2.53776496e+01 -1.53030572e+01 -1.79959267e+02 -1.79959616e+02 
1.28264983e-05 3.00000000e+01 -2.53819600e+01 -1.53128714e+01 -1.79958461e+02 -1.79958817e+02 
1.30953502e-05 3.00000000e+01 -2.53860539e+01 -1.53222404e+01 -1.79957636e+02 -1.79957999e+02 
1.33698374e-05 3.00000000e+01 -2.53899959e+01 -1.53312329e+01 -1.79956793e+02 -1.79957164e+02 
1.36500781e-05 3.00000000e+01 -2.53937753e+01 -1.53398533e+01 -1.79955931e+02 -1.79956310e+02 
1.39361927e-05 3.00000000e+01 -2.53973853e+01 -1.53481027e+01 -1.79955051e+02 -1.79955437e+02 
1.42283046e-05 3.00000000e+01 -2.54008361e+01 -1.53559962e+01 -1.79954150e+02 -1.79954544e+02 
1.45265393e-05 3.00000000e+01 -2.54041304e+01 -1.53635486e+01 -1.79953230e+02 -1.79953632e+02 
1.48310251e-05 3.00000000e+01 -2.54072901e+01 -1.53707872e+01 -1.79952290e+02 -1.79952700e+02 
1.51418933e-05 3.00000000e+01 -2.54103192e+01 -1.53777280e+01 -1.79951329e+02 -1.79951748e+02 
1.54592774e-05 3.00000000e+01 -2.54132344e+01 -1.53843901e+01 -1.79950347e+02 -1.79950775e+02 
1.57833141e-05 3.00000000e+01 -2.54160110e+01 -1.53907605e+01 -1.79949344e+02 -1.79949780e+02 
1.61141428e-05 3.00000000e+01 -2.54186474e+01 -1.53968386e+01 -1.79948318e+02 -1.79948764e+02 
1.64519059e-05 3.00000000e+01 -2.54211893e+01 -1.54026793e+01 -1.79947271e+02 -1.79947725e+02 
1.67967487e-05 3.00000000e+01 -2.54236347e+01 -1.54082878e+01 -1.79946200e+02 -1.79946664e+02 
1.71488197e-05 3.00000000e+01 -2.54259834e+01 -1.54136694e+01 -1.79945107e+02 -1.79945581e+02 
1.75082703e-05 3.00000000e+01 -2.54282351e+01 -1.54188260e+01 -1.79943990e+02 -1.79944473e+02 
1.78752553e-05 3.00000000e+01 -2.54303765e+01 -1.54237539e+01 -1.79942848e+02 -1.79943342e+02 
1.82499324e-05 3.00000000e+01 -2.54324286e+01 -1.54284768e+01 -1.79941682e+02 -1.79942186e+02 
1.86324631e-05 3.00000000e+01 -2.54343896e+01 -1.54329985e+01 -1.79940491e+02 -1.79941005e+02 
1.90230119e-05 3.00000000e+01 -2.54362841e+01 -1.54373471e+01 -1.79939274e+02 -1.79939799e+02 
1.94217468e-05 3.00000000e+01 -2.54380728e+01 -1.54414890e+01 -1.79938031e+02 -1.79938567e+02 
1.98288395e-05 3.00000000e+01 -2.54398172e+01 -1.54454909e+01 -1.79936761e+02 -1.79937308e+02 
2.02444651e-05 3.00000000e+01 -2.54414830e+01 -1.54493186e+01 -1.79935465e+02 -1.79936023e+02 
2.06688025e-05 3.00000000e+01 -2.54430717e+01 -1.54529828e+01 -1.79934140e+02 -1.79934710e+02 
2.11020343e-05 3.00000000e+01 -2.54445993e+01 -1.54564993e+01 -1.79932787e+02 -1.79933368e+02 
2.15443469e-05 3.00000000e+01 -2.54460569e+01 -1.54598636e+01 -1.79931405e+02 -1.79931998e+02 
2.19959307e-05 3.00000000e+01 -2.54474644e+01 -1.54631002e+01 -1.79929993e+02 -1.79930599e+02 
2.24569800e-05 3.00000000e+01 -2.54488116e+01 -1.54662009e+01 -1.79928551e+02 -1.79929170e+02 
2.29276931e-05 3.00000000e+01 -2.54500973e+01 -1.54691675e+01 -1.79927079e+02 -1.79927710e+02 
2.34082728e-05 3.00000000e+01 -2.54513265e+01 -1.54720094e+01 -1.79925575e+02 -1.79926219e+02 
2.38989257e-05 3.00000000e+01 -2.54525129e+01 -1.54747416e+01 -1.79924039e+02 -1.79924697e+02 
2.43998630e-05 3.00000000e+01 -2.54536498e+01 -1.54773621e+01 -1.79922470e+02 -1.79923142e+02 
2.49113003e-05 3.00000000e+01 -2.54547320e+01 -1.54798663e+01 -1.79920868e+02 -1.79921554e+02 
2.54334576e-05 3.00000000e+01 -2.54557736e+01 -1.54822713e+01 -1.79919232e+02 -1.79919932e+02 
2.59665597e-05 3.00000000e+01 -2.54567791e+01 -1.54845847e+01 -1.79917561e+02 -1.79918275e+02 
2.65108360e-05 3.00000000e+01 -2.54577476e+01 -1.54868075e+01 -1.79915854e+02 -1.79916584e+02 
2.70665207e-05 3.00000000e+01 -2.54586589e+01 -1.54889212e+01 -1.79914112e+02 -1.79914857e+02 
2.76338529e-05 3.00000000e+01 -2.54595443e+01 -1.54909604e+01 -1.79912332e+02 -1.79913092e+02 
2.82130768e-05 3.00000000e+01 -2.54603822e+01 -1.54929049e+01 -1.79910515e+02 -1.79911291e+02 
2.88044415e-05 3.00000000e+01 -2.54611966e+01 -1.54947799e+01 -1.79908659e+02 -1.79909451e+02 
2.94082017e-05 3.00000000e+01 -2.54619740e+01 -1.54965753e+01 -1.79906764e+02 -1.79907573e+02 
3.00246171e-05 3.00000000e+01 -2.54627204e+01 -1.54982976e+01 -1.79904828e+02 -1.79905654e+02 
3.06539530e-05 3.00000000e+01 -2.54634352e+01 -1.54999485e+01 -1.79902852e+02 -1.79903695e+02 
3.12964801e-05 3.00000000e+01 -2.54641172e+01 -1.55015282e+01 -1.79900834e+02 -1.79901695e+02 
3.19524751e-05 3.00000000e+01 -2.54647779e+01 -1.55030501e+01 -1.79898773e+02 -1.79899652e+02 
3.26222201e-05 3.00000000e+01 -2.54654105e+01 -1.55045087e+01 -1.79896669e+02 -1.79897566e+02 
3.33060034e-05 3.00000000e+01 -2.54660123e+01 -1.55059028e+01 -1.79894520e+02 -1.79895436e+02 
3.40041193e-05 3.00000000e+01 -2.54665946e+01 -1.55072452e+01 -1.79892326e+02 -1.79893261e+02 
3.47168682e-05 3.00000000e+01 -2.54671491e+01 -1.55085283e+01 -1.79890085e+02 -1.79891039e+02 
3.54445567e-05 3.00000000e+01 -2.54676823e+01 -1.55097607e+01 -1.79887797e+02 -1.79888772e+02 
3.61874981e-05 3.00000000e+01 -2.54681925e+01 -1.55109415e+01 -1.79885461e+02 -1.79886456e+02 
3.69460121e-05 3.00000000e+01 -2.54686853e+01 -1.55120775e+01 -1.79883076e+02 -1.79884091e+02 
3.77204249e-05 3.00000000e+01 -2.54691558e+01 -1.55131647e+01 -1.79880640e+02 -1.79881676e+02 
3.85110700e-05 3.00000000e+01 -2.54696058e+01 -1.55142068e+01 -1.79878153e+02 -1.79879211e+02 
3.93182876e-05 3.00000000e+01 -2.54700435e+01 -1.55152122e+01 -1.79875613e+02 -1.79876694e+02 
4.01424249e-05 3.00000000e+01 -2.54704580e+01 -1.55161710e+01 -1.79873020e+02 -1.79874123e+02 
4.09838367e-05 3.00000000e+01 -2.54708541e+01 -1.55170894e+01 -1.79870372e+02 -1.79871498e+02 
4.18428851e-05 3.00000000e+01 -2.54712376e+01 -1.55179737e+01 -1.79867669e+02 -1.79868818e+02 
4.27199397e-05 3.00000000e+01 -2.54716046e+01 -1.55188215e+01 -1.79864908e+02 -1.79866082e+02 
4.36153779e-05 3.00000000e+01 -2.54719558e+01 -1.55196335e+01 -1.79862089e+02 -1.79863288e+02 
4.45295851e-05 3.00000000e+01 -2.54722952e+01 -1.55204153e+01 -1.79859212e+02 -1.79860435e+02 
4.54629547e-05 3.00000000e+01 -2.54726164e+01 -1.55211608e+01 -1.79856273e+02 -1.79857522e+02 
4.64158883e-05 3.00000000e+01 -2.54729286e+01 -1.55218797e+01 -1.79853272e+02 -1.79854548e+02 
4.73887961e-05 3.00000000e+01 -2.54732259e+01 -1.55225672e+01 -1.79850209e+02 -1.79851511e+02 
4.83820966e-05 3.00000000e+01 -2.54735128e+01 -1.55232286e+01 -1.79847081e+02 -1.79848410e+02 
4.93962174e-05 3.00000000e+01 -2.54737863e+01 -1.55238612e+01 -1.79843887e+02 -1.79845244e+02 
5.04315949e-05 3.00000000e+01 -2.54740515e+01 -1.55244711e+01 -1.79840626e+02 -1.79842011e+02 
5.14886745e-05 3.00000000e+01 -2.54743057e+01 -1.55250556e+01 -1.79837296e+02 -1.79838711e+02 
5.25679112e-05 3.00000000e+01 -2.54745457e+01 -1.55256128e+01 -1.79833897e+02 -1.79835340e+02 
5.36697695e-05 3.00000000e+01 -2.54747800e+01 -1.55261513e+01 -1.79830426e+02 -1.79831900e+02 
5.47947234e-05 3.00000000e+01 -2.54750031e+01 -1.55266661e+01 -1.79826882e+02 -1.79828386e+02 
5.59432571e-05 3.00000000e+01 -2.54752190e+01 -1.55271618e+01 -1.79823263e+02 -1.79824799e+02 
5.71158648e-05 3.00000000e+01 -2.54754254e+01 -1.55276367e+01 -1.79819568e+02 -1.79821137e+02 
5.83130511e-05 3.00000000e+01 -2.54756200e+01 -1.55280889e+01 -1.79815796e+02 -1.79817397e+02 
5.95353313e-05 3.00000000e+01 -2.54758124e+01 -1.55285284e+01 -1.79811945e+02 -1.79813579e+02 
6.07832313e-05 3.00000000e+01 -2.54759936e+01 -1.55289465e+01 -1.79808012e+02 -1.79809681e+02 
6.20572881e-05 3.00000000e+01 -2.54761682e+01 -1.55293485e+01 -1.79803997e+02 -1.79805701e+02 
6.33580499e-05 3.00000000e+01 -2.54763371e+01 -1.55297355e+01 -1.79799898e+02 -1.79801637e+02 
6.46860766e-05 3.00000000e+01 -2.54764977e+01 -1.55301053e+01 -1.79795712e+02 -1.79797488e+02 
6.60419396e-05 3.00000000e+01 -2.54766531e+01 -1.55304615e+01 -1.79791439e+02 -1.79793252e+02 
6.74262224e-05 3.00000000e+01 -2.54768020e+01 -1.55308030e+01 -1.79787076e+02 -1.79788927e+02 
6.88395207e-05 3.00000000e+01 -2.54769442e+01 -1.55311299e+01 -1.79782621e+02 -1.79784511e+02 
7.02824426e-05 3.00000000e+01 -2.54770819e+01 -1.55314448e+01 -1.79778072e+02 -1.79780002e+02 
7.17556092e-05 3.00000000e+01 -2.54772135e+01 -1.55317463e+01 -1.79773428e+02 -1.79775398e+02 
7.32596543e-05 3.00000000e+01 -2.54773405e+01 -1.55320364e+01 -1.79768687e+02 -1.79770698e+02 
7.47952252e-05 3.00000000e+01 -2.54774628e+01 -1.55323152e+01 -1.79763846e+02 -1.79765900e+02 
7.63629826e-05 3.00000000e+01 -2.54775798e+01 -1.55325823e+01 -1.79758904e+02 -1.79761000e+02 
7.79636013e-05 3.00000000e+01 -2.54776922e+01 -1.55328386e+01 -1.79753857e+02 -1.79755998e+02 
7.95977700e-05 3.00000000e+01 -2.54777998e+01 -1.55330844e+01 -1.79748705e+02 -1.79750890e+02 
8.12661920e-05 3.00000000e+01 -2.54779055e+01 -1.55333226e+01 -1.79743445e+02 -1.79745676e+02 
8.29695852e-05 3.00000000e+01 -2.54780051e+01 -1.55335494e+01 -1.79738074e+02 -1.79740352e+02 
8.47086827e-05 3.00000000e+01 -2.54781017e+01 -1.55337679e+01 -1.79732591e+02 -1.79734916e+02 
8.64842328e-05 3.00000000e+01 -2.54781948e+01 -1.55339778e+01 -1.79726992e+02 -1.79729367e+02 
8.82969996e-05 3.00000000e+01 -2.54782839e+01 -1.55341793e+01 -1.79721276e+02 -1.79723700e+02 
9.01477631e-05 3.00000000e+01 -2.54783704e+01 -1.55343735e+01 -1.79715441e+02 -1.79717915e+02 
9.20373200e-05 3.00000000e+01 -2.54784534e+01 -1.55345597e+01 -1.79709482e+02 -1.79712009e+02 
9.39664831e-05 3.00000000e+01 -2.54785329e+01 -1.55347383e+01 -1.79703399e+02 -1.79705978e+02 
9.59360829e-05 3.00000000e+01 -2.54786106e+01 -1.55349111e+01 -1.79697188e+02 -1.79699821e+02 
9.79469667e-05 3.00000000e+01 -2.54786851e+01 -1.55350768e+01 -1.79690847e+02 -1.79693535e+02 
1.00000000e-04 3.00000000e+01 -2.54787567e+01 -1.55352359e+01 -1.79684372e+02 -1.79687117e+02 
1.02096066e-04 3.00000000e+01 -2.54788254e+01 -1.55353885e+01 -1.79677762e+02 -1.79680565e+02 
1.04236067e-04 3.00000000e+01 -2.54788925e+01 -1.55355361e+01 -1.79671013e+02 -1.79673875e+02 
1.06420924e-04 3.00000000e+01 -2.54789572e+01 -1.55356781e+01 -1.79664123e+02 -1.79667044e+02 
1.08651577e-04 3.00000000e+01 -2.54790195e+01 -1.55358145e+01 -1.79657088e+02 -1.79660071e+02 
1.10928986e-04 3.00000000e+01 -2.54790801e+01 -1.55359461e+01 -1.79649906e+02 -1.79652951e+02 
1.13254132e-04 3.00000000e+01 -2.54791387e+01 -1.55360730e+01 -1.79642573e+02 -1.79645681e+02 
1.15628013e-04 3.00000000e+01 -2.54791956e+01 -1.55361953e+01 -1.79635086e+02 -1.79638260e+02 
1.18051653e-04 3.00000000e+01 -2.54792508e+01 -1.55363132e+01 -1.79627442e+02 -1.79630682e+02 
1.20526094e-04 3.00000000e+01 -2.54793041e+01 -1.55364268e+01 -1.79619638e+02 -1.79622946e+02 
1.23052400e-04 3.00000000e+01 -2.54793559e+01 -1.55365365e+01 -1.79611670e+02 -1.79615047e+02 
1.25631660e-04 3.00000000e+01 -2.54794066e+01 -1.55366426e+01 -1.79603535e+02 -1.79606983e+02 
1.28264983e-04 3.00000000e+01 -2.54794557e+01 -1.55367448e+01 -1.79595230e+02 -1.79598750e+02 
1.30953502e-04 3.00000000e+01 -2.54795034e+01 -1.55368435e+01 -1.79586750e+02 -1.79590344e+02 
1.33698374e-04 3.00000000e+01 -2.54795501e+01 -1.55369391e+01 -1.79578092e+02 -1.79581762e+02 
1.36500781e-04 3.00000000e+01 -2.54795956e+01 -1.55370316e+01 -1.79569253e+02 -1.79573000e+02 
1.39361927e-04 3.00000000e+01 -2.54796399e+01 -1.55371209e+01 -1.79560229e+02 -1.79564054e+02 
1.42283046e-04 3.00000000e+01 -2.54796834e+01 -1.55372077e+01 -1.79551015e+02 -1.79554921e+02 
1.45265393e-04 3.00000000e+01 -2.54797263e+01 -1.55372920e+01 -1.79541609e+02 -1.79545596e+02 
1.48310251e-04 3.00000000e+01 -2.54797681e+01 -1.55373736e+01 -1.79532005e+02 -1.79536075e+02 
1.51418933e-04 3.00000000e+01 -2.54798092e+01 -1.55374529e+01 -1.79522199e+02 -1.79526355e+02 
1.54592774e-04 3.00000000e+01 -2.54798497e+01 -1.55375300e+01 -1.79512188e+02 -1.79516431e+02 
1.57833141e-04 3.00000000e+01 -2.54798894e+01 -1.55376049e+01 -1.79501968e+02 -1.79506300e+02 
1.61141428e-04 3.00000000e+01 -2.54799288e+01 -1.55376779e+01 -1.79491533e+02 -1.79495955e+02 
1.64519059e-04 3.00000000e+01 -2.54799676e+01 -1.55377491e+01 -1.79480879e+02 -1.79485394e+02 
1.67967487e-04 3.00000000e+01 -2.54800060e+01 -1.55378185e+01 -1.79470002e+02 -1.79474612e+02 
1.71488197e-04 3.00000000e+01 -2.54800440e+01 -1.55378863e+01 -1.79458896e+02 -1.79463603e+02 
1.75082703e-04 3.00000000e+01 -2.54800819e+01 -1.55379528e+01 -1.79447558e+02 -1.79452364e+02 
1.78752553e-04 3.00000000e+01 -2.54801197e+01 -1.55380179e+01 -1.79435983e+02 -1.79440889e+02 
1.82499324e-04 3.00000000e+01 -2.54801572e+01 -1.55380818e+01 -1.79424164e+02 -1.79429173e+02 
1.86324631e-04 3.00000000e+01 -2.54801946e+01 -1.55381444e+01 -1.79412098e+02 -1.79417212e+02 
1.90230119e-04 3.00000000e+01 -2.54802322e+01 -1.55382062e+01 -1.79399779e+02 -1.79405000e+02 
1.94217468e-04 3.00000000e+01 -2.54802698e+01 -1.55382670e+01 -1.79387202e+02 -1.79392533e+02 
1.98288395e-04 3.00000000e+01 -2.54803074e+01 -1.55383269e+01 -1.79374361e+02 -1.79379803e+02 
2.02444651e-04 3.00000000e+01 -2.54803453e+01 -1.55383861e+01 -1.79361251e+02 -1.79366808e+02 
2.06688025e-04 3.00000000e+01 -2.54803833e+01 -1.55384447e+01 -1.79347867e+02 -1.79353539e+02 
2.11020343e-04 3.00000000e+01 -2.54804218e+01 -1.55385028e+01 -1.79334201e+02 -1.79339993e+02 
2.15443469e-04 3.00000000e+01 -2.54804606e+01 -1.55385606e+01 -1.79320250e+02 -1.79326163e+02 
2.19959307e-04 3.00000000e+01 -2.54804999e+01 -1.55386180e+01 -1.79306006e+02 -1.79312042e+02 
2.24569800e-04 3.00000000e+01 -2.54805397e+01 -1.55386751e+01 -1.79291463e+02 -1.79297626e+02 
2.29276931e-04 3.00000000e+01 -2.54805801e+01 -1.55387323e+01 -1.79276615e+02 -1.79282908e+02 
2.34082728e-04 3.00000000e+01 -2.54806213e+01 -1.55387894e+01 -1.79261457e+02 -1.79267881e+02 
2.38989257e-04 3.00000000e+01 -2.54806629e+01 -1.55388465e+01 -1.79245981e+02 -1.79252540e+02 
2.43998630e-04 3.00000000e+01 -2.54807055e+01 -1.55389038e+01 -1.79230180e+02 -1.79236877e+02 
2.49113003e-04 3.00000000e+01 -2.54807492e+01 -1.55389616e+01 -1.79214048e+02 -1.79220885e+02 
2.54334576e-04 3.00000000e+01 -2.54807936e+01 -1.55390196e+01 -1.79197579e+02 -1.79204559e+02 
2.59665597e-04 3.00000000e+01 -2.54808391e+01 -1.55390781e+01 -1.79180764e+02 -1.79187890e+02 
2.65108360e-04 3.00000000e+01 -2.54808856e+01 -1.55391371e+01 -1.79163596e+02 -1.79170872e+02 
2.70665207e-04 3.00000000e+01 -2.54809333e+01 -1.55391969e+01 -1.79146069e+02 -1.79153498e+02 
2.76338529e-04 3.00000000e+01 -2.54809824e+01 -1.55392575e+01 -1.79128175e+02 -1.79135759e+02 
2.82130768e-04 3.00000000e+01 -2.54810327e+01 -1.55393189e+01 -1.79109906e+02 -1.79117649e+02 
2.88044415e-04 3.00000000e+01 -2.54810846e+01 -1.55393814e+01 -1.79091254e+02 -1.79099159e+02 
2.94082017e-04 3.00000000e+01 -2.54811379e+01 -1.55394449e+01 -1.79072211e+02 -1.79080282e+02 
3.00246171e-04 3.00000000e+01 -2.54811929e+01 -1.55395097e+01 -1.79052770e+02 -1.79061010e+02 
3.06539530e-04 3.00000000e+01 -2.54812496e+01 -1.55395758e+01 -1.79032921e+02 -1.79041333e+02 
3.12964801e-04 3.00000000e+01 -2.54813081e+01 -1.55396434e+01 -1.79012656e+02 -1.79021245e+02 
3.19524751e-04 3.00000000e+01 -2.54813686e+01 -1.55397125e+01 -1.78991966e+02 -1.79000735e+02 
3.26222201e-04 3.00000000e+01 -2.54814310e+01 -1.55397833e+01 -1.78970843e+02 -1.78979796e+02 
3.33060034e-04 3.00000000e+01 -2.54814956e+01 -1.55398558e+01 -1.78949278e+02 -1.78958419e+02 
3.40041193e-04 3.00000000e+01 -2.54815624e+01 -1.55399304e+01 -1.78927261e+02 -1.78936593e+02 
3.47168682e-04 3.00000000e+01 -2.54816316e+01 -1.55400069e+01 -1.78904782e+02 -1.78914310e+02 
3.54445567e-04 3.00000000e+01 -2.54817032e+01 -1.55400856e+01 -1.78881833e+02 -1.78891561e+02 
3.61874981e-04 3.00000000e+01 -2.54817775e+01 -1.55401667e+01 -1.78858403e+02 -1.78868335e+02 
3.69460121e-04 3.00000000e+01 -2.54818544e+01 -1.55402502e+01 -1.78834482e+02 -1.78844622e+02 
3.77204249e-04 3.00000000e+01 -2.54819342e+01 -1.55403363e+01 -1.78810061e+02 -1.78820413e+02 
3.85110700e-04 3.00000000e+01 -2.54820170e+01 -1.55404252e+01 -1.78785128e+02 -1.78795697e+02 
3.93182876e-04 3.00000000e+01 -2.54821029e+01 -1.55405169e+01 -1.78759672e+02 -1.78770463e+02 
4.01424249e-04 3.00000000e+01 -2.54821922e+01 -1.55406117e+01 -1.78733684e+02 -1.78744701e+02 
4.09838367e-04 3.00000000e+01 -2.54822848e+01 -1.55407098e+01 -1.78707151e+02 -1.78718399e+02 
4.18428851e-04 3.00000000e+01 -2.54823810e+01 -1.55408112e+01 -1.78680063e+02 -1.78691546e+02 
4.27199397e-04 3.00000000e+01 -2.54824811e+01 -1.55409162e+01 -1.78652407e+02 -1.78664132e+02 
4.36153779e-04 3.00000000e+01 -2.54825850e+01 -1.55410249e+01 -1.78624173e+02 -1.78636143e+02 
4.45295851e-04 3.00000000e+01 -2.54826931e+01 -1.55411376e+01 -1.78595347e+02 -1.78607568e+02 
4.54629547e-04 3.00000000e+01 -2.54828054e+01 -1.55412544e+01 -1.78565918e+02 -1.78578395e+02 
4.64158883e-04 3.00000000e+01 -2.54829222e+01 -1.55413755e+01 -1.78535872e+02 -1.78548611e+02 
4.73887961e-04 3.00000000e+01 -2.54830438e+01 -1.55415012e+01 -1.78505198e+02 -1.78518204e+02 
4.83820966e-04 3.00000000e+01 -2.54831702e+01 -1.55416316e+01 -1.78473882e+02 -1.78487160e+02 
4.93962174e-04 3.00000000e+01 -2.54833018e+01 -1.55417670e+01 -1.78441910e+02 -1.78455466e+02 
5.04315949e-04 3.00000000e+01 -2.54834386e+01 -1.55419076e+01 -1.78409268e+02 -1.78423109e+02 
5.14886745e-04 3.00000000e+01 -2.54835811e+01 -1.55420536e+01 -1.78375944e+02 -1.78390075e+02 
5.25679112e-04 3.00000000e+01 -2.54837294e+01 -1.55422053e+01 -1.78341922e+02 -1.78356349e+02 
5.36697695e-04 3.00000000e+01 -2.54838837e+01 -1.55423630e+01 -1.78307189e+02 -1.78321918e+02 
5.47947234e-04 3.00000000e+01 -2.54840444e+01 -1.55425270e+01 -1.78271728e+02 -1.78286766e+02 
5.59432571e-04 3.00000000e+01 -2.54842117e+01 -1.55426974e+01 -1.78235526e+02 -1.78250879e+02 
5.71158648e-04 3.00000000e+01 -2.54843860e+01 -1.55428747e+01 -1.78198566e+02 -1.78214241e+02 
5.83130511e-04 3.00000000e+01 -2.54845674e+01 -1.55430590e+01 -1.78160833e+02 -1.78176837e+02 
5.95353313e-04 3.00000000e+01 -2.54847563e+01 -1.55432508e+01 -1.78122311e+02 -1.78138650e+02 
6.07832313e-04 3.00000000e+01 -2.54849531e+01 -1.55434504e+01 -1.78082983e+02 -1.78099664e+02 
6.20572881e-04 3.00000000e+01 -2.54851581e+01 -1.55436580e+01 -1.78042832e+02 -1.78059863e+02 
6.33580499e-04 3.00000000e+01 -2.54853716e+01 -1.55438741e+01 -1.78001842e+02 -1.78019230e+02 
6.46860766e-04 3.00000000e+01 -2.54855939e+01 -1.55440990e+01 -1.77959994e+02 -1.77977747e+02 
6.60419396e-04 3.00000000e+01 -2.54858256e+01 -1.55443332e+01 -1.77917272e+02 -1.77935397e+02 
6.74262224e-04 3.00000000e+01 -2.54860669e+01 -1.55445769e+01 -1.77873656e+02 -1.77892161e+02 
6.88395207e-04 3.00000000e+01 -2.54863184e+01 -1.55448307e+01 -1.77829129e+02 -1.77848022e+02 
7.02824426e-04 3.00000000e+01 -2.54865803e+01 -1.55450949e+01 -1.77783671e+02 -1.77802960e+02 
7.17556092e-04 3.00000000e+01 -2.54868532e+01 -1.55453701e+01 -1.77737263e+02 -1.77756956e+02 
7.32596543e-04 3.00000000e+01 -2.54871376e+01 -1.55456566e+01 -1.77689886e+02 -1.77709991e+02 
7.47952252e-04 3.00000000e+01 -2.54874338e+01 -1.55459550e+01 -1.77641518e+02 -1.77662045e+02 
7.63629826e-04 3.00000000e+01 -2.54877425e+01 -1.55462659e+01 -1.77592140e+02 -1.77613098e+02 
7.79636013e-04 3.00000000e+01 -2.54880642e+01 -1.55465896e+01 -1.77541731e+02 -1.77563128e+02 
7.95977700e-04 3.00000000e+01 -2.54883993e+01 -1.55469268e+01 -1.77490269e+02 -1.77512114e+02 
8.12661920e-04 3.00000000e+01 -2.54887486e+01 -1.55472781e+01 -1.77437732e+02 -1.77460035e+02 
8.29695852e-04 3.00000000e+01 -2.54891125e+01 -1.55476441e+01 -1.77384099e+02 -1.77406869e+02 
8.47086827e-04 3.00000000e+01 -2.54894917e+01 -1.55480253e+01 -1.77329346e+02 -1.77352593e+02 
8.64842328e-04 3.00000000e+01 -2.54898869e+01 -1.55484224e+01 -1.77273450e+02 -1.77297185e+02 
8.82969996e-04 3.00000000e+01 -2.54902987e+01 -1.55488362e+01 -1.77216388e+02 -1.77240620e+02 
9.01477631e-04 3.00000000e+01 -2.54907279e+01 -1.55492673e+01 -1.77158135e+02 -1.77182876e+02 
9.20373200e-04 3.00000000e+01 -2.54911751e+01 -1.55497164e+01 -1.77098668e+02 -1.77123927e+02 
9.39664831e-04 3.00000000e+01 -2.54916411e+01 -1.55501844e+01 -1.77037960e+02 -1.77063748e+02 
9.59360829e-04 3.00000000e+01 -2.54921268e+01 -1.55506720e+01 -1.76975986e+02 -1.77002315e+02 
9.79469667e-04 3.00000000e+01 -2.54926329e+01 -1.55511801e+01 -1.76912721e+02 -1.76939602e+02 
1.00000000e-03 3.00000000e+01 -2.54931604e+01 -1.55517095e+01 -1.76848137e+02 -1.76875582e+02 
1.02096066e-03 3.00000000e+01 -2.54937100e+01 -1.55522611e+01 -1.76782208e+02 -1.76810227e+02 
1.04236067e-03 3.00000000e+01 -2.54942829e+01 -1.55528359e+01 -1.76714905e+02 -1.76743512e+02 
1.06420924e-03 3.00000000e+01 -2.54948798e+01 -1.55534348e+01 -1.76646201e+02 -1.76675408e+02 
1.08651577e-03 3.00000000e+01 -2.54955019e+01 -1.55540589e+01 -1.76576066e+02 -1.76605885e+02 
1.10928986e-03 3.00000000e+01 -2.54961502e+01 -1.55547092e+01 -1.76504472e+02 -1.76534916e+02 
1.13254132e-03 3.00000000e+01 -2.54968259e+01 -1.55553869e+01 -1.76431389e+02 -1.76462471e+02 
1.15628013e-03 3.00000000e+01 -2.54975300e+01 -1.55560931e+01 -1.76356785e+02 -1.76388518e+02 
1.18051653e-03 3.00000000e+01 -2.54982637e+01 -1.55568290e+01 -1.76280630e+02 -1.76313028e+02 
1.20526094e-03 3.00000000e+01 -2.54990284e+01 -1.55575958e+01 -1.76202892e+02 -1.76235970e+02 
1.23052400e-03 3.00000000e+01 -2.54998253e+01 -1.55583949e+01 -1.76123539e+02 -1.76157310e+02 
1.25631660e-03 3.00000000e+01 -2.55006557e+01 -1.55592276e+01 -1.76042538e+02 -1.76077016e+02 
1.28264983e-03 3.00000000e+01 -2.55015211e+01 -1.55600953e+01 -1.75959855e+02 -1.75995056e+02 
1.30953502e-03 3.00000000e+01 -2.55024230e+01 -1.55609995e+01 -1.75875456e+02 -1.75911395e+02 
1.33698374e-03 3.00000000e+01 -2.55033628e+01 -1.55619417e+01 -1.75789306e+02 -1.75825998e+02 
1.36500781e-03 3.00000000e+01 -2.55043422e+01 -1.55629235e+01 -1.75701369e+02 -1.75738831e+02 
1.39361927e-03 3.00000000e+01 -2.55053628e+01 -1.55639467e+01 -1.75611610e+02 -1.75649857e+02 
1.42283046e-03 3.00000000e+01 -2.55064264e+01 -1.55650129e+01 -1.75519992e+02 -1.75559040e+02 
1.45265393e-03 3.00000000e+01 -2.55075347e+01 -1.55661238e+01 -1.75426476e+02 -1.75466343e+02 
1.48310251e-03 3.00000000e+01 -2.55086896e+01 -1.55672815e+01 -1.75331025e+02 -1.75371728e+02 
1.51418933e-03 3.00000000e+01 -2.55098931e+01 -1.55684879e+01 -1.75233600e+02 -1.75275156e+02 
1.54592774e-03 3.00000000e+01 -2.55111472e+01 -1.55697449e+01 -1.75134161e+02 -1.75176588e+02 
1.57833141e-03 3.00000000e+01 -2.55124540e+01 -1.55710547e+01 -1.75032667e+02 -1.75075983e+02 
1.61141428e-03 3.00000000e+01 -2.55138158e+01 -1.55724196e+01 -1.74929077e+02 -1.74973301e+02 
1.64519059e-03 3.00000000e+01 -2.55152347e+01 -1.55738417e+01 -1.74823350e+02 -1.74868501e+02 
1.67967487e-03 3.00000000e+01 -2.55167133e+01 -1.55753236e+01 -1.74715443e+02 -1.74761540e+02 
1.71488197e-03 3.00000000e+01 -2.55182539e+01 -1.55768676e+01 -1.74605312e+02 -1.74652375e+02 
1.75082703e-03 3.00000000e+01 -2.55198591e+01 -1.55784765e+01 -1.74492913e+02 -1.74540963e+02 
1.78752553e-03 3.00000000e+01 -2.55215317e+01 -1.55801528e+01 -1.74378201e+02 -1.74427258e+02 
1.82499324e-03 3.00000000e+01 -2.55232745e+01 -1.55818994e+01 -1.74261131e+02 -1.74311216e+02 
1.86324631e-03 3.00000000e+01 -2.55250903e+01 -1.55837192e+01 -1.74141656e+02 -1.74192791e+02 
1.90230119e-03 3.00000000e+01 -2.55269822e+01 -1.55856152e+01 -1.74019728e+02 -1.74071935e+02 
1.94217468e-03 3.00000000e+01 -2.55289534e+01 -1.55875906e+01 -1.73895299e+02 -1.73948601e+02 
1.98288395e-03 3.00000000e+01 -2.55310071e+01 -1.55896487e+01 -1.73768322e+02 -1.73822740e+02 
2.02444651e-03 3.00000000e+01 -2.55331467e+01 -1.55917930e+01 -1.73638745e+02 -1.73694304e+02 
2.06688025e-03 3.00000000e+01 -2.55353759e+01 -1.55940269e+01 -1.73506518e+02 -1.73563242e+02 
2.11020343e-03 3.00000000e+01 -2.55376982e+01 -1.55963542e+01 -1.73371590e+02 -1.73429503e+02 
2.15443469e-03 3.00000000e+01 -2.55401176e+01 -1.55987787e+01 -1.73233909e+02 -1.73293036e+02 
2.19959307e-03 3.00000000e+01 -2.55426380e+01 -1.56013044e+01 -1.73093422e+02 -1.73153788e+02 
2.24569800e-03 3.00000000e+01 -2.55452636e+01 -1.56039356e+01 -1.72950075e+02 -1.73011706e+02 
2.29276931e-03 3.00000000e+01 -2.55479987e+01 -1.56066765e+01 -1.72803813e+02 -1.72866735e+02 
2.34082728e-03 3.00000000e+01 -2.55508478e+01 -1.56095316e+01 -1.72654580e+02 -1.72718822e+02 
2.38989257e-03 3.00000000e+01 -2.55538156e+01 -1.56125057e+01 -1.72502322e+02 -1.72567910e+02 
2.43998630e-03 3.00000000e+01 -2.55569069e+01 -1.56156035e+01 -1.72346980e+02 -1.72413943e+02 
2.49113003e-03 3.00000000e+01 -2.55601269e+01 -1.56188303e+01 -1.72188497e+02 -1.72256863e+02 
2.54334576e-03 3.00000000e+01 -2.55634806e+01 -1.56221911e+01 -1.72026814e+02 -1.72096613e+02 
2.59665597e-03 3.00000000e+01 -2.55669737e+01 -1.56256915e+01 -1.71861871e+02 -1.71933134e+02 
2.65108360e-03 3.00000000e+01 -2.55706117e+01 -1.56293372e+01 -1.71693609e+02 -1.71766365e+02 
2.70665207e-03 3.00000000e+01 -2.55744006e+01 -1.56331340e+01 -1.71521967e+02 -1.71596248e+02 
2.76338529e-03 3.00000000e+01 -2.55783464e+01 -1.56370881e+01 -1.71346882e+02 -1.71422719e+02 
2.82130768e-03 3.00000000e+01 -2.55824556e+01 -1.56412059e+01 -1.71168292e+02 -1.71245719e+02 
2.88044415e-03 3.00000000e+01 -2.55867347e+01 -1.56454939e+01 -1.70986134e+02 -1.71065184e+02 
2.94082017e-03 3.00000000e+01 -2.55911905e+01 -1.56499591e+01 -1.70800344e+02 -1.70881052e+02 
3.00246171e-03 3.00000000e+01 -2.55958301e+01 -1.56546085e+01 -1.70610858e+02 -1.70693257e+02 
3.06539530e-03 3.00000000e+01 -2.56006611e+01 -1.56594496e+01 -1.70417611e+02 -1.70501737e+02 
3.12964801e-03 3.00000000e+01 -2.56056909e+01 -1.56644899e+01 -1.70220536e+02 -1.70306425e+02 
3.19524751e-03 3.00000000e+01 -2.56109275e+01 -1.56697376e+01 -1.70019566e+02 -1.70107256e+02 
3.26222201e-03 3.00000000e+01 -2.56163793e+01 -1.56752008e+01 -1.69814636e+02 -1.69904163e+02 
3.33060034e-03 3.00000000e+01 -2.56220546e+01 -1.56808881e+01 -1.69605677e+02 -1.69697081e+02 
3.40041193e-03 3.00000000e+01 -2.56279625e+01 -1.56868084e+01 -1.69392622e+02 -1.69485941e+02 
3.47168682e-03 3.00000000e+01 -2.56341120e+01 -1.56929709e+01 -1.69175402e+02 -1.69270677e+02 
3.54445567e-03 3.00000000e+01 -2.56405128e+01 -1.56993852e+01 -1.68953947e+02 -1.69051219e+02 
3.61874981e-03 3.00000000e+01 -2.56471746e+01 -1.57060610e+01 -1.68728189e+02 -1.68827500e+02 
3.69460121e-03 3.00000000e+01 -2.56541077e+01 -1.57130088e+01 -1.68498059e+02 -1.68599451e+02 
3.77204249e-03 3.00000000e+01 -2.56613226e+01 -1.57202390e+01 -1.68263486e+02 -1.68367003e+02 
3.85110700e-03 3.00000000e+01 -2.56688304e+01 -1.57277628e+01 -1.68024400e+02 -1.68130087e+02 
3.93182876e-03 3.00000000e+01 -2.56766424e+01 -1.57355913e+01 -1.67780731e+02 -1.67888633e+02 
4.01424249e-03 3.00000000e+01 -2.56847703e+01 -1.57437365e+01 -1.67532410e+02 -1.67642573e+02 
4.09838367e-03 3.00000000e+01 -2.56932263e+01 -1.57522105e+01 -1.67279365e+02 -1.67391837e+02 
4.18428851e-03 3.00000000e+01 -2.57020229e+01 -1.57610259e+01 -1.67021527e+02 -1.67136357e+02 
4.27199397e-03 3.00000000e+01 -2.57111731e+01 -1.57701957e+01 -1.66758826e+02 -1.66876063e+02 
4.36153779e-03 3.00000000e+01 -2.57206904e+01 -1.57797334e+01 -1.66491193e+02 -1.66610886e+02 
4.45295851e-03 3.00000000e+01 -2.57305886e+01 -1.57896528e+01 -1.66218558e+02 -1.66340760e+02 
4.54629547e-03 3.00000000e+01 -2.57408820e+01 -1.57999684e+01 -1.65940852e+02 -1.66065615e+02 
4.64158883e-03 3.00000000e+01 -2.57515854e+01 -1.58106949e+01 -1.65658007e+02 -1.65785385e+02 
4.73887961e-03 3.00000000e+01 -2.57627141e+01 -1.58218476e+01 -1.65369956e+02 -1.65500004e+02 
4.83820966e-03 3.00000000e+01 -2.57742838e+01 -1.58334424e+01 -1.65076632e+02 -1.65209405e+02 
4.93962174e-03 3.00000000e+01 -2.57863108e+01 -1.58454955e+01 -1.64777969e+02 -1.64913525e+02 
5.04315949e-03 3.00000000e+01 -2.57988117e+01 -1.58580236e+01 -1.64473903e+02 -1.64612300e+02 
5.14886745e-03 3.00000000e+01 -2.58118038e+01 -1.58710441e+01 -1.64164370e+02 -1.64305667e+02 
5.25679112e-03 3.00000000e+01 -2.58253048e+01 -1.58845747e+01 -1.63849308e+02 -1.63993566e+02 
5.36697695e-03 3.00000000e+01 -2.58393330e+01 -1.58986337e+01 -1.63528656e+02 -1.63675938e+02 
5.47947234e-03 3.00000000e+01 -2.58539071e+01 -1.59132400e+01 -1.63202355e+02 -1.63352724e+02 
5.59432571e-03 3.00000000e+01 -2.58690465e+01 -1.59284129e+01 -1.62870349e+02 -1.63023869e+02 
5.71158648e-03 3.00000000e+01 -2.58847710e+01 -1.59441723e+01 -1.62532581e+02 -1.62689318e+02 
5.83130511e-03 3.00000000e+01 -2.59011010e+01 -1.59605387e+01 -1.62188999e+02 -1.62349021e+02 
5.95353313e-03 3.00000000e+01 -2.59180573e+01 -1.59775329e+01 -1.61839552e+02 -1.62002928e+02 
6.07832313e-03 3.00000000e+01 -2.59356613e+01 -1.59951765e+01 -1.61484192e+02 -1.61650991e+02 
6.20572881e-03 3.00000000e+01 -2.59539351e+01 -1.60134915e+01 -1.61122874e+02 -1.61293168e+02 
6.33580499e-03 3.00000000e+01 -2.59729011e+01 -1.60325005e+01 -1.60755554e+02 -1.60929417e+02 
6.46860766e-03 3.00000000e+01 -2.59925824e+01 -1.60522265e+01 -1.60382193e+02 -1.60559700e+02 
6.60419396e-03 3.00000000e+01 -2.60130025e+01 -1.60726932e+01 -1.60002756e+02 -1.60183983e+02 
6.74262224e-03 3.00000000e+01 -2.60341853e+01 -1.60939247e+01 -1.59617210e+02 -1.59802234e+02 
6.88395207e-03 3.00000000e+01 -2.60561556e+01 -1.61159457e+01 -1.59225526e+02 -1.59414427e+02 
7.02824426e-03 3.00000000e+01 -2.60789383e+01 -1.61387812e+01 -1.58827679e+02 -1.59020539e+02 
7.17556092e-03 3.00000000e+01 -2.61025589e+01 -1.61624569e+01 -1.58423649e+02 -1.58620550e+02 
7.32596543e-03 3.00000000e+01 -2.61270435e+01 -1.61869989e+01 -1.58013419e+02 -1.58214446e+02 
7.47952252e-03 3.00000000e+01 -2.61524185e+01 -1.62124338e+01 -1.57596979e+02 -1.57802219e+02 
7.63629826e-03 3.00000000e+01 -2.61787108e+01 -1.62387885e+01 -1.57174322e+02 -1.57383862e+02 
7.79636013e-03 3.00000000e+01 -2.62059477e+01 -1.62660903e+01 -1.56745447e+02 -1.56959377e+02 
7.95977700e-03 3.00000000e+01 -2.62341568e+01 -1.62943672e+01 -1.56310357e+02 -1.56528770e+02 
8.12661920e-03 3.00000000e+01 -2.62633661e+01 -1.63236472e+01 -1.55869063e+02 -1.56092052e+02 
8.29695852e-03 3.00000000e+01 -2.62936042e+01 -1.63539588e+01 -1.55421579e+02 -1.55649241e+02 
8.47086827e-03 3.00000000e+01 -2.63248995e+01 -1.63853309e+01 -1.54967928e+02 -1.55200360e+02 
8.64842328e-03 3.00000000e+01 -2.63572810e+01 -1.64177924e+01 -1.54508138e+02 -1.54745440e+02 
8.82969996e-03 3.00000000e+01 -2.63907779e+01 -1.64513727e+01 -1.54042243e+02 -1.54284517e+02 
9.01477631e-03 3.00000000e+01 -2.64254196e+01 -1.64861013e+01 -1.53570284e+02 -1.53817634e+02 
9.20373200e-03 3.00000000e+01 -2.64612355e+01 -1.65220078e+01 -1.53092309e+02 -1.53344841e+02 
9.39664831e-03 3.00000000e+01 -2.64982552e+01 -1.65591219e+01 -1.52608374e+02 -1.52866196e+02 
9.59360829e-03 3.00000000e+01 -2.65365084e+01 -1.65974735e+01 -1.52118540e+02 -1.52381764e+02 
9.79469667e-03 3.00000000e+01 -2.65760248e+01 -1.66370925e+01 -1.51622878e+02 -1.51891617e+02 
1.00000000e-02 3.00000000e+01 -2.66168339e+01 -1.66780086e+01 -1.51121465e+02 -1.51395834e+02 
1.02096066e-02 3.00000000e+01 -2.66589653e+01 -1.67202514e+01 -1.50614387e+02 -1.50894503e+02 
1.04236067e-02 3.00000000e+01 -2.67024484e+01 -1.67638507e+01 -1.50101735e+02 -1.50387719e+02 
1.06420924e-02 3.00000000e+01 -2.67473123e+01 -1.68088357e+01 -1.49583612e+02 -1.49875586e+02 
1.08651577e-02 3.00000000e+01 -2.67935858e+01 -1.68552354e+01 -1.49060125e+02 -1.49358216e+02 
1.10928986e-02 3.00000000e+01 -2.68412975e+01 -1.69030787e+01 -1.48531392e+02 -1.48835727e+02 
1.13254132e-02 3.00000000e+01 -2.68904756e+01 -1.69523939e+01 -1.47997537e+02 -1.48308247e+02 
1.15628013e-02 3.00000000e+01 -2.69411476e+01 -1.70032089e+01 -1.47458694e+02 -1.47775911e+02 
1.18051653e-02 3.00000000e+01 -2.69933408e+01 -1.70555510e+01 -1.46915004e+02 -1.47238865e+02 
1.20526094e-02 3.00000000e+01 -2.70470815e+01 -1.71094471e+01 -1.46366615e+02 -1.46697259e+02 
1.23052400e-02 3.00000000e+01 -2.71023957e+01 -1.71649232e+01 -1.45813683e+02 -1.46151252e+02 
1.25631660e-02 3.00000000e+01 -2.71593085e+01 -1.72220047e+01 -1.45256375e+02 -1.45601013e+02 
1.28264983e-02 3.00000000e+01 -2.72178441e+01 -1.72807162e+01 -1.44694862e+02 -1.45046717e+02 
1.30953502e-02 3.00000000e+01 -2.72780259e+01 -1.73410814e+01 -1.44129323e+02 -1.44488547e+02 
1.33698374e-02 3.00000000e+01 -2.73398765e+01 -1.74031231e+01 -1.43559945e+02 -1.43926691e+02 
1.36500781e-02 3.00000000e+01 -2.74034173e+01 -1.74668630e+01 -1.42986923e+02 -1.43361349e+02 
1.39361927e-02 3.00000000e+01 -2.74686687e+01 -1.75323220e+01 -1.42410457e+02 -1.42792722e+02 
1.42283046e-02 3.00000000e+01 -2.75356499e+01 -1.75995196e+01 -1.41830754e+02 -1.42221023e+02 
1.45265393e-02 3.00000000e+01 -2.76043789e+01 -1.76684742e+01 -1.41248028e+02 -1.41646468e+02 
1.48310251e-02 3.00000000e+01 -2.76748726e+01 -1.77392030e+01 -1.40662497e+02 -1.41069278e+02 
1.51418933e-02 3.00000000e+01 -2.77471464e+01 -1.78117219e+01 -1.40074386e+02 -1.40489683e+02 
1.54592774e-02 3.00000000e+01 -2.78212145e+01 -1.78860454e+01 -1.39483924e+02 -1.39907915e+02 
1.57833141e-02 3.00000000e+01 -2.78970895e+01 -1.79621866e+01 -1.38891346e+02 -1.39324212e+02 
1.61141428e-02 3.00000000e+01 -2.79747827e+01 -1.80401573e+01 -1.38296890e+02 -1.38738816e+02 
1.64519059e-02 3.00000000e+01 -2.80543038e+01 -1.81199677e+01 -1.37700797e+02 -1.38151972e+02 
1.67967487e-02 3.00000000e+01 -2.81356611e+01 -1.82016264e+01 -1.37103312e+02 -1.37563930e+02 
1.71488197e-02 3.00000000e+01 -2.82188612e+01 -1.82851408e+01 -1.36504684e+02 -1.36974941e+02 
1.75082703e-02 3.00000000e+01 -2.83039092e+01 -1.83705164e+01 -1.35905162e+02 -1.36385259e+02 
1.78752553e-02 3.00000000e+01 -2.83908085e+01 -1.84577572e+01 -1.35304997e+02 -1.35795139e+02 
1.82499324e-02 3.00000000e+01 -2.84795611e+01 -1.85468656e+01 -1.34704441e+02 -1.35204839e+02 
1.86324631e-02 3.00000000e+01 -2.85701672e+01 -1.86378426e+01 -1.34103749e+02 -1.34614615e+02 
1.90230119e-02 3.00000000e+01 -2.86626253e+01 -1.87306873e+01 -1.33503172e+02 -1.34024725e+02 
1.94217468e-02 3.00000000e+01 -2.87569323e+01 -1.88253974e+01 -1.32902962e+02 -1.33435426e+02 
1.98288395e-02 3.00000000e+01 -2.88530837e+01 -1.89219688e+01 -1.32303372e+02 -1.32846973e+02 
2.02444651e-02 3.00000000e+01 -2.89510732e+01 -1.90203960e+01 -1.31704651e+02 -1.32259620e+02 
2.06688025e-02 3.00000000e+01 -2.90508928e+01 -1.91206719e+01 -1.31107046e+02 -1.31673620e+02 
2.11020343e-02 3.00000000e+01 -2.91525331e+01 -1.92227879e+01 -1.30510801e+02 -1.31089222e+02 
2.15443469e-02 3.00000000e+01 -2.92559831e+01 -1.93267337e+01 -1.29916158e+02 -1.30506672e+02 
2.19959307e-02 3.00000000e+01 -2.93612304e+01 -1.94324976e+01 -1.29323354e+02 -1.29926214e+02 
2.24569800e-02 3.00000000e+01 -2.94682609e+01 -1.95400667e+01 -1.28732624e+02 -1.29348084e+02 
2.29276931e-02 3.00000000e+01 -2.95770592e+01 -1.96494264e+01 -1.28144194e+02 -1.28772519e+02 
2.34082728e-02 3.00000000e+01 -2.96876086e+01 -1.97605609e+01 -1.27558290e+02 -1.28199745e+02 
2.38989257e-02 3.00000000e+01 -2.97998909e+01 -1.98734529e+01 -1.26975130e+02 -1.27629988e+02 
2.43998630e-02 3.00000000e+01 -2.99138866e+01 -1.99880843e+01 -1.26394925e+02 -1.27063465e+02 
2.49113003e-02 3.00000000e+01 -3.00295752e+01 -2.01044353e+01 -1.25817882e+02 -1.26500387e+02 
2.54334576e-02 3.00000000e+01 -3.01469347e+01 -2.02224854e+01 -1.25244200e+02 -1.25940961e+02 
2.59665597e-02 3.00000000e+01 -3.02659423e+01 -2.03422127e+01 -1.24674072e+02 -1.25385384e+02 
2.65108360e-02 3.00000000e+01 -3.03865740e+01 -2.04635944e+01 -1.24107684e+02 -1.24833848e+02 
2.70665207e-02 3.00000000e+01 -3.05088048e+01 -2.05866070e+01 -1.23545213e+02 -1.24286537e+02 
2.76338529e-02 3.00000000e+01 -3.06326087e+01 -2.07112258e+01 -1.22986831e+02 -1.23743628e+02 
2.82130768e-02 3.00000000e+01 -3.07579591e+01 -2.08374254e+01 -1.22432700e+02 -1.23205291e+02 
2.88044415e-02 3.00000000e+01 -3.08848283e+01 -2.09651798e+01 -1.21882975e+02 -1.22671688e+02 
2.94082017e-02 3.00000000e+01 -3.10131881e+01 -2.10944622e+01 -1.21337804e+02 -1.22142971e+02 
3.00246171e-02 3.00000000e+01 -3.11430096e+01 -2.12252452e+01 -1.20797326e+02 -1.21619286e+02 
3.06539530e-02 3.00000000e+01 -3.12742632e+01 -2.13575009e+01 -1.20261671e+02 -1.21100772e+02 
3.12964801e-02 3.00000000e+01 -3.14069189e+01 -2.14912010e+01 -1.19730963e+02 -1.20587558e+02 
3.19524751e-02 3.00000000e+01 -3.15409461e+01 -2.16263168e+01 -1.19205315e+02 -1.20079765e+02 
3.26222201e-02 3.00000000e+01 -3.16763138e+01 -2.17628191e+01 -1.18684836e+02 -1.19577508e+02 
3.33060034e-02 3.00000000e+01 -3.18129908e+01 -2.19006785e+01 -1.18169622e+02 -1.19080893e+02 
3.40041193e-02 3.00000000e+01 -3.19509456e+01 -2.20398655e+01 -1.17659765e+02 -1.18590016e+02 
3.47168682e-02 3.00000000e+01 -3.20901461e+01 -2.21803505e+01 -1.17155347e+02 -1.18104969e+02 
3.54445567e-02 3.00000000e+01 -3.22305606e+01 -2.23221034e+01 -1.16656443e+02 -1.17625833e+02 
3.61874981e-02 3.00000000e+01 -3.23721567e+01 -2.24650946e+01 -1.16163120e+02 -1.17152684e+02 
3.69460121e-02 3.00000000e+01 -3.25149023e+01 -2.26092940e+01 -1.15675437e+02 -1.16685589e+02 
3.77204249e-02 3.00000000e+01 -3.26587652e+01 -2.27546720e+01 -1.15193447e+02 -1.16224609e+02 
3.85110700e-02 3.00000000e+01 -3.28037130e+01 -2.29011989e+01 -1.14717195e+02 -1.15769796e+02 
3.93182876e-02 3.00000000e+01 -3.29497135e+01 -2.30488451e+01 -1.14246719e+02 -1.15321197e+02 
4.01424249e-02 3.00000000e+01 -3.30967347e+01 -2.31975812e+01 -1.13782049e+02 -1.14878851e+02 
4.09838367e-02 3.00000000e+01 -3.32447444e+01 -2.33473782e+01 -1.13323211e+02 -1.14442793e+02 
4.18428851e-02 3.00000000e+01 -3.33937108e+01 -2.34982072e+01 -1.12870222e+02 -1.14013048e+02 
4.27199397e-02 3.00000000e+01 -3.35436023e+01 -2.36500397e+01 -1.12423096e+02 -1.13589638e+02 
4.36153779e-02 3.00000000e+01 -3.36943873e+01 -2.38028475e+01 -1.11981837e+02 -1.13172578e+02 
4.45295851e-02 3.00000000e+01 -3.38460345e+01 -2.39566027e+01 -1.11546446e+02 -1.12761877e+02 
4.54629547e-02 3.00000000e+01 -3.39985130e+01 -2.41112778e+01 -1.11116919e+02 -1.12357539e+02 
4.64158883e-02 3.00000000e+01 -3.41517919e+01 -2.42668458e+01 -1.10693245e+02 -1.11959565e+02 
4.73887961e-02 3.00000000e+01 -3.43058408e+01 -2.44232802e+01 -1.10275408e+02 -1.11567947e+02 
4.83820966e-02 3.00000000e+01 -3.44606296e+01 -2.45805546e+01 -1.09863389e+02 -1.11182676e+02 
4.93962174e-02 3.00000000e+01 -3.46161282e+01 -2.47386435e+01 -1.09457162e+02 -1.10803737e+02 
5.04315949e-02 3.00000000e+01 -3.47723072e+01 -2.48975216e+01 -1.09056700e+02 -1.10431110e+02 
5.14886745e-02 3.00000000e+01 -3.49291372e+01 -2.50571642e+01 -1.08661970e+02 -1.10064774e+02 
5.25679112e-02 3.00000000e+01 -3.50865895e+01 -2.52175470e+01 -1.08272933e+02 -1.09704701e+02 
5.36697695e-02 3.00000000e+01 -3.52446352e+01 -2.53786464e+01 -1.07889551e+02 -1.09350861e+02 
5.47947234e-02 3.00000000e+01 -3.54032461e+01 -2.55404393e+01 -1.07511779e+02 -1.09003221e+02 
5.59432571e-02 3.00000000e+01 -3.55623943e+01 -2.57029028e+01 -1.07139571e+02 -1.08661744e+02 
5.71158648e-02 3.00000000e+01 -3.57220520e+01 -2.58660149e+01 -1.06772876e+02 -1.08326392e+02 
5.83130511e-02 3.00000000e+01 -3.58821920e+01 -2.60297541e+01 -1.06411643e+02 -1.07997122e+02 
5.95353313e-02 3.00000000e+01 -3.60427870e+01 -2.61940992e+01 -1.06055815e+02 -1.07673890e+02 
6.07832313e-02 3.00000000e+01 -3.62038104e+01 -2.63590297e+01 -1.05705336e+02 -1.07356649e+02 
6.20572881e-02 3.00000000e+01 -3.63652357e+01 -2.65245256e+01 -1.05360146e+02 -1.07045352e+02 
6.33580499e-02 3.00000000e+01 -3.65270366e+01 -2.66905675e+01 -1.05020183e+02 -1.06739946e+02 
6.46860766e-02 3.00000000e+01 -3.66891871e+01 -2.68571364e+01 -1.04685384e+02 -1.06440381e+02 
6.60419396e-02 3.00000000e+01 -3.68516615e+01 -2.70242139e+01 -1.04355685e+02 -1.06146601e+02 
6.74262224e-02 3.00000000e+01 -3.70144343e+01 -2.71917820e+01 -1.04031018e+02 -1.05858553e+02 
6.88395207e-02 3.00000000e+01 -3.71774801e+01 -2.73598233e+01 -1.03711316e+02 -1.05576179e+02 
7.02824426e-02 3.00000000e+01 -3.73407739e+01 -2.75283210e+01 -1.03396510e+02 -1.05299423e+02 
7.17556092e-02 3.00000000e+01 -3.75042906e+01 -2.76972587e+01 -1.03086530e+02 -1.05028224e+02 
7.32596543e-02 3.00000000e+01 -3.76680054e+01 -2.78666204e+01 -1.02781307e+02 -1.04762526e+02 
7.47952252e-02 3.00000000e+01 -3.78318936e+01 -2.80363906e+01 -1.02480768e+02 -1.04502266e+02 
7.63629826e-02 3.00000000e+01 -3.79959307e+01 -2.82065545e+01 -1.02184842e+02 -1.04247386e+02 
7.79636013e-02 3.00000000e+01 -3.81600920e+01 -2.83770975e+01 -1.01893457e+02 -1.03997823e+02 
7.95977700e-02 3.00000000e+01 -3.83243533e+01 -2.85480054e+01 -1.01606540e+02 -1.03753517e+02 
8.12661920e-02 3.00000000e+01 -3.84886900e+01 -2.87192648e+01 -1.01324018e+02 -1.03514406e+02 
8.29695852e-02 3.00000000e+01 -3.86530778e+01 -2.88908624e+01 -1.01045820e+02 -1.03280428e+02 
8.47086827e-02 3.00000000e+01 -3.88174922e+01 -2.90627854e+01 -1.00771871e+02 -1.03051521e+02 
8.64842328e-02 3.00000000e+01 -3.89819087e+01 -2.92350215e+01 -1.00502100e+02 -1.02827625e+02 
8.82969996e-02 3.00000000e+01 -3.91463029e+01 -2.94075587e+01 -1.00236435e+02 -1.02608677e+02 
9.01477631e-02 3.00000000e+01 -3.93106501e+01 -2.95803854e+01 -9.99748043e+01 -1.02394616e+02 
9.20373200e-02 3.00000000e+01 -3.94749255e+01 -2.97534904e+01 -9.97171357e+01 -1.02185380e+02 
9.39664831e-02 3.00000000e+01 -3.96391044e+01 -2.99268630e+01 -9.94633590e+01 -1.01980911e+02 
9.59360829e-02 3.00000000e+01 -3.98031615e+01 -3.01004926e+01 -9.92134041e+01 -1.01781145e+02 
9.79469667e-02 3.00000000e+01 -3.99670717e+01 -3.02743692e+01 -9.89672018e+01 -1.01586025e+02 
1.00000000e-01 3.00000000e+01 -4.01308095e+01 -3.04484828e+01 -9.87246837e+01 -1.01395491e+02 
1.02096066e-01 3.00000000e+01 -4.02943491e+01 -3.06228242e+01 -9.84857823e+01 -1.01209484e+02 
1.04236067e-01 3.00000000e+01 -4.04576644e+01 -3.07973841e+01 -9.82504313e+01 -1.01027946e+02 
1.06420924e-01 3.00000000e+01 -4.06207292e+01 -3.09721537e+01 -9.80185652e+01 -1.00850820e+02 
1.08651577e-01 3.00000000e+01 -4.07835166e+01 -3.11471244e+01 -9.77901200e+01 -1.00678048e+02 
1.10928986e-01 3.00000000e+01 -4.09459997e+01 -3.13222881e+01 -9.75650328e+01 -1.00509576e+02 
1.13254132e-01 3.00000000e+01 -4.11081510e+01 -3.14976368e+01 -9.73432422e+01 -1.00345348e+02 
1.15628013e-01 3.00000000e+01 -4.12699425e+01 -3.16731626e+01 -9.71246881e+01 -1.00185309e+02 
1.18051653e-01 3.00000000e+01 -4.14313458e+01 -3.18488583e+01 -9.69093120e+01 -1.00029407e+02 
1.20526094e-01 3.00000000e+01 -4.15923322e+01 -3.20247165e+01 -9.66970570e+01 -9.98775888e+01 
1.23052400e-01 3.00000000e+01 -4.17528723e+01 -3.22007304e+01 -9.64878679e+01 -9.97298028e+01 
1.25631660e-01 3.00000000e+01 -4.19129360e+01 -3.23768932e+01 -9.62816911e+01 -9.95859986e+01 
1.28264983e-01 3.00000000e+01 -4.20724929e+01 -3.25531984e+01 -9.60784751e+01 -9.94461264e+01 
1.30953502e-01 3.00000000e+01 -4.22315120e+01 -3.27296396e+01 -9.58781701e+01 -9.93101376e+01 
1.33698374e-01 3.00000000e+01 -4.23899613e+01 -3.29062109e+01 -9.56807284e+01 -9.91779846e+01 
1.36500781e-01 3.00000000e+01 -4.25478087e+01 -3.30829063e+01 -9.54861043e+01 -9.90496208e+01 
1.39361927e-01 3.00000000e+01 -4.27050209e+01 -3.32597201e+01 -9.52942545e+01 -9.89250005e+01 
1.42283046e-01 3.00000000e+01 -4.28615641e+01 -3.34366467e+01 -9.51051375e+01 -9.88040795e+01 
1.45265393e-01 3.00000000e+01 -4.30174039e+01 -3.36136809e+01 -9.49187146e+01 -9.86868141e+01 
1.48310251e-01 3.00000000e+01 -4.31725048e+01 -3.37908175e+01 -9.47349492e+01 -9.85731620e+01 
1.51418933e-01 3.00000000e+01 -4.33268309e+01 -3.39680514e+01 -9.45538074e+01 -9.84630821e+01 
1.54592774e-01 3.00000000e+01 -4.34803451e+01 -3.41453777e+01 -9.43752576e+01 -9.83565341e+01 
1.57833141e-01 3.00000000e+01 -4.36330098e+01 -3.43227917e+01 -9.41992712e+01 -9.82534790e+01 
1.61141428e-01 3.00000000e+01 -4.37847864e+01 -3.45002889e+01 -9.40258221e+01 -9.81538790e+01 
1.64519059e-01 3.00000000e+01 -4.39356353e+01 -3.46778647e+01 -9.38548872e+01 -9.80576972e+01 
1.67967487e-01 3.00000000e+01 -4.40855162e+01 -3.48555148e+01 -9.36864461e+01 -9.79648981e+01 
1.71488197e-01 3.00000000e+01 -4.42343878e+01 -3.50332350e+01 -9.35204816e+01 -9.78754470e+01 
1.75082703e-01 3.00000000e+01 -4.43822079e+01 -3.52110211e+01 -9.33569796e+01 -9.77893108e+01 
1.78752553e-01 3.00000000e+01 -4.45289333e+01 -3.53888692e+01 -9.31959291e+01 -9.77064570e+01 
1.82499324e-01 3.00000000e+01 -4.46745200e+01 -3.55667753e+01 -9.30373223e+01 -9.76268548e+01 
1.86324631e-01 3.00000000e+01 -4.48189228e+01 -3.57447356e+01 -9.28811548e+01 -9.75504741e+01 
1.90230119e-01 3.00000000e+01 -4.49620957e+01 -3.59227463e+01 -9.27274257e+01 -9.74772863e+01 
1.94217468e-01 3.00000000e+01 -4.51039918e+01 -3.61008039e+01 -9.25761375e+01 -9.74072638e+01 
1.98288395e-01 3.00000000e+01 -4.52445629e+01 -3.62789047e+01 -9.24272962e+01 -9.73403801e+01 
2.02444651e-01 3.00000000e+01 -4.53837602e+01 -3.64570452e+01 -9.22809116e+01 -9.72766101e+01 
2.06688025e-01 3.00000000e+01 -4.55215337e+01 -3.66352219e+01 -9.21369971e+01 -9.72159297e+01 
2.11020343e-01 3.00000000e+01 -4.56578324e+01 -3.68134315e+01 -9.19955700e+01 -9.71583159e+01 
2.15443469e-01 3.00000000e+01 -4.57926045e+01 -3.69916705e+01 -9.18566513e+01 -9.71037471e+01 
2.19959307e-01 3.00000000e+01 -4.59257973e+01 -3.71699358e+01 -9.17202659e+01 -9.70522027e+01 
2.24569800e-01 3.00000000e+01 -4.60573569e+01 -3.73482240e+01 -9.15864426e+01 -9.70036634e+01 
2.29276931e-01 3.00000000e+01 -4.61872286e+01 -3.75265319e+01 -9.14552144e+01 -9.69581109e+01 
2.34082728e-01 3.00000000e+01 -4.63153570e+01 -3.77048563e+01 -9.13266179e+01 -9.69155283e+01 
2.38989257e-01 3.00000000e+01 -4.64416857e+01 -3.78831941e+01 -9.12006941e+01 -9.68758997e+01 
2.43998630e-01 3.00000000e+01 -4.65661574e+01 -3.80615420e+01 -9.10774878e+01 -9.68392106e+01 
2.49113003e-01 3.00000000e+01 -4.66887142e+01 -3.82398970e+01 -9.09570479e+01 -9.68054474e+01 
2.54334576e-01 3.00000000e+01 -4.68092971e+01 -3.84182559e+01 -9.08394272e+01 -9.67745981e+01 
2.59665597e-01 3.00000000e+01 -4.69278469e+01 -3.85966156e+01 -9.07246828e+01 -9.67466514e+01 
2.65108360e-01 3.00000000e+01 -4.70443034e+01 -3.87749730e+01 -9.06128754e+01 -9.67215977e+01 
2.70665207e-01 3.00000000e+01 -4.71586059e+01 -3.89533248e+01 -9.05040699e+01 -9.66994283e+01 
2.76338529e-01 3.00000000e+01 -4.72706930e+01 -3.91316681e+01 -9.03983348e+01 -9.66801357e+01 
2.82130768e-01 3.00000000e+01 -4.73805032e+01 -3.93099995e+01 -9.02957426e+01 -9.66637138e+01 
2.88044415e-01 3.00000000e+01 -4.74879742e+01 -3.94883160e+01 -9.01963692e+01 -9.66501576e+01 
2.94082017e-01 3.00000000e+01 -4.75930435e+01 -3.96666142e+01 -9.01002945e+01 -9.66394634e+01 
3.00246171e-01 3.00000000e+01 -4.76956485e+01 -3.98448910e+01 -9.00076013e+01 -9.66316287e+01 
3.06539530e-01 3.00000000e+01 -4.77957263e+01 -4.00231429e+01 -8.99183760e+01 -9.66266521e+01 
3.12964801e-01 3.00000000e+01 -4.78932137e+01 -4.02013668e+01 -8.98327083e+01 -9.66245337e+01 
3.19524751e-01 3.00000000e+01 -4.79880478e+01 -4.03795592e+01 -8.97506903e+01 -9.66252748e+01 
3.26222201e-01 3.00000000e+01 -4.80801656e+01 -4.05577166e+01 -8.96724175e+01 -9.66288778e+01 
3.33060034e-01 3.00000000e+01 -4.81695045e+01 -4.07358355e+01 -8.95979875e+01 -9.66353465e+01 
3.40041193e-01 3.00000000e+01 -4.82560019e+01 -4.09139123e+01 -8.95275003e+01 -9.66446861e+01 
3.47168682e-01 3.00000000e+01 -4.83395959e+01 -4.10919434e+01 -8.94610581e+01 -9.66569028e+01 
3.54445567e-01 3.00000000e+01 -4.84202247e+01 -4.12699250e+01 -8.93987649e+01 -9.66720045e+01 
3.61874981e-01 3.00000000e+01 -4.84978275e+01 -4.14478532e+01 -8.93407261e+01 -9.66900001e+01 
3.69460121e-01 3.00000000e+01 -4.85723439e+01 -4.16257241e+01 -8.92870483e+01 -9.67109000e+01 
3.77204249e-01 3.00000000e+01 -4.86437146e+01 -4.18035337e+01 -8.92378394e+01 -9.67347159e+01 
3.85110700e-01 3.00000000e+01 -4.87118809e+01 -4.19812778e+01 -8.91932076e+01 -9.67614608e+01 
3.93182876e-01 3.00000000e+01 -4.87767855e+01 -4.21589521e+01 -8.91532616e+01 -9.67911494e+01 
4.01424249e-01 3.00000000e+01 -4.88383720e+01 -4.23365522e+01 -8.91181099e+01 -9.68237975e+01 
4.09838367e-01 3.00000000e+01 -4.88965852e+01 -4.25140735e+01 -8.90878610e+01 -9.68594223e+01 
4.18428851e-01 3.00000000e+01 -4.89513716e+01 -4.26915114e+01 -8.90626225e+01 -9.68980427e+01 
4.27199397e-01 3.00000000e+01 -4.90026789e+01 -4.28688610e+01 -8.90425010e+01 -9.69396789e+01 
4.36153779e-01 3.00000000e+01 -4.90504564e+01 -4.30461174e+01 -8.90276019e+01 -9.69843527e+01 
4.45295851e-01 3.00000000e+01 -4.90946551e+01 -4.32232752e+01 -8.90180290e+01 -9.70320873e+01 
4.54629547e-01 3.00000000e+01 -4.91352278e+01 -4.34003291e+01 -8.90138841e+01 -9.70829076e+01 
4.64158883e-01 3.00000000e+01 -4.91721293e+01 -4.35772737e+01 -8.90152667e+01 -9.71368398e+01 
4.73887961e-01 3.00000000e+01 -4.92053160e+01 -4.37541031e+01 -8.90222738e+01 -9.71939121e+01 
4.83820966e-01 3.00000000e+01 -4.92347466e+01 -4.39308113e+01 -8.90349997e+01 -9.72541541e+01 
4.93962174e-01 3.00000000e+01 -4.92603818e+01 -4.41073921e+01 -8.90535356e+01 -9.73175972e+01 
5.04315949e-01 3.00000000e+01 -4.92821845e+01 -4.42838391e+01 -8.90779693e+01 -9.73842743e+01 
5.14886745e-01 3.00000000e+01 -4.93001198e+01 -4.44601456e+01 -8.91083853e+01 -9.74542203e+01 
5.25679112e-01 3.00000000e+01 -4.93141549e+01 -4.46363046e+01 -8.91448644e+01 -9.75274718e+01 
5.36697695e-01 3.00000000e+01 -4.93242596e+01 -4.48123089e+01 -8.91874836e+01 -9.76040673e+01 
5.47947234e-01 3.00000000e+01 -4.93304059e+01 -4.49881509e+01 -8.92363161e+01 -9.76840471e+01 
5.59432571e-01 3.00000000e+01 -4.93325680e+01 -4.51638227e+01 -8.92914309e+01 -9.77674536e+01 
5.71158648e-01 3.00000000e+01 -4.93307226e+01 -4.53393163e+01 -8.93528933e+01 -9.78543310e+01 
5.83130511e-01 3.00000000e+01 -4.93248489e+01 -4.55146230e+01 -8.94207643e+01 -9.79447257e+01 
5.95353313e-01 3.00000000e+01 -4.93149282e+01 -4.56897340e+01 -8.94951012e+01 -9.80386863e+01 
6.07832313e-01 3.00000000e+01 -4.93009443e+01 -4.58646400e+01 -8.95759572e+01 -9.81362633e+01 
6.20572881e-01 3.00000000e+01 -4.92828832e+01 -4.60393314e+01 -8.96633819e+01 -9.82375098e+01 
6.33580499e-01 3.00000000e+01 -4.92607332e+01 -4.62137980e+01 -8.97574213e+01 -9.83424810e+01 
6.46860766e-01 3.00000000e+01 -4.92344848e+01 -4.63880294e+01 -8.98581180e+01 -9.84512346e+01 
6.60419396e-01 3.00000000e+01 -4.92041306e+01 -4.65620146e+01 -8.99655112e+01 -9.85638309e+01 
6.74262224e-01 3.00000000e+01 -4.91696653e+01 -4.67357421e+01 -9.00796378e+01 -9.86803327e+01 
6.88395207e-01 3.00000000e+01 -4.91310856e+01 -4.69091998e+01 -9.02005317e+01 -9.88008054e+01 
7.02824426e-01 3.00000000e+01 -4.90883901e+01 -4.70823754e+01 -9.03282249e+01 -9.89253174e+01 
7.17556092e-01 3.00000000e+01 -4.90415790e+01 -4.72552555e+01 -9.04627477e+01 -9.90539400e+01 
7.32596543e-01 3.00000000e+01 -4.89906542e+01 -4.74278267e+01 -9.06041289e+01 -9.91867474e+01 
7.47952252e-01 3.00000000e+01 -4.89356194e+01 -4.76000744e+01 -9.07523968e+01 -9.93238171e+01 
7.63629826e-01 3.00000000e+01 -4.88764793e+01 -4.77719838e+01 -9.09075793e+01 -9.94652297e+01 
7.79636013e-01 3.00000000e+01 -4.88132401e+01 -4.79435392e+01 -9.10697045e+01 -9.96110697e+01 
7.95977700e-01 3.00000000e+01 -4.87459090e+01 -4.81147240e+01 -9.12388017e+01 -9.97614249e+01 
8.12661920e-01 3.00000000e+01 -4.86744942e+01 -4.82855212e+01 -9.14149013e+01 -9.99163868e+01 
8.29695852e-01 3.00000000e+01 -4.85990045e+01 -4.84559126e+01 -9.15980363e+01 -1.00076051e+02 
8.47086827e-01 3.00000000e+01 -4.85194495e+01 -4.86258794e+01 -9.17882424e+01 -1.00240518e+02 
8.64842328e-01 3.00000000e+01 -4.84358391e+01 -4.87954019e+01 -9.19855586e+01 -1.00409891e+02 
8.82969996e-01 3.00000000e+01 -4.83481835e+01 -4.89644592e+01 -9.21900288e+01 -1.00584280e+02 
9.01477631e-01 3.00000000e+01 -4.82564928e+01 -4.91330297e+01 -9.24017014e+01 -1.00763799e+02 
9.20373200e-01 3.00000000e+01 -4.81607769e+01 -4.93010904e+01 -9.26206311e+01 -1.00948566e+02 
9.39664831e-01 3.00000000e+01 -4.80610456e+01 -4.94686175e+01 -9.28468793e+01 -1.01138705e+02 
9.59360829e-01 3.00000000e+01 -4.79573078e+01 -4.96355859e+01 -9.30805147e+01 -1.01334348e+02 
9.79469667e-01 3.00000000e+01 -4.78495718e+01 -4.98019692e+01 -9.33216148e+01 -1.01535631e+02 
1.00000000e+00 3.00000000e+01 -4.77378449e+01 -4.99677396e+01 -9.35702664e+01 -1.01742697e+02 
1.02096066e+00 3.00000000e+01 -4.76221330e+01 -5.01328681e+01 -9.38265666e+01 -1.01955696e+02 
1.04236067e+00 3.00000000e+01 -4.75024407e+01 -5.02973242e+01 -9.40906239e+01 -1.02174785e+02 
1.06420924e+00 3.00000000e+01 -4.73787708e+01 -5.04610756e+01 -9.43625593e+01 -1.02400130e+02 
1.08651577e+00 3.00000000e+01 -4.72511244e+01 -5.06240887e+01 -9.46425070e+01 -1.02631905e+02 
1.10928986e+00 3.00000000e+01 -4.71195002e+01 -5.07863280e+01 -9.49306161e+01 -1.02870293e+02 
1.13254132e+00 3.00000000e+01 -4.69838947e+01 -5.09477560e+01 -9.52270513e+01 -1.03115486e+02 
1.15628013e+00 3.00000000e+01 -4.68443016e+01 -5.11083335e+01 -9.55319945e+01 -1.03367687e+02 
1.18051653e+00 3.00000000e+01 -4.67007121e+01 -5.12680190e+01 -9.58456458e+01 -1.03627111e+02 
1.20526094e+00 3.00000000e+01 -4.65531138e+01 -5.14267691e+01 -9.61682252e+01 -1.03893984e+02 
1.23052400e+00 3.00000000e+01 -4.64014914e+01 -5.15845379e+01 -9.64999740e+01 -1.04168545e+02 
1.25631660e+00 3.00000000e+01 -4.62458257e+01 -5.17412769e+01 -9.68411560e+01 -1.04451047e+02 
1.28264983e+00 3.00000000e+01 -4.60860937e+01 -5.18969353e+01 -9.71920599e+01 -1.04741760e+02 
1.30953502e+00 3.00000000e+01 -4.59222684e+01 -5.20514593e+01 -9.75530006e+01 -1.05040967e+02 
1.33698374e+00 3.00000000e+01 -4.57543182e+01 -5.22047924e+01 -9.79243214e+01 -1.05348972e+02 
1.36500781e+00 3.00000000e+01 -4.55822069e+01 -5.23568748e+01 -9.83063960e+01 -1.05666096e+02 
1.39361927e+00 3.00000000e+01 -4.54058935e+01 -5.25076435e+01 -9.86996308e+01 -1.05992682e+02 
1.42283046e+00 3.00000000e+01 -4.52253316e+01 -5.26570319e+01 -9.91044675e+01 -1.06329096e+02 
1.45265393e+00 3.00000000e+01 -4.50404694e+01 -5.28049699e+01 -9.95213859e+01 -1.06675729e+02 
1.48310251e+00 3.00000000e+01 -4.48512491e+01 -5.29513834e+01 -9.99509066e+01 -1.07032997e+02 
1.51418933e+00 3.00000000e+01 -4.46576069e+01 -5.30961941e+01 -1.00393595e+02 -1.07401349e+02 
1.54592774e+00 3.00000000e+01 -4.44594727e+01 -5.32393193e+01 -1.00850063e+02 -1.07781265e+02 
1.57833141e+00 3.00000000e+01 -4.42567694e+01 -5.33806716e+01 -1.01320975e+02 -1.08173260e+02 
1.61141428e+00 3.00000000e+01 -4.40494130e+01 -5.35201588e+01 -1.01807053e+02 -1.08577890e+02 
1.64519059e+00 3.00000000e+01 -4.38373120e+01 -5.36576833e+01 -1.02309078e+02 -1.08995753e+02 
1.67967487e+00 3.00000000e+01 -4.36203673e+01 -5.37931421e+01 -1.02827898e+02 -1.09427496e+02 
1.71488197e+00 3.00000000e+01 -4.33984715e+01 -5.39264263e+01 -1.03364434e+02 -1.09873815e+02 
1.75082703e+00 3.00000000e+01 -4.31715091e+01 -5.40574209e+01 -1.03919684e+02 -1.10335469e+02 
1.78752553e+00 3.00000000e+01 -4.29393555e+01 -5.41860043e+01 -1.04494734e+02 -1.10813279e+02 
1.82499324e+00 3.00000000e+01 -4.27018774e+01 -5.43120482e+01 -1.05090764e+02 -1.11308136e+02 
1.86324631e+00 3.00000000e+01 -4.24589318e+01 -5.44354171e+01 -1.05709057e+02 -1.11821013e+02 
1.90230119e+00 3.00000000e+01 -4.22103660e+01 -5.45559681e+01 -1.06351010e+02 -1.12352969e+02 
1.94217468e+00 3.00000000e+01 -4.19560177e+01 -5.46735505e+01 -1.07018145e+02 -1.12905164e+02 
1.98288395e+00 3.00000000e+01 -4.16957140e+01 -5.47880056e+01 -1.07712123e+02 -1.13478864e+02 
2.02444651e+00 3.00000000e+01 -4.14292718e+01 -5.48991664e+01 -1.08434757e+02 -1.14075460e+02 
2.06688025e+00 3.00000000e+01 -4.11564976e+01 -5.50068575e+01 -1.09188028e+02 -1.14696479e+02 
2.11020343e+00 3.00000000e+01 -4.08771874e+01 -5.51108952e+01 -1.09974105e+02 -1.15343603e+02 
2.15443469e+00 3.00000000e+01 -4.05911268e+01 -5.52110869e+01 -1.10795365e+02 -1.16018684e+02 
2.19959307e+00 3.00000000e+01 -4.02980915e+01 -5.53072322e+01 -1.11654416e+02 -1.16723769e+02 
2.24569800e+00 3.00000000e+01 -3.99978479e+01 -5.53991226e+01 -1.12554123e+02 -1.17461123e+02 
2.29276931e+00 3.00000000e+01 -3.96901538e+01 -5.54865426e+01 -1.13497637e+02 -1.18233255e+02 
2.34082728e+00 3.00000000e+01 -3.93747597e+01 -5.55692705e+01 -1.14488433e+02 -1.19042950e+02 
2.38989257e+00 3.00000000e+01 -3.90514106e+01 -5.56470802e+01 -1.15530342e+02 -1.19893306e+02 
2.43998630e+00 3.00000000e+01 -3.87198487e+01 -5.57197432e+01 -1.16627595e+02 -1.20787770e+02 
2.49113003e+00 3.00000000e+01 -3.83798162e+01 -5.57870318e+01 -1.17784874e+02 -1.21730187e+02 
2.54334576e+00 3.00000000e+01 -3.80310600e+01 -5.58487226e+01 -1.19007364e+02 -1.22724847e+02 
2.59665597e+00 3.00000000e+01 -3.76733375e+01 -5.59046025e+01 -1.20300809e+02 -1.23776545e+02 
2.65108360e+00 3.00000000e+01 -3.73064239e+01 -5.59544751e+01 -1.21671586e+02 -1.24890640e+02 
2.70665207e+00 3.00000000e+01 -3.69301219e+01 -5.59981704e+01 -1.23126768e+02 -1.26073127e+02 
2.76338529e+00 3.00000000e+01 -3.65442743e+01 -5.60355561e+01 -1.24674213e+02 -1.27330710e+02 
2.82130768e+00 3.00000000e+01 -3.61487800e+01 -5.60665536e+01 -1.26322637e+02 -1.28670885e+02 
2.88044415e+00 3.00000000e+01 -3.57436143e+01 -5.60911571e+01 -1.28081706e+02 -1.30102015e+02 
2.94082017e+00 3.00000000e+01 -3.53288549e+01 -5.61094584e+01 -1.29962120e+02 -1.31633417e+02 
3.00246171e+00 3.00000000e+01 -3.49047143e+01 -5.61216792e+01 -1.31975684e+02 -1.33275427e+02 
3.06539530e+00 3.00000000e+01 -3.44715801e+01 -5.61282092e+01 -1.34135373e+02 -1.35039465e+02 
3.12964801e+00 3.00000000e+01 -3.40300651e+01 -5.61296555e+01 -1.36455356e+02 -1.36938046e+02 
3.19524751e+00 3.00000000e+01 -3.35810672e+01 -5.61269011e+01 -1.38950971e+02 -1.38984762e+02 
3.26222201e+00 3.00000000e+01 -3.31258415e+01 -5.61211751e+01 -1.41638618e+02 -1.41194162e+02 
3.33060034e+00 3.00000000e+01 -3.26660831e+01 -5.61141330e+01 -1.44535531e+02 -1.43581531e+02 
3.40041193e+00 3.00000000e+01 -3.22040179e+01 -5.61079471e+01 -1.47659388e+02 -1.46162486e+02 
3.47168682e+00 3.00000000e+01 -3.17424987e+01 -5.61053982e+01 -1.51027682e+02 -1.48952359e+02 
3.54445567e+00 3.00000000e+01 -3.12850929e+01 -5.61099623e+01 -1.54656825e+02 -1.51965284e+02 
3.61874981e+00 3.00000000e+01 -3.08361489e+01 -5.61258731e+01 -1.58560895e+02 -1.55212963e+02 
3.69460121e+00 3.00000000e+01 -3.04008151e+01 -5.61581385e+01 -1.62750043e+02 -1.58703063e+02 
3.77204249e+00 3.00000000e+01 -2.99849831e+01 -5.62124799e+01 -1.67228591e+02 -1.62437325e+02 
3.85110700e+00 3.00000000e+01 -2.95951212e+01 -5.62951616e+01 -1.71992985e+02 -1.66409522e+02 
3.93182876e+00 3.00000000e+01 -2.92379710e+01 -5.64126842e+01  Inf -1.70603570e+02 
4.01424249e+00 3.00000000e+01 -2.89201031e+01 -5.65713351e+01 1.77685117e+02 -1.74992227e+02 
4.09838367e+00 3.00000000e+01 -2.86473592e+01 -5.67766264e+01 1.72187805e+02  Inf 
4.18428851e+00 3.00000000e+01 -2.84242545e+01 -5.70326927e+01 1.66524015e+02 1.75811203e+02 
4.27199397e+00 3.00000000e+01 -2.82534535e+01 -5.73417620e+01 1.60746768e+02 1.71107881e+02 
4.36153779e+00 3.00000000e+01 -2.81354355e+01 -5.77038166e+01 1.54912003e+02 1.66411894e+02 
4.45295851e+00 3.00000000e+01 -2.80684384e+01 -5.81165329e+01 1.49073641e+02 1.61779846e+02 
4.54629547e+00 3.00000000e+01 -2.80486995e+01 -5.85755184e+01 1.43278890e+02 1.57261467e+02 
4.64158883e+00 3.00000000e+01 -2.80709363e+01 -5.90747899e+01 1.37564643e+02 1.52895932e+02 
4.73887961e+00 3.00000000e+01 -2.81289603e+01 -5.96073862e+01 1.31955432e+02 1.48709741e+02 
4.83820966e+00 3.00000000e+01 -2.82163052e+01 -6.01659965e+01 1.26463006e+02 1.44716209e+02 
4.93962174e+00 3.00000000e+01 -2.83267788e+01 -6.07435150e+01 1.21087229e+02 1.40916267e+02 
5.04315949e+00 3.00000000e+01 -2.84548879e+01 -6.13334716e+01 1.15817821e+02 1.37300103e+02 
5.14886745e+00 3.00000000e+01 -2.85961308e+01 -6.19303330e+01 1.10636503e+02 1.33849202e+02 
5.25679112e+00 3.00000000e+01 -2.87471750e+01 -6.25296927e+01 1.05519198e+02 1.30538448e+02 
5.36697695e+00 3.00000000e+01 -2.89059514e+01 -6.31283820e+01 1.00438130e+02 1.27338123e+02 
5.47947234e+00 3.00000000e+01 -2.90716929e+01 -6.37245286e+01 9.53637418e+01 1.24215752e+02 
5.59432571e+00 3.00000000e+01 -2.92449383e+01 -6.43175849e+01 9.02665087e+01 1.21137857e+02 
5.71158648e+00 3.00000000e+01 -2.94275098e+01 -6.49083328e+01 8.51187131e+01 1.18071704e+02 
5.83130511e+00 3.00000000e+01 -2.96224579e+01 -6.54988577e+01 7.98962807e+01 1.14987152e+02 
5.95353313e+00 3.00000000e+01 -2.98339578e+01 -6.60924760e+01 7.45807228e+01 1.11858647e+02 
6.07832313e+00 3.00000000e+01 -3.00671338e+01 -6.66935881e+01 6.91611525e+01 1.08667334e+02 
6.20572881e+00 3.00000000e+01 -3.03277823e+01 -6.73074284e+01 6.36362231e+01 1.05403145e+02 
6.33580499e+00 3.00000000e+01 -3.06219798e+01 -6.79396960e+01 5.80157040e+01 1.02066556e+02 
6.46860766e+00 3.00000000e+01 -3.09555801e+01 -6.85960671e+01 5.23213056e+01 9.86696249e+01 
6.60419396e+00 3.00000000e+01 -3.13336419e+01 -6.92816314e+01 4.65863448e+01 9.52359037e+01 
6.74262224e+00 3.00000000e+01 -3.17598657e+01 -7.00003289e+01 4.08539816e+01 9.17989154e+01 
6.88395207e+00 3.00000000e+01 -3.22361403e+01 -7.07544893e+01 3.51740440e+01 8.83992200e+01 
7.02824426e+00 3.00000000e+01 -3.27622970e+01 -7.15445697e+01 2.95988357e+01 8.50804412e+01 
7.17556092e+00 3.00000000e+01 -3.33361253e+01 -7.23691490e+01 2.41786333e+01 8.18849501e+01 
7.32596543e+00 3.00000000e+01 -3.39536415e+01 -7.32251703e+01 1.89576782e+01 7.88500032e+01 
7.47952252e+00 3.00000000e+01 -3.46095432e+01 -7.41083656e+01 1.39713110e+01 7.60049789e+01 
7.63629826e+00 3.00000000e+01 -3.52977456e+01 -7.50137624e+01 9.24455285e+00 7.33700143e+01 
7.79636013e+00 3.00000000e+01 -3.60119010e+01 -7.59361730e+01 4.79206635e+00 7.09559801e+01 
7.95977700e+00 3.00000000e+01 -3.67458273e+01 -7.68705968e+01 6.19166666e-01 6.87654682e+01 
8.12661920e+00 3.00000000e+01 -3.74938145e+01 -7.78125013e+01 -3.27655025e+00 6.67943659e+01 
8.29695852e+00 3.00000000e+01 -3.82508054e+01 -7.87579828e+01 -6.90336080e+00 6.50336266e+01 
8.47086827e+00 3.00000000e+01 -3.90124721e+01 -7.97038268e+01 -1.02736389e+01 6.34709531e+01 
8.64842328e+00 3.00000000e+01 -3.97752169e+01 -8.06474952e+01 -1.34023218e+01 6.20922331e+01 
8.82969996e+00 3.00000000e+01 -4.05361229e+01 -8.15870687e+01 -1.63056842e+01 6.08826633e+01 
9.01477631e+00 3.00000000e+01 -4.12928790e+01 -8.25211660e+01 -1.90004204e+01 5.98275685e+01 
9.20373200e+00 3.00000000e+01 -4.20436951e+01 -8.34488556e+01 -2.15029977e+01 5.89129556e+01 
9.39664831e+00 3.00000000e+01 -4.27872173e+01 -8.43695706e+01 -2.38292296e+01 5.81258549e+01 
9.59360829e+00 3.00000000e+01 -4.35224492e+01 -8.52830312e+01 -2.59940177e+01 5.74545035e+01 
9.79469667e+00 3.00000000e+01 -4.42486834e+01 -8.61891780e+01 -2.80112158e+01 5.68884157e+01 
1.00000000e+01 3.00000000e+01 -4.49654424e+01 -8.70881164e+01 -2.98935790e+01 5.64183784e+01 
1.02096066e+01 3.00000000e+01 -4.56724292e+01 -8.79800715e+01 -3.16527707e+01 5.60363990e+01 
1.04236067e+01 3.00000000e+01 -4.63694869e+01 -8.88653510e+01 -3.32994046e+01 5.57356259e+01 
1.06420924e+01 3.00000000e+01 -4.70565666e+01 -8.97443176e+01 -3.48431080e+01 5.55102567e+01 
1.08651577e+01 3.00000000e+01 -4.77337006e+01 -9.06173665e+01 -3.62925961e+01 5.53554424e+01 
1.10928986e+01 3.00000000e+01 -4.84009817e+01 -9.14849079e+01 -3.76557495e+01 5.52671938e+01 
1.13254132e+01 3.00000000e+01 -4.90585469e+01 -9.23473549e+01 -3.89396922e+01 5.52422939e+01 
1.15628013e+01 3.00000000e+01 -4.97065643e+01 -9.32051131e+01 -4.01508649e+01 5.52782183e+01 
1.18051653e+01 3.00000000e+01 -5.03452233e+01 -9.40585731e+01 -4.12950947e+01 5.53730638e+01 
1.20526094e+01 3.00000000e+01 -5.09747265e+01 -9.49081050e+01 -4.23776591e+01 5.55254854e+01 
1.23052400e+01 3.00000000e+01 -5.15952837e+01 -9.57540543e+01 -4.34033435e+01 5.57346421e+01 
1.25631660e+01 3.00000000e+01 -5.22071076e+01 -9.65967378e+01 -4.43764936e+01 5.60001497e+01 
1.28264983e+01 3.00000000e+01 -5.28104100e+01 -9.74364409e+01 -4.53010626e+01 5.63220405e+01 
1.30953502e+01 3.00000000e+01 -5.34053994e+01 -9.82734154e+01 -4.61806529e+01 5.67007288e+01 
1.33698374e+01 3.00000000e+01 -5.39922791e+01 -9.91078762e+01 -4.70185531e+01 5.71369816e+01 
1.36500781e+01 3.00000000e+01 -5.45712460e+01 -9.99399995e+01 -4.78177714e+01 5.76318931e+01 
1.39361927e+01 3.00000000e+01 -5.51424893e+01 -1.00769919e+02 -4.85810649e+01 5.81868619e+01 
1.42283046e+01 3.00000000e+01 -5.57061905e+01 -1.01597725e+02 -4.93109653e+01 5.88035707e+01 
1.45265393e+01 3.00000000e+01 -5.62625223e+01 -1.02423458e+02 -5.00098024e+01 5.94839670e+01 
1.48310251e+01 3.00000000e+01 -5.68116494e+01 -1.03247106e+02 -5.06797239e+01 6.02302430e+01 
1.51418933e+01 3.00000000e+01 -5.73537279e+01 -1.04068601e+02 -5.13227138e+01 6.10448147e+01 
1.54592774e+01 3.00000000e+01 -5.78889055e+01 -1.04887813e+02 -5.19406082e+01 6.19302983e+01 
1.57833141e+01 3.00000000e+01 -5.84173219e+01 -1.05704543e+02 -5.25351094e+01 6.28894815e+01 
1.61141428e+01 3.00000000e+01 -5.89391093e+01 -1.06518520e+02 -5.31077986e+01 6.39252903e+01 
1.64519059e+01 3.00000000e+01 -5.94543922e+01 -1.07329391e+02 -5.36601465e+01 6.50407465e+01 
1.67967487e+01 3.00000000e+01 -5.99632881e+01 -1.08136716e+02 -5.41935238e+01 6.62389174e+01 
1.71488197e+01 3.00000000e+01 -6.04659081e+01 -1.08939962e+02 -5.47092094e+01 6.75228523e+01 
1.75082703e+01 3.00000000e+01 -6.09623568e+01 -1.09738494e+02 -5.52083982e+01 6.88955065e+01 
1.78752553e+01 3.00000000e+01 -6.14527331e+01 -1.10531571e+02 -5.56922082e+01 7.03596499e+01 
1.82499324e+01 3.00000000e+01 -6.19371307e+01 -1.11318339e+02 -5.61616861e+01 7.19177583e+01 
1.86324631e+01 3.00000000e+01 -6.24156379e+01 -1.12097831e+02 -5.66178133e+01 7.35718882e+01 
1.90230119e+01 3.00000000e+01 -6.28883388e+01 -1.12868968e+02 -5.70615103e+01 7.53235346e+01 
1.94217468e+01 3.00000000e+01 -6.33553132e+01 -1.13630560e+02 -5.74936410e+01 7.71734735e+01 
1.98288395e+01 3.00000000e+01 -6.38166369e+01 -1.14381317e+02 -5.79150166e+01 7.91215944e+01 
2.02444651e+01 3.00000000e+01 -6.42723825e+01 -1.15119864e+02 -5.83263991e+01 8.11667274e+01 
2.06688025e+01 3.00000000e+01 -6.47226193e+01 -1.15844761e+02 -5.87285040e+01 8.33064763e+01 
2.11020343e+01 3.00000000e+01 -6.51674141e+01 -1.16554536e+02 -5.91220034e+01 8.55370674e+01 
2.15443469e+01 3.00000000e+01 -6.56068310e+01 -1.17247714e+02 -5.95075280e+01 8.78532292e+01 
2.19959307e+01 3.00000000e+01 -6.60409322e+01 -1.17922867e+02 -5.98856697e+01 9.02481184e+01 
2.24569800e+01 3.00000000e+01 -6.64697778e+01 -1.18578654e+02 -6.02569835e+01 9.27133063e+01 
2.29276931e+01 3.00000000e+01 -6.68934265e+01 -1.19213876e+02 -6.06219887e+01 9.52388396e+01 
2.34082728e+01 3.00000000e+01 -6.73119357e+01 -1.19827522e+02 -6.09811716e+01 9.78133814e+01 
2.38989257e+01 3.00000000e+01 -6.77253616e+01 -1.20418817e+02 -6.13349859e+01 1.00424435e+02 
2.43998630e+01 3.00000000e+01 -6.81337596e+01 -1.20987253e+02 -6.16838548e+01 1.03058644e+02 
2.49113003e+01 3.00000000e+01 -6.85371846e+01 -1.21532623e+02 -6.20281720e+01 1.05702147e+02 
2.54334576e+01 3.00000000e+01 -6.89356908e+01 -1.22055024e+02 -6.23683028e+01 1.08340973e+02 
2.59665597e+01 3.00000000e+01 -6.93293323e+01 -1.22554861e+02 -6.27045854e+01 1.10961445e+02 
2.65108360e+01 3.00000000e+01 -6.97181630e+01 -1.23032824e+02 -6.30373320e+01 1.13550556e+02 
2.70665207e+01 3.00000000e+01 -7.01022368e+01 -1.23489859e+02 -6.33668294e+01 1.16096310e+02 
2.76338529e+01 3.00000000e+01 -7.04816078e+01 -1.23927132e+02 -6.36933407e+01 1.18587984e+02 
2.82130768e+01 3.00000000e+01 -7.08563305e+01 -1.24345975e+02 -6.40171054e+01 1.21016317e+02 
2.88044415e+01 3.00000000e+01 -7.12264596e+01 -1.24747840e+02 -6.43383410e+01 1.23373620e+02 
2.94082017e+01 3.00000000e+01 -7.15920503e+01 -1.25134252e+02 -6.46572437e+01 1.25653797e+02 
3.00246171e+01 3.00000000e+01 -7.19531584e+01 -1.25506759e+02 -6.49739891e+01 1.27852310e+02 
3.06539530e+01 3.00000000e+01 -7.23098404e+01 -1.25866901e+02 -6.52887333e+01 1.29966080e+02 
3.12964801e+01 3.00000000e+01 -7.26621532e+01 -1.26216169e+02 -6.56016138e+01 1.31993352e+02 
3.19524751e+01 3.00000000e+01 -7.30101547e+01 -1.26555985e+02 -6.59127503e+01 1.33933539e+02 
3.26222201e+01 3.00000000e+01 -7.33539034e+01 -1.26887682e+02 -6.62222455e+01 1.35787053e+02 
3.33060034e+01 3.00000000e+01 -7.36934586e+01 -1.27212493e+02 -6.65301862e+01 1.37555132e+02 
3.40041193e+01 3.00000000e+01 -7.40288803e+01 -1.27531545e+02 -6.68366439e+01 1.39239680e+02 
3.47168682e+01 3.00000000e+01 -7.43602293e+01 -1.27845855e+02 -6.71416759e+01 1.40843122e+02 
3.54445567e+01 3.00000000e+01 -7.46875672e+01 -1.28156336e+02 -6.74453260e+01 1.42368265e+02 
3.61874981e+01 3.00000000e+01 -7.50109563e+01 -1.28463795e+02 -6.77476256e+01 1.43818191e+02 
3.69460121e+01 3.00000000e+01 -7.53304598e+01 -1.28768944e+02 -6.80485941e+01 1.45196154e+02 
3.77204249e+01 3.00000000e+01 -7.56461413e+01 -1.29072406e+02 -6.83482405e+01 1.46505504e+02 
3.85110700e+01 3.00000000e+01 -7.59580653e+01 -1.29374721e+02 -6.86465633e+01 1.47749619e+02 
3.93182876e+01 3.00000000e+01 -7.62662968e+01 -1.29676352e+02 -6.89435520e+01 1.48931858e+02 
4.01424249e+01 3.00000000e+01 -7.65709013e+01 -1.29977700e+02 -6.92391877e+01 1.50055517e+02 
4.09838367e+01 3.00000000e+01 -7.68719451e+01 -1.30279102e+02 -6.95334440e+01 1.51123802e+02 
4.18428851e+01 3.00000000e+01 -7.71694945e+01 -1.30580845e+02 -6.98262875e+01 1.52139808e+02 
4.27199397e+01 3.00000000e+01 -7.74636167e+01 -1.30883168e+02 -7.01176787e+01 1.53106500e+02 
4.36153779e+01 3.00000000e+01 -7.77543788e+01 -1.31186269e+02 -7.04075730e+01 1.54026710e+02 
4.45295851e+01 3.00000000e+01 -7.80418485e+01 -1.31490312e+02 -7.06959208e+01 1.54903128e+02 
4.54629547e+01 3.00000000e+01 -7.83260934e+01 -1.31795430e+02 -7.09826687e+01 1.55738299e+02 
4.64158883e+01 3.00000000e+01 -7.86071815e+01 -1.32101727e+02 -7.12677600e+01 1.56534629e+02 
4.73887961e+01 3.00000000e+01 -7.88851807e+01 -1.32409287e+02 -7.15511351e+01 1.57294383e+02 
4.83820966e+01 3.00000000e+01 -7.91601589e+01 -1.32718173e+02 -7.18327325e+01 1.58019691e+02 
4.93962174e+01 3.00000000e+01 -7.94321839e+01 -1.33028430e+02 -7.21124889e+01 1.58712552e+02 
5.04315949e+01 3.00000000e+01 -7.97013235e+01 -1.33340091e+02 -7.23903400e+01 1.59374842e+02 
5.14886745e+01 3.00000000e+01 -7.99676451e+01 -1.33653176e+02 -7.26662210e+01 1.60008319e+02 
5.25679112e+01 3.00000000e+01 -8.02312158e+01 -1.33967693e+02 -7.29400668e+01 1.60614626e+02 
5.36697695e+01 3.00000000e+01 -8.04921025e+01 -1.34283642e+02 -7.32118127e+01 1.61195305e+02 
5.47947234e+01 3.00000000e+01 -8.07503715e+01 -1.34601017e+02 -7.34813947e+01 1.61751794e+02 
5.59432571e+01 3.00000000e+01 -8.10060888e+01 -1.34919806e+02 -7.37487496e+01 1.62285442e+02 
5.71158648e+01 3.00000000e+01 -8.12593197e+01 -1.35239989e+02 -7.40138159e+01 1.62797508e+02 
5.83130511e+01 3.00000000e+01 -8.15101288e+01 -1.35561545e+02 -7.42765334e+01 1.63289170e+02 
5.95353313e+01 3.00000000e+01 -8.17585804e+01 -1.35884448e+02 -7.45368441e+01 1.63761531e+02 
6.07832313e+01 3.00000000e+01 -8.20047377e+01 -1.36208671e+02 -7.47946918e+01 1.64215621e+02 
6.20572881e+01 3.00000000e+01 -8.22486633e+01 -1.36534183e+02 -7.50500230e+01 1.64652405e+02 
6.33580499e+01 3.00000000e+01 -8.24904190e+01 -1.36860953e+02 -7.53027863e+01 1.65072786e+02 
6.46860766e+01 3.00000000e+01 -8.27300658e+01 -1.37188946e+02 -7.55529332e+01 1.65477610e+02 
6.60419396e+01 3.00000000e+01 -8.29676636e+01 -1.37518131e+02 -7.58004180e+01 1.65867669e+02 
6.74262224e+01 3.00000000e+01 -8.32032716e+01 -1.37848472e+02 -7.60451976e+01 1.66243705e+02 
6.88395207e+01 3.00000000e+01 -8.34369478e+01 -1.38179934e+02 -7.62872323e+01 1.66606414e+02 
7.02824426e+01 3.00000000e+01 -8.36687494e+01 -1.38512484e+02 -7.65264849e+01 1.66956450e+02 
7.17556092e+01 3.00000000e+01 -8.38987324e+01 -1.38846086e+02 -7.67629215e+01 1.67294424e+02 
7.32596543e+01 3.00000000e+01 -8.41269520e+01 -1.39180707e+02 -7.69965114e+01 1.67620913e+02 
7.47952252e+01 3.00000000e+01 -8.43534621e+01 -1.39516312e+02 -7.72272266e+01 1.67936457e+02 
7.63629826e+01 3.00000000e+01 -8.45783156e+01 -1.39852869e+02 -7.74550425e+01 1.68241563e+02 
7.79636013e+01 3.00000000e+01 -8.48015643e+01 -1.40190344e+02 -7.76799374e+01 1.68536711e+02 
7.95977700e+01 3.00000000e+01 -8.50232588e+01 -1.40528706e+02 -7.79018925e+01 1.68822350e+02 
8.12661920e+01 3.00000000e+01 -8.52434487e+01 -1.40867922e+02 -7.81208920e+01 1.69098903e+02 
8.29695852e+01 3.00000000e+01 -8.54621823e+01 -1.41207963e+02 -7.83369232e+01 1.69366771e+02 
8.47086827e+01 3.00000000e+01 -8.56795071e+01 -1.41548799e+02 -7.85499760e+01 1.69626328e+02 
8.64842328e+01 3.00000000e+01 -8.58954690e+01 -1.41890401e+02 -7.87600430e+01 1.69877931e+02 
8.82969996e+01 3.00000000e+01 -8.61101132e+01 -1.42232740e+02 -7.89671196e+01 1.70121915e+02 
9.01477631e+01 3.00000000e+01 -8.63234833e+01 -1.42575788e+02 -7.91712039e+01 1.70358596e+02 
9.20373200e+01 3.00000000e+01 -8.65356223e+01 -1.42919521e+02 -7.93722962e+01 1.70588273e+02 
9.39664831e+01 3.00000000e+01 -8.67465717e+01 -1.43263911e+02 -7.95703995e+01 1.70811230e+02 
9.59360829e+01 3.00000000e+01 -8.69563719e+01 -1.43608934e+02 -7.97655189e+01 1.71027734e+02 
9.79469667e+01 3.00000000e+01 -8.71650623e+01 -1.43954566e+02 -7.99576618e+01 1.71238040e+02 
1.00000000e+02 3.00000000e+01 -8.73726813e+01 -1.44300783e+02 -8.01468378e+01 1.71442387e+02 
1.02096066e+02 3.00000000e+01 -8.75792661e+01 -1.44647564e+02 -8.03330583e+01 1.71641003e+02 
1.04236067e+02 3.00000000e+01 -8.77848526e+01 -1.44994886e+02 -8.05163368e+01 1.71834105e+02 
1.06420924e+02 3.00000000e+01 -8.79894761e+01 -1.45342728e+02 -8.06966885e+01 1.72021897e+02 
1.08651577e+02 3.00000000e+01 -8.81931706e+01 -1.45691070e+02 -8.08741303e+01 1.72204575e+02 
1.10928986e+02 3.00000000e+01 -8.83959690e+01 -1.46039893e+02 -8.10486809e+01 1.72382324e+02 
1.13254132e+02 3.00000000e+01 -8.85979034e+01 -1.46389178e+02 -8.12203603e+01 1.72555321e+02 
1.15628013e+02 3.00000000e+01 -8.87990048e+01 -1.46738907e+02 -8.13891900e+01 1.72723731e+02 
1.18051653e+02 3.00000000e+01 -8.89993033e+01 -1.47089062e+02 -8.15551928e+01 1.72887717e+02 
1.20526094e+02 3.00000000e+01 -8.91988279e+01 -1.47439627e+02 -8.17183928e+01 1.73047428e+02 
1.23052400e+02 3.00000000e+01 -8.93976069e+01 -1.47790585e+02 -8.18788151e+01 1.73203012e+02 
1.25631660e+02 3.00000000e+01 -8.95956674e+01 -1.48141921e+02 -8.20364861e+01 1.73354605e+02 
1.28264983e+02 3.00000000e+01 -8.97930360e+01 -1.48493620e+02 -8.21914329e+01 1.73502340e+02 
1.30953502e+02 3.00000000e+01 -8.99897380e+01 -1.48845667e+02 -8.23436837e+01 1.73646343e+02 
1.33698374e+02 3.00000000e+01 -9.01857982e+01 -1.49198050e+02 -8.24932675e+01 1.73786734e+02 
1.36500781e+02 3.00000000e+01 -9.03812404e+01 -1.49550753e+02 -8.26402138e+01 1.73923629e+02 
1.39361927e+02 3.00000000e+01 -9.05760877e+01 -1.49903766e+02 -8.27845531e+01 1.74057138e+02 
1.42283046e+02 3.00000000e+01 -9.07703623e+01 -1.50257074e+02 -8.29263162e+01 1.74187366e+02 
1.45265393e+02 3.00000000e+01 -9.09640857e+01 -1.50610667e+02 -8.30655347e+01 1.74314415e+02 
1.48310251e+02 3.00000000e+01 -9.11572786e+01 -1.50964533e+02 -8.32022404e+01 1.74438381e+02 
1.51418933e+02 3.00000000e+01 -9.13499612e+01 -1.51318662e+02 -8.33364658e+01 1.74559356e+02 
1.54592774e+02 3.00000000e+01 -9.15421526e+01 -1.51673042e+02 -8.34682435e+01 1.74677431e+02 
1.57833141e+02 3.00000000e+01 -9.17338717e+01 -1.52027663e+02 -8.35976065e+01 1.74792690e+02 
1.61141428e+02 3.00000000e+01 -9.19251363e+01 -1.52382517e+02 -8.37245880e+01 1.74905216e+02 
1.64519059e+02 3.00000000e+01 -9.21159639e+01 -1.52737593e+02 -8.38492214e+01 1.75015087e+02 
1.67967487e+02 3.00000000e+01 -9.23063711e+01 -1.53092883e+02 -8.39715403e+01 1.75122379e+02 
1.71488197e+02 3.00000000e+01 -9.24963741e+01 -1.53448377e+02 -8.40915784e+01 1.75227166e+02 
1.75082703e+02 3.00000000e+01 -9.26859884e+01 -1.53804069e+02 -8.42093694e+01 1.75329517e+02 
1.78752553e+02 3.00000000e+01 -9.28752291e+01 -1.54159950e+02 -8.43249471e+01 1.75429500e+02 
1.82499324e+02 3.00000000e+01 -9.30641105e+01 -1.54516012e+02 -8.44383451e+01 1.75527179e+02 
1.86324631e+02 3.00000000e+01 -9.32526466e+01 -1.54872248e+02 -8.45495972e+01 1.75622619e+02 
1.90230119e+02 3.00000000e+01 -9.34408507e+01 -1.55228650e+02 -8.46587370e+01 1.75715878e+02 
1.94217468e+02 3.00000000e+01 -9.36287358e+01 -1.55585214e+02 -8.47657979e+01 1.75807016e+02 
1.98288395e+02 3.00000000e+01 -9.38163143e+01 -1.55941931e+02 -8.48708134e+01 1.75896089e+02 
2.02444651e+02 3.00000000e+01 -9.40035980e+01 -1.56298795e+02 -8.49738166e+01 1.75983151e+02 
2.06688025e+02 3.00000000e+01 -9.41905986e+01 -1.56655801e+02 -8.50748405e+01 1.76068254e+02 
2.11020343e+02 3.00000000e+01 -9.43773272e+01 -1.57012943e+02 -8.51739180e+01 1.76151449e+02 
2.15443469e+02 3.00000000e+01 -9.45637943e+01 -1.57370216e+02 -8.52710815e+01 1.76232786e+02 
2.19959307e+02 3.00000000e+01 -9.47500102e+01 -1.57727614e+02 -8.53663634e+01 1.76312311e+02 
2.24569800e+02 3.00000000e+01 -9.49359848e+01 -1.58085131e+02 -8.54597957e+01 1.76390071e+02 
2.29276931e+02 3.00000000e+01 -9.51217276e+01 -1.58442764e+02 -8.55514102e+01 1.76466110e+02 
2.34082728e+02 3.00000000e+01 -9.53072478e+01 -1.58800508e+02 -8.56412384e+01 1.76540470e+02 
2.38989257e+02 3.00000000e+01 -9.54925541e+01 -1.59158358e+02 -8.57293114e+01 1.76613194e+02 
2.43998630e+02 3.00000000e+01 -9.56776549e+01 -1.59516309e+02 -8.58156600e+01 1.76684321e+02 
2.49113003e+02 3.00000000e+01 -9.58625584e+01 -1.59874359e+02 -8.59003147e+01 1.76753892e+02 
2.54334576e+02 3.00000000e+01 -9.60472724e+01 -1.60232502e+02 -8.59833057e+01 1.76821943e+02 
2.59665597e+02 3.00000000e+01 -9.62318044e+01 -1.60590735e+02 -8.60646628e+01 1.76888511e+02 
2.65108360e+02 3.00000000e+01 -9.64161616e+01 -1.60949054e+02 -8.61444154e+01 1.76953633e+02 
2.70665207e+02 3.00000000e+01 -9.66003510e+01 -1.61307456e+02 -8.62225925e+01 1.77017342e+02 
2.76338529e+02 3.00000000e+01 -9.67843792e+01 -1.61665937e+02 -8.62992229e+01 1.77079673e+02 
2.82130768e+02 3.00000000e+01 -9.69682527e+01 -1.62024495e+02 -8.63743349e+01 1.77140657e+02 
2.88044415e+02 3.00000000e+01 -9.71519776e+01 -1.62383126e+02 -8.64479564e+01 1.77200327e+02 
2.94082017e+02 3.00000000e+01 -9.73355598e+01 -1.62741827e+02 -8.65201150e+01 1.77258713e+02 
3.00246171e+02 3.00000000e+01 -9.75190050e+01 -1.63100596e+02 -8.65908378e+01 1.77315846e+02 
3.06539530e+02 3.00000000e+01 -9.77023187e+01 -1.63459429e+02 -8.66601516e+01 1.77371754e+02 
3.12964801e+02 3.00000000e+01 -9.78855061e+01 -1.63818324e+02 -8.67280829e+01 1.77426465e+02 
3.19524751e+02 3.00000000e+01 -9.80685723e+01 -1.64177278e+02 -8.67946575e+01 1.77480008e+02 
3.26222201e+02 3.00000000e+01 -9.82515221e+01 -1.64536290e+02 -8.68599011e+01 1.77532408e+02 
3.33060034e+02 3.00000000e+01 -9.84343602e+01 -1.64895356e+02 -8.69238388e+01 1.77583693e+02 
3.40041193e+02 3.00000000e+01 -9.86170911e+01 -1.65254475e+02 -8.69864956e+01 1.77633887e+02 
3.47168682e+02 3.00000000e+01 -9.87997191e+01 -1.65613645e+02 -8.70478958e+01 1.77683015e+02 
3.54445567e+02 3.00000000e+01 -9.89822482e+01 -1.65972862e+02 -8.71080634e+01 1.77731101e+02 
3.61874981e+02 3.00000000e+01 -9.91646825e+01 -1.66332126e+02 -8.71670221e+01 1.77778168e+02 
3.69460121e+02 3.00000000e+01 -9.93470257e+01 -1.66691435e+02 -8.72247951e+01 1.77824240e+02 
3.77204249e+02 3.00000000e+01 -9.95292815e+01 -1.67050786e+02 -8.72814053e+01 1.77869338e+02 
3.85110700e+02 3.00000000e+01 -9.97114535e+01 -1.67410179e+02 -8.73368752e+01 1.77913484e+02 
3.93182876e+02 3.00000000e+01 -9.98935449e+01 -1.67769610e+02 -8.73912268e+01 1.77956700e+02 
4.01424249e+02 3.00000000e+01 -1.00075559e+02 -1.68129080e+02 -8.74444820e+01 1.77999005e+02 
4.09838367e+02 3.00000000e+01 -1.00257499e+02 -1.68488585e+02 -8.74966621e+01 1.78040421e+02 
4.18428851e+02 3.00000000e+01 -1.00439368e+02 -1.68848125e+02 -8.75477880e+01 1.78080966e+02 
4.27199397e+02 3.00000000e+01 -1.00621168e+02 -1.69207699e+02 -8.75978803e+01 1.78120659e+02 
4.36153779e+02 3.00000000e+01 -1.00802903e+02 -1.69567304e+02 -8.76469594e+01 1.78159520e+02 
4.45295851e+02 3.00000000e+01 -1.00984575e+02 -1.69926940e+02 -8.76950452e+01 1.78197566e+02 
4.54629547e+02 3.00000000e+01 -1.01166187e+02 -1.70286606e+02 -8.77421570e+01 1.78234815e+02 
4.64158883e+02 3.00000000e+01 -1.01347741e+02 -1.70646300e+02 -8.77883143e+01 1.78271285e+02 
4.73887961e+02 3.00000000e+01 -1.01529239e+02 -1.71006021e+02 -8.78335358e+01 1.78306993e+02 
4.83820966e+02 3.00000000e+01 -1.01710684e+02 -1.71365768e+02 -8.78778399e+01 1.78341954e+02 
4.93962174e+02 3.00000000e+01 -1.01892077e+02 -1.71725539e+02 -8.79212450e+01 1.78376185e+02 
5.04315949e+02 3.00000000e+01 -1.02073422e+02 -1.72085335e+02 -8.79637687e+01 1.78409701e+02 
5.14886745e+02 3.00000000e+01 -1.02254719e+02 -1.72445154e+02 -8.80054287e+01 1.78442519e+02 
5.25679112e+02 3.00000000e+01 -1.02435971e+02 -1.72804994e+02 -8.80462421e+01 1.78474653e+02 
5.36697695e+02 3.00000000e+01 -1.02617179e+02 -1.73164856e+02 -8.80862257e+01 1.78506118e+02 
5.47947234e+02 3.00000000e+01 -1.02798346e+02 -1.73524738e+02 -8.81253961e+01 1.78536927e+02 
5.59432571e+02 3.00000000e+01 -1.02979473e+02 -1.73884639e+02 -8.81637696e+01 1.78567096e+02 
5.71158648e+02 3.00000000e+01 -1.03160561e+02 -1.74244560e+02 -8.82013620e+01 1.78596637e+02 
5.83130511e+02 3.00000000e+01 -1.03341613e+02 -1.74604498e+02 -8.82381890e+01 1.78625565e+02 
5.95353313e+02 3.00000000e+01 -1.03522629e+02 -1.74964453e+02 -8.82742659e+01 1.78653891e+02 
6.07832313e+02 3.00000000e+01 -1.03703612e+02 -1.75324424e+02 -8.83096078e+01 1.78681630e+02 
6.20572881e+02 3.00000000e+01 -1.03884562e+02 -1.75684412e+02 -8.83442294e+01 1.78708793e+02 
6.33580499e+02 3.00000000e+01 -1.04065480e+02 -1.76044414e+02 -8.83781452e+01 1.78735392e+02 
6.46860766e+02 3.00000000e+01 -1.04246369e+02 -1.76404431e+02 -8.84113694e+01 1.78761440e+02 
6.60419396e+02 3.00000000e+01 -1.04427229e+02 -1.76764462e+02 -8.84439158e+01 1.78786948e+02 
6.74262224e+02 3.00000000e+01 -1.04608061e+02 -1.77124507e+02 -8.84757982e+01 1.78811927e+02 
6.88395207e+02 3.00000000e+01 -1.04788867e+02 -1.77484564e+02 -8.85070300e+01 1.78836389e+02 
7.02824426e+02 3.00000000e+01 -1.04969648e+02 -1.77844634e+02 -8.85376242e+01 1.78860345e+02 
7.17556092e+02 3.00000000e+01 -1.05150404e+02 -1.78204715e+02 -8.85675937e+01 1.78883805e+02 
7.32596543e+02 3.00000000e+01 -1.05331137e+02 -1.78564808e+02 -8.85969511e+01 1.78906779e+02 
7.47952252e+02 3.00000000e+01 -1.05511847e+02 -1.78924912e+02 -8.86257089e+01 1.78929278e+02 
7.63629826e+02 3.00000000e+01 -1.05692536e+02 -1.79285026e+02 -8.86538791e+01 1.78951312e+02 
7.79636013e+02 3.00000000e+01 -1.05873205e+02 -1.79645150e+02 -8.86814736e+01 1.78972891e+02 
7.95977700e+02 3.00000000e+01 -1.06053853e+02 -1.80005283e+02 -8.87085041e+01 1.78994024e+02 
8.12661920e+02 3.00000000e+01 -1.06234482e+02 -1.80365426e+02 -8.87349821e+01 1.79014720e+02 
8.29695852e+02 3.00000000e+01 -1.06415094e+02 -1.80725578e+02 -8.87609186e+01 1.79034988e+02 
8.47086827e+02 3.00000000e+01 -1.06595687e+02 -1.81085738e+02 -8.87863248e+01 1.79054838e+02 
8.64842328e+02 3.00000000e+01 -1.06776264e+02 -1.81445907e+02 -8.88112114e+01 1.79074278e+02 
8.82969996e+02 3.00000000e+01 -1.06956825e+02 -1.81806083e+02 -8.88355888e+01 1.79093317e+02 
9.01477631e+02 3.00000000e+01 -1.07137370e+02 -1.82166267e+02 -8.88594675e+01 1.79111963e+02 
9.20373200e+02 3.00000000e+01 -1.07317901e+02 -1.82526457e+02 -8.88828576e+01 1.79130225e+02 
9.39664831e+02 3.00000000e+01 -1.07498417e+02 -1.82886655e+02 -8.89057690e+01 1.79148109e+02 
9.59360829e+02 3.00000000e+01 -1.07678920e+02 -1.83246860e+02 -8.89282115e+01 1.79165625e+02 
9.79469667e+02 3.00000000e+01 -1.07859409e+02 -1.83607070e+02 -8.89501946e+01 1.79182780e+02 
1.00000000e+03 3.00000000e+01 -1.08039886e+02 -1.83967287e+02 -8.89717276e+01 1.79199581e+02 

