%%% Speed, Mode, Body, Rotation centre, Axis of rotation
3.00000000e+01  1  bike 9.82930000e-01 + -2.66800000e-02i, -0.00000000e+00 + 0.00000000e+00i, 5.78000000e-01 + -4.81000000e-03i, -0.00000000e+00 + 0.00000000e+00i, 1.00000000e+00 + 0.00000000e+00i, 0.00000000e+00 + 0.00000000e+00i, 
3.00000000e+01  1  upper body 9.82930000e-01 + -2.66800000e-02i, 0.00000000e+00 + 0.00000000e+00i, 5.78000000e-01 + -4.81000000e-03i, -0.00000000e+00 + 0.00000000e+00i, 1.00000000e+00 + 0.00000000e+00i, 0.00000000e+00 + 0.00000000e+00i, 
3.00000000e+01  1  upper fork 9.82930000e-01 + -2.66800000e-02i, 0.00000000e+00 + 0.00000000e+00i, 5.78000000e-01 + -4.81000000e-03i, 0.00000000e+00 + 0.00000000e+00i, 1.00000000e+00 + 0.00000000e+00i, 0.00000000e+00 + 0.00000000e+00i, 
3.00000000e+01  1  lower fork 1.39294000e+00 + 1.30460000e-01i, -0.00000000e+00 + 0.00000000e+00i, 5.78000000e-01 + -4.81000000e-03i, 0.00000000e+00 + 0.00000000e+00i, 1.00000000e+00 + 0.00000000e+00i, 0.00000000e+00 + 0.00000000e+00i, 
3.00000000e+01  1  swing arm 4.91200000e-01 + -2.45000000e-03i, -0.00000000e+00 + 0.00000000e+00i, 3.31990000e-01 + -2.36000000e-03i, 0.00000000e+00 + 0.00000000e+00i, 1.00000000e+00 + 0.00000000e+00i, -0.00000000e+00 + 0.00000000e+00i, 
3.00000000e+01  1  bell crank 5.22520000e-01 + -5.80000000e-04i, -0.00000000e+00 + 0.00000000e+00i, 1.73380000e-01 + -1.20000000e-03i, 0.00000000e+00 + 0.00000000e+00i, 1.00000000e+00 + 0.00000000e+00i, -0.00000000e+00 + 0.00000000e+00i, 
3.00000000e+01  1  front wheel, bike 1.52128000e+00 + -6.35200000e-02i, -0.00000000e+00 + 0.00000000e+00i, 1.04120000e-01 + -2.26880000e-01i, -0.00000000e+00 + 0.00000000e+00i, 1.00000000e+00 + 0.00000000e+00i, -0.00000000e+00 + 0.00000000e+00i, 
3.00000000e+01  1  rear wheel, bike -2.08271000e+00 + -4.11564000e+00i, 0.00000000e+00 + 0.00000000e+00i, 1.30310000e-01 + -2.83970000e-01i, 0.00000000e+00 + 0.00000000e+00i, -4.51520000e-01 + 8.92260000e-01i, -0.00000000e+00 + 0.00000000e+00i, 
3.00000000e+01  1  fork rod 1.39294000e+00 + 1.30460000e-01i, -0.00000000e+00 + 0.00000000e+00i, 5.78000000e-01 + -4.81000000e-03i, 0.00000000e+00 + 0.00000000e+00i, 1.00000000e+00 + 0.00000000e+00i, 0.00000000e+00 + 0.00000000e+00i, 
3.00000000e+01  1  left fork arm 1.39294000e+00 + 1.30460000e-01i, 1.00000000e-01 + 0.00000000e+00i, 5.78000000e-01 + -4.81000000e-03i, 0.00000000e+00 + 0.00000000e+00i, 1.00000000e+00 + 0.00000000e+00i, 0.00000000e+00 + 0.00000000e+00i, 
3.00000000e+01  1  right fork arm 1.39294000e+00 + 1.30460000e-01i, -1.00000000e-01 + 0.00000000e+00i, 5.78000000e-01 + -4.81000000e-03i, 0.00000000e+00 + 0.00000000e+00i, 1.00000000e+00 + 0.00000000e+00i, 0.00000000e+00 + 0.00000000e+00i, 
3.00000000e+01  1  steer arm 1.22658000e+00 + 4.54220000e-01i, -0.00000000e+00 + 0.00000000e+00i, 6.07800000e-01 + 4.50400000e-02i, -0.00000000e+00 + 0.00000000e+00i, 1.00000000e+00 + 0.00000000e+00i, -0.00000000e+00 + 0.00000000e+00i, 
3.00000000e+01  1  lower left arm 1.05482000e+00 + -6.50000000e-04i, 1.57500000e-01 + 0.00000000e+00i, -2.85800000e-02 + 1.75610000e-01i, -0.00000000e+00 + 0.00000000e+00i, 1.00000000e+00 + 0.00000000e+00i, -0.00000000e+00 + 0.00000000e+00i, 
3.00000000e+01  1  upper left arm 1.05482000e+00 + -6.50000000e-04i, 1.75000000e-01 + 0.00000000e+00i, 1.32470000e-01 + 1.29930000e-01i, -0.00000000e+00 + 0.00000000e+00i, 1.00000000e+00 + 0.00000000e+00i, -0.00000000e+00 + 0.00000000e+00i, 
3.00000000e+01  1  lower right arm 1.05482000e+00 + -6.50000000e-04i, -1.57500000e-01 + 0.00000000e+00i, -2.85800000e-02 + 1.75610000e-01i, -0.00000000e+00 + 0.00000000e+00i, 1.00000000e+00 + 0.00000000e+00i, -0.00000000e+00 + 0.00000000e+00i, 
3.00000000e+01  1  upper right arm 1.05482000e+00 + -6.50000000e-04i, -1.75000000e-01 + 0.00000000e+00i, 1.32470000e-01 + 1.29930000e-01i, -0.00000000e+00 + 0.00000000e+00i, 1.00000000e+00 + 0.00000000e+00i, -0.00000000e+00 + 0.00000000e+00i, 

3.00000000e+01  2  bike 9.82930000e-01 + 2.66800000e-02i, -0.00000000e+00 + 0.00000000e+00i, 5.78000000e-01 + 4.81000000e-03i, -0.00000000e+00 + 0.00000000e+00i, 1.00000000e+00 + 0.00000000e+00i, 0.00000000e+00 + 0.00000000e+00i, 
3.00000000e+01  2  upper body 9.82930000e-01 + 2.66800000e-02i, 0.00000000e+00 + 0.00000000e+00i, 5.78000000e-01 + 4.81000000e-03i, -0.00000000e+00 + 0.00000000e+00i, 1.00000000e+00 + 0.00000000e+00i, 0.00000000e+00 + 0.00000000e+00i, 
3.00000000e+01  2  upper fork 9.82930000e-01 + 2.66800000e-02i, 0.00000000e+00 + 0.00000000e+00i, 5.78000000e-01 + 4.81000000e-03i, 0.00000000e+00 + 0.00000000e+00i, 1.00000000e+00 + 0.00000000e+00i, 0.00000000e+00 + 0.00000000e+00i, 
3.00000000e+01  2  lower fork 1.39294000e+00 + -1.30460000e-01i, -0.00000000e+00 + 0.00000000e+00i, 5.78000000e-01 + 4.81000000e-03i, 0.00000000e+00 + 0.00000000e+00i, 1.00000000e+00 + 0.00000000e+00i, 0.00000000e+00 + 0.00000000e+00i, 
3.00000000e+01  2  swing arm 4.91200000e-01 + 2.45000000e-03i, -0.00000000e+00 + 0.00000000e+00i, 3.31990000e-01 + 2.36000000e-03i, 0.00000000e+00 + 0.00000000e+00i, 1.00000000e+00 + 0.00000000e+00i, -0.00000000e+00 + 0.00000000e+00i, 
3.00000000e+01  2  bell crank 5.22520000e-01 + 5.80000000e-04i, -0.00000000e+00 + 0.00000000e+00i, 1.73380000e-01 + 1.20000000e-03i, 0.00000000e+00 + 0.00000000e+00i, 1.00000000e+00 + 0.00000000e+00i, -0.00000000e+00 + 0.00000000e+00i, 
3.00000000e+01  2  front wheel, bike 1.52128000e+00 + 6.35200000e-02i, -0.00000000e+00 + 0.00000000e+00i, 1.04120000e-01 + 2.26880000e-01i, -0.00000000e+00 + 0.00000000e+00i, 1.00000000e+00 + 0.00000000e+00i, -0.00000000e+00 + 0.00000000e+00i, 
3.00000000e+01  2  rear wheel, bike -2.08271000e+00 + 4.11564000e+00i, 0.00000000e+00 + 0.00000000e+00i, 1.30310000e-01 + 2.83970000e-01i, 0.00000000e+00 + 0.00000000e+00i, -4.51520000e-01 + -8.92260000e-01i, -0.00000000e+00 + 0.00000000e+00i, 
3.00000000e+01  2  fork rod 1.39294000e+00 + -1.30460000e-01i, -0.00000000e+00 + 0.00000000e+00i, 5.78000000e-01 + 4.81000000e-03i, 0.00000000e+00 + 0.00000000e+00i, 1.00000000e+00 + 0.00000000e+00i, 0.00000000e+00 + 0.00000000e+00i, 
3.00000000e+01  2  left fork arm 1.39294000e+00 + -1.30460000e-01i, 1.00000000e-01 + 0.00000000e+00i, 5.78000000e-01 + 4.81000000e-03i, 0.00000000e+00 + 0.00000000e+00i, 1.00000000e+00 + 0.00000000e+00i, 0.00000000e+00 + 0.00000000e+00i, 
3.00000000e+01  2  right fork arm 1.39294000e+00 + -1.30460000e-01i, -1.00000000e-01 + 0.00000000e+00i, 5.78000000e-01 + 4.81000000e-03i, 0.00000000e+00 + 0.00000000e+00i, 1.00000000e+00 + 0.00000000e+00i, 0.00000000e+00 + 0.00000000e+00i, 
3.00000000e+01  2  steer arm 1.22658000e+00 + -4.54220000e-01i, -0.00000000e+00 + 0.00000000e+00i, 6.07800000e-01 + -4.50400000e-02i, -0.00000000e+00 + 0.00000000e+00i, 1.00000000e+00 + 0.00000000e+00i, -0.00000000e+00 + 0.00000000e+00i, 
3.00000000e+01  2  lower left arm 1.05482000e+00 + 6.50000000e-04i, 1.57500000e-01 + 0.00000000e+00i, -2.85800000e-02 + -1.75610000e-01i, -0.00000000e+00 + 0.00000000e+00i, 1.00000000e+00 + 0.00000000e+00i, -0.00000000e+00 + 0.00000000e+00i, 
3.00000000e+01  2  upper left arm 1.05482000e+00 + 6.50000000e-04i, 1.75000000e-01 + 0.00000000e+00i, 1.32470000e-01 + -1.29930000e-01i, -0.00000000e+00 + 0.00000000e+00i, 1.00000000e+00 + 0.00000000e+00i, -0.00000000e+00 + 0.00000000e+00i, 
3.00000000e+01  2  lower right arm 1.05482000e+00 + 6.50000000e-04i, -1.57500000e-01 + 0.00000000e+00i, -2.85800000e-02 + -1.75610000e-01i, -0.00000000e+00 + 0.00000000e+00i, 1.00000000e+00 + 0.00000000e+00i, -0.00000000e+00 + 0.00000000e+00i, 
3.00000000e+01  2  upper right arm 1.05482000e+00 + 6.50000000e-04i, -1.75000000e-01 + 0.00000000e+00i, 1.32470000e-01 + -1.29930000e-01i, -0.00000000e+00 + 0.00000000e+00i, 1.00000000e+00 + 0.00000000e+00i, -0.00000000e+00 + 0.00000000e+00i, 

3.00000000e+01  3  bike 6.33060000e-01 + 0.00000000e+00i, -0.00000000e+00 + 0.00000000e+00i, 1.19853000e+00 + 0.00000000e+00i, -0.00000000e+00 + 0.00000000e+00i, 1.00000000e+00 + 0.00000000e+00i, 0.00000000e+00 + 0.00000000e+00i, 
3.00000000e+01  3  upper body 6.33060000e-01 + 0.00000000e+00i, 0.00000000e+00 + 0.00000000e+00i, 1.19853000e+00 + 0.00000000e+00i, -0.00000000e+00 + 0.00000000e+00i, 1.00000000e+00 + 0.00000000e+00i, 0.00000000e+00 + 0.00000000e+00i, 
3.00000000e+01  3  upper fork 6.33060000e-01 + 0.00000000e+00i, 0.00000000e+00 + 0.00000000e+00i, 1.19853000e+00 + 0.00000000e+00i, -0.00000000e+00 + 0.00000000e+00i, 1.00000000e+00 + 0.00000000e+00i, -0.00000000e+00 + 0.00000000e+00i, 
3.00000000e+01  3  lower fork 1.61383000e+00 + 0.00000000e+00i, -0.00000000e+00 + 0.00000000e+00i, 1.19853000e+00 + 0.00000000e+00i, 0.00000000e+00 + 0.00000000e+00i, 1.00000000e+00 + 0.00000000e+00i, -0.00000000e+00 + 0.00000000e+00i, 
3.00000000e+01  3  swing arm -3.10500000e-01 + 0.00000000e+00i, -0.00000000e+00 + 0.00000000e+00i, -8.20476000e+00 + 0.00000000e+00i, -0.00000000e+00 + 0.00000000e+00i, -1.00000000e+00 + 0.00000000e+00i, 0.00000000e+00 + 0.00000000e+00i, 
3.00000000e+01  3  bell crank 5.02920000e-01 + 0.00000000e+00i, -0.00000000e+00 + 0.00000000e+00i, -1.99900000e-01 + 0.00000000e+00i, -0.00000000e+00 + 0.00000000e+00i, -1.00000000e+00 + 0.00000000e+00i, 0.00000000e+00 + 0.00000000e+00i, 
3.00000000e+01  3  front wheel, bike 1.41243000e+00 + 0.00000000e+00i, -0.00000000e+00 + 0.00000000e+00i, 2.92910000e-01 + 0.00000000e+00i, 0.00000000e+00 + 0.00000000e+00i, 1.00000000e+00 + 0.00000000e+00i, -0.00000000e+00 + 0.00000000e+00i, 
3.00000000e+01  3  rear wheel, bike 2.54000000e-03 + 0.00000000e+00i, -0.00000000e+00 + 0.00000000e+00i, 3.66610000e-01 + 0.00000000e+00i, -0.00000000e+00 + 0.00000000e+00i, 1.00000000e+00 + 0.00000000e+00i, 0.00000000e+00 + 0.00000000e+00i, 
3.00000000e+01  3  fork rod 1.61383000e+00 + 0.00000000e+00i, -0.00000000e+00 + 0.00000000e+00i, 1.19853000e+00 + 0.00000000e+00i, 0.00000000e+00 + 0.00000000e+00i, 1.00000000e+00 + 0.00000000e+00i, -0.00000000e+00 + 0.00000000e+00i, 
3.00000000e+01  3  left fork arm 1.61383000e+00 + 0.00000000e+00i, 1.00000000e-01 + 0.00000000e+00i, 1.19853000e+00 + 0.00000000e+00i, 0.00000000e+00 + 0.00000000e+00i, 1.00000000e+00 + 0.00000000e+00i, -0.00000000e+00 + 0.00000000e+00i, 
3.00000000e+01  3  right fork arm 1.61383000e+00 + 0.00000000e+00i, -1.00000000e-01 + 0.00000000e+00i, 1.19853000e+00 + 0.00000000e+00i, 0.00000000e+00 + 0.00000000e+00i, 1.00000000e+00 + 0.00000000e+00i, -0.00000000e+00 + 0.00000000e+00i, 
3.00000000e+01  3  steer arm 8.42870000e-01 + 0.00000000e+00i, 0.00000000e+00 + 0.00000000e+00i, -2.80990000e-01 + 0.00000000e+00i, -0.00000000e+00 + 0.00000000e+00i, -1.00000000e+00 + 0.00000000e+00i, -0.00000000e+00 + 0.00000000e+00i, 
3.00000000e+01  3  lower left arm 1.11912000e+00 + 0.00000000e+00i, 1.57500000e-01 + 0.00000000e+00i, -5.57800000e-02 + 0.00000000e+00i, -0.00000000e+00 + 0.00000000e+00i, -1.00000000e+00 + 0.00000000e+00i, 0.00000000e+00 + 0.00000000e+00i, 
3.00000000e+01  3  upper left arm 1.11912000e+00 + 0.00000000e+00i, 1.75000000e-01 + 0.00000000e+00i, 6.98400000e-02 + 0.00000000e+00i, -0.00000000e+00 + 0.00000000e+00i, -1.00000000e+00 + 0.00000000e+00i, 0.00000000e+00 + 0.00000000e+00i, 
3.00000000e+01  3  lower right arm 1.11912000e+00 + 0.00000000e+00i, -1.57500000e-01 + 0.00000000e+00i, -5.57800000e-02 + 0.00000000e+00i, -0.00000000e+00 + 0.00000000e+00i, -1.00000000e+00 + 0.00000000e+00i, 0.00000000e+00 + 0.00000000e+00i, 
3.00000000e+01  3  upper right arm 1.11912000e+00 + 0.00000000e+00i, -1.75000000e-01 + 0.00000000e+00i, 6.98400000e-02 + 0.00000000e+00i, -0.00000000e+00 + 0.00000000e+00i, -1.00000000e+00 + 0.00000000e+00i, 0.00000000e+00 + 0.00000000e+00i, 

3.00000000e+01  4  bike 4.63770000e-01 + 0.00000000e+00i, -0.00000000e+00 + 0.00000000e+00i, 1.55763000e+00 + 0.00000000e+00i, 0.00000000e+00 + 0.00000000e+00i, 1.00000000e+00 + 0.00000000e+00i, 0.00000000e+00 + 0.00000000e+00i, 
3.00000000e+01  4  upper body 4.63770000e-01 + 0.00000000e+00i, -0.00000000e+00 + 0.00000000e+00i, 1.55763000e+00 + 0.00000000e+00i, 0.00000000e+00 + 0.00000000e+00i, 1.00000000e+00 + 0.00000000e+00i, 0.00000000e+00 + 0.00000000e+00i, 
3.00000000e+01  4  upper fork 4.63770000e-01 + 0.00000000e+00i, 0.00000000e+00 + 0.00000000e+00i, 1.55763000e+00 + 0.00000000e+00i, 0.00000000e+00 + 0.00000000e+00i, 1.00000000e+00 + 0.00000000e+00i, 0.00000000e+00 + 0.00000000e+00i, 
3.00000000e+01  4  lower fork 1.73427000e+00 + 0.00000000e+00i, 0.00000000e+00 + 0.00000000e+00i, 1.55763000e+00 + 0.00000000e+00i, -0.00000000e+00 + 0.00000000e+00i, 1.00000000e+00 + 0.00000000e+00i, -0.00000000e+00 + 0.00000000e+00i, 
3.00000000e+01  4  swing arm 5.20880000e-01 + 0.00000000e+00i, -0.00000000e+00 + 0.00000000e+00i, 7.55660000e-01 + 0.00000000e+00i, 0.00000000e+00 + 0.00000000e+00i, 1.00000000e+00 + 0.00000000e+00i, 0.00000000e+00 + 0.00000000e+00i, 
3.00000000e+01  4  bell crank 5.29200000e-01 + 0.00000000e+00i, -0.00000000e+00 + 0.00000000e+00i, 3.66320000e-01 + 0.00000000e+00i, 0.00000000e+00 + 0.00000000e+00i, 1.00000000e+00 + 0.00000000e+00i, 0.00000000e+00 + 0.00000000e+00i, 
3.00000000e+01  4  front wheel, bike 1.40050000e+00 + 0.00000000e+00i, 0.00000000e+00 + 0.00000000e+00i, 2.44630000e-01 + 0.00000000e+00i, -0.00000000e+00 + 0.00000000e+00i, -1.00000000e+00 + 0.00000000e+00i, -0.00000000e+00 + 0.00000000e+00i, 
3.00000000e+01  4  rear wheel, bike 1.04200000e-02 + 0.00000000e+00i, -0.00000000e+00 + 0.00000000e+00i, 3.06170000e-01 + 0.00000000e+00i, 0.00000000e+00 + 0.00000000e+00i, 1.00000000e+00 + 0.00000000e+00i, 0.00000000e+00 + 0.00000000e+00i, 
3.00000000e+01  4  fork rod 1.73427000e+00 + 0.00000000e+00i, 0.00000000e+00 + 0.00000000e+00i, 1.55763000e+00 + 0.00000000e+00i, -0.00000000e+00 + 0.00000000e+00i, 1.00000000e+00 + 0.00000000e+00i, -0.00000000e+00 + 0.00000000e+00i, 
3.00000000e+01  4  left fork arm 1.73427000e+00 + 0.00000000e+00i, 1.00000000e-01 + 0.00000000e+00i, 1.55763000e+00 + 0.00000000e+00i, -0.00000000e+00 + 0.00000000e+00i, 1.00000000e+00 + 0.00000000e+00i, -0.00000000e+00 + 0.00000000e+00i, 
3.00000000e+01  4  right fork arm 1.73427000e+00 + 0.00000000e+00i, -1.00000000e-01 + 0.00000000e+00i, 1.55763000e+00 + 0.00000000e+00i, -0.00000000e+00 + 0.00000000e+00i, 1.00000000e+00 + 0.00000000e+00i, -0.00000000e+00 + 0.00000000e+00i, 
3.00000000e+01  4  steer arm 9.25100000e-01 + 0.00000000e+00i, -0.00000000e+00 + 0.00000000e+00i, -2.21250000e-01 + 0.00000000e+00i, 0.00000000e+00 + 0.00000000e+00i, -1.00000000e+00 + 0.00000000e+00i, 0.00000000e+00 + 0.00000000e+00i, 
3.00000000e+01  4  lower left arm 1.12392000e+00 + 0.00000000e+00i, 1.57500000e-01 + 0.00000000e+00i, -5.36400000e-02 + 0.00000000e+00i, 0.00000000e+00 + 0.00000000e+00i, -1.00000000e+00 + 0.00000000e+00i, 0.00000000e+00 + 0.00000000e+00i, 
3.00000000e+01  4  upper left arm 1.12392000e+00 + 0.00000000e+00i, 1.75000000e-01 + 0.00000000e+00i, 6.50400000e-02 + 0.00000000e+00i, 0.00000000e+00 + 0.00000000e+00i, -1.00000000e+00 + 0.00000000e+00i, 0.00000000e+00 + 0.00000000e+00i, 
3.00000000e+01  4  lower right arm 1.12392000e+00 + 0.00000000e+00i, -1.57500000e-01 + 0.00000000e+00i, -5.36400000e-02 + 0.00000000e+00i, 0.00000000e+00 + 0.00000000e+00i, -1.00000000e+00 + 0.00000000e+00i, 0.00000000e+00 + 0.00000000e+00i, 
3.00000000e+01  4  upper right arm 1.12392000e+00 + 0.00000000e+00i, -1.75000000e-01 + 0.00000000e+00i, 6.50400000e-02 + 0.00000000e+00i, 0.00000000e+00 + 0.00000000e+00i, -1.00000000e+00 + 0.00000000e+00i, 0.00000000e+00 + 0.00000000e+00i, 

3.00000000e+01  5  bike 3.17160000e-01 + -6.05900000e-02i, -0.00000000e+00 + 0.00000000e+00i, 5.22970000e-01 + 2.11000000e-03i, -0.00000000e+00 + 0.00000000e+00i, 1.00000000e+00 + 0.00000000e+00i, -0.00000000e+00 + 0.00000000e+00i, 
3.00000000e+01  5  upper body 3.17160000e-01 + -6.05900000e-02i, -0.00000000e+00 + 0.00000000e+00i, 5.22970000e-01 + 2.11000000e-03i, -0.00000000e+00 + 0.00000000e+00i, 1.00000000e+00 + 0.00000000e+00i, -0.00000000e+00 + 0.00000000e+00i, 
3.00000000e+01  5  upper fork 3.17160000e-01 + -6.05900000e-02i, -0.00000000e+00 + 0.00000000e+00i, 5.22970000e-01 + 2.11000000e-03i, -0.00000000e+00 + 0.00000000e+00i, 1.00000000e+00 + 0.00000000e+00i, 0.00000000e+00 + 0.00000000e+00i, 
3.00000000e+01  5  lower fork 2.57080000e+00 + -1.70127000e+00i, 0.00000000e+00 + 0.00000000e+00i, 5.22970000e-01 + 2.11000000e-03i, -0.00000000e+00 + 0.00000000e+00i, 5.78250000e-01 + 8.15860000e-01i, 0.00000000e+00 + 0.00000000e+00i, 
3.00000000e+01  5  swing arm 3.02440000e-01 + -4.78500000e-02i, 0.00000000e+00 + 0.00000000e+00i, 5.30570000e-01 + -8.66000000e-03i, -0.00000000e+00 + 0.00000000e+00i, 1.00000000e+00 + 0.00000000e+00i, -0.00000000e+00 + 0.00000000e+00i, 
3.00000000e+01  5  bell crank 2.73640000e-01 + -8.80000000e-03i, 0.00000000e+00 + 0.00000000e+00i, 5.64830000e-01 + -8.71700000e-02i, -0.00000000e+00 + 0.00000000e+00i, 1.00000000e+00 + 0.00000000e+00i, -0.00000000e+00 + 0.00000000e+00i, 
3.00000000e+01  5  front wheel, bike -7.39500000e-02 + 1.53708000e+00i, 0.00000000e+00 + 0.00000000e+00i, 3.59600000e-02 + -4.42200000e-02i, -0.00000000e+00 + 0.00000000e+00i, -6.94570000e-01 + -7.19430000e-01i, 0.00000000e+00 + 0.00000000e+00i, 
3.00000000e+01  5  rear wheel, bike -3.36420000e-01 + -3.25100000e-02i, 0.00000000e+00 + 0.00000000e+00i, 4.50100000e-02 + -5.53400000e-02i, 0.00000000e+00 + 0.00000000e+00i, 1.00000000e+00 + 0.00000000e+00i, 0.00000000e+00 + 0.00000000e+00i, 
3.00000000e+01  5  fork rod 2.57080000e+00 + -1.70127000e+00i, 0.00000000e+00 + 0.00000000e+00i, 5.22970000e-01 + 2.11000000e-03i, -0.00000000e+00 + 0.00000000e+00i, 6.05580000e-01 + 7.95780000e-01i, 0.00000000e+00 + 0.00000000e+00i, 
3.00000000e+01  5  left fork arm 2.57080000e+00 + -1.70127000e+00i, 1.00000000e-01 + 0.00000000e+00i, 5.22970000e-01 + 2.11000000e-03i, -0.00000000e+00 + 0.00000000e+00i, 5.63620000e-01 + 8.26040000e-01i, -0.00000000e+00 + 0.00000000e+00i, 
3.00000000e+01  5  right fork arm 2.57080000e+00 + -1.70127000e+00i, -1.00000000e-01 + 0.00000000e+00i, 5.22970000e-01 + 2.11000000e-03i, -0.00000000e+00 + 0.00000000e+00i, 5.63620000e-01 + 8.26040000e-01i, 0.00000000e+00 + 0.00000000e+00i, 
3.00000000e+01  5  steer arm 7.83610000e-01 + 7.61400000e-02i, -0.00000000e+00 + 0.00000000e+00i, 5.55440000e-01 + 4.10000000e-03i, -0.00000000e+00 + 0.00000000e+00i, 1.00000000e+00 + 0.00000000e+00i, -0.00000000e+00 + 0.00000000e+00i, 
3.00000000e+01  5  lower left arm 1.05890000e+00 + 3.69800000e-02i, 1.57500000e-01 + 0.00000000e+00i, 1.80900000e-01 + -1.54600000e-02i, -0.00000000e+00 + 0.00000000e+00i, 1.00000000e+00 + 0.00000000e+00i, 0.00000000e+00 + 0.00000000e+00i, 
3.00000000e+01  5  upper left arm 1.05890000e+00 + 3.69800000e-02i, 1.75000000e-01 + 0.00000000e+00i, 2.86850000e-01 + -1.07100000e-02i, -0.00000000e+00 + 0.00000000e+00i, 1.00000000e+00 + 0.00000000e+00i, 0.00000000e+00 + 0.00000000e+00i, 
3.00000000e+01  5  lower right arm 1.05890000e+00 + 3.69800000e-02i, -1.57500000e-01 + 0.00000000e+00i, 1.80900000e-01 + -1.54600000e-02i, -0.00000000e+00 + 0.00000000e+00i, 1.00000000e+00 + 0.00000000e+00i, 0.00000000e+00 + 0.00000000e+00i, 
3.00000000e+01  5  upper right arm 1.05890000e+00 + 3.69800000e-02i, -1.75000000e-01 + 0.00000000e+00i, 2.86850000e-01 + -1.07100000e-02i, -0.00000000e+00 + 0.00000000e+00i, 1.00000000e+00 + 0.00000000e+00i, 0.00000000e+00 + 0.00000000e+00i, 

3.00000000e+01  6  bike 3.17160000e-01 + 6.05900000e-02i, -0.00000000e+00 + 0.00000000e+00i, 5.22970000e-01 + -2.11000000e-03i, -0.00000000e+00 + 0.00000000e+00i, 1.00000000e+00 + 0.00000000e+00i, -0.00000000e+00 + 0.00000000e+00i, 
3.00000000e+01  6  upper body 3.17160000e-01 + 6.05900000e-02i, -0.00000000e+00 + 0.00000000e+00i, 5.22970000e-01 + -2.11000000e-03i, -0.00000000e+00 + 0.00000000e+00i, 1.00000000e+00 + 0.00000000e+00i, -0.00000000e+00 + 0.00000000e+00i, 
3.00000000e+01  6  upper fork 3.17160000e-01 + 6.05900000e-02i, -0.00000000e+00 + 0.00000000e+00i, 5.22970000e-01 + -2.11000000e-03i, -0.00000000e+00 + 0.00000000e+00i, 1.00000000e+00 + 0.00000000e+00i, 0.00000000e+00 + 0.00000000e+00i, 
3.00000000e+01  6  lower fork 2.57080000e+00 + 1.70127000e+00i, 0.00000000e+00 + 0.00000000e+00i, 5.22970000e-01 + -2.11000000e-03i, -0.00000000e+00 + 0.00000000e+00i, 5.78250000e-01 + -8.15860000e-01i, 0.00000000e+00 + 0.00000000e+00i, 
3.00000000e+01  6  swing arm 3.02440000e-01 + 4.78500000e-02i, 0.00000000e+00 + 0.00000000e+00i, 5.30570000e-01 + 8.66000000e-03i, -0.00000000e+00 + 0.00000000e+00i, 1.00000000e+00 + 0.00000000e+00i, -0.00000000e+00 + 0.00000000e+00i, 
3.00000000e+01  6  bell crank 2.73640000e-01 + 8.80000000e-03i, 0.00000000e+00 + 0.00000000e+00i, 5.64830000e-01 + 8.71700000e-02i, -0.00000000e+00 + 0.00000000e+00i, 1.00000000e+00 + 0.00000000e+00i, -0.00000000e+00 + 0.00000000e+00i, 
3.00000000e+01  6  front wheel, bike -7.39500000e-02 + -1.53708000e+00i, 0.00000000e+00 + 0.00000000e+00i, 3.59600000e-02 + 4.42200000e-02i, -0.00000000e+00 + 0.00000000e+00i, -6.94570000e-01 + 7.19430000e-01i, 0.00000000e+00 + 0.00000000e+00i, 
3.00000000e+01  6  rear wheel, bike -3.36420000e-01 + 3.25100000e-02i, 0.00000000e+00 + 0.00000000e+00i, 4.50100000e-02 + 5.53400000e-02i, 0.00000000e+00 + 0.00000000e+00i, 1.00000000e+00 + 0.00000000e+00i, 0.00000000e+00 + 0.00000000e+00i, 
3.00000000e+01  6  fork rod 2.57080000e+00 + 1.70127000e+00i, 0.00000000e+00 + 0.00000000e+00i, 5.22970000e-01 + -2.11000000e-03i, -0.00000000e+00 + 0.00000000e+00i, 6.05580000e-01 + -7.95780000e-01i, 0.00000000e+00 + 0.00000000e+00i, 
3.00000000e+01  6  left fork arm 2.57080000e+00 + 1.70127000e+00i, 1.00000000e-01 + 0.00000000e+00i, 5.22970000e-01 + -2.11000000e-03i, -0.00000000e+00 + 0.00000000e+00i, 5.63620000e-01 + -8.26040000e-01i, -0.00000000e+00 + 0.00000000e+00i, 
3.00000000e+01  6  right fork arm 2.57080000e+00 + 1.70127000e+00i, -1.00000000e-01 + 0.00000000e+00i, 5.22970000e-01 + -2.11000000e-03i, -0.00000000e+00 + 0.00000000e+00i, 5.63620000e-01 + -8.26040000e-01i, 0.00000000e+00 + 0.00000000e+00i, 
3.00000000e+01  6  steer arm 7.83610000e-01 + -7.61400000e-02i, -0.00000000e+00 + 0.00000000e+00i, 5.55440000e-01 + -4.10000000e-03i, -0.00000000e+00 + 0.00000000e+00i, 1.00000000e+00 + 0.00000000e+00i, -0.00000000e+00 + 0.00000000e+00i, 
3.00000000e+01  6  lower left arm 1.05890000e+00 + -3.69800000e-02i, 1.57500000e-01 + 0.00000000e+00i, 1.80900000e-01 + 1.54600000e-02i, -0.00000000e+00 + 0.00000000e+00i, 1.00000000e+00 + 0.00000000e+00i, 0.00000000e+00 + 0.00000000e+00i, 
3.00000000e+01  6  upper left arm 1.05890000e+00 + -3.69800000e-02i, 1.75000000e-01 + 0.00000000e+00i, 2.86850000e-01 + 1.07100000e-02i, -0.00000000e+00 + 0.00000000e+00i, 1.00000000e+00 + 0.00000000e+00i, 0.00000000e+00 + 0.00000000e+00i, 
3.00000000e+01  6  lower right arm 1.05890000e+00 + -3.69800000e-02i, -1.57500000e-01 + 0.00000000e+00i, 1.80900000e-01 + 1.54600000e-02i, -0.00000000e+00 + 0.00000000e+00i, 1.00000000e+00 + 0.00000000e+00i, 0.00000000e+00 + 0.00000000e+00i, 
3.00000000e+01  6  upper right arm 1.05890000e+00 + -3.69800000e-02i, -1.75000000e-01 + 0.00000000e+00i, 2.86850000e-01 + 1.07100000e-02i, -0.00000000e+00 + 0.00000000e+00i, 1.00000000e+00 + 0.00000000e+00i, 0.00000000e+00 + 0.00000000e+00i, 

3.00000000e+01  7  bike 8.74870000e-01 + -1.59180000e-01i, -0.00000000e+00 + 0.00000000e+00i, 5.25000000e-01 + 1.16000000e-03i, 0.00000000e+00 + 0.00000000e+00i, 1.00000000e+00 + 0.00000000e+00i, -0.00000000e+00 + 0.00000000e+00i, 
3.00000000e+01  7  upper body 8.74870000e-01 + -1.59180000e-01i, -0.00000000e+00 + 0.00000000e+00i, 5.25000000e-01 + 1.16000000e-03i, 0.00000000e+00 + 0.00000000e+00i, 1.00000000e+00 + 0.00000000e+00i, -0.00000000e+00 + 0.00000000e+00i, 
3.00000000e+01  7  upper fork 8.74870000e-01 + -1.59180000e-01i, -0.00000000e+00 + 0.00000000e+00i, 5.25000000e-01 + 1.16000000e-03i, 0.00000000e+00 + 0.00000000e+00i, 1.00000000e+00 + 0.00000000e+00i, -0.00000000e+00 + 0.00000000e+00i, 
3.00000000e+01  7  lower fork 1.27499000e+00 + -2.71390000e-01i, 0.00000000e+00 + 0.00000000e+00i, 5.25000000e-01 + 1.16000000e-03i, 0.00000000e+00 + 0.00000000e+00i, 1.00000000e+00 + 0.00000000e+00i, -0.00000000e+00 + 0.00000000e+00i, 
3.00000000e+01  7  swing arm 9.14980000e-01 + -2.02260000e-01i, -0.00000000e+00 + 0.00000000e+00i, 5.49950000e-01 + -8.22000000e-03i, 0.00000000e+00 + 0.00000000e+00i, 1.00000000e+00 + 0.00000000e+00i, -0.00000000e+00 + 0.00000000e+00i, 
3.00000000e+01  7  bell crank 1.03284000e+00 + -4.10780000e-01i, 0.00000000e+00 + 0.00000000e+00i, 7.52770000e-01 + -1.42950000e-01i, -0.00000000e+00 + 0.00000000e+00i, 1.00000000e+00 + 0.00000000e+00i, -0.00000000e+00 + 0.00000000e+00i, 
3.00000000e+01  7  front wheel, bike 1.53022000e+00 + 3.30680000e-01i, 0.00000000e+00 + 0.00000000e+00i, 1.87000000e-03 + -3.31300000e-02i, -0.00000000e+00 + 0.00000000e+00i, 1.00000000e+00 + 0.00000000e+00i, 0.00000000e+00 + 0.00000000e+00i, 
3.00000000e+01  7  rear wheel, bike -1.10063000e+00 + 4.98500000e-02i, -0.00000000e+00 + 0.00000000e+00i, 2.34000000e-03 + -4.14700000e-02i, 0.00000000e+00 + 0.00000000e+00i, -9.98980000e-01 + -4.52500000e-02i, -0.00000000e+00 + 0.00000000e+00i, 
3.00000000e+01  7  fork rod 1.27499000e+00 + -2.71390000e-01i, 0.00000000e+00 + 0.00000000e+00i, 5.25000000e-01 + 1.16000000e-03i, 0.00000000e+00 + 0.00000000e+00i, 1.00000000e+00 + 0.00000000e+00i, -0.00000000e+00 + 0.00000000e+00i, 
3.00000000e+01  7  left fork arm 1.27499000e+00 + -2.71390000e-01i, 1.00000000e-01 + 0.00000000e+00i, 5.25000000e-01 + 1.16000000e-03i, 0.00000000e+00 + 0.00000000e+00i, 1.00000000e+00 + 0.00000000e+00i, -0.00000000e+00 + 0.00000000e+00i, 
3.00000000e+01  7  right fork arm 1.27499000e+00 + -2.71390000e-01i, -1.00000000e-01 + 0.00000000e+00i, 5.25000000e-01 + 1.16000000e-03i, 0.00000000e+00 + 0.00000000e+00i, 1.00000000e+00 + 0.00000000e+00i, -0.00000000e+00 + 0.00000000e+00i, 
3.00000000e+01  7  steer arm 7.99440000e-01 + -6.36090000e-01i, -0.00000000e+00 + 0.00000000e+00i, 4.92610000e-01 + 4.72300000e-02i, 0.00000000e+00 + 0.00000000e+00i, 1.00000000e+00 + 0.00000000e+00i, -0.00000000e+00 + 0.00000000e+00i, 
3.00000000e+01  7  lower left arm 1.06248000e+00 + 1.82910000e-01i, 1.57500000e-01 + 0.00000000e+00i, -4.66200000e-02 + -1.39450000e-01i, -0.00000000e+00 + 0.00000000e+00i, 1.00000000e+00 + 0.00000000e+00i, -0.00000000e+00 + 0.00000000e+00i, 
3.00000000e+01  7  upper left arm 1.06248000e+00 + 1.82910000e-01i, 1.75000000e-01 + 0.00000000e+00i, 1.29410000e-01 + -9.68200000e-02i, -0.00000000e+00 + 0.00000000e+00i, 1.00000000e+00 + 0.00000000e+00i, -0.00000000e+00 + 0.00000000e+00i, 
3.00000000e+01  7  lower right arm 1.06248000e+00 + 1.82910000e-01i, -1.57500000e-01 + 0.00000000e+00i, -4.66200000e-02 + -1.39450000e-01i, -0.00000000e+00 + 0.00000000e+00i, 1.00000000e+00 + 0.00000000e+00i, -0.00000000e+00 + 0.00000000e+00i, 
3.00000000e+01  7  upper right arm 1.06248000e+00 + 1.82910000e-01i, -1.75000000e-01 + 0.00000000e+00i, 1.29410000e-01 + -9.68200000e-02i, -0.00000000e+00 + 0.00000000e+00i, 1.00000000e+00 + 0.00000000e+00i, -0.00000000e+00 + 0.00000000e+00i, 

3.00000000e+01  8  bike 8.74870000e-01 + 1.59180000e-01i, -0.00000000e+00 + 0.00000000e+00i, 5.25000000e-01 + -1.16000000e-03i, 0.00000000e+00 + 0.00000000e+00i, 1.00000000e+00 + 0.00000000e+00i, -0.00000000e+00 + 0.00000000e+00i, 
3.00000000e+01  8  upper body 8.74870000e-01 + 1.59180000e-01i, -0.00000000e+00 + 0.00000000e+00i, 5.25000000e-01 + -1.16000000e-03i, 0.00000000e+00 + 0.00000000e+00i, 1.00000000e+00 + 0.00000000e+00i, -0.00000000e+00 + 0.00000000e+00i, 
3.00000000e+01  8  upper fork 8.74870000e-01 + 1.59180000e-01i, -0.00000000e+00 + 0.00000000e+00i, 5.25000000e-01 + -1.16000000e-03i, 0.00000000e+00 + 0.00000000e+00i, 1.00000000e+00 + 0.00000000e+00i, -0.00000000e+00 + 0.00000000e+00i, 
3.00000000e+01  8  lower fork 1.27499000e+00 + 2.71390000e-01i, 0.00000000e+00 + 0.00000000e+00i, 5.25000000e-01 + -1.16000000e-03i, 0.00000000e+00 + 0.00000000e+00i, 1.00000000e+00 + 0.00000000e+00i, -0.00000000e+00 + 0.00000000e+00i, 
3.00000000e+01  8  swing arm 9.14980000e-01 + 2.02260000e-01i, -0.00000000e+00 + 0.00000000e+00i, 5.49950000e-01 + 8.22000000e-03i, 0.00000000e+00 + 0.00000000e+00i, 1.00000000e+00 + 0.00000000e+00i, -0.00000000e+00 + 0.00000000e+00i, 
3.00000000e+01  8  bell crank 1.03284000e+00 + 4.10780000e-01i, 0.00000000e+00 + 0.00000000e+00i, 7.52770000e-01 + 1.42950000e-01i, -0.00000000e+00 + 0.00000000e+00i, 1.00000000e+00 + 0.00000000e+00i, -0.00000000e+00 + 0.00000000e+00i, 
3.00000000e+01  8  front wheel, bike 1.53022000e+00 + -3.30680000e-01i, 0.00000000e+00 + 0.00000000e+00i, 1.87000000e-03 + 3.31300000e-02i, -0.00000000e+00 + 0.00000000e+00i, 1.00000000e+00 + 0.00000000e+00i, 0.00000000e+00 + 0.00000000e+00i, 
3.00000000e+01  8  rear wheel, bike -1.10063000e+00 + -4.98500000e-02i, -0.00000000e+00 + 0.00000000e+00i, 2.34000000e-03 + 4.14700000e-02i, 0.00000000e+00 + 0.00000000e+00i, -9.98980000e-01 + 4.52500000e-02i, -0.00000000e+00 + 0.00000000e+00i, 
3.00000000e+01  8  fork rod 1.27499000e+00 + 2.71390000e-01i, 0.00000000e+00 + 0.00000000e+00i, 5.25000000e-01 + -1.16000000e-03i, 0.00000000e+00 + 0.00000000e+00i, 1.00000000e+00 + 0.00000000e+00i, -0.00000000e+00 + 0.00000000e+00i, 
3.00000000e+01  8  left fork arm 1.27499000e+00 + 2.71390000e-01i, 1.00000000e-01 + 0.00000000e+00i, 5.25000000e-01 + -1.16000000e-03i, 0.00000000e+00 + 0.00000000e+00i, 1.00000000e+00 + 0.00000000e+00i, -0.00000000e+00 + 0.00000000e+00i, 
3.00000000e+01  8  right fork arm 1.27499000e+00 + 2.71390000e-01i, -1.00000000e-01 + 0.00000000e+00i, 5.25000000e-01 + -1.16000000e-03i, 0.00000000e+00 + 0.00000000e+00i, 1.00000000e+00 + 0.00000000e+00i, -0.00000000e+00 + 0.00000000e+00i, 
3.00000000e+01  8  steer arm 7.99440000e-01 + 6.36090000e-01i, -0.00000000e+00 + 0.00000000e+00i, 4.92610000e-01 + -4.72300000e-02i, 0.00000000e+00 + 0.00000000e+00i, 1.00000000e+00 + 0.00000000e+00i, -0.00000000e+00 + 0.00000000e+00i, 
3.00000000e+01  8  lower left arm 1.06248000e+00 + -1.82910000e-01i, 1.57500000e-01 + 0.00000000e+00i, -4.66200000e-02 + 1.39450000e-01i, -0.00000000e+00 + 0.00000000e+00i, 1.00000000e+00 + 0.00000000e+00i, -0.00000000e+00 + 0.00000000e+00i, 
3.00000000e+01  8  upper left arm 1.06248000e+00 + -1.82910000e-01i, 1.75000000e-01 + 0.00000000e+00i, 1.29410000e-01 + 9.68200000e-02i, -0.00000000e+00 + 0.00000000e+00i, 1.00000000e+00 + 0.00000000e+00i, -0.00000000e+00 + 0.00000000e+00i, 
3.00000000e+01  8  lower right arm 1.06248000e+00 + -1.82910000e-01i, -1.57500000e-01 + 0.00000000e+00i, -4.66200000e-02 + 1.39450000e-01i, -0.00000000e+00 + 0.00000000e+00i, 1.00000000e+00 + 0.00000000e+00i, -0.00000000e+00 + 0.00000000e+00i, 
3.00000000e+01  8  upper right arm 1.06248000e+00 + -1.82910000e-01i, -1.75000000e-01 + 0.00000000e+00i, 1.29410000e-01 + 9.68200000e-02i, -0.00000000e+00 + 0.00000000e+00i, 1.00000000e+00 + 0.00000000e+00i, -0.00000000e+00 + 0.00000000e+00i, 

3.00000000e+01  9  bike 6.04750000e-01 + 5.46600000e-02i, 0.00000000e+00 + 0.00000000e+00i, 4.95540000e-01 + 2.18000000e-03i, 1.82820000e-01 + -1.65560000e-01i, 0.00000000e+00 + 0.00000000e+00i, 9.69110000e-01 + 0.00000000e+00i, 
3.00000000e+01  9  upper body 7.07040000e-01 + -5.24500000e-02i, 0.00000000e+00 + 0.00000000e+00i, 1.07595000e+00 + -4.00000000e-02i, 1.82820000e-01 + -1.65560000e-01i, 0.00000000e+00 + 0.00000000e+00i, 9.69110000e-01 + 0.00000000e+00i, 
3.00000000e+01  9  upper fork 1.30643000e+00 + 8.61200000e-02i, -0.00000000e+00 + 0.00000000e+00i, 8.89610000e-01 + 5.26600000e-02i, -6.12440000e-01 + -7.95300000e-02i, 0.00000000e+00 + 0.00000000e+00i, 7.86510000e-01 + 0.00000000e+00i, 
3.00000000e+01  9  lower fork 1.59007000e+00 + 1.14160000e-01i, -0.00000000e+00 + 0.00000000e+00i, 4.94700000e-01 + 6.20900000e-02i, -5.79920000e-01 + -7.02500000e-02i, 0.00000000e+00 + 0.00000000e+00i, 8.11640000e-01 + 0.00000000e+00i, 
3.00000000e+01  9  swing arm 5.46900000e-01 + 8.05100000e-02i, 0.00000000e+00 + 0.00000000e+00i, 2.58860000e-01 + -7.51300000e-02i, 1.82820000e-01 + -1.65560000e-01i, 0.00000000e+00 + 0.00000000e+00i, 9.69110000e-01 + 0.00000000e+00i, 
3.00000000e+01  9  bell crank 5.40390000e-01 + 1.02740000e-01i, 0.00000000e+00 + 0.00000000e+00i, 1.81280000e-01 + -2.75400000e-02i, 1.82820000e-01 + -1.65560000e-01i, 0.00000000e+00 + 0.00000000e+00i, 9.69110000e-01 + 0.00000000e+00i, 
3.00000000e+01  9  front wheel, bike 1.62520000e+00 + 1.16550000e-01i, -0.00000000e+00 + 0.00000000e+00i, 4.45850000e-01 + 6.46500000e-02i, -5.79920000e-01 + -7.02500000e-02i, -0.00000000e+00 + 0.00000000e+00i, 8.11640000e-01 + 0.00000000e+00i, 
3.00000000e+01  9  rear wheel, bike 5.32440000e-01 + 8.28000000e-02i, 0.00000000e+00 + 0.00000000e+00i, 2.10700000e-01 + -1.06580000e-01i, 1.82820000e-01 + -1.65560000e-01i, -0.00000000e+00 + 0.00000000e+00i, 9.69110000e-01 + 0.00000000e+00i, 
3.00000000e+01  9  fork rod 1.45315000e+00 + 1.01240000e-01i, -0.00000000e+00 + 0.00000000e+00i, 6.85720000e-01 + 5.70200000e-02i, -5.79920000e-01 + -7.02500000e-02i, 0.00000000e+00 + 0.00000000e+00i, 8.11640000e-01 + 0.00000000e+00i, 
3.00000000e+01  9  left fork arm 1.62520000e+00 + 1.16550000e-01i, -0.00000000e+00 + 0.00000000e+00i, 4.45850000e-01 + 6.46500000e-02i, -5.79920000e-01 + -7.02500000e-02i, 0.00000000e+00 + 0.00000000e+00i, 8.11640000e-01 + 0.00000000e+00i, 
3.00000000e+01  9  right fork arm 1.62520000e+00 + 1.16550000e-01i, -0.00000000e+00 + 0.00000000e+00i, 4.45850000e-01 + 6.46500000e-02i, -5.79920000e-01 + -7.02500000e-02i, 0.00000000e+00 + 0.00000000e+00i, 8.11640000e-01 + 0.00000000e+00i, 
3.00000000e+01  9  steer arm 1.38361000e+00 + 9.54100000e-02i, -0.00000000e+00 + 0.00000000e+00i, 7.83990000e-01 + 5.35800000e-02i, -5.75990000e-01 + -6.91700000e-02i, 0.00000000e+00 + 0.00000000e+00i, 8.14530000e-01 + 0.00000000e+00i, 
3.00000000e+01  9  lower left arm 8.82020000e-01 + -5.14000000e-03i, 1.52270000e-01 + -1.61800000e-02i, 2.15020000e-01 + 5.65000000e-03i, 6.52400000e-02 + -3.35200000e-02i, -1.64520000e-01 + 1.73700000e-02i, 9.83490000e-01 + 0.00000000e+00i, 
3.00000000e+01  9  upper left arm 8.63520000e-01 + -6.43000000e-03i, 1.62110000e-01 + -2.05600000e-02i, 3.17860000e-01 + 6.99000000e-03i, 7.69000000e-02 + -4.16000000e-02i, -1.95630000e-01 + 2.48600000e-02i, 9.76460000e-01 + 0.00000000e+00i, 
3.00000000e+01  9  lower right arm 8.82020000e-01 + -5.14000000e-03i, -1.52270000e-01 + 1.61800000e-02i, 2.15020000e-01 + 5.65000000e-03i, 6.52400000e-02 + -3.35200000e-02i, 1.64520000e-01 + -1.73700000e-02i, 9.83490000e-01 + 0.00000000e+00i, 
3.00000000e+01  9  upper right arm 8.63520000e-01 + -6.43000000e-03i, -1.62110000e-01 + 2.05600000e-02i, 3.17860000e-01 + 6.99000000e-03i, 7.69000000e-02 + -4.16000000e-02i, 1.95630000e-01 + -2.48600000e-02i, 9.76460000e-01 + 0.00000000e+00i, 

3.00000000e+01  10  bike 6.04750000e-01 + -5.46600000e-02i, 0.00000000e+00 + 0.00000000e+00i, 4.95540000e-01 + -2.18000000e-03i, 1.82820000e-01 + 1.65560000e-01i, 0.00000000e+00 + 0.00000000e+00i, 9.69110000e-01 + 0.00000000e+00i, 
3.00000000e+01  10  upper body 7.07040000e-01 + 5.24500000e-02i, 0.00000000e+00 + 0.00000000e+00i, 1.07595000e+00 + 4.00000000e-02i, 1.82820000e-01 + 1.65560000e-01i, 0.00000000e+00 + 0.00000000e+00i, 9.69110000e-01 + 0.00000000e+00i, 
3.00000000e+01  10  upper fork 1.30643000e+00 + -8.61200000e-02i, -0.00000000e+00 + 0.00000000e+00i, 8.89610000e-01 + -5.26600000e-02i, -6.12440000e-01 + 7.95300000e-02i, 0.00000000e+00 + 0.00000000e+00i, 7.86510000e-01 + 0.00000000e+00i, 
3.00000000e+01  10  lower fork 1.59007000e+00 + -1.14160000e-01i, -0.00000000e+00 + 0.00000000e+00i, 4.94700000e-01 + -6.20900000e-02i, -5.79920000e-01 + 7.02500000e-02i, 0.00000000e+00 + 0.00000000e+00i, 8.11640000e-01 + 0.00000000e+00i, 
3.00000000e+01  10  swing arm 5.46900000e-01 + -8.05100000e-02i, 0.00000000e+00 + 0.00000000e+00i, 2.58860000e-01 + 7.51300000e-02i, 1.82820000e-01 + 1.65560000e-01i, 0.00000000e+00 + 0.00000000e+00i, 9.69110000e-01 + 0.00000000e+00i, 
3.00000000e+01  10  bell crank 5.40390000e-01 + -1.02740000e-01i, 0.00000000e+00 + 0.00000000e+00i, 1.81280000e-01 + 2.75400000e-02i, 1.82820000e-01 + 1.65560000e-01i, 0.00000000e+00 + 0.00000000e+00i, 9.69110000e-01 + 0.00000000e+00i, 
3.00000000e+01  10  front wheel, bike 1.62520000e+00 + -1.16550000e-01i, -0.00000000e+00 + 0.00000000e+00i, 4.45850000e-01 + -6.46500000e-02i, -5.79920000e-01 + 7.02500000e-02i, -0.00000000e+00 + 0.00000000e+00i, 8.11640000e-01 + 0.00000000e+00i, 
3.00000000e+01  10  rear wheel, bike 5.32440000e-01 + -8.28000000e-02i, 0.00000000e+00 + 0.00000000e+00i, 2.10700000e-01 + 1.06580000e-01i, 1.82820000e-01 + 1.65560000e-01i, -0.00000000e+00 + 0.00000000e+00i, 9.69110000e-01 + 0.00000000e+00i, 
3.00000000e+01  10  fork rod 1.45315000e+00 + -1.01240000e-01i, -0.00000000e+00 + 0.00000000e+00i, 6.85720000e-01 + -5.70200000e-02i, -5.79920000e-01 + 7.02500000e-02i, 0.00000000e+00 + 0.00000000e+00i, 8.11640000e-01 + 0.00000000e+00i, 
3.00000000e+01  10  left fork arm 1.62520000e+00 + -1.16550000e-01i, -0.00000000e+00 + 0.00000000e+00i, 4.45850000e-01 + -6.46500000e-02i, -5.79920000e-01 + 7.02500000e-02i, 0.00000000e+00 + 0.00000000e+00i, 8.11640000e-01 + 0.00000000e+00i, 
3.00000000e+01  10  right fork arm 1.62520000e+00 + -1.16550000e-01i, -0.00000000e+00 + 0.00000000e+00i, 4.45850000e-01 + -6.46500000e-02i, -5.79920000e-01 + 7.02500000e-02i, 0.00000000e+00 + 0.00000000e+00i, 8.11640000e-01 + 0.00000000e+00i, 
3.00000000e+01  10  steer arm 1.38361000e+00 + -9.54100000e-02i, -0.00000000e+00 + 0.00000000e+00i, 7.83990000e-01 + -5.35800000e-02i, -5.75990000e-01 + 6.91700000e-02i, 0.00000000e+00 + 0.00000000e+00i, 8.14530000e-01 + 0.00000000e+00i, 
3.00000000e+01  10  lower left arm 8.82020000e-01 + 5.14000000e-03i, 1.52270000e-01 + 1.61800000e-02i, 2.15020000e-01 + -5.65000000e-03i, 6.52400000e-02 + 3.35200000e-02i, -1.64520000e-01 + -1.73700000e-02i, 9.83490000e-01 + 0.00000000e+00i, 
3.00000000e+01  10  upper left arm 8.63520000e-01 + 6.43000000e-03i, 1.62110000e-01 + 2.05600000e-02i, 3.17860000e-01 + -6.99000000e-03i, 7.69000000e-02 + 4.16000000e-02i, -1.95630000e-01 + -2.48600000e-02i, 9.76460000e-01 + 0.00000000e+00i, 
3.00000000e+01  10  lower right arm 8.82020000e-01 + 5.14000000e-03i, -1.52270000e-01 + -1.61800000e-02i, 2.15020000e-01 + -5.65000000e-03i, 6.52400000e-02 + 3.35200000e-02i, 1.64520000e-01 + 1.73700000e-02i, 9.83490000e-01 + 0.00000000e+00i, 
3.00000000e+01  10  upper right arm 8.63520000e-01 + 6.43000000e-03i, -1.62110000e-01 + -2.05600000e-02i, 3.17860000e-01 + -6.99000000e-03i, 7.69000000e-02 + 4.16000000e-02i, 1.95630000e-01 + 2.48600000e-02i, 9.76460000e-01 + 0.00000000e+00i, 

3.00000000e+01  11  bike 6.37870000e-01 + 0.00000000e+00i, 0.00000000e+00 + 0.00000000e+00i, 7.54380000e-01 + 0.00000000e+00i, 9.90070000e-01 + 0.00000000e+00i, 0.00000000e+00 + 0.00000000e+00i, 1.40570000e-01 + 0.00000000e+00i, 
3.00000000e+01  11  upper body 4.73070000e-01 + 0.00000000e+00i, 0.00000000e+00 + 0.00000000e+00i, 7.30990000e-01 + 0.00000000e+00i, 9.90070000e-01 + 0.00000000e+00i, 0.00000000e+00 + 0.00000000e+00i, 1.40570000e-01 + 0.00000000e+00i, 
3.00000000e+01  11  upper fork 1.16167000e+00 + 0.00000000e+00i, 0.00000000e+00 + 0.00000000e+00i, 8.26460000e-01 + 0.00000000e+00i, 9.99150000e-01 + 0.00000000e+00i, 0.00000000e+00 + 0.00000000e+00i, 4.11500000e-02 + 0.00000000e+00i, 
3.00000000e+01  11  lower fork 1.34473000e+00 + 0.00000000e+00i, -0.00000000e+00 + 0.00000000e+00i, 8.33810000e-01 + 0.00000000e+00i, 9.99210000e-01 + 0.00000000e+00i, 0.00000000e+00 + 0.00000000e+00i, 3.97200000e-02 + 0.00000000e+00i, 
3.00000000e+01  11  swing arm 1.43070000e-01 + 0.00000000e+00i, -0.00000000e+00 + 0.00000000e+00i, 6.84130000e-01 + 0.00000000e+00i, 9.90070000e-01 + 0.00000000e+00i, 0.00000000e+00 + 0.00000000e+00i, 1.40570000e-01 + 0.00000000e+00i, 
3.00000000e+01  11  bell crank 4.14550000e-01 + 0.00000000e+00i, 0.00000000e+00 + 0.00000000e+00i, 7.22680000e-01 + 0.00000000e+00i, 9.90070000e-01 + 0.00000000e+00i, 0.00000000e+00 + 0.00000000e+00i, 1.40570000e-01 + 0.00000000e+00i, 
3.00000000e+01  11  front wheel, bike 1.38799000e+00 + 0.00000000e+00i, -0.00000000e+00 + 0.00000000e+00i, 8.35530000e-01 + 0.00000000e+00i, 9.99210000e-01 + 0.00000000e+00i, -0.00000000e+00 + 0.00000000e+00i, 3.97200000e-02 + 0.00000000e+00i, 
3.00000000e+01  11  rear wheel, bike -5.10500000e-02 + 0.00000000e+00i, -0.00000000e+00 + 0.00000000e+00i, 6.56570000e-01 + 0.00000000e+00i, 9.90070000e-01 + 0.00000000e+00i, -0.00000000e+00 + 0.00000000e+00i, 1.40570000e-01 + 0.00000000e+00i, 
3.00000000e+01  11  fork rod 1.26500000e+00 + 0.00000000e+00i, -0.00000000e+00 + 0.00000000e+00i, 8.30640000e-01 + 0.00000000e+00i, 9.99210000e-01 + 0.00000000e+00i, 0.00000000e+00 + 0.00000000e+00i, 3.97200000e-02 + 0.00000000e+00i, 
3.00000000e+01  11  left fork arm 1.38799000e+00 + 0.00000000e+00i, -0.00000000e+00 + 0.00000000e+00i, 8.35530000e-01 + 0.00000000e+00i, 9.99210000e-01 + 0.00000000e+00i, 0.00000000e+00 + 0.00000000e+00i, 3.97200000e-02 + 0.00000000e+00i, 
3.00000000e+01  11  right fork arm 1.38799000e+00 + 0.00000000e+00i, -0.00000000e+00 + 0.00000000e+00i, 8.35530000e-01 + 0.00000000e+00i, 9.99210000e-01 + 0.00000000e+00i, 0.00000000e+00 + 0.00000000e+00i, 3.97200000e-02 + 0.00000000e+00i, 
3.00000000e+01  11  steer arm 1.21340000e+00 + 0.00000000e+00i, -0.00000000e+00 + 0.00000000e+00i, 8.28710000e-01 + 0.00000000e+00i, 9.99220000e-01 + 0.00000000e+00i, -0.00000000e+00 + 0.00000000e+00i, 3.95600000e-02 + 0.00000000e+00i, 
3.00000000e+01  11  lower left arm 9.79290000e-01 + 0.00000000e+00i, 2.22000000e-03 + 0.00000000e+00i, 7.99420000e-01 + 0.00000000e+00i, 9.74480000e-01 + 0.00000000e+00i, -1.98900000e-02 + 0.00000000e+00i, 2.23600000e-01 + 0.00000000e+00i, 
3.00000000e+01  11  upper left arm 1.01052000e+00 + 0.00000000e+00i, 1.47000000e-03 + 0.00000000e+00i, 8.06780000e-01 + 0.00000000e+00i, 9.78650000e-01 + 0.00000000e+00i, -1.99800000e-02 + 0.00000000e+00i, 2.04580000e-01 + 0.00000000e+00i, 
3.00000000e+01  11  lower right arm 9.79290000e-01 + 0.00000000e+00i, -2.22000000e-03 + 0.00000000e+00i, 7.99420000e-01 + 0.00000000e+00i, 9.74480000e-01 + 0.00000000e+00i, 1.98900000e-02 + 0.00000000e+00i, 2.23600000e-01 + 0.00000000e+00i, 
3.00000000e+01  11  upper right arm 1.01052000e+00 + 0.00000000e+00i, -1.47000000e-03 + 0.00000000e+00i, 8.06780000e-01 + 0.00000000e+00i, 9.78650000e-01 + 0.00000000e+00i, 1.99800000e-02 + 0.00000000e+00i, 2.04580000e-01 + 0.00000000e+00i, 

3.00000000e+01  12  bike 7.19890000e-01 + 1.28080000e-01i, -0.00000000e+00 + 0.00000000e+00i, 5.76800000e-01 + 3.00000000e-03i, -2.07470000e-01 + -5.76290000e-01i, 0.00000000e+00 + 0.00000000e+00i, 7.90470000e-01 + 0.00000000e+00i, 
3.00000000e+01  12  upper body 5.11780000e-01 + -1.76030000e-01i, 0.00000000e+00 + 0.00000000e+00i, 1.03707000e+00 + -1.16760000e-01i, -2.07470000e-01 + -5.76290000e-01i, 0.00000000e+00 + 0.00000000e+00i, 7.90470000e-01 + 0.00000000e+00i, 
3.00000000e+01  12  upper fork 1.17857000e+00 + 2.13550000e-01i, -0.00000000e+00 + 0.00000000e+00i, 8.21610000e-01 + 2.95890000e-01i, 8.14370000e-01 + 0.00000000e+00i, -0.00000000e+00 + 0.00000000e+00i, -5.77190000e-01 + 6.05500000e-02i, 
3.00000000e+01  12  lower fork 1.52586000e+00 + 2.34300000e-01i, -0.00000000e+00 + 0.00000000e+00i, 5.56550000e-01 + 3.00890000e-01i, 8.01020000e-01 + 0.00000000e+00i, -0.00000000e+00 + 0.00000000e+00i, -5.97690000e-01 + 3.37000000e-02i, 
3.00000000e+01  12  swing arm 5.65530000e-01 + 2.01470000e-01i, -0.00000000e+00 + 0.00000000e+00i, 5.55170000e-01 + -2.16520000e-01i, -2.07470000e-01 + -5.76290000e-01i, 0.00000000e+00 + 0.00000000e+00i, 7.90470000e-01 + 0.00000000e+00i, 
3.00000000e+01  12  bell crank 6.99540000e-01 + 2.64600000e-01i, -0.00000000e+00 + 0.00000000e+00i, 4.19940000e-01 + -8.13900000e-02i, -2.07470000e-01 + -5.76290000e-01i, 0.00000000e+00 + 0.00000000e+00i, 7.90470000e-01 + 0.00000000e+00i, 
3.00000000e+01  12  front wheel, bike 1.57485000e+00 + 2.35430000e-01i, -0.00000000e+00 + 0.00000000e+00i, 5.19960000e-01 + 3.02100000e-01i, 8.01020000e-01 + 0.00000000e+00i, 0.00000000e+00 + 0.00000000e+00i, -5.97690000e-01 + 3.37000000e-02i, 
3.00000000e+01  12  rear wheel, bike 4.94340000e-01 + 2.07990000e-01i, -0.00000000e+00 + 0.00000000e+00i, 5.78380000e-01 + -3.05810000e-01i, -2.07470000e-01 + -5.76290000e-01i, -0.00000000e+00 + 0.00000000e+00i, 7.90470000e-01 + 0.00000000e+00i, 
3.00000000e+01  12  fork rod 1.36042000e+00 + 2.28180000e-01i, -0.00000000e+00 + 0.00000000e+00i, 6.80260000e-01 + 2.98490000e-01i, 8.01020000e-01 + 0.00000000e+00i, -0.00000000e+00 + 0.00000000e+00i, -5.97690000e-01 + 3.37000000e-02i, 
3.00000000e+01  12  left fork arm 1.57485000e+00 + 2.35430000e-01i, -0.00000000e+00 + 0.00000000e+00i, 5.19960000e-01 + 3.02100000e-01i, 8.01020000e-01 + 0.00000000e+00i, -0.00000000e+00 + 0.00000000e+00i, -5.97690000e-01 + 3.37000000e-02i, 
3.00000000e+01  12  right fork arm 1.57485000e+00 + 2.35430000e-01i, -0.00000000e+00 + 0.00000000e+00i, 5.19960000e-01 + 3.02100000e-01i, 8.01020000e-01 + 0.00000000e+00i, -0.00000000e+00 + 0.00000000e+00i, -5.97690000e-01 + 3.37000000e-02i, 
3.00000000e+01  12  steer arm 1.27291000e+00 + 2.26460000e-01i, -0.00000000e+00 + 0.00000000e+00i, 7.45690000e-01 + 2.97390000e-01i, 7.99410000e-01 + 0.00000000e+00i, 0.00000000e+00 + 0.00000000e+00i, -6.00020000e-01 + 3.03900000e-02i, 
3.00000000e+01  12  lower left arm 8.93940000e-01 + 1.37220000e-01i, 1.02090000e-01 + -3.40400000e-02i, 2.45210000e-01 + 7.87100000e-02i, -2.12000000e-03 + -3.48530000e-01i, -1.17850000e-01 + 3.49500000e-02i, 9.29200000e-01 + 0.00000000e+00i, 
3.00000000e+01  12  upper left arm 8.87540000e-01 + 1.23380000e-01i, 9.92200000e-02 + -3.86800000e-02i, 3.39040000e-01 + 9.29800000e-02i, -1.91800000e-02 + -3.90160000e-01i, -1.30270000e-01 + 4.48200000e-02i, 9.10180000e-01 + 0.00000000e+00i, 
3.00000000e+01  12  lower right arm 8.93940000e-01 + 1.37220000e-01i, -1.02090000e-01 + 3.40400000e-02i, 2.45210000e-01 + 7.87100000e-02i, -2.12000000e-03 + -3.48530000e-01i, 1.17850000e-01 + -3.49500000e-02i, 9.29200000e-01 + 0.00000000e+00i, 
3.00000000e+01  12  upper right arm 8.87540000e-01 + 1.23380000e-01i, -9.92200000e-02 + 3.86800000e-02i, 3.39040000e-01 + 9.29800000e-02i, -1.91800000e-02 + -3.90160000e-01i, 1.30270000e-01 + -4.48200000e-02i, 9.10180000e-01 + 0.00000000e+00i, 

3.00000000e+01  13  bike 7.19890000e-01 + -1.28080000e-01i, -0.00000000e+00 + 0.00000000e+00i, 5.76800000e-01 + -3.00000000e-03i, -2.07470000e-01 + 5.76290000e-01i, 0.00000000e+00 + 0.00000000e+00i, 7.90470000e-01 + 0.00000000e+00i, 
3.00000000e+01  13  upper body 5.11780000e-01 + 1.76030000e-01i, 0.00000000e+00 + 0.00000000e+00i, 1.03707000e+00 + 1.16760000e-01i, -2.07470000e-01 + 5.76290000e-01i, 0.00000000e+00 + 0.00000000e+00i, 7.90470000e-01 + 0.00000000e+00i, 
3.00000000e+01  13  upper fork 1.17857000e+00 + -2.13550000e-01i, -0.00000000e+00 + 0.00000000e+00i, 8.21610000e-01 + -2.95890000e-01i, 8.14370000e-01 + 0.00000000e+00i, -0.00000000e+00 + 0.00000000e+00i, -5.77190000e-01 + -6.05500000e-02i, 
3.00000000e+01  13  lower fork 1.52586000e+00 + -2.34300000e-01i, -0.00000000e+00 + 0.00000000e+00i, 5.56550000e-01 + -3.00890000e-01i, 8.01020000e-01 + 0.00000000e+00i, -0.00000000e+00 + 0.00000000e+00i, -5.97690000e-01 + -3.37000000e-02i, 
3.00000000e+01  13  swing arm 5.65530000e-01 + -2.01470000e-01i, -0.00000000e+00 + 0.00000000e+00i, 5.55170000e-01 + 2.16520000e-01i, -2.07470000e-01 + 5.76290000e-01i, 0.00000000e+00 + 0.00000000e+00i, 7.90470000e-01 + 0.00000000e+00i, 
3.00000000e+01  13  bell crank 6.99540000e-01 + -2.64600000e-01i, -0.00000000e+00 + 0.00000000e+00i, 4.19940000e-01 + 8.13900000e-02i, -2.07470000e-01 + 5.76290000e-01i, 0.00000000e+00 + 0.00000000e+00i, 7.90470000e-01 + 0.00000000e+00i, 
3.00000000e+01  13  front wheel, bike 1.57485000e+00 + -2.35430000e-01i, -0.00000000e+00 + 0.00000000e+00i, 5.19960000e-01 + -3.02100000e-01i, 8.01020000e-01 + 0.00000000e+00i, 0.00000000e+00 + 0.00000000e+00i, -5.97690000e-01 + -3.37000000e-02i, 
3.00000000e+01  13  rear wheel, bike 4.94340000e-01 + -2.07990000e-01i, -0.00000000e+00 + 0.00000000e+00i, 5.78380000e-01 + 3.05810000e-01i, -2.07470000e-01 + 5.76290000e-01i, -0.00000000e+00 + 0.00000000e+00i, 7.90470000e-01 + 0.00000000e+00i, 
3.00000000e+01  13  fork rod 1.36042000e+00 + -2.28180000e-01i, -0.00000000e+00 + 0.00000000e+00i, 6.80260000e-01 + -2.98490000e-01i, 8.01020000e-01 + 0.00000000e+00i, -0.00000000e+00 + 0.00000000e+00i, -5.97690000e-01 + -3.37000000e-02i, 
3.00000000e+01  13  left fork arm 1.57485000e+00 + -2.35430000e-01i, -0.00000000e+00 + 0.00000000e+00i, 5.19960000e-01 + -3.02100000e-01i, 8.01020000e-01 + 0.00000000e+00i, -0.00000000e+00 + 0.00000000e+00i, -5.97690000e-01 + -3.37000000e-02i, 
3.00000000e+01  13  right fork arm 1.57485000e+00 + -2.35430000e-01i, -0.00000000e+00 + 0.00000000e+00i, 5.19960000e-01 + -3.02100000e-01i, 8.01020000e-01 + 0.00000000e+00i, -0.00000000e+00 + 0.00000000e+00i, -5.97690000e-01 + -3.37000000e-02i, 
3.00000000e+01  13  steer arm 1.27291000e+00 + -2.26460000e-01i, -0.00000000e+00 + 0.00000000e+00i, 7.45690000e-01 + -2.97390000e-01i, 7.99410000e-01 + 0.00000000e+00i, 0.00000000e+00 + 0.00000000e+00i, -6.00020000e-01 + -3.03900000e-02i, 
3.00000000e+01  13  lower left arm 8.93940000e-01 + -1.37220000e-01i, 1.02090000e-01 + 3.40400000e-02i, 2.45210000e-01 + -7.87100000e-02i, -2.12000000e-03 + 3.48530000e-01i, -1.17850000e-01 + -3.49500000e-02i, 9.29200000e-01 + 0.00000000e+00i, 
3.00000000e+01  13  upper left arm 8.87540000e-01 + -1.23380000e-01i, 9.92200000e-02 + 3.86800000e-02i, 3.39040000e-01 + -9.29800000e-02i, -1.91800000e-02 + 3.90160000e-01i, -1.30270000e-01 + -4.48200000e-02i, 9.10180000e-01 + 0.00000000e+00i, 
3.00000000e+01  13  lower right arm 8.93940000e-01 + -1.37220000e-01i, -1.02090000e-01 + -3.40400000e-02i, 2.45210000e-01 + -7.87100000e-02i, -2.12000000e-03 + 3.48530000e-01i, 1.17850000e-01 + 3.49500000e-02i, 9.29200000e-01 + 0.00000000e+00i, 
3.00000000e+01  13  upper right arm 8.87540000e-01 + -1.23380000e-01i, -9.92200000e-02 + -3.86800000e-02i, 3.39040000e-01 + -9.29800000e-02i, -1.91800000e-02 + 3.90160000e-01i, 1.30270000e-01 + 4.48200000e-02i, 9.10180000e-01 + 0.00000000e+00i, 

3.00000000e+01  14  bike 2.48000000e-02 + -1.35710000e-01i, -0.00000000e+00 + 0.00000000e+00i, 5.23590000e-01 + 4.80000000e-04i, -0.00000000e+00 + 0.00000000e+00i, 1.00000000e+00 + 0.00000000e+00i, -0.00000000e+00 + 0.00000000e+00i, 
3.00000000e+01  14  upper body 2.48000000e-02 + -1.35710000e-01i, -0.00000000e+00 + 0.00000000e+00i, 5.23590000e-01 + 4.80000000e-04i, -0.00000000e+00 + 0.00000000e+00i, 1.00000000e+00 + 0.00000000e+00i, -0.00000000e+00 + 0.00000000e+00i, 
3.00000000e+01  14  upper fork 2.48000000e-02 + -1.35710000e-01i, -0.00000000e+00 + 0.00000000e+00i, 5.23590000e-01 + 4.80000000e-04i, 0.00000000e+00 + 0.00000000e+00i, -9.92980000e-01 + 1.18290000e-01i, 0.00000000e+00 + 0.00000000e+00i, 
3.00000000e+01  14  lower fork 1.38716000e+00 + -3.09860000e-01i, 0.00000000e+00 + 0.00000000e+00i, 5.23590000e-01 + 4.80000000e-04i, -0.00000000e+00 + 0.00000000e+00i, 1.00000000e+00 + 0.00000000e+00i, -0.00000000e+00 + 0.00000000e+00i, 
3.00000000e+01  14  swing arm 2.03100000e-02 + -1.21340000e-01i, 0.00000000e+00 + 0.00000000e+00i, 5.23830000e-01 + -4.04000000e-03i, -0.00000000e+00 + 0.00000000e+00i, 1.00000000e+00 + 0.00000000e+00i, -0.00000000e+00 + 0.00000000e+00i, 
3.00000000e+01  14  bell crank 1.30400000e-02 + -8.85200000e-02i, -0.00000000e+00 + 0.00000000e+00i, 5.23220000e-01 + -3.02300000e-02i, -0.00000000e+00 + 0.00000000e+00i, 1.00000000e+00 + 0.00000000e+00i, -0.00000000e+00 + 0.00000000e+00i, 
3.00000000e+01  14  front wheel, bike 1.41878000e+00 + 3.49580000e-01i, 0.00000000e+00 + 0.00000000e+00i, 1.04300000e-02 + -1.37100000e-02i, 0.00000000e+00 + 0.00000000e+00i, 1.00000000e+00 + 0.00000000e+00i, 0.00000000e+00 + 0.00000000e+00i, 
3.00000000e+01  14  rear wheel, bike -3.72700000e-02 + 1.49700000e-01i, 0.00000000e+00 + 0.00000000e+00i, 1.30500000e-02 + -1.71600000e-02i, 0.00000000e+00 + 0.00000000e+00i, 1.00000000e+00 + 0.00000000e+00i, 0.00000000e+00 + 0.00000000e+00i, 
3.00000000e+01  14  fork rod 1.38716000e+00 + -3.09860000e-01i, 0.00000000e+00 + 0.00000000e+00i, 5.23590000e-01 + 4.80000000e-04i, -0.00000000e+00 + 0.00000000e+00i, 1.00000000e+00 + 0.00000000e+00i, -0.00000000e+00 + 0.00000000e+00i, 
3.00000000e+01  14  left fork arm 1.38716000e+00 + -3.09860000e-01i, 1.00000000e-01 + 0.00000000e+00i, 5.23590000e-01 + 4.80000000e-04i, -0.00000000e+00 + 0.00000000e+00i, 1.00000000e+00 + 0.00000000e+00i, -0.00000000e+00 + 0.00000000e+00i, 
3.00000000e+01  14  right fork arm 1.38716000e+00 + -3.09860000e-01i, -1.00000000e-01 + 0.00000000e+00i, 5.23590000e-01 + 4.80000000e-04i, -0.00000000e+00 + 0.00000000e+00i, 1.00000000e+00 + 0.00000000e+00i, -0.00000000e+00 + 0.00000000e+00i, 
3.00000000e+01  14  steer arm 1.16082000e+00 + 1.85780000e-01i, 0.00000000e+00 + 0.00000000e+00i, 5.68010000e-01 + 3.44000000e-03i, 0.00000000e+00 + 0.00000000e+00i, 1.00000000e+00 + 0.00000000e+00i, -0.00000000e+00 + 0.00000000e+00i, 
3.00000000e+01  14  lower left arm 1.18406000e+00 + 4.79300000e-02i, 1.57500000e-01 + 0.00000000e+00i, 1.45560000e-01 + -8.24000000e-03i, 0.00000000e+00 + 0.00000000e+00i, 1.00000000e+00 + 0.00000000e+00i, 0.00000000e+00 + 0.00000000e+00i, 
3.00000000e+01  14  upper left arm 1.18406000e+00 + 4.79300000e-02i, 1.75000000e-01 + 0.00000000e+00i, 2.62380000e-01 + -5.72000000e-03i, 0.00000000e+00 + 0.00000000e+00i, 1.00000000e+00 + 0.00000000e+00i, 0.00000000e+00 + 0.00000000e+00i, 
3.00000000e+01  14  lower right arm 1.18406000e+00 + 4.79300000e-02i, -1.57500000e-01 + 0.00000000e+00i, 1.45560000e-01 + -8.24000000e-03i, 0.00000000e+00 + 0.00000000e+00i, 1.00000000e+00 + 0.00000000e+00i, 0.00000000e+00 + 0.00000000e+00i, 
3.00000000e+01  14  upper right arm 1.18406000e+00 + 4.79300000e-02i, -1.75000000e-01 + 0.00000000e+00i, 2.62380000e-01 + -5.72000000e-03i, 0.00000000e+00 + 0.00000000e+00i, 1.00000000e+00 + 0.00000000e+00i, 0.00000000e+00 + 0.00000000e+00i, 

3.00000000e+01  15  bike 2.48000000e-02 + 1.35710000e-01i, -0.00000000e+00 + 0.00000000e+00i, 5.23590000e-01 + -4.80000000e-04i, -0.00000000e+00 + 0.00000000e+00i, 1.00000000e+00 + 0.00000000e+00i, -0.00000000e+00 + 0.00000000e+00i, 
3.00000000e+01  15  upper body 2.48000000e-02 + 1.35710000e-01i, -0.00000000e+00 + 0.00000000e+00i, 5.23590000e-01 + -4.80000000e-04i, -0.00000000e+00 + 0.00000000e+00i, 1.00000000e+00 + 0.00000000e+00i, -0.00000000e+00 + 0.00000000e+00i, 
3.00000000e+01  15  upper fork 2.48000000e-02 + 1.35710000e-01i, -0.00000000e+00 + 0.00000000e+00i, 5.23590000e-01 + -4.80000000e-04i, 0.00000000e+00 + 0.00000000e+00i, -9.92980000e-01 + -1.18290000e-01i, 0.00000000e+00 + 0.00000000e+00i, 
3.00000000e+01  15  lower fork 1.38716000e+00 + 3.09860000e-01i, 0.00000000e+00 + 0.00000000e+00i, 5.23590000e-01 + -4.80000000e-04i, -0.00000000e+00 + 0.00000000e+00i, 1.00000000e+00 + 0.00000000e+00i, -0.00000000e+00 + 0.00000000e+00i, 
3.00000000e+01  15  swing arm 2.03100000e-02 + 1.21340000e-01i, 0.00000000e+00 + 0.00000000e+00i, 5.23830000e-01 + 4.04000000e-03i, -0.00000000e+00 + 0.00000000e+00i, 1.00000000e+00 + 0.00000000e+00i, -0.00000000e+00 + 0.00000000e+00i, 
3.00000000e+01  15  bell crank 1.30400000e-02 + 8.85200000e-02i, -0.00000000e+00 + 0.00000000e+00i, 5.23220000e-01 + 3.02300000e-02i, -0.00000000e+00 + 0.00000000e+00i, 1.00000000e+00 + 0.00000000e+00i, -0.00000000e+00 + 0.00000000e+00i, 
3.00000000e+01  15  front wheel, bike 1.41878000e+00 + -3.49580000e-01i, 0.00000000e+00 + 0.00000000e+00i, 1.04300000e-02 + 1.37100000e-02i, 0.00000000e+00 + 0.00000000e+00i, 1.00000000e+00 + 0.00000000e+00i, 0.00000000e+00 + 0.00000000e+00i, 
3.00000000e+01  15  rear wheel, bike -3.72700000e-02 + -1.49700000e-01i, 0.00000000e+00 + 0.00000000e+00i, 1.30500000e-02 + 1.71600000e-02i, 0.00000000e+00 + 0.00000000e+00i, 1.00000000e+00 + 0.00000000e+00i, 0.00000000e+00 + 0.00000000e+00i, 
3.00000000e+01  15  fork rod 1.38716000e+00 + 3.09860000e-01i, 0.00000000e+00 + 0.00000000e+00i, 5.23590000e-01 + -4.80000000e-04i, -0.00000000e+00 + 0.00000000e+00i, 1.00000000e+00 + 0.00000000e+00i, -0.00000000e+00 + 0.00000000e+00i, 
3.00000000e+01  15  left fork arm 1.38716000e+00 + 3.09860000e-01i, 1.00000000e-01 + 0.00000000e+00i, 5.23590000e-01 + -4.80000000e-04i, -0.00000000e+00 + 0.00000000e+00i, 1.00000000e+00 + 0.00000000e+00i, -0.00000000e+00 + 0.00000000e+00i, 
3.00000000e+01  15  right fork arm 1.38716000e+00 + 3.09860000e-01i, -1.00000000e-01 + 0.00000000e+00i, 5.23590000e-01 + -4.80000000e-04i, -0.00000000e+00 + 0.00000000e+00i, 1.00000000e+00 + 0.00000000e+00i, -0.00000000e+00 + 0.00000000e+00i, 
3.00000000e+01  15  steer arm 1.16082000e+00 + -1.85780000e-01i, 0.00000000e+00 + 0.00000000e+00i, 5.68010000e-01 + -3.44000000e-03i, 0.00000000e+00 + 0.00000000e+00i, 1.00000000e+00 + 0.00000000e+00i, -0.00000000e+00 + 0.00000000e+00i, 
3.00000000e+01  15  lower left arm 1.18406000e+00 + -4.79300000e-02i, 1.57500000e-01 + 0.00000000e+00i, 1.45560000e-01 + 8.24000000e-03i, 0.00000000e+00 + 0.00000000e+00i, 1.00000000e+00 + 0.00000000e+00i, 0.00000000e+00 + 0.00000000e+00i, 
3.00000000e+01  15  upper left arm 1.18406000e+00 + -4.79300000e-02i, 1.75000000e-01 + 0.00000000e+00i, 2.62380000e-01 + 5.72000000e-03i, 0.00000000e+00 + 0.00000000e+00i, 1.00000000e+00 + 0.00000000e+00i, 0.00000000e+00 + 0.00000000e+00i, 
3.00000000e+01  15  lower right arm 1.18406000e+00 + -4.79300000e-02i, -1.57500000e-01 + 0.00000000e+00i, 1.45560000e-01 + 8.24000000e-03i, 0.00000000e+00 + 0.00000000e+00i, 1.00000000e+00 + 0.00000000e+00i, 0.00000000e+00 + 0.00000000e+00i, 
3.00000000e+01  15  upper right arm 1.18406000e+00 + -4.79300000e-02i, -1.75000000e-01 + 0.00000000e+00i, 2.62380000e-01 + 5.72000000e-03i, 0.00000000e+00 + 0.00000000e+00i, 1.00000000e+00 + 0.00000000e+00i, 0.00000000e+00 + 0.00000000e+00i, 

3.00000000e+01  16  bike 6.37445800e+01 + 7.11570104e+06i, 2.95307000e+00 + 6.85094515e+04i, 2.95327200e+02 + 5.40000000e-04i, 4.00000000e-05 + 0.00000000e+00i, -0.00000000e+00 + 0.00000000e+00i, -1.00000000e-05 + 1.00000000e+00i, 
3.00000000e+01  16  upper body 6.29270100e+01 + 7.11570104e+06i, 2.94520000e+00 + 6.85094515e+04i, 2.95749250e+02 + 5.30000000e-04i, 4.00000000e-05 + 0.00000000e+00i, -0.00000000e+00 + 0.00000000e+00i, -1.00000000e-05 + 1.00000000e+00i, 
3.00000000e+01  16  upper fork 6.76411400e+01 + 7.11570104e+06i, 2.99059000e+00 + 6.85094515e+04i, 2.98343160e+02 + 5.70000000e-04i, 4.00000000e-05 + 0.00000000e+00i, -0.00000000e+00 + 0.00000000e+00i, -1.00000000e-05 + 1.00000000e+00i, 
3.00000000e+01  16  lower fork 6.80149000e+01 + 7.11570104e+06i, 2.99419000e+00 + 6.85094515e+04i, 2.97130270e+02 + 5.80000000e-04i, 4.00000000e-05 + 0.00000000e+00i, -0.00000000e+00 + 0.00000000e+00i, -1.00000000e-05 + 1.00000000e+00i, 
3.00000000e+01  16  swing arm 6.37659100e+01 + 7.11570104e+06i, 2.95328000e+00 + 6.85094515e+04i, 2.95209110e+02 + 5.20000000e-04i, 4.00000000e-05 + 0.00000000e+00i, -0.00000000e+00 + 0.00000000e+00i, -1.00000000e-05 + 1.00000000e+00i, 
3.00000000e+01  16  bell crank 6.38795400e+01 + 7.11570104e+06i, 2.95437000e+00 + 6.85094515e+04i, 2.95391640e+02 + 5.30000000e-04i, 4.00000000e-05 + 0.00000000e+00i, -0.00000000e+00 + 0.00000000e+00i, -1.00000000e-05 + 1.00000000e+00i, 
3.00000000e+01  16  front wheel, bike 1.41000000e+00 + 1.20000000e-04i, 0.00000000e+00 + 0.00000000e+00i, 0.00000000e+00 + 0.00000000e+00i, 0.00000000e+00 + 0.00000000e+00i, -1.00000000e+00 + 3.00000000e-05i, -0.00000000e+00 + 0.00000000e+00i, 
3.00000000e+01  16  rear wheel, bike 0.00000000e+00 + 1.30000000e-04i, 0.00000000e+00 + 0.00000000e+00i, 0.00000000e+00 + 0.00000000e+00i, 0.00000000e+00 + 0.00000000e+00i, -1.00000000e+00 + 3.00000000e-05i, -0.00000000e+00 + 0.00000000e+00i, 
3.00000000e+01  16  fork rod 6.80046100e+01 + 7.11570104e+06i, 2.99409000e+00 + 6.85094515e+04i, 2.97400750e+02 + 5.70000000e-04i, 4.00000000e-05 + 0.00000000e+00i, -0.00000000e+00 + 0.00000000e+00i, -1.00000000e-05 + 1.00000000e+00i, 
3.00000000e+01  16  left fork arm 6.78989000e+01 + 7.11570104e+06i, 2.99307000e+00 + 6.85094515e+04i, 2.96982830e+02 + 5.80000000e-04i, 4.00000000e-05 + 0.00000000e+00i, -0.00000000e+00 + 0.00000000e+00i, -1.00000000e-05 + 1.00000000e+00i, 
3.00000000e+01  16  right fork arm 6.82781400e+01 + 7.11570104e+06i, 2.99672000e+00 + 6.85094515e+04i, 2.97113420e+02 + 5.80000000e-04i, 4.00000000e-05 + 0.00000000e+00i, -0.00000000e+00 + 0.00000000e+00i, -1.00000000e-05 + 1.00000000e+00i, 
3.00000000e+01  16  steer arm 6.96711700e+01 + 7.11570104e+06i, 3.01013000e+00 + 6.85094515e+04i, 2.94266590e+02 + 5.60000000e-04i, 4.00000000e-05 + 0.00000000e+00i, 0.00000000e+00 + 0.00000000e+00i, -1.00000000e-05 + 1.00000000e+00i, 
3.00000000e+01  16  lower left arm 6.28641900e+01 + 7.11570104e+06i, 2.94460000e+00 + 6.85094515e+04i, 2.95336150e+02 + 5.50000000e-04i, 4.00000000e-05 + 0.00000000e+00i, 0.00000000e+00 + 0.00000000e+00i, -1.00000000e-05 + 1.00000000e+00i, 
3.00000000e+01  16  upper left arm 6.39426300e+01 + 7.11570104e+06i, 2.95498000e+00 + 6.85094515e+04i, 2.95314470e+02 + 5.50000000e-04i, 4.00000000e-05 + 0.00000000e+00i, 0.00000000e+00 + 0.00000000e+00i, -1.00000000e-05 + 1.00000000e+00i, 
3.00000000e+01  16  lower right arm 6.32459500e+01 + 7.11570104e+06i, 2.94827000e+00 + 6.85094515e+04i, 2.95336610e+02 + 5.50000000e-04i, 4.00000000e-05 + 0.00000000e+00i, 0.00000000e+00 + 0.00000000e+00i, -1.00000000e-05 + 1.00000000e+00i, 
3.00000000e+01  16  upper right arm 6.47807300e+01 + 7.11570104e+06i, 2.96305000e+00 + 6.85094515e+04i, 2.95473560e+02 + 5.50000000e-04i, 4.00000000e-05 + 0.00000000e+00i, 0.00000000e+00 + 0.00000000e+00i, -1.00000000e-05 + 1.00000000e+00i, 

3.00000000e+01  17  bike 6.37445800e+01 + -7.11570104e+06i, 2.95307000e+00 + -6.85094515e+04i, 2.95327200e+02 + -5.40000000e-04i, 4.00000000e-05 + 0.00000000e+00i, -0.00000000e+00 + 0.00000000e+00i, -1.00000000e-05 + -1.00000000e+00i, 
3.00000000e+01  17  upper body 6.29270100e+01 + -7.11570104e+06i, 2.94520000e+00 + -6.85094515e+04i, 2.95749250e+02 + -5.30000000e-04i, 4.00000000e-05 + 0.00000000e+00i, -0.00000000e+00 + 0.00000000e+00i, -1.00000000e-05 + -1.00000000e+00i, 
3.00000000e+01  17  upper fork 6.76411400e+01 + -7.11570104e+06i, 2.99059000e+00 + -6.85094515e+04i, 2.98343160e+02 + -5.70000000e-04i, 4.00000000e-05 + 0.00000000e+00i, -0.00000000e+00 + 0.00000000e+00i, -1.00000000e-05 + -1.00000000e+00i, 
3.00000000e+01  17  lower fork 6.80149000e+01 + -7.11570104e+06i, 2.99419000e+00 + -6.85094515e+04i, 2.97130270e+02 + -5.80000000e-04i, 4.00000000e-05 + 0.00000000e+00i, -0.00000000e+00 + 0.00000000e+00i, -1.00000000e-05 + -1.00000000e+00i, 
3.00000000e+01  17  swing arm 6.37659100e+01 + -7.11570104e+06i, 2.95328000e+00 + -6.85094515e+04i, 2.95209110e+02 + -5.20000000e-04i, 4.00000000e-05 + 0.00000000e+00i, -0.00000000e+00 + 0.00000000e+00i, -1.00000000e-05 + -1.00000000e+00i, 
3.00000000e+01  17  bell crank 6.38795400e+01 + -7.11570104e+06i, 2.95437000e+00 + -6.85094515e+04i, 2.95391640e+02 + -5.30000000e-04i, 4.00000000e-05 + 0.00000000e+00i, -0.00000000e+00 + 0.00000000e+00i, -1.00000000e-05 + -1.00000000e+00i, 
3.00000000e+01  17  front wheel, bike 1.41000000e+00 + -1.20000000e-04i, 0.00000000e+00 + 0.00000000e+00i, 0.00000000e+00 + 0.00000000e+00i, 0.00000000e+00 + 0.00000000e+00i, -1.00000000e+00 + -3.00000000e-05i, -0.00000000e+00 + 0.00000000e+00i, 
3.00000000e+01  17  rear wheel, bike 0.00000000e+00 + -1.30000000e-04i, 0.00000000e+00 + 0.00000000e+00i, 0.00000000e+00 + 0.00000000e+00i, 0.00000000e+00 + 0.00000000e+00i, -1.00000000e+00 + -3.00000000e-05i, -0.00000000e+00 + 0.00000000e+00i, 
3.00000000e+01  17  fork rod 6.80046100e+01 + -7.11570104e+06i, 2.99409000e+00 + -6.85094515e+04i, 2.97400750e+02 + -5.70000000e-04i, 4.00000000e-05 + 0.00000000e+00i, -0.00000000e+00 + 0.00000000e+00i, -1.00000000e-05 + -1.00000000e+00i, 
3.00000000e+01  17  left fork arm 6.78989000e+01 + -7.11570104e+06i, 2.99307000e+00 + -6.85094515e+04i, 2.96982830e+02 + -5.80000000e-04i, 4.00000000e-05 + 0.00000000e+00i, -0.00000000e+00 + 0.00000000e+00i, -1.00000000e-05 + -1.00000000e+00i, 
3.00000000e+01  17  right fork arm 6.82781400e+01 + -7.11570104e+06i, 2.99672000e+00 + -6.85094515e+04i, 2.97113420e+02 + -5.80000000e-04i, 4.00000000e-05 + 0.00000000e+00i, -0.00000000e+00 + 0.00000000e+00i, -1.00000000e-05 + -1.00000000e+00i, 
3.00000000e+01  17  steer arm 6.96711700e+01 + -7.11570104e+06i, 3.01013000e+00 + -6.85094515e+04i, 2.94266590e+02 + -5.60000000e-04i, 4.00000000e-05 + 0.00000000e+00i, 0.00000000e+00 + 0.00000000e+00i, -1.00000000e-05 + -1.00000000e+00i, 
3.00000000e+01  17  lower left arm 6.28641900e+01 + -7.11570104e+06i, 2.94460000e+00 + -6.85094515e+04i, 2.95336150e+02 + -5.50000000e-04i, 4.00000000e-05 + 0.00000000e+00i, 0.00000000e+00 + 0.00000000e+00i, -1.00000000e-05 + -1.00000000e+00i, 
3.00000000e+01  17  upper left arm 6.39426300e+01 + -7.11570104e+06i, 2.95498000e+00 + -6.85094515e+04i, 2.95314470e+02 + -5.50000000e-04i, 4.00000000e-05 + 0.00000000e+00i, 0.00000000e+00 + 0.00000000e+00i, -1.00000000e-05 + -1.00000000e+00i, 
3.00000000e+01  17  lower right arm 6.32459500e+01 + -7.11570104e+06i, 2.94827000e+00 + -6.85094515e+04i, 2.95336610e+02 + -5.50000000e-04i, 4.00000000e-05 + 0.00000000e+00i, 0.00000000e+00 + 0.00000000e+00i, -1.00000000e-05 + -1.00000000e+00i, 
3.00000000e+01  17  upper right arm 6.47807300e+01 + -7.11570104e+06i, 2.96305000e+00 + -6.85094515e+04i, 2.95473560e+02 + -5.50000000e-04i, 4.00000000e-05 + 0.00000000e+00i, 0.00000000e+00 + 0.00000000e+00i, -1.00000000e-05 + -1.00000000e+00i, 

3.00000000e+01  18  bike -2.29247700e+02 + 0.00000000e+00i, 0.00000000e+00 + 0.00000000e+00i, -8.17414000e+01 + 0.00000000e+00i, -3.36690000e-01 + 0.00000000e+00i, -0.00000000e+00 + 0.00000000e+00i, 9.41620000e-01 + 0.00000000e+00i, 
3.00000000e+01  18  upper body -2.29489150e+02 + 0.00000000e+00i, 0.00000000e+00 + 0.00000000e+00i, -8.10661300e+01 + 0.00000000e+00i, -3.36690000e-01 + 0.00000000e+00i, -0.00000000e+00 + 0.00000000e+00i, 9.41620000e-01 + 0.00000000e+00i, 
3.00000000e+01  18  upper fork -2.28257220e+02 + 0.00000000e+00i, 0.00000000e+00 + 0.00000000e+00i, -8.13486200e+01 + 0.00000000e+00i, -3.37000000e-01 + 0.00000000e+00i, -0.00000000e+00 + 0.00000000e+00i, 9.41500000e-01 + 0.00000000e+00i, 
3.00000000e+01  18  lower fork -2.28100850e+02 + 0.00000000e+00i, 0.00000000e+00 + 0.00000000e+00i, -8.17730300e+01 + 0.00000000e+00i, -3.36860000e-01 + 0.00000000e+00i, -0.00000000e+00 + 0.00000000e+00i, 9.41550000e-01 + 0.00000000e+00i, 
3.00000000e+01  18  swing arm -2.29251250e+02 + 0.00000000e+00i, 0.00000000e+00 + 0.00000000e+00i, -8.17314500e+01 + 0.00000000e+00i, -3.36690000e-01 + 0.00000000e+00i, -0.00000000e+00 + 0.00000000e+00i, 9.41620000e-01 + 0.00000000e+00i, 
3.00000000e+01  18  bell crank -2.29173700e+02 + 0.00000000e+00i, 0.00000000e+00 + 0.00000000e+00i, -8.19483600e+01 + 0.00000000e+00i, -3.36690000e-01 + 0.00000000e+00i, -0.00000000e+00 + 0.00000000e+00i, 9.41620000e-01 + 0.00000000e+00i, 
3.00000000e+01  18  front wheel, bike -2.28082430e+02 + 0.00000000e+00i, 0.00000000e+00 + 0.00000000e+00i, -8.18245300e+01 + 0.00000000e+00i, -3.36860000e-01 + 0.00000000e+00i, 0.00000000e+00 + 0.00000000e+00i, 9.41550000e-01 + 0.00000000e+00i, 
3.00000000e+01  18  rear wheel, bike -2.29268940e+02 + 0.00000000e+00i, 0.00000000e+00 + 0.00000000e+00i, -8.16820000e+01 + 0.00000000e+00i, -3.36690000e-01 + 0.00000000e+00i, 0.00000000e+00 + 0.00000000e+00i, 9.41620000e-01 + 0.00000000e+00i, 
3.00000000e+01  18  fork rod -2.28182770e+02 + 0.00000000e+00i, 0.00000000e+00 + 0.00000000e+00i, -8.15440600e+01 + 0.00000000e+00i, -3.36860000e-01 + 0.00000000e+00i, -0.00000000e+00 + 0.00000000e+00i, 9.41550000e-01 + 0.00000000e+00i, 
3.00000000e+01  18  left fork arm -2.28082430e+02 + 0.00000000e+00i, 0.00000000e+00 + 0.00000000e+00i, -8.18245300e+01 + 0.00000000e+00i, -3.36860000e-01 + 0.00000000e+00i, -0.00000000e+00 + 0.00000000e+00i, 9.41550000e-01 + 0.00000000e+00i, 
3.00000000e+01  18  right fork arm -2.28082430e+02 + 0.00000000e+00i, 0.00000000e+00 + 0.00000000e+00i, -8.18245300e+01 + 0.00000000e+00i, -3.36860000e-01 + 0.00000000e+00i, -0.00000000e+00 + 0.00000000e+00i, 9.41550000e-01 + 0.00000000e+00i, 
3.00000000e+01  18  steer arm -2.28224870e+02 + 0.00000000e+00i, 0.00000000e+00 + 0.00000000e+00i, -8.14248900e+01 + 0.00000000e+00i, -3.36850000e-01 + 0.00000000e+00i, 0.00000000e+00 + 0.00000000e+00i, 9.41560000e-01 + 0.00000000e+00i, 
3.00000000e+01  18  lower left arm -2.29781380e+02 + 0.00000000e+00i, -7.50000000e-04 + 0.00000000e+00i, -8.26740000e+01 + 0.00000000e+00i, -3.37820000e-01 + 0.00000000e+00i, 8.30000000e-04 + 0.00000000e+00i, 9.41210000e-01 + 0.00000000e+00i, 
3.00000000e+01  18  upper left arm -2.29656480e+02 + 0.00000000e+00i, -6.70000000e-04 + 0.00000000e+00i, -8.24563100e+01 + 0.00000000e+00i, -3.37550000e-01 + 0.00000000e+00i, 8.30000000e-04 + 0.00000000e+00i, 9.41310000e-01 + 0.00000000e+00i, 
3.00000000e+01  18  lower right arm -2.29781380e+02 + 0.00000000e+00i, 7.50000000e-04 + 0.00000000e+00i, -8.26740000e+01 + 0.00000000e+00i, -3.37820000e-01 + 0.00000000e+00i, -8.30000000e-04 + 0.00000000e+00i, 9.41210000e-01 + 0.00000000e+00i, 
3.00000000e+01  18  upper right arm -2.29656480e+02 + 0.00000000e+00i, 6.70000000e-04 + 0.00000000e+00i, -8.24563100e+01 + 0.00000000e+00i, -3.37550000e-01 + 0.00000000e+00i, -8.30000000e-04 + 0.00000000e+00i, 9.41310000e-01 + 0.00000000e+00i, 

3.00000000e+01  19  bike 4.13400500e+06 + 0.00000000e+00i, -1.25337190e+04 + 0.00000000e+00i, -5.45613000e+01 + 0.00000000e+00i, -1.00000000e-05 + 0.00000000e+00i, -0.00000000e+00 + 0.00000000e+00i, -1.00000000e+00 + 0.00000000e+00i, 
3.00000000e+01  19  upper body 4.13400527e+06 + 0.00000000e+00i, -1.25337198e+04 + 0.00000000e+00i, -5.39741600e+01 + 0.00000000e+00i, -1.00000000e-05 + 0.00000000e+00i, -0.00000000e+00 + 0.00000000e+00i, -1.00000000e+00 + 0.00000000e+00i, 
3.00000000e+01  19  upper fork 4.13400550e+06 + 0.00000000e+00i, -1.25337205e+04 + 0.00000000e+00i, -5.41499600e+01 + 0.00000000e+00i, -1.00000000e-05 + 0.00000000e+00i, -0.00000000e+00 + 0.00000000e+00i, -1.00000000e+00 + 0.00000000e+00i, 
3.00000000e+01  19  lower fork 4.13400538e+06 + 0.00000000e+00i, -1.25337202e+04 + 0.00000000e+00i, -5.48462000e+01 + 0.00000000e+00i, -1.00000000e-05 + 0.00000000e+00i, -0.00000000e+00 + 0.00000000e+00i, -1.00000000e+00 + 0.00000000e+00i, 
3.00000000e+01  19  swing arm 4.13400499e+06 + 0.00000000e+00i, -1.25337190e+04 + 0.00000000e+00i, -5.46998300e+01 + 0.00000000e+00i, -1.00000000e-05 + 0.00000000e+00i, -0.00000000e+00 + 0.00000000e+00i, -1.00000000e+00 + 0.00000000e+00i, 
3.00000000e+01  19  bell crank 4.13400496e+06 + 0.00000000e+00i, -1.25337189e+04 + 0.00000000e+00i, -5.47308800e+01 + 0.00000000e+00i, -1.00000000e-05 + 0.00000000e+00i, -0.00000000e+00 + 0.00000000e+00i, -1.00000000e+00 + 0.00000000e+00i, 
3.00000000e+01  19  front wheel, bike 1.41209000e+00 + 0.00000000e+00i, -1.00000000e-05 + 0.00000000e+00i, -1.00000000e-05 + 0.00000000e+00i, -0.00000000e+00 + 0.00000000e+00i, 1.00000000e+00 + 0.00000000e+00i, -2.00000000e-05 + 0.00000000e+00i, 
3.00000000e+01  19  rear wheel, bike 2.32000000e-03 + 0.00000000e+00i, -1.00000000e-05 + 0.00000000e+00i, -0.00000000e+00 + 0.00000000e+00i, -0.00000000e+00 + 0.00000000e+00i, 1.00000000e+00 + 0.00000000e+00i, -2.00000000e-05 + 0.00000000e+00i, 
3.00000000e+01  19  fork rod 4.13400538e+06 + 0.00000000e+00i, -1.25337202e+04 + 0.00000000e+00i, -5.46090900e+01 + 0.00000000e+00i, -1.00000000e-05 + 0.00000000e+00i, -0.00000000e+00 + 0.00000000e+00i, -1.00000000e+00 + 0.00000000e+00i, 
3.00000000e+01  19  left fork arm 4.13400541e+06 + 0.00000000e+00i, -1.25337203e+04 + 0.00000000e+00i, -5.49219400e+01 + 0.00000000e+00i, -1.00000000e-05 + 0.00000000e+00i, -0.00000000e+00 + 0.00000000e+00i, -1.00000000e+00 + 0.00000000e+00i, 
3.00000000e+01  19  right fork arm 4.13400529e+06 + 0.00000000e+00i, -1.25337199e+04 + 0.00000000e+00i, -5.48794700e+01 + 0.00000000e+00i, -1.00000000e-05 + 0.00000000e+00i, -0.00000000e+00 + 0.00000000e+00i, -1.00000000e+00 + 0.00000000e+00i, 
3.00000000e+01  19  steer arm 4.13400488e+06 + 0.00000000e+00i, -1.25337186e+04 + 0.00000000e+00i, -5.55146500e+01 + 0.00000000e+00i, -1.00000000e-05 + 0.00000000e+00i, 0.00000000e+00 + 0.00000000e+00i, -1.00000000e+00 + 0.00000000e+00i, 
3.00000000e+01  19  lower left arm 4.13400369e+06 + 0.00000000e+00i, -1.25337150e+04 + 0.00000000e+00i, -5.48472000e+01 + 0.00000000e+00i, -1.00000000e-05 + 0.00000000e+00i, 0.00000000e+00 + 0.00000000e+00i, -1.00000000e+00 + 0.00000000e+00i, 
3.00000000e+01  19  upper left arm 4.13400370e+06 + 0.00000000e+00i, -1.25337150e+04 + 0.00000000e+00i, -5.47897800e+01 + 0.00000000e+00i, -1.00000000e-05 + 0.00000000e+00i, 0.00000000e+00 + 0.00000000e+00i, -1.00000000e+00 + 0.00000000e+00i, 
3.00000000e+01  19  lower right arm 4.13400359e+06 + 0.00000000e+00i, -1.25337147e+04 + 0.00000000e+00i, -5.48506900e+01 + 0.00000000e+00i, -1.00000000e-05 + 0.00000000e+00i, 0.00000000e+00 + 0.00000000e+00i, -1.00000000e+00 + 0.00000000e+00i, 
3.00000000e+01  19  upper right arm 4.13400343e+06 + 0.00000000e+00i, -1.25337142e+04 + 0.00000000e+00i, -5.47394300e+01 + 0.00000000e+00i, -1.00000000e-05 + 0.00000000e+00i, 0.00000000e+00 + 0.00000000e+00i, -1.00000000e+00 + 0.00000000e+00i, 

3.00000000e+01  20  bike -4.13389443e+06 + 0.00000000e+00i, 1.25316991e+04 + 0.00000000e+00i, -5.45627900e+01 + 0.00000000e+00i, -1.00000000e-05 + 0.00000000e+00i, -0.00000000e+00 + 0.00000000e+00i, 1.00000000e+00 + 0.00000000e+00i, 
3.00000000e+01  20  upper body -4.13389416e+06 + 0.00000000e+00i, 1.25316983e+04 + 0.00000000e+00i, -5.39758500e+01 + 0.00000000e+00i, -1.00000000e-05 + 0.00000000e+00i, -0.00000000e+00 + 0.00000000e+00i, 1.00000000e+00 + 0.00000000e+00i, 
3.00000000e+01  20  upper fork -4.13389393e+06 + 0.00000000e+00i, 1.25316976e+04 + 0.00000000e+00i, -5.41513800e+01 + 0.00000000e+00i, -1.00000000e-05 + 0.00000000e+00i, -0.00000000e+00 + 0.00000000e+00i, 1.00000000e+00 + 0.00000000e+00i, 
3.00000000e+01  20  lower fork -4.13389405e+06 + 0.00000000e+00i, 1.25316980e+04 + 0.00000000e+00i, -5.48478700e+01 + 0.00000000e+00i, -1.00000000e-05 + 0.00000000e+00i, -0.00000000e+00 + 0.00000000e+00i, 1.00000000e+00 + 0.00000000e+00i, 
3.00000000e+01  20  swing arm -4.13389444e+06 + 0.00000000e+00i, 1.25316991e+04 + 0.00000000e+00i, -5.47013000e+01 + 0.00000000e+00i, -1.00000000e-05 + 0.00000000e+00i, -0.00000000e+00 + 0.00000000e+00i, 1.00000000e+00 + 0.00000000e+00i, 
3.00000000e+01  20  bell crank -4.13389448e+06 + 0.00000000e+00i, 1.25316992e+04 + 0.00000000e+00i, -5.47323800e+01 + 0.00000000e+00i, -1.00000000e-05 + 0.00000000e+00i, -0.00000000e+00 + 0.00000000e+00i, 1.00000000e+00 + 0.00000000e+00i, 
3.00000000e+01  20  front wheel, bike 1.40791000e+00 + 0.00000000e+00i, 1.00000000e-05 + 0.00000000e+00i, 1.00000000e-05 + 0.00000000e+00i, -0.00000000e+00 + 0.00000000e+00i, 1.00000000e+00 + 0.00000000e+00i, 2.00000000e-05 + 0.00000000e+00i, 
3.00000000e+01  20  rear wheel, bike -2.32000000e-03 + 0.00000000e+00i, 1.00000000e-05 + 0.00000000e+00i, 0.00000000e+00 + 0.00000000e+00i, -0.00000000e+00 + 0.00000000e+00i, 1.00000000e+00 + 0.00000000e+00i, 2.00000000e-05 + 0.00000000e+00i, 
3.00000000e+01  20  fork rod -4.13389405e+06 + 0.00000000e+00i, 1.25316980e+04 + 0.00000000e+00i, -5.46108600e+01 + 0.00000000e+00i, -1.00000000e-05 + 0.00000000e+00i, -0.00000000e+00 + 0.00000000e+00i, 1.00000000e+00 + 0.00000000e+00i, 
3.00000000e+01  20  left fork arm -4.13389402e+06 + 0.00000000e+00i, 1.25316979e+04 + 0.00000000e+00i, -5.49236100e+01 + 0.00000000e+00i, -1.00000000e-05 + 0.00000000e+00i, -0.00000000e+00 + 0.00000000e+00i, 1.00000000e+00 + 0.00000000e+00i, 
3.00000000e+01  20  right fork arm -4.13389415e+06 + 0.00000000e+00i, 1.25316982e+04 + 0.00000000e+00i, -5.48813600e+01 + 0.00000000e+00i, -1.00000000e-05 + 0.00000000e+00i, -0.00000000e+00 + 0.00000000e+00i, 1.00000000e+00 + 0.00000000e+00i, 
3.00000000e+01  20  steer arm -4.13389456e+06 + 0.00000000e+00i, 1.25316995e+04 + 0.00000000e+00i, -5.55164700e+01 + 0.00000000e+00i, -1.00000000e-05 + 0.00000000e+00i, 0.00000000e+00 + 0.00000000e+00i, 1.00000000e+00 + 0.00000000e+00i, 
3.00000000e+01  20  lower left arm -4.13389574e+06 + 0.00000000e+00i, 1.25317031e+04 + 0.00000000e+00i, -5.48489900e+01 + 0.00000000e+00i, -1.00000000e-05 + 0.00000000e+00i, 0.00000000e+00 + 0.00000000e+00i, 1.00000000e+00 + 0.00000000e+00i, 
3.00000000e+01  20  upper left arm -4.13389574e+06 + 0.00000000e+00i, 1.25317031e+04 + 0.00000000e+00i, -5.47912300e+01 + 0.00000000e+00i, -1.00000000e-05 + 0.00000000e+00i, 0.00000000e+00 + 0.00000000e+00i, 1.00000000e+00 + 0.00000000e+00i, 
3.00000000e+01  20  lower right arm -4.13389584e+06 + 0.00000000e+00i, 1.25317034e+04 + 0.00000000e+00i, -5.48524700e+01 + 0.00000000e+00i, -1.00000000e-05 + 0.00000000e+00i, 0.00000000e+00 + 0.00000000e+00i, 1.00000000e+00 + 0.00000000e+00i, 
3.00000000e+01  20  upper right arm -4.13389600e+06 + 0.00000000e+00i, 1.25317039e+04 + 0.00000000e+00i, -5.47412300e+01 + 0.00000000e+00i, -1.00000000e-05 + 0.00000000e+00i, 0.00000000e+00 + 0.00000000e+00i, 1.00000000e+00 + 0.00000000e+00i, 

3.00000000e+01  21  bike 6.37294757e+10 + 0.00000000e+00i, -1.28517694e+10 + 0.00000000e+00i, 2.61609013e+11 + 0.00000000e+00i, -9.25350000e-01 + 0.00000000e+00i, -3.15470000e-01 + 0.00000000e+00i, 2.09920000e-01 + 0.00000000e+00i, 
3.00000000e+01  21  upper body 6.12104427e+10 + 0.00000000e+00i, -1.23437779e+10 + 0.00000000e+00i, 2.62842645e+11 + 0.00000000e+00i, -9.27340000e-01 + 0.00000000e+00i, -3.15350000e-01 + 0.00000000e+00i, 2.01150000e-01 + 0.00000000e+00i, 
3.00000000e+01  21  upper fork 6.29046440e+10 + 0.00000000e+00i, -1.26854328e+10 + 0.00000000e+00i, 2.60611646e+11 + 0.00000000e+00i, -9.26540000e-01 + 0.00000000e+00i, -3.12980000e-01 + 0.00000000e+00i, 2.08410000e-01 + 0.00000000e+00i, 
3.00000000e+01  21  lower fork 6.01013837e+10 + 0.00000000e+00i, -1.21201236e+10 + 0.00000000e+00i, 2.58749472e+11 + 0.00000000e+00i, -9.28950000e-01 + 0.00000000e+00i, -3.10500000e-01 + 0.00000000e+00i, 2.01230000e-01 + 0.00000000e+00i, 
3.00000000e+01  21  swing arm 6.41083692e+10 + 0.00000000e+00i, -1.29281776e+10 + 0.00000000e+00i, 2.64176941e+11 + 0.00000000e+00i, -9.29370000e-01 + 0.00000000e+00i, -3.02860000e-01 + 0.00000000e+00i, 2.10710000e-01 + 0.00000000e+00i, 
3.00000000e+01  21  bell crank 6.47394756e+10 + 0.00000000e+00i, -1.30554473e+10 + 0.00000000e+00i, 2.66557725e+11 + 0.00000000e+00i, -9.31400000e-01 + 0.00000000e+00i, -2.95850000e-01 + 0.00000000e+00i, 2.11720000e-01 + 0.00000000e+00i, 
3.00000000e+01  21  front wheel, bike 1.41000000e+00 + 0.00000000e+00i, -0.00000000e+00 + 0.00000000e+00i, -6.36600000e-02 + 0.00000000e+00i, -0.00000000e+00 + 0.00000000e+00i, -1.00000000e+00 + 0.00000000e+00i, 0.00000000e+00 + 0.00000000e+00i, 
3.00000000e+01  21  rear wheel, bike 0.00000000e+00 + 0.00000000e+00i, -0.00000000e+00 + 0.00000000e+00i, 4.88250000e-01 + 0.00000000e+00i, -0.00000000e+00 + 0.00000000e+00i, 1.00000000e+00 + 0.00000000e+00i, 0.00000000e+00 + 0.00000000e+00i, 
3.00000000e+01  21  fork rod 5.99143714e+10 + 0.00000000e+00i, -1.20824105e+10 + 0.00000000e+00i, 2.58944988e+11 + 0.00000000e+00i, -9.29310000e-01 + 0.00000000e+00i, -3.09870000e-01 + 0.00000000e+00i, 2.00560000e-01 + 0.00000000e+00i, 
3.00000000e+01  21  left fork arm 5.96695030e+10 + 0.00000000e+00i, -1.20330300e+10 + 0.00000000e+00i, 2.60480634e+11 + 0.00000000e+00i, -9.30960000e-01 + 0.00000000e+00i, -3.05820000e-01 + 0.00000000e+00i, 1.99130000e-01 + 0.00000000e+00i, 
3.00000000e+01  21  right fork arm 5.98674293e+10 + 0.00000000e+00i, -1.20729441e+10 + 0.00000000e+00i, 2.58732598e+11 + 0.00000000e+00i, -9.28690000e-01 + 0.00000000e+00i, -3.11880000e-01 + 0.00000000e+00i, 2.00330000e-01 + 0.00000000e+00i, 
3.00000000e+01  21  steer arm 6.80947629e+10 + 0.00000000e+00i, -1.37320789e+10 + 0.00000000e+00i, 2.74319494e+11 + 0.00000000e+00i, -8.37980000e-01 + 0.00000000e+00i, 4.93460000e-01 + 0.00000000e+00i, 2.32710000e-01 + 0.00000000e+00i, 
3.00000000e+01  21  lower left arm 1.41501961e+10 + 0.00000000e+00i, -2.85354704e+09 + 0.00000000e+00i, 8.55783741e+10 + 0.00000000e+00i, -4.28320000e-01 + 0.00000000e+00i, 8.97960000e-01 + 0.00000000e+00i, 1.00760000e-01 + 0.00000000e+00i, 
3.00000000e+01  21  upper left arm 1.40671942e+10 + 0.00000000e+00i, -2.83680878e+09 + 0.00000000e+00i, 8.56234824e+10 + 0.00000000e+00i, -4.28210000e-01 + 0.00000000e+00i, 8.98080000e-01 + 0.00000000e+00i, 1.00110000e-01 + 0.00000000e+00i, 
3.00000000e+01  21  lower right arm 1.73646589e+10 + 0.00000000e+00i, -3.50177981e+09 + 0.00000000e+00i, 8.63605150e+10 + 0.00000000e+00i, -4.30810000e-01 + 0.00000000e+00i, 8.94000000e-01 + 0.00000000e+00i, 1.22870000e-01 + 0.00000000e+00i, 
3.00000000e+01  21  upper right arm 1.74000924e+10 + 0.00000000e+00i, -3.50892539e+09 + 0.00000000e+00i, 8.61097232e+10 + 0.00000000e+00i, -4.30040000e-01 + 0.00000000e+00i, 8.94310000e-01 + 0.00000000e+00i, 1.23340000e-01 + 0.00000000e+00i, 

3.00000000e+01  22  bike 2.63970113e+10 + 0.00000000e+00i, 1.20754603e+10 + 0.00000000e+00i, 2.09460082e+11 + 0.00000000e+00i, -9.61470000e-01 + 0.00000000e+00i, -2.39230000e-01 + 0.00000000e+00i, 1.34960000e-01 + 0.00000000e+00i, 
3.00000000e+01  22  upper body 2.55102770e+10 + 0.00000000e+00i, 1.16698188e+10 + 0.00000000e+00i, 2.09785567e+11 + 0.00000000e+00i, -9.62280000e-01 + 0.00000000e+00i, -2.38570000e-01 + 0.00000000e+00i, 1.30290000e-01 + 0.00000000e+00i, 
3.00000000e+01  22  upper fork 2.77671859e+10 + 0.00000000e+00i, 1.27022544e+10 + 0.00000000e+00i, 2.07551878e+11 + 0.00000000e+00i, -9.60620000e-01 + 0.00000000e+00i, -2.37950000e-01 + 0.00000000e+00i, 1.43080000e-01 + 0.00000000e+00i, 
3.00000000e+01  22  lower fork 2.52128580e+10 + 0.00000000e+00i, 1.15337628e+10 + 0.00000000e+00i, 2.04229554e+11 + 0.00000000e+00i, -9.62710000e-01 + 0.00000000e+00i, -2.35790000e-01 + 0.00000000e+00i, 1.32170000e-01 + 0.00000000e+00i, 
3.00000000e+01  22  swing arm 2.64420639e+10 + 0.00000000e+00i, 1.20960699e+10 + 0.00000000e+00i, 2.09415238e+11 + 0.00000000e+00i, -9.64440000e-01 + 0.00000000e+00i, -2.27030000e-01 + 0.00000000e+00i, 1.34890000e-01 + 0.00000000e+00i, 
3.00000000e+01  22  bell crank 2.65350863e+10 + 0.00000000e+00i, 1.21386235e+10 + 0.00000000e+00i, 2.09914570e+11 + 0.00000000e+00i, -9.65840000e-01 + 0.00000000e+00i, -2.21010000e-01 + 0.00000000e+00i, 1.34870000e-01 + 0.00000000e+00i, 
3.00000000e+01  22  front wheel, bike 1.41000000e+00 + 0.00000000e+00i, 0.00000000e+00 + 0.00000000e+00i, 1.03102000e+00 + 0.00000000e+00i, -0.00000000e+00 + 0.00000000e+00i, -1.00000000e+00 + 0.00000000e+00i, 0.00000000e+00 + 0.00000000e+00i, 
3.00000000e+01  22  rear wheel, bike 0.00000000e+00 + 0.00000000e+00i, 0.00000000e+00 + 0.00000000e+00i, -2.32000000e-02 + 0.00000000e+00i, -0.00000000e+00 + 0.00000000e+00i, 1.00000000e+00 + 0.00000000e+00i, 0.00000000e+00 + 0.00000000e+00i, 
3.00000000e+01  22  fork rod 2.50948609e+10 + 0.00000000e+00i, 1.14797843e+10 + 0.00000000e+00i, 2.04233470e+11 + 0.00000000e+00i, -9.62930000e-01 + 0.00000000e+00i, -2.35270000e-01 + 0.00000000e+00i, 1.31540000e-01 + 0.00000000e+00i, 
3.00000000e+01  22  left fork arm 2.49159119e+10 + 0.00000000e+00i, 1.13979231e+10 + 0.00000000e+00i, 2.04616432e+11 + 0.00000000e+00i, -9.63660000e-01 + 0.00000000e+00i, -2.32920000e-01 + 0.00000000e+00i, 1.30320000e-01 + 0.00000000e+00i, 
3.00000000e+01  22  right fork arm 2.50856015e+10 + 0.00000000e+00i, 1.14755486e+10 + 0.00000000e+00i, 2.04444761e+11 + 0.00000000e+00i, -9.62630000e-01 + 0.00000000e+00i, -2.36550000e-01 + 0.00000000e+00i, 1.31390000e-01 + 0.00000000e+00i, 
3.00000000e+01  22  steer arm 3.25714878e+10 + 0.00000000e+00i, 1.49000091e+10 + 0.00000000e+00i, 1.43225902e+11 + 0.00000000e+00i, -9.10830000e-01 + 0.00000000e+00i, 3.76910000e-01 + 0.00000000e+00i, 1.67920000e-01 + 0.00000000e+00i, 
3.00000000e+01  22  lower left arm 7.86742138e+09 + 0.00000000e+00i, 3.59899587e+09 + 0.00000000e+00i, 1.78231910e+10 + 0.00000000e+00i, -5.43750000e-01 + 0.00000000e+00i, 8.36180000e-01 + 0.00000000e+00i, 7.11700000e-02 + 0.00000000e+00i, 
3.00000000e+01  22  upper left arm 8.12672885e+09 + 0.00000000e+00i, 3.71761752e+09 + 0.00000000e+00i, 1.79153561e+10 + 0.00000000e+00i, -5.44140000e-01 + 0.00000000e+00i, 8.35730000e-01 + 0.00000000e+00i, 7.34100000e-02 + 0.00000000e+00i, 
3.00000000e+01  22  lower right arm 1.05511721e+10 + 0.00000000e+00i, 4.82669263e+09 + 0.00000000e+00i, 1.92821182e+10 + 0.00000000e+00i, -5.51180000e-01 + 0.00000000e+00i, 8.29020000e-01 + 0.00000000e+00i, 9.40900000e-02 + 0.00000000e+00i, 
3.00000000e+01  22  upper right arm 1.08107708e+10 + 0.00000000e+00i, 4.94544749e+09 + 0.00000000e+00i, 1.91978592e+10 + 0.00000000e+00i, -5.50660000e-01 + 0.00000000e+00i, 8.29090000e-01 + 0.00000000e+00i, 9.65100000e-02 + 0.00000000e+00i, 


