%%% Deflection
num name type x y z 
{1} {bike} translation 1.02852000e-03 0.00000000e+00 -6.44651500e-02
{ } { } rotation 0.00000000e+00 -1.13201200e-02 -0.00000000e+00
{2} {upper body} translation -6.52879000e-03 -0.00000000e+00 -6.74412100e-02
{ } { } rotation 0.00000000e+00 -1.13201200e-02 -0.00000000e+00
{3} {upper fork} translation -2.34035000e-03 -0.00000000e+00 -5.89624400e-02
{ } { } rotation -0.00000000e+00 -1.13201200e-02 0.00000000e+00
{4} {lower fork} translation 2.70843000e-03 -0.00000000e+00 -9.86184000e-03
{ } { } rotation -0.00000000e+00 -1.13201200e-02 0.00000000e+00
{5} {swing arm} translation -2.80708000e-03 0.00000000e+00 -2.95623000e-02
{ } { } rotation 0.00000000e+00 1.03008540e-01 -0.00000000e+00
{6} {bell crank} translation -1.23889000e-03 0.00000000e+00 -4.91451300e-02
{ } { } rotation 0.00000000e+00 3.64321730e-01 -0.00000000e+00
{7} {front wheel, bike} translation 3.18387000e-03 -0.00000000e+00 -9.35244000e-03
{ } { } rotation -0.00000000e+00 -0.00000000e+00 0.00000000e+00
{8} {rear wheel, bike} translation -4.28010000e-03 0.00000000e+00 -9.37262000e-03
{ } { } rotation 0.00000000e+00 -0.00000000e+00 -0.00000000e+00
{9} {fork rod} translation 1.44640000e-04 -0.00000000e+00 -1.08677400e-02
{ } { } rotation -0.00000000e+00 -1.13201200e-02 0.00000000e+00
{10} {left fork arm} translation 3.18387000e-03 -0.00000000e+00 -9.35244000e-03
{ } { } rotation -0.00000000e+00 -1.13201200e-02 0.00000000e+00
{11} {right fork arm} translation 3.18387000e-03 -0.00000000e+00 -9.35244000e-03
{ } { } rotation -0.00000000e+00 -1.13201200e-02 0.00000000e+00
{12} {steer arm} translation -1.04224500e-02 -0.00000000e+00 -1.62658900e-02
{ } { } rotation -0.00000000e+00 -9.62746700e-02 0.00000000e+00
{13} {lower left arm} translation 4.11212000e-03 -0.00000000e+00 -3.60479000e-02
{ } { } rotation 0.00000000e+00 -2.45446380e-01 -0.00000000e+00
{14} {upper left arm} translation 2.98011000e-03 -0.00000000e+00 -3.60479000e-02
{ } { } rotation 0.00000000e+00 -2.45446380e-01 -0.00000000e+00
{15} {lower right arm} translation 4.11212000e-03 -0.00000000e+00 -3.60479000e-02
{ } { } rotation 0.00000000e+00 -2.45446380e-01 -0.00000000e+00
{16} {upper right arm} translation 2.98011000e-03 -0.00000000e+00 -3.60479000e-02
{ } { } rotation 0.00000000e+00 -2.45446380e-01 -0.00000000e+00
