%%% Preload
num name type fx fy fz fxyz 
{1} {rear axle} force 0.00000000e+00 -0.00000000e+00 1.17733263e+03 1.17733263e+03
{2} {arm pivot} force -2.35149487e+03 0.00000000e+00 1.25648456e+03 2.66613608e+03
{3} {bell crank pivot} force 2.62869867e+03 0.00000000e+00 -3.38955510e+02 2.65046176e+03
{4} {rider} force -0.00000000e+00 0.00000000e+00 3.30400800e+02 3.30400800e+02
{} {} moment -0.00000000e+00 -1.68504400e+01 0.00000000e+00 1.68504400e+01
{5} {steering head} force 4.24102710e+02 -0.00000000e+00 -8.90713470e+02 9.86526023e+02
{} {} moment 0.00000000e+00 1.86660300e+01 0.00000000e+00 1.86660300e+01
{6} {front axle} force 0.00000000e+00 0.00000000e+00 1.09907787e+03 1.09907787e+03
{7} {left fork joint} force 2.12051360e+02 -1.26859930e+02 1.96200000e+01 2.47879337e+02
{} {} moment -4.23488800e+01 -7.04009700e+01 7.12200000e+00 8.24648234e+01
{8} {right fork joint} force 2.12051360e+02 1.26859930e+02 1.96200000e+01 2.47879337e+02
{} {} moment 4.23488800e+01 -7.04009700e+01 -7.12200000e+00 8.24648234e+01
{9} {joint} force -1.83877630e+02 1.05729630e+02 9.81000000e+00 2.12334579e+02
{10} {joint} force 1.83877630e+02 -1.05729630e+02 9.81000000e+00 2.12334579e+02
{11} {joint} force -2.81737300e+01 2.11303000e+01 9.81000000e+00 3.65579641e+01
{12} {joint} force 2.81737300e+01 -2.11303000e+01 9.81000000e+00 3.65579641e+01
{13} {joint} force -1.83877630e+02 -1.05729630e+02 9.81000000e+00 2.12334579e+02
{14} {joint} force 1.83877630e+02 1.05729630e+02 9.81000000e+00 2.12334579e+02
{15} {joint} force -2.81737300e+01 -2.11303000e+01 9.81000000e+00 3.65579641e+01
{16} {joint} force 2.81737300e+01 2.11303000e+01 9.81000000e+00 3.65579641e+01
{17} {steering arm joint 1} force 0.00000000e+00 -0.00000000e+00 0.00000000e+00 0.00000000e+00
{18} {steering arm joint 2} force 0.00000000e+00 -0.00000000e+00 0.00000000e+00 0.00000000e+00
{19} {fork joint} force 0.00000000e+00 0.00000000e+00 1.02795537e+03 1.02795537e+03
{} {} moment 0.00000000e+00 -1.40801940e+02 -0.00000000e+00 1.40801940e+02
{20} {front tire lateral} force 0.00000000e+00 0.00000000e+00 0.00000000e+00 0.00000000e+00
{21} {rear tire lateral} force -0.00000000e+00 -0.00000000e+00 -0.00000000e+00 0.00000000e+00
{22} {front tire longitudinal} force 0.00000000e+00 0.00000000e+00 0.00000000e+00 0.00000000e+00
{23} {rear tire longitudinal} force 0.00000000e+00 0.00000000e+00 0.00000000e+00 0.00000000e+00
{24} {front tire vertical} force 0.00000000e+00 0.00000000e+00 1.21581687e+03 1.21581687e+03
{25} {rear tire vertical} force 0.00000000e+00 0.00000000e+00 1.32153963e+03 1.32153963e+03
{26} {rear spring} force 2.77203790e+02 -0.00000000e+00 2.01638168e+03 -2.03534690e+03
{27} {right front spring} force -2.12051360e+02 -0.00000000e+00 4.94357690e+02 -5.37917560e+02
{28} {left front spring} force -2.12051360e+02 -0.00000000e+00 4.94357690e+02 -5.37917560e+02
{29} {rear pull rod} force 2.35149487e+03 0.00000000e+00 -2.35533719e+03 3.32823398e+03
