%%% Speed, Mode, Body, Rotation centre, Axis of rotation
1.000000000000e+00  1  bike 6.567500000000e-01 + 0.000000000000e+00i, -0.000000000000e+00 + 0.000000000000e+00i, 1.254790000000e+00 + 0.000000000000e+00i, -0.000000000000e+00 + 0.000000000000e+00i, 1.000000000000e+00 + 0.000000000000e+00i, 0.000000000000e+00 + 0.000000000000e+00i, 
1.000000000000e+00  1  upper body 6.567500000000e-01 + 0.000000000000e+00i, 0.000000000000e+00 + 0.000000000000e+00i, 1.254790000000e+00 + 0.000000000000e+00i, -0.000000000000e+00 + 0.000000000000e+00i, 1.000000000000e+00 + 0.000000000000e+00i, 0.000000000000e+00 + 0.000000000000e+00i, 
1.000000000000e+00  1  upper fork 6.567500000000e-01 + 0.000000000000e+00i, 0.000000000000e+00 + 0.000000000000e+00i, 1.254790000000e+00 + 0.000000000000e+00i, -0.000000000000e+00 + 0.000000000000e+00i, 1.000000000000e+00 + 0.000000000000e+00i, -0.000000000000e+00 + 0.000000000000e+00i, 
1.000000000000e+00  1  lower fork 1.404920000000e+00 + 0.000000000000e+00i, -0.000000000000e+00 + 0.000000000000e+00i, 1.254790000000e+00 + 0.000000000000e+00i, 0.000000000000e+00 + 0.000000000000e+00i, 1.000000000000e+00 + 0.000000000000e+00i, 0.000000000000e+00 + 0.000000000000e+00i, 
1.000000000000e+00  1  swing arm -2.997800000000e-01 + 0.000000000000e+00i, -0.000000000000e+00 + 0.000000000000e+00i, -6.681600000000e+00 + 0.000000000000e+00i, -0.000000000000e+00 + 0.000000000000e+00i, -1.000000000000e+00 + 0.000000000000e+00i, 0.000000000000e+00 + 0.000000000000e+00i, 
1.000000000000e+00  1  bell crank 4.954300000000e-01 + 0.000000000000e+00i, -0.000000000000e+00 + 0.000000000000e+00i, -2.069800000000e-01 + 0.000000000000e+00i, -0.000000000000e+00 + 0.000000000000e+00i, -1.000000000000e+00 + 0.000000000000e+00i, 0.000000000000e+00 + 0.000000000000e+00i, 
1.000000000000e+00  1  front wheel, bike 1.409940000000e+00 + 0.000000000000e+00i, -0.000000000000e+00 + 0.000000000000e+00i, 2.926400000000e-01 + 0.000000000000e+00i, 0.000000000000e+00 + 0.000000000000e+00i, 1.000000000000e+00 + 0.000000000000e+00i, 0.000000000000e+00 + 0.000000000000e+00i, 
1.000000000000e+00  1  rear wheel, bike 2.980000000000e-03 + 0.000000000000e+00i, -0.000000000000e+00 + 0.000000000000e+00i, 3.662700000000e-01 + 0.000000000000e+00i, -0.000000000000e+00 + 0.000000000000e+00i, 1.000000000000e+00 + 0.000000000000e+00i, 0.000000000000e+00 + 0.000000000000e+00i, 
1.000000000000e+00  1  fork rod 1.404920000000e+00 + 0.000000000000e+00i, -0.000000000000e+00 + 0.000000000000e+00i, 1.254790000000e+00 + 0.000000000000e+00i, 0.000000000000e+00 + 0.000000000000e+00i, 1.000000000000e+00 + 0.000000000000e+00i, 0.000000000000e+00 + 0.000000000000e+00i, 
1.000000000000e+00  1  left fork arm 1.404920000000e+00 + 0.000000000000e+00i, 1.000000000000e-01 + 0.000000000000e+00i, 1.254790000000e+00 + 0.000000000000e+00i, 0.000000000000e+00 + 0.000000000000e+00i, 1.000000000000e+00 + 0.000000000000e+00i, 0.000000000000e+00 + 0.000000000000e+00i, 
1.000000000000e+00  1  right fork arm 1.404920000000e+00 + 0.000000000000e+00i, -1.000000000000e-01 + 0.000000000000e+00i, 1.254790000000e+00 + 0.000000000000e+00i, 0.000000000000e+00 + 0.000000000000e+00i, 1.000000000000e+00 + 0.000000000000e+00i, 0.000000000000e+00 + 0.000000000000e+00i, 
1.000000000000e+00  1  lower left arm 1.179830000000e+00 + 0.000000000000e+00i, 1.562400000000e-01 + 0.000000000000e+00i, -1.848400000000e-01 + 0.000000000000e+00i, -0.000000000000e+00 + 0.000000000000e+00i, -1.000000000000e+00 + 0.000000000000e+00i, -0.000000000000e+00 + 0.000000000000e+00i, 
1.000000000000e+00  1  upper left arm 1.179830000000e+00 + 0.000000000000e+00i, 1.750000000000e-01 + 0.000000000000e+00i, -4.835000000000e-02 + 0.000000000000e+00i, -0.000000000000e+00 + 0.000000000000e+00i, -1.000000000000e+00 + 0.000000000000e+00i, -0.000000000000e+00 + 0.000000000000e+00i, 
1.000000000000e+00  1  lower right arm 1.179830000000e+00 + 0.000000000000e+00i, -1.562400000000e-01 + 0.000000000000e+00i, -1.848400000000e-01 + 0.000000000000e+00i, -0.000000000000e+00 + 0.000000000000e+00i, -1.000000000000e+00 + 0.000000000000e+00i, -0.000000000000e+00 + 0.000000000000e+00i, 
1.000000000000e+00  1  upper right arm 1.179830000000e+00 + 0.000000000000e+00i, -1.750000000000e-01 + 0.000000000000e+00i, -4.835000000000e-02 + 0.000000000000e+00i, -0.000000000000e+00 + 0.000000000000e+00i, -1.000000000000e+00 + 0.000000000000e+00i, -0.000000000000e+00 + 0.000000000000e+00i, 

1.000000000000e+00  2  bike 4.559200000000e-01 + 0.000000000000e+00i, 0.000000000000e+00 + 0.000000000000e+00i, 1.746240000000e+00 + 0.000000000000e+00i, 0.000000000000e+00 + 0.000000000000e+00i, 1.000000000000e+00 + 0.000000000000e+00i, -0.000000000000e+00 + 0.000000000000e+00i, 
1.000000000000e+00  2  upper body 4.559200000000e-01 + 0.000000000000e+00i, 0.000000000000e+00 + 0.000000000000e+00i, 1.746240000000e+00 + 0.000000000000e+00i, 0.000000000000e+00 + 0.000000000000e+00i, 1.000000000000e+00 + 0.000000000000e+00i, -0.000000000000e+00 + 0.000000000000e+00i, 
1.000000000000e+00  2  upper fork 4.559200000000e-01 + 0.000000000000e+00i, 0.000000000000e+00 + 0.000000000000e+00i, 1.746240000000e+00 + 0.000000000000e+00i, 0.000000000000e+00 + 0.000000000000e+00i, 1.000000000000e+00 + 0.000000000000e+00i, -0.000000000000e+00 + 0.000000000000e+00i, 
1.000000000000e+00  2  lower fork 1.421110000000e+00 + 0.000000000000e+00i, 0.000000000000e+00 + 0.000000000000e+00i, 1.746240000000e+00 + 0.000000000000e+00i, -0.000000000000e+00 + 0.000000000000e+00i, 1.000000000000e+00 + 0.000000000000e+00i, -0.000000000000e+00 + 0.000000000000e+00i, 
1.000000000000e+00  2  swing arm 5.267300000000e-01 + 0.000000000000e+00i, 0.000000000000e+00 + 0.000000000000e+00i, 6.922900000000e-01 + 0.000000000000e+00i, -0.000000000000e+00 + 0.000000000000e+00i, 1.000000000000e+00 + 0.000000000000e+00i, -0.000000000000e+00 + 0.000000000000e+00i, 
1.000000000000e+00  2  bell crank 5.317400000000e-01 + 0.000000000000e+00i, 0.000000000000e+00 + 0.000000000000e+00i, 3.239500000000e-01 + 0.000000000000e+00i, -0.000000000000e+00 + 0.000000000000e+00i, 1.000000000000e+00 + 0.000000000000e+00i, -0.000000000000e+00 + 0.000000000000e+00i, 
1.000000000000e+00  2  front wheel, bike 1.409720000000e+00 + 0.000000000000e+00i, 0.000000000000e+00 + 0.000000000000e+00i, 2.446700000000e-01 + 0.000000000000e+00i, -0.000000000000e+00 + 0.000000000000e+00i, -1.000000000000e+00 + 0.000000000000e+00i, -0.000000000000e+00 + 0.000000000000e+00i, 
1.000000000000e+00  2  rear wheel, bike 1.230000000000e-02 + 0.000000000000e+00i, 0.000000000000e+00 + 0.000000000000e+00i, 3.062300000000e-01 + 0.000000000000e+00i, 0.000000000000e+00 + 0.000000000000e+00i, 1.000000000000e+00 + 0.000000000000e+00i, -0.000000000000e+00 + 0.000000000000e+00i, 
1.000000000000e+00  2  fork rod 1.421110000000e+00 + 0.000000000000e+00i, 0.000000000000e+00 + 0.000000000000e+00i, 1.746240000000e+00 + 0.000000000000e+00i, -0.000000000000e+00 + 0.000000000000e+00i, 1.000000000000e+00 + 0.000000000000e+00i, -0.000000000000e+00 + 0.000000000000e+00i, 
1.000000000000e+00  2  left fork arm 1.421110000000e+00 + 0.000000000000e+00i, 1.000000000000e-01 + 0.000000000000e+00i, 1.746240000000e+00 + 0.000000000000e+00i, -0.000000000000e+00 + 0.000000000000e+00i, 1.000000000000e+00 + 0.000000000000e+00i, -0.000000000000e+00 + 0.000000000000e+00i, 
1.000000000000e+00  2  right fork arm 1.421110000000e+00 + 0.000000000000e+00i, -1.000000000000e-01 + 0.000000000000e+00i, 1.746240000000e+00 + 0.000000000000e+00i, -0.000000000000e+00 + 0.000000000000e+00i, 1.000000000000e+00 + 0.000000000000e+00i, -0.000000000000e+00 + 0.000000000000e+00i, 
1.000000000000e+00  2  lower left arm 1.192660000000e+00 + 0.000000000000e+00i, 1.562400000000e-01 + 0.000000000000e+00i, -2.041400000000e-01 + 0.000000000000e+00i, -0.000000000000e+00 + 0.000000000000e+00i, -1.000000000000e+00 + 0.000000000000e+00i, 0.000000000000e+00 + 0.000000000000e+00i, 
1.000000000000e+00  2  upper left arm 1.192660000000e+00 + 0.000000000000e+00i, 1.750000000000e-01 + 0.000000000000e+00i, -7.801000000000e-02 + 0.000000000000e+00i, -0.000000000000e+00 + 0.000000000000e+00i, -1.000000000000e+00 + 0.000000000000e+00i, 0.000000000000e+00 + 0.000000000000e+00i, 
1.000000000000e+00  2  lower right arm 1.192660000000e+00 + 0.000000000000e+00i, -1.562400000000e-01 + 0.000000000000e+00i, -2.041400000000e-01 + 0.000000000000e+00i, 0.000000000000e+00 + 0.000000000000e+00i, -1.000000000000e+00 + 0.000000000000e+00i, 0.000000000000e+00 + 0.000000000000e+00i, 
1.000000000000e+00  2  upper right arm 1.192660000000e+00 + 0.000000000000e+00i, -1.750000000000e-01 + 0.000000000000e+00i, -7.801000000000e-02 + 0.000000000000e+00i, 0.000000000000e+00 + 0.000000000000e+00i, -1.000000000000e+00 + 0.000000000000e+00i, 0.000000000000e+00 + 0.000000000000e+00i, 

1.000000000000e+00  3  bike 5.310200000000e-01 + 0.000000000000e+00i, 0.000000000000e+00 + 0.000000000000e+00i, 5.465300000000e-01 + 0.000000000000e+00i, 4.505500000000e-01 + 0.000000000000e+00i, -0.000000000000e+00 + 0.000000000000e+00i, 8.927500000000e-01 + 0.000000000000e+00i, 
1.000000000000e+00  3  upper body 7.461800000000e-01 + 0.000000000000e+00i, -0.000000000000e+00 + 0.000000000000e+00i, 9.728600000000e-01 + 0.000000000000e+00i, 4.505500000000e-01 + 0.000000000000e+00i, -0.000000000000e+00 + 0.000000000000e+00i, 8.927500000000e-01 + 0.000000000000e+00i, 
1.000000000000e+00  3  upper fork 1.264530000000e+00 + 0.000000000000e+00i, -0.000000000000e+00 + 0.000000000000e+00i, 8.430400000000e-01 + 0.000000000000e+00i, 5.878000000000e-01 + 0.000000000000e+00i, -0.000000000000e+00 + 0.000000000000e+00i, -8.090100000000e-01 + 0.000000000000e+00i, 
1.000000000000e+00  3  lower fork 1.546500000000e+00 + 0.000000000000e+00i, -0.000000000000e+00 + 0.000000000000e+00i, 4.557400000000e-01 + 0.000000000000e+00i, 5.874200000000e-01 + 0.000000000000e+00i, -0.000000000000e+00 + 0.000000000000e+00i, -8.092800000000e-01 + 0.000000000000e+00i, 
1.000000000000e+00  3  swing arm 3.684000000000e-01 + 0.000000000000e+00i, 0.000000000000e+00 + 0.000000000000e+00i, 2.242900000000e-01 + 0.000000000000e+00i, 4.505500000000e-01 + 0.000000000000e+00i, -0.000000000000e+00 + 0.000000000000e+00i, 8.927500000000e-01 + 0.000000000000e+00i, 
1.000000000000e+00  3  bell crank 3.728800000000e-01 + 0.000000000000e+00i, 0.000000000000e+00 + 0.000000000000e+00i, 2.331700000000e-01 + 0.000000000000e+00i, 4.505500000000e-01 + 0.000000000000e+00i, 0.000000000000e+00 + 0.000000000000e+00i, 8.927500000000e-01 + 0.000000000000e+00i, 
1.000000000000e+00  3  front wheel, bike 1.581990000000e+00 + 0.000000000000e+00i, -0.000000000000e+00 + 0.000000000000e+00i, 4.068400000000e-01 + 0.000000000000e+00i, 5.874200000000e-01 + 0.000000000000e+00i, 0.000000000000e+00 + 0.000000000000e+00i, -8.092800000000e-01 + 0.000000000000e+00i, 
1.000000000000e+00  3  rear wheel, bike 3.228600000000e-01 + 0.000000000000e+00i, 0.000000000000e+00 + 0.000000000000e+00i, 1.340600000000e-01 + 0.000000000000e+00i, 4.505500000000e-01 + 0.000000000000e+00i, 0.000000000000e+00 + 0.000000000000e+00i, 8.927500000000e-01 + 0.000000000000e+00i, 
1.000000000000e+00  3  fork rod 1.408170000000e+00 + 0.000000000000e+00i, -0.000000000000e+00 + 0.000000000000e+00i, 6.463200000000e-01 + 0.000000000000e+00i, 5.874200000000e-01 + 0.000000000000e+00i, -0.000000000000e+00 + 0.000000000000e+00i, -8.092800000000e-01 + 0.000000000000e+00i, 
1.000000000000e+00  3  left fork arm 1.581990000000e+00 + 0.000000000000e+00i, -0.000000000000e+00 + 0.000000000000e+00i, 4.068400000000e-01 + 0.000000000000e+00i, 5.874200000000e-01 + 0.000000000000e+00i, -0.000000000000e+00 + 0.000000000000e+00i, -8.092800000000e-01 + 0.000000000000e+00i, 
1.000000000000e+00  3  right fork arm 1.581990000000e+00 + 0.000000000000e+00i, -0.000000000000e+00 + 0.000000000000e+00i, 4.068400000000e-01 + 0.000000000000e+00i, 5.874200000000e-01 + 0.000000000000e+00i, -0.000000000000e+00 + 0.000000000000e+00i, -8.092800000000e-01 + 0.000000000000e+00i, 
1.000000000000e+00  3  lower left arm 9.048500000000e-01 + 0.000000000000e+00i, 1.648900000000e-01 + 0.000000000000e+00i, 2.259800000000e-01 + 0.000000000000e+00i, 1.006700000000e-01 + 0.000000000000e+00i, -1.941800000000e-01 + 0.000000000000e+00i, 9.757900000000e-01 + 0.000000000000e+00i, 
1.000000000000e+00  3  upper left arm 8.864400000000e-01 + 0.000000000000e+00i, 1.797300000000e-01 + 0.000000000000e+00i, 3.338300000000e-01 + 0.000000000000e+00i, 1.240300000000e-01 + 0.000000000000e+00i, -2.392500000000e-01 + 0.000000000000e+00i, 9.630000000000e-01 + 0.000000000000e+00i, 
1.000000000000e+00  3  lower right arm 9.048500000000e-01 + 0.000000000000e+00i, -1.648900000000e-01 + 0.000000000000e+00i, 2.259800000000e-01 + 0.000000000000e+00i, 1.006700000000e-01 + 0.000000000000e+00i, 1.941800000000e-01 + 0.000000000000e+00i, 9.757900000000e-01 + 0.000000000000e+00i, 
1.000000000000e+00  3  upper right arm 8.864400000000e-01 + 0.000000000000e+00i, -1.797300000000e-01 + 0.000000000000e+00i, 3.338300000000e-01 + 0.000000000000e+00i, 1.240300000000e-01 + 0.000000000000e+00i, 2.392500000000e-01 + 0.000000000000e+00i, 9.630000000000e-01 + 0.000000000000e+00i, 

1.000000000000e+00  4  bike 8.058300000000e-01 + 0.000000000000e+00i, -0.000000000000e+00 + 0.000000000000e+00i, 6.607900000000e-01 + 0.000000000000e+00i, -8.273000000000e-01 + 0.000000000000e+00i, 0.000000000000e+00 + 0.000000000000e+00i, 5.617700000000e-01 + 0.000000000000e+00i, 
1.000000000000e+00  4  upper body 3.156300000000e-01 + 0.000000000000e+00i, 0.000000000000e+00 + 0.000000000000e+00i, 9.936600000000e-01 + 0.000000000000e+00i, -8.273000000000e-01 + 0.000000000000e+00i, 0.000000000000e+00 + 0.000000000000e+00i, 5.617700000000e-01 + 0.000000000000e+00i, 
1.000000000000e+00  4  upper fork 1.091430000000e+00 + 0.000000000000e+00i, -0.000000000000e+00 + 0.000000000000e+00i, 3.122700000000e-01 + 0.000000000000e+00i, -9.876600000000e-01 + 0.000000000000e+00i, 0.000000000000e+00 + 0.000000000000e+00i, 1.565900000000e-01 + 0.000000000000e+00i, 
1.000000000000e+00  4  lower fork 1.356440000000e+00 + 0.000000000000e+00i, -0.000000000000e+00 + 0.000000000000e+00i, 2.699500000000e-01 + 0.000000000000e+00i, -9.876900000000e-01 + 0.000000000000e+00i, 0.000000000000e+00 + 0.000000000000e+00i, 1.564000000000e-01 + 0.000000000000e+00i, 
1.000000000000e+00  4  swing arm 5.508700000000e-01 + 0.000000000000e+00i, -0.000000000000e+00 + 0.000000000000e+00i, 8.339100000000e-01 + 0.000000000000e+00i, -8.273000000000e-01 + 0.000000000000e+00i, 0.000000000000e+00 + 0.000000000000e+00i, 5.617700000000e-01 + 0.000000000000e+00i, 
1.000000000000e+00  4  bell crank 8.182900000000e-01 + 0.000000000000e+00i, -0.000000000000e+00 + 0.000000000000e+00i, 6.523200000000e-01 + 0.000000000000e+00i, -8.273000000000e-01 + 0.000000000000e+00i, -0.000000000000e+00 + 0.000000000000e+00i, 5.617700000000e-01 + 0.000000000000e+00i, 
1.000000000000e+00  4  front wheel, bike 1.406830000000e+00 + 0.000000000000e+00i, -0.000000000000e+00 + 0.000000000000e+00i, 2.619800000000e-01 + 0.000000000000e+00i, -9.876900000000e-01 + 0.000000000000e+00i, -0.000000000000e+00 + 0.000000000000e+00i, 1.564000000000e-01 + 0.000000000000e+00i, 
1.000000000000e+00  4  rear wheel, bike 4.233700000000e-01 + 0.000000000000e+00i, -0.000000000000e+00 + 0.000000000000e+00i, 9.204900000000e-01 + 0.000000000000e+00i, -8.273000000000e-01 + 0.000000000000e+00i, 0.000000000000e+00 + 0.000000000000e+00i, 5.617700000000e-01 + 0.000000000000e+00i, 
1.000000000000e+00  4  fork rod 1.234770000000e+00 + 0.000000000000e+00i, -0.000000000000e+00 + 0.000000000000e+00i, 2.892200000000e-01 + 0.000000000000e+00i, -9.876900000000e-01 + 0.000000000000e+00i, 0.000000000000e+00 + 0.000000000000e+00i, 1.564000000000e-01 + 0.000000000000e+00i, 
1.000000000000e+00  4  left fork arm 1.406830000000e+00 + 0.000000000000e+00i, -0.000000000000e+00 + 0.000000000000e+00i, 2.619800000000e-01 + 0.000000000000e+00i, -9.876900000000e-01 + 0.000000000000e+00i, 0.000000000000e+00 + 0.000000000000e+00i, 1.564000000000e-01 + 0.000000000000e+00i, 
1.000000000000e+00  4  right fork arm 1.406830000000e+00 + 0.000000000000e+00i, -0.000000000000e+00 + 0.000000000000e+00i, 2.619800000000e-01 + 0.000000000000e+00i, -9.876900000000e-01 + 0.000000000000e+00i, 0.000000000000e+00 + 0.000000000000e+00i, 1.564000000000e-01 + 0.000000000000e+00i, 
1.000000000000e+00  4  lower left arm 1.237700000000e+00 + 0.000000000000e+00i, 5.807000000000e-02 + 0.000000000000e+00i, 2.726200000000e-01 + 0.000000000000e+00i, -6.453700000000e-01 + 0.000000000000e+00i, -8.039000000000e-02 + 0.000000000000e+00i, 7.596300000000e-01 + 0.000000000000e+00i, 
1.000000000000e+00  4  upper left arm 1.197390000000e+00 + 0.000000000000e+00i, 5.342000000000e-02 + 0.000000000000e+00i, 3.401400000000e-01 + 0.000000000000e+00i, -6.862800000000e-01 + 0.000000000000e+00i, -8.549000000000e-02 + 0.000000000000e+00i, 7.222900000000e-01 + 0.000000000000e+00i, 
1.000000000000e+00  4  lower right arm 1.237700000000e+00 + 0.000000000000e+00i, -5.807000000000e-02 + 0.000000000000e+00i, 2.726200000000e-01 + 0.000000000000e+00i, -6.453700000000e-01 + 0.000000000000e+00i, 8.039000000000e-02 + 0.000000000000e+00i, 7.596300000000e-01 + 0.000000000000e+00i, 
1.000000000000e+00  4  upper right arm 1.197390000000e+00 + 0.000000000000e+00i, -5.342000000000e-02 + 0.000000000000e+00i, 3.401400000000e-01 + 0.000000000000e+00i, -6.862800000000e-01 + 0.000000000000e+00i, 8.549000000000e-02 + 0.000000000000e+00i, 7.222900000000e-01 + 0.000000000000e+00i, 

1.000000000000e+00  5  bike 9.013400000000e-01 + 0.000000000000e+00i, 0.000000000000e+00 + 0.000000000000e+00i, 5.657300000000e-01 + 0.000000000000e+00i, 0.000000000000e+00 + 0.000000000000e+00i, -1.000000000000e+00 + 0.000000000000e+00i, 0.000000000000e+00 + 0.000000000000e+00i, 
1.000000000000e+00  5  upper body 9.013400000000e-01 + 0.000000000000e+00i, 0.000000000000e+00 + 0.000000000000e+00i, 5.657300000000e-01 + 0.000000000000e+00i, 0.000000000000e+00 + 0.000000000000e+00i, -1.000000000000e+00 + 0.000000000000e+00i, 0.000000000000e+00 + 0.000000000000e+00i, 
1.000000000000e+00  5  upper fork 9.013400000000e-01 + 0.000000000000e+00i, -0.000000000000e+00 + 0.000000000000e+00i, 5.657300000000e-01 + 0.000000000000e+00i, 0.000000000000e+00 + 0.000000000000e+00i, -1.000000000000e+00 + 0.000000000000e+00i, -0.000000000000e+00 + 0.000000000000e+00i, 
1.000000000000e+00  5  lower fork 1.722190000000e+00 + 0.000000000000e+00i, -0.000000000000e+00 + 0.000000000000e+00i, 5.657300000000e-01 + 0.000000000000e+00i, -0.000000000000e+00 + 0.000000000000e+00i, -1.000000000000e+00 + 0.000000000000e+00i, -0.000000000000e+00 + 0.000000000000e+00i, 
1.000000000000e+00  5  swing arm 4.828100000000e-01 + 0.000000000000e+00i, -0.000000000000e+00 + 0.000000000000e+00i, 3.223000000000e-01 + 0.000000000000e+00i, 0.000000000000e+00 + 0.000000000000e+00i, 1.000000000000e+00 + 0.000000000000e+00i, 0.000000000000e+00 + 0.000000000000e+00i, 
1.000000000000e+00  5  bell crank 5.206800000000e-01 + 0.000000000000e+00i, -0.000000000000e+00 + 0.000000000000e+00i, 1.686900000000e-01 + 0.000000000000e+00i, 0.000000000000e+00 + 0.000000000000e+00i, 1.000000000000e+00 + 0.000000000000e+00i, 0.000000000000e+00 + 0.000000000000e+00i, 
1.000000000000e+00  5  front wheel, bike 1.105900000000e+00 + 0.000000000000e+00i, -0.000000000000e+00 + 0.000000000000e+00i, 5.620000000000e-03 + 0.000000000000e+00i, -0.000000000000e+00 + 0.000000000000e+00i, 1.000000000000e+00 + 0.000000000000e+00i, -0.000000000000e+00 + 0.000000000000e+00i, 
1.000000000000e+00  5  rear wheel, bike -5.533480000000e+00 + 0.000000000000e+00i, -0.000000000000e+00 + 0.000000000000e+00i, 7.030000000000e-03 + 0.000000000000e+00i, 0.000000000000e+00 + 0.000000000000e+00i, -1.000000000000e+00 + 0.000000000000e+00i, 0.000000000000e+00 + 0.000000000000e+00i, 
1.000000000000e+00  5  fork rod 1.722190000000e+00 + 0.000000000000e+00i, -0.000000000000e+00 + 0.000000000000e+00i, 5.657300000000e-01 + 0.000000000000e+00i, -0.000000000000e+00 + 0.000000000000e+00i, -1.000000000000e+00 + 0.000000000000e+00i, -0.000000000000e+00 + 0.000000000000e+00i, 
1.000000000000e+00  5  left fork arm 1.722190000000e+00 + 0.000000000000e+00i, 1.000000000000e-01 + 0.000000000000e+00i, 5.657300000000e-01 + 0.000000000000e+00i, -0.000000000000e+00 + 0.000000000000e+00i, -1.000000000000e+00 + 0.000000000000e+00i, -0.000000000000e+00 + 0.000000000000e+00i, 
1.000000000000e+00  5  right fork arm 1.722190000000e+00 + 0.000000000000e+00i, -1.000000000000e-01 + 0.000000000000e+00i, 5.657300000000e-01 + 0.000000000000e+00i, -0.000000000000e+00 + 0.000000000000e+00i, -1.000000000000e+00 + 0.000000000000e+00i, -0.000000000000e+00 + 0.000000000000e+00i, 
1.000000000000e+00  5  lower left arm 1.084670000000e+00 + 0.000000000000e+00i, 1.562400000000e-01 + 0.000000000000e+00i, 8.218000000000e-02 + 0.000000000000e+00i, 0.000000000000e+00 + 0.000000000000e+00i, 1.000000000000e+00 + 0.000000000000e+00i, 0.000000000000e+00 + 0.000000000000e+00i, 
1.000000000000e+00  5  upper left arm 1.084670000000e+00 + 0.000000000000e+00i, 1.750000000000e-01 + 0.000000000000e+00i, 2.144000000000e-01 + 0.000000000000e+00i, 0.000000000000e+00 + 0.000000000000e+00i, 1.000000000000e+00 + 0.000000000000e+00i, 0.000000000000e+00 + 0.000000000000e+00i, 
1.000000000000e+00  5  lower right arm 1.084670000000e+00 + 0.000000000000e+00i, -1.562400000000e-01 + 0.000000000000e+00i, 8.218000000000e-02 + 0.000000000000e+00i, 0.000000000000e+00 + 0.000000000000e+00i, 1.000000000000e+00 + 0.000000000000e+00i, 0.000000000000e+00 + 0.000000000000e+00i, 
1.000000000000e+00  5  upper right arm 1.084670000000e+00 + 0.000000000000e+00i, -1.750000000000e-01 + 0.000000000000e+00i, 2.144000000000e-01 + 0.000000000000e+00i, 0.000000000000e+00 + 0.000000000000e+00i, 1.000000000000e+00 + 0.000000000000e+00i, 0.000000000000e+00 + 0.000000000000e+00i, 

1.000000000000e+00  6  bike 1.042900000000e-01 + -3.079700000000e-01i, 0.000000000000e+00 + 0.000000000000e+00i, 5.129700000000e-01 + -5.900000000000e-03i, 0.000000000000e+00 + 0.000000000000e+00i, 1.000000000000e+00 + 0.000000000000e+00i, -0.000000000000e+00 + 0.000000000000e+00i, 
1.000000000000e+00  6  upper body 1.042900000000e-01 + -3.079700000000e-01i, -0.000000000000e+00 + 0.000000000000e+00i, 5.129700000000e-01 + -5.900000000000e-03i, 0.000000000000e+00 + 0.000000000000e+00i, 1.000000000000e+00 + 0.000000000000e+00i, -0.000000000000e+00 + 0.000000000000e+00i, 
1.000000000000e+00  6  upper fork 1.042900000000e-01 + -3.079700000000e-01i, 0.000000000000e+00 + 0.000000000000e+00i, 5.129700000000e-01 + -5.900000000000e-03i, -0.000000000000e+00 + 0.000000000000e+00i, -9.602700000000e-01 + 2.790700000000e-01i, -0.000000000000e+00 + 0.000000000000e+00i, 
1.000000000000e+00  6  lower fork 3.472510000000e+00 + -6.956100000000e-01i, -0.000000000000e+00 + 0.000000000000e+00i, 5.129700000000e-01 + -5.900000000000e-03i, 0.000000000000e+00 + 0.000000000000e+00i, 9.496100000000e-01 + 3.134300000000e-01i, 0.000000000000e+00 + 0.000000000000e+00i, 
1.000000000000e+00  6  swing arm 3.639700000000e-01 + -5.303000000000e-02i, -0.000000000000e+00 + 0.000000000000e+00i, 4.114100000000e-01 + -1.936000000000e-02i, 0.000000000000e+00 + 0.000000000000e+00i, 1.000000000000e+00 + 0.000000000000e+00i, -0.000000000000e+00 + 0.000000000000e+00i, 
1.000000000000e+00  6  bell crank 4.653400000000e-01 + -1.390000000000e-02i, 0.000000000000e+00 + 0.000000000000e+00i, 2.290400000000e-01 + -1.982000000000e-02i, 0.000000000000e+00 + 0.000000000000e+00i, 1.000000000000e+00 + 0.000000000000e+00i, -0.000000000000e+00 + 0.000000000000e+00i, 
1.000000000000e+00  6  front wheel, bike -1.116720000000e+00 + 7.707200000000e-01i, -0.000000000000e+00 + 0.000000000000e+00i, 1.600000000000e-03 + -1.030000000000e-03i, 0.000000000000e+00 + 0.000000000000e+00i, -9.564900000000e-01 + -2.917600000000e-01i, 0.000000000000e+00 + 0.000000000000e+00i, 
1.000000000000e+00  6  rear wheel, bike -9.347600000000e-01 + -2.552000000000e-02i, -0.000000000000e+00 + 0.000000000000e+00i, 2.000000000000e-03 + -1.290000000000e-03i, -0.000000000000e+00 + 0.000000000000e+00i, 1.000000000000e+00 + 0.000000000000e+00i, 0.000000000000e+00 + 0.000000000000e+00i, 
1.000000000000e+00  6  fork rod 3.472510000000e+00 + -6.956100000000e-01i, -0.000000000000e+00 + 0.000000000000e+00i, 5.129700000000e-01 + -5.900000000000e-03i, 0.000000000000e+00 + 0.000000000000e+00i, 9.533300000000e-01 + 3.019300000000e-01i, 0.000000000000e+00 + 0.000000000000e+00i, 
1.000000000000e+00  6  left fork arm 3.472510000000e+00 + -6.956100000000e-01i, 1.000000000000e-01 + 0.000000000000e+00i, 5.129700000000e-01 + -5.900000000000e-03i, 0.000000000000e+00 + 0.000000000000e+00i, 9.475600000000e-01 + 3.195800000000e-01i, 0.000000000000e+00 + 0.000000000000e+00i, 
1.000000000000e+00  6  right fork arm 3.472510000000e+00 + -6.956100000000e-01i, -1.000000000000e-01 + 0.000000000000e+00i, 5.129700000000e-01 + -5.900000000000e-03i, 0.000000000000e+00 + 0.000000000000e+00i, 9.475600000000e-01 + 3.195800000000e-01i, 0.000000000000e+00 + 0.000000000000e+00i, 
1.000000000000e+00  6  lower left arm 1.095850000000e+00 + 2.628000000000e-02i, 1.562400000000e-01 + 0.000000000000e+00i, 1.804900000000e-01 + -2.010000000000e-03i, -0.000000000000e+00 + 0.000000000000e+00i, 1.000000000000e+00 + 0.000000000000e+00i, 0.000000000000e+00 + 0.000000000000e+00i, 
1.000000000000e+00  6  upper left arm 1.095850000000e+00 + 2.628000000000e-02i, 1.750000000000e-01 + 0.000000000000e+00i, 2.867100000000e-01 + -1.250000000000e-03i, -0.000000000000e+00 + 0.000000000000e+00i, 1.000000000000e+00 + 0.000000000000e+00i, 0.000000000000e+00 + 0.000000000000e+00i, 
1.000000000000e+00  6  lower right arm 1.095850000000e+00 + 2.628000000000e-02i, -1.562400000000e-01 + 0.000000000000e+00i, 1.804900000000e-01 + -2.010000000000e-03i, -0.000000000000e+00 + 0.000000000000e+00i, 1.000000000000e+00 + 0.000000000000e+00i, 0.000000000000e+00 + 0.000000000000e+00i, 
1.000000000000e+00  6  upper right arm 1.095850000000e+00 + 2.628000000000e-02i, -1.750000000000e-01 + 0.000000000000e+00i, 2.867100000000e-01 + -1.250000000000e-03i, -0.000000000000e+00 + 0.000000000000e+00i, 1.000000000000e+00 + 0.000000000000e+00i, 0.000000000000e+00 + 0.000000000000e+00i, 

1.000000000000e+00  7  bike 1.042900000000e-01 + 3.079700000000e-01i, 0.000000000000e+00 + 0.000000000000e+00i, 5.129700000000e-01 + 5.900000000000e-03i, 0.000000000000e+00 + 0.000000000000e+00i, 1.000000000000e+00 + 0.000000000000e+00i, -0.000000000000e+00 + 0.000000000000e+00i, 
1.000000000000e+00  7  upper body 1.042900000000e-01 + 3.079700000000e-01i, -0.000000000000e+00 + 0.000000000000e+00i, 5.129700000000e-01 + 5.900000000000e-03i, 0.000000000000e+00 + 0.000000000000e+00i, 1.000000000000e+00 + 0.000000000000e+00i, -0.000000000000e+00 + 0.000000000000e+00i, 
1.000000000000e+00  7  upper fork 1.042900000000e-01 + 3.079700000000e-01i, 0.000000000000e+00 + 0.000000000000e+00i, 5.129700000000e-01 + 5.900000000000e-03i, -0.000000000000e+00 + 0.000000000000e+00i, -9.602700000000e-01 + -2.790700000000e-01i, -0.000000000000e+00 + 0.000000000000e+00i, 
1.000000000000e+00  7  lower fork 3.472510000000e+00 + 6.956100000000e-01i, -0.000000000000e+00 + 0.000000000000e+00i, 5.129700000000e-01 + 5.900000000000e-03i, 0.000000000000e+00 + 0.000000000000e+00i, 9.496100000000e-01 + -3.134300000000e-01i, 0.000000000000e+00 + 0.000000000000e+00i, 
1.000000000000e+00  7  swing arm 3.639700000000e-01 + 5.303000000000e-02i, -0.000000000000e+00 + 0.000000000000e+00i, 4.114100000000e-01 + 1.936000000000e-02i, 0.000000000000e+00 + 0.000000000000e+00i, 1.000000000000e+00 + 0.000000000000e+00i, -0.000000000000e+00 + 0.000000000000e+00i, 
1.000000000000e+00  7  bell crank 4.653400000000e-01 + 1.390000000000e-02i, 0.000000000000e+00 + 0.000000000000e+00i, 2.290400000000e-01 + 1.982000000000e-02i, 0.000000000000e+00 + 0.000000000000e+00i, 1.000000000000e+00 + 0.000000000000e+00i, -0.000000000000e+00 + 0.000000000000e+00i, 
1.000000000000e+00  7  front wheel, bike -1.116720000000e+00 + -7.707200000000e-01i, -0.000000000000e+00 + 0.000000000000e+00i, 1.600000000000e-03 + 1.030000000000e-03i, 0.000000000000e+00 + 0.000000000000e+00i, -9.564900000000e-01 + 2.917600000000e-01i, 0.000000000000e+00 + 0.000000000000e+00i, 
1.000000000000e+00  7  rear wheel, bike -9.347600000000e-01 + 2.552000000000e-02i, -0.000000000000e+00 + 0.000000000000e+00i, 2.000000000000e-03 + 1.290000000000e-03i, -0.000000000000e+00 + 0.000000000000e+00i, 1.000000000000e+00 + 0.000000000000e+00i, 0.000000000000e+00 + 0.000000000000e+00i, 
1.000000000000e+00  7  fork rod 3.472510000000e+00 + 6.956100000000e-01i, -0.000000000000e+00 + 0.000000000000e+00i, 5.129700000000e-01 + 5.900000000000e-03i, 0.000000000000e+00 + 0.000000000000e+00i, 9.533300000000e-01 + -3.019300000000e-01i, 0.000000000000e+00 + 0.000000000000e+00i, 
1.000000000000e+00  7  left fork arm 3.472510000000e+00 + 6.956100000000e-01i, 1.000000000000e-01 + 0.000000000000e+00i, 5.129700000000e-01 + 5.900000000000e-03i, 0.000000000000e+00 + 0.000000000000e+00i, 9.475600000000e-01 + -3.195800000000e-01i, 0.000000000000e+00 + 0.000000000000e+00i, 
1.000000000000e+00  7  right fork arm 3.472510000000e+00 + 6.956100000000e-01i, -1.000000000000e-01 + 0.000000000000e+00i, 5.129700000000e-01 + 5.900000000000e-03i, 0.000000000000e+00 + 0.000000000000e+00i, 9.475600000000e-01 + -3.195800000000e-01i, 0.000000000000e+00 + 0.000000000000e+00i, 
1.000000000000e+00  7  lower left arm 1.095850000000e+00 + -2.628000000000e-02i, 1.562400000000e-01 + 0.000000000000e+00i, 1.804900000000e-01 + 2.010000000000e-03i, -0.000000000000e+00 + 0.000000000000e+00i, 1.000000000000e+00 + 0.000000000000e+00i, 0.000000000000e+00 + 0.000000000000e+00i, 
1.000000000000e+00  7  upper left arm 1.095850000000e+00 + -2.628000000000e-02i, 1.750000000000e-01 + 0.000000000000e+00i, 2.867100000000e-01 + 1.250000000000e-03i, -0.000000000000e+00 + 0.000000000000e+00i, 1.000000000000e+00 + 0.000000000000e+00i, 0.000000000000e+00 + 0.000000000000e+00i, 
1.000000000000e+00  7  lower right arm 1.095850000000e+00 + -2.628000000000e-02i, -1.562400000000e-01 + 0.000000000000e+00i, 1.804900000000e-01 + 2.010000000000e-03i, -0.000000000000e+00 + 0.000000000000e+00i, 1.000000000000e+00 + 0.000000000000e+00i, 0.000000000000e+00 + 0.000000000000e+00i, 
1.000000000000e+00  7  upper right arm 1.095850000000e+00 + -2.628000000000e-02i, -1.750000000000e-01 + 0.000000000000e+00i, 2.867100000000e-01 + 1.250000000000e-03i, -0.000000000000e+00 + 0.000000000000e+00i, 1.000000000000e+00 + 0.000000000000e+00i, 0.000000000000e+00 + 0.000000000000e+00i, 

1.000000000000e+00  8  bike 6.892400000000e-01 + -7.314000000000e-02i, -0.000000000000e+00 + 0.000000000000e+00i, 5.266300000000e-01 + -4.840000000000e-03i, 0.000000000000e+00 + 0.000000000000e+00i, 1.000000000000e+00 + 0.000000000000e+00i, -0.000000000000e+00 + 0.000000000000e+00i, 
1.000000000000e+00  8  upper body 6.892400000000e-01 + -7.314000000000e-02i, -0.000000000000e+00 + 0.000000000000e+00i, 5.266300000000e-01 + -4.840000000000e-03i, 0.000000000000e+00 + 0.000000000000e+00i, 1.000000000000e+00 + 0.000000000000e+00i, -0.000000000000e+00 + 0.000000000000e+00i, 
1.000000000000e+00  8  upper fork 6.892400000000e-01 + -7.314000000000e-02i, 0.000000000000e+00 + 0.000000000000e+00i, 5.266300000000e-01 + -4.840000000000e-03i, 0.000000000000e+00 + 0.000000000000e+00i, 1.000000000000e+00 + 0.000000000000e+00i, 0.000000000000e+00 + 0.000000000000e+00i, 
1.000000000000e+00  8  lower fork 1.185780000000e+00 + -4.948400000000e-01i, -0.000000000000e+00 + 0.000000000000e+00i, 5.266300000000e-01 + -4.840000000000e-03i, -0.000000000000e+00 + 0.000000000000e+00i, 1.000000000000e+00 + 0.000000000000e+00i, 0.000000000000e+00 + 0.000000000000e+00i, 
1.000000000000e+00  8  swing arm 5.823100000000e-01 + -1.621500000000e-01i, -0.000000000000e+00 + 0.000000000000e+00i, 4.664500000000e-01 + -1.377800000000e-01i, 0.000000000000e+00 + 0.000000000000e+00i, 1.000000000000e+00 + 0.000000000000e+00i, 0.000000000000e+00 + 0.000000000000e+00i, 
1.000000000000e+00  8  bell crank 5.018400000000e-01 + -5.708000000000e-02i, 0.000000000000e+00 + 0.000000000000e+00i, 1.687600000000e-01 + -1.368100000000e-01i, -0.000000000000e+00 + 0.000000000000e+00i, 1.000000000000e+00 + 0.000000000000e+00i, 0.000000000000e+00 + 0.000000000000e+00i, 
1.000000000000e+00  8  front wheel, bike 1.654410000000e+00 + 5.755300000000e-01i, -0.000000000000e+00 + 0.000000000000e+00i, 3.900000000000e-04 + -1.140000000000e-03i, 0.000000000000e+00 + 0.000000000000e+00i, 1.000000000000e+00 + 0.000000000000e+00i, -0.000000000000e+00 + 0.000000000000e+00i, 
1.000000000000e+00  8  rear wheel, bike -7.507000000000e-01 + -3.315800000000e-01i, -0.000000000000e+00 + 0.000000000000e+00i, 4.900000000000e-04 + -1.430000000000e-03i, -0.000000000000e+00 + 0.000000000000e+00i, 1.000000000000e+00 + 0.000000000000e+00i, 0.000000000000e+00 + 0.000000000000e+00i, 
1.000000000000e+00  8  fork rod 1.185780000000e+00 + -4.948400000000e-01i, 0.000000000000e+00 + 0.000000000000e+00i, 5.266300000000e-01 + -4.840000000000e-03i, -0.000000000000e+00 + 0.000000000000e+00i, 1.000000000000e+00 + 0.000000000000e+00i, 0.000000000000e+00 + 0.000000000000e+00i, 
1.000000000000e+00  8  left fork arm 1.185780000000e+00 + -4.948400000000e-01i, 1.000000000000e-01 + 0.000000000000e+00i, 5.266300000000e-01 + -4.840000000000e-03i, -0.000000000000e+00 + 0.000000000000e+00i, 1.000000000000e+00 + 0.000000000000e+00i, 0.000000000000e+00 + 0.000000000000e+00i, 
1.000000000000e+00  8  right fork arm 1.185780000000e+00 + -4.948400000000e-01i, -1.000000000000e-01 + 0.000000000000e+00i, 5.266300000000e-01 + -4.840000000000e-03i, -0.000000000000e+00 + 0.000000000000e+00i, 1.000000000000e+00 + 0.000000000000e+00i, 0.000000000000e+00 + 0.000000000000e+00i, 
1.000000000000e+00  8  lower left arm 1.095060000000e+00 + 1.276300000000e-01i, 1.562400000000e-01 + 0.000000000000e+00i, 1.255700000000e-01 + -1.025700000000e-01i, -0.000000000000e+00 + 0.000000000000e+00i, 1.000000000000e+00 + 0.000000000000e+00i, 0.000000000000e+00 + 0.000000000000e+00i, 
1.000000000000e+00  8  upper left arm 1.095060000000e+00 + 1.276300000000e-01i, 1.750000000000e-01 + 0.000000000000e+00i, 2.478900000000e-01 + -7.084000000000e-02i, -0.000000000000e+00 + 0.000000000000e+00i, 1.000000000000e+00 + 0.000000000000e+00i, 0.000000000000e+00 + 0.000000000000e+00i, 
1.000000000000e+00  8  lower right arm 1.095060000000e+00 + 1.276300000000e-01i, -1.562400000000e-01 + 0.000000000000e+00i, 1.255700000000e-01 + -1.025700000000e-01i, -0.000000000000e+00 + 0.000000000000e+00i, 1.000000000000e+00 + 0.000000000000e+00i, 0.000000000000e+00 + 0.000000000000e+00i, 
1.000000000000e+00  8  upper right arm 1.095060000000e+00 + 1.276300000000e-01i, -1.750000000000e-01 + 0.000000000000e+00i, 2.478900000000e-01 + -7.084000000000e-02i, -0.000000000000e+00 + 0.000000000000e+00i, 1.000000000000e+00 + 0.000000000000e+00i, 0.000000000000e+00 + 0.000000000000e+00i, 

1.000000000000e+00  9  bike 6.892400000000e-01 + 7.314000000000e-02i, -0.000000000000e+00 + 0.000000000000e+00i, 5.266300000000e-01 + 4.840000000000e-03i, 0.000000000000e+00 + 0.000000000000e+00i, 1.000000000000e+00 + 0.000000000000e+00i, -0.000000000000e+00 + 0.000000000000e+00i, 
1.000000000000e+00  9  upper body 6.892400000000e-01 + 7.314000000000e-02i, -0.000000000000e+00 + 0.000000000000e+00i, 5.266300000000e-01 + 4.840000000000e-03i, 0.000000000000e+00 + 0.000000000000e+00i, 1.000000000000e+00 + 0.000000000000e+00i, -0.000000000000e+00 + 0.000000000000e+00i, 
1.000000000000e+00  9  upper fork 6.892400000000e-01 + 7.314000000000e-02i, 0.000000000000e+00 + 0.000000000000e+00i, 5.266300000000e-01 + 4.840000000000e-03i, 0.000000000000e+00 + 0.000000000000e+00i, 1.000000000000e+00 + 0.000000000000e+00i, 0.000000000000e+00 + 0.000000000000e+00i, 
1.000000000000e+00  9  lower fork 1.185780000000e+00 + 4.948400000000e-01i, -0.000000000000e+00 + 0.000000000000e+00i, 5.266300000000e-01 + 4.840000000000e-03i, -0.000000000000e+00 + 0.000000000000e+00i, 1.000000000000e+00 + 0.000000000000e+00i, 0.000000000000e+00 + 0.000000000000e+00i, 
1.000000000000e+00  9  swing arm 5.823100000000e-01 + 1.621500000000e-01i, -0.000000000000e+00 + 0.000000000000e+00i, 4.664500000000e-01 + 1.377800000000e-01i, 0.000000000000e+00 + 0.000000000000e+00i, 1.000000000000e+00 + 0.000000000000e+00i, 0.000000000000e+00 + 0.000000000000e+00i, 
1.000000000000e+00  9  bell crank 5.018400000000e-01 + 5.708000000000e-02i, 0.000000000000e+00 + 0.000000000000e+00i, 1.687600000000e-01 + 1.368100000000e-01i, -0.000000000000e+00 + 0.000000000000e+00i, 1.000000000000e+00 + 0.000000000000e+00i, 0.000000000000e+00 + 0.000000000000e+00i, 
1.000000000000e+00  9  front wheel, bike 1.654410000000e+00 + -5.755300000000e-01i, -0.000000000000e+00 + 0.000000000000e+00i, 3.900000000000e-04 + 1.140000000000e-03i, 0.000000000000e+00 + 0.000000000000e+00i, 1.000000000000e+00 + 0.000000000000e+00i, -0.000000000000e+00 + 0.000000000000e+00i, 
1.000000000000e+00  9  rear wheel, bike -7.507000000000e-01 + 3.315800000000e-01i, -0.000000000000e+00 + 0.000000000000e+00i, 4.900000000000e-04 + 1.430000000000e-03i, -0.000000000000e+00 + 0.000000000000e+00i, 1.000000000000e+00 + 0.000000000000e+00i, 0.000000000000e+00 + 0.000000000000e+00i, 
1.000000000000e+00  9  fork rod 1.185780000000e+00 + 4.948400000000e-01i, 0.000000000000e+00 + 0.000000000000e+00i, 5.266300000000e-01 + 4.840000000000e-03i, -0.000000000000e+00 + 0.000000000000e+00i, 1.000000000000e+00 + 0.000000000000e+00i, 0.000000000000e+00 + 0.000000000000e+00i, 
1.000000000000e+00  9  left fork arm 1.185780000000e+00 + 4.948400000000e-01i, 1.000000000000e-01 + 0.000000000000e+00i, 5.266300000000e-01 + 4.840000000000e-03i, -0.000000000000e+00 + 0.000000000000e+00i, 1.000000000000e+00 + 0.000000000000e+00i, 0.000000000000e+00 + 0.000000000000e+00i, 
1.000000000000e+00  9  right fork arm 1.185780000000e+00 + 4.948400000000e-01i, -1.000000000000e-01 + 0.000000000000e+00i, 5.266300000000e-01 + 4.840000000000e-03i, -0.000000000000e+00 + 0.000000000000e+00i, 1.000000000000e+00 + 0.000000000000e+00i, 0.000000000000e+00 + 0.000000000000e+00i, 
1.000000000000e+00  9  lower left arm 1.095060000000e+00 + -1.276300000000e-01i, 1.562400000000e-01 + 0.000000000000e+00i, 1.255700000000e-01 + 1.025700000000e-01i, -0.000000000000e+00 + 0.000000000000e+00i, 1.000000000000e+00 + 0.000000000000e+00i, 0.000000000000e+00 + 0.000000000000e+00i, 
1.000000000000e+00  9  upper left arm 1.095060000000e+00 + -1.276300000000e-01i, 1.750000000000e-01 + 0.000000000000e+00i, 2.478900000000e-01 + 7.084000000000e-02i, -0.000000000000e+00 + 0.000000000000e+00i, 1.000000000000e+00 + 0.000000000000e+00i, 0.000000000000e+00 + 0.000000000000e+00i, 
1.000000000000e+00  9  lower right arm 1.095060000000e+00 + -1.276300000000e-01i, -1.562400000000e-01 + 0.000000000000e+00i, 1.255700000000e-01 + 1.025700000000e-01i, -0.000000000000e+00 + 0.000000000000e+00i, 1.000000000000e+00 + 0.000000000000e+00i, 0.000000000000e+00 + 0.000000000000e+00i, 
1.000000000000e+00  9  upper right arm 1.095060000000e+00 + -1.276300000000e-01i, -1.750000000000e-01 + 0.000000000000e+00i, 2.478900000000e-01 + 7.084000000000e-02i, -0.000000000000e+00 + 0.000000000000e+00i, 1.000000000000e+00 + 0.000000000000e+00i, 0.000000000000e+00 + 0.000000000000e+00i, 

1.000000000000e+00  10  bike -5.933100000000e-01 + -1.270330000000e+00i, 0.000000000000e+00 + 0.000000000000e+00i, 5.137700000000e-01 + -9.290000000000e-03i, -0.000000000000e+00 + 0.000000000000e+00i, -7.073500000000e-01 + 7.068600000000e-01i, 0.000000000000e+00 + 0.000000000000e+00i, 
1.000000000000e+00  10  upper body -5.933100000000e-01 + -1.270330000000e+00i, 0.000000000000e+00 + 0.000000000000e+00i, 5.137700000000e-01 + -9.290000000000e-03i, -0.000000000000e+00 + 0.000000000000e+00i, -6.217000000000e-01 + 7.832600000000e-01i, 0.000000000000e+00 + 0.000000000000e+00i, 
1.000000000000e+00  10  upper fork -5.933100000000e-01 + -1.270330000000e+00i, 0.000000000000e+00 + 0.000000000000e+00i, 5.137700000000e-01 + -9.290000000000e-03i, 0.000000000000e+00 + 0.000000000000e+00i, -8.104200000000e-01 + 5.858400000000e-01i, -0.000000000000e+00 + 0.000000000000e+00i, 
1.000000000000e+00  10  lower fork 1.569310000000e+00 + -6.726000000000e-01i, 0.000000000000e+00 + 0.000000000000e+00i, 5.137700000000e-01 + -9.290000000000e-03i, -0.000000000000e+00 + 0.000000000000e+00i, 1.000000000000e+00 + 0.000000000000e+00i, 0.000000000000e+00 + 0.000000000000e+00i, 
1.000000000000e+00  10  swing arm -4.690000000000e-03 + -1.916900000000e-01i, 0.000000000000e+00 + 0.000000000000e+00i, 4.051700000000e-01 + -2.818000000000e-02i, 0.000000000000e+00 + 0.000000000000e+00i, 1.000000000000e+00 + 0.000000000000e+00i, -0.000000000000e+00 + 0.000000000000e+00i, 
1.000000000000e+00  10  bell crank 3.209600000000e-01 + -4.256000000000e-02i, 0.000000000000e+00 + 0.000000000000e+00i, 2.209400000000e-01 + -2.672000000000e-02i, 0.000000000000e+00 + 0.000000000000e+00i, 1.000000000000e+00 + 0.000000000000e+00i, -0.000000000000e+00 + 0.000000000000e+00i, 
1.000000000000e+00  10  front wheel, bike 1.182520000000e+00 + 8.080400000000e-01i, -0.000000000000e+00 + 0.000000000000e+00i, 3.000000000000e-04 + -5.100000000000e-04i, 0.000000000000e+00 + 0.000000000000e+00i, 1.000000000000e+00 + 0.000000000000e+00i, -0.000000000000e+00 + 0.000000000000e+00i, 
1.000000000000e+00  10  rear wheel, bike -1.172400000000e-01 + 4.951400000000e-01i, 0.000000000000e+00 + 0.000000000000e+00i, 3.700000000000e-04 + -6.300000000000e-04i, -0.000000000000e+00 + 0.000000000000e+00i, 1.000000000000e+00 + 0.000000000000e+00i, 0.000000000000e+00 + 0.000000000000e+00i, 
1.000000000000e+00  10  fork rod 1.569310000000e+00 + -6.726000000000e-01i, 0.000000000000e+00 + 0.000000000000e+00i, 5.137700000000e-01 + -9.290000000000e-03i, -0.000000000000e+00 + 0.000000000000e+00i, 1.000000000000e+00 + 0.000000000000e+00i, 0.000000000000e+00 + 0.000000000000e+00i, 
1.000000000000e+00  10  left fork arm 1.569310000000e+00 + -6.726000000000e-01i, 1.000000000000e-01 + 0.000000000000e+00i, 5.137700000000e-01 + -9.290000000000e-03i, -0.000000000000e+00 + 0.000000000000e+00i, 1.000000000000e+00 + 0.000000000000e+00i, 0.000000000000e+00 + 0.000000000000e+00i, 
1.000000000000e+00  10  right fork arm 1.569310000000e+00 + -6.726000000000e-01i, -1.000000000000e-01 + 0.000000000000e+00i, 5.137700000000e-01 + -9.290000000000e-03i, -0.000000000000e+00 + 0.000000000000e+00i, 1.000000000000e+00 + 0.000000000000e+00i, 0.000000000000e+00 + 0.000000000000e+00i, 
1.000000000000e+00  10  lower left arm 1.228390000000e+00 + 7.208000000000e-02i, 1.562400000000e-01 + 0.000000000000e+00i, 1.710000000000e-01 + 9.780000000000e-03i, -0.000000000000e+00 + 0.000000000000e+00i, 1.000000000000e+00 + 0.000000000000e+00i, 0.000000000000e+00 + 0.000000000000e+00i, 
1.000000000000e+00  10  upper left arm 1.228390000000e+00 + 7.208000000000e-02i, 1.750000000000e-01 + 0.000000000000e+00i, 2.803300000000e-01 + 6.940000000000e-03i, -0.000000000000e+00 + 0.000000000000e+00i, 1.000000000000e+00 + 0.000000000000e+00i, 0.000000000000e+00 + 0.000000000000e+00i, 
1.000000000000e+00  10  lower right arm 1.228390000000e+00 + 7.208000000000e-02i, -1.562400000000e-01 + 0.000000000000e+00i, 1.710000000000e-01 + 9.780000000000e-03i, -0.000000000000e+00 + 0.000000000000e+00i, 1.000000000000e+00 + 0.000000000000e+00i, 0.000000000000e+00 + 0.000000000000e+00i, 
1.000000000000e+00  10  upper right arm 1.228390000000e+00 + 7.208000000000e-02i, -1.750000000000e-01 + 0.000000000000e+00i, 2.803300000000e-01 + 6.940000000000e-03i, -0.000000000000e+00 + 0.000000000000e+00i, 1.000000000000e+00 + 0.000000000000e+00i, 0.000000000000e+00 + 0.000000000000e+00i, 

1.000000000000e+00  11  bike -5.933100000000e-01 + 1.270330000000e+00i, 0.000000000000e+00 + 0.000000000000e+00i, 5.137700000000e-01 + 9.290000000000e-03i, -0.000000000000e+00 + 0.000000000000e+00i, -7.073500000000e-01 + -7.068600000000e-01i, 0.000000000000e+00 + 0.000000000000e+00i, 
1.000000000000e+00  11  upper body -5.933100000000e-01 + 1.270330000000e+00i, 0.000000000000e+00 + 0.000000000000e+00i, 5.137700000000e-01 + 9.290000000000e-03i, -0.000000000000e+00 + 0.000000000000e+00i, -6.217000000000e-01 + -7.832600000000e-01i, 0.000000000000e+00 + 0.000000000000e+00i, 
1.000000000000e+00  11  upper fork -5.933100000000e-01 + 1.270330000000e+00i, 0.000000000000e+00 + 0.000000000000e+00i, 5.137700000000e-01 + 9.290000000000e-03i, 0.000000000000e+00 + 0.000000000000e+00i, -8.104200000000e-01 + -5.858400000000e-01i, -0.000000000000e+00 + 0.000000000000e+00i, 
1.000000000000e+00  11  lower fork 1.569310000000e+00 + 6.726000000000e-01i, 0.000000000000e+00 + 0.000000000000e+00i, 5.137700000000e-01 + 9.290000000000e-03i, -0.000000000000e+00 + 0.000000000000e+00i, 1.000000000000e+00 + 0.000000000000e+00i, 0.000000000000e+00 + 0.000000000000e+00i, 
1.000000000000e+00  11  swing arm -4.690000000000e-03 + 1.916900000000e-01i, 0.000000000000e+00 + 0.000000000000e+00i, 4.051700000000e-01 + 2.818000000000e-02i, 0.000000000000e+00 + 0.000000000000e+00i, 1.000000000000e+00 + 0.000000000000e+00i, -0.000000000000e+00 + 0.000000000000e+00i, 
1.000000000000e+00  11  bell crank 3.209600000000e-01 + 4.256000000000e-02i, 0.000000000000e+00 + 0.000000000000e+00i, 2.209400000000e-01 + 2.672000000000e-02i, 0.000000000000e+00 + 0.000000000000e+00i, 1.000000000000e+00 + 0.000000000000e+00i, -0.000000000000e+00 + 0.000000000000e+00i, 
1.000000000000e+00  11  front wheel, bike 1.182520000000e+00 + -8.080400000000e-01i, -0.000000000000e+00 + 0.000000000000e+00i, 3.000000000000e-04 + 5.100000000000e-04i, 0.000000000000e+00 + 0.000000000000e+00i, 1.000000000000e+00 + 0.000000000000e+00i, -0.000000000000e+00 + 0.000000000000e+00i, 
1.000000000000e+00  11  rear wheel, bike -1.172400000000e-01 + -4.951400000000e-01i, 0.000000000000e+00 + 0.000000000000e+00i, 3.700000000000e-04 + 6.300000000000e-04i, -0.000000000000e+00 + 0.000000000000e+00i, 1.000000000000e+00 + 0.000000000000e+00i, 0.000000000000e+00 + 0.000000000000e+00i, 
1.000000000000e+00  11  fork rod 1.569310000000e+00 + 6.726000000000e-01i, 0.000000000000e+00 + 0.000000000000e+00i, 5.137700000000e-01 + 9.290000000000e-03i, -0.000000000000e+00 + 0.000000000000e+00i, 1.000000000000e+00 + 0.000000000000e+00i, 0.000000000000e+00 + 0.000000000000e+00i, 
1.000000000000e+00  11  left fork arm 1.569310000000e+00 + 6.726000000000e-01i, 1.000000000000e-01 + 0.000000000000e+00i, 5.137700000000e-01 + 9.290000000000e-03i, -0.000000000000e+00 + 0.000000000000e+00i, 1.000000000000e+00 + 0.000000000000e+00i, 0.000000000000e+00 + 0.000000000000e+00i, 
1.000000000000e+00  11  right fork arm 1.569310000000e+00 + 6.726000000000e-01i, -1.000000000000e-01 + 0.000000000000e+00i, 5.137700000000e-01 + 9.290000000000e-03i, -0.000000000000e+00 + 0.000000000000e+00i, 1.000000000000e+00 + 0.000000000000e+00i, 0.000000000000e+00 + 0.000000000000e+00i, 
1.000000000000e+00  11  lower left arm 1.228390000000e+00 + -7.208000000000e-02i, 1.562400000000e-01 + 0.000000000000e+00i, 1.710000000000e-01 + -9.780000000000e-03i, -0.000000000000e+00 + 0.000000000000e+00i, 1.000000000000e+00 + 0.000000000000e+00i, 0.000000000000e+00 + 0.000000000000e+00i, 
1.000000000000e+00  11  upper left arm 1.228390000000e+00 + -7.208000000000e-02i, 1.750000000000e-01 + 0.000000000000e+00i, 2.803300000000e-01 + -6.940000000000e-03i, -0.000000000000e+00 + 0.000000000000e+00i, 1.000000000000e+00 + 0.000000000000e+00i, 0.000000000000e+00 + 0.000000000000e+00i, 
1.000000000000e+00  11  lower right arm 1.228390000000e+00 + -7.208000000000e-02i, -1.562400000000e-01 + 0.000000000000e+00i, 1.710000000000e-01 + -9.780000000000e-03i, -0.000000000000e+00 + 0.000000000000e+00i, 1.000000000000e+00 + 0.000000000000e+00i, 0.000000000000e+00 + 0.000000000000e+00i, 
1.000000000000e+00  11  upper right arm 1.228390000000e+00 + -7.208000000000e-02i, -1.750000000000e-01 + 0.000000000000e+00i, 2.803300000000e-01 + -6.940000000000e-03i, -0.000000000000e+00 + 0.000000000000e+00i, 1.000000000000e+00 + 0.000000000000e+00i, 0.000000000000e+00 + 0.000000000000e+00i, 

1.000000000000e+00  12  bike 5.871600000000e-01 + 0.000000000000e+00i, 0.000000000000e+00 + 0.000000000000e+00i, 5.318600000000e-01 + 0.000000000000e+00i, -0.000000000000e+00 + 0.000000000000e+00i, -1.000000000000e+00 + 0.000000000000e+00i, 0.000000000000e+00 + 0.000000000000e+00i, 
1.000000000000e+00  12  upper body 5.871600000000e-01 + 0.000000000000e+00i, -0.000000000000e+00 + 0.000000000000e+00i, 5.318600000000e-01 + 0.000000000000e+00i, -0.000000000000e+00 + 0.000000000000e+00i, -1.000000000000e+00 + 0.000000000000e+00i, 0.000000000000e+00 + 0.000000000000e+00i, 
1.000000000000e+00  12  upper fork 5.871600000000e-01 + 0.000000000000e+00i, 0.000000000000e+00 + 0.000000000000e+00i, 5.318600000000e-01 + 0.000000000000e+00i, -0.000000000000e+00 + 0.000000000000e+00i, -1.000000000000e+00 + 0.000000000000e+00i, 0.000000000000e+00 + 0.000000000000e+00i, 
1.000000000000e+00  12  lower fork 1.526900000000e+00 + 0.000000000000e+00i, 0.000000000000e+00 + 0.000000000000e+00i, 5.318600000000e-01 + 0.000000000000e+00i, -0.000000000000e+00 + 0.000000000000e+00i, -1.000000000000e+00 + 0.000000000000e+00i, 0.000000000000e+00 + 0.000000000000e+00i, 
1.000000000000e+00  12  swing arm 3.480600000000e-01 + 0.000000000000e+00i, 0.000000000000e+00 + 0.000000000000e+00i, -5.400500000000e-01 + 0.000000000000e+00i, -0.000000000000e+00 + 0.000000000000e+00i, 1.000000000000e+00 + 0.000000000000e+00i, 0.000000000000e+00 + 0.000000000000e+00i, 
1.000000000000e+00  12  bell crank 5.224500000000e-01 + 0.000000000000e+00i, 0.000000000000e+00 + 0.000000000000e+00i, 6.955000000000e-02 + 0.000000000000e+00i, -0.000000000000e+00 + 0.000000000000e+00i, 1.000000000000e+00 + 0.000000000000e+00i, 0.000000000000e+00 + 0.000000000000e+00i, 
1.000000000000e+00  12  front wheel, bike 1.278340000000e+00 + 0.000000000000e+00i, 0.000000000000e+00 + 0.000000000000e+00i, 5.800000000000e-04 + 0.000000000000e+00i, -0.000000000000e+00 + 0.000000000000e+00i, 1.000000000000e+00 + 0.000000000000e+00i, 0.000000000000e+00 + 0.000000000000e+00i, 
1.000000000000e+00  12  rear wheel, bike 1.232000000000e-01 + 0.000000000000e+00i, 0.000000000000e+00 + 0.000000000000e+00i, 7.300000000000e-04 + 0.000000000000e+00i, -0.000000000000e+00 + 0.000000000000e+00i, 1.000000000000e+00 + 0.000000000000e+00i, 0.000000000000e+00 + 0.000000000000e+00i, 
1.000000000000e+00  12  fork rod 1.526900000000e+00 + 0.000000000000e+00i, -0.000000000000e+00 + 0.000000000000e+00i, 5.318600000000e-01 + 0.000000000000e+00i, -0.000000000000e+00 + 0.000000000000e+00i, -1.000000000000e+00 + 0.000000000000e+00i, 0.000000000000e+00 + 0.000000000000e+00i, 
1.000000000000e+00  12  left fork arm 1.526900000000e+00 + 0.000000000000e+00i, 1.000000000000e-01 + 0.000000000000e+00i, 5.318600000000e-01 + 0.000000000000e+00i, -0.000000000000e+00 + 0.000000000000e+00i, -1.000000000000e+00 + 0.000000000000e+00i, 0.000000000000e+00 + 0.000000000000e+00i, 
1.000000000000e+00  12  right fork arm 1.526900000000e+00 + 0.000000000000e+00i, -1.000000000000e-01 + 0.000000000000e+00i, 5.318600000000e-01 + 0.000000000000e+00i, -0.000000000000e+00 + 0.000000000000e+00i, -1.000000000000e+00 + 0.000000000000e+00i, 0.000000000000e+00 + 0.000000000000e+00i, 
1.000000000000e+00  12  lower left arm 1.162430000000e+00 + 0.000000000000e+00i, 1.562400000000e-01 + 0.000000000000e+00i, 1.102800000000e-01 + 0.000000000000e+00i, -0.000000000000e+00 + 0.000000000000e+00i, 1.000000000000e+00 + 0.000000000000e+00i, 0.000000000000e+00 + 0.000000000000e+00i, 
1.000000000000e+00  12  upper left arm 1.162430000000e+00 + 0.000000000000e+00i, 1.750000000000e-01 + 0.000000000000e+00i, 2.373100000000e-01 + 0.000000000000e+00i, -0.000000000000e+00 + 0.000000000000e+00i, 1.000000000000e+00 + 0.000000000000e+00i, 0.000000000000e+00 + 0.000000000000e+00i, 
1.000000000000e+00  12  lower right arm 1.162430000000e+00 + 0.000000000000e+00i, -1.562400000000e-01 + 0.000000000000e+00i, 1.102800000000e-01 + 0.000000000000e+00i, -0.000000000000e+00 + 0.000000000000e+00i, 1.000000000000e+00 + 0.000000000000e+00i, 0.000000000000e+00 + 0.000000000000e+00i, 
1.000000000000e+00  12  upper right arm 1.162430000000e+00 + 0.000000000000e+00i, -1.750000000000e-01 + 0.000000000000e+00i, 2.373100000000e-01 + 0.000000000000e+00i, -0.000000000000e+00 + 0.000000000000e+00i, 1.000000000000e+00 + 0.000000000000e+00i, 0.000000000000e+00 + 0.000000000000e+00i, 

1.000000000000e+00  13  bike 5.441900000000e-01 + 5.525000000000e-02i, -0.000000000000e+00 + 0.000000000000e+00i, 5.909500000000e-01 + -5.015000000000e-02i, 6.647000000000e-01 + 5.560000000000e-03i, -0.000000000000e+00 + 0.000000000000e+00i, 7.470900000000e-01 + 0.000000000000e+00i, 
1.000000000000e+00  13  upper body 7.595500000000e-01 + 5.802000000000e-02i, -0.000000000000e+00 + 0.000000000000e+00i, 8.330200000000e-01 + -4.906000000000e-02i, 6.647000000000e-01 + 5.560000000000e-03i, -0.000000000000e+00 + 0.000000000000e+00i, 7.470900000000e-01 + 0.000000000000e+00i, 
1.000000000000e+00  13  upper fork 1.145110000000e+00 + 3.046000000000e-02i, -0.000000000000e+00 + 0.000000000000e+00i, 7.656200000000e-01 + 1.268000000000e-02i, -3.419200000000e-01 + -7.746000000000e-02i, -0.000000000000e+00 + 0.000000000000e+00i, 9.365300000000e-01 + 0.000000000000e+00i, 
1.000000000000e+00  13  lower fork 1.312980000000e+00 + 6.284000000000e-02i, -0.000000000000e+00 + 0.000000000000e+00i, 3.102300000000e-01 + 2.722000000000e-02i, -3.415500000000e-01 + -7.743000000000e-02i, -0.000000000000e+00 + 0.000000000000e+00i, 9.366700000000e-01 + 0.000000000000e+00i, 
1.000000000000e+00  13  swing arm 2.512600000000e-01 + 5.458000000000e-02i, -0.000000000000e+00 + 0.000000000000e+00i, 2.617300000000e-01 + -4.815000000000e-02i, 6.647000000000e-01 + 5.560000000000e-03i, 0.000000000000e+00 + 0.000000000000e+00i, 7.470900000000e-01 + 0.000000000000e+00i, 
1.000000000000e+00  13  bell crank 3.135200000000e-01 + 5.400000000000e-02i, -0.000000000000e+00 + 0.000000000000e+00i, 3.316900000000e-01 + -4.938000000000e-02i, 6.647000000000e-01 + 5.560000000000e-03i, 0.000000000000e+00 + 0.000000000000e+00i, 7.470900000000e-01 + 0.000000000000e+00i, 
1.000000000000e+00  13  front wheel, bike 1.331940000000e+00 + 6.589000000000e-02i, -0.000000000000e+00 + 0.000000000000e+00i, 2.589800000000e-01 + 3.048000000000e-02i, -3.415500000000e-01 + -7.743000000000e-02i, 0.000000000000e+00 + 0.000000000000e+00i, 9.366700000000e-01 + 0.000000000000e+00i, 
1.000000000000e+00  13  rear wheel, bike 1.575600000000e-01 + 5.452000000000e-02i, -0.000000000000e+00 + 0.000000000000e+00i, 1.564100000000e-01 + -4.734000000000e-02i, 6.647000000000e-01 + 5.560000000000e-03i, 0.000000000000e+00 + 0.000000000000e+00i, 7.470900000000e-01 + 0.000000000000e+00i, 
1.000000000000e+00  13  fork rod 1.229620000000e+00 + 4.642000000000e-02i, -0.000000000000e+00 + 0.000000000000e+00i, 5.373600000000e-01 + 2.077000000000e-02i, -3.415500000000e-01 + -7.743000000000e-02i, -0.000000000000e+00 + 0.000000000000e+00i, 9.366700000000e-01 + 0.000000000000e+00i, 
1.000000000000e+00  13  left fork arm 1.331940000000e+00 + 6.589000000000e-02i, -0.000000000000e+00 + 0.000000000000e+00i, 2.589800000000e-01 + 3.048000000000e-02i, -3.415500000000e-01 + -7.743000000000e-02i, -0.000000000000e+00 + 0.000000000000e+00i, 9.366700000000e-01 + 0.000000000000e+00i, 
1.000000000000e+00  13  right fork arm 1.331940000000e+00 + 6.589000000000e-02i, -0.000000000000e+00 + 0.000000000000e+00i, 2.589800000000e-01 + 3.048000000000e-02i, -3.415500000000e-01 + -7.743000000000e-02i, -0.000000000000e+00 + 0.000000000000e+00i, 9.366700000000e-01 + 0.000000000000e+00i, 
1.000000000000e+00  13  lower left arm 1.084690000000e+00 + -7.868000000000e-02i, 2.209000000000e-01 + -1.582000000000e-02i, 2.206500000000e-01 + -1.163000000000e-02i, -5.479000000000e-02 + 7.641000000000e-02i, -2.558300000000e-01 + 2.161000000000e-02i, 9.619000000000e-01 + 0.000000000000e+00i, 
1.000000000000e+00  13  upper left arm 1.089800000000e+00 + -9.460000000000e-02i, 2.581700000000e-01 + -2.395000000000e-02i, 3.377500000000e-01 + -1.775000000000e-02i, -6.922000000000e-02 + 1.030400000000e-01i, -3.367100000000e-01 + 3.885000000000e-02i, 9.325800000000e-01 + 0.000000000000e+00i, 
1.000000000000e+00  13  lower right arm 1.084690000000e+00 + -7.868000000000e-02i, -2.209000000000e-01 + 1.582000000000e-02i, 2.206500000000e-01 + -1.163000000000e-02i, -5.479000000000e-02 + 7.641000000000e-02i, 2.558300000000e-01 + -2.161000000000e-02i, 9.619000000000e-01 + 0.000000000000e+00i, 
1.000000000000e+00  13  upper right arm 1.089800000000e+00 + -9.460000000000e-02i, -2.581700000000e-01 + 2.395000000000e-02i, 3.377500000000e-01 + -1.775000000000e-02i, -6.922000000000e-02 + 1.030400000000e-01i, 3.367100000000e-01 + -3.885000000000e-02i, 9.325800000000e-01 + 0.000000000000e+00i, 

1.000000000000e+00  14  bike 5.441900000000e-01 + -5.525000000000e-02i, -0.000000000000e+00 + 0.000000000000e+00i, 5.909500000000e-01 + 5.015000000000e-02i, 6.647000000000e-01 + -5.560000000000e-03i, -0.000000000000e+00 + 0.000000000000e+00i, 7.470900000000e-01 + 0.000000000000e+00i, 
1.000000000000e+00  14  upper body 7.595500000000e-01 + -5.802000000000e-02i, -0.000000000000e+00 + 0.000000000000e+00i, 8.330200000000e-01 + 4.906000000000e-02i, 6.647000000000e-01 + -5.560000000000e-03i, -0.000000000000e+00 + 0.000000000000e+00i, 7.470900000000e-01 + 0.000000000000e+00i, 
1.000000000000e+00  14  upper fork 1.145110000000e+00 + -3.046000000000e-02i, -0.000000000000e+00 + 0.000000000000e+00i, 7.656200000000e-01 + -1.268000000000e-02i, -3.419200000000e-01 + 7.746000000000e-02i, -0.000000000000e+00 + 0.000000000000e+00i, 9.365300000000e-01 + 0.000000000000e+00i, 
1.000000000000e+00  14  lower fork 1.312980000000e+00 + -6.284000000000e-02i, -0.000000000000e+00 + 0.000000000000e+00i, 3.102300000000e-01 + -2.722000000000e-02i, -3.415500000000e-01 + 7.743000000000e-02i, -0.000000000000e+00 + 0.000000000000e+00i, 9.366700000000e-01 + 0.000000000000e+00i, 
1.000000000000e+00  14  swing arm 2.512600000000e-01 + -5.458000000000e-02i, -0.000000000000e+00 + 0.000000000000e+00i, 2.617300000000e-01 + 4.815000000000e-02i, 6.647000000000e-01 + -5.560000000000e-03i, 0.000000000000e+00 + 0.000000000000e+00i, 7.470900000000e-01 + 0.000000000000e+00i, 
1.000000000000e+00  14  bell crank 3.135200000000e-01 + -5.400000000000e-02i, -0.000000000000e+00 + 0.000000000000e+00i, 3.316900000000e-01 + 4.938000000000e-02i, 6.647000000000e-01 + -5.560000000000e-03i, 0.000000000000e+00 + 0.000000000000e+00i, 7.470900000000e-01 + 0.000000000000e+00i, 
1.000000000000e+00  14  front wheel, bike 1.331940000000e+00 + -6.589000000000e-02i, -0.000000000000e+00 + 0.000000000000e+00i, 2.589800000000e-01 + -3.048000000000e-02i, -3.415500000000e-01 + 7.743000000000e-02i, 0.000000000000e+00 + 0.000000000000e+00i, 9.366700000000e-01 + 0.000000000000e+00i, 
1.000000000000e+00  14  rear wheel, bike 1.575600000000e-01 + -5.452000000000e-02i, -0.000000000000e+00 + 0.000000000000e+00i, 1.564100000000e-01 + 4.734000000000e-02i, 6.647000000000e-01 + -5.560000000000e-03i, 0.000000000000e+00 + 0.000000000000e+00i, 7.470900000000e-01 + 0.000000000000e+00i, 
1.000000000000e+00  14  fork rod 1.229620000000e+00 + -4.642000000000e-02i, -0.000000000000e+00 + 0.000000000000e+00i, 5.373600000000e-01 + -2.077000000000e-02i, -3.415500000000e-01 + 7.743000000000e-02i, -0.000000000000e+00 + 0.000000000000e+00i, 9.366700000000e-01 + 0.000000000000e+00i, 
1.000000000000e+00  14  left fork arm 1.331940000000e+00 + -6.589000000000e-02i, -0.000000000000e+00 + 0.000000000000e+00i, 2.589800000000e-01 + -3.048000000000e-02i, -3.415500000000e-01 + 7.743000000000e-02i, -0.000000000000e+00 + 0.000000000000e+00i, 9.366700000000e-01 + 0.000000000000e+00i, 
1.000000000000e+00  14  right fork arm 1.331940000000e+00 + -6.589000000000e-02i, -0.000000000000e+00 + 0.000000000000e+00i, 2.589800000000e-01 + -3.048000000000e-02i, -3.415500000000e-01 + 7.743000000000e-02i, -0.000000000000e+00 + 0.000000000000e+00i, 9.366700000000e-01 + 0.000000000000e+00i, 
1.000000000000e+00  14  lower left arm 1.084690000000e+00 + 7.868000000000e-02i, 2.209000000000e-01 + 1.582000000000e-02i, 2.206500000000e-01 + 1.163000000000e-02i, -5.479000000000e-02 + -7.641000000000e-02i, -2.558300000000e-01 + -2.161000000000e-02i, 9.619000000000e-01 + 0.000000000000e+00i, 
1.000000000000e+00  14  upper left arm 1.089800000000e+00 + 9.460000000000e-02i, 2.581700000000e-01 + 2.395000000000e-02i, 3.377500000000e-01 + 1.775000000000e-02i, -6.922000000000e-02 + -1.030400000000e-01i, -3.367100000000e-01 + -3.885000000000e-02i, 9.325800000000e-01 + 0.000000000000e+00i, 
1.000000000000e+00  14  lower right arm 1.084690000000e+00 + 7.868000000000e-02i, -2.209000000000e-01 + -1.582000000000e-02i, 2.206500000000e-01 + 1.163000000000e-02i, -5.479000000000e-02 + -7.641000000000e-02i, 2.558300000000e-01 + 2.161000000000e-02i, 9.619000000000e-01 + 0.000000000000e+00i, 
1.000000000000e+00  14  upper right arm 1.089800000000e+00 + 9.460000000000e-02i, -2.581700000000e-01 + -2.395000000000e-02i, 3.377500000000e-01 + 1.775000000000e-02i, -6.922000000000e-02 + -1.030400000000e-01i, 3.367100000000e-01 + 3.885000000000e-02i, 9.325800000000e-01 + 0.000000000000e+00i, 

1.000000000000e+00  15  bike 6.530900000000e-01 + 0.000000000000e+00i, 0.000000000000e+00 + 0.000000000000e+00i, -3.861000000000e-02 + 0.000000000000e+00i, -9.988200000000e-01 + 0.000000000000e+00i, 0.000000000000e+00 + 0.000000000000e+00i, 4.850000000000e-02 + 0.000000000000e+00i, 
1.000000000000e+00  15  upper body 3.584700000000e-01 + 0.000000000000e+00i, 0.000000000000e+00 + 0.000000000000e+00i, -2.430000000000e-02 + 0.000000000000e+00i, -9.988200000000e-01 + 0.000000000000e+00i, 0.000000000000e+00 + 0.000000000000e+00i, 4.850000000000e-02 + 0.000000000000e+00i, 
1.000000000000e+00  15  upper fork 1.008690000000e+00 + 0.000000000000e+00i, -0.000000000000e+00 + 0.000000000000e+00i, 3.037000000000e-02 + 0.000000000000e+00i, -9.786600000000e-01 + 0.000000000000e+00i, 0.000000000000e+00 + 0.000000000000e+00i, 2.055000000000e-01 + 0.000000000000e+00i, 
1.000000000000e+00  15  lower fork 1.290890000000e+00 + 0.000000000000e+00i, -0.000000000000e+00 + 0.000000000000e+00i, -2.884000000000e-02 + 0.000000000000e+00i, -9.786500000000e-01 + 0.000000000000e+00i, 0.000000000000e+00 + 0.000000000000e+00i, 2.055400000000e-01 + 0.000000000000e+00i, 
1.000000000000e+00  15  swing arm 1.801300000000e-01 + 0.000000000000e+00i, -0.000000000000e+00 + 0.000000000000e+00i, -1.564000000000e-02 + 0.000000000000e+00i, -9.988200000000e-01 + 0.000000000000e+00i, -0.000000000000e+00 + 0.000000000000e+00i, 4.850000000000e-02 + 0.000000000000e+00i, 
1.000000000000e+00  15  bell crank 4.827700000000e-01 + 0.000000000000e+00i, 0.000000000000e+00 + 0.000000000000e+00i, -3.034000000000e-02 + 0.000000000000e+00i, -9.988200000000e-01 + 0.000000000000e+00i, -0.000000000000e+00 + 0.000000000000e+00i, 4.850000000000e-02 + 0.000000000000e+00i, 
1.000000000000e+00  15  front wheel, bike 1.342440000000e+00 + 0.000000000000e+00i, -0.000000000000e+00 + 0.000000000000e+00i, -3.967000000000e-02 + 0.000000000000e+00i, -9.786500000000e-01 + 0.000000000000e+00i, 0.000000000000e+00 + 0.000000000000e+00i, 2.055400000000e-01 + 0.000000000000e+00i, 
1.000000000000e+00  15  rear wheel, bike -1.472000000000e-02 + 0.000000000000e+00i, -0.000000000000e+00 + 0.000000000000e+00i, -6.180000000000e-03 + 0.000000000000e+00i, -9.988200000000e-01 + 0.000000000000e+00i, 0.000000000000e+00 + 0.000000000000e+00i, 4.850000000000e-02 + 0.000000000000e+00i, 
1.000000000000e+00  15  fork rod 1.160230000000e+00 + 0.000000000000e+00i, -0.000000000000e+00 + 0.000000000000e+00i, -1.400000000000e-03 + 0.000000000000e+00i, -9.786500000000e-01 + 0.000000000000e+00i, 0.000000000000e+00 + 0.000000000000e+00i, 2.055400000000e-01 + 0.000000000000e+00i, 
1.000000000000e+00  15  left fork arm 1.342440000000e+00 + 0.000000000000e+00i, -0.000000000000e+00 + 0.000000000000e+00i, -3.967000000000e-02 + 0.000000000000e+00i, -9.786500000000e-01 + 0.000000000000e+00i, 0.000000000000e+00 + 0.000000000000e+00i, 2.055400000000e-01 + 0.000000000000e+00i, 
1.000000000000e+00  15  right fork arm 1.342440000000e+00 + 0.000000000000e+00i, -0.000000000000e+00 + 0.000000000000e+00i, -3.967000000000e-02 + 0.000000000000e+00i, -9.786500000000e-01 + 0.000000000000e+00i, 0.000000000000e+00 + 0.000000000000e+00i, 2.055400000000e-01 + 0.000000000000e+00i, 
1.000000000000e+00  15  lower left arm 1.160430000000e+00 + 0.000000000000e+00i, -2.000000000000e-05 + 0.000000000000e+00i, -4.246000000000e-02 + 0.000000000000e+00i, -9.932600000000e-01 + 0.000000000000e+00i, 3.934000000000e-02 + 0.000000000000e+00i, -1.090600000000e-01 + 0.000000000000e+00i, 
1.000000000000e+00  15  upper left arm 1.157390000000e+00 + 0.000000000000e+00i, -1.590000000000e-03 + 0.000000000000e+00i, -4.743000000000e-02 + 0.000000000000e+00i, -9.967700000000e-01 + 0.000000000000e+00i, 3.948000000000e-02 + 0.000000000000e+00i, -6.996000000000e-02 + 0.000000000000e+00i, 
1.000000000000e+00  15  lower right arm 1.160430000000e+00 + 0.000000000000e+00i, 2.000000000000e-05 + 0.000000000000e+00i, -4.246000000000e-02 + 0.000000000000e+00i, -9.932600000000e-01 + 0.000000000000e+00i, -3.934000000000e-02 + 0.000000000000e+00i, -1.090600000000e-01 + 0.000000000000e+00i, 
1.000000000000e+00  15  upper right arm 1.157390000000e+00 + 0.000000000000e+00i, 1.590000000000e-03 + 0.000000000000e+00i, -4.743000000000e-02 + 0.000000000000e+00i, -9.967700000000e-01 + 0.000000000000e+00i, -3.948000000000e-02 + 0.000000000000e+00i, -6.996000000000e-02 + 0.000000000000e+00i, 

1.000000000000e+00  16  bike 6.851300000000e-01 + 0.000000000000e+00i, -0.000000000000e+00 + 0.000000000000e+00i, -3.700000000000e-04 + 0.000000000000e+00i, -9.998800000000e-01 + 0.000000000000e+00i, -0.000000000000e+00 + 0.000000000000e+00i, -1.530000000000e-02 + 0.000000000000e+00i, 
1.000000000000e+00  16  upper body 4.325000000000e-01 + 0.000000000000e+00i, -0.000000000000e+00 + 0.000000000000e+00i, -4.230000000000e-03 + 0.000000000000e+00i, -9.998800000000e-01 + 0.000000000000e+00i, -0.000000000000e+00 + 0.000000000000e+00i, -1.530000000000e-02 + 0.000000000000e+00i, 
1.000000000000e+00  16  upper fork 1.095490000000e+00 + 0.000000000000e+00i, -0.000000000000e+00 + 0.000000000000e+00i, 5.075000000000e-02 + 0.000000000000e+00i, -9.954900000000e-01 + 0.000000000000e+00i, -0.000000000000e+00 + 0.000000000000e+00i, 9.482000000000e-02 + 0.000000000000e+00i, 
1.000000000000e+00  16  lower fork 1.336780000000e+00 + 0.000000000000e+00i, -0.000000000000e+00 + 0.000000000000e+00i, 2.780000000000e-02 + 0.000000000000e+00i, -9.954900000000e-01 + 0.000000000000e+00i, -0.000000000000e+00 + 0.000000000000e+00i, 9.485000000000e-02 + 0.000000000000e+00i, 
1.000000000000e+00  16  swing arm 2.008800000000e-01 + 0.000000000000e+00i, 0.000000000000e+00 + 0.000000000000e+00i, -7.770000000000e-03 + 0.000000000000e+00i, -9.998800000000e-01 + 0.000000000000e+00i, 0.000000000000e+00 + 0.000000000000e+00i, -1.530000000000e-02 + 0.000000000000e+00i, 
1.000000000000e+00  16  bell crank 4.953300000000e-01 + 0.000000000000e+00i, 0.000000000000e+00 + 0.000000000000e+00i, -3.270000000000e-03 + 0.000000000000e+00i, -9.998800000000e-01 + 0.000000000000e+00i, 0.000000000000e+00 + 0.000000000000e+00i, -1.530000000000e-02 + 0.000000000000e+00i, 
1.000000000000e+00  16  front wheel, bike 1.385340000000e+00 + 0.000000000000e+00i, -0.000000000000e+00 + 0.000000000000e+00i, 2.318000000000e-02 + 0.000000000000e+00i, -9.954900000000e-01 + 0.000000000000e+00i, -0.000000000000e+00 + 0.000000000000e+00i, 9.485000000000e-02 + 0.000000000000e+00i, 
1.000000000000e+00  16  rear wheel, bike 4.710000000000e-03 + 0.000000000000e+00i, 0.000000000000e+00 + 0.000000000000e+00i, -1.078000000000e-02 + 0.000000000000e+00i, -9.998800000000e-01 + 0.000000000000e+00i, -0.000000000000e+00 + 0.000000000000e+00i, -1.530000000000e-02 + 0.000000000000e+00i, 
1.000000000000e+00  16  fork rod 1.227330000000e+00 + 0.000000000000e+00i, -0.000000000000e+00 + 0.000000000000e+00i, 3.823000000000e-02 + 0.000000000000e+00i, -9.954900000000e-01 + 0.000000000000e+00i, -0.000000000000e+00 + 0.000000000000e+00i, 9.485000000000e-02 + 0.000000000000e+00i, 
1.000000000000e+00  16  left fork arm 1.385340000000e+00 + 0.000000000000e+00i, -0.000000000000e+00 + 0.000000000000e+00i, 2.318000000000e-02 + 0.000000000000e+00i, -9.954900000000e-01 + 0.000000000000e+00i, -0.000000000000e+00 + 0.000000000000e+00i, 9.485000000000e-02 + 0.000000000000e+00i, 
1.000000000000e+00  16  right fork arm 1.385340000000e+00 + 0.000000000000e+00i, -0.000000000000e+00 + 0.000000000000e+00i, 2.318000000000e-02 + 0.000000000000e+00i, -9.954900000000e-01 + 0.000000000000e+00i, -0.000000000000e+00 + 0.000000000000e+00i, 9.485000000000e-02 + 0.000000000000e+00i, 
1.000000000000e+00  16  lower left arm 1.157270000000e+00 + 0.000000000000e+00i, 1.100000000000e-04 + 0.000000000000e+00i, 1.957000000000e-02 + 0.000000000000e+00i, -9.927900000000e-01 + 0.000000000000e+00i, 2.549000000000e-02 + 0.000000000000e+00i, -1.171100000000e-01 + 0.000000000000e+00i, 
1.000000000000e+00  16  upper left arm 1.161610000000e+00 + 0.000000000000e+00i, -6.700000000000e-04 + 0.000000000000e+00i, 1.697000000000e-02 + 0.000000000000e+00i, -9.954400000000e-01 + 0.000000000000e+00i, 2.556000000000e-02 + 0.000000000000e+00i, -9.186000000000e-02 + 0.000000000000e+00i, 
1.000000000000e+00  16  lower right arm 1.157270000000e+00 + 0.000000000000e+00i, -1.100000000000e-04 + 0.000000000000e+00i, 1.957000000000e-02 + 0.000000000000e+00i, -9.927900000000e-01 + 0.000000000000e+00i, -2.549000000000e-02 + 0.000000000000e+00i, -1.171100000000e-01 + 0.000000000000e+00i, 
1.000000000000e+00  16  upper right arm 1.161610000000e+00 + 0.000000000000e+00i, 6.700000000000e-04 + 0.000000000000e+00i, 1.697000000000e-02 + 0.000000000000e+00i, -9.954400000000e-01 + 0.000000000000e+00i, -2.556000000000e-02 + 0.000000000000e+00i, -9.186000000000e-02 + 0.000000000000e+00i, 

1.000000000000e+00  17  bike 6.152543170000e+04 + 0.000000000000e+00i, 4.119595248178e+07 + 0.000000000000e+00i, 1.209668390000e+03 + 0.000000000000e+00i, -0.000000000000e+00 + 0.000000000000e+00i, -3.000000000000e-05 + 0.000000000000e+00i, 1.000000000000e+00 + 0.000000000000e+00i, 
1.000000000000e+00  17  upper body 6.152543235000e+04 + 0.000000000000e+00i, 4.119595291839e+07 + 0.000000000000e+00i, 1.213048930000e+03 + 0.000000000000e+00i, -0.000000000000e+00 + 0.000000000000e+00i, -3.000000000000e-05 + 0.000000000000e+00i, 1.000000000000e+00 + 0.000000000000e+00i, 
1.000000000000e+00  17  upper fork 6.152555102000e+04 + 0.000000000000e+00i, 4.119603237646e+07 + 0.000000000000e+00i, 1.209822300000e+03 + 0.000000000000e+00i, 0.000000000000e+00 + 0.000000000000e+00i, -3.000000000000e-05 + 0.000000000000e+00i, 1.000000000000e+00 + 0.000000000000e+00i, 
1.000000000000e+00  17  lower fork 6.152549377000e+04 + 0.000000000000e+00i, 4.119599404531e+07 + 0.000000000000e+00i, 1.238950580000e+03 + 0.000000000000e+00i, 0.000000000000e+00 + 0.000000000000e+00i, -3.000000000000e-05 + 0.000000000000e+00i, 1.000000000000e+00 + 0.000000000000e+00i, 
1.000000000000e+00  17  swing arm 6.152543396000e+04 + 0.000000000000e+00i, 4.119595399796e+07 + 0.000000000000e+00i, 3.095932000000e+02 + 0.000000000000e+00i, -0.000000000000e+00 + 0.000000000000e+00i, -1.000000000000e-05 + 0.000000000000e+00i, 1.000000000000e+00 + 0.000000000000e+00i, 
1.000000000000e+00  17  bell crank 6.152543067000e+04 + 0.000000000000e+00i, 4.119595179222e+07 + 0.000000000000e+00i, -1.771147320000e+03 + 0.000000000000e+00i, -0.000000000000e+00 + 0.000000000000e+00i, 4.000000000000e-05 + 0.000000000000e+00i, 1.000000000000e+00 + 0.000000000000e+00i, 
1.000000000000e+00  17  front wheel, bike 1.410000000000e+00 + 0.000000000000e+00i, 0.000000000000e+00 + 0.000000000000e+00i, -0.000000000000e+00 + 0.000000000000e+00i, 0.000000000000e+00 + 0.000000000000e+00i, 1.000000000000e+00 + 0.000000000000e+00i, 0.000000000000e+00 + 0.000000000000e+00i, 
1.000000000000e+00  17  rear wheel, bike 0.000000000000e+00 + 0.000000000000e+00i, 0.000000000000e+00 + 0.000000000000e+00i, 0.000000000000e+00 + 0.000000000000e+00i, -0.000000000000e+00 + 0.000000000000e+00i, 1.000000000000e+00 + 0.000000000000e+00i, 0.000000000000e+00 + 0.000000000000e+00i, 
1.000000000000e+00  17  fork rod 6.152549926000e+04 + 0.000000000000e+00i, 4.119599771975e+07 + 0.000000000000e+00i, 1.239037900000e+03 + 0.000000000000e+00i, 0.000000000000e+00 + 0.000000000000e+00i, -3.000000000000e-05 + 0.000000000000e+00i, 1.000000000000e+00 + 0.000000000000e+00i, 
1.000000000000e+00  17  left fork arm 6.152549691000e+04 + 0.000000000000e+00i, 4.119599614429e+07 + 0.000000000000e+00i, 1.238917090000e+03 + 0.000000000000e+00i, 0.000000000000e+00 + 0.000000000000e+00i, -3.000000000000e-05 + 0.000000000000e+00i, 1.000000000000e+00 + 0.000000000000e+00i, 
1.000000000000e+00  17  right fork arm 6.152549748000e+04 + 0.000000000000e+00i, 4.119599652503e+07 + 0.000000000000e+00i, 1.241728480000e+03 + 0.000000000000e+00i, 0.000000000000e+00 + 0.000000000000e+00i, -3.000000000000e-05 + 0.000000000000e+00i, 1.000000000000e+00 + 0.000000000000e+00i, 
1.000000000000e+00  17  lower left arm 6.152532042000e+04 + 0.000000000000e+00i, 4.119587797269e+07 + 0.000000000000e+00i, -3.043632240000e+03 + 0.000000000000e+00i, -0.000000000000e+00 + 0.000000000000e+00i, 7.000000000000e-05 + 0.000000000000e+00i, 1.000000000000e+00 + 0.000000000000e+00i, 
1.000000000000e+00  17  upper left arm 6.152542222000e+04 + 0.000000000000e+00i, 4.119594613592e+07 + 0.000000000000e+00i, -3.049391540000e+03 + 0.000000000000e+00i, -0.000000000000e+00 + 0.000000000000e+00i, 7.000000000000e-05 + 0.000000000000e+00i, 1.000000000000e+00 + 0.000000000000e+00i, 
1.000000000000e+00  17  lower right arm 6.152531730000e+04 + 0.000000000000e+00i, 4.119587587838e+07 + 0.000000000000e+00i, -3.150729050000e+03 + 0.000000000000e+00i, -0.000000000000e+00 + 0.000000000000e+00i, 8.000000000000e-05 + 0.000000000000e+00i, 1.000000000000e+00 + 0.000000000000e+00i, 
1.000000000000e+00  17  upper right arm 6.152538241000e+04 + 0.000000000000e+00i, 4.119591947794e+07 + 0.000000000000e+00i, -3.132411120000e+03 + 0.000000000000e+00i, -0.000000000000e+00 + 0.000000000000e+00i, 8.000000000000e-05 + 0.000000000000e+00i, 1.000000000000e+00 + 0.000000000000e+00i, 

1.000000000000e+00  18  bike 1.112003840420e+06 + 0.000000000000e+00i, -4.912240400000e+02 + 0.000000000000e+00i, 4.566300000000e-01 + 0.000000000000e+00i, -0.000000000000e+00 + 0.000000000000e+00i, -0.000000000000e+00 + 0.000000000000e+00i, -1.000000000000e+00 + 0.000000000000e+00i, 
1.000000000000e+00  18  upper body 1.112003840570e+06 + 0.000000000000e+00i, -4.912240400000e+02 + 0.000000000000e+00i, 1.124150000000e+00 + 0.000000000000e+00i, -0.000000000000e+00 + 0.000000000000e+00i, -0.000000000000e+00 + 0.000000000000e+00i, -1.000000000000e+00 + 0.000000000000e+00i, 
1.000000000000e+00  18  upper fork 1.112003698790e+06 + 0.000000000000e+00i, -4.912239800000e+02 + 0.000000000000e+00i, 8.167400000000e-01 + 0.000000000000e+00i, 0.000000000000e+00 + 0.000000000000e+00i, -0.000000000000e+00 + 0.000000000000e+00i, -1.000000000000e+00 + 0.000000000000e+00i, 
1.000000000000e+00  18  lower fork 1.112003709990e+06 + 0.000000000000e+00i, -4.912239900000e+02 + 0.000000000000e+00i, 3.892000000000e-01 + 0.000000000000e+00i, 0.000000000000e+00 + 0.000000000000e+00i, 0.000000000000e+00 + 0.000000000000e+00i, -1.000000000000e+00 + 0.000000000000e+00i, 
1.000000000000e+00  18  swing arm 1.112003839970e+06 + 0.000000000000e+00i, -4.912240400000e+02 + 0.000000000000e+00i, 2.929900000000e-01 + 0.000000000000e+00i, -0.000000000000e+00 + 0.000000000000e+00i, -0.000000000000e+00 + 0.000000000000e+00i, -1.000000000000e+00 + 0.000000000000e+00i, 
1.000000000000e+00  18  bell crank 1.112003838270e+06 + 0.000000000000e+00i, -4.912240400000e+02 + 0.000000000000e+00i, 1.569100000000e-01 + 0.000000000000e+00i, -0.000000000000e+00 + 0.000000000000e+00i, -0.000000000000e+00 + 0.000000000000e+00i, -1.000000000000e+00 + 0.000000000000e+00i, 
1.000000000000e+00  18  front wheel, bike 1.780140000000e+00 + 0.000000000000e+00i, -1.600000000000e-04 + 0.000000000000e+00i, -1.410000000000e-03 + 0.000000000000e+00i, 0.000000000000e+00 + 0.000000000000e+00i, 1.000000000000e+00 + 0.000000000000e+00i, -5.800000000000e-04 + 0.000000000000e+00i, 
1.000000000000e+00  18  rear wheel, bike 4.123800000000e-01 + 0.000000000000e+00i, -1.800000000000e-04 + 0.000000000000e+00i, -2.140000000000e-03 + 0.000000000000e+00i, -0.000000000000e+00 + 0.000000000000e+00i, 1.000000000000e+00 + 0.000000000000e+00i, -6.100000000000e-04 + 0.000000000000e+00i, 
1.000000000000e+00  18  fork rod 1.112003710780e+06 + 0.000000000000e+00i, -4.912239900000e+02 + 0.000000000000e+00i, 6.164500000000e-01 + 0.000000000000e+00i, 0.000000000000e+00 + 0.000000000000e+00i, 0.000000000000e+00 + 0.000000000000e+00i, -1.000000000000e+00 + 0.000000000000e+00i, 
1.000000000000e+00  18  left fork arm 1.112003710760e+06 + 0.000000000000e+00i, -4.912239900000e+02 + 0.000000000000e+00i, 3.472700000000e-01 + 0.000000000000e+00i, 0.000000000000e+00 + 0.000000000000e+00i, 0.000000000000e+00 + 0.000000000000e+00i, -1.000000000000e+00 + 0.000000000000e+00i, 
1.000000000000e+00  18  right fork arm 1.112003709740e+06 + 0.000000000000e+00i, -4.912239900000e+02 + 0.000000000000e+00i, 3.476400000000e-01 + 0.000000000000e+00i, 0.000000000000e+00 + 0.000000000000e+00i, 0.000000000000e+00 + 0.000000000000e+00i, -1.000000000000e+00 + 0.000000000000e+00i, 
1.000000000000e+00  18  lower left arm 1.112003964610e+06 + 0.000000000000e+00i, -4.912241000000e+02 + 0.000000000000e+00i, 1.848200000000e-01 + 0.000000000000e+00i, -0.000000000000e+00 + 0.000000000000e+00i, -0.000000000000e+00 + 0.000000000000e+00i, -1.000000000000e+00 + 0.000000000000e+00i, 
1.000000000000e+00  18  upper left arm 1.112003928820e+06 + 0.000000000000e+00i, -4.912240800000e+02 + 0.000000000000e+00i, 2.835400000000e-01 + 0.000000000000e+00i, -0.000000000000e+00 + 0.000000000000e+00i, -0.000000000000e+00 + 0.000000000000e+00i, -1.000000000000e+00 + 0.000000000000e+00i, 
1.000000000000e+00  18  lower right arm 1.112003962450e+06 + 0.000000000000e+00i, -4.912241000000e+02 + 0.000000000000e+00i, 1.841600000000e-01 + 0.000000000000e+00i, -0.000000000000e+00 + 0.000000000000e+00i, 0.000000000000e+00 + 0.000000000000e+00i, -1.000000000000e+00 + 0.000000000000e+00i, 
1.000000000000e+00  18  upper right arm 1.112003924560e+06 + 0.000000000000e+00i, -4.912240800000e+02 + 0.000000000000e+00i, 2.834100000000e-01 + 0.000000000000e+00i, -0.000000000000e+00 + 0.000000000000e+00i, 0.000000000000e+00 + 0.000000000000e+00i, -1.000000000000e+00 + 0.000000000000e+00i, 

1.000000000000e+00  19  bike -6.152539732000e+04 + 0.000000000000e+00i, -4.119366337060e+07 + 0.000000000000e+00i, 1.208926530000e+03 + 0.000000000000e+00i, -0.000000000000e+00 + 0.000000000000e+00i, -3.000000000000e-05 + 0.000000000000e+00i, -1.000000000000e+00 + 0.000000000000e+00i, 
1.000000000000e+00  19  upper body -6.152539655000e+04 + 0.000000000000e+00i, -4.119366285974e+07 + 0.000000000000e+00i, 1.212380680000e+03 + 0.000000000000e+00i, -0.000000000000e+00 + 0.000000000000e+00i, -3.000000000000e-05 + 0.000000000000e+00i, -1.000000000000e+00 + 0.000000000000e+00i, 
1.000000000000e+00  19  upper fork -6.152527829000e+04 + 0.000000000000e+00i, -4.119358368254e+07 + 0.000000000000e+00i, 1.209089510000e+03 + 0.000000000000e+00i, 0.000000000000e+00 + 0.000000000000e+00i, -3.000000000000e-05 + 0.000000000000e+00i, -1.000000000000e+00 + 0.000000000000e+00i, 
1.000000000000e+00  19  lower fork -6.152533525000e+04 + 0.000000000000e+00i, -4.119362181876e+07 + 0.000000000000e+00i, 1.238145120000e+03 + 0.000000000000e+00i, 0.000000000000e+00 + 0.000000000000e+00i, -3.000000000000e-05 + 0.000000000000e+00i, -1.000000000000e+00 + 0.000000000000e+00i, 
1.000000000000e+00  19  swing arm -6.152539498000e+04 + 0.000000000000e+00i, -4.119366180997e+07 + 0.000000000000e+00i, 3.099782200000e+02 + 0.000000000000e+00i, -0.000000000000e+00 + 0.000000000000e+00i, -1.000000000000e-05 + 0.000000000000e+00i, -1.000000000000e+00 + 0.000000000000e+00i, 
1.000000000000e+00  19  bell crank -6.152539850000e+04 + 0.000000000000e+00i, -4.119366416379e+07 + 0.000000000000e+00i, -1.768271410000e+03 + 0.000000000000e+00i, -0.000000000000e+00 + 0.000000000000e+00i, 4.000000000000e-05 + 0.000000000000e+00i, -1.000000000000e+00 + 0.000000000000e+00i, 
1.000000000000e+00  19  front wheel, bike 1.410000000000e+00 + 0.000000000000e+00i, -0.000000000000e+00 + 0.000000000000e+00i, 0.000000000000e+00 + 0.000000000000e+00i, 0.000000000000e+00 + 0.000000000000e+00i, 1.000000000000e+00 + 0.000000000000e+00i, -0.000000000000e+00 + 0.000000000000e+00i, 
1.000000000000e+00  19  rear wheel, bike -0.000000000000e+00 + 0.000000000000e+00i, -0.000000000000e+00 + 0.000000000000e+00i, -0.000000000000e+00 + 0.000000000000e+00i, -0.000000000000e+00 + 0.000000000000e+00i, 1.000000000000e+00 + 0.000000000000e+00i, -0.000000000000e+00 + 0.000000000000e+00i, 
1.000000000000e+00  19  fork rod -6.152532994000e+04 + 0.000000000000e+00i, -4.119361826030e+07 + 0.000000000000e+00i, 1.238250350000e+03 + 0.000000000000e+00i, 0.000000000000e+00 + 0.000000000000e+00i, -3.000000000000e-05 + 0.000000000000e+00i, -1.000000000000e+00 + 0.000000000000e+00i, 
1.000000000000e+00  19  left fork arm -6.152533224000e+04 + 0.000000000000e+00i, -4.119361979858e+07 + 0.000000000000e+00i, 1.238222090000e+03 + 0.000000000000e+00i, 0.000000000000e+00 + 0.000000000000e+00i, -3.000000000000e-05 + 0.000000000000e+00i, -1.000000000000e+00 + 0.000000000000e+00i, 
1.000000000000e+00  19  right fork arm -6.152533144000e+04 + 0.000000000000e+00i, -4.119361926505e+07 + 0.000000000000e+00i, 1.241014650000e+03 + 0.000000000000e+00i, 0.000000000000e+00 + 0.000000000000e+00i, -3.000000000000e-05 + 0.000000000000e+00i, -1.000000000000e+00 + 0.000000000000e+00i, 
1.000000000000e+00  19  lower left arm -6.152550787000e+04 + 0.000000000000e+00i, -4.119373738876e+07 + 0.000000000000e+00i, -3.043378190000e+03 + 0.000000000000e+00i, -0.000000000000e+00 + 0.000000000000e+00i, 7.000000000000e-05 + 0.000000000000e+00i, -1.000000000000e+00 + 0.000000000000e+00i, 
1.000000000000e+00  19  upper left arm -6.152540595000e+04 + 0.000000000000e+00i, -4.119366915084e+07 + 0.000000000000e+00i, -3.049079590000e+03 + 0.000000000000e+00i, -0.000000000000e+00 + 0.000000000000e+00i, 7.000000000000e-05 + 0.000000000000e+00i, -1.000000000000e+00 + 0.000000000000e+00i, 
1.000000000000e+00  19  lower right arm -6.152551117000e+04 + 0.000000000000e+00i, -4.119373959851e+07 + 0.000000000000e+00i, -3.150497770000e+03 + 0.000000000000e+00i, -0.000000000000e+00 + 0.000000000000e+00i, 8.000000000000e-05 + 0.000000000000e+00i, -1.000000000000e+00 + 0.000000000000e+00i, 
1.000000000000e+00  19  upper right arm -6.152544584000e+04 + 0.000000000000e+00i, -4.119369585951e+07 + 0.000000000000e+00i, -3.132168370000e+03 + 0.000000000000e+00i, -0.000000000000e+00 + 0.000000000000e+00i, 8.000000000000e-05 + 0.000000000000e+00i, -1.000000000000e+00 + 0.000000000000e+00i, 

1.000000000000e+00  20  bike -1.112000931670e+06 + 0.000000000000e+00i, 4.879582700000e+02 + 0.000000000000e+00i, 4.566300000000e-01 + 0.000000000000e+00i, -0.000000000000e+00 + 0.000000000000e+00i, -0.000000000000e+00 + 0.000000000000e+00i, 1.000000000000e+00 + 0.000000000000e+00i, 
1.000000000000e+00  20  upper body -1.112000931490e+06 + 0.000000000000e+00i, 4.879582700000e+02 + 0.000000000000e+00i, 1.124120000000e+00 + 0.000000000000e+00i, -0.000000000000e+00 + 0.000000000000e+00i, -0.000000000000e+00 + 0.000000000000e+00i, 1.000000000000e+00 + 0.000000000000e+00i, 
1.000000000000e+00  20  upper fork -1.112001073320e+06 + 0.000000000000e+00i, 4.879583300000e+02 + 0.000000000000e+00i, 8.168400000000e-01 + 0.000000000000e+00i, 0.000000000000e+00 + 0.000000000000e+00i, -0.000000000000e+00 + 0.000000000000e+00i, 1.000000000000e+00 + 0.000000000000e+00i, 
1.000000000000e+00  20  lower fork -1.112001062130e+06 + 0.000000000000e+00i, 4.879583300000e+02 + 0.000000000000e+00i, 3.893100000000e-01 + 0.000000000000e+00i, 0.000000000000e+00 + 0.000000000000e+00i, 0.000000000000e+00 + 0.000000000000e+00i, 1.000000000000e+00 + 0.000000000000e+00i, 
1.000000000000e+00  20  swing arm -1.112000932100e+06 + 0.000000000000e+00i, 4.879582700000e+02 + 0.000000000000e+00i, 2.930200000000e-01 + 0.000000000000e+00i, -0.000000000000e+00 + 0.000000000000e+00i, -0.000000000000e+00 + 0.000000000000e+00i, 1.000000000000e+00 + 0.000000000000e+00i, 
1.000000000000e+00  20  bell crank -1.112000933840e+06 + 0.000000000000e+00i, 4.879582700000e+02 + 0.000000000000e+00i, 1.569800000000e-01 + 0.000000000000e+00i, -0.000000000000e+00 + 0.000000000000e+00i, -0.000000000000e+00 + 0.000000000000e+00i, 1.000000000000e+00 + 0.000000000000e+00i, 
1.000000000000e+00  20  front wheel, bike 1.042280000000e+00 + 0.000000000000e+00i, 1.600000000000e-04 + 0.000000000000e+00i, 1.400000000000e-03 + 0.000000000000e+00i, 0.000000000000e+00 + 0.000000000000e+00i, 1.000000000000e+00 + 0.000000000000e+00i, 5.800000000000e-04 + 0.000000000000e+00i, 
1.000000000000e+00  20  rear wheel, bike -4.060800000000e-01 + 0.000000000000e+00i, 1.800000000000e-04 + 0.000000000000e+00i, 2.120000000000e-03 + 0.000000000000e+00i, -0.000000000000e+00 + 0.000000000000e+00i, 1.000000000000e+00 + 0.000000000000e+00i, 6.000000000000e-04 + 0.000000000000e+00i, 
1.000000000000e+00  20  fork rod -1.112001061320e+06 + 0.000000000000e+00i, 4.879583300000e+02 + 0.000000000000e+00i, 6.164300000000e-01 + 0.000000000000e+00i, 0.000000000000e+00 + 0.000000000000e+00i, 0.000000000000e+00 + 0.000000000000e+00i, 1.000000000000e+00 + 0.000000000000e+00i, 
1.000000000000e+00  20  left fork arm -1.112001061310e+06 + 0.000000000000e+00i, 4.879583300000e+02 + 0.000000000000e+00i, 3.473100000000e-01 + 0.000000000000e+00i, 0.000000000000e+00 + 0.000000000000e+00i, 0.000000000000e+00 + 0.000000000000e+00i, 1.000000000000e+00 + 0.000000000000e+00i, 
1.000000000000e+00  20  right fork arm -1.112001062370e+06 + 0.000000000000e+00i, 4.879583300000e+02 + 0.000000000000e+00i, 3.476700000000e-01 + 0.000000000000e+00i, 0.000000000000e+00 + 0.000000000000e+00i, 0.000000000000e+00 + 0.000000000000e+00i, 1.000000000000e+00 + 0.000000000000e+00i, 
1.000000000000e+00  20  lower left arm -1.112000807450e+06 + 0.000000000000e+00i, 4.879582100000e+02 + 0.000000000000e+00i, 1.849300000000e-01 + 0.000000000000e+00i, -0.000000000000e+00 + 0.000000000000e+00i, -0.000000000000e+00 + 0.000000000000e+00i, 1.000000000000e+00 + 0.000000000000e+00i, 
1.000000000000e+00  20  upper left arm -1.112000843320e+06 + 0.000000000000e+00i, 4.879582300000e+02 + 0.000000000000e+00i, 2.835900000000e-01 + 0.000000000000e+00i, -0.000000000000e+00 + 0.000000000000e+00i, -0.000000000000e+00 + 0.000000000000e+00i, 1.000000000000e+00 + 0.000000000000e+00i, 
1.000000000000e+00  20  lower right arm -1.112000809560e+06 + 0.000000000000e+00i, 4.879582100000e+02 + 0.000000000000e+00i, 1.842300000000e-01 + 0.000000000000e+00i, -0.000000000000e+00 + 0.000000000000e+00i, 0.000000000000e+00 + 0.000000000000e+00i, 1.000000000000e+00 + 0.000000000000e+00i, 
1.000000000000e+00  20  upper right arm -1.112000847530e+06 + 0.000000000000e+00i, 4.879582300000e+02 + 0.000000000000e+00i, 2.834600000000e-01 + 0.000000000000e+00i, -0.000000000000e+00 + 0.000000000000e+00i, 0.000000000000e+00 + 0.000000000000e+00i, 1.000000000000e+00 + 0.000000000000e+00i, 

1.000000000000e+00  21  bike 1.887274559001e+11 + 0.000000000000e+00i, 4.409054154461e+11 + 0.000000000000e+00i, 2.143591804914e+10 + 0.000000000000e+00i, -3.390000000000e-03 + 0.000000000000e+00i, -4.709000000000e-02 + 0.000000000000e+00i, 9.984700000000e-01 + 0.000000000000e+00i, 
1.000000000000e+00  21  upper body 1.887364410698e+11 + 0.000000000000e+00i, 4.409264066153e+11 + 0.000000000000e+00i, 2.157062165115e+10 + 0.000000000000e+00i, -2.690000000000e-03 + 0.000000000000e+00i, -4.769000000000e-02 + 0.000000000000e+00i, 9.984500000000e-01 + 0.000000000000e+00i, 
1.000000000000e+00  21  upper fork 1.914493358910e+11 + 0.000000000000e+00i, 4.472642762831e+11 + 0.000000000000e+00i, 2.073565646851e+10 + 0.000000000000e+00i, 3.590000000000e-03 + 0.000000000000e+00i, -4.783000000000e-02 + 0.000000000000e+00i, 9.984300000000e-01 + 0.000000000000e+00i, 
1.000000000000e+00  21  lower fork 1.896045331297e+11 + 0.000000000000e+00i, 4.429544448172e+11 + 0.000000000000e+00i, 2.222364594182e+10 + 0.000000000000e+00i, 1.668000000000e-02 + 0.000000000000e+00i, -5.720000000000e-02 + 0.000000000000e+00i, 9.978100000000e-01 + 0.000000000000e+00i, 
1.000000000000e+00  21  swing arm 1.891085214123e+11 + 0.000000000000e+00i, 4.417956613679e+11 + 0.000000000000e+00i, -1.122858062789e+10 + 0.000000000000e+00i, -3.320000000000e-03 + 0.000000000000e+00i, 2.682000000000e-02 + 0.000000000000e+00i, 9.992200000000e-01 + 0.000000000000e+00i, 
1.000000000000e+00  21  bell crank 1.816591172682e+11 + 0.000000000000e+00i, 4.243923502636e+11 + 0.000000000000e+00i, -8.484191289702e+10 + 0.000000000000e+00i, -3.450000000000e-03 + 0.000000000000e+00i, 1.973700000000e-01 + 0.000000000000e+00i, 9.799100000000e-01 + 0.000000000000e+00i, 
1.000000000000e+00  21  front wheel, bike 1.410000000000e+00 + 0.000000000000e+00i, 0.000000000000e+00 + 0.000000000000e+00i, -2.485700000000e-01 + 0.000000000000e+00i, 0.000000000000e+00 + 0.000000000000e+00i, 1.000000000000e+00 + 0.000000000000e+00i, 0.000000000000e+00 + 0.000000000000e+00i, 
1.000000000000e+00  21  rear wheel, bike 0.000000000000e+00 + 0.000000000000e+00i, 0.000000000000e+00 + 0.000000000000e+00i, 5.801000000000e-02 + 0.000000000000e+00i, -0.000000000000e+00 + 0.000000000000e+00i, 1.000000000000e+00 + 0.000000000000e+00i, 0.000000000000e+00 + 0.000000000000e+00i, 
1.000000000000e+00  21  fork rod 1.898266280144e+11 + 0.000000000000e+00i, 4.434733032788e+11 + 0.000000000000e+00i, 2.258624858385e+10 + 0.000000000000e+00i, 1.555000000000e-02 + 0.000000000000e+00i, -5.748000000000e-02 + 0.000000000000e+00i, 9.978100000000e-01 + 0.000000000000e+00i, 
1.000000000000e+00  21  left fork arm 1.897072612837e+11 + 0.000000000000e+00i, 4.431944385120e+11 + 0.000000000000e+00i, 2.238629225821e+10 + 0.000000000000e+00i, 1.629000000000e-02 + 0.000000000000e+00i, -5.738000000000e-02 + 0.000000000000e+00i, 9.978100000000e-01 + 0.000000000000e+00i, 
1.000000000000e+00  21  right fork arm 1.896893119496e+11 + 0.000000000000e+00i, 4.431525052460e+11 + 0.000000000000e+00i, 2.262093672198e+10 + 0.000000000000e+00i, 1.606000000000e-02 + 0.000000000000e+00i, -5.781000000000e-02 + 0.000000000000e+00i, 9.977900000000e-01 + 0.000000000000e+00i, 
1.000000000000e+00  21  lower left arm 1.863297191396e+11 + 0.000000000000e+00i, 4.353038185957e+11 + 0.000000000000e+00i, -1.692385337043e+10 + 0.000000000000e+00i, -2.510000000000e-03 + 0.000000000000e+00i, 3.991000000000e-02 + 0.000000000000e+00i, 9.988000000000e-01 + 0.000000000000e+00i, 
1.000000000000e+00  21  upper left arm 1.896158354237e+11 + 0.000000000000e+00i, 4.429808492564e+11 + 0.000000000000e+00i, -1.758243237201e+10 + 0.000000000000e+00i, -2.900000000000e-03 + 0.000000000000e+00i, 4.088000000000e-02 + 0.000000000000e+00i, 9.987500000000e-01 + 0.000000000000e+00i, 
1.000000000000e+00  21  lower right arm 1.857902122301e+11 + 0.000000000000e+00i, 4.340434216019e+11 + 0.000000000000e+00i, -2.609220165046e+10 + 0.000000000000e+00i, -2.750000000000e-03 + 0.000000000000e+00i, 6.116000000000e-02 + 0.000000000000e+00i, 9.977200000000e-01 + 0.000000000000e+00i, 
1.000000000000e+00  21  upper right arm 1.874703933892e+11 + 0.000000000000e+00i, 4.379686637901e+11 + 0.000000000000e+00i, -2.507612070819e+10 + 0.000000000000e+00i, -2.330000000000e-03 + 0.000000000000e+00i, 5.813000000000e-02 + 0.000000000000e+00i, 9.979000000000e-01 + 0.000000000000e+00i, 

1.000000000000e+00  22  bike 9.738879479121e+11 + 0.000000000000e+00i, 3.675371444450e+12 + 0.000000000000e+00i, 5.642940390046e+11 + 0.000000000000e+00i, -1.593000000000e-02 + 0.000000000000e+00i, -1.474900000000e-01 + 0.000000000000e+00i, 9.881000000000e-01 + 0.000000000000e+00i, 
1.000000000000e+00  22  upper body 9.734392740986e+11 + 0.000000000000e+00i, 3.673678187104e+12 + 0.000000000000e+00i, 5.748565878263e+11 + 0.000000000000e+00i, -1.255000000000e-02 + 0.000000000000e+00i, -1.512100000000e-01 + 0.000000000000e+00i, 9.875900000000e-01 + 0.000000000000e+00i, 
1.000000000000e+00  22  upper fork 1.286119095469e+12 + 0.000000000000e+00i, 4.853705611392e+12 + 0.000000000000e+00i, 8.133219453330e+11 + 0.000000000000e+00i, 1.463700000000e-01 + 0.000000000000e+00i, -2.009000000000e-01 + 0.000000000000e+00i, 9.674700000000e-01 + 0.000000000000e+00i, 
1.000000000000e+00  22  lower fork 1.111709451556e+12 + 0.000000000000e+00i, 4.195498241389e+12 + 0.000000000000e+00i, 8.030524930251e+11 + 0.000000000000e+00i, 2.581600000000e-01 + 0.000000000000e+00i, -2.469800000000e-01 + 0.000000000000e+00i, 9.329300000000e-01 + 0.000000000000e+00i, 
1.000000000000e+00  22  swing arm 9.173250509623e+11 + 0.000000000000e+00i, 3.461907814768e+12 + 0.000000000000e+00i, 1.065741294366e+12 + 0.000000000000e+00i, -1.486000000000e-02 + 0.000000000000e+00i, -2.903500000000e-01 + 0.000000000000e+00i, 9.559600000000e-01 + 0.000000000000e+00i, 
1.000000000000e+00  22  bell crank 7.288825302690e+11 + 0.000000000000e+00i, 2.750741544602e+12 + 0.000000000000e+00i, 1.653696379381e+12 + 0.000000000000e+00i, -1.002000000000e-02 + 0.000000000000e+00i, -5.129000000000e-01 + 0.000000000000e+00i, 8.575600000000e-01 + 0.000000000000e+00i, 
1.000000000000e+00  22  front wheel, bike 1.410000000000e+00 + 0.000000000000e+00i, 0.000000000000e+00 + 0.000000000000e+00i, 2.697960000000e+00 + 0.000000000000e+00i, 0.000000000000e+00 + 0.000000000000e+00i, -1.000000000000e+00 + 0.000000000000e+00i, 0.000000000000e+00 + 0.000000000000e+00i, 
1.000000000000e+00  22  rear wheel, bike 0.000000000000e+00 + 0.000000000000e+00i, 0.000000000000e+00 + 0.000000000000e+00i, 1.384630000000e+00 + 0.000000000000e+00i, -0.000000000000e+00 + 0.000000000000e+00i, -1.000000000000e+00 + 0.000000000000e+00i, 0.000000000000e+00 + 0.000000000000e+00i, 
1.000000000000e+00  22  fork rod 1.116868777599e+12 + 0.000000000000e+00i, 4.214969105208e+12 + 0.000000000000e+00i, 8.165007801661e+11 + 0.000000000000e+00i, 2.518600000000e-01 + 0.000000000000e+00i, -2.477500000000e-01 + 0.000000000000e+00i, 9.344500000000e-01 + 0.000000000000e+00i, 
1.000000000000e+00  22  left fork arm 1.111737921218e+12 + 0.000000000000e+00i, 4.195605683506e+12 + 0.000000000000e+00i, 8.192737076713e+11 + 0.000000000000e+00i, 2.555200000000e-01 + 0.000000000000e+00i, -2.498700000000e-01 + 0.000000000000e+00i, 9.328900000000e-01 + 0.000000000000e+00i, 
1.000000000000e+00  22  right fork arm 1.116104730089e+12 + 0.000000000000e+00i, 4.212085653983e+12 + 0.000000000000e+00i, 8.157748385885e+11 + 0.000000000000e+00i, 2.518100000000e-01 + 0.000000000000e+00i, -2.477100000000e-01 + 0.000000000000e+00i, 9.344700000000e-01 + 0.000000000000e+00i, 
1.000000000000e+00  22  lower left arm 3.800805446257e+11 + 0.000000000000e+00i, 1.434392101576e+12 + 0.000000000000e+00i, -1.501067963030e+12 + 0.000000000000e+00i, -9.300000000000e-03 + 0.000000000000e+00i, 7.237900000000e-01 + 0.000000000000e+00i, 6.892900000000e-01 + 0.000000000000e+00i, 
1.000000000000e+00  22  upper left arm 3.754870632650e+11 + 0.000000000000e+00i, 1.417056688134e+12 + 0.000000000000e+00i, -1.676341471327e+12 + 0.000000000000e+00i, -7.040000000000e-03 + 0.000000000000e+00i, 7.640800000000e-01 + 0.000000000000e+00i, 6.443200000000e-01 + 0.000000000000e+00i, 
1.000000000000e+00  22  lower right arm 3.277767737125e+11 + 0.000000000000e+00i, 1.237002056383e+12 + 0.000000000000e+00i, -1.502589711882e+12 + 0.000000000000e+00i, -6.500000000000e-03 + 0.000000000000e+00i, 7.723800000000e-01 + 0.000000000000e+00i, 6.344400000000e-01 + 0.000000000000e+00i, 
1.000000000000e+00  22  upper right arm 3.199013469967e+11 + 0.000000000000e+00i, 1.207280856397e+12 + 0.000000000000e+00i, -1.587243393468e+12 + 0.000000000000e+00i, -8.300000000000e-03 + 0.000000000000e+00i, 7.963500000000e-01 + 0.000000000000e+00i, 6.040400000000e-01 + 0.000000000000e+00i, 


