%%% Deflection
num name type x y z 
{1} {bike} translation -9.97000000e-05 -0.00000000e+00 -6.07395400e-02
{ } { } rotation -0.00000000e+00 -1.67127900e-02 0.00000000e+00
{2} {upper body} translation -1.12571600e-02 0.00000000e+00 -6.51333400e-02
{ } { } rotation -0.00000000e+00 -1.67127900e-02 0.00000000e+00
{3} {upper fork} translation -5.07343000e-03 0.00000000e+00 -5.26154600e-02
{ } { } rotation 1.00000000e-08 -1.67127900e-02 -2.00000000e-08
{4} {lower fork} translation 2.38048000e-03 0.00000000e+00 -1.01130800e-02
{ } { } rotation 1.00000000e-08 -1.67127900e-02 -2.00000000e-08
{5} {swing arm} translation -3.06095000e-03 -0.00000000e+00 -2.84752900e-02
{ } { } rotation -0.00000000e+00 9.75029300e-02 1.00000000e-08
{6} {bell crank} translation -7.45510000e-04 -0.00000000e+00 -4.64358100e-02
{ } { } rotation -1.00000000e-08 3.58557980e-01 0.00000000e+00
{7} {front wheel, bike} translation 3.08242000e-03 0.00000000e+00 -9.36100000e-03
{ } { } rotation 1.00000000e-08 -0.00000000e+00 -2.00000000e-08
{8} {rear wheel, bike} translation -4.45524000e-03 -0.00000000e+00 -9.36473000e-03
{ } { } rotation -0.00000000e+00 -0.00000000e+00 0.00000000e+00
{9} {fork rod} translation -1.40464000e-03 0.00000000e+00 -1.15981600e-02
{ } { } rotation 1.00000000e-08 -1.67127900e-02 -2.00000000e-08
{10} {left fork arm} translation 3.08242000e-03 0.00000000e+00 -9.36100000e-03
{ } { } rotation 1.00000000e-08 -1.67127900e-02 -2.00000000e-08
{11} {right fork arm} translation 3.08241000e-03 0.00000000e+00 -9.36100000e-03
{ } { } rotation 1.00000000e-08 -1.67127900e-02 -2.00000000e-08
{12} {lower left arm} translation 4.45287000e-03 0.00000000e+00 -3.34450100e-02
{ } { } rotation -0.00000000e+00 -2.12428340e-01 3.00000000e-08
{13} {upper left arm} translation 2.78159000e-03 0.00000000e+00 -3.34450100e-02
{ } { } rotation -0.00000000e+00 -2.12428340e-01 2.00000000e-08
{14} {lower right arm} translation 4.45286000e-03 0.00000000e+00 -3.34450100e-02
{ } { } rotation -0.00000000e+00 -2.12428330e-01 3.00000000e-08
{15} {upper right arm} translation 2.78159000e-03 0.00000000e+00 -3.34450100e-02
{ } { } rotation -0.00000000e+00 -2.12428330e-01 2.00000000e-08
