3 5 1.000000000000e+00
2 6 -1.000000000000e+00
9 11 1.000000000000e+00
8 12 -1.000000000000e+00
15 17 1.000000000000e+00
14 18 -1.000000000000e+00
21 23 1.000000000000e+00
20 24 -1.000000000000e+00
27 29 1.000000000000e+00
26 30 -1.000000000000e+00
33 35 1.000000000000e+00
32 36 -1.000000000000e+00
39 41 1.000000000000e+00
38 42 -1.000000000000e+00
45 47 1.000000000000e+00
44 48 -1.000000000000e+00
51 53 1.000000000000e+00
50 54 -1.000000000000e+00
57 59 1.000000000000e+00
56 60 -1.000000000000e+00
63 65 1.000000000000e+00
62 66 -1.000000000000e+00
69 71 1.000000000000e+00
68 72 -1.000000000000e+00
75 77 1.000000000000e+00
74 78 -1.000000000000e+00
81 83 1.000000000000e+00
80 84 -1.000000000000e+00
87 89 1.000000000000e+00
86 90 -1.000000000000e+00
93 95 1.000000000000e+00
92 96 -1.000000000000e+00
