1 1 -6.00000000e-01
2 1 -6.00000000e-01
3 1 -1.00000000e+00
4 1 -1.00000000e+00
38 1 1.00000000e+00
43 1 1.00000000e+00
1 2 -8.00000000e-01
2 2 8.00000000e-01
39 2 1.00000000e+00
44 2 1.00000000e+00
40 3 1.00000000e+00
45 3 1.00000000e+00
39 4 -1.28600000e-01
40 4 5.50000000e-01
41 4 9.70631115e-01
42 4 -1.70110608e-01
44 4 -1.28600000e-01
45 4 -5.50000000e-01
46 4 9.70631115e-01
47 4 1.70110608e-01
3 5 -2.00000000e-01
4 5 -2.00000000e-01
38 5 1.28600000e-01
41 5 1.41110292e-01
42 5 9.75269330e-01
43 5 1.28600000e-01
46 5 -1.41110292e-01
47 5 9.75269330e-01
3 6 -5.00000000e-01
4 6 5.00000000e-01
38 6 -5.50000000e-01
41 6 1.94841278e-01
42 6 1.41110292e-01
43 6 5.50000000e-01
46 6 1.94841278e-01
47 6 -1.41110292e-01
18 7 -1.00000000e+00
38 7 -1.00000000e+00
5 8 -1.00000000e+00
19 8 -1.00000000e+00
39 8 -1.00000000e+00
20 9 -1.00000000e+00
40 9 -1.00000000e+00
5 10 -7.86000000e-02
20 10 -5.00000000e-02
21 10 1.00000000e+00
41 10 -9.70631115e-01
42 10 1.70110608e-01
41 11 -1.41110292e-01
42 11 -9.75269330e-01
5 12 1.00000000e-01
18 12 5.00000000e-02
22 12 -1.00000000e+00
41 12 -1.94841278e-01
42 12 -1.41110292e-01
23 13 -1.00000000e+00
43 13 -1.00000000e+00
6 14 1.00000000e+00
24 14 -1.00000000e+00
44 14 -1.00000000e+00
25 15 -1.00000000e+00
45 15 -1.00000000e+00
6 16 7.86000000e-02
25 16 5.00000000e-02
26 16 1.00000000e+00
46 16 -9.70631115e-01
47 16 -1.70110608e-01
46 17 1.41110292e-01
47 17 -9.75269330e-01
6 18 -1.00000000e-01
23 18 -5.00000000e-02
27 18 -1.00000000e+00
46 18 -1.94841278e-01
47 18 1.41110292e-01
48 19 1.00000000e+00
53 19 1.00000000e+00
49 20 1.00000000e+00
54 20 1.00000000e+00
50 21 1.00000000e+00
55 21 1.00000000e+00
50 22 5.50000000e-01
55 22 -5.50000000e-01
51 23 1.00000000e+00
56 23 1.00000000e+00
48 24 -5.50000000e-01
52 24 1.00000000e+00
53 24 5.50000000e-01
57 24 1.00000000e+00
7 25 5.14495755e-01
8 25 5.14495755e-01
58 25 1.00000000e+00
63 25 1.00000000e+00
7 26 -8.57492926e-01
8 26 8.57492926e-01
59 26 1.00000000e+00
64 26 1.00000000e+00
60 27 1.00000000e+00
65 27 1.00000000e+00
7 28 -2.45242977e-02
8 28 2.45242977e-02
60 28 5.50000000e-01
65 28 -5.50000000e-01
7 29 -1.47145786e-02
8 29 -1.47145786e-02
61 29 1.00000000e+00
66 29 1.00000000e+00
58 30 -5.50000000e-01
62 30 1.00000000e+00
63 30 5.50000000e-01
67 30 1.00000000e+00
10 31 1.00000000e+00
11 31 9.99950004e-03
28 31 -1.00000000e+00
48 31 -1.00000000e+00
58 31 -1.00000000e+00
11 32 -9.99950004e-01
29 32 -1.00000000e+00
49 32 -1.00000000e+00
59 32 -1.00000000e+00
30 33 -1.00000000e+00
50 33 -1.00000000e+00
60 33 -1.00000000e+00
11 34 7.13964303e-02
30 34 -5.00000000e-02
31 34 1.00000000e+00
49 34 1.00000000e-01
59 34 -1.00000000e-01
10 35 7.14000000e-02
11 35 7.13964303e-04
48 35 -1.00000000e-01
51 35 -1.00000000e+00
58 35 1.00000000e-01
61 35 -1.00000000e+00
10 36 5.00000000e-02
11 36 4.99975002e-04
28 36 5.00000000e-02
32 36 -1.00000000e+00
52 36 -1.00000000e+00
62 36 -1.00000000e+00
9 37 1.00000000e+00
33 37 -1.00000000e+00
53 37 -1.00000000e+00
63 37 -1.00000000e+00
34 38 -1.00000000e+00
54 38 -1.00000000e+00
64 38 -1.00000000e+00
35 39 -1.00000000e+00
55 39 -1.00000000e+00
65 39 -1.00000000e+00
35 40 5.00000000e-02
36 40 1.00000000e+00
54 40 1.00000000e-01
64 40 -1.00000000e-01
9 41 7.14000000e-02
53 41 -1.00000000e-01
56 41 -1.00000000e+00
63 41 1.00000000e-01
66 41 -1.00000000e+00
9 42 -5.00000000e-02
33 42 -5.00000000e-02
37 42 -1.00000000e+00
57 42 -1.00000000e+00
67 42 -1.00000000e+00
1 43 6.00000000e-01
2 43 6.00000000e-01
3 43 1.00000000e+00
4 43 1.00000000e+00
7 43 -5.14495755e-01
8 43 -5.14495755e-01
9 43 -1.00000000e+00
10 43 -1.00000000e+00
11 43 -9.99950004e-03
1 44 8.00000000e-01
2 44 -8.00000000e-01
5 44 1.00000000e+00
6 44 -1.00000000e+00
7 44 8.57492926e-01
8 44 -8.57492926e-01
11 44 9.99950004e-01
1 46 1.60000000e-01
2 46 -1.60000000e-01
5 46 1.50000000e-01
6 46 -1.50000000e-01
7 46 1.71498585e-01
8 46 -1.71498585e-01
1 47 -1.20000000e-01
2 47 -1.20000000e-01
7 47 1.02899151e-01
8 47 1.02899151e-01
1 48 6.09600000e-01
2 48 -6.09600000e-01
3 48 5.00000000e-01
4 48 -5.00000000e-01
5 48 6.62000000e-01
6 48 -6.62000000e-01
7 48 -6.53409609e-01
8 48 6.53409609e-01
9 48 -5.00000000e-01
10 48 5.00000000e-01
11 48 -7.56962153e-01
13 49 -1.00000000e+00
18 49 1.00000000e+00
12 50 1.00000000e+00
19 50 1.00000000e+00
20 51 1.00000000e+00
12 52 2.28600000e-01
21 52 -1.00000000e+00
13 53 2.28600000e-01
22 54 1.00000000e+00
14 55 1.00000000e+00
23 55 1.00000000e+00
24 56 1.00000000e+00
25 57 1.00000000e+00
26 58 -1.00000000e+00
14 59 -2.28600000e-01
27 60 1.00000000e+00
17 61 1.00000000e+00
28 61 1.00000000e+00
29 62 1.00000000e+00
30 63 1.00000000e+00
31 64 -1.00000000e+00
17 65 -2.28600000e-01
32 66 1.00000000e+00
16 67 -1.00000000e+00
33 67 1.00000000e+00
15 68 1.00000000e+00
34 68 1.00000000e+00
35 69 1.00000000e+00
15 70 2.28600000e-01
36 70 -1.00000000e+00
16 71 2.28600000e-01
37 72 1.00000000e+00
68 73 -6.00000000e-01
69 73 -6.00000000e-01
70 73 -1.00000000e+00
71 73 -1.00000000e+00
105 73 1.00000000e+00
110 73 1.00000000e+00
68 74 -8.00000000e-01
69 74 8.00000000e-01
106 74 1.00000000e+00
111 74 1.00000000e+00
107 75 1.00000000e+00
112 75 1.00000000e+00
106 76 -1.28600000e-01
107 76 5.50000000e-01
108 76 9.70631115e-01
109 76 -1.70110608e-01
111 76 -1.28600000e-01
112 76 -5.50000000e-01
113 76 9.70631115e-01
114 76 1.70110608e-01
70 77 -2.00000000e-01
71 77 -2.00000000e-01
105 77 1.28600000e-01
108 77 1.41110292e-01
109 77 9.75269330e-01
110 77 1.28600000e-01
113 77 -1.41110292e-01
114 77 9.75269330e-01
70 78 -5.00000000e-01
71 78 5.00000000e-01
105 78 -5.50000000e-01
108 78 1.94841278e-01
109 78 1.41110292e-01
110 78 5.50000000e-01
113 78 1.94841278e-01
114 78 -1.41110292e-01
85 79 -1.00000000e+00
105 79 -1.00000000e+00
72 80 -1.00000000e+00
86 80 -1.00000000e+00
106 80 -1.00000000e+00
87 81 -1.00000000e+00
107 81 -1.00000000e+00
72 82 -7.86000000e-02
87 82 -5.00000000e-02
88 82 1.00000000e+00
108 82 -9.70631115e-01
109 82 1.70110608e-01
108 83 -1.41110292e-01
109 83 -9.75269330e-01
72 84 1.00000000e-01
85 84 5.00000000e-02
89 84 -1.00000000e+00
108 84 -1.94841278e-01
109 84 -1.41110292e-01
90 85 -1.00000000e+00
110 85 -1.00000000e+00
73 86 1.00000000e+00
91 86 -1.00000000e+00
111 86 -1.00000000e+00
92 87 -1.00000000e+00
112 87 -1.00000000e+00
73 88 7.86000000e-02
92 88 5.00000000e-02
93 88 1.00000000e+00
113 88 -9.70631115e-01
114 88 -1.70110608e-01
113 89 1.41110292e-01
114 89 -9.75269330e-01
73 90 -1.00000000e-01
90 90 -5.00000000e-02
94 90 -1.00000000e+00
113 90 -1.94841278e-01
114 90 1.41110292e-01
115 91 1.00000000e+00
120 91 1.00000000e+00
116 92 1.00000000e+00
121 92 1.00000000e+00
117 93 1.00000000e+00
122 93 1.00000000e+00
117 94 5.50000000e-01
122 94 -5.50000000e-01
118 95 1.00000000e+00
123 95 1.00000000e+00
115 96 -5.50000000e-01
119 96 1.00000000e+00
120 96 5.50000000e-01
124 96 1.00000000e+00
74 97 5.14495755e-01
75 97 5.14495755e-01
125 97 1.00000000e+00
130 97 1.00000000e+00
74 98 -8.57492926e-01
75 98 8.57492926e-01
126 98 1.00000000e+00
131 98 1.00000000e+00
127 99 1.00000000e+00
132 99 1.00000000e+00
74 100 -2.45242977e-02
75 100 2.45242977e-02
127 100 5.50000000e-01
132 100 -5.50000000e-01
74 101 -1.47145786e-02
75 101 -1.47145786e-02
128 101 1.00000000e+00
133 101 1.00000000e+00
125 102 -5.50000000e-01
129 102 1.00000000e+00
130 102 5.50000000e-01
134 102 1.00000000e+00
77 103 1.00000000e+00
78 103 9.99950004e-03
95 103 -1.00000000e+00
115 103 -1.00000000e+00
125 103 -1.00000000e+00
78 104 -9.99950004e-01
96 104 -1.00000000e+00
116 104 -1.00000000e+00
126 104 -1.00000000e+00
97 105 -1.00000000e+00
117 105 -1.00000000e+00
127 105 -1.00000000e+00
78 106 7.13964303e-02
97 106 -5.00000000e-02
98 106 1.00000000e+00
116 106 1.00000000e-01
126 106 -1.00000000e-01
77 107 7.14000000e-02
78 107 7.13964303e-04
115 107 -1.00000000e-01
118 107 -1.00000000e+00
125 107 1.00000000e-01
128 107 -1.00000000e+00
77 108 5.00000000e-02
78 108 4.99975002e-04
95 108 5.00000000e-02
99 108 -1.00000000e+00
119 108 -1.00000000e+00
129 108 -1.00000000e+00
76 109 1.00000000e+00
100 109 -1.00000000e+00
120 109 -1.00000000e+00
130 109 -1.00000000e+00
101 110 -1.00000000e+00
121 110 -1.00000000e+00
131 110 -1.00000000e+00
102 111 -1.00000000e+00
122 111 -1.00000000e+00
132 111 -1.00000000e+00
102 112 5.00000000e-02
103 112 1.00000000e+00
121 112 1.00000000e-01
131 112 -1.00000000e-01
76 113 7.14000000e-02
120 113 -1.00000000e-01
123 113 -1.00000000e+00
130 113 1.00000000e-01
133 113 -1.00000000e+00
76 114 -5.00000000e-02
100 114 -5.00000000e-02
104 114 -1.00000000e+00
124 114 -1.00000000e+00
134 114 -1.00000000e+00
68 115 6.00000000e-01
69 115 6.00000000e-01
70 115 1.00000000e+00
71 115 1.00000000e+00
74 115 -5.14495755e-01
75 115 -5.14495755e-01
76 115 -1.00000000e+00
77 115 -1.00000000e+00
78 115 -9.99950004e-03
68 116 8.00000000e-01
69 116 -8.00000000e-01
72 116 1.00000000e+00
73 116 -1.00000000e+00
74 116 8.57492926e-01
75 116 -8.57492926e-01
78 116 9.99950004e-01
68 118 1.60000000e-01
69 118 -1.60000000e-01
72 118 1.50000000e-01
73 118 -1.50000000e-01
74 118 1.71498585e-01
75 118 -1.71498585e-01
68 119 -1.20000000e-01
69 119 -1.20000000e-01
74 119 1.02899151e-01
75 119 1.02899151e-01
68 120 6.09600000e-01
69 120 -6.09600000e-01
70 120 5.00000000e-01
71 120 -5.00000000e-01
72 120 6.62000000e-01
73 120 -6.62000000e-01
74 120 -6.53409609e-01
75 120 6.53409609e-01
76 120 -5.00000000e-01
77 120 5.00000000e-01
78 120 -7.56962153e-01
80 121 -1.00000000e+00
85 121 1.00000000e+00
79 122 1.00000000e+00
86 122 1.00000000e+00
87 123 1.00000000e+00
79 124 2.28600000e-01
88 124 -1.00000000e+00
80 125 2.28600000e-01
89 126 1.00000000e+00
81 127 1.00000000e+00
90 127 1.00000000e+00
91 128 1.00000000e+00
92 129 1.00000000e+00
93 130 -1.00000000e+00
81 131 -2.28600000e-01
94 132 1.00000000e+00
84 133 1.00000000e+00
95 133 1.00000000e+00
96 134 1.00000000e+00
97 135 1.00000000e+00
98 136 -1.00000000e+00
84 137 -2.28600000e-01
99 138 1.00000000e+00
83 139 -1.00000000e+00
100 139 1.00000000e+00
82 140 1.00000000e+00
101 140 1.00000000e+00
102 141 1.00000000e+00
82 142 2.28600000e-01
103 142 -1.00000000e+00
83 143 2.28600000e-01
104 144 1.00000000e+00
