3 5 -4.95390000e+03
2 6 4.95390000e+03
9 11 -1.01040000e+03
8 12 1.01040000e+03
15 17 -2.99700000e+02
14 18 2.99700000e+02
21 23 -2.17500000e+02
20 24 2.17500000e+02
27 29 -2.40000000e+02
26 30 2.40000000e+02
42 40 5.14893617e+01
39 41 -3.57000000e+02
38 42 3.57000000e+02
40 42 -5.14893617e+01
48 46 6.44444444e+01
45 47 -4.41000000e+02
44 48 4.41000000e+02
46 48 -6.44444444e+01
75 77 -6.00000000e+01
74 78 6.00000000e+01
81 83 -6.00000000e+01
80 84 6.00000000e+01
87 89 -6.00000000e+01
86 90 6.00000000e+01
93 95 -6.00000000e+01
92 96 6.00000000e+01
