1 1 1.65130000e+02
2 2 1.65130000e+02
3 3 1.65130000e+02
4 4 1.10850000e+01
6 4 -3.69100000e+00
5 5 2.20130000e+01
4 6 -3.69100000e+00
6 6 1.49820000e+01
7 7 3.36800000e+01
8 8 3.36800000e+01
9 9 3.36800000e+01
10 10 1.42800000e+00
12 10 4.43000000e-01
11 11 1.34700000e+00
10 12 4.43000000e-01
12 12 9.16000000e-01
13 13 9.99000000e+00
14 14 9.99000000e+00
15 15 9.99000000e+00
16 16 1.34100000e+00
17 17 1.54800000e+00
18 18 4.12500000e-01
19 19 7.25000000e+00
20 20 7.25000000e+00
21 21 7.25000000e+00
25 25 8.00000000e+00
26 26 8.00000000e+00
27 27 8.00000000e+00
28 28 2.00000000e-02
29 29 2.59000000e-01
30 30 2.59000000e-01
37 37 1.19000000e+01
38 38 1.19000000e+01
39 39 1.19000000e+01
40 40 2.70000000e-01
41 41 4.84000000e-01
42 42 2.70000000e-01
43 43 1.47000000e+01
44 44 1.47000000e+01
45 45 1.47000000e+01
46 46 3.83000000e-01
47 47 6.38000000e-01
48 48 3.83000000e-01
73 73 2.00000000e+00
74 74 2.00000000e+00
75 75 2.00000000e+00
76 76 2.20416667e-03
77 76 3.83333333e-03
76 77 3.83333333e-03
77 77 6.66666667e-03
78 78 8.87083333e-03
79 79 2.00000000e+00
80 80 2.00000000e+00
81 81 2.00000000e+00
82 82 3.75000000e-03
83 82 5.00000000e-03
82 83 5.00000000e-03
83 83 6.66666667e-03
84 84 1.04166667e-02
85 85 2.00000000e+00
86 86 2.00000000e+00
87 87 2.00000000e+00
88 88 2.20416667e-03
89 88 -3.83333333e-03
88 89 -3.83333333e-03
89 89 6.66666667e-03
90 90 8.87083333e-03
91 91 2.00000000e+00
92 92 2.00000000e+00
93 93 2.00000000e+00
94 94 3.75000000e-03
95 94 -5.00000000e-03
94 95 -5.00000000e-03
95 95 6.66666667e-03
96 96 1.04166667e-02
