1 1 -5.28505640e+03
3 1 8.77852836e+03
5 1 1.98560252e+03
31 1 5.28505640e+03
33 1 -8.77852836e+03
35 1 -3.95403896e+02
2 2 -6.49189208e+03
4 2 -2.89989349e+02
6 2 1.51650599e+03
32 2 6.49189208e+03
34 2 -3.54890100e+01
36 2 -3.13774784e+02
1 3 8.77852836e+03
3 3 5.73631643e+04
5 3 1.08173921e+04
31 3 -8.77852836e+03
33 3 -5.73631643e+04
35 3 -2.82054223e+03
2 4 1.06467030e+02
4 4 2.43865566e+01
6 4 -2.61434096e+01
32 4 -1.06467030e+02
34 4 5.82019764e-01
36 4 5.14590645e+00
1 5 1.58914614e+03
3 5 1.10945959e+04
5 5 2.12417082e+03
31 5 -1.58914614e+03
33 5 -1.10945959e+04
35 5 -5.44926136e+02
2 6 1.23930220e+03
4 6 3.78364847e+02
6 6 -2.82564950e+02
32 6 -1.23930220e+03
34 6 6.77485201e+00
36 6 5.98996062e+01
5 7 -3.30400800e+02
4 8 3.30400800e+02
4 10 9.78647170e+01
10 10 -9.78647170e+01
12 10 1.68504408e+01
5 11 9.78647170e+01
11 11 -9.78647170e+01
4 12 -1.68504408e+01
5 13 8.90713470e+02
13 13 -1.22184444e+03
15 13 -1.12476813e+04
17 13 5.40825902e+02
49 13 1.22184444e+03
51 13 1.12476813e+04
4 14 -8.90713470e+02
6 14 -4.24102713e+02
14 14 -6.04646059e+03
16 14 -3.38601793e+02
18 14 -2.53951345e+02
50 14 6.04646059e+03
5 15 4.24102713e+02
13 15 -1.12476813e+04
15 15 2.01753839e+04
17 15 -2.17495970e+02
49 15 1.12476813e+04
51 15 -2.01753839e+04
4 16 -1.87049829e+01
6 16 -8.90615696e+00
14 16 -3.38601793e+02
16 16 1.53065104e+02
18 16 6.78342131e+01
50 16 3.38601793e+02
52 16 -2.01753839e+02
54 16 -1.12476813e+02
5 17 -2.25219073e+01
13 17 5.40825902e+02
15 17 -2.17495970e+02
17 17 -7.18098871e+01
49 17 -5.40825902e+02
51 17 2.17495970e+02
4 18 -8.01642123e+00
6 18 -3.81692441e+00
14 18 -2.53951345e+02
16 18 6.78342131e+01
18 18 -4.38158340e+01
50 18 2.53951345e+02
52 18 -1.12476813e+02
54 18 1.22184444e+01
23 19 1.02795537e+03
41 19 -1.09907787e+03
22 20 -1.02795537e+03
40 20 1.09907787e+03
22 22 -4.61612705e+01
24 22 -1.40801944e+02
40 22 4.61612705e+01
23 23 -4.61612705e+01
41 23 4.61612705e+01
22 24 9.13434398e+01
40 24 4.94585042e+01
5 25 -1.25648456e+03
25 25 9.62146261e+03
27 25 9.60576691e+03
29 25 -2.04371952e+03
31 25 -9.62146261e+03
33 25 -9.60576691e+03
35 25 2.16452041e+02
47 25 -1.17733263e+03
4 26 1.25648456e+03
6 26 2.35149487e+03
26 26 1.92115594e+04
28 26 7.01221919e+02
30 26 3.38507677e+03
32 26 -1.92115594e+04
34 26 -3.94477354e+02
36 26 -3.77827336e+01
46 26 1.17733263e+03
5 27 -2.35149487e+03
25 27 9.60576691e+03
27 27 9.59009682e+03
29 27 -2.04038555e+03
31 27 -9.60576691e+03
33 27 -9.59009682e+03
35 27 2.16098938e+02
4 28 -6.21959856e+01
6 28 -1.16398996e+02
26 28 7.01221919e+02
28 28 1.56924536e+02
30 28 3.25783861e+02
32 28 -7.01221919e+02
34 28 -1.43984234e+01
36 28 -1.37906977e+00
46 28 1.68358566e+01
5 29 7.67881705e+02
25 29 -2.04371952e+03
27 29 -2.04038555e+03
29 29 1.49697339e+02
31 29 2.04371952e+03
33 29 2.04038555e+03
35 29 -4.59771323e+01
47 29 1.68358566e+01
4 30 4.43539048e+02
6 30 8.30077691e+02
26 30 3.38507677e+03
28 30 3.25783861e+02
30 30 1.80706233e+02
32 30 -3.38507677e+03
34 30 -6.95069097e+01
36 30 -6.65731765e+00
46 30 -2.30757195e+02
1 31 5.28505640e+03
3 31 -8.77852836e+03
5 31 -1.25019063e+03
25 31 -9.62146261e+03
27 31 -9.60576691e+03
29 31 2.04371952e+03
31 31 4.33640621e+03
33 31 1.83842953e+04
35 31 1.78951855e+02
2 32 6.49189208e+03
4 32 -4.45422537e+02
6 32 -3.86800086e+03
26 32 -1.92115594e+04
28 32 -7.01221919e+02
30 32 -3.38507677e+03
32 32 1.27196674e+04
34 32 4.29966364e+02
36 32 3.51557517e+02
1 33 -8.77852836e+03
3 33 -5.73631643e+04
5 33 -8.46589727e+03
25 33 -9.60576691e+03
27 33 -9.59009682e+03
29 33 2.04038555e+03
31 33 1.83842953e+04
33 33 6.69532611e+04
35 33 2.60444329e+03
2 34 -3.54890100e+01
4 34 5.68894941e+00
6 34 4.63805786e+01
26 34 -3.94477354e+02
28 34 -1.43984234e+01
30 34 -6.95069097e+01
32 34 4.29966364e+02
34 34 -5.65868113e+01
36 34 -8.73138706e+01
1 35 -3.95403896e+02
3 35 -2.82054223e+03
5 35 -6.61703201e+02
25 35 2.16452041e+02
27 35 2.16098938e+02
29 35 -4.59771323e+01
31 35 1.78951855e+02
33 35 2.60444329e+03
35 35 2.09522057e+02
2 36 -3.13774784e+02
4 36 -1.05703306e+01
6 36 -6.19843886e+01
26 36 -3.77827336e+01
28 36 -1.37906977e+00
30 36 -6.65731765e+00
32 36 3.51557517e+02
34 36 -8.73138706e+01
36 36 1.15566096e+02
41 37 1.09907787e+03
40 38 -1.09907787e+03
39 39 1.30000000e+05
40 40 -3.42860357e+02
47 43 1.17733263e+03
46 44 -1.17733263e+03
45 45 1.41000000e+05
46 46 -3.92497270e+02
13 49 1.22184444e+03
15 49 1.12476813e+04
17 49 -5.40825902e+02
23 49 -1.02795537e+03
49 49 -1.22184444e+03
51 49 -1.12476813e+04
53 49 3.92400000e+01
14 50 6.04646059e+03
16 50 3.38601793e+02
18 50 2.53951345e+02
22 50 1.02795537e+03
50 50 -6.04646059e+03
52 50 -3.92400000e+01
54 50 4.24102713e+02
13 51 1.12476813e+04
15 51 -2.01753839e+04
17 51 2.17495970e+02
49 51 -1.12476813e+04
51 51 2.01753839e+04
53 51 -4.24102713e+02
16 52 -2.01753839e+02
18 52 -1.12476813e+02
52 52 2.01753839e+02
54 52 1.12476813e+02
16 54 -1.12476813e+02
18 54 1.22184444e+01
52 54 1.12476813e+02
54 54 -1.22184444e+01
53 55 -1.96200000e+01
54 55 -1.26859933e+02
59 55 1.96200000e+01
60 55 1.26859933e+02
52 56 1.96200000e+01
54 56 -2.12051356e+02
58 56 -1.96200000e+01
60 56 2.12051356e+02
52 57 1.26859933e+02
53 57 2.12051356e+02
58 57 -1.26859933e+02
59 57 -2.12051356e+02
52 58 -5.26758365e+00
54 58 5.69316135e+01
58 58 5.26758365e+00
59 58 7.12199986e+00
60 58 1.34693584e+01
52 59 1.69813874e+01
53 59 2.31174718e+01
54 59 -3.40593939e+01
58 59 -2.41033872e+01
59 59 -2.31174718e+01
60 59 -8.28948465e+00
52 60 -2.62632033e+00
54 60 2.83850554e+01
58 60 -6.77746516e+01
59 60 4.23488785e+01
60 60 -2.83850554e+01
53 61 -1.96200000e+01
54 61 1.26859933e+02
65 61 1.96200000e+01
66 61 -1.26859933e+02
52 62 1.96200000e+01
54 62 -2.12051356e+02
64 62 -1.96200000e+01
66 62 2.12051356e+02
52 63 -1.26859933e+02
53 63 2.12051356e+02
64 63 1.26859933e+02
65 63 -2.12051356e+02
52 64 -5.26758365e+00
54 64 5.69316135e+01
64 64 5.26758365e+00
65 64 -7.12199986e+00
66 64 1.34693584e+01
52 65 -1.69813874e+01
53 65 2.31174718e+01
54 65 3.40593939e+01
64 65 2.41033872e+01
65 65 -2.31174718e+01
66 65 8.28948465e+00
52 66 -2.62632033e+00
54 66 2.83850554e+01
64 66 -6.77746516e+01
65 66 -4.23488785e+01
66 66 -2.83850554e+01
5 73 -9.81000000e+00
6 73 1.05729634e+02
59 73 -9.81000000e+00
60 73 -1.05729634e+02
4 74 9.81000000e+00
6 74 1.83877625e+02
58 74 9.81000000e+00
60 74 -1.83877625e+02
4 75 -1.05729634e+02
5 75 -1.83877625e+02
58 75 1.05729634e+02
59 75 1.83877625e+02
4 76 -6.07945398e+00
5 76 -1.05729634e+01
58 76 -6.07945398e+00
59 76 -1.05729634e+01
76 76 1.21589080e+01
77 76 2.11459269e+01
4 77 -1.05729634e+01
5 77 -1.83877625e+01
58 77 -1.05729634e+01
59 77 -1.83877625e+01
76 77 2.11459269e+01
77 77 3.67755250e+01
4 78 -9.81000000e-01
5 78 5.64075000e-01
6 78 -2.44672165e+01
58 78 9.81000000e-01
59 78 -5.64075000e-01
60 78 -2.44672165e+01
78 78 4.89344330e+01
5 79 -9.81000000e+00
6 79 2.11302984e+01
59 79 -9.81000000e+00
60 79 -2.11302984e+01
4 80 9.81000000e+00
6 80 2.81737312e+01
58 80 9.81000000e+00
60 80 -2.81737312e+01
4 81 -2.11302984e+01
5 81 -2.81737312e+01
58 81 2.11302984e+01
59 81 2.81737312e+01
4 82 -1.58477238e+00
5 82 -2.11302984e+00
58 82 -1.58477238e+00
59 82 -2.11302984e+00
82 82 3.16954476e+00
83 82 4.22605967e+00
4 83 -2.11302984e+00
5 83 -2.81737312e+00
58 83 -2.11302984e+00
59 83 -2.81737312e+00
82 83 4.22605967e+00
83 83 5.63474623e+00
4 84 -9.81000000e-01
5 84 7.35750000e-01
6 84 -4.40214549e+00
58 84 9.81000000e-01
59 84 -7.35750000e-01
60 84 -4.40214549e+00
84 84 8.80429099e+00
5 85 -9.81000000e+00
6 85 -1.05729634e+02
65 85 -9.81000000e+00
66 85 1.05729634e+02
4 86 9.81000000e+00
6 86 1.83877625e+02
64 86 9.81000000e+00
66 86 -1.83877625e+02
4 87 1.05729634e+02
5 87 -1.83877625e+02
64 87 -1.05729634e+02
65 87 1.83877625e+02
4 88 -6.07945398e+00
5 88 1.05729634e+01
64 88 -6.07945398e+00
65 88 1.05729634e+01
88 88 1.21589080e+01
89 88 -2.11459269e+01
4 89 1.05729634e+01
5 89 -1.83877625e+01
64 89 1.05729634e+01
65 89 -1.83877625e+01
88 89 -2.11459269e+01
89 89 3.67755250e+01
4 90 -9.81000000e-01
5 90 -5.64075000e-01
6 90 -2.44672165e+01
64 90 9.81000000e-01
65 90 5.64075000e-01
66 90 -2.44672165e+01
90 90 4.89344330e+01
5 91 -9.81000000e+00
6 91 -2.11302984e+01
65 91 -9.81000000e+00
66 91 2.11302984e+01
4 92 9.81000000e+00
6 92 2.81737312e+01
64 92 9.81000000e+00
66 92 -2.81737312e+01
4 93 2.11302984e+01
5 93 -2.81737312e+01
64 93 -2.11302984e+01
65 93 2.81737312e+01
4 94 -1.58477238e+00
5 94 2.11302984e+00
64 94 -1.58477238e+00
65 94 2.11302984e+00
94 94 3.16954476e+00
95 94 -4.22605967e+00
4 95 2.11302984e+00
5 95 -2.81737312e+00
64 95 2.11302984e+00
65 95 -2.81737312e+00
94 95 -4.22605967e+00
95 95 5.63474623e+00
4 96 -9.81000000e-01
5 96 -7.35750000e-01
6 96 -4.40214549e+00
64 96 9.81000000e-01
65 96 7.35750000e-01
66 96 -4.40214549e+00
96 96 8.80429099e+00
