3 5 3.00000000e+01
2 6 -3.00000000e+01
9 11 3.00000000e+01
8 12 -3.00000000e+01
15 17 3.00000000e+01
14 18 -3.00000000e+01
21 23 3.00000000e+01
20 24 -3.00000000e+01
27 29 3.00000000e+01
26 30 -3.00000000e+01
33 35 3.00000000e+01
32 36 -3.00000000e+01
39 41 3.00000000e+01
38 42 -3.00000000e+01
45 47 3.00000000e+01
44 48 -3.00000000e+01
51 53 3.00000000e+01
50 54 -3.00000000e+01
57 59 3.00000000e+01
56 60 -3.00000000e+01
63 65 3.00000000e+01
62 66 -3.00000000e+01
69 71 3.00000000e+01
68 72 -3.00000000e+01
75 77 3.00000000e+01
74 78 -3.00000000e+01
81 83 3.00000000e+01
80 84 -3.00000000e+01
87 89 3.00000000e+01
86 90 -3.00000000e+01
93 95 3.00000000e+01
92 96 -3.00000000e+01
