7 1 -1.000000000000e+00
12 1 -1.000000000000e+00
17 1 -1.000000000000e+00
23 1 -1.000000000000e+00
45 1 -1.000000000000e+00
52 1 -1.000000000000e+00
59 1 -1.000000000000e+00
66 1 -1.000000000000e+00
8 2 -1.000000000000e+00
13 2 -1.000000000000e+00
18 2 -1.000000000000e+00
24 2 -1.000000000000e+00
46 2 -1.000000000000e+00
53 2 -1.000000000000e+00
60 2 -1.000000000000e+00
67 2 -1.000000000000e+00
9 3 -1.000000000000e+00
14 3 -1.000000000000e+00
19 3 -1.000000000000e+00
25 3 -1.000000000000e+00
47 3 -1.000000000000e+00
54 3 -1.000000000000e+00
61 3 -1.000000000000e+00
68 3 -1.000000000000e+00
8 4 -1.116000000000e-01
10 4 1.000000000000e+00
13 4 -2.846000000000e-01
15 4 1.000000000000e+00
18 4 3.714000000000e-01
20 4 -1.000000000000e+00
24 4 2.766000000000e-01
27 4 -9.135369243015e-01
46 4 -2.724000000000e-01
47 4 -2.124800000000e-01
48 4 -1.000000000000e+00
53 4 -1.724000000000e-01
54 4 -2.500000000000e-01
55 4 -1.000000000000e+00
60 4 -2.724000000000e-01
61 4 2.124800000000e-01
62 4 -1.000000000000e+00
67 4 -1.724000000000e-01
68 4 2.500000000000e-01
69 4 -1.000000000000e+00
7 5 1.116000000000e-01
9 5 -1.289000000000e-01
12 5 2.846000000000e-01
14 5 -1.389000000000e-01
17 5 -3.714000000000e-01
19 5 -3.139000000000e-01
21 5 -1.000000000000e+00
23 5 -2.766000000000e-01
25 5 4.951000000000e-01
26 5 -1.000000000000e+00
45 5 2.724000000000e-01
47 5 3.621000000000e-01
52 5 1.724000000000e-01
54 5 3.621000000000e-01
59 5 2.724000000000e-01
61 5 3.621000000000e-01
66 5 1.724000000000e-01
68 5 3.621000000000e-01
94 5 1.000000000000e+00
99 5 1.000000000000e+00
104 5 1.000000000000e+00
110 5 1.000000000000e+00
132 5 1.000000000000e+00
139 5 1.000000000000e+00
146 5 1.000000000000e+00
153 5 1.000000000000e+00
8 6 1.289000000000e-01
11 6 -1.000000000000e+00
13 6 1.389000000000e-01
16 6 -1.000000000000e+00
18 6 3.139000000000e-01
22 6 -1.000000000000e+00
24 6 -4.951000000000e-01
27 6 -4.067558087327e-01
45 6 2.124800000000e-01
46 6 -3.621000000000e-01
52 6 2.500000000000e-01
53 6 -3.621000000000e-01
59 6 -2.124800000000e-01
60 6 -3.621000000000e-01
66 6 -2.500000000000e-01
67 6 -3.621000000000e-01
93 6 -1.000000000000e+00
98 6 -1.000000000000e+00
103 6 -1.000000000000e+00
109 6 -1.000000000000e+00
131 6 -1.000000000000e+00
138 6 -1.000000000000e+00
145 6 -1.000000000000e+00
152 6 -1.000000000000e+00
17 7 1.000000000000e+00
18 8 1.000000000000e+00
19 9 1.000000000000e+00
18 10 2.962000000000e-01
20 10 1.000000000000e+00
17 11 -2.962000000000e-01
19 11 5.100000000000e-02
21 11 1.000000000000e+00
104 11 -1.000000000000e+00
18 12 -5.100000000000e-02
22 12 1.000000000000e+00
103 12 1.000000000000e+00
23 13 1.000000000000e+00
73 13 -8.944271909999e-01
24 14 1.000000000000e+00
74 14 -1.000000000000e+00
25 15 1.000000000000e+00
73 15 -4.472135955000e-01
24 16 2.100000000000e-02
27 16 9.135369243015e-01
75 16 4.472135955000e-01
23 17 -2.100000000000e-02
25 17 -9.000000000000e-03
26 17 1.000000000000e+00
110 17 -1.000000000000e+00
158 17 4.472135955000e-01
24 18 9.000000000000e-03
27 18 4.067558087327e-01
75 18 -8.944271909999e-01
109 18 1.000000000000e+00
159 18 -1.000000000000e+00
28 19 1.000000000000e+00
80 19 -1.000000000000e+00
29 20 1.000000000000e+00
81 20 -1.000000000000e+00
30 21 1.000000000000e+00
82 21 -1.000000000000e+00
29 22 4.200000000000e-02
31 22 -1.000000000000e+00
81 22 2.264803084806e-01
83 22 -1.000000000000e+00
28 23 -4.200000000000e-02
30 23 -4.500000000000e-02
80 23 -2.264803084806e-01
82 23 -8.885934393294e-02
84 23 -1.000000000000e+00
115 23 -1.000000000000e+00
167 23 1.000000000000e+00
29 24 4.500000000000e-02
32 24 1.000000000000e+00
81 24 8.885934393294e-02
85 24 -1.000000000000e+00
114 24 1.000000000000e+00
166 24 -1.000000000000e+00
1 25 7.065293157494e-01
2 25 1.000000000000e+00
7 25 1.000000000000e+00
3 26 1.000000000000e+00
8 26 1.000000000000e+00
1 27 -7.076837754157e-01
4 27 1.000000000000e+00
9 27 1.000000000000e+00
3 28 1.430000000000e-02
5 28 -1.000000000000e+00
8 28 -4.950000000000e-02
10 28 -1.000000000000e+00
1 29 9.890556120339e-02
2 29 -1.430000000000e-02
4 29 1.960000000000e-01
7 29 4.950000000000e-02
9 29 -3.530000000000e-01
86 29 7.076837754157e-01
89 29 -1.000000000000e+00
94 29 -1.000000000000e+00
3 30 -1.960000000000e-01
6 30 1.000000000000e+00
8 30 3.530000000000e-01
11 30 1.000000000000e+00
88 30 1.000000000000e+00
93 30 1.000000000000e+00
1 31 -7.065293157494e-01
12 31 1.000000000000e+00
13 32 1.000000000000e+00
1 33 7.076837754157e-01
14 33 1.000000000000e+00
13 34 -1.506666666667e-02
15 34 -1.000000000000e+00
1 35 1.311562385840e-02
12 35 1.506666666667e-02
14 35 -4.636666666667e-02
86 35 -7.076837754157e-01
99 35 -1.000000000000e+00
13 36 4.636666666667e-02
16 36 1.000000000000e+00
98 36 1.000000000000e+00
28 37 -1.000000000000e+00
29 38 -1.000000000000e+00
30 39 -1.000000000000e+00
31 40 1.000000000000e+00
115 41 1.000000000000e+00
32 42 -1.000000000000e+00
114 42 -1.000000000000e+00
2 43 -1.000000000000e+00
3 44 -1.000000000000e+00
4 45 -1.000000000000e+00
5 46 1.000000000000e+00
89 47 1.000000000000e+00
6 48 -1.000000000000e+00
88 48 -1.000000000000e+00
33 49 -1.000000000000e+00
39 49 -1.000000000000e+00
76 49 1.000000000000e+00
80 49 1.000000000000e+00
34 50 -1.000000000000e+00
40 50 -1.000000000000e+00
77 50 1.000000000000e+00
81 50 1.000000000000e+00
35 51 -1.000000000000e+00
41 51 -1.000000000000e+00
78 51 1.000000000000e+00
82 51 1.000000000000e+00
35 52 -1.000000000000e-01
36 52 -1.000000000000e+00
41 52 1.000000000000e-01
42 52 -1.000000000000e+00
79 52 -4.472135955000e-01
83 52 1.000000000000e+00
37 53 -1.000000000000e+00
43 53 -1.000000000000e+00
84 53 1.000000000000e+00
120 53 1.000000000000e+00
126 53 1.000000000000e+00
163 53 -1.000000000000e+00
167 53 -1.000000000000e+00
33 54 1.000000000000e-01
38 54 -1.000000000000e+00
39 54 -1.000000000000e-01
44 54 -1.000000000000e+00
79 54 8.944271909999e-01
85 54 1.000000000000e+00
119 54 -1.000000000000e+00
125 54 -1.000000000000e+00
162 54 1.000000000000e+00
166 54 1.000000000000e+00
33 55 1.000000000000e+00
49 55 -1.000000000000e+00
56 55 -1.000000000000e+00
34 56 1.000000000000e+00
50 56 -1.000000000000e+00
57 56 -1.000000000000e+00
35 57 1.000000000000e+00
51 57 -1.000000000000e+00
58 57 -1.000000000000e+00
34 58 -2.684803084806e-01
36 58 1.000000000000e+00
50 58 -8.200000000000e-02
57 58 1.800000000000e-02
33 59 2.684803084806e-01
35 59 1.338593439329e-01
37 59 1.000000000000e+00
49 59 8.200000000000e-02
51 59 -1.700000000000e-01
56 59 -1.800000000000e-02
58 59 -1.700000000000e-01
120 59 -1.000000000000e+00
136 59 1.000000000000e+00
143 59 1.000000000000e+00
34 60 -1.338593439329e-01
38 60 1.000000000000e+00
50 60 1.700000000000e-01
57 60 1.700000000000e-01
119 60 1.000000000000e+00
135 60 -1.000000000000e+00
142 60 -1.000000000000e+00
39 61 1.000000000000e+00
63 61 -1.000000000000e+00
70 61 -1.000000000000e+00
40 62 1.000000000000e+00
64 62 -1.000000000000e+00
71 62 -1.000000000000e+00
41 63 1.000000000000e+00
65 63 -1.000000000000e+00
72 63 -1.000000000000e+00
40 64 -2.684803084806e-01
42 64 1.000000000000e+00
64 64 -8.200000000000e-02
71 64 1.800000000000e-02
39 65 2.684803084806e-01
41 65 1.338593439329e-01
43 65 1.000000000000e+00
63 65 8.200000000000e-02
65 65 -1.700000000000e-01
70 65 -1.800000000000e-02
72 65 -1.700000000000e-01
126 65 -1.000000000000e+00
150 65 1.000000000000e+00
157 65 1.000000000000e+00
40 66 -1.338593439329e-01
44 66 1.000000000000e+00
64 66 1.700000000000e-01
71 66 1.700000000000e-01
125 66 1.000000000000e+00
149 66 -1.000000000000e+00
156 66 -1.000000000000e+00
73 67 8.944271909999e-01
76 67 -1.000000000000e+00
74 68 1.000000000000e+00
77 68 -1.000000000000e+00
73 69 4.472135955000e-01
78 69 -1.000000000000e+00
74 70 -1.097598457597e-01
75 70 -4.472135955000e-01
77 70 -1.097598457597e-01
79 70 4.472135955000e-01
73 71 1.232476035282e-01
76 71 1.097598457597e-01
78 71 5.607032803353e-02
158 71 -4.472135955000e-01
163 71 1.000000000000e+00
74 72 -5.607032803353e-02
75 72 8.944271909999e-01
77 72 -5.607032803353e-02
79 72 -8.944271909999e-01
159 72 1.000000000000e+00
162 72 -1.000000000000e+00
45 73 1.000000000000e+00
49 73 1.000000000000e+00
46 74 1.000000000000e+00
50 74 1.000000000000e+00
47 75 1.000000000000e+00
51 75 1.000000000000e+00
47 76 5.624000000000e-02
48 76 1.000000000000e+00
51 76 -5.624000000000e-02
47 77 1.000000000000e-01
51 77 -1.000000000000e-01
132 77 -1.000000000000e+00
136 77 -1.000000000000e+00
45 78 -5.624000000000e-02
46 78 -1.000000000000e-01
49 78 5.624000000000e-02
50 78 1.000000000000e-01
131 78 1.000000000000e+00
135 78 1.000000000000e+00
52 79 1.000000000000e+00
56 79 1.000000000000e+00
53 80 1.000000000000e+00
57 80 1.000000000000e+00
54 81 1.000000000000e+00
58 81 1.000000000000e+00
54 82 7.500000000000e-02
55 82 1.000000000000e+00
58 82 -7.500000000000e-02
54 83 1.000000000000e-01
58 83 -1.000000000000e-01
139 83 -1.000000000000e+00
143 83 -1.000000000000e+00
52 84 -7.500000000000e-02
53 84 -1.000000000000e-01
56 84 7.500000000000e-02
57 84 1.000000000000e-01
138 84 1.000000000000e+00
142 84 1.000000000000e+00
59 85 1.000000000000e+00
63 85 1.000000000000e+00
60 86 1.000000000000e+00
64 86 1.000000000000e+00
61 87 1.000000000000e+00
65 87 1.000000000000e+00
61 88 -5.624000000000e-02
62 88 1.000000000000e+00
65 88 5.624000000000e-02
61 89 1.000000000000e-01
65 89 -1.000000000000e-01
146 89 -1.000000000000e+00
150 89 -1.000000000000e+00
59 90 5.624000000000e-02
60 90 -1.000000000000e-01
63 90 -5.624000000000e-02
64 90 1.000000000000e-01
145 90 1.000000000000e+00
149 90 1.000000000000e+00
66 91 1.000000000000e+00
70 91 1.000000000000e+00
67 92 1.000000000000e+00
71 92 1.000000000000e+00
68 93 1.000000000000e+00
72 93 1.000000000000e+00
68 94 -7.500000000000e-02
69 94 1.000000000000e+00
72 94 7.500000000000e-02
68 95 1.000000000000e-01
72 95 -1.000000000000e-01
153 95 -1.000000000000e+00
157 95 -1.000000000000e+00
66 96 7.500000000000e-02
67 96 -1.000000000000e-01
70 96 -7.500000000000e-02
71 96 1.000000000000e-01
152 96 1.000000000000e+00
156 96 1.000000000000e+00
92 97 -1.000000000000e+00
97 97 -1.000000000000e+00
102 97 -1.000000000000e+00
108 97 -1.000000000000e+00
130 97 -1.000000000000e+00
137 97 -1.000000000000e+00
144 97 -1.000000000000e+00
151 97 -1.000000000000e+00
93 98 -1.000000000000e+00
98 98 -1.000000000000e+00
103 98 -1.000000000000e+00
109 98 -1.000000000000e+00
131 98 -1.000000000000e+00
138 98 -1.000000000000e+00
145 98 -1.000000000000e+00
152 98 -1.000000000000e+00
94 99 -1.000000000000e+00
99 99 -1.000000000000e+00
104 99 -1.000000000000e+00
110 99 -1.000000000000e+00
132 99 -1.000000000000e+00
139 99 -1.000000000000e+00
146 99 -1.000000000000e+00
153 99 -1.000000000000e+00
93 100 -1.116000000000e-01
95 100 1.000000000000e+00
98 100 -2.846000000000e-01
100 100 1.000000000000e+00
103 100 3.714000000000e-01
105 100 -1.000000000000e+00
109 100 2.766000000000e-01
112 100 -9.135369243015e-01
131 100 -2.724000000000e-01
132 100 -2.124800000000e-01
133 100 -1.000000000000e+00
138 100 -1.724000000000e-01
139 100 -2.500000000000e-01
140 100 -1.000000000000e+00
145 100 -2.724000000000e-01
146 100 2.124800000000e-01
147 100 -1.000000000000e+00
152 100 -1.724000000000e-01
153 100 2.500000000000e-01
154 100 -1.000000000000e+00
92 101 1.116000000000e-01
94 101 -1.289000000000e-01
97 101 2.846000000000e-01
99 101 -1.389000000000e-01
102 101 -3.714000000000e-01
104 101 -3.139000000000e-01
106 101 -1.000000000000e+00
108 101 -2.766000000000e-01
110 101 4.951000000000e-01
111 101 -1.000000000000e+00
130 101 2.724000000000e-01
132 101 3.621000000000e-01
137 101 1.724000000000e-01
139 101 3.621000000000e-01
144 101 2.724000000000e-01
146 101 3.621000000000e-01
151 101 1.724000000000e-01
153 101 3.621000000000e-01
93 102 1.289000000000e-01
96 102 -1.000000000000e+00
98 102 1.389000000000e-01
101 102 -1.000000000000e+00
103 102 3.139000000000e-01
107 102 -1.000000000000e+00
109 102 -4.951000000000e-01
112 102 -4.067558087327e-01
130 102 2.124800000000e-01
131 102 -3.621000000000e-01
137 102 2.500000000000e-01
138 102 -3.621000000000e-01
144 102 -2.124800000000e-01
145 102 -3.621000000000e-01
151 102 -2.500000000000e-01
152 102 -3.621000000000e-01
102 103 1.000000000000e+00
103 104 1.000000000000e+00
104 105 1.000000000000e+00
103 106 2.962000000000e-01
105 106 1.000000000000e+00
102 107 -2.962000000000e-01
104 107 5.100000000000e-02
106 107 1.000000000000e+00
103 108 -5.100000000000e-02
107 108 1.000000000000e+00
108 109 1.000000000000e+00
158 109 -8.944271909999e-01
109 110 1.000000000000e+00
159 110 -1.000000000000e+00
110 111 1.000000000000e+00
158 111 -4.472135955000e-01
109 112 2.100000000000e-02
112 112 9.135369243015e-01
160 112 4.472135955000e-01
108 113 -2.100000000000e-02
110 113 -9.000000000000e-03
111 113 1.000000000000e+00
109 114 9.000000000000e-03
112 114 4.067558087327e-01
160 114 -8.944271909999e-01
113 115 1.000000000000e+00
165 115 -1.000000000000e+00
114 116 1.000000000000e+00
166 116 -1.000000000000e+00
115 117 1.000000000000e+00
167 117 -1.000000000000e+00
114 118 4.200000000000e-02
116 118 -1.000000000000e+00
166 118 2.264803084806e-01
168 118 -1.000000000000e+00
113 119 -4.200000000000e-02
115 119 -4.500000000000e-02
165 119 -2.264803084806e-01
167 119 -8.885934393294e-02
169 119 -1.000000000000e+00
114 120 4.500000000000e-02
117 120 1.000000000000e+00
166 120 8.885934393294e-02
170 120 -1.000000000000e+00
86 121 7.065293157494e-01
87 121 1.000000000000e+00
92 121 1.000000000000e+00
88 122 1.000000000000e+00
93 122 1.000000000000e+00
86 123 -7.076837754157e-01
89 123 1.000000000000e+00
94 123 1.000000000000e+00
88 124 1.430000000000e-02
90 124 -1.000000000000e+00
93 124 -4.950000000000e-02
95 124 -1.000000000000e+00
86 125 9.890556120339e-02
87 125 -1.430000000000e-02
89 125 1.960000000000e-01
92 125 4.950000000000e-02
94 125 -3.530000000000e-01
88 126 -1.960000000000e-01
91 126 1.000000000000e+00
93 126 3.530000000000e-01
96 126 1.000000000000e+00
86 127 -7.065293157494e-01
97 127 1.000000000000e+00
98 128 1.000000000000e+00
86 129 7.076837754157e-01
99 129 1.000000000000e+00
98 130 -1.506666666667e-02
100 130 -1.000000000000e+00
86 131 1.311562385840e-02
97 131 1.506666666667e-02
99 131 -4.636666666667e-02
98 132 4.636666666667e-02
101 132 1.000000000000e+00
113 133 -1.000000000000e+00
114 134 -1.000000000000e+00
115 135 -1.000000000000e+00
116 136 1.000000000000e+00
117 138 -1.000000000000e+00
87 139 -1.000000000000e+00
88 140 -1.000000000000e+00
89 141 -1.000000000000e+00
90 142 1.000000000000e+00
91 144 -1.000000000000e+00
118 145 -1.000000000000e+00
124 145 -1.000000000000e+00
161 145 1.000000000000e+00
165 145 1.000000000000e+00
119 146 -1.000000000000e+00
125 146 -1.000000000000e+00
162 146 1.000000000000e+00
166 146 1.000000000000e+00
120 147 -1.000000000000e+00
126 147 -1.000000000000e+00
163 147 1.000000000000e+00
167 147 1.000000000000e+00
120 148 -1.000000000000e-01
121 148 -1.000000000000e+00
126 148 1.000000000000e-01
127 148 -1.000000000000e+00
164 148 -4.472135955000e-01
168 148 1.000000000000e+00
122 149 -1.000000000000e+00
128 149 -1.000000000000e+00
169 149 1.000000000000e+00
118 150 1.000000000000e-01
123 150 -1.000000000000e+00
124 150 -1.000000000000e-01
129 150 -1.000000000000e+00
164 150 8.944271909999e-01
170 150 1.000000000000e+00
118 151 1.000000000000e+00
134 151 -1.000000000000e+00
141 151 -1.000000000000e+00
119 152 1.000000000000e+00
135 152 -1.000000000000e+00
142 152 -1.000000000000e+00
120 153 1.000000000000e+00
136 153 -1.000000000000e+00
143 153 -1.000000000000e+00
119 154 -2.684803084806e-01
121 154 1.000000000000e+00
135 154 -8.200000000000e-02
142 154 1.800000000000e-02
118 155 2.684803084806e-01
120 155 1.338593439329e-01
122 155 1.000000000000e+00
134 155 8.200000000000e-02
136 155 -1.700000000000e-01
141 155 -1.800000000000e-02
143 155 -1.700000000000e-01
119 156 -1.338593439329e-01
123 156 1.000000000000e+00
135 156 1.700000000000e-01
142 156 1.700000000000e-01
124 157 1.000000000000e+00
148 157 -1.000000000000e+00
155 157 -1.000000000000e+00
125 158 1.000000000000e+00
149 158 -1.000000000000e+00
156 158 -1.000000000000e+00
126 159 1.000000000000e+00
150 159 -1.000000000000e+00
157 159 -1.000000000000e+00
125 160 -2.684803084806e-01
127 160 1.000000000000e+00
149 160 -8.200000000000e-02
156 160 1.800000000000e-02
124 161 2.684803084806e-01
126 161 1.338593439329e-01
128 161 1.000000000000e+00
148 161 8.200000000000e-02
150 161 -1.700000000000e-01
155 161 -1.800000000000e-02
157 161 -1.700000000000e-01
125 162 -1.338593439329e-01
129 162 1.000000000000e+00
149 162 1.700000000000e-01
156 162 1.700000000000e-01
158 163 8.944271909999e-01
161 163 -1.000000000000e+00
159 164 1.000000000000e+00
162 164 -1.000000000000e+00
158 165 4.472135955000e-01
163 165 -1.000000000000e+00
159 166 -1.097598457597e-01
160 166 -4.472135955000e-01
162 166 -1.097598457597e-01
164 166 4.472135955000e-01
158 167 1.232476035282e-01
161 167 1.097598457597e-01
163 167 5.607032803353e-02
159 168 -5.607032803353e-02
160 168 8.944271909999e-01
162 168 -5.607032803353e-02
164 168 -8.944271909999e-01
130 169 1.000000000000e+00
134 169 1.000000000000e+00
131 170 1.000000000000e+00
135 170 1.000000000000e+00
132 171 1.000000000000e+00
136 171 1.000000000000e+00
132 172 5.624000000000e-02
133 172 1.000000000000e+00
136 172 -5.624000000000e-02
132 173 1.000000000000e-01
136 173 -1.000000000000e-01
130 174 -5.624000000000e-02
131 174 -1.000000000000e-01
134 174 5.624000000000e-02
135 174 1.000000000000e-01
137 175 1.000000000000e+00
141 175 1.000000000000e+00
138 176 1.000000000000e+00
142 176 1.000000000000e+00
139 177 1.000000000000e+00
143 177 1.000000000000e+00
139 178 7.500000000000e-02
140 178 1.000000000000e+00
143 178 -7.500000000000e-02
139 179 1.000000000000e-01
143 179 -1.000000000000e-01
137 180 -7.500000000000e-02
138 180 -1.000000000000e-01
141 180 7.500000000000e-02
142 180 1.000000000000e-01
144 181 1.000000000000e+00
148 181 1.000000000000e+00
145 182 1.000000000000e+00
149 182 1.000000000000e+00
146 183 1.000000000000e+00
150 183 1.000000000000e+00
146 184 -5.624000000000e-02
147 184 1.000000000000e+00
150 184 5.624000000000e-02
146 185 1.000000000000e-01
150 185 -1.000000000000e-01
144 186 5.624000000000e-02
145 186 -1.000000000000e-01
148 186 -5.624000000000e-02
149 186 1.000000000000e-01
151 187 1.000000000000e+00
155 187 1.000000000000e+00
152 188 1.000000000000e+00
156 188 1.000000000000e+00
153 189 1.000000000000e+00
157 189 1.000000000000e+00
153 190 -7.500000000000e-02
154 190 1.000000000000e+00
157 190 7.500000000000e-02
153 191 1.000000000000e-01
157 191 -1.000000000000e-01
151 192 7.500000000000e-02
152 192 -1.000000000000e-01
155 192 -7.500000000000e-02
156 192 1.000000000000e-01
