%%% Speed, Mode, Body, Rotation centre, Axis of rotation
0.00000000e+00  1  f-axle 8.42970000e-01 + 1.13463000e+00i, -0.00000000e+00 + 0.00000000e+00i, 2.73980000e-01 + 0.00000000e+00i, 0.00000000e+00 + 0.00000000e+00i, 7.11800000e-02 + -9.97460000e-01i, 0.00000000e+00 + 0.00000000e+00i, 
0.00000000e+00  1  lf-axle 8.42970000e-01 + 1.13463000e+00i, 5.50000000e-01 + 0.00000000e+00i, 2.73980000e-01 + 0.00000000e+00i, 0.00000000e+00 + 0.00000000e+00i, 7.11800000e-02 + -9.97460000e-01i, -0.00000000e+00 + 0.00000000e+00i, 
0.00000000e+00  1  rf-axle 8.42970000e-01 + 1.13463000e+00i, -5.50000000e-01 + 0.00000000e+00i, 2.73980000e-01 + 0.00000000e+00i, 0.00000000e+00 + 0.00000000e+00i, 7.11800000e-02 + -9.97460000e-01i, -0.00000000e+00 + 0.00000000e+00i, 
0.00000000e+00  1  r-axle-t -1.62078900e+01 + 4.70015600e+01i, -1.00000000e-05 + 0.00000000e+00i, 2.73980000e-01 + 0.00000000e+00i, 0.00000000e+00 + 0.00000000e+00i, -3.12200000e-01 + -9.50020000e-01i, 0.00000000e+00 + 0.00000000e+00i, 
0.00000000e+00  1  r-axle-b -1.62078900e+01 + 4.70015600e+01i, -1.00000000e-05 + 0.00000000e+00i, 2.73980000e-01 + 0.00000000e+00i, 0.00000000e+00 + 0.00000000e+00i, -3.12200000e-01 + -9.50020000e-01i, 0.00000000e+00 + 0.00000000e+00i, 
0.00000000e+00  1  lr-axle -1.62078900e+01 + 4.70015600e+01i, 5.49990000e-01 + 0.00000000e+00i, 2.73980000e-01 + 0.00000000e+00i, 0.00000000e+00 + 0.00000000e+00i, -3.12200000e-01 + -9.50020000e-01i, 0.00000000e+00 + 0.00000000e+00i, 
0.00000000e+00  1  rr-axle -1.62078900e+01 + 4.70015600e+01i, -5.50010000e-01 + 0.00000000e+00i, 2.73980000e-01 + 0.00000000e+00i, 0.00000000e+00 + 0.00000000e+00i, -3.12200000e-01 + -9.50020000e-01i, 0.00000000e+00 + 0.00000000e+00i, 
0.00000000e+00  1  chassis 5.50330000e-01 + -9.80000000e-03i, -0.00000000e+00 + 0.00000000e+00i, 2.73980000e-01 + 0.00000000e+00i, 0.00000000e+00 + 0.00000000e+00i, 1.00000000e+00 + 0.00000000e+00i, -0.00000000e+00 + 0.00000000e+00i, 
0.00000000e+00  1  lf-wheel 3.54130000e-01 + -5.71514000e+00i, 6.00000000e-01 + 0.00000000e+00i, 0.00000000e+00 + 0.00000000e+00i, 0.00000000e+00 + 0.00000000e+00i, -7.11800000e-02 + 9.97460000e-01i, -0.00000000e+00 + 0.00000000e+00i, 
0.00000000e+00  1  rf-wheel 3.54140000e-01 + -5.71514000e+00i, -6.00000000e-01 + 0.00000000e+00i, 0.00000000e+00 + 0.00000000e+00i, 0.00000000e+00 + 0.00000000e+00i, -7.11800000e-02 + 9.97460000e-01i, -0.00000000e+00 + 0.00000000e+00i, 
0.00000000e+00  1  lr-wheel 7.70393200e+01 + -2.36748100e+02i, 5.99840000e-01 + -2.00000000e-05i, 0.00000000e+00 + 0.00000000e+00i, 0.00000000e+00 + 0.00000000e+00i, 3.12200000e-01 + 9.50020000e-01i, 0.00000000e+00 + 0.00000000e+00i, 
0.00000000e+00  1  rr-wheel 7.70393700e+01 + -2.36748080e+02i, -6.00160000e-01 + -2.00000000e-05i, 0.00000000e+00 + 0.00000000e+00i, 0.00000000e+00 + 0.00000000e+00i, 3.12200000e-01 + 9.50020000e-01i, 0.00000000e+00 + 0.00000000e+00i, 
0.00000000e+00  1  left-rear-bellcrank -6.61960000e-01 + 0.00000000e+00i, 2.02270000e-01 + 6.22000000e-03i, 2.00000000e-01 + 0.00000000e+00i, 9.99990000e-01 + 0.00000000e+00i, -1.83000000e-03 + -5.15000000e-03i, 0.00000000e+00 + 0.00000000e+00i, 
0.00000000e+00  1  right-rear-bellcrank -6.61960000e-01 + 0.00000000e+00i, -2.02270000e-01 + -6.22000000e-03i, 2.00000000e-01 + 0.00000000e+00i, 9.99990000e-01 + 0.00000000e+00i, 1.83000000e-03 + 5.15000000e-03i, -0.00000000e+00 + 0.00000000e+00i, 
0.00000000e+00  1  centre-rear-bellcrank -5.59880000e-01 + 5.68000000e-03i, -0.00000000e+00 + 0.00000000e+00i, 1.00320000e-01 + 8.90000000e-04i, 0.00000000e+00 + 0.00000000e+00i, 1.00000000e+00 + 0.00000000e+00i, -0.00000000e+00 + 0.00000000e+00i, 

0.00000000e+00  2  f-axle 8.42970000e-01 + -1.13463000e+00i, -0.00000000e+00 + 0.00000000e+00i, 2.73980000e-01 + 0.00000000e+00i, 0.00000000e+00 + 0.00000000e+00i, 7.11800000e-02 + 9.97460000e-01i, 0.00000000e+00 + 0.00000000e+00i, 
0.00000000e+00  2  lf-axle 8.42970000e-01 + -1.13463000e+00i, 5.50000000e-01 + 0.00000000e+00i, 2.73980000e-01 + 0.00000000e+00i, 0.00000000e+00 + 0.00000000e+00i, 7.11800000e-02 + 9.97460000e-01i, -0.00000000e+00 + 0.00000000e+00i, 
0.00000000e+00  2  rf-axle 8.42970000e-01 + -1.13463000e+00i, -5.50000000e-01 + 0.00000000e+00i, 2.73980000e-01 + 0.00000000e+00i, 0.00000000e+00 + 0.00000000e+00i, 7.11800000e-02 + 9.97460000e-01i, -0.00000000e+00 + 0.00000000e+00i, 
0.00000000e+00  2  r-axle-t -1.62078900e+01 + -4.70015600e+01i, -1.00000000e-05 + 0.00000000e+00i, 2.73980000e-01 + 0.00000000e+00i, 0.00000000e+00 + 0.00000000e+00i, -3.12200000e-01 + 9.50020000e-01i, 0.00000000e+00 + 0.00000000e+00i, 
0.00000000e+00  2  r-axle-b -1.62078900e+01 + -4.70015600e+01i, -1.00000000e-05 + 0.00000000e+00i, 2.73980000e-01 + 0.00000000e+00i, 0.00000000e+00 + 0.00000000e+00i, -3.12200000e-01 + 9.50020000e-01i, 0.00000000e+00 + 0.00000000e+00i, 
0.00000000e+00  2  lr-axle -1.62078900e+01 + -4.70015600e+01i, 5.49990000e-01 + 0.00000000e+00i, 2.73980000e-01 + 0.00000000e+00i, 0.00000000e+00 + 0.00000000e+00i, -3.12200000e-01 + 9.50020000e-01i, 0.00000000e+00 + 0.00000000e+00i, 
0.00000000e+00  2  rr-axle -1.62078900e+01 + -4.70015600e+01i, -5.50010000e-01 + 0.00000000e+00i, 2.73980000e-01 + 0.00000000e+00i, 0.00000000e+00 + 0.00000000e+00i, -3.12200000e-01 + 9.50020000e-01i, 0.00000000e+00 + 0.00000000e+00i, 
0.00000000e+00  2  chassis 5.50330000e-01 + 9.80000000e-03i, -0.00000000e+00 + 0.00000000e+00i, 2.73980000e-01 + 0.00000000e+00i, 0.00000000e+00 + 0.00000000e+00i, 1.00000000e+00 + 0.00000000e+00i, -0.00000000e+00 + 0.00000000e+00i, 
0.00000000e+00  2  lf-wheel 3.54130000e-01 + 5.71514000e+00i, 6.00000000e-01 + 0.00000000e+00i, 0.00000000e+00 + 0.00000000e+00i, 0.00000000e+00 + 0.00000000e+00i, -7.11800000e-02 + -9.97460000e-01i, -0.00000000e+00 + 0.00000000e+00i, 
0.00000000e+00  2  rf-wheel 3.54140000e-01 + 5.71514000e+00i, -6.00000000e-01 + 0.00000000e+00i, 0.00000000e+00 + 0.00000000e+00i, 0.00000000e+00 + 0.00000000e+00i, -7.11800000e-02 + -9.97460000e-01i, -0.00000000e+00 + 0.00000000e+00i, 
0.00000000e+00  2  lr-wheel 7.70393200e+01 + 2.36748100e+02i, 5.99840000e-01 + 2.00000000e-05i, 0.00000000e+00 + 0.00000000e+00i, 0.00000000e+00 + 0.00000000e+00i, 3.12200000e-01 + -9.50020000e-01i, 0.00000000e+00 + 0.00000000e+00i, 
0.00000000e+00  2  rr-wheel 7.70393700e+01 + 2.36748080e+02i, -6.00160000e-01 + 2.00000000e-05i, 0.00000000e+00 + 0.00000000e+00i, 0.00000000e+00 + 0.00000000e+00i, 3.12200000e-01 + -9.50020000e-01i, 0.00000000e+00 + 0.00000000e+00i, 
0.00000000e+00  2  left-rear-bellcrank -6.61960000e-01 + 0.00000000e+00i, 2.02270000e-01 + -6.22000000e-03i, 2.00000000e-01 + 0.00000000e+00i, 9.99990000e-01 + 0.00000000e+00i, -1.83000000e-03 + 5.15000000e-03i, 0.00000000e+00 + 0.00000000e+00i, 
0.00000000e+00  2  right-rear-bellcrank -6.61960000e-01 + 0.00000000e+00i, -2.02270000e-01 + 6.22000000e-03i, 2.00000000e-01 + 0.00000000e+00i, 9.99990000e-01 + 0.00000000e+00i, 1.83000000e-03 + -5.15000000e-03i, -0.00000000e+00 + 0.00000000e+00i, 
0.00000000e+00  2  centre-rear-bellcrank -5.59880000e-01 + -5.68000000e-03i, -0.00000000e+00 + 0.00000000e+00i, 1.00320000e-01 + -8.90000000e-04i, 0.00000000e+00 + 0.00000000e+00i, 1.00000000e+00 + 0.00000000e+00i, -0.00000000e+00 + 0.00000000e+00i, 

0.00000000e+00  3  f-axle 6.98229000e+00 + -4.73023000e+01i, 1.00000000e-05 + 0.00000000e+00i, 2.73980000e-01 + 0.00000000e+00i, -0.00000000e+00 + 0.00000000e+00i, 1.30380000e-01 + 9.91460000e-01i, 0.00000000e+00 + 0.00000000e+00i, 
0.00000000e+00  3  lf-axle 6.98229000e+00 + -4.73023000e+01i, 5.50010000e-01 + 0.00000000e+00i, 2.73980000e-01 + 0.00000000e+00i, -0.00000000e+00 + 0.00000000e+00i, 1.30380000e-01 + 9.91460000e-01i, 0.00000000e+00 + 0.00000000e+00i, 
0.00000000e+00  3  rf-axle 6.98229000e+00 + -4.73023000e+01i, -5.49990000e-01 + 0.00000000e+00i, 2.73980000e-01 + 0.00000000e+00i, -0.00000000e+00 + 0.00000000e+00i, 1.30380000e-01 + 9.91460000e-01i, 0.00000000e+00 + 0.00000000e+00i, 
0.00000000e+00  3  r-axle-t -4.77270000e-01 + 1.06027000e+00i, -0.00000000e+00 + 0.00000000e+00i, 2.73980000e-01 + 0.00000000e+00i, 0.00000000e+00 + 0.00000000e+00i, 2.59360000e-01 + -9.65780000e-01i, -0.00000000e+00 + 0.00000000e+00i, 
0.00000000e+00  3  r-axle-b -4.77270000e-01 + 1.06027000e+00i, -0.00000000e+00 + 0.00000000e+00i, 2.73980000e-01 + 0.00000000e+00i, 0.00000000e+00 + 0.00000000e+00i, 2.59360000e-01 + -9.65780000e-01i, -0.00000000e+00 + 0.00000000e+00i, 
0.00000000e+00  3  lr-axle -4.77270000e-01 + 1.06027000e+00i, 5.50000000e-01 + 0.00000000e+00i, 2.73980000e-01 + 0.00000000e+00i, 0.00000000e+00 + 0.00000000e+00i, 2.59360000e-01 + -9.65780000e-01i, -0.00000000e+00 + 0.00000000e+00i, 
0.00000000e+00  3  rr-axle -4.77270000e-01 + 1.06027000e+00i, -5.50000000e-01 + 0.00000000e+00i, 2.73980000e-01 + 0.00000000e+00i, 0.00000000e+00 + 0.00000000e+00i, 2.59360000e-01 + -9.65780000e-01i, -0.00000000e+00 + 0.00000000e+00i, 
0.00000000e+00  3  chassis -5.09100000e-01 + -8.79000000e-03i, 0.00000000e+00 + 0.00000000e+00i, 2.73980000e-01 + 0.00000000e+00i, 0.00000000e+00 + 0.00000000e+00i, 1.00000000e+00 + 0.00000000e+00i, -0.00000000e+00 + 0.00000000e+00i, 
0.00000000e+00  3  lf-wheel -3.05698300e+01 + 2.38262950e+02i, 6.00220000e-01 + 4.00000000e-05i, 0.00000000e+00 + 0.00000000e+00i, -0.00000000e+00 + 0.00000000e+00i, -1.30380000e-01 + -9.91460000e-01i, 0.00000000e+00 + 0.00000000e+00i, 
0.00000000e+00  3  rf-wheel -3.05697300e+01 + 2.38262960e+02i, -5.99780000e-01 + 4.00000000e-05i, -0.00000000e+00 + 0.00000000e+00i, -0.00000000e+00 + 0.00000000e+00i, -1.30380000e-01 + -9.91460000e-01i, 0.00000000e+00 + 0.00000000e+00i, 
0.00000000e+00  3  lr-wheel -2.19619000e+00 + -5.34061000e+00i, 6.00000000e-01 + 0.00000000e+00i, -0.00000000e+00 + 0.00000000e+00i, 0.00000000e+00 + 0.00000000e+00i, -2.59360000e-01 + 9.65780000e-01i, -0.00000000e+00 + 0.00000000e+00i, 
0.00000000e+00  3  rr-wheel -2.19619000e+00 + -5.34061000e+00i, -6.00000000e-01 + 0.00000000e+00i, -0.00000000e+00 + 0.00000000e+00i, 0.00000000e+00 + 0.00000000e+00i, -2.59360000e-01 + 9.65780000e-01i, -0.00000000e+00 + 0.00000000e+00i, 
0.00000000e+00  3  left-rear-bellcrank -6.52670000e-01 + -5.40000000e-04i, 2.01010000e-01 + 3.66400000e-02i, 2.04510000e-01 + 0.00000000e+00i, 9.69010000e-01 + 0.00000000e+00i, 7.35000000e-03 + -2.46910000e-01i, -0.00000000e+00 + 0.00000000e+00i, 
0.00000000e+00  3  right-rear-bellcrank -6.52670000e-01 + -5.40000000e-04i, -2.01010000e-01 + -3.66400000e-02i, 2.04510000e-01 + 0.00000000e+00i, 9.69010000e-01 + 0.00000000e+00i, -7.35000000e-03 + 2.46910000e-01i, 0.00000000e+00 + 0.00000000e+00i, 
0.00000000e+00  3  centre-rear-bellcrank -5.56970000e-01 + 1.23600000e-02i, -0.00000000e+00 + 0.00000000e+00i, 1.09510000e-01 + 4.22300000e-02i, 0.00000000e+00 + 0.00000000e+00i, 1.00000000e+00 + 0.00000000e+00i, 0.00000000e+00 + 0.00000000e+00i, 

0.00000000e+00  4  f-axle 6.98229000e+00 + 4.73023000e+01i, 1.00000000e-05 + 0.00000000e+00i, 2.73980000e-01 + 0.00000000e+00i, -0.00000000e+00 + 0.00000000e+00i, 1.30380000e-01 + -9.91460000e-01i, 0.00000000e+00 + 0.00000000e+00i, 
0.00000000e+00  4  lf-axle 6.98229000e+00 + 4.73023000e+01i, 5.50010000e-01 + 0.00000000e+00i, 2.73980000e-01 + 0.00000000e+00i, -0.00000000e+00 + 0.00000000e+00i, 1.30380000e-01 + -9.91460000e-01i, 0.00000000e+00 + 0.00000000e+00i, 
0.00000000e+00  4  rf-axle 6.98229000e+00 + 4.73023000e+01i, -5.49990000e-01 + 0.00000000e+00i, 2.73980000e-01 + 0.00000000e+00i, -0.00000000e+00 + 0.00000000e+00i, 1.30380000e-01 + -9.91460000e-01i, 0.00000000e+00 + 0.00000000e+00i, 
0.00000000e+00  4  r-axle-t -4.77270000e-01 + -1.06027000e+00i, -0.00000000e+00 + 0.00000000e+00i, 2.73980000e-01 + 0.00000000e+00i, 0.00000000e+00 + 0.00000000e+00i, 2.59360000e-01 + 9.65780000e-01i, -0.00000000e+00 + 0.00000000e+00i, 
0.00000000e+00  4  r-axle-b -4.77270000e-01 + -1.06027000e+00i, -0.00000000e+00 + 0.00000000e+00i, 2.73980000e-01 + 0.00000000e+00i, 0.00000000e+00 + 0.00000000e+00i, 2.59360000e-01 + 9.65780000e-01i, -0.00000000e+00 + 0.00000000e+00i, 
0.00000000e+00  4  lr-axle -4.77270000e-01 + -1.06027000e+00i, 5.50000000e-01 + 0.00000000e+00i, 2.73980000e-01 + 0.00000000e+00i, 0.00000000e+00 + 0.00000000e+00i, 2.59360000e-01 + 9.65780000e-01i, -0.00000000e+00 + 0.00000000e+00i, 
0.00000000e+00  4  rr-axle -4.77270000e-01 + -1.06027000e+00i, -5.50000000e-01 + 0.00000000e+00i, 2.73980000e-01 + 0.00000000e+00i, 0.00000000e+00 + 0.00000000e+00i, 2.59360000e-01 + 9.65780000e-01i, -0.00000000e+00 + 0.00000000e+00i, 
0.00000000e+00  4  chassis -5.09100000e-01 + 8.79000000e-03i, 0.00000000e+00 + 0.00000000e+00i, 2.73980000e-01 + 0.00000000e+00i, 0.00000000e+00 + 0.00000000e+00i, 1.00000000e+00 + 0.00000000e+00i, -0.00000000e+00 + 0.00000000e+00i, 
0.00000000e+00  4  lf-wheel -3.05698300e+01 + -2.38262950e+02i, 6.00220000e-01 + -4.00000000e-05i, 0.00000000e+00 + 0.00000000e+00i, -0.00000000e+00 + 0.00000000e+00i, -1.30380000e-01 + 9.91460000e-01i, 0.00000000e+00 + 0.00000000e+00i, 
0.00000000e+00  4  rf-wheel -3.05697300e+01 + -2.38262960e+02i, -5.99780000e-01 + -4.00000000e-05i, -0.00000000e+00 + 0.00000000e+00i, -0.00000000e+00 + 0.00000000e+00i, -1.30380000e-01 + 9.91460000e-01i, 0.00000000e+00 + 0.00000000e+00i, 
0.00000000e+00  4  lr-wheel -2.19619000e+00 + 5.34061000e+00i, 6.00000000e-01 + 0.00000000e+00i, -0.00000000e+00 + 0.00000000e+00i, 0.00000000e+00 + 0.00000000e+00i, -2.59360000e-01 + -9.65780000e-01i, -0.00000000e+00 + 0.00000000e+00i, 
0.00000000e+00  4  rr-wheel -2.19619000e+00 + 5.34061000e+00i, -6.00000000e-01 + 0.00000000e+00i, -0.00000000e+00 + 0.00000000e+00i, 0.00000000e+00 + 0.00000000e+00i, -2.59360000e-01 + -9.65780000e-01i, -0.00000000e+00 + 0.00000000e+00i, 
0.00000000e+00  4  left-rear-bellcrank -6.52670000e-01 + 5.40000000e-04i, 2.01010000e-01 + -3.66400000e-02i, 2.04510000e-01 + 0.00000000e+00i, 9.69010000e-01 + 0.00000000e+00i, 7.35000000e-03 + 2.46910000e-01i, -0.00000000e+00 + 0.00000000e+00i, 
0.00000000e+00  4  right-rear-bellcrank -6.52670000e-01 + 5.40000000e-04i, -2.01010000e-01 + 3.66400000e-02i, 2.04510000e-01 + 0.00000000e+00i, 9.69010000e-01 + 0.00000000e+00i, -7.35000000e-03 + -2.46910000e-01i, 0.00000000e+00 + 0.00000000e+00i, 
0.00000000e+00  4  centre-rear-bellcrank -5.56970000e-01 + -1.23600000e-02i, -0.00000000e+00 + 0.00000000e+00i, 1.09510000e-01 + -4.22300000e-02i, 0.00000000e+00 + 0.00000000e+00i, 1.00000000e+00 + 0.00000000e+00i, 0.00000000e+00 + 0.00000000e+00i, 

0.00000000e+00  5  f-axle 7.45220000e-01 + 6.00000000e-05i, -0.00000000e+00 + 0.00000000e+00i, -1.51400000e-02 + 0.00000000e+00i, 9.89540000e-01 + 0.00000000e+00i, -0.00000000e+00 + 0.00000000e+00i, -1.44240000e-01 + -4.90000000e-04i, 
0.00000000e+00  5  lf-axle 6.94580000e-01 + 9.00000000e-05i, 1.26010000e-01 + -7.00000000e-05i, 4.86400000e-02 + -1.00000000e-05i, 8.77110000e-01 + 0.00000000e+00i, 6.26500000e-02 + 2.00000000e-05i, -4.76190000e-01 + -5.00000000e-04i, 
0.00000000e+00  5  rf-axle 6.94580000e-01 + 9.00000000e-05i, -1.26010000e-01 + 7.00000000e-05i, 4.86400000e-02 + -1.00000000e-05i, 8.77110000e-01 + 0.00000000e+00i, -6.26500000e-02 + -2.00000000e-05i, -4.76190000e-01 + -5.00000000e-04i, 
0.00000000e+00  5  r-axle-t -7.09850000e-01 + 2.00000000e-04i, 0.00000000e+00 + 0.00000000e+00i, -1.48500000e-02 + 1.00000000e-05i, 9.88670000e-01 + 0.00000000e+00i, 0.00000000e+00 + 0.00000000e+00i, 1.50110000e-01 + -5.80000000e-04i, 
0.00000000e+00  5  r-axle-b -7.41590000e-01 + 8.00000000e-05i, 0.00000000e+00 + 0.00000000e+00i, -5.81000000e-03 + 0.00000000e+00i, 9.88670000e-01 + 0.00000000e+00i, 0.00000000e+00 + 0.00000000e+00i, 1.50110000e-01 + -5.80000000e-04i, 
0.00000000e+00  5  lr-axle -7.30180000e-01 + 1.20000000e-04i, 3.49300000e-02 + -1.00000000e-05i, 4.52000000e-03 + 0.00000000e+00i, 9.90070000e-01 + 0.00000000e+00i, 0.00000000e+00 + 0.00000000e+00i, 1.40580000e-01 + -5.40000000e-04i, 
0.00000000e+00  5  rr-axle -7.30180000e-01 + 1.20000000e-04i, -3.49300000e-02 + 1.00000000e-05i, 4.52000000e-03 + 0.00000000e+00i, 9.90070000e-01 + 0.00000000e+00i, 0.00000000e+00 + 0.00000000e+00i, 1.40580000e-01 + -5.40000000e-04i, 
0.00000000e+00  5  chassis -4.63800000e-02 + 3.13000000e-03i, -0.00000000e+00 + 0.00000000e+00i, 2.99600000e-01 + -7.00000000e-05i, -8.52000000e-03 + 1.98000000e-03i, 0.00000000e+00 + 0.00000000e+00i, 9.99960000e-01 + 0.00000000e+00i, 
0.00000000e+00  5  lf-wheel 8.45810000e-01 + -3.80000000e-04i, 1.87290000e-01 + -6.00000000e-05i, 4.51500000e-02 + 0.00000000e+00i, 8.18620000e-01 + 0.00000000e+00i, 3.63790000e-01 + 1.01000000e-03i, -4.44440000e-01 + -4.70000000e-04i, 
0.00000000e+00  5  rf-wheel 8.45810000e-01 + -3.80000000e-04i, -1.87290000e-01 + 6.00000000e-05i, 4.51500000e-02 + 0.00000000e+00i, 8.18620000e-01 + 0.00000000e+00i, -3.63790000e-01 + -1.01000000e-03i, -4.44440000e-01 + -4.70000000e-04i, 
0.00000000e+00  5  lr-wheel -9.15460000e-01 + -5.90000000e-04i, 1.02650000e-01 + -1.00000000e-05i, 3.98000000e-03 + 0.00000000e+00i, 9.28860000e-01 + 0.00000000e+00i, -3.46160000e-01 + 1.32000000e-03i, 1.31890000e-01 + -5.00000000e-04i, 
0.00000000e+00  5  rr-wheel -9.15460000e-01 + -5.90000000e-04i, -1.02650000e-01 + 1.00000000e-05i, 3.98000000e-03 + 0.00000000e+00i, 9.28860000e-01 + 0.00000000e+00i, 3.46160000e-01 + -1.32000000e-03i, 1.31890000e-01 + -5.00000000e-04i, 
0.00000000e+00  5  left-rear-bellcrank -4.55800000e-02 + 2.93000000e-03i, 0.00000000e+00 + 0.00000000e+00i, 2.05240000e-01 + 1.25000000e-03i, -8.52000000e-03 + 1.98000000e-03i, 0.00000000e+00 + 0.00000000e+00i, 9.99960000e-01 + 0.00000000e+00i, 
0.00000000e+00  5  right-rear-bellcrank -4.55800000e-02 + 2.93000000e-03i, 0.00000000e+00 + 0.00000000e+00i, 2.05240000e-01 + 1.25000000e-03i, -8.52000000e-03 + 1.98000000e-03i, 0.00000000e+00 + 0.00000000e+00i, 9.99960000e-01 + 0.00000000e+00i, 
0.00000000e+00  5  centre-rear-bellcrank -4.47200000e-02 + 2.73000000e-03i, -0.00000000e+00 + 0.00000000e+00i, 1.04400000e-01 + 1.05000000e-03i, -8.52000000e-03 + 1.98000000e-03i, 0.00000000e+00 + 0.00000000e+00i, 9.99960000e-01 + 0.00000000e+00i, 

0.00000000e+00  6  f-axle 7.45220000e-01 + -6.00000000e-05i, -0.00000000e+00 + 0.00000000e+00i, -1.51400000e-02 + 0.00000000e+00i, 9.89540000e-01 + 0.00000000e+00i, -0.00000000e+00 + 0.00000000e+00i, -1.44240000e-01 + 4.90000000e-04i, 
0.00000000e+00  6  lf-axle 6.94580000e-01 + -9.00000000e-05i, 1.26010000e-01 + 7.00000000e-05i, 4.86400000e-02 + 1.00000000e-05i, 8.77110000e-01 + 0.00000000e+00i, 6.26500000e-02 + -2.00000000e-05i, -4.76190000e-01 + 5.00000000e-04i, 
0.00000000e+00  6  rf-axle 6.94580000e-01 + -9.00000000e-05i, -1.26010000e-01 + -7.00000000e-05i, 4.86400000e-02 + 1.00000000e-05i, 8.77110000e-01 + 0.00000000e+00i, -6.26500000e-02 + 2.00000000e-05i, -4.76190000e-01 + 5.00000000e-04i, 
0.00000000e+00  6  r-axle-t -7.09850000e-01 + -2.00000000e-04i, 0.00000000e+00 + 0.00000000e+00i, -1.48500000e-02 + -1.00000000e-05i, 9.88670000e-01 + 0.00000000e+00i, 0.00000000e+00 + 0.00000000e+00i, 1.50110000e-01 + 5.80000000e-04i, 
0.00000000e+00  6  r-axle-b -7.41590000e-01 + -8.00000000e-05i, 0.00000000e+00 + 0.00000000e+00i, -5.81000000e-03 + 0.00000000e+00i, 9.88670000e-01 + 0.00000000e+00i, 0.00000000e+00 + 0.00000000e+00i, 1.50110000e-01 + 5.80000000e-04i, 
0.00000000e+00  6  lr-axle -7.30180000e-01 + -1.20000000e-04i, 3.49300000e-02 + 1.00000000e-05i, 4.52000000e-03 + 0.00000000e+00i, 9.90070000e-01 + 0.00000000e+00i, 0.00000000e+00 + 0.00000000e+00i, 1.40580000e-01 + 5.40000000e-04i, 
0.00000000e+00  6  rr-axle -7.30180000e-01 + -1.20000000e-04i, -3.49300000e-02 + -1.00000000e-05i, 4.52000000e-03 + 0.00000000e+00i, 9.90070000e-01 + 0.00000000e+00i, 0.00000000e+00 + 0.00000000e+00i, 1.40580000e-01 + 5.40000000e-04i, 
0.00000000e+00  6  chassis -4.63800000e-02 + -3.13000000e-03i, -0.00000000e+00 + 0.00000000e+00i, 2.99600000e-01 + 7.00000000e-05i, -8.52000000e-03 + -1.98000000e-03i, 0.00000000e+00 + 0.00000000e+00i, 9.99960000e-01 + 0.00000000e+00i, 
0.00000000e+00  6  lf-wheel 8.45810000e-01 + 3.80000000e-04i, 1.87290000e-01 + 6.00000000e-05i, 4.51500000e-02 + 0.00000000e+00i, 8.18620000e-01 + 0.00000000e+00i, 3.63790000e-01 + -1.01000000e-03i, -4.44440000e-01 + 4.70000000e-04i, 
0.00000000e+00  6  rf-wheel 8.45810000e-01 + 3.80000000e-04i, -1.87290000e-01 + -6.00000000e-05i, 4.51500000e-02 + 0.00000000e+00i, 8.18620000e-01 + 0.00000000e+00i, -3.63790000e-01 + 1.01000000e-03i, -4.44440000e-01 + 4.70000000e-04i, 
0.00000000e+00  6  lr-wheel -9.15460000e-01 + 5.90000000e-04i, 1.02650000e-01 + 1.00000000e-05i, 3.98000000e-03 + 0.00000000e+00i, 9.28860000e-01 + 0.00000000e+00i, -3.46160000e-01 + -1.32000000e-03i, 1.31890000e-01 + 5.00000000e-04i, 
0.00000000e+00  6  rr-wheel -9.15460000e-01 + 5.90000000e-04i, -1.02650000e-01 + -1.00000000e-05i, 3.98000000e-03 + 0.00000000e+00i, 9.28860000e-01 + 0.00000000e+00i, 3.46160000e-01 + 1.32000000e-03i, 1.31890000e-01 + 5.00000000e-04i, 
0.00000000e+00  6  left-rear-bellcrank -4.55800000e-02 + -2.93000000e-03i, 0.00000000e+00 + 0.00000000e+00i, 2.05240000e-01 + -1.25000000e-03i, -8.52000000e-03 + -1.98000000e-03i, 0.00000000e+00 + 0.00000000e+00i, 9.99960000e-01 + 0.00000000e+00i, 
0.00000000e+00  6  right-rear-bellcrank -4.55800000e-02 + -2.93000000e-03i, 0.00000000e+00 + 0.00000000e+00i, 2.05240000e-01 + -1.25000000e-03i, -8.52000000e-03 + -1.98000000e-03i, 0.00000000e+00 + 0.00000000e+00i, 9.99960000e-01 + 0.00000000e+00i, 
0.00000000e+00  6  centre-rear-bellcrank -4.47200000e-02 + -2.73000000e-03i, -0.00000000e+00 + 0.00000000e+00i, 1.04400000e-01 + -1.05000000e-03i, -8.52000000e-03 + -1.98000000e-03i, 0.00000000e+00 + 0.00000000e+00i, 9.99960000e-01 + 0.00000000e+00i, 

0.00000000e+00  7  f-axle 7.61710000e-01 + 8.00000000e-05i, -0.00000000e+00 + 0.00000000e+00i, -1.94900000e-02 + -5.70000000e-04i, 1.00000000e+00 + 0.00000000e+00i, -0.00000000e+00 + 0.00000000e+00i, -2.41000000e-03 + -6.80000000e-04i, 
0.00000000e+00  7  lf-axle 7.09750000e-01 + 1.43000000e-03i, 1.30510000e-01 + 8.40000000e-04i, 3.95000000e-02 + -2.00000000e-05i, 9.09320000e-01 + 0.00000000e+00i, 7.14600000e-02 + 1.91000000e-03i, -4.09760000e-01 + -1.14900000e-02i, 
0.00000000e+00  7  rf-axle 7.09750000e-01 + 1.43000000e-03i, -1.30510000e-01 + -8.40000000e-04i, 3.95000000e-02 + -2.00000000e-05i, 9.09320000e-01 + 0.00000000e+00i, -7.14600000e-02 + -1.91000000e-03i, -4.09760000e-01 + -1.14900000e-02i, 
0.00000000e+00  7  r-axle-t -7.62810000e-01 + 2.30000000e-04i, 0.00000000e+00 + 0.00000000e+00i, -2.50400000e-02 + -7.10000000e-04i, 1.00000000e+00 + 0.00000000e+00i, -0.00000000e+00 + 0.00000000e+00i, -2.28000000e-03 + -6.60000000e-04i, 
0.00000000e+00  7  r-axle-b -7.62320000e-01 + 9.00000000e-05i, 0.00000000e+00 + 0.00000000e+00i, -9.80000000e-03 + -2.80000000e-04i, 1.00000000e+00 + 0.00000000e+00i, -0.00000000e+00 + 0.00000000e+00i, -2.28000000e-03 + -6.60000000e-04i, 
0.00000000e+00  7  lr-axle -7.62480000e-01 + 1.40000000e-04i, 3.89600000e-02 + 1.02000000e-03i, 0.00000000e+00 + 0.00000000e+00i, 1.00000000e+00 + 0.00000000e+00i, -0.00000000e+00 + 0.00000000e+00i, -2.12000000e-03 + -6.10000000e-04i, 
0.00000000e+00  7  rr-axle -7.62480000e-01 + 1.40000000e-04i, -3.89600000e-02 + -1.02000000e-03i, 0.00000000e+00 + 0.00000000e+00i, 1.00000000e+00 + 0.00000000e+00i, -0.00000000e+00 + 0.00000000e+00i, -2.12000000e-03 + -6.10000000e-04i, 
0.00000000e+00  7  chassis -1.80900000e-02 + 6.45000000e-03i, 0.00000000e+00 + 0.00000000e+00i, 1.10580000e+00 + -3.01250000e-01i, 9.99750000e-01 + 0.00000000e+00i, 0.00000000e+00 + 0.00000000e+00i, 2.23100000e-02 + -3.40000000e-04i, 
0.00000000e+00  7  lf-wheel 7.24790000e-01 + 3.20000000e-04i, 1.32560000e-01 + 8.40000000e-04i, 3.82700000e-02 + 0.00000000e+00i, 9.07580000e-01 + 0.00000000e+00i, 9.43000000e-02 + 3.87000000e-03i, -4.08980000e-01 + -1.14700000e-02i, 
0.00000000e+00  7  rf-wheel 7.24790000e-01 + 3.20000000e-04i, -1.32560000e-01 + -8.40000000e-04i, 3.82700000e-02 + 0.00000000e+00i, 9.07580000e-01 + 0.00000000e+00i, -9.43000000e-02 + -3.87000000e-03i, -4.08980000e-01 + -1.14700000e-02i, 
0.00000000e+00  7  lr-wheel -7.59370000e-01 + -7.70000000e-04i, 3.89700000e-02 + 1.02000000e-03i, 0.00000000e+00 + 0.00000000e+00i, 9.99980000e-01 + 0.00000000e+00i, 5.55000000e-03 + 1.60000000e-03i, -2.12000000e-03 + -6.10000000e-04i, 
0.00000000e+00  7  rr-wheel -7.59370000e-01 + -7.70000000e-04i, -3.89700000e-02 + -1.02000000e-03i, 0.00000000e+00 + 0.00000000e+00i, 9.99980000e-01 + 0.00000000e+00i, -5.55000000e-03 + -1.60000000e-03i, -2.12000000e-03 + -6.10000000e-04i, 
0.00000000e+00  7  left-rear-bellcrank -6.81990000e-01 + 6.42000000e-03i, 0.00000000e+00 + 0.00000000e+00i, 1.09098000e+00 + -3.01030000e-01i, 9.99750000e-01 + 0.00000000e+00i, 0.00000000e+00 + 0.00000000e+00i, 2.23100000e-02 + -3.40000000e-04i, 
0.00000000e+00  7  right-rear-bellcrank -6.81990000e-01 + 6.42000000e-03i, 0.00000000e+00 + 0.00000000e+00i, 1.09098000e+00 + -3.01030000e-01i, 9.99750000e-01 + 0.00000000e+00i, 0.00000000e+00 + 0.00000000e+00i, 2.23100000e-02 + -3.40000000e-04i, 
0.00000000e+00  7  centre-rear-bellcrank -5.84270000e-01 + 6.39000000e-03i, -0.00000000e+00 + 0.00000000e+00i, 1.09316000e+00 + -3.01060000e-01i, 9.56760000e-01 + 2.90030000e-01i, -0.00000000e+00 + 0.00000000e+00i, 2.14500000e-02 + 6.15000000e-03i, 

0.00000000e+00  8  f-axle 7.61710000e-01 + -8.00000000e-05i, -0.00000000e+00 + 0.00000000e+00i, -1.94900000e-02 + 5.70000000e-04i, 1.00000000e+00 + 0.00000000e+00i, -0.00000000e+00 + 0.00000000e+00i, -2.41000000e-03 + 6.80000000e-04i, 
0.00000000e+00  8  lf-axle 7.09750000e-01 + -1.43000000e-03i, 1.30510000e-01 + -8.40000000e-04i, 3.95000000e-02 + 2.00000000e-05i, 9.09320000e-01 + 0.00000000e+00i, 7.14600000e-02 + -1.91000000e-03i, -4.09760000e-01 + 1.14900000e-02i, 
0.00000000e+00  8  rf-axle 7.09750000e-01 + -1.43000000e-03i, -1.30510000e-01 + 8.40000000e-04i, 3.95000000e-02 + 2.00000000e-05i, 9.09320000e-01 + 0.00000000e+00i, -7.14600000e-02 + 1.91000000e-03i, -4.09760000e-01 + 1.14900000e-02i, 
0.00000000e+00  8  r-axle-t -7.62810000e-01 + -2.30000000e-04i, 0.00000000e+00 + 0.00000000e+00i, -2.50400000e-02 + 7.10000000e-04i, 1.00000000e+00 + 0.00000000e+00i, -0.00000000e+00 + 0.00000000e+00i, -2.28000000e-03 + 6.60000000e-04i, 
0.00000000e+00  8  r-axle-b -7.62320000e-01 + -9.00000000e-05i, 0.00000000e+00 + 0.00000000e+00i, -9.80000000e-03 + 2.80000000e-04i, 1.00000000e+00 + 0.00000000e+00i, -0.00000000e+00 + 0.00000000e+00i, -2.28000000e-03 + 6.60000000e-04i, 
0.00000000e+00  8  lr-axle -7.62480000e-01 + -1.40000000e-04i, 3.89600000e-02 + -1.02000000e-03i, 0.00000000e+00 + 0.00000000e+00i, 1.00000000e+00 + 0.00000000e+00i, -0.00000000e+00 + 0.00000000e+00i, -2.12000000e-03 + 6.10000000e-04i, 
0.00000000e+00  8  rr-axle -7.62480000e-01 + -1.40000000e-04i, -3.89600000e-02 + 1.02000000e-03i, 0.00000000e+00 + 0.00000000e+00i, 1.00000000e+00 + 0.00000000e+00i, -0.00000000e+00 + 0.00000000e+00i, -2.12000000e-03 + 6.10000000e-04i, 
0.00000000e+00  8  chassis -1.80900000e-02 + -6.45000000e-03i, 0.00000000e+00 + 0.00000000e+00i, 1.10580000e+00 + 3.01250000e-01i, 9.99750000e-01 + 0.00000000e+00i, 0.00000000e+00 + 0.00000000e+00i, 2.23100000e-02 + 3.40000000e-04i, 
0.00000000e+00  8  lf-wheel 7.24790000e-01 + -3.20000000e-04i, 1.32560000e-01 + -8.40000000e-04i, 3.82700000e-02 + 0.00000000e+00i, 9.07580000e-01 + 0.00000000e+00i, 9.43000000e-02 + -3.87000000e-03i, -4.08980000e-01 + 1.14700000e-02i, 
0.00000000e+00  8  rf-wheel 7.24790000e-01 + -3.20000000e-04i, -1.32560000e-01 + 8.40000000e-04i, 3.82700000e-02 + 0.00000000e+00i, 9.07580000e-01 + 0.00000000e+00i, -9.43000000e-02 + 3.87000000e-03i, -4.08980000e-01 + 1.14700000e-02i, 
0.00000000e+00  8  lr-wheel -7.59370000e-01 + 7.70000000e-04i, 3.89700000e-02 + -1.02000000e-03i, 0.00000000e+00 + 0.00000000e+00i, 9.99980000e-01 + 0.00000000e+00i, 5.55000000e-03 + -1.60000000e-03i, -2.12000000e-03 + 6.10000000e-04i, 
0.00000000e+00  8  rr-wheel -7.59370000e-01 + 7.70000000e-04i, -3.89700000e-02 + 1.02000000e-03i, 0.00000000e+00 + 0.00000000e+00i, 9.99980000e-01 + 0.00000000e+00i, -5.55000000e-03 + 1.60000000e-03i, -2.12000000e-03 + 6.10000000e-04i, 
0.00000000e+00  8  left-rear-bellcrank -6.81990000e-01 + -6.42000000e-03i, 0.00000000e+00 + 0.00000000e+00i, 1.09098000e+00 + 3.01030000e-01i, 9.99750000e-01 + 0.00000000e+00i, 0.00000000e+00 + 0.00000000e+00i, 2.23100000e-02 + 3.40000000e-04i, 
0.00000000e+00  8  right-rear-bellcrank -6.81990000e-01 + -6.42000000e-03i, 0.00000000e+00 + 0.00000000e+00i, 1.09098000e+00 + 3.01030000e-01i, 9.99750000e-01 + 0.00000000e+00i, 0.00000000e+00 + 0.00000000e+00i, 2.23100000e-02 + 3.40000000e-04i, 
0.00000000e+00  8  centre-rear-bellcrank -5.84270000e-01 + -6.39000000e-03i, -0.00000000e+00 + 0.00000000e+00i, 1.09316000e+00 + 3.01060000e-01i, 9.56760000e-01 + -2.90030000e-01i, -0.00000000e+00 + 0.00000000e+00i, 2.14500000e-02 + -6.15000000e-03i, 

0.00000000e+00  9  f-axle 7.60090000e-01 + -3.39000000e-03i, -0.00000000e+00 + 0.00000000e+00i, 2.73980000e-01 + 0.00000000e+00i, 0.00000000e+00 + 0.00000000e+00i, 1.00000000e+00 + 0.00000000e+00i, 0.00000000e+00 + 0.00000000e+00i, 
0.00000000e+00  9  lf-axle 7.60090000e-01 + -3.39000000e-03i, 5.50000000e-01 + 0.00000000e+00i, 2.73980000e-01 + 0.00000000e+00i, -0.00000000e+00 + 0.00000000e+00i, 1.00000000e+00 + 0.00000000e+00i, 0.00000000e+00 + 0.00000000e+00i, 
0.00000000e+00  9  rf-axle 7.60090000e-01 + -3.39000000e-03i, -5.50000000e-01 + 0.00000000e+00i, 2.73980000e-01 + 0.00000000e+00i, -0.00000000e+00 + 0.00000000e+00i, 1.00000000e+00 + 0.00000000e+00i, 0.00000000e+00 + 0.00000000e+00i, 
0.00000000e+00  9  r-axle-t -7.22860000e-01 + 8.75000000e-03i, -0.00000000e+00 + 0.00000000e+00i, 2.73980000e-01 + 0.00000000e+00i, 0.00000000e+00 + 0.00000000e+00i, 1.00000000e+00 + 0.00000000e+00i, 0.00000000e+00 + 0.00000000e+00i, 
0.00000000e+00  9  r-axle-b -7.22860000e-01 + 8.75000000e-03i, -0.00000000e+00 + 0.00000000e+00i, 2.73980000e-01 + 0.00000000e+00i, 0.00000000e+00 + 0.00000000e+00i, 1.00000000e+00 + 0.00000000e+00i, 0.00000000e+00 + 0.00000000e+00i, 
0.00000000e+00  9  lr-axle -7.22860000e-01 + 8.75000000e-03i, 5.50000000e-01 + 0.00000000e+00i, 2.73980000e-01 + 0.00000000e+00i, -0.00000000e+00 + 0.00000000e+00i, 1.00000000e+00 + 0.00000000e+00i, 0.00000000e+00 + 0.00000000e+00i, 
0.00000000e+00  9  rr-axle -7.22860000e-01 + 8.75000000e-03i, -5.50000000e-01 + 0.00000000e+00i, 2.73980000e-01 + 0.00000000e+00i, -0.00000000e+00 + 0.00000000e+00i, 1.00000000e+00 + 0.00000000e+00i, 0.00000000e+00 + 0.00000000e+00i, 
0.00000000e+00  9  chassis 4.69890000e-01 + -7.42200000e-02i, -0.00000000e+00 + 0.00000000e+00i, 2.73980000e-01 + 0.00000000e+00i, 0.00000000e+00 + 0.00000000e+00i, 1.00000000e+00 + 0.00000000e+00i, 0.00000000e+00 + 0.00000000e+00i, 
0.00000000e+00  9  lf-wheel 7.71640000e-01 + 1.71000000e-02i, 6.00000000e-01 + 0.00000000e+00i, 0.00000000e+00 + 0.00000000e+00i, 0.00000000e+00 + 0.00000000e+00i, 1.00000000e+00 + 0.00000000e+00i, -0.00000000e+00 + 0.00000000e+00i, 
0.00000000e+00  9  rf-wheel 7.71640000e-01 + 1.71000000e-02i, -6.00000000e-01 + 0.00000000e+00i, 0.00000000e+00 + 0.00000000e+00i, 0.00000000e+00 + 0.00000000e+00i, 1.00000000e+00 + 0.00000000e+00i, -0.00000000e+00 + 0.00000000e+00i, 
0.00000000e+00  9  lr-wheel -9.59130000e-01 + -4.40800000e-02i, 6.00000000e-01 + 0.00000000e+00i, -0.00000000e+00 + 0.00000000e+00i, 0.00000000e+00 + 0.00000000e+00i, 1.00000000e+00 + 0.00000000e+00i, -0.00000000e+00 + 0.00000000e+00i, 
0.00000000e+00  9  rr-wheel -9.59130000e-01 + -4.40800000e-02i, -6.00000000e-01 + 0.00000000e+00i, 0.00000000e+00 + 0.00000000e+00i, 0.00000000e+00 + 0.00000000e+00i, 1.00000000e+00 + 0.00000000e+00i, -0.00000000e+00 + 0.00000000e+00i, 
0.00000000e+00  9  left-rear-bellcrank -6.06050000e-01 + -3.67000000e-03i, 4.45880000e-01 + 9.80000000e-04i, 2.03660000e-01 + 0.00000000e+00i, 9.74970000e-01 + 0.00000000e+00i, -2.21790000e-01 + -1.54300000e-02i, -0.00000000e+00 + 0.00000000e+00i, 
0.00000000e+00  9  right-rear-bellcrank -6.06050000e-01 + -3.67000000e-03i, -4.45880000e-01 + -9.80000000e-04i, 2.03660000e-01 + 0.00000000e+00i, 9.74970000e-01 + 0.00000000e+00i, 2.21790000e-01 + 1.54300000e-02i, 0.00000000e+00 + 0.00000000e+00i, 
0.00000000e+00  9  centre-rear-bellcrank -3.69840000e-01 + -2.93000000e-03i, -0.00000000e+00 + 0.00000000e+00i, 1.32270000e-01 + 1.83000000e-03i, 0.00000000e+00 + 0.00000000e+00i, 1.00000000e+00 + 0.00000000e+00i, 0.00000000e+00 + 0.00000000e+00i, 

0.00000000e+00  10  f-axle 7.60090000e-01 + 3.39000000e-03i, -0.00000000e+00 + 0.00000000e+00i, 2.73980000e-01 + 0.00000000e+00i, 0.00000000e+00 + 0.00000000e+00i, 1.00000000e+00 + 0.00000000e+00i, 0.00000000e+00 + 0.00000000e+00i, 
0.00000000e+00  10  lf-axle 7.60090000e-01 + 3.39000000e-03i, 5.50000000e-01 + 0.00000000e+00i, 2.73980000e-01 + 0.00000000e+00i, -0.00000000e+00 + 0.00000000e+00i, 1.00000000e+00 + 0.00000000e+00i, 0.00000000e+00 + 0.00000000e+00i, 
0.00000000e+00  10  rf-axle 7.60090000e-01 + 3.39000000e-03i, -5.50000000e-01 + 0.00000000e+00i, 2.73980000e-01 + 0.00000000e+00i, -0.00000000e+00 + 0.00000000e+00i, 1.00000000e+00 + 0.00000000e+00i, 0.00000000e+00 + 0.00000000e+00i, 
0.00000000e+00  10  r-axle-t -7.22860000e-01 + -8.75000000e-03i, -0.00000000e+00 + 0.00000000e+00i, 2.73980000e-01 + 0.00000000e+00i, 0.00000000e+00 + 0.00000000e+00i, 1.00000000e+00 + 0.00000000e+00i, 0.00000000e+00 + 0.00000000e+00i, 
0.00000000e+00  10  r-axle-b -7.22860000e-01 + -8.75000000e-03i, -0.00000000e+00 + 0.00000000e+00i, 2.73980000e-01 + 0.00000000e+00i, 0.00000000e+00 + 0.00000000e+00i, 1.00000000e+00 + 0.00000000e+00i, 0.00000000e+00 + 0.00000000e+00i, 
0.00000000e+00  10  lr-axle -7.22860000e-01 + -8.75000000e-03i, 5.50000000e-01 + 0.00000000e+00i, 2.73980000e-01 + 0.00000000e+00i, -0.00000000e+00 + 0.00000000e+00i, 1.00000000e+00 + 0.00000000e+00i, 0.00000000e+00 + 0.00000000e+00i, 
0.00000000e+00  10  rr-axle -7.22860000e-01 + -8.75000000e-03i, -5.50000000e-01 + 0.00000000e+00i, 2.73980000e-01 + 0.00000000e+00i, -0.00000000e+00 + 0.00000000e+00i, 1.00000000e+00 + 0.00000000e+00i, 0.00000000e+00 + 0.00000000e+00i, 
0.00000000e+00  10  chassis 4.69890000e-01 + 7.42200000e-02i, -0.00000000e+00 + 0.00000000e+00i, 2.73980000e-01 + 0.00000000e+00i, 0.00000000e+00 + 0.00000000e+00i, 1.00000000e+00 + 0.00000000e+00i, 0.00000000e+00 + 0.00000000e+00i, 
0.00000000e+00  10  lf-wheel 7.71640000e-01 + -1.71000000e-02i, 6.00000000e-01 + 0.00000000e+00i, 0.00000000e+00 + 0.00000000e+00i, 0.00000000e+00 + 0.00000000e+00i, 1.00000000e+00 + 0.00000000e+00i, -0.00000000e+00 + 0.00000000e+00i, 
0.00000000e+00  10  rf-wheel 7.71640000e-01 + -1.71000000e-02i, -6.00000000e-01 + 0.00000000e+00i, 0.00000000e+00 + 0.00000000e+00i, 0.00000000e+00 + 0.00000000e+00i, 1.00000000e+00 + 0.00000000e+00i, -0.00000000e+00 + 0.00000000e+00i, 
0.00000000e+00  10  lr-wheel -9.59130000e-01 + 4.40800000e-02i, 6.00000000e-01 + 0.00000000e+00i, -0.00000000e+00 + 0.00000000e+00i, 0.00000000e+00 + 0.00000000e+00i, 1.00000000e+00 + 0.00000000e+00i, -0.00000000e+00 + 0.00000000e+00i, 
0.00000000e+00  10  rr-wheel -9.59130000e-01 + 4.40800000e-02i, -6.00000000e-01 + 0.00000000e+00i, 0.00000000e+00 + 0.00000000e+00i, 0.00000000e+00 + 0.00000000e+00i, 1.00000000e+00 + 0.00000000e+00i, -0.00000000e+00 + 0.00000000e+00i, 
0.00000000e+00  10  left-rear-bellcrank -6.06050000e-01 + 3.67000000e-03i, 4.45880000e-01 + -9.80000000e-04i, 2.03660000e-01 + 0.00000000e+00i, 9.74970000e-01 + 0.00000000e+00i, -2.21790000e-01 + 1.54300000e-02i, -0.00000000e+00 + 0.00000000e+00i, 
0.00000000e+00  10  right-rear-bellcrank -6.06050000e-01 + 3.67000000e-03i, -4.45880000e-01 + 9.80000000e-04i, 2.03660000e-01 + 0.00000000e+00i, 9.74970000e-01 + 0.00000000e+00i, 2.21790000e-01 + -1.54300000e-02i, 0.00000000e+00 + 0.00000000e+00i, 
0.00000000e+00  10  centre-rear-bellcrank -3.69840000e-01 + 2.93000000e-03i, -0.00000000e+00 + 0.00000000e+00i, 1.32270000e-01 + -1.83000000e-03i, 0.00000000e+00 + 0.00000000e+00i, 1.00000000e+00 + 0.00000000e+00i, 0.00000000e+00 + 0.00000000e+00i, 

0.00000000e+00  11  f-axle 7.48110000e-01 + -8.58000000e-03i, 0.00000000e+00 + 0.00000000e+00i, 2.73980000e-01 + 0.00000000e+00i, -0.00000000e+00 + 0.00000000e+00i, 1.00000000e+00 + 0.00000000e+00i, -0.00000000e+00 + 0.00000000e+00i, 
0.00000000e+00  11  lf-axle 7.48110000e-01 + -8.58000000e-03i, 5.50000000e-01 + 0.00000000e+00i, 2.73980000e-01 + 0.00000000e+00i, 0.00000000e+00 + 0.00000000e+00i, 1.00000000e+00 + 0.00000000e+00i, -0.00000000e+00 + 0.00000000e+00i, 
0.00000000e+00  11  rf-axle 7.48110000e-01 + -8.58000000e-03i, -5.50000000e-01 + 0.00000000e+00i, 2.73980000e-01 + 0.00000000e+00i, 0.00000000e+00 + 0.00000000e+00i, 1.00000000e+00 + 0.00000000e+00i, -0.00000000e+00 + 0.00000000e+00i, 
0.00000000e+00  11  r-axle-t -7.64090000e-01 + -2.51000000e-03i, -0.00000000e+00 + 0.00000000e+00i, 2.73980000e-01 + 0.00000000e+00i, -0.00000000e+00 + 0.00000000e+00i, 1.00000000e+00 + 0.00000000e+00i, -0.00000000e+00 + 0.00000000e+00i, 
0.00000000e+00  11  r-axle-b -7.64090000e-01 + -2.51000000e-03i, 0.00000000e+00 + 0.00000000e+00i, 2.73980000e-01 + 0.00000000e+00i, -0.00000000e+00 + 0.00000000e+00i, 1.00000000e+00 + 0.00000000e+00i, -0.00000000e+00 + 0.00000000e+00i, 
0.00000000e+00  11  lr-axle -7.64090000e-01 + -2.51000000e-03i, 5.50000000e-01 + 0.00000000e+00i, 2.73980000e-01 + 0.00000000e+00i, 0.00000000e+00 + 0.00000000e+00i, 1.00000000e+00 + 0.00000000e+00i, -0.00000000e+00 + 0.00000000e+00i, 
0.00000000e+00  11  rr-axle -7.64090000e-01 + -2.51000000e-03i, -5.50000000e-01 + 0.00000000e+00i, 2.73980000e-01 + 0.00000000e+00i, 0.00000000e+00 + 0.00000000e+00i, 1.00000000e+00 + 0.00000000e+00i, -0.00000000e+00 + 0.00000000e+00i, 
0.00000000e+00  11  chassis -8.39880000e-01 + -6.88800000e-02i, -0.00000000e+00 + 0.00000000e+00i, 2.73980000e-01 + 0.00000000e+00i, -0.00000000e+00 + 0.00000000e+00i, 1.00000000e+00 + 0.00000000e+00i, -0.00000000e+00 + 0.00000000e+00i, 
0.00000000e+00  11  lf-wheel 8.31990000e-01 + 4.32000000e-02i, 6.00000000e-01 + 0.00000000e+00i, 0.00000000e+00 + 0.00000000e+00i, -0.00000000e+00 + 0.00000000e+00i, 1.00000000e+00 + 0.00000000e+00i, 0.00000000e+00 + 0.00000000e+00i, 
0.00000000e+00  11  rf-wheel 8.31990000e-01 + 4.32000000e-02i, -6.00000000e-01 + 0.00000000e+00i, 0.00000000e+00 + 0.00000000e+00i, -0.00000000e+00 + 0.00000000e+00i, 1.00000000e+00 + 0.00000000e+00i, 0.00000000e+00 + 0.00000000e+00i, 
0.00000000e+00  11  lr-wheel -7.51470000e-01 + 1.26500000e-02i, 6.00000000e-01 + 0.00000000e+00i, -0.00000000e+00 + 0.00000000e+00i, -0.00000000e+00 + 0.00000000e+00i, 1.00000000e+00 + 0.00000000e+00i, 0.00000000e+00 + 0.00000000e+00i, 
0.00000000e+00  11  rr-wheel -7.51470000e-01 + 1.26500000e-02i, -6.00000000e-01 + 0.00000000e+00i, 0.00000000e+00 + 0.00000000e+00i, -0.00000000e+00 + 0.00000000e+00i, 1.00000000e+00 + 0.00000000e+00i, 0.00000000e+00 + 0.00000000e+00i, 
0.00000000e+00  11  left-rear-bellcrank -8.18510000e-01 + -6.06100000e-02i, 2.58260000e-01 + -2.12500000e-02i, 2.65100000e-01 + 0.00000000e+00i, 2.60730000e-01 + 2.28330000e-01i, 9.38020000e-01 + 0.00000000e+00i, -0.00000000e+00 + 0.00000000e+00i, 
0.00000000e+00  11  right-rear-bellcrank -8.18510000e-01 + -6.06100000e-02i, -2.58260000e-01 + 2.12500000e-02i, 2.65100000e-01 + 0.00000000e+00i, -2.60730000e-01 + -2.28330000e-01i, 9.38020000e-01 + 0.00000000e+00i, -0.00000000e+00 + 0.00000000e+00i, 
0.00000000e+00  11  centre-rear-bellcrank -8.78690000e-01 + -2.02160000e-01i, -0.00000000e+00 + 0.00000000e+00i, 3.16370000e-01 + 7.29400000e-02i, -0.00000000e+00 + 0.00000000e+00i, 1.00000000e+00 + 0.00000000e+00i, -0.00000000e+00 + 0.00000000e+00i, 

0.00000000e+00  12  f-axle 7.48110000e-01 + 8.58000000e-03i, 0.00000000e+00 + 0.00000000e+00i, 2.73980000e-01 + 0.00000000e+00i, -0.00000000e+00 + 0.00000000e+00i, 1.00000000e+00 + 0.00000000e+00i, -0.00000000e+00 + 0.00000000e+00i, 
0.00000000e+00  12  lf-axle 7.48110000e-01 + 8.58000000e-03i, 5.50000000e-01 + 0.00000000e+00i, 2.73980000e-01 + 0.00000000e+00i, 0.00000000e+00 + 0.00000000e+00i, 1.00000000e+00 + 0.00000000e+00i, -0.00000000e+00 + 0.00000000e+00i, 
0.00000000e+00  12  rf-axle 7.48110000e-01 + 8.58000000e-03i, -5.50000000e-01 + 0.00000000e+00i, 2.73980000e-01 + 0.00000000e+00i, 0.00000000e+00 + 0.00000000e+00i, 1.00000000e+00 + 0.00000000e+00i, -0.00000000e+00 + 0.00000000e+00i, 
0.00000000e+00  12  r-axle-t -7.64090000e-01 + 2.51000000e-03i, -0.00000000e+00 + 0.00000000e+00i, 2.73980000e-01 + 0.00000000e+00i, -0.00000000e+00 + 0.00000000e+00i, 1.00000000e+00 + 0.00000000e+00i, -0.00000000e+00 + 0.00000000e+00i, 
0.00000000e+00  12  r-axle-b -7.64090000e-01 + 2.51000000e-03i, 0.00000000e+00 + 0.00000000e+00i, 2.73980000e-01 + 0.00000000e+00i, -0.00000000e+00 + 0.00000000e+00i, 1.00000000e+00 + 0.00000000e+00i, -0.00000000e+00 + 0.00000000e+00i, 
0.00000000e+00  12  lr-axle -7.64090000e-01 + 2.51000000e-03i, 5.50000000e-01 + 0.00000000e+00i, 2.73980000e-01 + 0.00000000e+00i, 0.00000000e+00 + 0.00000000e+00i, 1.00000000e+00 + 0.00000000e+00i, -0.00000000e+00 + 0.00000000e+00i, 
0.00000000e+00  12  rr-axle -7.64090000e-01 + 2.51000000e-03i, -5.50000000e-01 + 0.00000000e+00i, 2.73980000e-01 + 0.00000000e+00i, 0.00000000e+00 + 0.00000000e+00i, 1.00000000e+00 + 0.00000000e+00i, -0.00000000e+00 + 0.00000000e+00i, 
0.00000000e+00  12  chassis -8.39880000e-01 + 6.88800000e-02i, -0.00000000e+00 + 0.00000000e+00i, 2.73980000e-01 + 0.00000000e+00i, -0.00000000e+00 + 0.00000000e+00i, 1.00000000e+00 + 0.00000000e+00i, -0.00000000e+00 + 0.00000000e+00i, 
0.00000000e+00  12  lf-wheel 8.31990000e-01 + -4.32000000e-02i, 6.00000000e-01 + 0.00000000e+00i, 0.00000000e+00 + 0.00000000e+00i, -0.00000000e+00 + 0.00000000e+00i, 1.00000000e+00 + 0.00000000e+00i, 0.00000000e+00 + 0.00000000e+00i, 
0.00000000e+00  12  rf-wheel 8.31990000e-01 + -4.32000000e-02i, -6.00000000e-01 + 0.00000000e+00i, 0.00000000e+00 + 0.00000000e+00i, -0.00000000e+00 + 0.00000000e+00i, 1.00000000e+00 + 0.00000000e+00i, 0.00000000e+00 + 0.00000000e+00i, 
0.00000000e+00  12  lr-wheel -7.51470000e-01 + -1.26500000e-02i, 6.00000000e-01 + 0.00000000e+00i, -0.00000000e+00 + 0.00000000e+00i, -0.00000000e+00 + 0.00000000e+00i, 1.00000000e+00 + 0.00000000e+00i, 0.00000000e+00 + 0.00000000e+00i, 
0.00000000e+00  12  rr-wheel -7.51470000e-01 + -1.26500000e-02i, -6.00000000e-01 + 0.00000000e+00i, 0.00000000e+00 + 0.00000000e+00i, -0.00000000e+00 + 0.00000000e+00i, 1.00000000e+00 + 0.00000000e+00i, 0.00000000e+00 + 0.00000000e+00i, 
0.00000000e+00  12  left-rear-bellcrank -8.18510000e-01 + 6.06100000e-02i, 2.58260000e-01 + 2.12500000e-02i, 2.65100000e-01 + 0.00000000e+00i, 2.60730000e-01 + -2.28330000e-01i, 9.38020000e-01 + 0.00000000e+00i, -0.00000000e+00 + 0.00000000e+00i, 
0.00000000e+00  12  right-rear-bellcrank -8.18510000e-01 + 6.06100000e-02i, -2.58260000e-01 + -2.12500000e-02i, 2.65100000e-01 + 0.00000000e+00i, -2.60730000e-01 + 2.28330000e-01i, 9.38020000e-01 + 0.00000000e+00i, -0.00000000e+00 + 0.00000000e+00i, 
0.00000000e+00  12  centre-rear-bellcrank -8.78690000e-01 + 2.02160000e-01i, -0.00000000e+00 + 0.00000000e+00i, 3.16370000e-01 + -7.29400000e-02i, -0.00000000e+00 + 0.00000000e+00i, 1.00000000e+00 + 0.00000000e+00i, -0.00000000e+00 + 0.00000000e+00i, 

0.00000000e+00  13  f-axle 6.86700000e-01 + 2.95000000e-03i, 0.00000000e+00 + 0.00000000e+00i, 5.54160000e-01 + -1.04910000e-01i, 9.87180000e-01 + 0.00000000e+00i, -0.00000000e+00 + 0.00000000e+00i, 1.56800000e-01 + -2.98100000e-02i, 
0.00000000e+00  13  lf-axle 7.32600000e-01 + 1.64000000e-03i, 5.47810000e-01 + 1.18000000e-03i, 2.25090000e-01 + 0.00000000e+00i, -1.03640000e-01 + 1.25900000e-02i, -1.69830000e-01 + 0.00000000e+00i, 9.79930000e-01 + 0.00000000e+00i, 
0.00000000e+00  13  rf-axle 7.32600000e-01 + 1.64000000e-03i, -5.47810000e-01 + -1.18000000e-03i, 2.25090000e-01 + 0.00000000e+00i, -1.03640000e-01 + 1.25900000e-02i, 1.69830000e-01 + 0.00000000e+00i, 9.79930000e-01 + 0.00000000e+00i, 
0.00000000e+00  13  r-axle-t -9.55530000e-01 + 2.17900000e-02i, 0.00000000e+00 + 0.00000000e+00i, 1.05553000e+00 + -3.08420000e-01i, 9.70910000e-01 + 0.00000000e+00i, -0.00000000e+00 + 0.00000000e+00i, 2.29520000e-01 + -6.82700000e-02i, 
0.00000000e+00  13  r-axle-b -8.37740000e-01 + 8.53000000e-03i, 0.00000000e+00 + 0.00000000e+00i, 4.13090000e-01 + -1.20700000e-01i, 9.70910000e-01 + 0.00000000e+00i, -0.00000000e+00 + 0.00000000e+00i, 2.29520000e-01 + -6.82700000e-02i, 
0.00000000e+00  13  lr-axle -7.83770000e-01 + 2.45000000e-03i, 7.41670000e-01 + 8.34800000e-02i, 2.12000000e-03 + 0.00000000e+00i, 9.95350000e-01 + 0.00000000e+00i, 0.00000000e+00 + 0.00000000e+00i, -9.56900000e-02 + -1.07800000e-02i, 
0.00000000e+00  13  rr-axle -7.83770000e-01 + 2.45000000e-03i, -7.41670000e-01 + -8.34800000e-02i, 2.12000000e-03 + 0.00000000e+00i, 9.95350000e-01 + 0.00000000e+00i, 0.00000000e+00 + 0.00000000e+00i, -9.56900000e-02 + -1.07800000e-02i, 
0.00000000e+00  13  chassis 9.10000000e-04 + 1.00000000e-05i, 0.00000000e+00 + 0.00000000e+00i, 1.10520000e-01 + -6.10000000e-04i, 9.99990000e-01 + 0.00000000e+00i, -0.00000000e+00 + 0.00000000e+00i, 4.80000000e-03 + -3.00000000e-05i, 
0.00000000e+00  13  lf-wheel 7.32140000e-01 + 9.70000000e-04i, 5.50690000e-01 + 1.14000000e-03i, 2.13320000e-01 + 0.00000000e+00i, -1.02160000e-01 + 1.24100000e-02i, -2.37130000e-01 + 0.00000000e+00i, 9.66010000e-01 + 0.00000000e+00i, 
0.00000000e+00  13  rf-wheel 7.32140000e-01 + 9.70000000e-04i, -5.50690000e-01 + -1.14000000e-03i, 2.13320000e-01 + 0.00000000e+00i, -1.02160000e-01 + 1.24100000e-02i, 2.37130000e-01 + 0.00000000e+00i, 9.66010000e-01 + 0.00000000e+00i, 
0.00000000e+00  13  lr-wheel -8.19620000e-01 + -1.35600000e-02i, 7.33160000e-01 + 7.84700000e-02i, 1.99000000e-03 + 0.00000000e+00i, 9.65010000e-01 + 0.00000000e+00i, 2.43500000e-01 + 2.74200000e-02i, -9.27800000e-02 + -1.04500000e-02i, 
0.00000000e+00  13  rr-wheel -8.19620000e-01 + -1.35600000e-02i, -7.33160000e-01 + -7.84700000e-02i, 1.99000000e-03 + 0.00000000e+00i, 9.65010000e-01 + 0.00000000e+00i, -2.43500000e-01 + -2.74200000e-02i, -9.27800000e-02 + -1.04500000e-02i, 
0.00000000e+00  13  left-rear-bellcrank -6.61560000e-01 + 1.00000000e-05i, 0.00000000e+00 + 0.00000000e+00i, 1.07350000e-01 + -6.00000000e-04i, 9.99990000e-01 + 0.00000000e+00i, -0.00000000e+00 + 0.00000000e+00i, 4.80000000e-03 + -3.00000000e-05i, 
0.00000000e+00  13  right-rear-bellcrank -6.61560000e-01 + 1.00000000e-05i, 0.00000000e+00 + 0.00000000e+00i, 1.07350000e-01 + -6.00000000e-04i, 9.99990000e-01 + 0.00000000e+00i, -0.00000000e+00 + 0.00000000e+00i, 4.80000000e-03 + -3.00000000e-05i, 
0.00000000e+00  13  centre-rear-bellcrank -5.62040000e-01 + 0.00000000e+00i, 0.00000000e+00 + 0.00000000e+00i, 1.07820000e-01 + -6.00000000e-04i, 9.99990000e-01 + 0.00000000e+00i, -0.00000000e+00 + 0.00000000e+00i, 4.80000000e-03 + -3.00000000e-05i, 

0.00000000e+00  14  f-axle 6.86700000e-01 + -2.95000000e-03i, 0.00000000e+00 + 0.00000000e+00i, 5.54160000e-01 + 1.04910000e-01i, 9.87180000e-01 + 0.00000000e+00i, -0.00000000e+00 + 0.00000000e+00i, 1.56800000e-01 + 2.98100000e-02i, 
0.00000000e+00  14  lf-axle 7.32600000e-01 + -1.64000000e-03i, 5.47810000e-01 + -1.18000000e-03i, 2.25090000e-01 + 0.00000000e+00i, -1.03640000e-01 + -1.25900000e-02i, -1.69830000e-01 + 0.00000000e+00i, 9.79930000e-01 + 0.00000000e+00i, 
0.00000000e+00  14  rf-axle 7.32600000e-01 + -1.64000000e-03i, -5.47810000e-01 + 1.18000000e-03i, 2.25090000e-01 + 0.00000000e+00i, -1.03640000e-01 + -1.25900000e-02i, 1.69830000e-01 + 0.00000000e+00i, 9.79930000e-01 + 0.00000000e+00i, 
0.00000000e+00  14  r-axle-t -9.55530000e-01 + -2.17900000e-02i, 0.00000000e+00 + 0.00000000e+00i, 1.05553000e+00 + 3.08420000e-01i, 9.70910000e-01 + 0.00000000e+00i, -0.00000000e+00 + 0.00000000e+00i, 2.29520000e-01 + 6.82700000e-02i, 
0.00000000e+00  14  r-axle-b -8.37740000e-01 + -8.53000000e-03i, 0.00000000e+00 + 0.00000000e+00i, 4.13090000e-01 + 1.20700000e-01i, 9.70910000e-01 + 0.00000000e+00i, -0.00000000e+00 + 0.00000000e+00i, 2.29520000e-01 + 6.82700000e-02i, 
0.00000000e+00  14  lr-axle -7.83770000e-01 + -2.45000000e-03i, 7.41670000e-01 + -8.34800000e-02i, 2.12000000e-03 + 0.00000000e+00i, 9.95350000e-01 + 0.00000000e+00i, 0.00000000e+00 + 0.00000000e+00i, -9.56900000e-02 + 1.07800000e-02i, 
0.00000000e+00  14  rr-axle -7.83770000e-01 + -2.45000000e-03i, -7.41670000e-01 + 8.34800000e-02i, 2.12000000e-03 + 0.00000000e+00i, 9.95350000e-01 + 0.00000000e+00i, 0.00000000e+00 + 0.00000000e+00i, -9.56900000e-02 + 1.07800000e-02i, 
0.00000000e+00  14  chassis 9.10000000e-04 + -1.00000000e-05i, 0.00000000e+00 + 0.00000000e+00i, 1.10520000e-01 + 6.10000000e-04i, 9.99990000e-01 + 0.00000000e+00i, -0.00000000e+00 + 0.00000000e+00i, 4.80000000e-03 + 3.00000000e-05i, 
0.00000000e+00  14  lf-wheel 7.32140000e-01 + -9.70000000e-04i, 5.50690000e-01 + -1.14000000e-03i, 2.13320000e-01 + 0.00000000e+00i, -1.02160000e-01 + -1.24100000e-02i, -2.37130000e-01 + 0.00000000e+00i, 9.66010000e-01 + 0.00000000e+00i, 
0.00000000e+00  14  rf-wheel 7.32140000e-01 + -9.70000000e-04i, -5.50690000e-01 + 1.14000000e-03i, 2.13320000e-01 + 0.00000000e+00i, -1.02160000e-01 + -1.24100000e-02i, 2.37130000e-01 + 0.00000000e+00i, 9.66010000e-01 + 0.00000000e+00i, 
0.00000000e+00  14  lr-wheel -8.19620000e-01 + 1.35600000e-02i, 7.33160000e-01 + -7.84700000e-02i, 1.99000000e-03 + 0.00000000e+00i, 9.65010000e-01 + 0.00000000e+00i, 2.43500000e-01 + -2.74200000e-02i, -9.27800000e-02 + 1.04500000e-02i, 
0.00000000e+00  14  rr-wheel -8.19620000e-01 + 1.35600000e-02i, -7.33160000e-01 + 7.84700000e-02i, 1.99000000e-03 + 0.00000000e+00i, 9.65010000e-01 + 0.00000000e+00i, -2.43500000e-01 + 2.74200000e-02i, -9.27800000e-02 + 1.04500000e-02i, 
0.00000000e+00  14  left-rear-bellcrank -6.61560000e-01 + -1.00000000e-05i, 0.00000000e+00 + 0.00000000e+00i, 1.07350000e-01 + 6.00000000e-04i, 9.99990000e-01 + 0.00000000e+00i, -0.00000000e+00 + 0.00000000e+00i, 4.80000000e-03 + 3.00000000e-05i, 
0.00000000e+00  14  right-rear-bellcrank -6.61560000e-01 + -1.00000000e-05i, 0.00000000e+00 + 0.00000000e+00i, 1.07350000e-01 + 6.00000000e-04i, 9.99990000e-01 + 0.00000000e+00i, -0.00000000e+00 + 0.00000000e+00i, 4.80000000e-03 + 3.00000000e-05i, 
0.00000000e+00  14  centre-rear-bellcrank -5.62040000e-01 + 0.00000000e+00i, 0.00000000e+00 + 0.00000000e+00i, 1.07820000e-01 + 6.00000000e-04i, 9.99990000e-01 + 0.00000000e+00i, -0.00000000e+00 + 0.00000000e+00i, 4.80000000e-03 + 3.00000000e-05i, 

0.00000000e+00  15  f-axle 7.41510000e-01 + 0.00000000e+00i, -2.14567240e+09 + 9.21214520e+02i, -2.03972436e+11 + -9.73343913e+05i, 5.34900000e-02 + 0.00000000e+00i, 9.98330000e-01 + 0.00000000e+00i, -1.05000000e-02 + 0.00000000e+00i, 
0.00000000e+00  15  lf-axle 7.64680000e-01 + 0.00000000e+00i, -4.79655699e+10 + 8.04079956e+04i, -1.80929481e+11 + -8.10054727e+05i, 9.23500000e-02 + 0.00000000e+00i, 9.62320000e-01 + 0.00000000e+00i, -2.55120000e-01 + 0.00000000e+00i, 
0.00000000e+00  15  rf-axle 7.07840000e-01 + 0.00000000e+00i, -5.77744742e+10 + 9.44596939e+04i, -1.95529748e+11 + -9.95728917e+05i, 1.01160000e-01 + 0.00000000e+00i, 9.53920000e-01 + 0.00000000e+00i, -2.81860000e-01 + 0.00000000e+00i, 
0.00000000e+00  15  r-axle-t -7.47160000e-01 + 0.00000000e+00i, -2.14821368e+09 + 1.32452558e+03i, -2.04189189e+11 + -9.74798369e+05i, -4.45100000e-02 + 0.00000000e+00i, 9.98770000e-01 + 0.00000000e+00i, -1.05100000e-02 + 0.00000000e+00i, 
0.00000000e+00  15  r-axle-b -7.47360000e-01 + 0.00000000e+00i, -2.16750648e+09 + 7.64320760e+02i, -2.04093059e+11 + -9.73281690e+05i, -4.52300000e-02 + 0.00000000e+00i, 9.98740000e-01 + 0.00000000e+00i, -1.06100000e-02 + 0.00000000e+00i, 
0.00000000e+00  15  lr-axle -7.71960000e-01 + 0.00000000e+00i, -2.17246905e+09 + 6.47925060e+02i, -2.04539166e+11 + -9.75775140e+05i, -6.55000000e-03 + 0.00000000e+00i, 9.99740000e-01 + 0.00000000e+00i, -1.06200000e-02 + 0.00000000e+00i, 
0.00000000e+00  15  rr-axle -7.22540000e-01 + 0.00000000e+00i, -2.18193490e+09 + 9.72766030e+02i, -2.04629418e+11 + -9.76534407e+05i, -7.94000000e-03 + 0.00000000e+00i, 9.99730000e-01 + 0.00000000e+00i, -1.06600000e-02 + 0.00000000e+00i, 
0.00000000e+00  15  chassis -3.00340000e-01 + 0.00000000e+00i, -1.73255733e+09 + 3.86637080e+02i, -1.55698180e+11 + -7.42663163e+05i, -4.88740000e-01 + 0.00000000e+00i, 8.72200000e-01 + 0.00000000e+00i, -9.71000000e-03 + 0.00000000e+00i, 
0.00000000e+00  15  lf-wheel 7.62000000e-01 + 0.00000000e+00i, 6.00000000e-01 + 0.00000000e+00i, -0.00000000e+00 + 0.00000000e+00i, 0.00000000e+00 + 0.00000000e+00i, 1.00000000e+00 + 0.00000000e+00i, -0.00000000e+00 + 0.00000000e+00i, 
0.00000000e+00  15  rf-wheel 7.62000000e-01 + 0.00000000e+00i, -6.00000000e-01 + 0.00000000e+00i, 0.00000000e+00 + 0.00000000e+00i, 0.00000000e+00 + 0.00000000e+00i, 1.00000000e+00 + 0.00000000e+00i, -0.00000000e+00 + 0.00000000e+00i, 
0.00000000e+00  15  lr-wheel -7.62000000e-01 + 0.00000000e+00i, 6.00000000e-01 + 0.00000000e+00i, -0.00000000e+00 + 0.00000000e+00i, -0.00000000e+00 + 0.00000000e+00i, 1.00000000e+00 + 0.00000000e+00i, -0.00000000e+00 + 0.00000000e+00i, 
0.00000000e+00  15  rr-wheel -7.62000000e-01 + 0.00000000e+00i, -6.00000000e-01 + 0.00000000e+00i, -0.00000000e+00 + 0.00000000e+00i, -0.00000000e+00 + 0.00000000e+00i, 1.00000000e+00 + 0.00000000e+00i, -0.00000000e+00 + 0.00000000e+00i, 
0.00000000e+00  15  left-rear-bellcrank -6.27090000e-01 + 0.00000000e+00i, -5.12625288e+08 + 1.94002140e+02i, -4.62519396e+10 + -2.20528958e+05i, -8.79610000e-01 + 0.00000000e+00i, 4.75490000e-01 + 0.00000000e+00i, -5.27000000e-03 + 0.00000000e+00i, 
0.00000000e+00  15  right-rear-bellcrank -4.14730000e-01 + 0.00000000e+00i, -1.48614802e+09 + 6.01192750e+02i, -1.33443926e+11 + -6.36401796e+05i, 5.89470000e-01 + 0.00000000e+00i, 8.07560000e-01 + 0.00000000e+00i, -8.99000000e-03 + 0.00000000e+00i, 
0.00000000e+00  15  centre-rear-bellcrank -4.93690000e-01 + 0.00000000e+00i, -3.95787941e+08 + 1.13642430e+02i, -8.42187697e+10 + -2.55194493e+05i, -2.37430000e-01 + 0.00000000e+00i, 9.71320000e-01 + 0.00000000e+00i, -4.56000000e-03 + 0.00000000e+00i, 

0.00000000e+00  16  f-axle 7.41510000e-01 + 0.00000000e+00i, -2.14567240e+09 + -9.21214520e+02i, -2.03972436e+11 + 9.73343913e+05i, 5.34900000e-02 + 0.00000000e+00i, 9.98330000e-01 + 0.00000000e+00i, -1.05000000e-02 + 0.00000000e+00i, 
0.00000000e+00  16  lf-axle 7.64680000e-01 + 0.00000000e+00i, -4.79655699e+10 + -8.04079956e+04i, -1.80929481e+11 + 8.10054727e+05i, 9.23500000e-02 + 0.00000000e+00i, 9.62320000e-01 + 0.00000000e+00i, -2.55120000e-01 + 0.00000000e+00i, 
0.00000000e+00  16  rf-axle 7.07840000e-01 + 0.00000000e+00i, -5.77744742e+10 + -9.44596939e+04i, -1.95529748e+11 + 9.95728917e+05i, 1.01160000e-01 + 0.00000000e+00i, 9.53920000e-01 + 0.00000000e+00i, -2.81860000e-01 + 0.00000000e+00i, 
0.00000000e+00  16  r-axle-t -7.47160000e-01 + 0.00000000e+00i, -2.14821368e+09 + -1.32452558e+03i, -2.04189189e+11 + 9.74798369e+05i, -4.45100000e-02 + 0.00000000e+00i, 9.98770000e-01 + 0.00000000e+00i, -1.05100000e-02 + 0.00000000e+00i, 
0.00000000e+00  16  r-axle-b -7.47360000e-01 + 0.00000000e+00i, -2.16750648e+09 + -7.64320760e+02i, -2.04093059e+11 + 9.73281690e+05i, -4.52300000e-02 + 0.00000000e+00i, 9.98740000e-01 + 0.00000000e+00i, -1.06100000e-02 + 0.00000000e+00i, 
0.00000000e+00  16  lr-axle -7.71960000e-01 + 0.00000000e+00i, -2.17246905e+09 + -6.47925060e+02i, -2.04539166e+11 + 9.75775140e+05i, -6.55000000e-03 + 0.00000000e+00i, 9.99740000e-01 + 0.00000000e+00i, -1.06200000e-02 + 0.00000000e+00i, 
0.00000000e+00  16  rr-axle -7.22540000e-01 + 0.00000000e+00i, -2.18193490e+09 + -9.72766030e+02i, -2.04629418e+11 + 9.76534407e+05i, -7.94000000e-03 + 0.00000000e+00i, 9.99730000e-01 + 0.00000000e+00i, -1.06600000e-02 + 0.00000000e+00i, 
0.00000000e+00  16  chassis -3.00340000e-01 + 0.00000000e+00i, -1.73255733e+09 + -3.86637080e+02i, -1.55698180e+11 + 7.42663163e+05i, -4.88740000e-01 + 0.00000000e+00i, 8.72200000e-01 + 0.00000000e+00i, -9.71000000e-03 + 0.00000000e+00i, 
0.00000000e+00  16  lf-wheel 7.62000000e-01 + 0.00000000e+00i, 6.00000000e-01 + 0.00000000e+00i, -0.00000000e+00 + 0.00000000e+00i, 0.00000000e+00 + 0.00000000e+00i, 1.00000000e+00 + 0.00000000e+00i, -0.00000000e+00 + 0.00000000e+00i, 
0.00000000e+00  16  rf-wheel 7.62000000e-01 + 0.00000000e+00i, -6.00000000e-01 + 0.00000000e+00i, 0.00000000e+00 + 0.00000000e+00i, 0.00000000e+00 + 0.00000000e+00i, 1.00000000e+00 + 0.00000000e+00i, -0.00000000e+00 + 0.00000000e+00i, 
0.00000000e+00  16  lr-wheel -7.62000000e-01 + 0.00000000e+00i, 6.00000000e-01 + 0.00000000e+00i, -0.00000000e+00 + 0.00000000e+00i, -0.00000000e+00 + 0.00000000e+00i, 1.00000000e+00 + 0.00000000e+00i, -0.00000000e+00 + 0.00000000e+00i, 
0.00000000e+00  16  rr-wheel -7.62000000e-01 + 0.00000000e+00i, -6.00000000e-01 + 0.00000000e+00i, -0.00000000e+00 + 0.00000000e+00i, -0.00000000e+00 + 0.00000000e+00i, 1.00000000e+00 + 0.00000000e+00i, -0.00000000e+00 + 0.00000000e+00i, 
0.00000000e+00  16  left-rear-bellcrank -6.27090000e-01 + 0.00000000e+00i, -5.12625288e+08 + -1.94002140e+02i, -4.62519396e+10 + 2.20528958e+05i, -8.79610000e-01 + 0.00000000e+00i, 4.75490000e-01 + 0.00000000e+00i, -5.27000000e-03 + 0.00000000e+00i, 
0.00000000e+00  16  right-rear-bellcrank -4.14730000e-01 + 0.00000000e+00i, -1.48614802e+09 + -6.01192750e+02i, -1.33443926e+11 + 6.36401796e+05i, 5.89470000e-01 + 0.00000000e+00i, 8.07560000e-01 + 0.00000000e+00i, -8.99000000e-03 + 0.00000000e+00i, 
0.00000000e+00  16  centre-rear-bellcrank -4.93690000e-01 + 0.00000000e+00i, -3.95787941e+08 + -1.13642430e+02i, -8.42187697e+10 + 2.55194493e+05i, -2.37430000e-01 + 0.00000000e+00i, 9.71320000e-01 + 0.00000000e+00i, -4.56000000e-03 + 0.00000000e+00i, 


