%%% Connection Data 
num name rx ry rz ux uy uz stiffness damping t_stiffness t_damping
{1} {lf-tire} 7.62000000e-01 6.00000000e-01 0.00000000e+00 0.00000000e+00 0.00000000e+00 1.00000000e+00 {} {} {} {}
{2} {rf-tire} 7.62000000e-01 -6.00000000e-01 0.00000000e+00 1.00000000e+00 0.00000000e+00 0.00000000e+00 {} {} {} {}
{3} {rr-tire} -7.62000000e-01 -6.00000000e-01 0.00000000e+00 0.00000000e+00 0.00000000e+00 1.00000000e+00 {} {} {} {}
{4} {lr-tire} -7.62000000e-01 6.00000000e-01 0.00000000e+00 1.00000000e+00 0.00000000e+00 0.00000000e+00 {} {} {} {}
{5} {lf-wb} 7.62000000e-01 6.00000000e-01 2.28600000e-01 0.00000000e+00 1.00000000e+00 0.00000000e+00 {} {} {} {}
{6} {rf-wb} 7.62000000e-01 -6.00000000e-01 2.28600000e-01 0.00000000e+00 1.00000000e+00 0.00000000e+00 {} {} {} {}
{7} {lr-wb} -7.62000000e-01 6.00000000e-01 2.28600000e-01 0.00000000e+00 1.00000000e+00 0.00000000e+00 {} {} {} {}
{8} {rr-wb} -7.62000000e-01 -6.00000000e-01 2.28600000e-01 0.00000000e+00 1.00000000e+00 0.00000000e+00 {} {} {} {}
{9} {lf} 7.62000000e-01 5.50000000e-01 2.28600000e-01 -1.70000000e-01 -1.70000000e-01 9.70000000e-01 {} {} {} {}
{10} {rf} 7.62000000e-01 -5.50000000e-01 2.28600000e-01 -1.70000000e-01 1.70000000e-01 9.70000000e-01 {} {} {} {}
{11} {lr} -7.62000000e-01 5.50000000e-01 3.28600000e-01 1.00000000e+00 0.00000000e+00 0.00000000e+00 {} {} {} {}
{12} {rr} -7.62000000e-01 -5.50000000e-01 3.28600000e-01 1.00000000e+00 0.00000000e+00 0.00000000e+00 {} {} {} {}
{13} {lr} -7.62000000e-01 5.50000000e-01 1.28600000e-01 1.00000000e+00 0.00000000e+00 0.00000000e+00 {} {} {} {}
{14} {rr} -7.62000000e-01 -5.50000000e-01 1.28600000e-01 1.00000000e+00 0.00000000e+00 0.00000000e+00 {} {} {} {}
{15} {lf-pin} -6.62000000e-01 2.00000000e-01 2.00000000e-01 1.00000000e+00 0.00000000e+00 0.00000000e+00 {} {} {} {}
{16} {rf-pin} -6.62000000e-01 -2.00000000e-01 2.00000000e-01 1.00000000e+00 0.00000000e+00 0.00000000e+00 {} {} {} {}
{17} {rear spring hinge} -5.62000000e-01 0.00000000e+00 1.00000000e-01 0.00000000e+00 1.00000000e+00 0.00000000e+00 {} {} {} {}
{18} {lf-tire} 7.62000000e-01 6.00000000e-01 0.00000000e+00 0.00000000e+00 0.00000000e+00 1.00000000e+00 1.00000000e+05 0.00000000e+00 0.00000000e+00 0.00000000e+00
{19} {rf-tire} 7.62000000e-01 -6.00000000e-01 0.00000000e+00 0.00000000e+00 0.00000000e+00 1.00000000e+00 1.00000000e+05 0.00000000e+00 0.00000000e+00 0.00000000e+00
{20} {rr-tire} -7.62000000e-01 -6.00000000e-01 0.00000000e+00 0.00000000e+00 0.00000000e+00 1.00000000e+00 1.00000000e+05 0.00000000e+00 0.00000000e+00 0.00000000e+00
{21} {lr-tire} -7.62000000e-01 6.00000000e-01 0.00000000e+00 0.00000000e+00 0.00000000e+00 1.00000000e+00 1.00000000e+05 0.00000000e+00 0.00000000e+00 0.00000000e+00
{22} {front left} 8.00000000e-01 5.00000000e-01 1.00000000e-01 {} {} {} 5.00000000e+03 2.00000000e+02 {} {}
{} {front left} 9.00000000e-01 4.00000000e-01 3.00000000e-01 {} {} {} {} {} {} {}
{23} {front right} 8.00000000e-01 -5.00000000e-01 1.00000000e-01 {} {} {} 5.00000000e+03 2.00000000e+02 {} {}
{} {front right} 9.00000000e-01 -4.00000000e-01 3.00000000e-01 {} {} {} {} {} {} {}
{24} {rear left} -7.00000000e-01 5.00000000e-01 1.00000000e-01 {} {} {} 5.00000000e+03 2.00000000e+02 {} {}
{} {rear left} -6.00000000e-01 4.00000000e-01 3.00000000e-01 {} {} {} {} {} {} {}
{25} {rear right} -7.00000000e-01 -5.00000000e-01 1.00000000e-01 {} {} {} 5.00000000e+03 2.00000000e+02 {} {}
{} {rear right} -6.00000000e-01 -4.00000000e-01 3.00000000e-01 {} {} {} {} {} {} {}
{26} {right-b} 7.62000000e-01 0.00000000e+00 1.00000000e-01 {} {} {} {} {} {} {}
{} {right-b} 4.62000000e-01 -4.00000000e-01 1.00000000e-01 {} {} {} {} {} {} {}
{27} {left-b} 7.62000000e-01 0.00000000e+00 1.00000000e-01 {} {} {} {} {} {} {}
{} {left-b} 4.62000000e-01 4.00000000e-01 1.00000000e-01 {} {} {} {} {} {} {}
{28} {right-b} 7.62000000e-01 -5.00000000e-01 3.00000000e-01 {} {} {} {} {} {} {}
{} {right-b} 4.62000000e-01 -5.00000000e-01 3.00000000e-01 {} {} {} {} {} {} {}
{29} {left-b} 7.62000000e-01 5.00000000e-01 3.00000000e-01 {} {} {} {} {} {} {}
{} {left-b} 4.62000000e-01 5.00000000e-01 3.00000000e-01 {} {} {} {} {} {} {}
{30} {lf-tie-rod} 6.62000000e-01 5.00000000e-01 1.50000000e-01 {} {} {} {} {} {} {}
{} {lf-tie-rod} 6.62000000e-01 1.00000000e-01 1.50000000e-01 {} {} {} {} {} {} {}
{31} {rf-tie-rod} 6.62000000e-01 -5.00000000e-01 1.50000000e-01 {} {} {} {} {} {} {}
{} {rf-tie-rod} 6.62000000e-01 -1.00000000e-01 1.50000000e-01 {} {} {} {} {} {} {}
{32} {right rear lower} -7.62000000e-01 0.00000000e+00 1.00000000e-01 {} {} {} {} {} {} {}
{} {right rear lower} -4.62000000e-01 -5.00000000e-01 1.00000000e-01 {} {} {} {} {} {} {}
{33} {left rear lower} -7.62000000e-01 0.00000000e+00 1.00000000e-01 {} {} {} {} {} {} {}
{} {left rear lower} -4.62000000e-01 5.00000000e-01 1.00000000e-01 {} {} {} {} {} {} {}
{34} {right rear upper} -7.62000000e-01 -5.00000000e-01 3.00000000e-01 {} {} {} {} {} {} {}
{} {right rear upper} -4.62000000e-01 -5.00000000e-01 3.00000000e-01 {} {} {} {} {} {} {}
{35} {left rear upper} -7.62000000e-01 5.00000000e-01 3.00000000e-01 {} {} {} {} {} {} {}
{} {left rear upper} -4.62000000e-01 5.00000000e-01 3.00000000e-01 {} {} {} {} {} {} {}
{36} {lr-link} -6.62000000e-01 2.50000000e-01 1.50000000e-01 {} {} {} {} {} {} {}
{} {lr-link} -6.62000000e-01 6.00000000e-01 2.28600000e-01 {} {} {} {} {} {} {}
{37} {rr-link} -6.62000000e-01 -2.50000000e-01 1.50000000e-01 {} {} {} {} {} {} {}
{} {rr-link} -6.62000000e-01 -6.00000000e-01 2.28600000e-01 {} {} {} {} {} {} {}
{38} {lr-link-c} -6.62000000e-01 1.00000000e-01 2.00000000e-01 {} {} {} {} {} {} {}
{} {lr-link-c} -6.62000000e-01 1.00000000e-01 1.00000000e-01 {} {} {} {} {} {} {}
{39} {rr-link-c} -6.62000000e-01 -1.00000000e-01 2.00000000e-01 {} {} {} {} {} {} {}
{} {rr-link-c} -6.62000000e-01 -1.00000000e-01 1.00000000e-01 {} {} {} {} {} {} {}
