%%% Deflection
num name type x y z 
{1} {f-axle} translation 3.11010000e-04 0.00000000e+00 -8.84188000e-03
{ } { } rotation 0.00000000e+00 -2.46943000e-03 0.00000000e+00
{2} {lf-axle} translation -6.56000000e-06 -0.00000000e+00 -8.84188000e-03
{ } { } rotation 0.00000000e+00 -2.46944000e-03 2.00000000e-08
{3} {rf-axle} translation -6.56000000e-06 -0.00000000e+00 -8.84188000e-03
{ } { } rotation -1.20000000e-07 -2.46931000e-03 6.80000000e-07
{4} {r-axle-t} translation -2.53490000e-04 -1.00000000e-08 -8.96328000e-03
{ } { } rotation -0.00000000e+00 -2.46939000e-03 3.00000000e-08
{5} {r-axle-b} translation 2.40390000e-04 -0.00000000e+00 -8.96328000e-03
{ } { } rotation -0.00000000e+00 -2.46939000e-03 3.00000000e-08
{6} {lr-axle} translation -6.57000000e-06 -1.00000000e-08 -8.96328000e-03
{ } { } rotation 3.00000000e-08 -2.46939000e-03 3.00000000e-08
{7} {rr-axle} translation -6.54000000e-06 -1.00000000e-08 -8.96327000e-03
{ } { } rotation 3.00000000e-08 -2.46939000e-03 3.00000000e-08
{8} {chassis} translation -1.82880000e-04 -0.00000000e+00 -2.31834830e-01
{ } { } rotation -1.00000000e-08 -2.46946000e-03 0.00000000e+00
{9} {lf-wheel} translation -6.57000000e-06 -0.00000000e+00 -8.84187000e-03
{ } { } rotation 0.00000000e+00 -2.87500000e-05 2.00000000e-08
{10} {rf-wheel} translation -6.53000000e-06 0.00000000e+00 -8.84187000e-03
{ } { } rotation -1.20000000e-07 -2.85600000e-05 6.80000000e-07
{11} {lr-wheel} translation -6.58000000e-06 -2.00000000e-08 -8.96328000e-03
{ } { } rotation 3.00000000e-08 -2.87900000e-05 3.00000000e-08
{12} {rr-wheel} translation -6.53000000e-06 -1.00000000e-08 -8.96328000e-03
{ } { } rotation 3.00000000e-08 -2.85900000e-05 3.00000000e-08
{13} {left-rear-bellcrank} translation 6.40700000e-05 -0.00000000e+00 -2.33469620e-01
{ } { } rotation 8.24340050e-01 -2.46946000e-03 0.00000000e+00
{14} {right-rear-bellcrank} translation 6.40700000e-05 -0.00000000e+00 -2.33469610e-01
{ } { } rotation -8.24340070e-01 -2.46946000e-03 0.00000000e+00
{15} {centre-rear-bellcrank} translation 3.11010000e-04 -0.00000000e+00 -2.33222670e-01
{ } { } rotation -1.00000000e-08 -8.26809520e-01 0.00000000e+00
