%%% Preload
num name type fx fy fz fxyz 
{1} {lf-tire} force -0.00000000e+00 -0.00000000e+00 0.00000000e+00 0.00000000e+00
{2} {rf-tire} force -0.00000000e+00 -0.00000000e+00 -0.00000000e+00 0.00000000e+00
{3} {rr-tire} force -0.00000000e+00 0.00000000e+00 0.00000000e+00 0.00000000e+00
{4} {lr-tire} force -0.00000000e+00 -0.00000000e+00 -0.00000000e+00 0.00000000e+00
{5} {lf-wb} force 0.00000000e+00 0.00000000e+00 -7.86087420e+02 7.86087420e+02
{6} {rf-wb} force 0.00000000e+00 0.00000000e+00 -7.86087390e+02 7.86087390e+02
{7} {lr-wb} force -0.00000000e+00 -0.00000000e+00 -7.98227580e+02 7.98227580e+02
{8} {rr-wb} force 0.00000000e+00 -0.00000000e+00 -7.98227610e+02 7.98227610e+02
{9} {lf} force 0.00000000e+00 -6.05438700e+01 7.86087420e+02 7.88415495e+02
{} {} moment 3.45456200e+01 0.00000000e+00 6.05439000e+00 3.50721471e+01
{10} {rf} force -0.00000000e+00 6.05438700e+01 7.86087390e+02 7.88415465e+02
{} {} moment -3.45456200e+01 0.00000000e+00 -6.05439000e+00 3.50721471e+01
{11} {lr} force -0.00000000e+00 -4.40417500e+02 2.45250000e+01 4.41099819e+02
{} {} moment 0.00000000e+00 -0.00000000e+00 -3.55860000e+00 3.55860000e+00
{12} {rr} force 0.00000000e+00 4.40417500e+02 2.45250000e+01 4.41099819e+02
{} {} moment 0.00000000e+00 0.00000000e+00 3.55859000e+00 3.55859000e+00
{13} {lr} force -6.06833860e+02 8.15006260e+02 2.45250000e+01 1.01640741e+03
{} {} moment 0.00000000e+00 1.73554500e+01 -3.55860000e+00 1.77165256e+01
{14} {rr} force -6.06833850e+02 -8.15006330e+02 2.45250000e+01 1.01640746e+03
{} {} moment 0.00000000e+00 1.73554500e+01 3.55859000e+00 1.77165236e+01
{15} {lf-pin} force 0.00000000e+00 -2.00000000e-05 9.80998000e+00 9.80998000e+00
{16} {rf-pin} force -0.00000000e+00 -2.00000000e-05 9.81002000e+00 9.81002000e+00
{17} {rear spring hinge} force -0.00000000e+00 0.00000000e+00 -9.81000000e+00 9.81000000e+00
{18} {lf-tire} force 0.00000000e+00 0.00000000e+00 8.84187420e+02 8.84187420e+02
{19} {rf-tire} force 0.00000000e+00 0.00000000e+00 8.84187390e+02 8.84187390e+02
{20} {rr-tire} force 0.00000000e+00 0.00000000e+00 8.96327610e+02 8.96327610e+02
{21} {lr-tire} force 0.00000000e+00 0.00000000e+00 8.96327580e+02 8.96327580e+02
{22} {front left} force -3.68518710e+02 3.68518710e+02 -7.37037420e+02 -9.02682800e+02
{23} {front right} force -3.68518690e+02 -3.68518690e+02 -7.37037380e+02 -9.02682750e+02
{24} {rear left} force -3.74588790e+02 3.74588790e+02 -7.49177580e+02 -9.17551400e+02
{25} {rear right} force -3.74588810e+02 -3.74588810e+02 -7.49177620e+02 -9.17551450e+02
{26} {right-b} force 5.08555800e+02 6.78074400e+02 -0.00000000e+00 -8.47593000e+02
{27} {left-b} force 5.08555810e+02 -6.78074420e+02 -0.00000000e+00 -8.47593020e+02
{28} {right-b} force -1.40037120e+02 0.00000000e+00 0.00000000e+00 1.40037120e+02
{29} {left-b} force -1.40037100e+02 0.00000000e+00 0.00000000e+00 1.40037100e+02
{30} {lf-tie-rod} force 0.00000000e+00 -6.05438700e+01 0.00000000e+00 6.05438700e+01
{31} {rf-tie-rod} force 0.00000000e+00 6.05438700e+01 0.00000000e+00 6.05438700e+01
{32} {right rear lower} force 6.06833830e+02 -1.01138972e+03 0.00000000e+00 1.17947297e+03
{33} {left rear lower} force 6.06833870e+02 1.01138979e+03 0.00000000e+00 1.17947304e+03
{34} {right rear upper} force -2.32245040e+02 -0.00000000e+00 -0.00000000e+00 -2.32245040e+02
{35} {left rear upper} force -2.32245070e+02 -0.00000000e+00 -0.00000000e+00 -2.32245070e+02
{36} {lr-link} force 0.00000000e+00 2.00000000e-05 1.00000000e-05 2.00000000e-05
{37} {rr-link} force -0.00000000e+00 2.00000000e-05 -1.00000000e-05 -2.00000000e-05
{38} {lr-link-c} force -0.00000000e+00 -0.00000000e+00 1.00000000e-05 -1.00000000e-05
{39} {rr-link-c} force 0.00000000e+00 0.00000000e+00 -1.00000000e-05 1.00000000e-05
