1 1 2.160963226755e+02
3 1 1.571885663302e+03
5 1 3.036169528163e+02
31 1 -2.160963226755e+02
33 1 -1.571885663302e+03
35 1 -7.715580029025e+01
1 3 1.571885663302e+03
3 3 1.143390367732e+04
5 3 2.208511136879e+03
31 3 -1.571885663302e+03
33 3 -1.143390367732e+04
35 3 -5.612316526967e+02
1 5 3.036169528163e+02
3 5 2.208511136879e+03
5 5 4.265840940565e+02
31 5 -3.036169528163e+02
33 5 -2.208511136879e+03
35 5 -1.084044776246e+02
13 13 3.891015772871e+02
15 13 -8.239798107256e+02
16 13 4.306820710649e-16
17 13 1.281746372240e+01
18 13 1.071960173051e-15
19 13 -3.891015772871e+02
21 13 8.239798107256e+02
22 13 -4.306820710649e-16
23 13 -2.073682523659e+01
24 13 -1.071960173051e-15
13 15 -8.239798107256e+02
15 15 1.744898422713e+03
16 15 3.291459288193e-15
17 15 -2.714286435331e+01
18 15 -8.887801390366e-16
19 15 8.239798107256e+02
21 15 -1.744898422713e+03
22 15 -3.291459288193e-15
23 15 4.391327697161e+01
24 15 8.887801390366e-16
13 16 3.458809368102e-15
15 16 -5.779336968879e-15
16 16 1.744898422713e+01
17 16 3.677050643728e-17
18 16 8.239798107256e+00
19 16 -3.458809368102e-15
21 16 5.779336968879e-15
22 16 -1.744898422713e+01
23 16 1.985680777670e-16
24 16 -8.239798107256e+00
13 17 1.281746372240e+01
15 17 -2.714286435331e+01
16 17 -9.921604509262e-17
17 17 4.222223343849e-01
18 17 4.989732605455e-17
19 17 -1.281746372240e+01
21 17 2.714286435331e+01
22 17 9.921604509262e-17
23 17 -6.830954195584e-01
24 17 -4.989732605455e-17
13 18 3.887035687909e-16
15 18 -1.091934033717e-15
16 18 8.239798107256e+00
17 18 5.017619207333e-17
18 18 3.891015772871e+00
19 18 -3.887035687909e-16
21 18 1.091934033717e-15
22 18 -8.239798107256e+00
23 18 2.319215908769e-17
24 18 -3.891015772871e+00
13 19 -3.891015772871e+02
15 19 8.239798107256e+02
16 19 -4.306820710649e-16
17 19 -1.281746372240e+01
18 19 -1.071960173051e-15
19 19 3.891015772871e+02
21 19 -8.239798107256e+02
22 19 4.306820710649e-16
23 19 2.073682523659e+01
24 19 1.071960173051e-15
13 21 8.239798107256e+02
15 21 -1.744898422713e+03
16 21 -3.291459288193e-15
17 21 2.714286435331e+01
18 21 8.887801390366e-16
19 21 -8.239798107256e+02
21 21 1.744898422713e+03
22 21 3.291459288193e-15
23 21 -4.391327697161e+01
24 21 -8.887801390366e-16
13 22 -3.458809368102e-15
15 22 5.779336968879e-15
16 22 -1.744898422713e+01
17 22 -3.677050643728e-17
18 22 -8.239798107256e+00
19 22 3.458809368102e-15
21 22 -5.779336968879e-15
22 22 1.744898422713e+01
23 22 -1.985680777670e-16
24 22 8.239798107256e+00
13 23 -2.073682523659e+01
15 23 4.391327697161e+01
16 23 2.857553570979e-17
17 23 -6.830954195584e-01
18 23 9.116396789832e-18
19 23 2.073682523659e+01
21 23 -4.391327697161e+01
22 23 -2.857553570979e-17
23 23 1.105150803785e+00
24 23 -9.116396789832e-18
13 24 -3.887035687909e-16
15 24 1.091934033717e-15
16 24 -8.239798107256e+00
17 24 -5.017619207333e-17
18 24 -3.891015772871e+00
19 24 3.887035687909e-16
21 24 -1.091934033717e-15
22 24 8.239798107256e+00
23 24 -2.319215908769e-17
24 24 3.891015772871e+00
1 31 -2.160963226755e+02
3 31 -1.571885663302e+03
5 31 -3.036169528163e+02
31 31 2.160963226755e+02
33 31 1.571885663302e+03
35 31 7.715580029025e+01
1 33 -1.571885663302e+03
3 33 -1.143390367732e+04
5 33 -2.208511136879e+03
31 33 1.571885663302e+03
33 33 1.143390367732e+04
35 33 5.612316526967e+02
1 35 -7.715580029025e+01
3 35 -5.612316526967e+02
5 35 -1.084044776246e+02
31 35 7.715580029025e+01
33 35 5.612316526967e+02
35 35 2.754798158860e+01
37 37 2.000000000000e+03
41 37 -5.640000000000e+02
37 41 -5.640000000000e+02
41 41 1.590480000000e+02
43 43 2.000000000000e+03
47 43 -5.940000000000e+02
43 47 -5.940000000000e+02
47 47 1.764180000000e+02
50 50 6.666666666667e+02
56 56 6.666666666667e+02
