7 1 -1.000000000000e+00
12 1 -1.000000000000e+00
17 1 -1.000000000000e+00
23 1 -1.000000000000e+00
8 2 -1.000000000000e+00
13 2 -1.000000000000e+00
18 2 -1.000000000000e+00
24 2 -1.000000000000e+00
9 3 -1.000000000000e+00
14 3 -1.000000000000e+00
19 3 -1.000000000000e+00
25 3 -1.000000000000e+00
8 4 -1.116000000000e-01
10 4 1.000000000000e+00
13 4 -2.846000000000e-01
15 4 1.000000000000e+00
18 4 3.714000000000e-01
20 4 -1.000000000000e+00
24 4 2.766000000000e-01
27 4 -9.135369243015e-01
7 5 1.116000000000e-01
9 5 -1.289000000000e-01
12 5 2.846000000000e-01
14 5 -1.389000000000e-01
17 5 -3.714000000000e-01
19 5 -3.139000000000e-01
21 5 -1.000000000000e+00
23 5 -2.766000000000e-01
25 5 4.951000000000e-01
26 5 -1.000000000000e+00
60 5 3.000000000000e+01
65 5 3.000000000000e+01
70 5 3.000000000000e+01
76 5 3.000000000000e+01
8 6 1.289000000000e-01
11 6 -1.000000000000e+00
13 6 1.389000000000e-01
16 6 -1.000000000000e+00
18 6 3.139000000000e-01
22 6 -1.000000000000e+00
24 6 -4.951000000000e-01
27 6 -4.067558087327e-01
59 6 -3.000000000000e+01
64 6 -3.000000000000e+01
69 6 -3.000000000000e+01
75 6 -3.000000000000e+01
17 7 1.000000000000e+00
18 8 1.000000000000e+00
19 9 1.000000000000e+00
18 10 2.962000000000e-01
20 10 1.000000000000e+00
17 11 -2.962000000000e-01
19 11 5.100000000000e-02
21 11 1.000000000000e+00
70 11 -3.000000000000e+01
18 12 -5.100000000000e-02
22 12 1.000000000000e+00
69 12 3.000000000000e+01
23 13 1.000000000000e+00
47 13 9.042486467460e-01
24 14 1.000000000000e+00
48 14 1.000000000000e+00
25 15 1.000000000000e+00
47 15 4.270063054078e-01
24 16 2.100000000000e-02
27 16 9.135369243015e-01
48 16 3.440000000000e-01
49 16 1.000000000000e+00
23 17 -2.100000000000e-02
25 17 -9.000000000000e-03
26 17 1.000000000000e+00
47 17 -3.870686568432e-01
50 17 1.000000000000e+00
76 17 -3.000000000000e+01
98 17 -1.281018916223e+01
24 18 9.000000000000e-03
27 18 4.067558087327e-01
48 18 1.780000000000e-01
51 18 1.000000000000e+00
75 18 3.000000000000e+01
99 18 3.000000000000e+01
28 19 1.000000000000e+00
47 19 -9.042486467460e-01
29 20 1.000000000000e+00
48 20 -1.000000000000e+00
30 21 1.000000000000e+00
47 21 -4.270063054078e-01
29 22 4.200000000000e-02
31 22 -1.000000000000e+00
48 22 1.020000000000e-01
49 22 -1.000000000000e+00
28 23 -4.200000000000e-02
30 23 -4.500000000000e-02
47 23 -1.020545069925e-01
50 23 -1.000000000000e+00
81 23 -3.000000000000e+01
98 23 1.281018916223e+01
29 24 4.500000000000e-02
32 24 1.000000000000e+00
48 24 2.300000000000e-02
51 24 -1.000000000000e+00
80 24 3.000000000000e+01
99 24 -3.000000000000e+01
1 25 7.065293157494e-01
2 25 1.000000000000e+00
7 25 1.000000000000e+00
3 26 1.000000000000e+00
8 26 1.000000000000e+00
1 27 -7.076837754157e-01
4 27 1.000000000000e+00
9 27 1.000000000000e+00
3 28 1.430000000000e-02
5 28 -1.000000000000e+00
8 28 -4.950000000000e-02
10 28 -1.000000000000e+00
1 29 9.890556120339e-02
2 29 -1.430000000000e-02
4 29 1.960000000000e-01
7 29 4.950000000000e-02
9 29 -3.530000000000e-01
52 29 2.123051326247e+01
55 29 -3.000000000000e+01
60 29 -3.000000000000e+01
3 30 -1.960000000000e-01
6 30 1.000000000000e+00
8 30 3.530000000000e-01
11 30 1.000000000000e+00
54 30 3.000000000000e+01
59 30 3.000000000000e+01
1 31 -7.065293157494e-01
12 31 1.000000000000e+00
13 32 1.000000000000e+00
1 33 7.076837754157e-01
14 33 1.000000000000e+00
13 34 -1.506666666667e-02
15 34 -1.000000000000e+00
1 35 1.311562385840e-02
12 35 1.506666666667e-02
14 35 -4.636666666667e-02
52 35 -2.123051326247e+01
65 35 -3.000000000000e+01
13 36 4.636666666667e-02
16 36 1.000000000000e+00
64 36 3.000000000000e+01
28 37 -1.000000000000e+00
33 37 1.000000000000e+00
29 38 -1.000000000000e+00
43 38 1.000000000000e+00
30 39 -1.000000000000e+00
34 39 -1.000000000000e+00
45 39 1.000000000000e+00
31 40 1.000000000000e+00
35 40 -1.000000000000e+00
43 40 2.820000000000e-01
33 41 -2.820000000000e-01
36 41 -1.000000000000e+00
81 41 3.000000000000e+01
85 41 3.000000000000e+01
96 41 -3.000000000000e+01
32 42 -1.000000000000e+00
37 42 -1.000000000000e+00
80 42 -3.000000000000e+01
94 42 3.000000000000e+01
2 43 -1.000000000000e+00
38 43 1.000000000000e+00
3 44 -1.000000000000e+00
44 44 1.000000000000e+00
4 45 -1.000000000000e+00
39 45 -1.000000000000e+00
46 45 1.000000000000e+00
5 46 1.000000000000e+00
40 46 -1.000000000000e+00
44 46 2.970000000000e-01
38 47 -2.970000000000e-01
41 47 -1.000000000000e+00
55 47 3.000000000000e+01
90 47 3.000000000000e+01
97 47 -3.000000000000e+01
6 48 -1.000000000000e+00
42 48 -1.000000000000e+00
54 48 -3.000000000000e+01
95 48 3.000000000000e+01
33 49 -1.000000000000e+00
43 50 -1.000000000000e+00
34 51 1.000000000000e+00
35 52 1.000000000000e+00
36 53 1.000000000000e+00
37 54 1.000000000000e+00
38 55 -1.000000000000e+00
44 56 -1.000000000000e+00
39 57 1.000000000000e+00
40 58 1.000000000000e+00
41 59 1.000000000000e+00
42 60 1.000000000000e+00
58 61 -1.000000000000e+00
63 61 -1.000000000000e+00
68 61 -1.000000000000e+00
74 61 -1.000000000000e+00
59 62 -1.000000000000e+00
64 62 -1.000000000000e+00
69 62 -1.000000000000e+00
75 62 -1.000000000000e+00
60 63 -1.000000000000e+00
65 63 -1.000000000000e+00
70 63 -1.000000000000e+00
76 63 -1.000000000000e+00
59 64 -1.116000000000e-01
61 64 1.000000000000e+00
64 64 -2.846000000000e-01
66 64 1.000000000000e+00
69 64 3.714000000000e-01
71 64 -1.000000000000e+00
75 64 2.766000000000e-01
78 64 -9.135369243015e-01
58 65 1.116000000000e-01
60 65 -1.289000000000e-01
63 65 2.846000000000e-01
65 65 -1.389000000000e-01
68 65 -3.714000000000e-01
70 65 -3.139000000000e-01
72 65 -1.000000000000e+00
74 65 -2.766000000000e-01
76 65 4.951000000000e-01
77 65 -1.000000000000e+00
59 66 1.289000000000e-01
62 66 -1.000000000000e+00
64 66 1.389000000000e-01
67 66 -1.000000000000e+00
69 66 3.139000000000e-01
73 66 -1.000000000000e+00
75 66 -4.951000000000e-01
78 66 -4.067558087327e-01
68 67 1.000000000000e+00
69 68 1.000000000000e+00
70 69 1.000000000000e+00
69 70 2.962000000000e-01
71 70 1.000000000000e+00
68 71 -2.962000000000e-01
70 71 5.100000000000e-02
72 71 1.000000000000e+00
69 72 -5.100000000000e-02
73 72 1.000000000000e+00
74 73 1.000000000000e+00
98 73 9.042486467460e-01
75 74 1.000000000000e+00
99 74 1.000000000000e+00
76 75 1.000000000000e+00
98 75 4.270063054078e-01
75 76 2.100000000000e-02
78 76 9.135369243015e-01
99 76 3.440000000000e-01
100 76 1.000000000000e+00
74 77 -2.100000000000e-02
76 77 -9.000000000000e-03
77 77 1.000000000000e+00
98 77 -3.870686568432e-01
101 77 1.000000000000e+00
75 78 9.000000000000e-03
78 78 4.067558087327e-01
99 78 1.780000000000e-01
102 78 1.000000000000e+00
79 79 1.000000000000e+00
98 79 -9.042486467460e-01
80 80 1.000000000000e+00
99 80 -1.000000000000e+00
81 81 1.000000000000e+00
98 81 -4.270063054078e-01
80 82 4.200000000000e-02
82 82 -1.000000000000e+00
99 82 1.020000000000e-01
100 82 -1.000000000000e+00
79 83 -4.200000000000e-02
81 83 -4.500000000000e-02
98 83 -1.020545069925e-01
101 83 -1.000000000000e+00
80 84 4.500000000000e-02
83 84 1.000000000000e+00
99 84 2.300000000000e-02
102 84 -1.000000000000e+00
52 85 7.065293157494e-01
53 85 1.000000000000e+00
58 85 1.000000000000e+00
54 86 1.000000000000e+00
59 86 1.000000000000e+00
52 87 -7.076837754157e-01
55 87 1.000000000000e+00
60 87 1.000000000000e+00
54 88 1.430000000000e-02
56 88 -1.000000000000e+00
59 88 -4.950000000000e-02
61 88 -1.000000000000e+00
52 89 9.890556120339e-02
53 89 -1.430000000000e-02
55 89 1.960000000000e-01
58 89 4.950000000000e-02
60 89 -3.530000000000e-01
54 90 -1.960000000000e-01
57 90 1.000000000000e+00
59 90 3.530000000000e-01
62 90 1.000000000000e+00
52 91 -7.065293157494e-01
63 91 1.000000000000e+00
64 92 1.000000000000e+00
52 93 7.076837754157e-01
65 93 1.000000000000e+00
64 94 -1.506666666667e-02
66 94 -1.000000000000e+00
52 95 1.311562385840e-02
63 95 1.506666666667e-02
65 95 -4.636666666667e-02
64 96 4.636666666667e-02
67 96 1.000000000000e+00
79 97 -1.000000000000e+00
84 97 1.000000000000e+00
80 98 -1.000000000000e+00
94 98 1.000000000000e+00
81 99 -1.000000000000e+00
85 99 -1.000000000000e+00
96 99 1.000000000000e+00
82 100 1.000000000000e+00
86 100 -1.000000000000e+00
94 100 2.820000000000e-01
84 101 -2.820000000000e-01
87 101 -1.000000000000e+00
83 102 -1.000000000000e+00
88 102 -1.000000000000e+00
53 103 -1.000000000000e+00
89 103 1.000000000000e+00
54 104 -1.000000000000e+00
95 104 1.000000000000e+00
55 105 -1.000000000000e+00
90 105 -1.000000000000e+00
97 105 1.000000000000e+00
56 106 1.000000000000e+00
91 106 -1.000000000000e+00
95 106 2.970000000000e-01
89 107 -2.970000000000e-01
92 107 -1.000000000000e+00
57 108 -1.000000000000e+00
93 108 -1.000000000000e+00
84 109 -1.000000000000e+00
94 110 -1.000000000000e+00
85 111 1.000000000000e+00
86 112 1.000000000000e+00
87 113 1.000000000000e+00
88 114 1.000000000000e+00
89 115 -1.000000000000e+00
95 116 -1.000000000000e+00
90 117 1.000000000000e+00
91 118 1.000000000000e+00
92 119 1.000000000000e+00
93 120 1.000000000000e+00
