1 1 -5.193791544367e+03
3 1 8.765981645024e+03
5 1 1.955821484621e+03
6 1 -1.452680408080e-12
31 1 5.193791544367e+03
33 1 -8.765981645024e+03
35 1 -3.952963857336e+02
2 2 -6.398902350042e+03
4 2 -2.626317713726e+02
6 2 1.494783588968e+03
32 2 6.398902350042e+03
34 2 -3.498066618023e+01
36 2 -3.092802802520e+02
1 3 8.765981645024e+03
3 3 5.736488919433e+04
4 3 1.452680408080e-12
5 3 1.082148631583e+04
31 3 -8.765981645024e+03
33 3 -5.736488919433e+04
35 3 -2.820557010719e+03
2 4 1.049419985309e+02
3 4 -1.452680408080e-12
4 4 -5.568106147179e+01
5 4 -1.637178634459e-13
6 4 1.530298396506e+02
32 4 -1.049419985407e+02
34 4 5.736829253558e-01
36 4 5.072196596133e+00
1 5 1.588247714717e+03
3 5 1.109471944617e+04
4 5 -5.559298582149e-13
5 5 2.124463984960e+03
6 5 -4.602643172912e-13
31 5 -1.588247714707e+03
33 5 -1.109471944618e+04
35 5 -5.449271940722e+02
1 6 1.452680408080e-12
2 6 1.221550458624e+03
4 6 3.376916421443e+02
5 6 -1.027228609386e-13
6 6 -1.987991896919e+02
32 6 -1.221550458623e+03
34 6 6.677809173806e+00
36 6 5.904160550011e+01
5 7 -3.304008000000e+02
6 7 6.926838202790e-13
4 8 3.304008000000e+02
6 8 5.903930527395e-13
4 9 -6.926838202790e-13
5 9 -5.903930527395e-13
4 10 9.786471696000e+01
6 10 1.748744222214e-13
8 10 -8.526512829121e-13
9 10 6.926838202790e-13
10 10 -9.786471696000e+01
11 10 3.532687483423e-14
12 10 1.685044080000e+01
4 11 -3.532687483423e-14
5 11 9.786471696000e+01
6 11 -2.051729475666e-13
7 11 8.526512829121e-13
9 11 5.903930527395e-13
11 11 -9.786471696000e+01
4 12 -1.685044080000e+01
6 12 -3.011004568971e-14
7 12 -6.926838202790e-13
8 12 -5.903930527395e-13
10 12 -1.748744222214e-13
11 12 2.051729475666e-13
12 12 3.011004568971e-14
5 13 8.676147467872e+02
6 13 6.946660890350e-14
13 13 2.765056463034e+03
15 13 -1.049983444801e+04
16 13 7.658958804906e-11
17 13 3.808960684229e+02
18 13 -1.622082697988e-10
19 13 -2.765056463034e+03
21 13 1.049983444801e+04
22 13 -7.658958804906e-11
23 13 -4.692611736561e+02
24 13 1.612165270469e-10
4 14 -8.676147467872e+02
6 14 -1.102353197679e-12
14 14 -2.193198692971e+03
16 14 -2.175653103428e+02
18 14 -1.368555984414e+02
20 14 2.193198692971e+03
22 14 2.050153400479e+02
24 14 -3.039773388538e+02
4 15 -6.946660890350e-14
5 15 1.102353197679e-12
13 15 -1.049983444801e+04
15 15 2.004174484399e+04
16 15 3.615071573140e-11
17 15 -2.090213010225e+02
18 15 -7.659802590438e-11
19 15 1.049983444801e+04
21 15 -2.004174484399e+04
22 15 -3.515897297951e-11
23 15 8.635567512008e+02
24 15 7.659802590438e-11
4 16 -1.821990968253e+01
6 16 -2.314941715126e-14
13 16 7.658230295318e-11
14 16 -2.175653103258e+02
15 16 3.526956005608e-11
16 16 1.447199647041e+02
17 16 -9.789786676998e-12
18 16 5.716213909812e+01
19 16 -7.658230295318e-11
20 16 2.175653103428e+02
21 16 -3.619183619906e-11
22 16 -1.369791859920e+02
23 16 2.148570304991e-12
24 16 -2.264250533031e+02
4 17 6.251994801315e-16
5 17 -1.821990968253e+01
6 17 -1.458798786974e-15
13 17 3.808960684060e+02
15 17 -2.090213010305e+02
16 17 -4.357725082544e-11
17 17 -1.023112224803e+02
18 17 9.228551432803e-11
19 17 -3.808960684229e+02
21 17 2.090213010225e+02
22 17 9.678362376429e-12
23 17 -7.335232848239e+00
24 17 -2.052948080697e-11
4 18 -7.808532721085e+00
6 18 -9.921178779113e-15
13 18 -1.612887977931e-10
14 18 -1.368555984334e+02
15 18 -7.657995482863e-11
16 18 -1.170030538367e+01
17 18 2.078044213854e-11
18 18 -2.434348143917e+01
19 18 1.622110739360e-10
20 18 1.368555984414e+02
21 18 7.657995482863e-11
22 18 -7.185225970118e+01
23 18 -4.547170978095e-12
24 18 -8.971949129002e+01
13 19 -2.765056463034e+03
15 19 1.049983444801e+04
16 19 -7.658958804906e-11
17 19 -3.808960684229e+02
18 19 1.622082697988e-10
19 19 2.765056463034e+03
21 19 -1.049983444801e+04
22 19 7.658958804906e-11
23 19 4.692611736561e+02
24 19 -1.612165270469e-10
41 19 -1.036739146787e+03
42 19 8.475391276098e-14
14 20 2.193198692971e+03
16 20 2.175653103428e+02
18 20 1.368555984414e+02
20 20 -2.193198692971e+03
22 20 -2.050153400479e+02
24 20 3.039773388538e+02
40 20 1.036739146787e+03
42 20 -8.686819714590e-14
13 21 1.049983444801e+04
15 21 -2.004174484399e+04
16 21 -3.615071573140e-11
17 21 2.090213010225e+02
18 21 7.659802590438e-11
19 21 -1.049983444801e+04
21 21 2.004174484399e+04
22 21 3.515897297951e-11
23 21 -8.635567512008e+02
24 21 -7.659802590438e-11
40 21 -8.475391276098e-14
41 21 8.686819714590e-14
13 22 -7.658230295318e-11
14 22 2.895022274722e+01
15 22 -3.619183619906e-11
16 22 -1.975455863434e+02
17 22 9.854349709601e-12
18 22 -1.031918505807e+02
19 22 7.658230295318e-11
20 22 -2.895022276413e+01
21 22 3.726833286371e-11
22 22 1.669143415236e+02
23 22 -2.129574147772e-12
24 22 4.014840087092e+01
40 22 4.354304416506e+01
42 22 -3.648464280128e-15
13 23 -2.931960563555e+02
15 23 4.907129733877e+02
16 23 2.148466951667e-12
17 23 -1.535440748924e+00
18 23 -4.547185886272e-12
19 23 2.931960563724e+02
21 23 -4.907129733797e+02
22 23 2.709593883053e-11
23 23 -9.875469932503e+00
24 23 -6.917242794882e-11
40 23 3.813926074244e-15
41 23 4.354304416506e+01
42 23 -3.559664335961e-15
13 24 1.622110739360e-10
14 24 6.886643895930e+01
15 24 7.657995482863e-11
16 24 -9.816679373535e+01
17 24 -2.087007878900e-11
18 24 -2.335329883928e+01
19 24 -1.632875706007e-10
20 24 -6.886643896728e+01
21 24 -7.657995482863e-11
22 24 1.510904083877e+02
23 24 4.449572881738e-12
24 24 3.719545307010e+01
40 24 4.665326160543e+01
42 24 -3.909068871566e-15
5 25 -1.238888032393e+03
6 25 3.895305987291e-13
25 25 9.483644981337e+03
27 25 9.468174108611e+03
29 25 -2.014445319756e+03
31 25 -9.483644981337e+03
33 25 -9.468174108611e+03
35 25 2.133515860304e+02
47 25 -1.161191353213e+03
48 25 -2.296272888537e-13
4 26 1.238888032393e+03
6 26 2.317812110915e+03
26 26 1.893637345519e+04
28 26 6.911776311143e+02
30 26 3.336589002804e+03
32 26 -1.893637345519e+04
34 26 -3.888268682798e+02
36 26 -3.724153446187e+01
46 26 1.161191353213e+03
48 26 -4.216431573396e-13
4 27 -3.895305987291e-13
5 27 -2.317812110915e+03
25 27 9.468174108611e+03
27 27 9.452728473850e+03
29 27 -2.011159112057e+03
31 27 -9.468174108611e+03
33 27 -9.452728473850e+03
35 27 2.130035410287e+02
46 27 2.296272888537e-13
47 27 4.216431573396e-13
4 28 -6.132495760346e+01
6 28 -1.147316994903e+02
26 28 6.911776311143e+02
27 28 1.599033098754e-13
28 28 1.546862823628e+02
29 28 -1.825112499667e-13
30 28 3.211173401410e+02
32 28 -6.911776311143e+02
34 28 -1.419218069221e+01
36 28 -1.359316007858e+00
46 28 1.660503635094e+01
48 28 -6.029497149957e-15
4 29 1.375043013514e-13
5 29 7.568627175495e+02
6 29 1.928176463709e-14
25 29 -2.014445319756e+03
27 29 -2.011159112057e+03
28 29 3.149282273681e-13
29 29 1.475626073329e+02
30 29 8.402515829730e-13
31 29 2.014445319756e+03
33 29 2.011159112057e+03
35 29 -4.531855681937e+01
46 29 4.500694861533e-14
47 29 1.660503635094e+01
48 29 3.283670230608e-15
4 30 4.373274754348e+02
6 30 8.181876751530e+02
25 30 -1.599033098754e-13
26 30 3.336589002804e+03
28 30 3.211173401410e+02
29 30 -2.256543486770e-14
30 30 1.781178010843e+02
32 30 -3.336589002804e+03
34 30 -6.851129419091e+01
36 30 -6.561958372181e+00
46 30 -2.275935052297e+02
48 30 8.264205883857e-14
1 31 5.193791544367e+03
3 31 -8.765981645024e+03
5 31 -1.254147399015e+03
6 31 3.009993801686e-13
25 31 -9.483644981337e+03
27 31 -9.468174108611e+03
29 31 2.014445319756e+03
31 31 4.289853436970e+03
33 31 1.823415575363e+04
35 31 1.819447997032e+02
2 32 6.398902350042e+03
4 32 -4.390423142333e+02
6 32 -3.812595699883e+03
26 32 -1.893637345519e+04
28 32 -6.911776311143e+02
30 32 -3.336589002804e+03
32 32 1.253747110515e+04
34 32 4.238075344601e+02
36 32 3.465218147139e+02
1 33 -8.765981645024e+03
3 33 -5.736488919433e+04
4 33 -3.009993801686e-13
5 33 -8.503674204915e+03
25 33 -9.468174108611e+03
27 33 -9.452728473850e+03
29 33 2.011159112057e+03
31 33 1.823415575363e+04
33 33 6.681761766818e+04
35 33 2.607553469690e+03
2 34 -3.498066618023e+01
4 34 5.607461015125e+00
6 34 4.571622414213e+01
26 34 -3.888268682798e+02
28 34 -1.419218069221e+01
30 34 -6.851129419091e+01
32 34 4.238075344698e+02
33 34 3.009993801686e-13
34 34 -5.577626300290e+01
35 34 -1.395633792715e-14
36 34 -8.606318855812e+01
1 35 -3.952963857336e+02
3 35 -2.820557010719e+03
4 35 1.395633792715e-14
5 35 -6.600315470022e+02
6 35 4.535057327873e-15
25 35 2.133515860304e+02
27 35 2.130035410287e+02
29 35 -4.531855681937e+01
31 35 1.819447996935e+02
33 35 2.607553469691e+03
34 35 3.982684983571e-13
35 35 2.085046900692e+02
36 35 -6.022341252886e-13
2 36 -3.092802802520e+02
4 36 -1.041892137481e+01
6 36 -6.109652551966e+01
26 36 -3.724153446187e+01
28 36 -1.359316007858e+00
30 36 -6.561958372181e+00
31 36 -3.009993801686e-13
32 36 3.465218147126e+02
34 36 -8.606318855764e+01
35 36 -4.535057327873e-15
36 36 1.139107299740e+02
41 37 1.036739146787e+03
42 37 -8.475391276098e-14
54 37 2.130120127662e-13
40 38 -1.036739146787e+03
42 38 4.414986477713e-13
40 39 8.475391276098e-14
41 39 -4.414986477713e-13
52 39 -2.130120127662e-13
38 40 -2.842170943040e-14
39 40 1.282581000052e-13
40 40 -3.252808373940e+02
42 40 1.000057870764e-13
37 41 2.842170943040e-14
39 41 4.414986477713e-13
40 41 4.459805310385e-12
42 41 2.405009402952e-12
54 41 -6.006938760007e-14
37 42 -1.282581000052e-13
38 42 -4.414986477713e-13
40 42 -1.000057870764e-13
41 42 6.006938760007e-14
47 43 1.161191353213e+03
48 43 2.296272888537e-13
60 43 1.297664352729e-13
46 44 -1.161191353213e+03
48 44 1.162701663931e-12
46 45 -2.296272888537e-13
47 45 -1.162701663931e-12
58 45 -1.297664352729e-13
44 46 -1.477928890381e-12
45 46 3.593937241266e-13
46 46 -3.877033109042e+02
48 46 2.200943764578e-13
43 47 1.477928890381e-12
45 47 1.162701663931e-12
46 47 1.177929736888e-13
48 47 7.490566314662e-14
60 47 -3.854063127604e-14
43 48 -3.593937241266e-13
44 48 -1.162701663931e-12
46 48 -2.200943764578e-13
47 48 3.854063127604e-14
41 49 3.998850962721e-13
54 49 -2.130120127662e-13
40 50 -3.998850962721e-13
42 50 -3.546304506254e-13
41 51 3.546304506254e-13
52 51 2.130120127662e-13
39 52 -2.130120127662e-13
50 52 3.998850962721e-13
49 53 -3.998850962721e-13
51 53 -3.546304506254e-13
37 54 2.130120127662e-13
41 54 -6.006938760007e-14
50 54 3.546304506254e-13
47 55 -2.371702949669e-13
60 55 -1.297664352729e-13
46 56 2.371702949669e-13
48 56 -7.410585065918e-13
47 57 7.410585065918e-13
58 57 1.297664352729e-13
45 58 -1.297664352729e-13
56 58 -2.371702949669e-13
55 59 2.371702949669e-13
57 59 -7.410585065918e-13
43 60 1.297664352729e-13
47 60 -3.854063127604e-14
56 60 7.410585065918e-13
