7 1 -1.000000000000e+00
12 1 -1.000000000000e+00
17 1 -1.000000000000e+00
23 1 -1.000000000000e+00
45 1 -1.000000000000e+00
52 1 -1.000000000000e+00
59 1 -1.000000000000e+00
66 1 -1.000000000000e+00
8 2 -1.000000000000e+00
13 2 -1.000000000000e+00
18 2 -1.000000000000e+00
24 2 -1.000000000000e+00
46 2 -1.000000000000e+00
53 2 -1.000000000000e+00
60 2 -1.000000000000e+00
67 2 -1.000000000000e+00
9 3 -1.000000000000e+00
14 3 -1.000000000000e+00
19 3 -1.000000000000e+00
25 3 -1.000000000000e+00
47 3 -1.000000000000e+00
54 3 -1.000000000000e+00
61 3 -1.000000000000e+00
68 3 -1.000000000000e+00
8 4 -1.116000000000e-01
10 4 1.000000000000e+00
13 4 -2.846000000000e-01
15 4 1.000000000000e+00
18 4 3.714000000000e-01
20 4 -1.000000000000e+00
24 4 2.766000000000e-01
27 4 -9.135369243015e-01
46 4 -2.724000000000e-01
47 4 -2.124800000000e-01
48 4 -1.000000000000e+00
53 4 -1.724000000000e-01
54 4 -2.500000000000e-01
55 4 -1.000000000000e+00
60 4 -2.724000000000e-01
61 4 2.124800000000e-01
62 4 -1.000000000000e+00
67 4 -1.724000000000e-01
68 4 2.500000000000e-01
69 4 -1.000000000000e+00
7 5 1.116000000000e-01
9 5 -1.289000000000e-01
12 5 2.846000000000e-01
14 5 -1.389000000000e-01
17 5 -3.714000000000e-01
19 5 -3.139000000000e-01
21 5 -1.000000000000e+00
23 5 -2.766000000000e-01
25 5 4.951000000000e-01
26 5 -1.000000000000e+00
45 5 2.724000000000e-01
47 5 3.621000000000e-01
52 5 1.724000000000e-01
54 5 3.621000000000e-01
59 5 2.724000000000e-01
61 5 3.621000000000e-01
66 5 1.724000000000e-01
68 5 3.621000000000e-01
100 5 1.000000000000e+00
105 5 1.000000000000e+00
110 5 1.000000000000e+00
116 5 1.000000000000e+00
138 5 1.000000000000e+00
145 5 1.000000000000e+00
152 5 1.000000000000e+00
159 5 1.000000000000e+00
8 6 1.289000000000e-01
11 6 -1.000000000000e+00
13 6 1.389000000000e-01
16 6 -1.000000000000e+00
18 6 3.139000000000e-01
22 6 -1.000000000000e+00
24 6 -4.951000000000e-01
27 6 -4.067558087327e-01
45 6 2.124800000000e-01
46 6 -3.621000000000e-01
52 6 2.500000000000e-01
53 6 -3.621000000000e-01
59 6 -2.124800000000e-01
60 6 -3.621000000000e-01
66 6 -2.500000000000e-01
67 6 -3.621000000000e-01
99 6 -1.000000000000e+00
104 6 -1.000000000000e+00
109 6 -1.000000000000e+00
115 6 -1.000000000000e+00
137 6 -1.000000000000e+00
144 6 -1.000000000000e+00
151 6 -1.000000000000e+00
158 6 -1.000000000000e+00
17 7 1.000000000000e+00
18 8 1.000000000000e+00
19 9 1.000000000000e+00
18 10 2.962000000000e-01
20 10 1.000000000000e+00
17 11 -2.962000000000e-01
19 11 5.100000000000e-02
21 11 1.000000000000e+00
110 11 -1.000000000000e+00
18 12 -5.100000000000e-02
22 12 1.000000000000e+00
109 12 1.000000000000e+00
23 13 1.000000000000e+00
73 13 -8.944271909999e-01
24 14 1.000000000000e+00
74 14 -1.000000000000e+00
25 15 1.000000000000e+00
73 15 -4.472135955000e-01
24 16 2.100000000000e-02
27 16 9.135369243015e-01
75 16 4.472135955000e-01
23 17 -2.100000000000e-02
25 17 -9.000000000000e-03
26 17 1.000000000000e+00
116 17 -1.000000000000e+00
164 17 4.472135955000e-01
24 18 9.000000000000e-03
27 18 4.067558087327e-01
75 18 -8.944271909999e-01
115 18 1.000000000000e+00
165 18 -1.000000000000e+00
28 19 1.000000000000e+00
80 19 -1.000000000000e+00
86 19 -1.000000000000e+00
29 20 1.000000000000e+00
81 20 -1.000000000000e+00
87 20 -1.000000000000e+00
30 21 1.000000000000e+00
82 21 -1.000000000000e+00
88 21 -1.000000000000e+00
29 22 4.200000000000e-02
31 22 -1.000000000000e+00
81 22 -4.200000000000e-02
83 22 -1.000000000000e+00
87 22 -4.200000000000e-02
89 22 -1.000000000000e+00
28 23 -4.200000000000e-02
30 23 -4.500000000000e-02
80 23 4.200000000000e-02
82 23 4.500000000000e-02
84 23 -1.000000000000e+00
86 23 4.200000000000e-02
88 23 4.500000000000e-02
90 23 -1.000000000000e+00
121 23 -1.000000000000e+00
173 23 1.000000000000e+00
179 23 1.000000000000e+00
29 24 4.500000000000e-02
32 24 1.000000000000e+00
81 24 -4.500000000000e-02
85 24 -1.000000000000e+00
87 24 -4.500000000000e-02
91 24 -1.000000000000e+00
120 24 1.000000000000e+00
172 24 -1.000000000000e+00
178 24 -1.000000000000e+00
1 25 7.065293157494e-01
2 25 1.000000000000e+00
7 25 1.000000000000e+00
3 26 1.000000000000e+00
8 26 1.000000000000e+00
1 27 -7.076837754157e-01
4 27 1.000000000000e+00
9 27 1.000000000000e+00
3 28 1.430000000000e-02
5 28 -1.000000000000e+00
8 28 -4.950000000000e-02
10 28 -1.000000000000e+00
1 29 9.890556120339e-02
2 29 -1.430000000000e-02
4 29 1.960000000000e-01
7 29 4.950000000000e-02
9 29 -3.530000000000e-01
92 29 7.076837754157e-01
95 29 -1.000000000000e+00
100 29 -1.000000000000e+00
3 30 -1.960000000000e-01
6 30 1.000000000000e+00
8 30 3.530000000000e-01
11 30 1.000000000000e+00
94 30 1.000000000000e+00
99 30 1.000000000000e+00
1 31 -7.065293157494e-01
12 31 1.000000000000e+00
13 32 1.000000000000e+00
1 33 7.076837754157e-01
14 33 1.000000000000e+00
13 34 -1.506666666667e-02
15 34 -1.000000000000e+00
1 35 1.311562385840e-02
12 35 1.506666666667e-02
14 35 -4.636666666667e-02
92 35 -7.076837754157e-01
105 35 -1.000000000000e+00
13 36 4.636666666667e-02
16 36 1.000000000000e+00
104 36 1.000000000000e+00
28 37 -1.000000000000e+00
29 38 -1.000000000000e+00
30 39 -1.000000000000e+00
31 40 1.000000000000e+00
121 41 1.000000000000e+00
32 42 -1.000000000000e+00
120 42 -1.000000000000e+00
2 43 -1.000000000000e+00
3 44 -1.000000000000e+00
4 45 -1.000000000000e+00
5 46 1.000000000000e+00
95 47 1.000000000000e+00
6 48 -1.000000000000e+00
94 48 -1.000000000000e+00
33 49 -1.000000000000e+00
39 49 -1.000000000000e+00
76 49 1.000000000000e+00
34 50 -1.000000000000e+00
40 50 -1.000000000000e+00
77 50 1.000000000000e+00
35 51 -1.000000000000e+00
41 51 -1.000000000000e+00
78 51 1.000000000000e+00
35 52 -1.000000000000e-01
36 52 -1.000000000000e+00
41 52 1.000000000000e-01
42 52 -1.000000000000e+00
79 52 -4.472135955000e-01
37 53 -1.000000000000e+00
43 53 -1.000000000000e+00
126 53 1.000000000000e+00
132 53 1.000000000000e+00
169 53 -1.000000000000e+00
33 54 1.000000000000e-01
38 54 -1.000000000000e+00
39 54 -1.000000000000e-01
44 54 -1.000000000000e+00
79 54 8.944271909999e-01
125 54 -1.000000000000e+00
131 54 -1.000000000000e+00
168 54 1.000000000000e+00
33 55 1.000000000000e+00
49 55 -1.000000000000e+00
56 55 -1.000000000000e+00
86 55 1.000000000000e+00
34 56 1.000000000000e+00
50 56 -1.000000000000e+00
57 56 -1.000000000000e+00
87 56 1.000000000000e+00
35 57 1.000000000000e+00
51 57 -1.000000000000e+00
58 57 -1.000000000000e+00
88 57 1.000000000000e+00
34 58 -2.684803084806e-01
36 58 1.000000000000e+00
50 58 -8.200000000000e-02
57 58 1.800000000000e-02
88 58 -1.000000000000e-01
89 58 1.000000000000e+00
33 59 2.684803084806e-01
35 59 1.338593439329e-01
37 59 1.000000000000e+00
49 59 8.200000000000e-02
51 59 -1.700000000000e-01
56 59 -1.800000000000e-02
58 59 -1.700000000000e-01
90 59 1.000000000000e+00
126 59 -1.000000000000e+00
142 59 1.000000000000e+00
149 59 1.000000000000e+00
179 59 -1.000000000000e+00
34 60 -1.338593439329e-01
38 60 1.000000000000e+00
50 60 1.700000000000e-01
57 60 1.700000000000e-01
86 60 1.000000000000e-01
91 60 1.000000000000e+00
125 60 1.000000000000e+00
141 60 -1.000000000000e+00
148 60 -1.000000000000e+00
178 60 1.000000000000e+00
39 61 1.000000000000e+00
63 61 -1.000000000000e+00
70 61 -1.000000000000e+00
80 61 1.000000000000e+00
40 62 1.000000000000e+00
64 62 -1.000000000000e+00
71 62 -1.000000000000e+00
81 62 1.000000000000e+00
41 63 1.000000000000e+00
65 63 -1.000000000000e+00
72 63 -1.000000000000e+00
82 63 1.000000000000e+00
40 64 -2.684803084806e-01
42 64 1.000000000000e+00
64 64 -8.200000000000e-02
71 64 1.800000000000e-02
82 64 1.000000000000e-01
83 64 1.000000000000e+00
39 65 2.684803084806e-01
41 65 1.338593439329e-01
43 65 1.000000000000e+00
63 65 8.200000000000e-02
65 65 -1.700000000000e-01
70 65 -1.800000000000e-02
72 65 -1.700000000000e-01
84 65 1.000000000000e+00
132 65 -1.000000000000e+00
156 65 1.000000000000e+00
163 65 1.000000000000e+00
173 65 -1.000000000000e+00
40 66 -1.338593439329e-01
44 66 1.000000000000e+00
64 66 1.700000000000e-01
71 66 1.700000000000e-01
80 66 -1.000000000000e-01
85 66 1.000000000000e+00
131 66 1.000000000000e+00
155 66 -1.000000000000e+00
162 66 -1.000000000000e+00
172 66 1.000000000000e+00
73 67 8.944271909999e-01
76 67 -1.000000000000e+00
74 68 1.000000000000e+00
77 68 -1.000000000000e+00
73 69 4.472135955000e-01
78 69 -1.000000000000e+00
74 70 -1.097598457597e-01
75 70 -4.472135955000e-01
77 70 -1.097598457597e-01
79 70 4.472135955000e-01
73 71 1.232476035282e-01
76 71 1.097598457597e-01
78 71 5.607032803353e-02
164 71 -4.472135955000e-01
169 71 1.000000000000e+00
74 72 -5.607032803353e-02
75 72 8.944271909999e-01
77 72 -5.607032803353e-02
79 72 -8.944271909999e-01
165 72 1.000000000000e+00
168 72 -1.000000000000e+00
45 73 1.000000000000e+00
49 73 1.000000000000e+00
46 74 1.000000000000e+00
50 74 1.000000000000e+00
47 75 1.000000000000e+00
51 75 1.000000000000e+00
47 76 5.624000000000e-02
48 76 1.000000000000e+00
51 76 -5.624000000000e-02
47 77 1.000000000000e-01
51 77 -1.000000000000e-01
138 77 -1.000000000000e+00
142 77 -1.000000000000e+00
45 78 -5.624000000000e-02
46 78 -1.000000000000e-01
49 78 5.624000000000e-02
50 78 1.000000000000e-01
137 78 1.000000000000e+00
141 78 1.000000000000e+00
52 79 1.000000000000e+00
56 79 1.000000000000e+00
53 80 1.000000000000e+00
57 80 1.000000000000e+00
54 81 1.000000000000e+00
58 81 1.000000000000e+00
54 82 7.500000000000e-02
55 82 1.000000000000e+00
58 82 -7.500000000000e-02
54 83 1.000000000000e-01
58 83 -1.000000000000e-01
145 83 -1.000000000000e+00
149 83 -1.000000000000e+00
52 84 -7.500000000000e-02
53 84 -1.000000000000e-01
56 84 7.500000000000e-02
57 84 1.000000000000e-01
144 84 1.000000000000e+00
148 84 1.000000000000e+00
59 85 1.000000000000e+00
63 85 1.000000000000e+00
60 86 1.000000000000e+00
64 86 1.000000000000e+00
61 87 1.000000000000e+00
65 87 1.000000000000e+00
61 88 -5.624000000000e-02
62 88 1.000000000000e+00
65 88 5.624000000000e-02
61 89 1.000000000000e-01
65 89 -1.000000000000e-01
152 89 -1.000000000000e+00
156 89 -1.000000000000e+00
59 90 5.624000000000e-02
60 90 -1.000000000000e-01
63 90 -5.624000000000e-02
64 90 1.000000000000e-01
151 90 1.000000000000e+00
155 90 1.000000000000e+00
66 91 1.000000000000e+00
70 91 1.000000000000e+00
67 92 1.000000000000e+00
71 92 1.000000000000e+00
68 93 1.000000000000e+00
72 93 1.000000000000e+00
68 94 -7.500000000000e-02
69 94 1.000000000000e+00
72 94 7.500000000000e-02
68 95 1.000000000000e-01
72 95 -1.000000000000e-01
159 95 -1.000000000000e+00
163 95 -1.000000000000e+00
66 96 7.500000000000e-02
67 96 -1.000000000000e-01
70 96 -7.500000000000e-02
71 96 1.000000000000e-01
158 96 1.000000000000e+00
162 96 1.000000000000e+00
98 97 -1.000000000000e+00
103 97 -1.000000000000e+00
108 97 -1.000000000000e+00
114 97 -1.000000000000e+00
136 97 -1.000000000000e+00
143 97 -1.000000000000e+00
150 97 -1.000000000000e+00
157 97 -1.000000000000e+00
99 98 -1.000000000000e+00
104 98 -1.000000000000e+00
109 98 -1.000000000000e+00
115 98 -1.000000000000e+00
137 98 -1.000000000000e+00
144 98 -1.000000000000e+00
151 98 -1.000000000000e+00
158 98 -1.000000000000e+00
100 99 -1.000000000000e+00
105 99 -1.000000000000e+00
110 99 -1.000000000000e+00
116 99 -1.000000000000e+00
138 99 -1.000000000000e+00
145 99 -1.000000000000e+00
152 99 -1.000000000000e+00
159 99 -1.000000000000e+00
99 100 -1.116000000000e-01
101 100 1.000000000000e+00
104 100 -2.846000000000e-01
106 100 1.000000000000e+00
109 100 3.714000000000e-01
111 100 -1.000000000000e+00
115 100 2.766000000000e-01
118 100 -9.135369243015e-01
137 100 -2.724000000000e-01
138 100 -2.124800000000e-01
139 100 -1.000000000000e+00
144 100 -1.724000000000e-01
145 100 -2.500000000000e-01
146 100 -1.000000000000e+00
151 100 -2.724000000000e-01
152 100 2.124800000000e-01
153 100 -1.000000000000e+00
158 100 -1.724000000000e-01
159 100 2.500000000000e-01
160 100 -1.000000000000e+00
98 101 1.116000000000e-01
100 101 -1.289000000000e-01
103 101 2.846000000000e-01
105 101 -1.389000000000e-01
108 101 -3.714000000000e-01
110 101 -3.139000000000e-01
112 101 -1.000000000000e+00
114 101 -2.766000000000e-01
116 101 4.951000000000e-01
117 101 -1.000000000000e+00
136 101 2.724000000000e-01
138 101 3.621000000000e-01
143 101 1.724000000000e-01
145 101 3.621000000000e-01
150 101 2.724000000000e-01
152 101 3.621000000000e-01
157 101 1.724000000000e-01
159 101 3.621000000000e-01
99 102 1.289000000000e-01
102 102 -1.000000000000e+00
104 102 1.389000000000e-01
107 102 -1.000000000000e+00
109 102 3.139000000000e-01
113 102 -1.000000000000e+00
115 102 -4.951000000000e-01
118 102 -4.067558087327e-01
136 102 2.124800000000e-01
137 102 -3.621000000000e-01
143 102 2.500000000000e-01
144 102 -3.621000000000e-01
150 102 -2.124800000000e-01
151 102 -3.621000000000e-01
157 102 -2.500000000000e-01
158 102 -3.621000000000e-01
108 103 1.000000000000e+00
109 104 1.000000000000e+00
110 105 1.000000000000e+00
109 106 2.962000000000e-01
111 106 1.000000000000e+00
108 107 -2.962000000000e-01
110 107 5.100000000000e-02
112 107 1.000000000000e+00
109 108 -5.100000000000e-02
113 108 1.000000000000e+00
114 109 1.000000000000e+00
164 109 -8.944271909999e-01
115 110 1.000000000000e+00
165 110 -1.000000000000e+00
116 111 1.000000000000e+00
164 111 -4.472135955000e-01
115 112 2.100000000000e-02
118 112 9.135369243015e-01
166 112 4.472135955000e-01
114 113 -2.100000000000e-02
116 113 -9.000000000000e-03
117 113 1.000000000000e+00
115 114 9.000000000000e-03
118 114 4.067558087327e-01
166 114 -8.944271909999e-01
119 115 1.000000000000e+00
171 115 -1.000000000000e+00
177 115 -1.000000000000e+00
120 116 1.000000000000e+00
172 116 -1.000000000000e+00
178 116 -1.000000000000e+00
121 117 1.000000000000e+00
173 117 -1.000000000000e+00
179 117 -1.000000000000e+00
120 118 4.200000000000e-02
122 118 -1.000000000000e+00
172 118 -4.200000000000e-02
174 118 -1.000000000000e+00
178 118 -4.200000000000e-02
180 118 -1.000000000000e+00
119 119 -4.200000000000e-02
121 119 -4.500000000000e-02
171 119 4.200000000000e-02
173 119 4.500000000000e-02
175 119 -1.000000000000e+00
177 119 4.200000000000e-02
179 119 4.500000000000e-02
181 119 -1.000000000000e+00
120 120 4.500000000000e-02
123 120 1.000000000000e+00
172 120 -4.500000000000e-02
176 120 -1.000000000000e+00
178 120 -4.500000000000e-02
182 120 -1.000000000000e+00
92 121 7.065293157494e-01
93 121 1.000000000000e+00
98 121 1.000000000000e+00
94 122 1.000000000000e+00
99 122 1.000000000000e+00
92 123 -7.076837754157e-01
95 123 1.000000000000e+00
100 123 1.000000000000e+00
94 124 1.430000000000e-02
96 124 -1.000000000000e+00
99 124 -4.950000000000e-02
101 124 -1.000000000000e+00
92 125 9.890556120339e-02
93 125 -1.430000000000e-02
95 125 1.960000000000e-01
98 125 4.950000000000e-02
100 125 -3.530000000000e-01
94 126 -1.960000000000e-01
97 126 1.000000000000e+00
99 126 3.530000000000e-01
102 126 1.000000000000e+00
92 127 -7.065293157494e-01
103 127 1.000000000000e+00
104 128 1.000000000000e+00
92 129 7.076837754157e-01
105 129 1.000000000000e+00
104 130 -1.506666666667e-02
106 130 -1.000000000000e+00
92 131 1.311562385840e-02
103 131 1.506666666667e-02
105 131 -4.636666666667e-02
104 132 4.636666666667e-02
107 132 1.000000000000e+00
119 133 -1.000000000000e+00
120 134 -1.000000000000e+00
121 135 -1.000000000000e+00
122 136 1.000000000000e+00
123 138 -1.000000000000e+00
93 139 -1.000000000000e+00
94 140 -1.000000000000e+00
95 141 -1.000000000000e+00
96 142 1.000000000000e+00
97 144 -1.000000000000e+00
124 145 -1.000000000000e+00
130 145 -1.000000000000e+00
167 145 1.000000000000e+00
125 146 -1.000000000000e+00
131 146 -1.000000000000e+00
168 146 1.000000000000e+00
126 147 -1.000000000000e+00
132 147 -1.000000000000e+00
169 147 1.000000000000e+00
126 148 -1.000000000000e-01
127 148 -1.000000000000e+00
132 148 1.000000000000e-01
133 148 -1.000000000000e+00
170 148 -4.472135955000e-01
128 149 -1.000000000000e+00
134 149 -1.000000000000e+00
124 150 1.000000000000e-01
129 150 -1.000000000000e+00
130 150 -1.000000000000e-01
135 150 -1.000000000000e+00
170 150 8.944271909999e-01
124 151 1.000000000000e+00
140 151 -1.000000000000e+00
147 151 -1.000000000000e+00
177 151 1.000000000000e+00
125 152 1.000000000000e+00
141 152 -1.000000000000e+00
148 152 -1.000000000000e+00
178 152 1.000000000000e+00
126 153 1.000000000000e+00
142 153 -1.000000000000e+00
149 153 -1.000000000000e+00
179 153 1.000000000000e+00
125 154 -2.684803084806e-01
127 154 1.000000000000e+00
141 154 -8.200000000000e-02
148 154 1.800000000000e-02
179 154 -1.000000000000e-01
180 154 1.000000000000e+00
124 155 2.684803084806e-01
126 155 1.338593439329e-01
128 155 1.000000000000e+00
140 155 8.200000000000e-02
142 155 -1.700000000000e-01
147 155 -1.800000000000e-02
149 155 -1.700000000000e-01
181 155 1.000000000000e+00
125 156 -1.338593439329e-01
129 156 1.000000000000e+00
141 156 1.700000000000e-01
148 156 1.700000000000e-01
177 156 1.000000000000e-01
182 156 1.000000000000e+00
130 157 1.000000000000e+00
154 157 -1.000000000000e+00
161 157 -1.000000000000e+00
171 157 1.000000000000e+00
131 158 1.000000000000e+00
155 158 -1.000000000000e+00
162 158 -1.000000000000e+00
172 158 1.000000000000e+00
132 159 1.000000000000e+00
156 159 -1.000000000000e+00
163 159 -1.000000000000e+00
173 159 1.000000000000e+00
131 160 -2.684803084806e-01
133 160 1.000000000000e+00
155 160 -8.200000000000e-02
162 160 1.800000000000e-02
173 160 1.000000000000e-01
174 160 1.000000000000e+00
130 161 2.684803084806e-01
132 161 1.338593439329e-01
134 161 1.000000000000e+00
154 161 8.200000000000e-02
156 161 -1.700000000000e-01
161 161 -1.800000000000e-02
163 161 -1.700000000000e-01
175 161 1.000000000000e+00
131 162 -1.338593439329e-01
135 162 1.000000000000e+00
155 162 1.700000000000e-01
162 162 1.700000000000e-01
171 162 -1.000000000000e-01
176 162 1.000000000000e+00
164 163 8.944271909999e-01
167 163 -1.000000000000e+00
165 164 1.000000000000e+00
168 164 -1.000000000000e+00
164 165 4.472135955000e-01
169 165 -1.000000000000e+00
165 166 -1.097598457597e-01
166 166 -4.472135955000e-01
168 166 -1.097598457597e-01
170 166 4.472135955000e-01
164 167 1.232476035282e-01
167 167 1.097598457597e-01
169 167 5.607032803353e-02
165 168 -5.607032803353e-02
166 168 8.944271909999e-01
168 168 -5.607032803353e-02
170 168 -8.944271909999e-01
136 169 1.000000000000e+00
140 169 1.000000000000e+00
137 170 1.000000000000e+00
141 170 1.000000000000e+00
138 171 1.000000000000e+00
142 171 1.000000000000e+00
138 172 5.624000000000e-02
139 172 1.000000000000e+00
142 172 -5.624000000000e-02
138 173 1.000000000000e-01
142 173 -1.000000000000e-01
136 174 -5.624000000000e-02
137 174 -1.000000000000e-01
140 174 5.624000000000e-02
141 174 1.000000000000e-01
143 175 1.000000000000e+00
147 175 1.000000000000e+00
144 176 1.000000000000e+00
148 176 1.000000000000e+00
145 177 1.000000000000e+00
149 177 1.000000000000e+00
145 178 7.500000000000e-02
146 178 1.000000000000e+00
149 178 -7.500000000000e-02
145 179 1.000000000000e-01
149 179 -1.000000000000e-01
143 180 -7.500000000000e-02
144 180 -1.000000000000e-01
147 180 7.500000000000e-02
148 180 1.000000000000e-01
150 181 1.000000000000e+00
154 181 1.000000000000e+00
151 182 1.000000000000e+00
155 182 1.000000000000e+00
152 183 1.000000000000e+00
156 183 1.000000000000e+00
152 184 -5.624000000000e-02
153 184 1.000000000000e+00
156 184 5.624000000000e-02
152 185 1.000000000000e-01
156 185 -1.000000000000e-01
150 186 5.624000000000e-02
151 186 -1.000000000000e-01
154 186 -5.624000000000e-02
155 186 1.000000000000e-01
157 187 1.000000000000e+00
161 187 1.000000000000e+00
158 188 1.000000000000e+00
162 188 1.000000000000e+00
159 189 1.000000000000e+00
163 189 1.000000000000e+00
159 190 -7.500000000000e-02
160 190 1.000000000000e+00
163 190 7.500000000000e-02
159 191 1.000000000000e-01
163 191 -1.000000000000e-01
157 192 7.500000000000e-02
158 192 -1.000000000000e-01
161 192 -7.500000000000e-02
162 192 1.000000000000e-01
