1 1 -5.278762273139e+03
3 1 8.777663068458e+03
5 1 1.983548653507e+03
31 1 5.278762273139e+03
33 1 -8.777663068458e+03
35 1 -3.953964812156e+02
2 2 -6.485478992467e+03
4 2 -2.881026195416e+02
6 2 1.515007892633e+03
32 2 6.485478992467e+03
34 2 -3.545395182549e+01
36 2 -3.134648179692e+02
1 3 8.777663068458e+03
3 3 5.736328328067e+04
5 3 1.081767449963e+04
31 3 -8.777663068458e+03
33 3 -5.736328328067e+04
35 3 -2.820543250007e+03
2 4 1.063618554343e+02
4 4 2.434817401953e+01
6 4 -2.610213062619e+01
32 4 -1.063618554765e+02
34 4 5.814448099380e-01
36 4 5.140823014696e+00
1 5 1.589084178531e+03
3 5 1.109460445260e+04
5 5 2.124191034817e+03
31 5 -1.589084178489e+03
33 5 -1.109460445260e+04
35 5 -5.449262087182e+02
2 6 1.238077939669e+03
4 6 3.780013578947e+02
6 6 -2.822715228434e+02
32 6 -1.238077939662e+03
34 6 6.768159403485e+00
36 6 5.984043375033e+01
5 7 -3.304008000008e+02
4 8 3.304008000008e+02
4 10 9.786471696025e+01
10 10 -9.786471696025e+01
12 10 1.685044080004e+01
5 11 9.786471696024e+01
11 11 -9.786471696024e+01
4 12 -1.685044080004e+01
5 13 8.918266616859e+02
13 13 -4.599002173759e+02
15 13 -1.303988116591e+04
17 13 5.734294211411e+02
49 13 4.599002173759e+02
51 13 1.303988116591e+04
4 14 -8.918266616859e+02
6 14 -4.245802084484e+02
14 14 -6.053268279134e+03
16 14 -3.389830236315e+02
18 14 -2.542372677236e+02
50 14 6.053268279134e+03
5 15 4.245802084484e+02
13 15 -1.303988116591e+04
15 15 2.434675169872e+04
17 15 -2.923302260556e+02
49 15 1.303988116591e+04
51 15 -2.434675169872e+04
4 16 -1.872835989540e+01
6 16 -8.916184377415e+00
14 16 -3.389830236337e+02
16 16 1.947259119664e+02
18 16 8.570677777073e+01
50 16 3.389830236315e+02
52 16 -2.434675169872e+02
54 16 -1.303988116591e+02
5 17 -2.254958177144e+01
13 17 5.734294211433e+02
15 17 -2.923302260556e+02
17 17 -7.054736452749e+01
49 17 -5.734294211411e+02
51 17 2.923302260556e+02
4 18 -8.026439955173e+00
6 18 -3.821221876035e+00
14 18 -2.542372677236e+02
16 18 8.570677777165e+01
18 18 -3.623159815859e+01
50 18 2.542372677236e+02
52 18 -1.303988116591e+02
54 18 4.599002173759e+00
23 19 1.029068561689e+03
41 19 -1.100191061689e+03
22 20 -1.029068561689e+03
40 20 1.100191061689e+03
22 22 -4.620802459092e+01
24 22 -3.200512500031e+00
40 22 4.620802459092e+01
23 23 -4.620802459095e+01
41 23 4.620802459095e+01
22 24 -4.630808527599e+01
40 24 4.950859777599e+01
5 25 -1.255271003220e+03
25 25 9.611957947365e+03
27 25 9.596277754955e+03
29 25 -2.041700605502e+03
31 25 -9.611957947365e+03
33 25 -9.596277754955e+03
35 25 2.162382161040e+02
47 25 -1.176219438335e+03
4 26 1.255271003220e+03
6 26 2.349171925342e+03
26 26 1.919258108934e+04
28 26 7.005292097610e+02
30 26 3.381732787942e+03
32 26 -1.919258108934e+04
34 26 -3.940876650345e+02
36 26 -3.774540947571e+01
46 26 1.176219438335e+03
5 27 -2.349171925342e+03
25 27 9.596277754955e+03
27 27 9.580623141978e+03
29 27 -2.038369935672e+03
31 27 -9.596277754955e+03
33 27 -9.580623141978e+03
35 27 2.158854620810e+02
4 28 -6.213591465941e+01
6 28 -1.162840103044e+02
26 28 7.005292097591e+02
28 28 1.567701739642e+02
30 28 3.254620323385e+02
32 28 -7.005292097610e+02
34 28 -1.438419977376e+01
36 28 -1.377707445863e+00
46 28 1.681993796819e+01
5 29 7.671217749864e+02
25 29 -2.041700605500e+03
27 29 -2.038369935667e+03
29 29 1.495501161723e+02
31 29 2.041700605502e+03
33 29 2.038369935672e+03
35 29 -4.593171330646e+01
47 29 1.681993796847e+01
4 30 4.431106641368e+02
6 30 8.292576896458e+02
26 30 3.381732787937e+03
28 30 3.254620323391e+02
30 30 1.805277208335e+02
32 30 -3.381732787942e+03
34 30 -6.943824657908e+01
36 30 -6.650741149620e+00
46 30 -2.305390099137e+02
1 31 5.278762273139e+03
3 31 -8.777663068458e+03
5 31 -1.250463511966e+03
25 31 -9.611957947365e+03
27 31 -9.596277754955e+03
29 31 2.041700605502e+03
31 31 4.333195674226e+03
33 31 1.837394082341e+04
35 31 1.791582651117e+02
2 32 6.485478992467e+03
4 32 -4.449825220001e+02
6 32 -3.864179817970e+03
26 32 -1.919258108934e+04
28 32 -7.005292097610e+02
30 32 -3.381732787942e+03
32 32 1.270710209688e+04
34 32 4.295416168600e+02
36 32 3.512102274449e+02
1 33 -8.777663068458e+03
3 33 -5.736328328067e+04
5 33 -8.468502574295e+03
25 33 -9.596277754955e+03
27 33 -9.580623141978e+03
29 33 2.038369935672e+03
31 33 1.837394082341e+04
33 33 6.694390642265e+04
35 33 2.604657787926e+03
2 34 -3.545395182549e+01
4 34 5.683329518894e+00
6 34 4.633476103667e+01
26 34 -3.940876650345e+02
28 34 -1.438419977376e+01
30 34 -6.943824657908e+01
32 34 4.295416168904e+02
34 34 -5.653091142712e+01
36 34 -8.722761668882e+01
1 35 -3.953964812156e+02
3 35 -2.820543250007e+03
5 35 -6.615879144335e+02
25 35 2.162382161040e+02
27 35 2.158854620810e+02
29 35 -4.593171330646e+01
31 35 1.791582650813e+02
33 35 2.604657787931e+03
35 35 2.094518941129e+02
2 36 -3.134648179692e+02
4 36 -1.055988855645e+01
6 36 -6.192315667390e+01
26 36 -3.774540947571e+01
28 36 -1.377707445863e+00
30 36 -6.650741149620e+00
32 36 3.512102274393e+02
34 36 -8.722761668745e+01
36 36 1.154519331351e+02
41 37 1.100191061689e+03
40 38 -1.100191061689e+03
39 39 1.300000000000e+05
40 40 -3.431742773919e+02
47 43 1.176219438335e+03
46 44 -1.176219438335e+03
45 45 1.410000000000e+05
46 46 -3.921666521866e+02
13 49 4.599002173759e+02
15 49 1.303988116591e+04
17 49 -5.734294211411e+02
49 49 -4.599002173759e+02
51 49 -1.303988116591e+04
53 49 -9.898285616886e+02
14 50 6.053268279134e+03
16 50 3.389830236315e+02
18 50 2.542372677236e+02
50 50 -6.053268279134e+03
52 50 9.898285616886e+02
54 50 4.245802084475e+02
13 51 1.303988116591e+04
15 51 -2.434675169872e+04
17 51 2.923302260556e+02
49 51 -1.303988116591e+04
51 51 2.434675169872e+04
53 51 -4.245802084475e+02
16 52 -2.434675169872e+02
18 52 -1.303988116591e+02
52 52 2.434675169872e+02
54 52 1.303988116591e+02
16 54 -1.303988116591e+02
18 54 4.599002173759e+00
52 54 1.303988116591e+02
54 54 -4.599002173759e+00
23 55 -5.145342808440e+02
24 55 -6.053663647362e+01
53 55 4.949142808437e+02
54 55 -6.489405713820e+01
59 55 1.962000000095e+01
60 55 1.254306936118e+02
22 56 5.145342808440e+02
52 56 -4.949142808437e+02
54 56 -2.122901042134e+02
58 56 -1.962000000095e+01
60 56 2.122901042007e+02
22 57 6.053663647362e+01
52 57 6.489405713820e+01
53 57 2.122901042134e+02
58 57 -1.254306936118e+02
59 57 -2.122901042007e+02
22 58 -6.053663647362e+00
52 58 1.328747387924e+02
54 58 5.699571266659e+01
58 58 -1.268210751450e+02
59 58 1.263654200035e+01
60 58 -5.539545642770e+01
52 59 8.686675913666e+00
53 59 1.612917528658e+02
54 59 -1.742277647902e+01
58 59 -2.132321791525e+01
59 59 -1.612917528658e+02
60 59 4.358231923460e+01
23 60 -5.145342808440e+01
24 60 -6.053663647362e+00
52 60 6.624890093678e+01
54 60 2.841701407346e+01
58 60 -6.784915717567e+01
59 60 2.529388532881e+01
60 60 -2.236335042610e+01
23 61 -5.145342808452e+02
24 61 6.053663647362e+01
53 61 4.949142808449e+02
54 61 6.489405713820e+01
65 61 1.962000000108e+01
66 61 -1.254306936118e+02
22 62 5.145342808452e+02
52 62 -4.949142808449e+02
54 62 -2.122901042341e+02
64 62 -1.962000000108e+01
66 62 2.122901042449e+02
22 63 -6.053663647362e+01
52 63 -6.489405713820e+01
53 63 2.122901042341e+02
64 63 1.254306936118e+02
65 63 -2.122901042449e+02
22 64 -6.053663647362e+00
52 64 1.328747387927e+02
54 64 5.699571267216e+01
64 64 -1.268210751453e+02
65 64 -1.263654200035e+01
66 64 -5.539545641105e+01
52 65 -8.686675913667e+00
53 65 1.612917528689e+02
54 65 1.742277647902e+01
64 65 2.132321791290e+01
65 65 -1.612917528689e+02
66 65 -4.358231922481e+01
23 66 5.145342808452e+01
24 66 -6.053663647362e+00
52 66 6.624890093695e+01
54 66 2.841701407624e+01
64 66 -6.784915719806e+01
65 66 -2.529388533873e+01
66 66 -2.236335042888e+01
5 73 -9.810000001503e+00
6 73 1.012886133480e+02
59 73 -9.810000000492e+00
60 73 -1.012886133480e+02
4 74 9.810000001503e+00
6 74 1.801006638477e+02
58 74 9.810000000492e+00
60 74 -1.801006638485e+02
4 75 -1.012886133480e+02
5 75 -1.801006638477e+02
58 75 1.012886133480e+02
59 75 1.801006638485e+02
4 76 -5.696471614693e+00
5 76 -1.012886133480e+01
58 76 -5.696471614693e+00
59 76 -1.012886133484e+01
76 76 1.139294322939e+01
77 76 2.025772266961e+01
4 77 -1.012886133480e+01
5 77 -1.801006638477e+01
58 77 -1.012886133480e+01
59 77 -1.801006638485e+01
76 77 2.025772266964e+01
77 77 3.602013276963e+01
4 78 -9.810000001503e-01
5 78 5.517144000924e-01
6 78 -2.370653799947e+01
58 78 9.810000000492e-01
59 78 -5.517144000277e-01
60 78 -2.370653799955e+01
78 78 4.741307599901e+01
5 79 -9.810000001802e+00
6 79 2.414208026380e+01
59 79 -9.810000000461e+00
60 79 -2.414208026380e+01
4 80 9.810000001802e+00
6 80 3.218944035173e+01
58 80 9.810000000461e+00
60 80 -3.218944035215e+01
4 81 -2.414208026380e+01
5 81 -3.218944035173e+01
58 81 2.414208026380e+01
59 81 3.218944035215e+01
4 82 -1.810656019785e+00
5 82 -2.414208026380e+00
58 82 -1.810656019785e+00
59 82 -2.414208026411e+00
82 82 3.621312039570e+00
83 82 4.828416052760e+00
4 83 -2.414208026380e+00
5 83 -3.218944035173e+00
58 83 -2.414208026380e+00
59 83 -3.218944035215e+00
82 83 4.828416052791e+00
83 83 6.437888070388e+00
4 84 -9.810000001802e-01
5 84 7.357500001204e-01
6 84 -5.029600054958e+00
58 84 9.810000000461e-01
59 84 -7.357500000346e-01
60 84 -5.029600055001e+00
84 84 1.005920010996e+01
5 85 -9.810000001515e+00
6 85 -1.012886134472e+02
65 85 -9.810000000479e+00
66 85 1.012886134472e+02
4 86 9.810000001515e+00
6 86 1.801006640241e+02
64 86 9.810000000479e+00
66 86 -1.801006640249e+02
4 87 1.012886134472e+02
5 87 -1.801006640241e+02
64 87 -1.012886134472e+02
65 87 1.801006640249e+02
4 88 -5.696471620272e+00
5 88 1.012886134472e+01
64 88 -5.696471620273e+00
65 88 1.012886134476e+01
88 88 1.139294324054e+01
89 88 -2.025772268945e+01
4 89 1.012886134472e+01
5 89 -1.801006640241e+01
64 89 1.012886134472e+01
65 89 -1.801006640249e+01
88 89 -2.025772268948e+01
89 89 3.602013280490e+01
4 90 -9.810000001515e-01
5 90 -5.517144001011e-01
6 90 -2.370653802268e+01
64 90 9.810000000479e-01
65 90 5.517144000269e-01
66 90 -2.370653802276e+01
90 90 4.741307604545e+01
5 91 -9.810000001505e+00
6 91 -2.414208016460e+01
65 91 -9.810000000601e+00
66 91 2.414208016461e+01
4 92 9.810000001505e+00
6 92 3.218944021944e+01
64 92 9.810000000601e+00
66 92 -3.218944022004e+01
4 93 2.414208016460e+01
5 93 -3.218944021944e+01
64 93 -2.414208016461e+01
65 93 3.218944022004e+01
4 94 -1.810656012345e+00
5 94 2.414208016458e+00
64 94 -1.810656012346e+00
65 94 2.414208016503e+00
94 94 3.621312024691e+00
95 94 -4.828416032922e+00
4 95 2.414208016460e+00
5 95 -3.218944021944e+00
64 95 2.414208016461e+00
65 95 -3.218944022004e+00
94 95 -4.828416032961e+00
95 95 6.437888043948e+00
4 96 -9.810000001505e-01
5 96 -7.357500001233e-01
6 96 -5.029600034289e+00
64 96 9.810000000601e-01
65 96 7.357500000451e-01
66 96 -5.029600034349e+00
96 96 1.005920006864e+01
