1 1 2.160963226755e+02
3 1 1.571885663302e+03
5 1 3.036169528163e+02
31 1 -2.160963226755e+02
33 1 -1.571885663302e+03
35 1 -7.715580029025e+01
1 3 1.571885663302e+03
3 3 1.143390367732e+04
5 3 2.208511136879e+03
31 3 -1.571885663302e+03
33 3 -1.143390367732e+04
35 3 -5.612316526967e+02
1 5 3.036169528163e+02
3 5 2.208511136879e+03
5 5 4.265840940565e+02
31 5 -3.036169528163e+02
33 5 -2.208511136879e+03
35 5 -1.084044776246e+02
13 13 3.972020847306e+02
15 13 -9.260016373944e+02
16 13 -2.620775905180e-15
17 13 1.664875202565e+01
18 13 -1.145428349237e-15
19 13 -3.972020847306e+02
21 13 9.260016373944e+02
22 13 2.620775905180e-15
23 13 -7.674552699237e+00
24 13 1.145428349237e-15
13 15 -9.260016373944e+02
15 15 2.158797915269e+03
16 15 5.739884329866e-15
17 15 -3.881342074723e+01
18 15 3.313652954375e-15
19 15 9.260016373944e+02
21 15 -2.158797915269e+03
22 15 -5.739884329866e-15
23 15 1.789177005600e+01
24 15 -3.313652954375e-15
13 16 -3.405964699649e-15
15 16 -1.448260146328e-15
16 16 2.158797915269e+01
17 16 1.083108130611e-16
18 16 9.260016373944e+00
19 16 3.405964699649e-15
21 16 1.448260146328e-15
22 16 -2.158797915269e+01
23 16 -6.886748693969e-18
24 16 -9.260016373944e+00
13 17 1.664875202565e+01
15 17 -3.881342074723e+01
16 17 -2.630263456476e-17
17 17 6.978335579471e-01
18 17 -3.331347902353e-17
19 17 -1.664875202565e+01
21 17 3.881342074723e+01
22 17 2.630263456476e-17
23 17 -3.216793911946e-01
24 17 3.331347902353e-17
13 18 1.708493793998e-16
15 18 -2.446440727875e-15
16 18 9.260016373944e+00
17 18 -3.941748557095e-17
18 18 3.972020847306e+00
19 18 -1.708493793998e-16
21 18 2.446440727875e-15
22 18 -9.260016373944e+00
23 18 2.510324190411e-17
24 18 -3.972020847306e+00
13 19 -3.972020847306e+02
15 19 9.260016373944e+02
16 19 2.620775905180e-15
17 19 -1.664875202565e+01
18 19 1.145428349237e-15
19 19 3.972020847306e+02
21 19 -9.260016373944e+02
22 19 -2.620775905180e-15
23 19 7.674552699237e+00
24 19 -1.145428349237e-15
13 21 9.260016373944e+02
15 21 -2.158797915269e+03
16 21 -5.739884329866e-15
17 21 3.881342074723e+01
18 21 -3.313652954375e-15
19 21 -9.260016373944e+02
21 21 2.158797915269e+03
22 21 5.739884329866e-15
23 21 -1.789177005600e+01
24 21 3.313652954375e-15
13 22 3.405964699649e-15
15 22 1.448260146328e-15
16 22 -2.158797915269e+01
17 22 -1.083108130611e-16
18 22 -9.260016373944e+00
19 22 -3.405964699649e-15
21 22 -1.448260146328e-15
22 22 2.158797915269e+01
23 22 6.886748693969e-18
24 22 9.260016373944e+00
13 23 -7.674552699237e+00
15 23 1.789177005600e+01
16 23 4.759775147688e-17
17 23 -3.216793911946e-01
18 23 1.177014676545e-17
19 23 7.674552699237e+00
21 23 -1.789177005600e+01
22 23 -4.759775147688e-17
23 23 1.482841137989e-01
24 23 -1.177014676545e-17
13 24 -1.708493793998e-16
15 24 2.446440727875e-15
16 24 -9.260016373944e+00
17 24 3.941748557095e-17
18 24 -3.972020847306e+00
19 24 1.708493793998e-16
21 24 -2.446440727875e-15
22 24 9.260016373944e+00
23 24 -2.510324190411e-17
24 24 3.972020847306e+00
1 31 -2.160963226755e+02
3 31 -1.571885663302e+03
5 31 -3.036169528163e+02
31 31 2.160963226755e+02
33 31 1.571885663302e+03
35 31 7.715580029025e+01
1 33 -1.571885663302e+03
3 33 -1.143390367732e+04
5 33 -2.208511136879e+03
31 33 1.571885663302e+03
33 33 1.143390367732e+04
35 33 5.612316526967e+02
1 35 -7.715580029025e+01
3 35 -5.612316526967e+02
5 35 -1.084044776246e+02
31 35 7.715580029025e+01
33 35 5.612316526967e+02
35 35 2.754798158860e+01
37 37 2.000000000000e+03
41 37 -5.640000000000e+02
37 41 -5.640000000000e+02
41 41 1.590480000000e+02
43 43 2.000000000000e+03
47 43 -5.940000000000e+02
43 47 -5.940000000000e+02
47 47 1.764180000000e+02
50 50 6.666666666667e+02
56 56 6.666666666667e+02
