8 1 -1.000000000000e+00
13 1 -1.000000000000e+00
18 1 -1.000000000000e+00
24 1 -1.000000000000e+00
48 1 -1.000000000000e+00
55 1 -1.000000000000e+00
62 1 -1.000000000000e+00
69 1 -1.000000000000e+00
9 2 -1.000000000000e+00
14 2 -1.000000000000e+00
19 2 -1.000000000000e+00
25 2 -1.000000000000e+00
49 2 -1.000000000000e+00
56 2 -1.000000000000e+00
63 2 -1.000000000000e+00
70 2 -1.000000000000e+00
10 3 -1.000000000000e+00
15 3 -1.000000000000e+00
20 3 -1.000000000000e+00
26 3 -1.000000000000e+00
50 3 -1.000000000000e+00
57 3 -1.000000000000e+00
64 3 -1.000000000000e+00
71 3 -1.000000000000e+00
9 4 -1.116000000000e-01
11 4 1.000000000000e+00
14 4 -2.846000000000e-01
16 4 1.000000000000e+00
19 4 3.714000000000e-01
21 4 -1.000000000000e+00
25 4 2.766000000000e-01
28 4 -9.135369243015e-01
49 4 -2.724000000000e-01
50 4 -2.124800000000e-01
51 4 -1.000000000000e+00
56 4 -1.724000000000e-01
57 4 -2.500000000000e-01
58 4 -1.000000000000e+00
63 4 -2.724000000000e-01
64 4 2.124800000000e-01
65 4 -1.000000000000e+00
70 4 -1.724000000000e-01
71 4 2.500000000000e-01
72 4 -1.000000000000e+00
8 5 1.116000000000e-01
10 5 -1.289000000000e-01
13 5 2.846000000000e-01
15 5 -1.389000000000e-01
18 5 -3.714000000000e-01
20 5 -3.139000000000e-01
22 5 -1.000000000000e+00
24 5 -2.766000000000e-01
26 5 4.951000000000e-01
27 5 -1.000000000000e+00
48 5 2.724000000000e-01
50 5 3.621000000000e-01
55 5 1.724000000000e-01
57 5 3.621000000000e-01
62 5 2.724000000000e-01
64 5 3.621000000000e-01
69 5 1.724000000000e-01
71 5 3.621000000000e-01
85 5 3.000000000000e+01
90 5 3.000000000000e+01
95 5 3.000000000000e+01
101 5 3.000000000000e+01
125 5 3.000000000000e+01
132 5 3.000000000000e+01
139 5 3.000000000000e+01
146 5 3.000000000000e+01
9 6 1.289000000000e-01
12 6 -1.000000000000e+00
14 6 1.389000000000e-01
17 6 -1.000000000000e+00
19 6 3.139000000000e-01
23 6 -1.000000000000e+00
25 6 -4.951000000000e-01
28 6 -4.067558087327e-01
48 6 2.124800000000e-01
49 6 -3.621000000000e-01
55 6 2.500000000000e-01
56 6 -3.621000000000e-01
62 6 -2.124800000000e-01
63 6 -3.621000000000e-01
69 6 -2.500000000000e-01
70 6 -3.621000000000e-01
84 6 -3.000000000000e+01
89 6 -3.000000000000e+01
94 6 -3.000000000000e+01
100 6 -3.000000000000e+01
124 6 -3.000000000000e+01
131 6 -3.000000000000e+01
138 6 -3.000000000000e+01
145 6 -3.000000000000e+01
18 7 1.000000000000e+00
19 8 1.000000000000e+00
20 9 1.000000000000e+00
19 10 2.962000000000e-01
21 10 1.000000000000e+00
18 11 -2.962000000000e-01
20 11 5.100000000000e-02
22 11 1.000000000000e+00
95 11 -3.000000000000e+01
19 12 -5.100000000000e-02
23 12 1.000000000000e+00
94 12 3.000000000000e+01
24 13 1.000000000000e+00
25 14 1.000000000000e+00
26 15 1.000000000000e+00
2 16 4.549235379601e-01
25 16 2.100000000000e-02
28 16 9.135369243015e-01
24 17 -2.100000000000e-02
26 17 -9.000000000000e-03
27 17 1.000000000000e+00
101 17 -3.000000000000e+01
2 18 -8.905305017852e-01
25 18 9.000000000000e-03
28 18 4.067558087327e-01
100 18 3.000000000000e+01
29 19 1.000000000000e+00
52 19 -1.000000000000e+00
59 19 -1.000000000000e+00
66 19 -1.000000000000e+00
73 19 -1.000000000000e+00
30 20 1.000000000000e+00
53 20 -1.000000000000e+00
60 20 -1.000000000000e+00
67 20 -1.000000000000e+00
74 20 -1.000000000000e+00
31 21 1.000000000000e+00
54 21 -1.000000000000e+00
61 21 -1.000000000000e+00
68 21 -1.000000000000e+00
75 21 -1.000000000000e+00
2 22 -4.549235379601e-01
30 22 4.200000000000e-02
32 22 -1.000000000000e+00
53 22 -1.240000000000e-01
54 22 -1.000000000000e-01
60 22 -2.400000000000e-02
61 22 -1.000000000000e-01
67 22 -1.240000000000e-01
68 22 1.000000000000e-01
74 22 -2.400000000000e-02
75 22 1.000000000000e-01
29 23 -4.200000000000e-02
31 23 -4.500000000000e-02
52 23 1.240000000000e-01
54 23 -1.250000000000e-01
59 23 2.400000000000e-02
61 23 -1.250000000000e-01
66 23 1.240000000000e-01
68 23 -1.250000000000e-01
73 23 2.400000000000e-02
75 23 -1.250000000000e-01
106 23 -3.000000000000e+01
129 23 3.000000000000e+01
136 23 3.000000000000e+01
143 23 3.000000000000e+01
150 23 3.000000000000e+01
2 24 8.905305017852e-01
30 24 4.500000000000e-02
33 24 1.000000000000e+00
52 24 1.000000000000e-01
53 24 1.250000000000e-01
59 24 1.000000000000e-01
60 24 1.250000000000e-01
66 24 -1.000000000000e-01
67 24 1.250000000000e-01
73 24 -1.000000000000e-01
74 24 1.250000000000e-01
105 24 3.000000000000e+01
128 24 -3.000000000000e+01
135 24 -3.000000000000e+01
142 24 -3.000000000000e+01
149 24 -3.000000000000e+01
1 25 7.065293157494e-01
3 25 1.000000000000e+00
8 25 1.000000000000e+00
4 26 1.000000000000e+00
9 26 1.000000000000e+00
1 27 -7.076837754157e-01
5 27 1.000000000000e+00
10 27 1.000000000000e+00
4 28 1.430000000000e-02
6 28 -1.000000000000e+00
9 28 -4.950000000000e-02
11 28 -1.000000000000e+00
1 29 9.890556120339e-02
3 29 -1.430000000000e-02
5 29 1.960000000000e-01
8 29 4.950000000000e-02
10 29 -3.530000000000e-01
76 29 2.123051326247e+01
80 29 -3.000000000000e+01
85 29 -3.000000000000e+01
4 30 -1.960000000000e-01
7 30 1.000000000000e+00
9 30 3.530000000000e-01
12 30 1.000000000000e+00
79 30 3.000000000000e+01
84 30 3.000000000000e+01
1 31 -7.065293157494e-01
13 31 1.000000000000e+00
14 32 1.000000000000e+00
1 33 7.076837754157e-01
15 33 1.000000000000e+00
14 34 -1.506666666667e-02
16 34 -1.000000000000e+00
1 35 1.311562385840e-02
13 35 1.506666666667e-02
15 35 -4.636666666667e-02
76 35 -2.123051326247e+01
90 35 -3.000000000000e+01
14 36 4.636666666667e-02
17 36 1.000000000000e+00
89 36 3.000000000000e+01
29 37 -1.000000000000e+00
34 37 1.000000000000e+00
30 38 -1.000000000000e+00
44 38 1.000000000000e+00
31 39 -1.000000000000e+00
35 39 -1.000000000000e+00
46 39 1.000000000000e+00
32 40 1.000000000000e+00
36 40 -1.000000000000e+00
44 40 2.820000000000e-01
34 41 -2.820000000000e-01
37 41 -1.000000000000e+00
106 41 3.000000000000e+01
110 41 3.000000000000e+01
121 41 -3.000000000000e+01
33 42 -1.000000000000e+00
38 42 -1.000000000000e+00
105 42 -3.000000000000e+01
119 42 3.000000000000e+01
3 43 -1.000000000000e+00
39 43 1.000000000000e+00
4 44 -1.000000000000e+00
45 44 1.000000000000e+00
5 45 -1.000000000000e+00
40 45 -1.000000000000e+00
47 45 1.000000000000e+00
6 46 1.000000000000e+00
41 46 -1.000000000000e+00
45 46 2.970000000000e-01
39 47 -2.970000000000e-01
42 47 -1.000000000000e+00
80 47 3.000000000000e+01
115 47 3.000000000000e+01
122 47 -3.000000000000e+01
7 48 -1.000000000000e+00
43 48 -1.000000000000e+00
79 48 -3.000000000000e+01
120 48 3.000000000000e+01
34 49 -1.000000000000e+00
44 50 -1.000000000000e+00
35 51 1.000000000000e+00
36 52 1.000000000000e+00
37 53 1.000000000000e+00
38 54 1.000000000000e+00
39 55 -1.000000000000e+00
45 56 -1.000000000000e+00
40 57 1.000000000000e+00
41 58 1.000000000000e+00
42 59 1.000000000000e+00
43 60 1.000000000000e+00
48 61 1.000000000000e+00
52 61 1.000000000000e+00
49 62 1.000000000000e+00
53 62 1.000000000000e+00
50 63 1.000000000000e+00
54 63 1.000000000000e+00
50 64 5.624000000000e-02
51 64 1.000000000000e+00
54 64 -5.624000000000e-02
50 65 1.000000000000e-01
54 65 -1.000000000000e-01
125 65 -3.000000000000e+01
129 65 -3.000000000000e+01
48 66 -5.624000000000e-02
49 66 -1.000000000000e-01
52 66 5.624000000000e-02
53 66 1.000000000000e-01
124 66 3.000000000000e+01
128 66 3.000000000000e+01
55 67 1.000000000000e+00
59 67 1.000000000000e+00
56 68 1.000000000000e+00
60 68 1.000000000000e+00
57 69 1.000000000000e+00
61 69 1.000000000000e+00
57 70 7.500000000000e-02
58 70 1.000000000000e+00
61 70 -7.500000000000e-02
57 71 1.000000000000e-01
61 71 -1.000000000000e-01
132 71 -3.000000000000e+01
136 71 -3.000000000000e+01
55 72 -7.500000000000e-02
56 72 -1.000000000000e-01
59 72 7.500000000000e-02
60 72 1.000000000000e-01
131 72 3.000000000000e+01
135 72 3.000000000000e+01
62 73 1.000000000000e+00
66 73 1.000000000000e+00
63 74 1.000000000000e+00
67 74 1.000000000000e+00
64 75 1.000000000000e+00
68 75 1.000000000000e+00
64 76 -5.624000000000e-02
65 76 1.000000000000e+00
68 76 5.624000000000e-02
64 77 1.000000000000e-01
68 77 -1.000000000000e-01
139 77 -3.000000000000e+01
143 77 -3.000000000000e+01
62 78 5.624000000000e-02
63 78 -1.000000000000e-01
66 78 -5.624000000000e-02
67 78 1.000000000000e-01
138 78 3.000000000000e+01
142 78 3.000000000000e+01
69 79 1.000000000000e+00
73 79 1.000000000000e+00
70 80 1.000000000000e+00
74 80 1.000000000000e+00
71 81 1.000000000000e+00
75 81 1.000000000000e+00
71 82 -7.500000000000e-02
72 82 1.000000000000e+00
75 82 7.500000000000e-02
71 83 1.000000000000e-01
75 83 -1.000000000000e-01
146 83 -3.000000000000e+01
150 83 -3.000000000000e+01
69 84 7.500000000000e-02
70 84 -1.000000000000e-01
73 84 -7.500000000000e-02
74 84 1.000000000000e-01
145 84 3.000000000000e+01
149 84 3.000000000000e+01
83 85 -1.000000000000e+00
88 85 -1.000000000000e+00
93 85 -1.000000000000e+00
99 85 -1.000000000000e+00
123 85 -1.000000000000e+00
130 85 -1.000000000000e+00
137 85 -1.000000000000e+00
144 85 -1.000000000000e+00
84 86 -1.000000000000e+00
89 86 -1.000000000000e+00
94 86 -1.000000000000e+00
100 86 -1.000000000000e+00
124 86 -1.000000000000e+00
131 86 -1.000000000000e+00
138 86 -1.000000000000e+00
145 86 -1.000000000000e+00
85 87 -1.000000000000e+00
90 87 -1.000000000000e+00
95 87 -1.000000000000e+00
101 87 -1.000000000000e+00
125 87 -1.000000000000e+00
132 87 -1.000000000000e+00
139 87 -1.000000000000e+00
146 87 -1.000000000000e+00
84 88 -1.116000000000e-01
86 88 1.000000000000e+00
89 88 -2.846000000000e-01
91 88 1.000000000000e+00
94 88 3.714000000000e-01
96 88 -1.000000000000e+00
100 88 2.766000000000e-01
103 88 -9.135369243015e-01
124 88 -2.724000000000e-01
125 88 -2.124800000000e-01
126 88 -1.000000000000e+00
131 88 -1.724000000000e-01
132 88 -2.500000000000e-01
133 88 -1.000000000000e+00
138 88 -2.724000000000e-01
139 88 2.124800000000e-01
140 88 -1.000000000000e+00
145 88 -1.724000000000e-01
146 88 2.500000000000e-01
147 88 -1.000000000000e+00
83 89 1.116000000000e-01
85 89 -1.289000000000e-01
88 89 2.846000000000e-01
90 89 -1.389000000000e-01
93 89 -3.714000000000e-01
95 89 -3.139000000000e-01
97 89 -1.000000000000e+00
99 89 -2.766000000000e-01
101 89 4.951000000000e-01
102 89 -1.000000000000e+00
123 89 2.724000000000e-01
125 89 3.621000000000e-01
130 89 1.724000000000e-01
132 89 3.621000000000e-01
137 89 2.724000000000e-01
139 89 3.621000000000e-01
144 89 1.724000000000e-01
146 89 3.621000000000e-01
84 90 1.289000000000e-01
87 90 -1.000000000000e+00
89 90 1.389000000000e-01
92 90 -1.000000000000e+00
94 90 3.139000000000e-01
98 90 -1.000000000000e+00
100 90 -4.951000000000e-01
103 90 -4.067558087327e-01
123 90 2.124800000000e-01
124 90 -3.621000000000e-01
130 90 2.500000000000e-01
131 90 -3.621000000000e-01
137 90 -2.124800000000e-01
138 90 -3.621000000000e-01
144 90 -2.500000000000e-01
145 90 -3.621000000000e-01
93 91 1.000000000000e+00
94 92 1.000000000000e+00
95 93 1.000000000000e+00
94 94 2.962000000000e-01
96 94 1.000000000000e+00
93 95 -2.962000000000e-01
95 95 5.100000000000e-02
97 95 1.000000000000e+00
94 96 -5.100000000000e-02
98 96 1.000000000000e+00
99 97 1.000000000000e+00
100 98 1.000000000000e+00
101 99 1.000000000000e+00
77 100 4.549235379601e-01
100 100 2.100000000000e-02
103 100 9.135369243015e-01
99 101 -2.100000000000e-02
101 101 -9.000000000000e-03
102 101 1.000000000000e+00
77 102 -8.905305017852e-01
100 102 9.000000000000e-03
103 102 4.067558087327e-01
104 103 1.000000000000e+00
127 103 -1.000000000000e+00
134 103 -1.000000000000e+00
141 103 -1.000000000000e+00
148 103 -1.000000000000e+00
105 104 1.000000000000e+00
128 104 -1.000000000000e+00
135 104 -1.000000000000e+00
142 104 -1.000000000000e+00
149 104 -1.000000000000e+00
106 105 1.000000000000e+00
129 105 -1.000000000000e+00
136 105 -1.000000000000e+00
143 105 -1.000000000000e+00
150 105 -1.000000000000e+00
77 106 -4.549235379601e-01
105 106 4.200000000000e-02
107 106 -1.000000000000e+00
128 106 -1.240000000000e-01
129 106 -1.000000000000e-01
135 106 -2.400000000000e-02
136 106 -1.000000000000e-01
142 106 -1.240000000000e-01
143 106 1.000000000000e-01
149 106 -2.400000000000e-02
150 106 1.000000000000e-01
104 107 -4.200000000000e-02
106 107 -4.500000000000e-02
127 107 1.240000000000e-01
129 107 -1.250000000000e-01
134 107 2.400000000000e-02
136 107 -1.250000000000e-01
141 107 1.240000000000e-01
143 107 -1.250000000000e-01
148 107 2.400000000000e-02
150 107 -1.250000000000e-01
77 108 8.905305017852e-01
105 108 4.500000000000e-02
108 108 1.000000000000e+00
127 108 1.000000000000e-01
128 108 1.250000000000e-01
134 108 1.000000000000e-01
135 108 1.250000000000e-01
141 108 -1.000000000000e-01
142 108 1.250000000000e-01
148 108 -1.000000000000e-01
149 108 1.250000000000e-01
76 109 7.065293157494e-01
78 109 1.000000000000e+00
83 109 1.000000000000e+00
79 110 1.000000000000e+00
84 110 1.000000000000e+00
76 111 -7.076837754157e-01
80 111 1.000000000000e+00
85 111 1.000000000000e+00
79 112 1.430000000000e-02
81 112 -1.000000000000e+00
84 112 -4.950000000000e-02
86 112 -1.000000000000e+00
76 113 9.890556120339e-02
78 113 -1.430000000000e-02
80 113 1.960000000000e-01
83 113 4.950000000000e-02
85 113 -3.530000000000e-01
79 114 -1.960000000000e-01
82 114 1.000000000000e+00
84 114 3.530000000000e-01
87 114 1.000000000000e+00
76 115 -7.065293157494e-01
88 115 1.000000000000e+00
89 116 1.000000000000e+00
76 117 7.076837754157e-01
90 117 1.000000000000e+00
89 118 -1.506666666667e-02
91 118 -1.000000000000e+00
76 119 1.311562385840e-02
88 119 1.506666666667e-02
90 119 -4.636666666667e-02
89 120 4.636666666667e-02
92 120 1.000000000000e+00
104 121 -1.000000000000e+00
109 121 1.000000000000e+00
105 122 -1.000000000000e+00
119 122 1.000000000000e+00
106 123 -1.000000000000e+00
110 123 -1.000000000000e+00
121 123 1.000000000000e+00
107 124 1.000000000000e+00
111 124 -1.000000000000e+00
119 124 2.820000000000e-01
109 125 -2.820000000000e-01
112 125 -1.000000000000e+00
108 126 -1.000000000000e+00
113 126 -1.000000000000e+00
78 127 -1.000000000000e+00
114 127 1.000000000000e+00
79 128 -1.000000000000e+00
120 128 1.000000000000e+00
80 129 -1.000000000000e+00
115 129 -1.000000000000e+00
122 129 1.000000000000e+00
81 130 1.000000000000e+00
116 130 -1.000000000000e+00
120 130 2.970000000000e-01
114 131 -2.970000000000e-01
117 131 -1.000000000000e+00
82 132 -1.000000000000e+00
118 132 -1.000000000000e+00
109 133 -1.000000000000e+00
119 134 -1.000000000000e+00
110 135 1.000000000000e+00
111 136 1.000000000000e+00
112 137 1.000000000000e+00
113 138 1.000000000000e+00
114 139 -1.000000000000e+00
120 140 -1.000000000000e+00
115 141 1.000000000000e+00
116 142 1.000000000000e+00
117 143 1.000000000000e+00
118 144 1.000000000000e+00
123 145 1.000000000000e+00
127 145 1.000000000000e+00
124 146 1.000000000000e+00
128 146 1.000000000000e+00
125 147 1.000000000000e+00
129 147 1.000000000000e+00
125 148 5.624000000000e-02
126 148 1.000000000000e+00
129 148 -5.624000000000e-02
125 149 1.000000000000e-01
129 149 -1.000000000000e-01
123 150 -5.624000000000e-02
124 150 -1.000000000000e-01
127 150 5.624000000000e-02
128 150 1.000000000000e-01
130 151 1.000000000000e+00
134 151 1.000000000000e+00
131 152 1.000000000000e+00
135 152 1.000000000000e+00
132 153 1.000000000000e+00
136 153 1.000000000000e+00
132 154 7.500000000000e-02
133 154 1.000000000000e+00
136 154 -7.500000000000e-02
132 155 1.000000000000e-01
136 155 -1.000000000000e-01
130 156 -7.500000000000e-02
131 156 -1.000000000000e-01
134 156 7.500000000000e-02
135 156 1.000000000000e-01
137 157 1.000000000000e+00
141 157 1.000000000000e+00
138 158 1.000000000000e+00
142 158 1.000000000000e+00
139 159 1.000000000000e+00
143 159 1.000000000000e+00
139 160 -5.624000000000e-02
140 160 1.000000000000e+00
143 160 5.624000000000e-02
139 161 1.000000000000e-01
143 161 -1.000000000000e-01
137 162 5.624000000000e-02
138 162 -1.000000000000e-01
141 162 -5.624000000000e-02
142 162 1.000000000000e-01
144 163 1.000000000000e+00
148 163 1.000000000000e+00
145 164 1.000000000000e+00
149 164 1.000000000000e+00
146 165 1.000000000000e+00
150 165 1.000000000000e+00
146 166 -7.500000000000e-02
147 166 1.000000000000e+00
150 166 7.500000000000e-02
146 167 1.000000000000e-01
150 167 -1.000000000000e-01
144 168 7.500000000000e-02
145 168 -1.000000000000e-01
148 168 -7.500000000000e-02
149 168 1.000000000000e-01
