1 1 -5.278762272963e+03
3 1 8.777663068434e+03
5 1 1.983548653492e+03
6 1 3.979039320257e-13
31 1 5.278762272963e+03
33 1 -8.777663068434e+03
35 1 -3.953964812154e+02
2 2 -6.485478992287e+03
4 2 -2.881026195308e+02
6 2 1.515007892598e+03
32 2 6.485478992287e+03
34 2 -3.545395182450e+01
36 2 -3.134648179605e+02
1 3 8.777663068434e+03
3 3 5.736328328068e+04
4 3 -3.979039320257e-13
5 3 1.081767449963e+04
31 3 -8.777663068434e+03
33 3 -5.736328328068e+04
35 3 -2.820543250007e+03
2 4 1.063618554735e+02
3 4 3.979039320257e-13
4 4 2.434817401838e+01
5 4 -1.366018409499e-12
6 4 -2.610213063878e+01
32 4 -1.063618554735e+02
34 4 5.814448099218e-01
36 4 5.140823014553e+00
1 5 1.589084178487e+03
3 5 1.109460445260e+04
4 5 -7.149303371534e-11
5 5 2.124191034817e+03
6 5 1.637125712772e-10
31 5 -1.589084178487e+03
33 5 -1.109460445260e+04
35 5 -5.449262087182e+02
66 5 -9.672818102047e-14
72 5 1.319916398401e-13
78 5 4.310440893107e-14
84 5 -9.328648964413e-14
1 6 -3.979039320257e-13
2 6 1.238077939628e+03
4 6 3.780013578984e+02
5 6 5.897782262565e-13
6 6 -2.822715228351e+02
32 6 -1.238077939628e+03
34 6 6.768159403298e+00
36 6 5.984043374867e+01
65 6 9.672818102047e-14
71 6 -1.319916398401e-13
77 6 -4.310440893107e-14
83 6 9.328648964413e-14
5 7 -3.304008000000e+02
6 7 2.358391260060e-13
4 8 3.304008000000e+02
6 8 5.760968227010e-13
4 9 -2.358391260060e-13
5 9 -5.760968227010e-13
4 10 9.786471696000e+01
6 10 1.706398788840e-13
8 10 5.684341886081e-14
9 10 2.358391260060e-13
10 10 -9.786471696000e+01
11 10 1.202779542631e-14
12 10 1.685044080000e+01
4 11 -1.202779542631e-14
5 11 9.786471696000e+01
6 11 -6.985554912298e-14
7 11 -5.684341886081e-14
9 11 5.760968227010e-13
11 11 -9.786471696000e+01
4 12 -1.685044080000e+01
6 12 -2.938093795775e-14
7 12 -2.358391260060e-13
8 12 -5.760968227010e-13
10 12 -1.706398788840e-13
11 12 6.985554912298e-14
12 12 2.938093795775e-14
5 13 8.918266616809e+02
6 13 1.098565682867e-13
13 13 -4.599188281023e+02
15 13 -1.303983777841e+04
16 13 -3.639265868857e-10
17 13 5.734286410669e+02
18 13 8.485036126031e-10
19 13 4.599188281023e+02
21 13 1.303983777841e+04
22 13 3.639265868857e-10
23 13 1.262873988046e+03
24 13 -8.485036126031e-10
4 14 -8.918266616809e+02
6 14 -4.245802084452e+02
14 14 -6.053268279090e+03
16 14 -3.389830236290e+02
18 14 -2.542372677218e+02
20 14 6.053268279090e+03
22 14 -1.370946067164e+03
24 14 -5.378894479300e+02
4 15 -1.098565682867e-13
5 15 4.245802084452e+02
13 15 -1.303983777841e+04
15 15 2.434665054901e+04
16 15 -1.561029259398e-10
17 15 -2.923284074676e+02
18 15 3.639975785559e-10
19 15 1.303983777841e+04
21 15 -2.434665054901e+04
22 15 1.561029259398e-10
23 15 7.898390878413e+02
24 15 -3.639975785559e-10
4 16 -1.872835989530e+01
6 16 -8.916184377350e+00
13 16 -3.639236881636e-10
14 16 -3.389830236290e+02
15 16 -1.559548839482e-10
16 16 1.947249004700e+02
17 16 9.988307132252e-11
18 16 8.570634389626e+01
19 16 3.639236881636e-10
20 16 3.389830236290e+02
21 16 1.560647405165e-10
22 16 -3.202394852513e+02
23 16 9.630387979521e-11
24 16 -1.605201868682e+02
4 17 9.887091145799e-16
5 17 -2.254958177131e+01
6 17 -2.306987934020e-15
13 17 5.734286410669e+02
15 17 -2.923284074676e+02
16 17 9.740979939927e-11
17 17 -7.054739722363e+01
18 17 -2.270749964702e-10
19 17 -5.734286410669e+02
21 17 2.923284074676e+02
22 17 -2.694172358026e-11
23 17 -1.038941850199e+02
24 17 6.280106867615e-11
4 18 -8.026439955128e+00
6 18 -3.821221876007e+00
13 18 8.484058135320e-10
14 18 -2.542372677218e+02
15 18 3.639887468776e-10
16 18 8.570634389626e+01
17 18 -2.266198842420e-10
18 18 -3.623178426596e+01
19 18 -8.485156701003e-10
20 18 2.542372677218e+02
21 18 -3.639887468776e-10
22 18 -1.879781126050e+02
23 18 -2.245176163471e-10
24 18 -1.799216853204e+01
13 19 4.599188281023e+02
15 19 1.303983777841e+04
16 19 3.639265868857e-10
17 19 -5.734286410669e+02
18 19 -8.485036126031e-10
19 19 -4.599188281023e+02
21 19 -1.303983777841e+04
22 19 -3.639265868857e-10
23 19 -1.223633988046e+03
24 19 8.477646481580e-10
41 19 -1.100191061681e+03
42 19 8.468781231841e-13
14 20 6.053268279090e+03
16 20 3.389830236290e+02
18 20 2.542372677218e+02
20 20 -6.053268279090e+03
22 20 1.331706067164e+03
24 20 9.624696563752e+02
40 20 1.100191061681e+03
42 20 4.078787496718e-13
13 21 1.303983777841e+04
15 21 -2.434665054901e+04
16 21 1.561029259398e-10
17 21 2.923284074676e+02
18 21 -3.639975785559e-10
19 21 -1.303983777841e+04
21 21 2.434665054901e+04
22 21 -1.553639614946e-10
23 21 -1.214419296287e+03
24 21 3.639975785559e-10
40 21 -8.468781231841e-13
41 21 -4.078787496718e-13
13 22 3.639236881636e-10
14 22 -1.370946067164e+03
15 22 1.560647405165e-10
16 22 -3.202394852513e+02
17 22 -2.694185237423e-11
18 22 -1.879781126050e+02
19 22 -3.639236881636e-10
20 22 1.370946067164e+03
21 22 -1.559510536788e-10
22 22 -3.374104852945e+02
23 22 -1.688232036745e-10
24 22 -8.758204689500e+01
40 22 4.620802459060e+01
42 22 1.713090748622e-14
13 23 1.262873988046e+03
15 23 7.898390878413e+02
16 23 9.630318818638e-11
17 23 -1.038941850199e+02
18 23 -2.245177040628e-10
19 23 -1.262873988046e+03
21 23 -7.898390878413e+02
22 23 -9.404055366219e-11
23 23 -6.643132948953e+02
24 23 2.261529515558e-10
40 23 3.810951554328e-14
41 23 4.620802459060e+01
42 23 -3.556888117373e-14
13 24 -8.485156701003e-10
14 24 -5.378894479300e+02
15 24 -3.639887468776e-10
16 24 -1.605201868682e+02
17 24 6.280056015670e-11
18 24 -1.799216853204e+01
19 24 8.484019832626e-10
20 24 5.378894479300e+02
21 24 3.639887468776e-10
22 24 -1.288871046842e+02
23 24 3.878436357228e-10
24 24 -9.012361050189e+01
40 24 4.950859777564e+01
42 24 1.835454373523e-14
5 25 -1.255271003203e+03
6 25 2.899347428809e-13
25 25 9.611957947236e+03
27 25 9.596277754826e+03
29 25 -2.041700605474e+03
31 25 -9.611957947236e+03
33 25 -9.596277754826e+03
35 25 2.162382161011e+02
47 25 -1.176219438319e+03
48 25 -1.673661209622e-13
4 26 1.255271003203e+03
6 26 2.349171925304e+03
26 26 1.919258108909e+04
28 26 7.005292097516e+02
30 26 3.381732787897e+03
32 26 -1.919258108909e+04
34 26 -3.940876650292e+02
36 26 -3.774540947520e+01
46 26 1.176219438319e+03
48 26 -1.618591938427e-12
4 27 -2.899347428809e-13
5 27 -2.349171925304e+03
25 27 9.596277754826e+03
27 27 9.580623141849e+03
29 27 -2.038369935645e+03
31 27 -9.596277754826e+03
33 27 -9.580623141849e+03
35 27 2.158854620781e+02
46 27 1.673661209622e-13
47 27 1.618591938427e-12
4 28 -6.213591465853e+01
6 28 -1.162840103026e+02
26 28 7.005292097516e+02
27 28 1.225686219186e-13
28 28 1.567701739621e+02
29 28 -1.351507239455e-13
30 28 3.254620323344e+02
32 28 -7.005292097516e+02
34 28 -1.438419977357e+01
36 28 -1.377707445845e+00
46 28 1.681993796796e+01
48 28 -2.314586471950e-14
4 29 1.023469642369e-13
5 29 7.671217749738e+02
6 29 1.435176977260e-14
25 29 -2.041700605474e+03
27 29 -2.038369935645e+03
28 29 -6.580729121965e-13
29 29 1.495501161728e+02
30 29 3.562705686022e-13
31 29 2.041700605474e+03
33 29 2.038369935645e+03
35 29 -4.593171330584e+01
46 29 3.280375970860e-14
47 29 1.681993796796e+01
48 29 2.393335529760e-15
4 30 4.431106641306e+02
6 30 8.292576896323e+02
25 30 -1.225686219186e-13
26 30 3.381732787897e+03
28 30 3.254620323344e+02
29 30 -1.674510530236e-14
30 30 1.805277208337e+02
32 30 -3.381732787897e+03
34 30 -6.943824657815e+01
36 30 -6.650741149530e+00
46 30 -2.305390099106e+02
48 30 3.172440199316e-13
1 31 5.278762272963e+03
3 31 -8.777663068434e+03
5 31 -1.250463511970e+03
6 31 4.398287289931e-13
25 31 -9.611957947236e+03
27 31 -9.596277754826e+03
29 31 2.041700605474e+03
31 31 4.333195674273e+03
33 31 1.837394082326e+04
35 31 1.791582651144e+02
2 32 6.485478992287e+03
4 32 -4.449825219910e+02
6 32 -3.864179817902e+03
26 32 -1.919258108909e+04
28 32 -7.005292097516e+02
30 32 -3.381732787897e+03
32 32 1.270710209680e+04
34 32 4.295416168537e+02
36 32 3.512102274357e+02
1 33 -8.777663068434e+03
3 33 -5.736328328068e+04
4 33 -4.398287289931e-13
5 33 -8.468502574329e+03
25 33 -9.596277754826e+03
27 33 -9.580623141849e+03
29 33 2.038369935645e+03
31 33 1.837394082326e+04
33 33 6.694390642253e+04
35 33 2.604657787929e+03
2 34 -3.545395182450e+01
4 34 5.683329518786e+00
6 34 4.633476103597e+01
26 34 -3.940876650292e+02
28 34 -1.438419977357e+01
30 34 -6.943824657815e+01
32 34 4.295416168537e+02
33 34 4.398287289931e-13
34 34 -5.653091142618e+01
35 34 -2.039339206765e-14
36 34 -8.722761668630e+01
1 35 -3.953964812154e+02
3 35 -2.820543250007e+03
4 35 2.039339206765e-14
5 35 -6.615879144320e+02
6 35 6.626752850162e-15
25 35 2.162382161011e+02
27 35 2.158854620781e+02
29 35 -4.593171330584e+01
31 35 1.791582651144e+02
33 35 2.604657787929e+03
34 35 -1.281175686374e-13
35 35 2.094518941120e+02
36 35 8.512635041313e-14
2 36 -3.134648179605e+02
4 36 -1.055988855631e+01
6 36 -6.192315667400e+01
26 36 -3.774540947520e+01
28 36 -1.377707445845e+00
30 36 -6.650741149530e+00
31 36 -4.398287289931e-13
32 36 3.512102274357e+02
34 36 -8.722761668630e+01
35 36 -6.626752850162e-15
36 36 1.154519331337e+02
41 37 1.100191061681e+03
42 37 -8.468781231841e-13
54 37 -2.059463710680e-13
40 38 -1.100191061681e+03
42 38 -3.451132239997e-13
40 39 8.468781231841e-13
41 39 3.451132239997e-13
52 39 2.059463710680e-13
38 40 -2.557953848736e-13
39 40 -1.052824494252e-12
40 40 -3.431742773940e+02
42 40 1.769987823955e-14
37 41 2.557953848736e-13
39 41 4.984849461790e-13
40 41 -2.434579071572e-13
42 41 -6.481482017762e-13
54 41 5.807687664117e-14
37 42 1.052824494252e-12
38 42 -4.984849461790e-13
40 42 -2.555945622299e-13
41 42 -5.807687664117e-14
47 43 1.176219438319e+03
48 43 1.673661209622e-13
60 43 -8.837375276016e-14
46 44 -1.176219438319e+03
48 44 8.903940681624e-13
46 45 -1.673661209622e-13
47 45 -8.903940681624e-13
58 45 8.837375276016e-14
44 46 1.477928890381e-12
45 46 7.899236820208e-14
46 46 -3.921666521808e+02
48 46 -2.162747674685e-13
43 47 -1.477928890381e-12
45 47 1.348527620835e-12
46 47 7.024263220303e-13
48 47 -9.178213744576e-13
60 47 2.624700456977e-14
43 48 -7.899236820208e-14
44 48 -1.348527620835e-12
46 48 8.020910232477e-14
47 48 -2.624700456977e-14
41 49 -3.599210328123e-13
54 49 2.059463710680e-13
40 50 3.599210328123e-13
42 50 -6.276552567216e-14
41 51 6.276552567216e-14
52 51 -2.059463710680e-13
39 52 2.059463710680e-13
50 52 -3.599210328123e-13
51 52 3.698152895026e-13
49 53 3.599210328123e-13
51 53 -6.276552567216e-14
37 54 -2.059463710680e-13
41 54 5.807687664117e-14
49 54 -3.698152895026e-13
50 54 6.276552567216e-14
47 55 -6.360159964578e-13
60 55 8.837375276016e-14
46 56 6.360159964578e-13
48 56 7.281978702643e-13
47 57 -7.281978702643e-13
58 57 -8.837375276016e-14
45 58 8.837375276016e-14
56 58 -6.360159964578e-13
57 58 -1.058042542468e-13
55 59 6.360159964578e-13
57 59 7.281978702643e-13
43 60 -8.837375276016e-14
47 60 2.624700456977e-14
55 60 1.058042542468e-13
56 60 -7.281978702643e-13
5 61 -9.810000000000e+00
6 61 1.012886133966e+02
23 61 -9.810000000000e+00
24 61 -1.012886133966e+02
4 62 9.810000000000e+00
6 62 1.801006639343e+02
22 62 9.810000000000e+00
24 62 -1.801006639343e+02
4 63 -1.012886133966e+02
5 63 -1.801006639343e+02
22 63 1.012886133966e+02
23 63 1.801006639343e+02
4 64 -5.696471617426e+00
5 64 -1.012886133966e+01
22 64 -5.696471617426e+00
23 64 -1.012886133966e+01
62 64 3.836930773105e-13
63 64 -5.684341886081e-14
64 64 1.139294323485e+01
65 64 2.025772267933e+01
66 64 3.375077994860e-14
4 65 -1.012886133966e+01
5 65 -1.801006639343e+01
6 65 9.672818102047e-14
22 65 -1.012886133966e+01
23 65 -1.801006639343e+01
61 65 -3.836930773105e-13
63 65 6.821210263297e-13
64 65 2.025772267933e+01
65 65 3.602013278685e+01
66 65 7.860379014346e-14
4 66 -9.810000000000e-01
5 66 5.517143999999e-01
6 66 -2.370653801085e+01
22 66 9.810000000000e-01
23 66 -5.517144000000e-01
24 66 -2.370653801085e+01
61 66 5.684341886081e-14
62 66 -6.821210263297e-13
65 66 -9.672818102047e-14
66 66 4.741307602170e+01
5 67 -9.810000000000e+00
6 67 2.414208021655e+01
23 67 -9.809999999999e+00
24 67 -2.414208021655e+01
4 68 9.810000000000e+00
6 68 3.218944028873e+01
22 68 9.809999999999e+00
24 68 -3.218944028873e+01
4 69 -2.414208021655e+01
5 69 -3.218944028873e+01
22 69 2.414208021655e+01
23 69 3.218944028873e+01
4 70 -1.810656016241e+00
5 70 -2.414208021655e+00
22 70 -1.810656016241e+00
23 70 -2.414208021655e+00
68 70 2.167155344068e-13
69 70 -5.684341886081e-14
70 70 3.621312032482e+00
71 70 4.828416043310e+00
72 70 1.010302952409e-13
4 71 -2.414208021655e+00
5 71 -3.218944028873e+00
6 71 -1.319916398401e-13
22 71 -2.414208021655e+00
23 71 -3.218944028873e+00
67 71 -2.167155344068e-13
69 71 2.273736754432e-13
70 71 4.828416043310e+00
71 71 6.437888057746e+00
72 71 -2.063904602778e-13
4 72 -9.810000000000e-01
5 72 7.357500000002e-01
6 72 -5.029600045114e+00
22 72 9.809999999999e-01
23 72 -7.357500000000e-01
24 72 -5.029600045114e+00
67 72 5.684341886081e-14
68 72 -2.273736754432e-13
71 72 1.319916398401e-13
72 72 1.005920009023e+01
5 73 -9.810000000000e+00
6 73 -1.012886133950e+02
23 73 -9.810000000000e+00
24 73 1.012886133950e+02
4 74 9.810000000000e+00
6 74 1.801006639314e+02
22 74 9.810000000000e+00
24 74 -1.801006639314e+02
4 75 1.012886133950e+02
5 75 -1.801006639314e+02
22 75 -1.012886133950e+02
23 75 1.801006639314e+02
4 76 -5.696471617334e+00
5 76 1.012886133950e+01
22 76 -5.696471617334e+00
23 76 1.012886133950e+01
74 76 6.252776074689e-13
75 76 -5.684341886081e-14
76 76 1.139294323467e+01
77 76 -2.025772267900e+01
78 76 2.553512956638e-14
4 77 1.012886133950e+01
5 77 -1.801006639314e+01
6 77 -4.310440893107e-14
22 77 1.012886133950e+01
23 77 -1.801006639314e+01
73 77 -6.252776074689e-13
75 77 1.136868377216e-13
76 77 -2.025772267900e+01
77 77 3.602013278627e+01
78 77 -2.964295475749e-14
4 78 -9.810000000000e-01
5 78 -5.517143999999e-01
6 78 -2.370653801047e+01
22 78 9.810000000000e-01
23 78 5.517144000000e-01
24 78 -2.370653801047e+01
73 78 5.684341886081e-14
74 78 -1.136868377216e-13
77 78 4.310440893107e-14
78 78 4.741307602094e+01
5 79 -9.810000000000e+00
6 79 -2.414208021818e+01
23 79 -9.810000000000e+00
24 79 2.414208021818e+01
4 80 9.810000000000e+00
6 80 3.218944029091e+01
22 80 9.810000000000e+00
24 80 -3.218944029091e+01
4 81 2.414208021818e+01
5 81 -3.218944029091e+01
22 81 -2.414208021818e+01
23 81 3.218944029091e+01
4 82 -1.810656016364e+00
5 82 2.414208021818e+00
22 82 -1.810656016364e+00
23 82 2.414208021818e+00
80 82 3.517186542012e-13
81 82 -5.684341886081e-13
82 82 3.621312032727e+00
83 82 -4.828416043636e+00
84 82 -2.342570581959e-14
4 83 2.414208021818e+00
5 83 -3.218944029091e+00
6 83 9.328648964413e-14
22 83 2.414208021818e+00
23 83 -3.218944029091e+00
79 83 -3.517186542012e-13
82 83 -4.828416043636e+00
83 83 6.437888058182e+00
84 83 7.438494264989e-14
4 84 -9.810000000000e-01
5 84 -7.357500000001e-01
6 84 -5.029600045455e+00
22 84 9.810000000000e-01
23 84 7.357500000000e-01
24 84 -5.029600045455e+00
79 84 5.684341886081e-13
83 84 -9.328648964413e-14
84 84 1.005920009091e+01
