3 5 3.000000000000e+01
2 6 -3.000000000000e+01
9 11 3.000000000000e+01
8 12 -3.000000000000e+01
15 17 3.000000000000e+01
14 18 -3.000000000000e+01
21 23 3.000000000000e+01
20 24 -3.000000000000e+01
27 29 3.000000000000e+01
26 30 -3.000000000000e+01
33 35 3.000000000000e+01
32 36 -3.000000000000e+01
39 41 3.000000000000e+01
38 42 -3.000000000000e+01
45 47 3.000000000000e+01
44 48 -3.000000000000e+01
63 65 3.000000000000e+01
62 66 -3.000000000000e+01
69 71 3.000000000000e+01
68 72 -3.000000000000e+01
75 77 3.000000000000e+01
74 78 -3.000000000000e+01
81 83 3.000000000000e+01
80 84 -3.000000000000e+01
