%%% Speed, Mode, Body, Rotation centre, Axis of rotation
1.000000000000e+00  1  bike 5.149300000000e-01 + 0.000000000000e+00i, 0.000000000000e+00 + 0.000000000000e+00i, 8.938500000000e-01 + 0.000000000000e+00i, 0.000000000000e+00 + 0.000000000000e+00i, 1.000000000000e+00 + 0.000000000000e+00i, -0.000000000000e+00 + 0.000000000000e+00i, 
1.000000000000e+00  1  upper body 5.149300000000e-01 + 0.000000000000e+00i, -0.000000000000e+00 + 0.000000000000e+00i, 8.938500000000e-01 + 0.000000000000e+00i, 0.000000000000e+00 + 0.000000000000e+00i, 1.000000000000e+00 + 0.000000000000e+00i, -0.000000000000e+00 + 0.000000000000e+00i, 
1.000000000000e+00  1  upper fork 5.149300000000e-01 + 0.000000000000e+00i, 0.000000000000e+00 + 0.000000000000e+00i, 8.938500000000e-01 + 0.000000000000e+00i, 0.000000000000e+00 + 0.000000000000e+00i, 1.000000000000e+00 + 0.000000000000e+00i, -0.000000000000e+00 + 0.000000000000e+00i, 
1.000000000000e+00  1  lower fork 2.968000000000e+00 + 0.000000000000e+00i, -0.000000000000e+00 + 0.000000000000e+00i, 2.052240000000e+00 + 0.000000000000e+00i, 0.000000000000e+00 + 0.000000000000e+00i, 1.000000000000e+00 + 0.000000000000e+00i, -0.000000000000e+00 + 0.000000000000e+00i, 
1.000000000000e+00  1  swing arm -3.137000000000e-02 + 0.000000000000e+00i, 0.000000000000e+00 + 0.000000000000e+00i, 9.440990000000e+00 + 0.000000000000e+00i, 0.000000000000e+00 + 0.000000000000e+00i, 1.000000000000e+00 + 0.000000000000e+00i, -0.000000000000e+00 + 0.000000000000e+00i, 
1.000000000000e+00  1  bell crank 5.505000000000e-01 + 0.000000000000e+00i, 0.000000000000e+00 + 0.000000000000e+00i, -1.495800000000e-01 + 0.000000000000e+00i, 0.000000000000e+00 + 0.000000000000e+00i, -1.000000000000e+00 + 0.000000000000e+00i, -0.000000000000e+00 + 0.000000000000e+00i, 
1.000000000000e+00  1  front wheel, bike 1.437790000000e+00 + 0.000000000000e+00i, -0.000000000000e+00 + 0.000000000000e+00i, 3.135700000000e-01 + 0.000000000000e+00i, 0.000000000000e+00 + 0.000000000000e+00i, 1.000000000000e+00 + 0.000000000000e+00i, -0.000000000000e+00 + 0.000000000000e+00i, 
1.000000000000e+00  1  rear wheel, bike -3.300000000000e-04 + 0.000000000000e+00i, 0.000000000000e+00 + 0.000000000000e+00i, 3.924700000000e-01 + 0.000000000000e+00i, 0.000000000000e+00 + 0.000000000000e+00i, 1.000000000000e+00 + 0.000000000000e+00i, -0.000000000000e+00 + 0.000000000000e+00i, 

1.000000000000e+00  2  bike 5.862300000000e-01 + 0.000000000000e+00i, -0.000000000000e+00 + 0.000000000000e+00i, 2.418150000000e+00 + 0.000000000000e+00i, -0.000000000000e+00 + 0.000000000000e+00i, 1.000000000000e+00 + 0.000000000000e+00i, 0.000000000000e+00 + 0.000000000000e+00i, 
1.000000000000e+00  2  upper body 5.862300000000e-01 + 0.000000000000e+00i, -0.000000000000e+00 + 0.000000000000e+00i, 2.418150000000e+00 + 0.000000000000e+00i, -0.000000000000e+00 + 0.000000000000e+00i, 1.000000000000e+00 + 0.000000000000e+00i, 0.000000000000e+00 + 0.000000000000e+00i, 
1.000000000000e+00  2  upper fork 5.862300000000e-01 + 0.000000000000e+00i, -0.000000000000e+00 + 0.000000000000e+00i, 2.418150000000e+00 + 0.000000000000e+00i, -0.000000000000e+00 + 0.000000000000e+00i, 1.000000000000e+00 + 0.000000000000e+00i, 0.000000000000e+00 + 0.000000000000e+00i, 
1.000000000000e+00  2  lower fork -9.260100000000e-01 + 0.000000000000e+00i, -0.000000000000e+00 + 0.000000000000e+00i, 1.704040000000e+00 + 0.000000000000e+00i, -0.000000000000e+00 + 0.000000000000e+00i, 1.000000000000e+00 + 0.000000000000e+00i, 0.000000000000e+00 + 0.000000000000e+00i, 
1.000000000000e+00  2  swing arm 5.559100000000e-01 + 0.000000000000e+00i, 0.000000000000e+00 + 0.000000000000e+00i, 7.426000000000e-01 + 0.000000000000e+00i, -0.000000000000e+00 + 0.000000000000e+00i, 1.000000000000e+00 + 0.000000000000e+00i, 0.000000000000e+00 + 0.000000000000e+00i, 
1.000000000000e+00  2  bell crank 5.420600000000e-01 + 0.000000000000e+00i, -0.000000000000e+00 + 0.000000000000e+00i, 3.324500000000e-01 + 0.000000000000e+00i, -0.000000000000e+00 + 0.000000000000e+00i, 1.000000000000e+00 + 0.000000000000e+00i, 0.000000000000e+00 + 0.000000000000e+00i, 
1.000000000000e+00  2  front wheel, bike 1.470610000000e+00 + 0.000000000000e+00i, -0.000000000000e+00 + 0.000000000000e+00i, 2.451000000000e-01 + 0.000000000000e+00i, -0.000000000000e+00 + 0.000000000000e+00i, -1.000000000000e+00 + 0.000000000000e+00i, 0.000000000000e+00 + 0.000000000000e+00i, 
1.000000000000e+00  2  rear wheel, bike 1.219000000000e-02 + 0.000000000000e+00i, 0.000000000000e+00 + 0.000000000000e+00i, 3.067700000000e-01 + 0.000000000000e+00i, -0.000000000000e+00 + 0.000000000000e+00i, 1.000000000000e+00 + 0.000000000000e+00i, 0.000000000000e+00 + 0.000000000000e+00i, 

1.000000000000e+00  3  bike 5.108600000000e-01 + 0.000000000000e+00i, -0.000000000000e+00 + 0.000000000000e+00i, 5.686100000000e-01 + 0.000000000000e+00i, -4.990800000000e-01 + 0.000000000000e+00i, 0.000000000000e+00 + 0.000000000000e+00i, -8.665600000000e-01 + 0.000000000000e+00i, 
1.000000000000e+00  3  upper body 7.341000000000e-01 + 0.000000000000e+00i, -0.000000000000e+00 + 0.000000000000e+00i, 9.562200000000e-01 + 0.000000000000e+00i, -4.990800000000e-01 + 0.000000000000e+00i, 0.000000000000e+00 + 0.000000000000e+00i, -8.665600000000e-01 + 0.000000000000e+00i, 
1.000000000000e+00  3  upper fork 1.256340000000e+00 + 0.000000000000e+00i, -0.000000000000e+00 + 0.000000000000e+00i, 8.355800000000e-01 + 0.000000000000e+00i, -5.790300000000e-01 + 0.000000000000e+00i, 0.000000000000e+00 + 0.000000000000e+00i, 8.153100000000e-01 + 0.000000000000e+00i, 
1.000000000000e+00  3  lower fork 1.534280000000e+00 + 0.000000000000e+00i, -0.000000000000e+00 + 0.000000000000e+00i, 4.442200000000e-01 + 0.000000000000e+00i, -5.790300000000e-01 + 0.000000000000e+00i, 0.000000000000e+00 + 0.000000000000e+00i, 8.153100000000e-01 + 0.000000000000e+00i, 
1.000000000000e+00  3  swing arm 3.211500000000e-01 + 0.000000000000e+00i, 0.000000000000e+00 + 0.000000000000e+00i, 2.392200000000e-01 + 0.000000000000e+00i, -4.990800000000e-01 + 0.000000000000e+00i, 0.000000000000e+00 + 0.000000000000e+00i, -8.665600000000e-01 + 0.000000000000e+00i, 
1.000000000000e+00  3  bell crank 3.351100000000e-01 + 0.000000000000e+00i, -0.000000000000e+00 + 0.000000000000e+00i, 2.634600000000e-01 + 0.000000000000e+00i, -4.990800000000e-01 + 0.000000000000e+00i, 0.000000000000e+00 + 0.000000000000e+00i, -8.665600000000e-01 + 0.000000000000e+00i, 
1.000000000000e+00  3  front wheel, bike 1.569200000000e+00 + 0.000000000000e+00i, -0.000000000000e+00 + 0.000000000000e+00i, 3.950600000000e-01 + 0.000000000000e+00i, -5.790300000000e-01 + 0.000000000000e+00i, 0.000000000000e+00 + 0.000000000000e+00i, 8.153100000000e-01 + 0.000000000000e+00i, 
1.000000000000e+00  3  rear wheel, bike 2.661500000000e-01 + 0.000000000000e+00i, 0.000000000000e+00 + 0.000000000000e+00i, 1.437200000000e-01 + 0.000000000000e+00i, -4.990800000000e-01 + 0.000000000000e+00i, 0.000000000000e+00 + 0.000000000000e+00i, -8.665600000000e-01 + 0.000000000000e+00i, 

1.000000000000e+00  4  bike 8.083600000000e-01 + 0.000000000000e+00i, -0.000000000000e+00 + 0.000000000000e+00i, 6.494400000000e-01 + 0.000000000000e+00i, 8.050500000000e-01 + 0.000000000000e+00i, -0.000000000000e+00 + 0.000000000000e+00i, -5.932100000000e-01 + 0.000000000000e+00i, 
1.000000000000e+00  4  upper body 3.191500000000e-01 + 0.000000000000e+00i, 0.000000000000e+00 + 0.000000000000e+00i, 1.009920000000e+00 + 0.000000000000e+00i, 8.050500000000e-01 + 0.000000000000e+00i, -0.000000000000e+00 + 0.000000000000e+00i, -5.932100000000e-01 + 0.000000000000e+00i, 
1.000000000000e+00  4  upper fork 1.163100000000e+00 + 0.000000000000e+00i, -0.000000000000e+00 + 0.000000000000e+00i, 2.013300000000e-01 + 0.000000000000e+00i, 1.000000000000e+00 + 0.000000000000e+00i, -0.000000000000e+00 + 0.000000000000e+00i, -1.590000000000e-03 + 0.000000000000e+00i, 
1.000000000000e+00  4  lower fork 1.364800000000e+00 + 0.000000000000e+00i, 0.000000000000e+00 + 0.000000000000e+00i, 2.010100000000e-01 + 0.000000000000e+00i, 1.000000000000e+00 + 0.000000000000e+00i, -0.000000000000e+00 + 0.000000000000e+00i, -1.590000000000e-03 + 0.000000000000e+00i, 
1.000000000000e+00  4  swing arm 5.729700000000e-01 + 0.000000000000e+00i, 0.000000000000e+00 + 0.000000000000e+00i, 8.228900000000e-01 + 0.000000000000e+00i, 8.050500000000e-01 + 0.000000000000e+00i, -0.000000000000e+00 + 0.000000000000e+00i, -5.932100000000e-01 + 0.000000000000e+00i, 
1.000000000000e+00  4  bell crank 8.313900000000e-01 + 0.000000000000e+00i, -0.000000000000e+00 + 0.000000000000e+00i, 6.324700000000e-01 + 0.000000000000e+00i, 8.050500000000e-01 + 0.000000000000e+00i, -0.000000000000e+00 + 0.000000000000e+00i, -5.932100000000e-01 + 0.000000000000e+00i, 
1.000000000000e+00  4  front wheel, bike 1.409870000000e+00 + 0.000000000000e+00i, 0.000000000000e+00 + 0.000000000000e+00i, 2.009400000000e-01 + 0.000000000000e+00i, 1.000000000000e+00 + 0.000000000000e+00i, -0.000000000000e+00 + 0.000000000000e+00i, -1.590000000000e-03 + 0.000000000000e+00i, 
1.000000000000e+00  4  rear wheel, bike 4.527700000000e-01 + 0.000000000000e+00i, 0.000000000000e+00 + 0.000000000000e+00i, 9.114600000000e-01 + 0.000000000000e+00i, 8.050500000000e-01 + 0.000000000000e+00i, 0.000000000000e+00 + 0.000000000000e+00i, -5.932100000000e-01 + 0.000000000000e+00i, 

1.000000000000e+00  5  bike 9.940500000000e-01 + 0.000000000000e+00i, -0.000000000000e+00 + 0.000000000000e+00i, 5.645100000000e-01 + 0.000000000000e+00i, -0.000000000000e+00 + 0.000000000000e+00i, -1.000000000000e+00 + 0.000000000000e+00i, 0.000000000000e+00 + 0.000000000000e+00i, 
1.000000000000e+00  5  upper body 9.940500000000e-01 + 0.000000000000e+00i, -0.000000000000e+00 + 0.000000000000e+00i, 5.645100000000e-01 + 0.000000000000e+00i, -0.000000000000e+00 + 0.000000000000e+00i, -1.000000000000e+00 + 0.000000000000e+00i, 0.000000000000e+00 + 0.000000000000e+00i, 
1.000000000000e+00  5  upper fork 9.940500000000e-01 + 0.000000000000e+00i, -0.000000000000e+00 + 0.000000000000e+00i, 5.645100000000e-01 + 0.000000000000e+00i, -0.000000000000e+00 + 0.000000000000e+00i, -1.000000000000e+00 + 0.000000000000e+00i, 0.000000000000e+00 + 0.000000000000e+00i, 
1.000000000000e+00  5  lower fork 1.371710000000e+00 + 0.000000000000e+00i, 0.000000000000e+00 + 0.000000000000e+00i, 7.428500000000e-01 + 0.000000000000e+00i, -0.000000000000e+00 + 0.000000000000e+00i, -1.000000000000e+00 + 0.000000000000e+00i, 0.000000000000e+00 + 0.000000000000e+00i, 
1.000000000000e+00  5  swing arm 4.777900000000e-01 + 0.000000000000e+00i, 0.000000000000e+00 + 0.000000000000e+00i, 3.282100000000e-01 + 0.000000000000e+00i, -0.000000000000e+00 + 0.000000000000e+00i, 1.000000000000e+00 + 0.000000000000e+00i, 0.000000000000e+00 + 0.000000000000e+00i, 
1.000000000000e+00  5  bell crank 5.190600000000e-01 + 0.000000000000e+00i, 0.000000000000e+00 + 0.000000000000e+00i, 1.712900000000e-01 + 0.000000000000e+00i, -0.000000000000e+00 + 0.000000000000e+00i, 1.000000000000e+00 + 0.000000000000e+00i, 0.000000000000e+00 + 0.000000000000e+00i, 
1.000000000000e+00  5  front wheel, bike 1.432980000000e+00 + 0.000000000000e+00i, 0.000000000000e+00 + 0.000000000000e+00i, 5.480000000000e-03 + 0.000000000000e+00i, -0.000000000000e+00 + 0.000000000000e+00i, 1.000000000000e+00 + 0.000000000000e+00i, 0.000000000000e+00 + 0.000000000000e+00i, 
1.000000000000e+00  5  rear wheel, bike -4.442270000000e+00 + 0.000000000000e+00i, 0.000000000000e+00 + 0.000000000000e+00i, 6.860000000000e-03 + 0.000000000000e+00i, -0.000000000000e+00 + 0.000000000000e+00i, -1.000000000000e+00 + 0.000000000000e+00i, 0.000000000000e+00 + 0.000000000000e+00i, 

1.000000000000e+00  6  bike 9.776000000000e-02 + -4.262200000000e-01i, -0.000000000000e+00 + 0.000000000000e+00i, 3.804100000000e-01 + -4.600000000000e-03i, -0.000000000000e+00 + 0.000000000000e+00i, 1.000000000000e+00 + 0.000000000000e+00i, 0.000000000000e+00 + 0.000000000000e+00i, 
1.000000000000e+00  6  upper body 9.776000000000e-02 + -4.262200000000e-01i, -0.000000000000e+00 + 0.000000000000e+00i, 3.804100000000e-01 + -4.600000000000e-03i, -0.000000000000e+00 + 0.000000000000e+00i, 1.000000000000e+00 + 0.000000000000e+00i, 0.000000000000e+00 + 0.000000000000e+00i, 
1.000000000000e+00  6  upper fork 9.776000000000e-02 + -4.262200000000e-01i, -0.000000000000e+00 + 0.000000000000e+00i, 3.804100000000e-01 + -4.600000000000e-03i, 0.000000000000e+00 + 0.000000000000e+00i, -9.285600000000e-01 + 3.711800000000e-01i, -0.000000000000e+00 + 0.000000000000e+00i, 
1.000000000000e+00  6  lower fork 3.246420000000e+00 + -5.405000000000e-01i, -0.000000000000e+00 + 0.000000000000e+00i, 1.867270000000e+00 + -5.856000000000e-02i, -0.000000000000e+00 + 0.000000000000e+00i, 9.611300000000e-01 + 2.761100000000e-01i, 0.000000000000e+00 + 0.000000000000e+00i, 
1.000000000000e+00  6  swing arm 3.331500000000e-01 + -4.698000000000e-02i, 0.000000000000e+00 + 0.000000000000e+00i, 3.659300000000e-01 + -5.000000000000e-03i, -0.000000000000e+00 + 0.000000000000e+00i, 1.000000000000e+00 + 0.000000000000e+00i, 0.000000000000e+00 + 0.000000000000e+00i, 
1.000000000000e+00  6  bell crank 4.559300000000e-01 + -5.380000000000e-03i, -0.000000000000e+00 + 0.000000000000e+00i, 2.073300000000e-01 + -1.738000000000e-02i, -0.000000000000e+00 + 0.000000000000e+00i, 1.000000000000e+00 + 0.000000000000e+00i, 0.000000000000e+00 + 0.000000000000e+00i, 
1.000000000000e+00  6  front wheel, bike 1.081640000000e+00 + 8.264000000000e-02i, -0.000000000000e+00 + 0.000000000000e+00i, 1.410000000000e-03 + -7.800000000000e-04i, 0.000000000000e+00 + 0.000000000000e+00i, 1.000000000000e+00 + 0.000000000000e+00i, -0.000000000000e+00 + 0.000000000000e+00i, 
1.000000000000e+00  6  rear wheel, bike -1.434250000000e+00 + 9.236000000000e-02i, 0.000000000000e+00 + 0.000000000000e+00i, 1.770000000000e-03 + -9.700000000000e-04i, -0.000000000000e+00 + 0.000000000000e+00i, -9.979300000000e-01 + -6.427000000000e-02i, 0.000000000000e+00 + 0.000000000000e+00i, 

1.000000000000e+00  7  bike 9.776000000000e-02 + 4.262200000000e-01i, -0.000000000000e+00 + 0.000000000000e+00i, 3.804100000000e-01 + 4.600000000000e-03i, -0.000000000000e+00 + 0.000000000000e+00i, 1.000000000000e+00 + 0.000000000000e+00i, 0.000000000000e+00 + 0.000000000000e+00i, 
1.000000000000e+00  7  upper body 9.776000000000e-02 + 4.262200000000e-01i, -0.000000000000e+00 + 0.000000000000e+00i, 3.804100000000e-01 + 4.600000000000e-03i, -0.000000000000e+00 + 0.000000000000e+00i, 1.000000000000e+00 + 0.000000000000e+00i, 0.000000000000e+00 + 0.000000000000e+00i, 
1.000000000000e+00  7  upper fork 9.776000000000e-02 + 4.262200000000e-01i, -0.000000000000e+00 + 0.000000000000e+00i, 3.804100000000e-01 + 4.600000000000e-03i, 0.000000000000e+00 + 0.000000000000e+00i, -9.285600000000e-01 + -3.711800000000e-01i, -0.000000000000e+00 + 0.000000000000e+00i, 
1.000000000000e+00  7  lower fork 3.246420000000e+00 + 5.405000000000e-01i, -0.000000000000e+00 + 0.000000000000e+00i, 1.867270000000e+00 + 5.856000000000e-02i, -0.000000000000e+00 + 0.000000000000e+00i, 9.611300000000e-01 + -2.761100000000e-01i, 0.000000000000e+00 + 0.000000000000e+00i, 
1.000000000000e+00  7  swing arm 3.331500000000e-01 + 4.698000000000e-02i, 0.000000000000e+00 + 0.000000000000e+00i, 3.659300000000e-01 + 5.000000000000e-03i, -0.000000000000e+00 + 0.000000000000e+00i, 1.000000000000e+00 + 0.000000000000e+00i, 0.000000000000e+00 + 0.000000000000e+00i, 
1.000000000000e+00  7  bell crank 4.559300000000e-01 + 5.380000000000e-03i, -0.000000000000e+00 + 0.000000000000e+00i, 2.073300000000e-01 + 1.738000000000e-02i, -0.000000000000e+00 + 0.000000000000e+00i, 1.000000000000e+00 + 0.000000000000e+00i, 0.000000000000e+00 + 0.000000000000e+00i, 
1.000000000000e+00  7  front wheel, bike 1.081640000000e+00 + -8.264000000000e-02i, -0.000000000000e+00 + 0.000000000000e+00i, 1.410000000000e-03 + 7.800000000000e-04i, 0.000000000000e+00 + 0.000000000000e+00i, 1.000000000000e+00 + 0.000000000000e+00i, -0.000000000000e+00 + 0.000000000000e+00i, 
1.000000000000e+00  7  rear wheel, bike -1.434250000000e+00 + -9.236000000000e-02i, 0.000000000000e+00 + 0.000000000000e+00i, 1.770000000000e-03 + 9.700000000000e-04i, -0.000000000000e+00 + 0.000000000000e+00i, -9.979300000000e-01 + 6.427000000000e-02i, 0.000000000000e+00 + 0.000000000000e+00i, 

1.000000000000e+00  8  bike 6.288100000000e-01 + -9.979000000000e-02i, -0.000000000000e+00 + 0.000000000000e+00i, 5.100200000000e-01 + 2.024000000000e-02i, -0.000000000000e+00 + 0.000000000000e+00i, 1.000000000000e+00 + 0.000000000000e+00i, 0.000000000000e+00 + 0.000000000000e+00i, 
1.000000000000e+00  8  upper body 6.288100000000e-01 + -9.979000000000e-02i, 0.000000000000e+00 + 0.000000000000e+00i, 5.100200000000e-01 + 2.024000000000e-02i, -0.000000000000e+00 + 0.000000000000e+00i, 1.000000000000e+00 + 0.000000000000e+00i, 0.000000000000e+00 + 0.000000000000e+00i, 
1.000000000000e+00  8  upper fork 6.288100000000e-01 + -9.979000000000e-02i, 0.000000000000e+00 + 0.000000000000e+00i, 5.100200000000e-01 + 2.024000000000e-02i, -0.000000000000e+00 + 0.000000000000e+00i, 1.000000000000e+00 + 0.000000000000e+00i, 0.000000000000e+00 + 0.000000000000e+00i, 
1.000000000000e+00  8  lower fork 1.163730000000e+00 + -6.595400000000e-01i, -0.000000000000e+00 + 0.000000000000e+00i, 7.626200000000e-01 + -2.440800000000e-01i, -0.000000000000e+00 + 0.000000000000e+00i, 1.000000000000e+00 + 0.000000000000e+00i, 0.000000000000e+00 + 0.000000000000e+00i, 
1.000000000000e+00  8  swing arm 5.336600000000e-01 + -1.211900000000e-01i, -0.000000000000e+00 + 0.000000000000e+00i, 4.740300000000e-01 + -8.891000000000e-02i, -0.000000000000e+00 + 0.000000000000e+00i, 1.000000000000e+00 + 0.000000000000e+00i, 0.000000000000e+00 + 0.000000000000e+00i, 
1.000000000000e+00  8  bell crank 5.002100000000e-01 + -3.810000000000e-02i, -0.000000000000e+00 + 0.000000000000e+00i, 2.016800000000e-01 + -1.300200000000e-01i, -0.000000000000e+00 + 0.000000000000e+00i, 1.000000000000e+00 + 0.000000000000e+00i, -0.000000000000e+00 + 0.000000000000e+00i, 
1.000000000000e+00  8  front wheel, bike 1.367160000000e+00 + 3.652000000000e-01i, -0.000000000000e+00 + 0.000000000000e+00i, 4.600000000000e-04 + -1.190000000000e-03i, 0.000000000000e+00 + 0.000000000000e+00i, 1.000000000000e+00 + 0.000000000000e+00i, -0.000000000000e+00 + 0.000000000000e+00i, 
1.000000000000e+00  8  rear wheel, bike -7.939900000000e-01 + -2.003400000000e-01i, 0.000000000000e+00 + 0.000000000000e+00i, 5.800000000000e-04 + -1.490000000000e-03i, 0.000000000000e+00 + 0.000000000000e+00i, 1.000000000000e+00 + 0.000000000000e+00i, -0.000000000000e+00 + 0.000000000000e+00i, 

1.000000000000e+00  9  bike 6.288100000000e-01 + 9.979000000000e-02i, -0.000000000000e+00 + 0.000000000000e+00i, 5.100200000000e-01 + -2.024000000000e-02i, -0.000000000000e+00 + 0.000000000000e+00i, 1.000000000000e+00 + 0.000000000000e+00i, 0.000000000000e+00 + 0.000000000000e+00i, 
1.000000000000e+00  9  upper body 6.288100000000e-01 + 9.979000000000e-02i, 0.000000000000e+00 + 0.000000000000e+00i, 5.100200000000e-01 + -2.024000000000e-02i, -0.000000000000e+00 + 0.000000000000e+00i, 1.000000000000e+00 + 0.000000000000e+00i, 0.000000000000e+00 + 0.000000000000e+00i, 
1.000000000000e+00  9  upper fork 6.288100000000e-01 + 9.979000000000e-02i, 0.000000000000e+00 + 0.000000000000e+00i, 5.100200000000e-01 + -2.024000000000e-02i, -0.000000000000e+00 + 0.000000000000e+00i, 1.000000000000e+00 + 0.000000000000e+00i, 0.000000000000e+00 + 0.000000000000e+00i, 
1.000000000000e+00  9  lower fork 1.163730000000e+00 + 6.595400000000e-01i, -0.000000000000e+00 + 0.000000000000e+00i, 7.626200000000e-01 + 2.440800000000e-01i, -0.000000000000e+00 + 0.000000000000e+00i, 1.000000000000e+00 + 0.000000000000e+00i, 0.000000000000e+00 + 0.000000000000e+00i, 
1.000000000000e+00  9  swing arm 5.336600000000e-01 + 1.211900000000e-01i, -0.000000000000e+00 + 0.000000000000e+00i, 4.740300000000e-01 + 8.891000000000e-02i, -0.000000000000e+00 + 0.000000000000e+00i, 1.000000000000e+00 + 0.000000000000e+00i, 0.000000000000e+00 + 0.000000000000e+00i, 
1.000000000000e+00  9  bell crank 5.002100000000e-01 + 3.810000000000e-02i, -0.000000000000e+00 + 0.000000000000e+00i, 2.016800000000e-01 + 1.300200000000e-01i, -0.000000000000e+00 + 0.000000000000e+00i, 1.000000000000e+00 + 0.000000000000e+00i, -0.000000000000e+00 + 0.000000000000e+00i, 
1.000000000000e+00  9  front wheel, bike 1.367160000000e+00 + -3.652000000000e-01i, -0.000000000000e+00 + 0.000000000000e+00i, 4.600000000000e-04 + 1.190000000000e-03i, 0.000000000000e+00 + 0.000000000000e+00i, 1.000000000000e+00 + 0.000000000000e+00i, -0.000000000000e+00 + 0.000000000000e+00i, 
1.000000000000e+00  9  rear wheel, bike -7.939900000000e-01 + 2.003400000000e-01i, 0.000000000000e+00 + 0.000000000000e+00i, 5.800000000000e-04 + 1.490000000000e-03i, 0.000000000000e+00 + 0.000000000000e+00i, 1.000000000000e+00 + 0.000000000000e+00i, -0.000000000000e+00 + 0.000000000000e+00i, 

1.000000000000e+00  10  bike 3.079000000000e-02 + -1.705410000000e+00i, -0.000000000000e+00 + 0.000000000000e+00i, 4.405500000000e-01 + -6.288000000000e-02i, 0.000000000000e+00 + 0.000000000000e+00i, -3.547700000000e-01 + 9.349500000000e-01i, 0.000000000000e+00 + 0.000000000000e+00i, 
1.000000000000e+00  10  upper body 3.079000000000e-02 + -1.705410000000e+00i, -0.000000000000e+00 + 0.000000000000e+00i, 4.405500000000e-01 + -6.288000000000e-02i, 0.000000000000e+00 + 0.000000000000e+00i, -2.197800000000e-01 + 9.755500000000e-01i, 0.000000000000e+00 + 0.000000000000e+00i, 
1.000000000000e+00  10  upper fork 3.079000000000e-02 + -1.705410000000e+00i, -0.000000000000e+00 + 0.000000000000e+00i, 4.405500000000e-01 + -6.288000000000e-02i, 0.000000000000e+00 + 0.000000000000e+00i, -5.534400000000e-01 + 8.328900000000e-01i, -0.000000000000e+00 + 0.000000000000e+00i, 
1.000000000000e+00  10  lower fork 1.897410000000e+00 + -6.664500000000e-01i, -0.000000000000e+00 + 0.000000000000e+00i, 1.322010000000e+00 + 4.277300000000e-01i, 0.000000000000e+00 + 0.000000000000e+00i, -9.191400000000e-01 + 3.939300000000e-01i, -0.000000000000e+00 + 0.000000000000e+00i, 
1.000000000000e+00  10  swing arm 3.570000000000e-02 + -2.366100000000e-01i, -0.000000000000e+00 + 0.000000000000e+00i, 3.627100000000e-01 + -3.215000000000e-02i, -0.000000000000e+00 + 0.000000000000e+00i, 1.000000000000e+00 + 0.000000000000e+00i, -0.000000000000e+00 + 0.000000000000e+00i, 
1.000000000000e+00  10  bell crank 3.473800000000e-01 + -4.822000000000e-02i, -0.000000000000e+00 + 0.000000000000e+00i, 1.961300000000e-01 + -2.769000000000e-02i, -0.000000000000e+00 + 0.000000000000e+00i, 1.000000000000e+00 + 0.000000000000e+00i, -0.000000000000e+00 + 0.000000000000e+00i, 
1.000000000000e+00  10  front wheel, bike 1.360190000000e+00 + 2.007100000000e-01i, -0.000000000000e+00 + 0.000000000000e+00i, 3.400000000000e-04 + -5.600000000000e-04i, 0.000000000000e+00 + 0.000000000000e+00i, 1.000000000000e+00 + 0.000000000000e+00i, -0.000000000000e+00 + 0.000000000000e+00i, 
1.000000000000e+00  10  rear wheel, bike -5.535200000000e-01 + 7.967600000000e-01i, -0.000000000000e+00 + 0.000000000000e+00i, 4.300000000000e-04 + -7.000000000000e-04i, 0.000000000000e+00 + 0.000000000000e+00i, 1.000000000000e+00 + 0.000000000000e+00i, 0.000000000000e+00 + 0.000000000000e+00i, 

1.000000000000e+00  11  bike 3.079000000000e-02 + 1.705410000000e+00i, -0.000000000000e+00 + 0.000000000000e+00i, 4.405500000000e-01 + 6.288000000000e-02i, 0.000000000000e+00 + 0.000000000000e+00i, -3.547700000000e-01 + -9.349500000000e-01i, 0.000000000000e+00 + 0.000000000000e+00i, 
1.000000000000e+00  11  upper body 3.079000000000e-02 + 1.705410000000e+00i, -0.000000000000e+00 + 0.000000000000e+00i, 4.405500000000e-01 + 6.288000000000e-02i, 0.000000000000e+00 + 0.000000000000e+00i, -2.197800000000e-01 + -9.755500000000e-01i, 0.000000000000e+00 + 0.000000000000e+00i, 
1.000000000000e+00  11  upper fork 3.079000000000e-02 + 1.705410000000e+00i, -0.000000000000e+00 + 0.000000000000e+00i, 4.405500000000e-01 + 6.288000000000e-02i, 0.000000000000e+00 + 0.000000000000e+00i, -5.534400000000e-01 + -8.328900000000e-01i, -0.000000000000e+00 + 0.000000000000e+00i, 
1.000000000000e+00  11  lower fork 1.897410000000e+00 + 6.664500000000e-01i, -0.000000000000e+00 + 0.000000000000e+00i, 1.322010000000e+00 + -4.277300000000e-01i, 0.000000000000e+00 + 0.000000000000e+00i, -9.191400000000e-01 + -3.939300000000e-01i, -0.000000000000e+00 + 0.000000000000e+00i, 
1.000000000000e+00  11  swing arm 3.570000000000e-02 + 2.366100000000e-01i, -0.000000000000e+00 + 0.000000000000e+00i, 3.627100000000e-01 + 3.215000000000e-02i, -0.000000000000e+00 + 0.000000000000e+00i, 1.000000000000e+00 + 0.000000000000e+00i, -0.000000000000e+00 + 0.000000000000e+00i, 
1.000000000000e+00  11  bell crank 3.473800000000e-01 + 4.822000000000e-02i, -0.000000000000e+00 + 0.000000000000e+00i, 1.961300000000e-01 + 2.769000000000e-02i, -0.000000000000e+00 + 0.000000000000e+00i, 1.000000000000e+00 + 0.000000000000e+00i, -0.000000000000e+00 + 0.000000000000e+00i, 
1.000000000000e+00  11  front wheel, bike 1.360190000000e+00 + -2.007100000000e-01i, -0.000000000000e+00 + 0.000000000000e+00i, 3.400000000000e-04 + 5.600000000000e-04i, 0.000000000000e+00 + 0.000000000000e+00i, 1.000000000000e+00 + 0.000000000000e+00i, -0.000000000000e+00 + 0.000000000000e+00i, 
1.000000000000e+00  11  rear wheel, bike -5.535200000000e-01 + -7.967600000000e-01i, -0.000000000000e+00 + 0.000000000000e+00i, 4.300000000000e-04 + 7.000000000000e-04i, 0.000000000000e+00 + 0.000000000000e+00i, 1.000000000000e+00 + 0.000000000000e+00i, 0.000000000000e+00 + 0.000000000000e+00i, 

1.000000000000e+00  12  bike 5.250000000000e-01 + 0.000000000000e+00i, 0.000000000000e+00 + 0.000000000000e+00i, 4.938000000000e-01 + 0.000000000000e+00i, -0.000000000000e+00 + 0.000000000000e+00i, -1.000000000000e+00 + 0.000000000000e+00i, -0.000000000000e+00 + 0.000000000000e+00i, 
1.000000000000e+00  12  upper body 5.250000000000e-01 + 0.000000000000e+00i, 0.000000000000e+00 + 0.000000000000e+00i, 4.938000000000e-01 + 0.000000000000e+00i, -0.000000000000e+00 + 0.000000000000e+00i, -1.000000000000e+00 + 0.000000000000e+00i, -0.000000000000e+00 + 0.000000000000e+00i, 
1.000000000000e+00  12  upper fork 5.250000000000e-01 + 0.000000000000e+00i, 0.000000000000e+00 + 0.000000000000e+00i, 4.938000000000e-01 + 0.000000000000e+00i, 0.000000000000e+00 + 0.000000000000e+00i, -1.000000000000e+00 + 0.000000000000e+00i, -0.000000000000e+00 + 0.000000000000e+00i, 
1.000000000000e+00  12  lower fork 1.534030000000e+00 + 0.000000000000e+00i, -0.000000000000e+00 + 0.000000000000e+00i, 9.702900000000e-01 + 0.000000000000e+00i, 0.000000000000e+00 + 0.000000000000e+00i, -1.000000000000e+00 + 0.000000000000e+00i, -0.000000000000e+00 + 0.000000000000e+00i, 
1.000000000000e+00  12  swing arm 1.186090000000e+00 + 0.000000000000e+00i, -0.000000000000e+00 + 0.000000000000e+00i, -3.170090000000e+00 + 0.000000000000e+00i, -0.000000000000e+00 + 0.000000000000e+00i, 1.000000000000e+00 + 0.000000000000e+00i, -0.000000000000e+00 + 0.000000000000e+00i, 
1.000000000000e+00  12  bell crank 5.448100000000e-01 + 0.000000000000e+00i, -0.000000000000e+00 + 0.000000000000e+00i, 6.080000000000e-02 + 0.000000000000e+00i, -0.000000000000e+00 + 0.000000000000e+00i, 1.000000000000e+00 + 0.000000000000e+00i, -0.000000000000e+00 + 0.000000000000e+00i, 
1.000000000000e+00  12  front wheel, bike 1.359280000000e+00 + 0.000000000000e+00i, -0.000000000000e+00 + 0.000000000000e+00i, 5.500000000000e-04 + 0.000000000000e+00i, 0.000000000000e+00 + 0.000000000000e+00i, 1.000000000000e+00 + 0.000000000000e+00i, -0.000000000000e+00 + 0.000000000000e+00i, 
1.000000000000e+00  12  rear wheel, bike 1.013700000000e-01 + 0.000000000000e+00i, -0.000000000000e+00 + 0.000000000000e+00i, 6.900000000000e-04 + 0.000000000000e+00i, -0.000000000000e+00 + 0.000000000000e+00i, 1.000000000000e+00 + 0.000000000000e+00i, -0.000000000000e+00 + 0.000000000000e+00i, 

1.000000000000e+00  13  bike 7.401900000000e-01 + 0.000000000000e+00i, -0.000000000000e+00 + 0.000000000000e+00i, 3.747600000000e-01 + 0.000000000000e+00i, -8.430700000000e-01 + 0.000000000000e+00i, 0.000000000000e+00 + 0.000000000000e+00i, -5.378000000000e-01 + 0.000000000000e+00i, 
1.000000000000e+00  13  upper body 8.560100000000e-01 + 0.000000000000e+00i, -0.000000000000e+00 + 0.000000000000e+00i, 4.486500000000e-01 + 0.000000000000e+00i, -8.430700000000e-01 + 0.000000000000e+00i, 0.000000000000e+00 + 0.000000000000e+00i, -5.378000000000e-01 + 0.000000000000e+00i, 
1.000000000000e+00  13  upper fork 1.158470000000e+00 + 0.000000000000e+00i, -0.000000000000e+00 + 0.000000000000e+00i, 7.671600000000e-01 + 0.000000000000e+00i, -4.567000000000e-01 + 0.000000000000e+00i, 0.000000000000e+00 + 0.000000000000e+00i, 8.896200000000e-01 + 0.000000000000e+00i, 
1.000000000000e+00  13  lower fork 1.381600000000e+00 + 0.000000000000e+00i, -0.000000000000e+00 + 0.000000000000e+00i, 3.325200000000e-01 + 0.000000000000e+00i, -4.567000000000e-01 + 0.000000000000e+00i, 0.000000000000e+00 + 0.000000000000e+00i, 8.896200000000e-01 + 0.000000000000e+00i, 
1.000000000000e+00  13  swing arm 3.246200000000e-01 + 0.000000000000e+00i, 0.000000000000e+00 + 0.000000000000e+00i, 1.096700000000e-01 + 0.000000000000e+00i, -8.430700000000e-01 + 0.000000000000e+00i, -0.000000000000e+00 + 0.000000000000e+00i, -5.378000000000e-01 + 0.000000000000e+00i, 
1.000000000000e+00  13  bell crank 4.726300000000e-01 + 0.000000000000e+00i, 0.000000000000e+00 + 0.000000000000e+00i, 2.040900000000e-01 + 0.000000000000e+00i, 8.430700000000e-01 + 0.000000000000e+00i, 0.000000000000e+00 + 0.000000000000e+00i, 5.378000000000e-01 + 0.000000000000e+00i, 
1.000000000000e+00  13  front wheel, bike 1.408050000000e+00 + 0.000000000000e+00i, -0.000000000000e+00 + 0.000000000000e+00i, 2.810000000000e-01 + 0.000000000000e+00i, -4.567000000000e-01 + 0.000000000000e+00i, -0.000000000000e+00 + 0.000000000000e+00i, 8.896200000000e-01 + 0.000000000000e+00i, 
1.000000000000e+00  13  rear wheel, bike 1.788200000000e-01 + 0.000000000000e+00i, 0.000000000000e+00 + 0.000000000000e+00i, 1.667000000000e-02 + 0.000000000000e+00i, -8.430700000000e-01 + 0.000000000000e+00i, 0.000000000000e+00 + 0.000000000000e+00i, -5.378000000000e-01 + 0.000000000000e+00i, 

1.000000000000e+00  14  bike 5.922100000000e-01 + -1.435300000000e-01i, -0.000000000000e+00 + 0.000000000000e+00i, 3.328500000000e-01 + 2.950800000000e-01i, 8.900700000000e-01 + 0.000000000000e+00i, -0.000000000000e+00 + 0.000000000000e+00i, 2.539200000000e-01 + 3.785500000000e-01i, 
1.000000000000e+00  14  upper body 5.348100000000e-01 + -3.684700000000e-01i, -0.000000000000e+00 + 0.000000000000e+00i, 4.121500000000e-01 + 2.065000000000e-01i, 8.900700000000e-01 + 0.000000000000e+00i, -0.000000000000e+00 + 0.000000000000e+00i, 2.539200000000e-01 + 3.785500000000e-01i, 
1.000000000000e+00  14  upper fork 1.037680000000e+00 + -1.824000000000e-01i, -0.000000000000e+00 + 0.000000000000e+00i, 6.794200000000e-01 + 1.081000000000e-02i, -1.779300000000e-01 + -3.360600000000e-01i, -0.000000000000e+00 + 0.000000000000e+00i, 9.248800000000e-01 + 0.000000000000e+00i, 
1.000000000000e+00  14  lower fork 1.140150000000e+00 + -4.378000000000e-02i, -0.000000000000e+00 + 0.000000000000e+00i, 2.648400000000e-01 + 7.328000000000e-02i, -1.779300000000e-01 + -3.360600000000e-01i, -0.000000000000e+00 + 0.000000000000e+00i, 9.248800000000e-01 + 0.000000000000e+00i, 
1.000000000000e+00  14  swing arm 1.740300000000e-01 + -8.925000000000e-02i, -0.000000000000e+00 + 0.000000000000e+00i, 1.904700000000e-01 + 1.327100000000e-01i, 8.900700000000e-01 + 0.000000000000e+00i, -0.000000000000e+00 + 0.000000000000e+00i, 2.539200000000e-01 + 3.785500000000e-01i, 
1.000000000000e+00  14  bell crank 3.777100000000e-01 + -4.256000000000e-02i, -0.000000000000e+00 + 0.000000000000e+00i, 2.287200000000e-01 + 2.326600000000e-01i, 8.900700000000e-01 + 0.000000000000e+00i, -0.000000000000e+00 + 0.000000000000e+00i, 2.539200000000e-01 + 3.785500000000e-01i, 
1.000000000000e+00  14  front wheel, bike 1.153560000000e+00 + -3.072000000000e-02i, -0.000000000000e+00 + 0.000000000000e+00i, 2.215000000000e-01 + 8.727000000000e-02i, -1.779300000000e-01 + -3.360600000000e-01i, -0.000000000000e+00 + 0.000000000000e+00i, 9.248800000000e-01 + 0.000000000000e+00i, 
1.000000000000e+00  14  rear wheel, bike 1.552000000000e-02 + -8.443000000000e-02i, -0.000000000000e+00 + 0.000000000000e+00i, 1.432000000000e-01 + 6.667000000000e-02i, 8.900700000000e-01 + 0.000000000000e+00i, 0.000000000000e+00 + 0.000000000000e+00i, 2.539200000000e-01 + 3.785500000000e-01i, 

1.000000000000e+00  15  bike 5.922100000000e-01 + 1.435300000000e-01i, -0.000000000000e+00 + 0.000000000000e+00i, 3.328500000000e-01 + -2.950800000000e-01i, 8.900700000000e-01 + 0.000000000000e+00i, -0.000000000000e+00 + 0.000000000000e+00i, 2.539200000000e-01 + -3.785500000000e-01i, 
1.000000000000e+00  15  upper body 5.348100000000e-01 + 3.684700000000e-01i, -0.000000000000e+00 + 0.000000000000e+00i, 4.121500000000e-01 + -2.065000000000e-01i, 8.900700000000e-01 + 0.000000000000e+00i, -0.000000000000e+00 + 0.000000000000e+00i, 2.539200000000e-01 + -3.785500000000e-01i, 
1.000000000000e+00  15  upper fork 1.037680000000e+00 + 1.824000000000e-01i, -0.000000000000e+00 + 0.000000000000e+00i, 6.794200000000e-01 + -1.081000000000e-02i, -1.779300000000e-01 + 3.360600000000e-01i, -0.000000000000e+00 + 0.000000000000e+00i, 9.248800000000e-01 + 0.000000000000e+00i, 
1.000000000000e+00  15  lower fork 1.140150000000e+00 + 4.378000000000e-02i, -0.000000000000e+00 + 0.000000000000e+00i, 2.648400000000e-01 + -7.328000000000e-02i, -1.779300000000e-01 + 3.360600000000e-01i, -0.000000000000e+00 + 0.000000000000e+00i, 9.248800000000e-01 + 0.000000000000e+00i, 
1.000000000000e+00  15  swing arm 1.740300000000e-01 + 8.925000000000e-02i, -0.000000000000e+00 + 0.000000000000e+00i, 1.904700000000e-01 + -1.327100000000e-01i, 8.900700000000e-01 + 0.000000000000e+00i, -0.000000000000e+00 + 0.000000000000e+00i, 2.539200000000e-01 + -3.785500000000e-01i, 
1.000000000000e+00  15  bell crank 3.777100000000e-01 + 4.256000000000e-02i, -0.000000000000e+00 + 0.000000000000e+00i, 2.287200000000e-01 + -2.326600000000e-01i, 8.900700000000e-01 + 0.000000000000e+00i, -0.000000000000e+00 + 0.000000000000e+00i, 2.539200000000e-01 + -3.785500000000e-01i, 
1.000000000000e+00  15  front wheel, bike 1.153560000000e+00 + 3.072000000000e-02i, -0.000000000000e+00 + 0.000000000000e+00i, 2.215000000000e-01 + -8.727000000000e-02i, -1.779300000000e-01 + 3.360600000000e-01i, -0.000000000000e+00 + 0.000000000000e+00i, 9.248800000000e-01 + 0.000000000000e+00i, 
1.000000000000e+00  15  rear wheel, bike 1.552000000000e-02 + 8.443000000000e-02i, -0.000000000000e+00 + 0.000000000000e+00i, 1.432000000000e-01 + -6.667000000000e-02i, 8.900700000000e-01 + 0.000000000000e+00i, 0.000000000000e+00 + 0.000000000000e+00i, 2.539200000000e-01 + -3.785500000000e-01i, 

1.000000000000e+00  16  bike 6.432700000000e-01 + 0.000000000000e+00i, 0.000000000000e+00 + 0.000000000000e+00i, -3.066000000000e-02 + 0.000000000000e+00i, -9.976400000000e-01 + 0.000000000000e+00i, -0.000000000000e+00 + 0.000000000000e+00i, 6.867000000000e-02 + 0.000000000000e+00i, 
1.000000000000e+00  16  upper body 3.358800000000e-01 + 0.000000000000e+00i, 0.000000000000e+00 + 0.000000000000e+00i, -9.500000000000e-03 + 0.000000000000e+00i, -9.976400000000e-01 + 0.000000000000e+00i, -0.000000000000e+00 + 0.000000000000e+00i, 6.867000000000e-02 + 0.000000000000e+00i, 
1.000000000000e+00  16  upper fork 1.620870000000e+00 + 0.000000000000e+00i, 0.000000000000e+00 + 0.000000000000e+00i, -5.238000000000e-02 + 0.000000000000e+00i, -8.741600000000e-01 + 0.000000000000e+00i, -0.000000000000e+00 + 0.000000000000e+00i, -4.856400000000e-01 + 0.000000000000e+00i, 
1.000000000000e+00  16  lower fork 1.585130000000e+00 + 0.000000000000e+00i, -0.000000000000e+00 + 0.000000000000e+00i, -7.223000000000e-02 + 0.000000000000e+00i, -8.741600000000e-01 + 0.000000000000e+00i, -0.000000000000e+00 + 0.000000000000e+00i, -4.856400000000e-01 + 0.000000000000e+00i, 
1.000000000000e+00  16  swing arm 1.746800000000e-01 + 0.000000000000e+00i, 0.000000000000e+00 + 0.000000000000e+00i, 1.590000000000e-03 + 0.000000000000e+00i, -9.976400000000e-01 + 0.000000000000e+00i, -0.000000000000e+00 + 0.000000000000e+00i, 6.867000000000e-02 + 0.000000000000e+00i, 
1.000000000000e+00  16  bell crank 4.794100000000e-01 + 0.000000000000e+00i, 0.000000000000e+00 + 0.000000000000e+00i, -1.938000000000e-02 + 0.000000000000e+00i, -9.976400000000e-01 + 0.000000000000e+00i, -0.000000000000e+00 + 0.000000000000e+00i, 6.867000000000e-02 + 0.000000000000e+00i, 
1.000000000000e+00  16  front wheel, bike 1.601680000000e+00 + 0.000000000000e+00i, -0.000000000000e+00 + 0.000000000000e+00i, -6.303000000000e-02 + 0.000000000000e+00i, -8.741600000000e-01 + 0.000000000000e+00i, 0.000000000000e+00 + 0.000000000000e+00i, -4.856400000000e-01 + 0.000000000000e+00i, 
1.000000000000e+00  16  rear wheel, bike -1.941000000000e-02 + 0.000000000000e+00i, 0.000000000000e+00 + 0.000000000000e+00i, 1.495000000000e-02 + 0.000000000000e+00i, -9.976400000000e-01 + 0.000000000000e+00i, -0.000000000000e+00 + 0.000000000000e+00i, 6.867000000000e-02 + 0.000000000000e+00i, 

1.000000000000e+00  17  bike 1.698251100000e+02 + 1.442020186930e+06i, -1.440208000000e+01 + 9.227084100000e+02i, 3.301000000000e-01 + 0.000000000000e+00i, -0.000000000000e+00 + 0.000000000000e+00i, 0.000000000000e+00 + 0.000000000000e+00i, -1.200000000000e-04 + 1.000000000000e+00i, 
1.000000000000e+00  17  upper body 1.698265500000e+02 + 1.442020186930e+06i, -1.440208000000e+01 + 9.227084100000e+02i, 9.967500000000e-01 + 0.000000000000e+00i, -0.000000000000e+00 + 0.000000000000e+00i, 0.000000000000e+00 + 0.000000000000e+00i, -1.200000000000e-04 + 1.000000000000e+00i, 
1.000000000000e+00  17  upper fork 1.697356400000e+02 + 1.442020186950e+06i, -1.440214000000e+01 + 9.227084100000e+02i, 5.886900000000e-01 + 0.000000000000e+00i, -0.000000000000e+00 + 0.000000000000e+00i, 0.000000000000e+00 + 0.000000000000e+00i, -1.200000000000e-04 + 1.000000000000e+00i, 
1.000000000000e+00  17  lower fork 1.697375800000e+02 + 1.442020186950e+06i, -1.440214000000e+01 + 9.227084100000e+02i, 1.419800000000e-01 + 0.000000000000e+00i, -0.000000000000e+00 + 0.000000000000e+00i, 0.000000000000e+00 + 0.000000000000e+00i, -1.200000000000e-04 + 1.000000000000e+00i, 
1.000000000000e+00  17  swing arm 1.698252400000e+02 + 1.442020186930e+06i, -1.440208000000e+01 + 9.227084100000e+02i, 1.703800000000e-01 + 0.000000000000e+00i, -0.000000000000e+00 + 0.000000000000e+00i, 0.000000000000e+00 + 0.000000000000e+00i, -1.200000000000e-04 + 1.000000000000e+00i, 
1.000000000000e+00  17  bell crank 1.698251100000e+02 + 1.442020186930e+06i, -1.440208000000e+01 + 9.227084100000e+02i, 3.185000000000e-02 + 1.000000000000e-05i, -0.000000000000e+00 + 0.000000000000e+00i, 0.000000000000e+00 + 0.000000000000e+00i, -1.200000000000e-04 + 1.000000000000e+00i, 
1.000000000000e+00  17  front wheel, bike 1.410020000000e+00 + 1.346400000000e-01i, -0.000000000000e+00 + 9.000000000000e-05i, 3.000000000000e-05 + 1.240000000000e-03i, -0.000000000000e+00 + 0.000000000000e+00i, -9.998000000000e-01 + -2.011000000000e-02i, 0.000000000000e+00 + 3.100000000000e-04i, 
1.000000000000e+00  17  rear wheel, bike 2.000000000000e-05 + 1.493700000000e-01i, -0.000000000000e+00 + 1.000000000000e-04i, -1.000000000000e-05 + -6.000000000000e-04i, -0.000000000000e+00 + 0.000000000000e+00i, -9.999100000000e-01 + -1.370000000000e-02i, 0.000000000000e+00 + 3.200000000000e-04i, 

1.000000000000e+00  18  bike 1.698251100000e+02 + -1.442020186930e+06i, -1.440208000000e+01 + -9.227084100000e+02i, 3.301000000000e-01 + 0.000000000000e+00i, -0.000000000000e+00 + 0.000000000000e+00i, 0.000000000000e+00 + 0.000000000000e+00i, -1.200000000000e-04 + -1.000000000000e+00i, 
1.000000000000e+00  18  upper body 1.698265500000e+02 + -1.442020186930e+06i, -1.440208000000e+01 + -9.227084100000e+02i, 9.967500000000e-01 + 0.000000000000e+00i, -0.000000000000e+00 + 0.000000000000e+00i, 0.000000000000e+00 + 0.000000000000e+00i, -1.200000000000e-04 + -1.000000000000e+00i, 
1.000000000000e+00  18  upper fork 1.697356400000e+02 + -1.442020186950e+06i, -1.440214000000e+01 + -9.227084100000e+02i, 5.886900000000e-01 + 0.000000000000e+00i, -0.000000000000e+00 + 0.000000000000e+00i, 0.000000000000e+00 + 0.000000000000e+00i, -1.200000000000e-04 + -1.000000000000e+00i, 
1.000000000000e+00  18  lower fork 1.697375800000e+02 + -1.442020186950e+06i, -1.440214000000e+01 + -9.227084100000e+02i, 1.419800000000e-01 + 0.000000000000e+00i, -0.000000000000e+00 + 0.000000000000e+00i, 0.000000000000e+00 + 0.000000000000e+00i, -1.200000000000e-04 + -1.000000000000e+00i, 
1.000000000000e+00  18  swing arm 1.698252400000e+02 + -1.442020186930e+06i, -1.440208000000e+01 + -9.227084100000e+02i, 1.703800000000e-01 + 0.000000000000e+00i, -0.000000000000e+00 + 0.000000000000e+00i, 0.000000000000e+00 + 0.000000000000e+00i, -1.200000000000e-04 + -1.000000000000e+00i, 
1.000000000000e+00  18  bell crank 1.698251100000e+02 + -1.442020186930e+06i, -1.440208000000e+01 + -9.227084100000e+02i, 3.185000000000e-02 + -1.000000000000e-05i, -0.000000000000e+00 + 0.000000000000e+00i, 0.000000000000e+00 + 0.000000000000e+00i, -1.200000000000e-04 + -1.000000000000e+00i, 
1.000000000000e+00  18  front wheel, bike 1.410020000000e+00 + -1.346400000000e-01i, 0.000000000000e+00 + -9.000000000000e-05i, 3.000000000000e-05 + -1.240000000000e-03i, -0.000000000000e+00 + 0.000000000000e+00i, -9.998000000000e-01 + 2.011000000000e-02i, 0.000000000000e+00 + -3.100000000000e-04i, 
1.000000000000e+00  18  rear wheel, bike 2.000000000000e-05 + -1.493700000000e-01i, 0.000000000000e+00 + -1.000000000000e-04i, -1.000000000000e-05 + 6.000000000000e-04i, -0.000000000000e+00 + 0.000000000000e+00i, -9.999100000000e-01 + 1.370000000000e-02i, 0.000000000000e+00 + -3.200000000000e-04i, 

1.000000000000e+00  19  bike -8.697000000000e-02 + 1.246188696600e+05i, -3.312100000000e-01 + 7.922895554300e+05i, 4.289300000000e-01 + 0.000000000000e+00i, -0.000000000000e+00 + 0.000000000000e+00i, 0.000000000000e+00 + 0.000000000000e+00i, 0.000000000000e+00 + -1.000000000000e+00i, 
1.000000000000e+00  19  upper body -8.705000000000e-02 + 1.246188696600e+05i, -3.316600000000e-01 + 7.922895554300e+05i, 1.096770000000e+00 + 0.000000000000e+00i, -0.000000000000e+00 + 0.000000000000e+00i, 0.000000000000e+00 + 0.000000000000e+00i, 0.000000000000e+00 + -1.000000000000e+00i, 
1.000000000000e+00  19  upper fork -9.489000000000e-02 + 1.246188696600e+05i, -3.815400000000e-01 + 7.922895554300e+05i, 7.228200000000e-01 + 0.000000000000e+00i, -0.000000000000e+00 + 0.000000000000e+00i, 0.000000000000e+00 + 0.000000000000e+00i, 0.000000000000e+00 + -1.000000000000e+00i, 
1.000000000000e+00  19  lower fork -9.506000000000e-02 + 1.246188696600e+05i, -3.826000000000e-01 + 7.922895554300e+05i, 2.766900000000e-01 + 0.000000000000e+00i, -0.000000000000e+00 + 0.000000000000e+00i, 0.000000000000e+00 + 0.000000000000e+00i, 0.000000000000e+00 + -1.000000000000e+00i, 
1.000000000000e+00  19  swing arm -8.705000000000e-02 + 1.246188696600e+05i, -3.316600000000e-01 + 7.922895554300e+05i, 3.139000000000e-01 + 0.000000000000e+00i, -0.000000000000e+00 + 0.000000000000e+00i, 0.000000000000e+00 + 0.000000000000e+00i, 0.000000000000e+00 + -1.000000000000e+00i, 
1.000000000000e+00  19  bell crank -8.693000000000e-02 + 1.246188696600e+05i, -3.309100000000e-01 + 7.922895554300e+05i, 2.821200000000e-01 + 0.000000000000e+00i, -0.000000000000e+00 + 0.000000000000e+00i, -0.000000000000e+00 + 0.000000000000e+00i, 0.000000000000e+00 + -1.000000000000e+00i, 
1.000000000000e+00  19  front wheel, bike 1.410000000000e+00 + 0.000000000000e+00i, -0.000000000000e+00 + 0.000000000000e+00i, -0.000000000000e+00 + 0.000000000000e+00i, -0.000000000000e+00 + 0.000000000000e+00i, 1.000000000000e+00 + 0.000000000000e+00i, -0.000000000000e+00 + 0.000000000000e+00i, 
1.000000000000e+00  19  rear wheel, bike -0.000000000000e+00 + 0.000000000000e+00i, -0.000000000000e+00 + 0.000000000000e+00i, 0.000000000000e+00 + 0.000000000000e+00i, -0.000000000000e+00 + 0.000000000000e+00i, 1.000000000000e+00 + 0.000000000000e+00i, -0.000000000000e+00 + 0.000000000000e+00i, 

1.000000000000e+00  20  bike -8.697000000000e-02 + -1.246188696600e+05i, -3.312100000000e-01 + -7.922895554300e+05i, 4.289300000000e-01 + 0.000000000000e+00i, -0.000000000000e+00 + 0.000000000000e+00i, 0.000000000000e+00 + 0.000000000000e+00i, 0.000000000000e+00 + 1.000000000000e+00i, 
1.000000000000e+00  20  upper body -8.705000000000e-02 + -1.246188696600e+05i, -3.316600000000e-01 + -7.922895554300e+05i, 1.096770000000e+00 + 0.000000000000e+00i, -0.000000000000e+00 + 0.000000000000e+00i, 0.000000000000e+00 + 0.000000000000e+00i, 0.000000000000e+00 + 1.000000000000e+00i, 
1.000000000000e+00  20  upper fork -9.489000000000e-02 + -1.246188696600e+05i, -3.815400000000e-01 + -7.922895554300e+05i, 7.228200000000e-01 + 0.000000000000e+00i, -0.000000000000e+00 + 0.000000000000e+00i, 0.000000000000e+00 + 0.000000000000e+00i, 0.000000000000e+00 + 1.000000000000e+00i, 
1.000000000000e+00  20  lower fork -9.506000000000e-02 + -1.246188696600e+05i, -3.826000000000e-01 + -7.922895554300e+05i, 2.766900000000e-01 + 0.000000000000e+00i, -0.000000000000e+00 + 0.000000000000e+00i, 0.000000000000e+00 + 0.000000000000e+00i, 0.000000000000e+00 + 1.000000000000e+00i, 
1.000000000000e+00  20  swing arm -8.705000000000e-02 + -1.246188696600e+05i, -3.316600000000e-01 + -7.922895554300e+05i, 3.139000000000e-01 + 0.000000000000e+00i, -0.000000000000e+00 + 0.000000000000e+00i, 0.000000000000e+00 + 0.000000000000e+00i, 0.000000000000e+00 + 1.000000000000e+00i, 
1.000000000000e+00  20  bell crank -8.693000000000e-02 + -1.246188696600e+05i, -3.309100000000e-01 + -7.922895554300e+05i, 2.821200000000e-01 + 0.000000000000e+00i, -0.000000000000e+00 + 0.000000000000e+00i, -0.000000000000e+00 + 0.000000000000e+00i, 0.000000000000e+00 + 1.000000000000e+00i, 
1.000000000000e+00  20  front wheel, bike 1.410000000000e+00 + 0.000000000000e+00i, -0.000000000000e+00 + 0.000000000000e+00i, -0.000000000000e+00 + 0.000000000000e+00i, -0.000000000000e+00 + 0.000000000000e+00i, 1.000000000000e+00 + 0.000000000000e+00i, -0.000000000000e+00 + 0.000000000000e+00i, 
1.000000000000e+00  20  rear wheel, bike -0.000000000000e+00 + 0.000000000000e+00i, -0.000000000000e+00 + 0.000000000000e+00i, 0.000000000000e+00 + 0.000000000000e+00i, -0.000000000000e+00 + 0.000000000000e+00i, 1.000000000000e+00 + 0.000000000000e+00i, -0.000000000000e+00 + 0.000000000000e+00i, 

1.000000000000e+00  21  bike -1.415996775711e+11 + 0.000000000000e+00i, -1.326466567346e+10 + 0.000000000000e+00i, 1.265460181937e+09 + 0.000000000000e+00i, 1.930000000000e-03 + 0.000000000000e+00i, -1.153900000000e-01 + 0.000000000000e+00i, -9.932500000000e-01 + 0.000000000000e+00i, 
1.000000000000e+00  21  upper body -1.416088680849e+11 + 0.000000000000e+00i, -1.326552661527e+10 + 0.000000000000e+00i, 1.251599945948e+09 + 0.000000000000e+00i, 2.030000000000e-03 + 0.000000000000e+00i, -1.154000000000e-01 + 0.000000000000e+00i, -9.932400000000e-01 + 0.000000000000e+00i, 
1.000000000000e+00  21  upper fork -1.334216931568e+11 + 0.000000000000e+00i, -1.249857474019e+10 + 0.000000000000e+00i, -2.345250780479e+09 + 0.000000000000e+00i, 2.764000000000e-02 + 0.000000000000e+00i, -1.085900000000e-01 + 0.000000000000e+00i, -9.936300000000e-01 + 0.000000000000e+00i, 
1.000000000000e+00  21  lower fork -1.334230840651e+11 + 0.000000000000e+00i, -1.249870503675e+10 + 0.000000000000e+00i, -2.355784527455e+09 + 0.000000000000e+00i, 2.772000000000e-02 + 0.000000000000e+00i, -1.086000000000e-01 + 0.000000000000e+00i, -9.936300000000e-01 + 0.000000000000e+00i, 
1.000000000000e+00  21  swing arm -1.413654122549e+11 + 0.000000000000e+00i, -1.324272034739e+10 + 0.000000000000e+00i, 1.355202772956e+09 + 0.000000000000e+00i, 1.930000000000e-03 + 0.000000000000e+00i, -1.221600000000e-01 + 0.000000000000e+00i, -9.924400000000e-01 + 0.000000000000e+00i, 
1.000000000000e+00  21  bell crank -1.408136827152e+11 + 0.000000000000e+00i, -1.319103585199e+10 + 0.000000000000e+00i, 1.542047761195e+09 + 0.000000000000e+00i, 2.000000000000e-03 + 0.000000000000e+00i, -1.371600000000e-01 + 0.000000000000e+00i, -9.904800000000e-01 + 0.000000000000e+00i, 
1.000000000000e+00  21  front wheel, bike 1.410000000000e+00 + 0.000000000000e+00i, -0.000000000000e+00 + 0.000000000000e+00i, 2.405800000000e-01 + 0.000000000000e+00i, 0.000000000000e+00 + 0.000000000000e+00i, 1.000000000000e+00 + 0.000000000000e+00i, -0.000000000000e+00 + 0.000000000000e+00i, 
1.000000000000e+00  21  rear wheel, bike -0.000000000000e+00 + 0.000000000000e+00i, -0.000000000000e+00 + 0.000000000000e+00i, 2.328000000000e-01 + 0.000000000000e+00i, 0.000000000000e+00 + 0.000000000000e+00i, 1.000000000000e+00 + 0.000000000000e+00i, -0.000000000000e+00 + 0.000000000000e+00i, 

1.000000000000e+00  22  bike -5.244965975785e+09 + 0.000000000000e+00i, 4.234273455469e+08 + 0.000000000000e+00i, -4.177420327290e+06 + 0.000000000000e+00i, -4.300000000000e-04 + 0.000000000000e+00i, 4.490000000000e-03 + 0.000000000000e+00i, 9.999900000000e-01 + 0.000000000000e+00i, 
1.000000000000e+00  22  upper body -5.244988495590e+09 + 0.000000000000e+00i, 4.234291635790e+08 + 0.000000000000e+00i, -4.186250086530e+06 + 0.000000000000e+00i, -4.400000000000e-04 + 0.000000000000e+00i, 4.490000000000e-03 + 0.000000000000e+00i, 9.999900000000e-01 + 0.000000000000e+00i, 
1.000000000000e+00  22  upper fork -5.244797636211e+09 + 0.000000000000e+00i, 4.234137554545e+08 + 0.000000000000e+00i, -4.238457684250e+06 + 0.000000000000e+00i, -4.500000000000e-04 + 0.000000000000e+00i, 4.490000000000e-03 + 0.000000000000e+00i, 9.999900000000e-01 + 0.000000000000e+00i, 
1.000000000000e+00  22  lower fork -5.244829130055e+09 + 0.000000000000e+00i, 4.234162979548e+08 + 0.000000000000e+00i, -4.245459962930e+06 + 0.000000000000e+00i, -4.500000000000e-04 + 0.000000000000e+00i, 4.490000000000e-03 + 0.000000000000e+00i, 9.999900000000e-01 + 0.000000000000e+00i, 
1.000000000000e+00  22  swing arm -5.244933185415e+09 + 0.000000000000e+00i, 4.234246983718e+08 + 0.000000000000e+00i, -4.475469210060e+06 + 0.000000000000e+00i, -4.300000000000e-04 + 0.000000000000e+00i, 5.240000000000e-03 + 0.000000000000e+00i, 9.999900000000e-01 + 0.000000000000e+00i, 
1.000000000000e+00  22  bell crank -5.244821005350e+09 + 0.000000000000e+00i, 4.234156420479e+08 + 0.000000000000e+00i, -5.192697570640e+06 + 0.000000000000e+00i, -4.300000000000e-04 + 0.000000000000e+00i, 6.920000000000e-03 + 0.000000000000e+00i, 9.999700000000e-01 + 0.000000000000e+00i, 
1.000000000000e+00  22  front wheel, bike 1.410000000000e+00 + 0.000000000000e+00i, 0.000000000000e+00 + 0.000000000000e+00i, 5.830000000000e-02 + 0.000000000000e+00i, -0.000000000000e+00 + 0.000000000000e+00i, 1.000000000000e+00 + 0.000000000000e+00i, 0.000000000000e+00 + 0.000000000000e+00i, 
1.000000000000e+00  22  rear wheel, bike -0.000000000000e+00 + 0.000000000000e+00i, 0.000000000000e+00 + 0.000000000000e+00i, -5.082000000000e-02 + 0.000000000000e+00i, -0.000000000000e+00 + 0.000000000000e+00i, 1.000000000000e+00 + 0.000000000000e+00i, 0.000000000000e+00 + 0.000000000000e+00i, 


