%%% Deflection
num name type x y z 
{1} {bike} translation 1.03392000e-03 0.00000000e+00 -6.44583200e-02
{ } { } rotation 0.00000000e+00 -1.12270800e-02 -0.00000000e+00
{2} {upper body} translation -6.46127000e-03 -0.00000000e+00 -6.74099200e-02
{ } { } rotation 0.00000000e+00 -1.12270800e-02 -0.00000000e+00
{3} {upper fork} translation -2.30725000e-03 -0.00000000e+00 -5.90008400e-02
{ } { } rotation -1.00000000e-08 -1.12270800e-02 2.00000000e-08
{4} {lower fork} translation 2.70002000e-03 -0.00000000e+00 -9.86622000e-03
{ } { } rotation -1.00000000e-08 -1.12270800e-02 2.00000000e-08
{5} {swing arm} translation -2.81107000e-03 0.00000000e+00 -2.95505000e-02
{ } { } rotation 0.00000000e+00 1.02988640e-01 -0.00000000e+00
{6} {bell crank} translation -1.25577000e-03 0.00000000e+00 -4.91382700e-02
{ } { } rotation 0.00000000e+00 3.64043690e-01 -0.00000000e+00
{7} {front wheel, bike} translation 3.17156000e-03 -0.00000000e+00 -9.36100000e-03
{ } { } rotation -1.00000000e-08 0.00000000e+00 2.00000000e-08
{8} {rear wheel, bike} translation -4.28381000e-03 1.00000000e-08 -9.36473000e-03
{ } { } rotation 0.00000000e+00 0.00000000e+00 -0.00000000e+00
{9} {fork rod} translation 1.57310000e-04 -0.00000000e+00 -1.08638500e-02
{ } { } rotation -1.00000000e-08 -1.12270800e-02 2.00000000e-08
{10} {left fork arm} translation 3.17156000e-03 -0.00000000e+00 -9.36100000e-03
{ } { } rotation -1.00000000e-08 -1.12270800e-02 2.00000000e-08
{11} {right fork arm} translation 3.17156000e-03 -0.00000000e+00 -9.36100000e-03
{ } { } rotation -1.00000000e-08 -1.12270800e-02 2.00000000e-08
{12} {steer arm} translation -1.04100700e-02 -0.00000000e+00 -1.62621500e-02
{ } { } rotation -1.00000000e-08 -9.62772800e-02 2.00000000e-08
{13} {lower left arm} translation 4.09218000e-03 -0.00000000e+00 -3.58313000e-02
{ } { } rotation 0.00000000e+00 -2.45616940e-01 -2.00000000e-08
{14} {upper left arm} translation 2.96947000e-03 -0.00000000e+00 -3.58313000e-02
{ } { } rotation 0.00000000e+00 -2.45616940e-01 -2.00000000e-08
{15} {lower right arm} translation 4.09218000e-03 -0.00000000e+00 -3.58313000e-02
{ } { } rotation 0.00000000e+00 -2.45616950e-01 -2.00000000e-08
{16} {upper right arm} translation 2.96947000e-03 -0.00000000e+00 -3.58313000e-02
{ } { } rotation 0.00000000e+00 -2.45616950e-01 -2.00000000e-08
