%%% Preload
num name type fx fy fz fxyz 
{1} {rear axle} force 0.00000000e+00 0.00000000e+00 1.17621944e+03 1.17621944e+03
{2} {arm pivot} force -2.34917193e+03 -0.00000000e+00 1.25527100e+03 2.66351535e+03
{3} {bell crank pivot} force 2.62610188e+03 -0.00000000e+00 -3.38620670e+02 2.64784347e+03
{4} {rider} force -0.00000000e+00 -0.00000000e+00 3.30400800e+02 3.30400800e+02
{} {} moment -0.00000000e+00 -1.68504400e+01 0.00000000e+00 1.68504400e+01
{5} {steering head} force 4.24580210e+02 0.00000000e+00 -8.91826660e+02 9.87736375e+02
{} {} moment -0.00000000e+00 1.86860500e+01 -0.00000000e+00 1.86860500e+01
{6} {front axle} force -0.00000000e+00 -0.00000000e+00 1.10019106e+03 1.10019106e+03
{7} {left fork joint} force 2.12290100e+02 -1.25430690e+02 1.96200000e+01 2.47355794e+02
{} {} moment -4.15467800e+01 -7.04754800e+01 4.53315000e+00 8.19358143e+01
{8} {right fork joint} force 2.12290100e+02 1.25430690e+02 1.96200000e+01 2.47355794e+02
{} {} moment 4.15467800e+01 -7.04754800e+01 -4.53315000e+00 8.19358143e+01
{9} {joint} force -1.80100660e+02 1.01288610e+02 9.81000000e+00 2.06861950e+02
{10} {joint} force 1.80100660e+02 -1.01288610e+02 9.81000000e+00 2.06861950e+02
{11} {joint} force -3.21894400e+01 2.41420800e+01 9.81000000e+00 4.14154099e+01
{12} {joint} force 3.21894400e+01 -2.41420800e+01 9.81000000e+00 4.14154099e+01
{13} {joint} force -1.80100660e+02 -1.01288610e+02 9.81000000e+00 2.06861950e+02
{14} {joint} force 1.80100660e+02 1.01288610e+02 9.81000000e+00 2.06861950e+02
{15} {joint} force -3.21894400e+01 -2.41420800e+01 9.81000000e+00 4.14154099e+01
{16} {joint} force 3.21894400e+01 2.41420800e+01 9.81000000e+00 4.14154099e+01
{17} {steering arm joint 1} force -0.00000000e+00 -0.00000000e+00 -0.00000000e+00 0.00000000e+00
{18} {steering arm joint 2} force 0.00000000e+00 -0.00000000e+00 0.00000000e+00 0.00000000e+00
{19} {fork joint} force -0.00000000e+00 -0.00000000e+00 1.02906856e+03 1.02906856e+03
{} {} moment -0.00000000e+00 -1.40950960e+02 -0.00000000e+00 1.40950960e+02
{20} {front tire lateral} force -0.00000000e+00 -0.00000000e+00 -0.00000000e+00 0.00000000e+00
{21} {rear tire lateral} force 0.00000000e+00 0.00000000e+00 0.00000000e+00 0.00000000e+00
{22} {front tire longitudinal} force -0.00000000e+00 -0.00000000e+00 -0.00000000e+00 0.00000000e+00
{23} {rear tire longitudinal} force 0.00000000e+00 0.00000000e+00 0.00000000e+00 0.00000000e+00
{24} {front tire vertical} force 0.00000000e+00 0.00000000e+00 1.21693006e+03 1.21693006e+03
{25} {rear tire vertical} force 0.00000000e+00 0.00000000e+00 1.32042644e+03 1.32042644e+03
{26} {rear spring} force 2.76929950e+02 -0.00000000e+00 2.01438978e+03 -2.03333626e+03
{27} {right front spring} force -2.12290100e+02 -0.00000000e+00 4.94914280e+02 -5.38523200e+02
{28} {left front spring} force -2.12290100e+02 -0.00000000e+00 4.94914280e+02 -5.38523200e+02
{29} {rear pull rod} force 2.34917193e+03 0.00000000e+00 -2.35301044e+03 3.32494615e+03
