%%% Speed, Mode, Body, Rotation centre, Axis of rotation
1.000000000000e+01  1  bike 5.143500000000e-01 + 0.000000000000e+00i, 0.000000000000e+00 + 0.000000000000e+00i, 8.564000000000e-01 + 0.000000000000e+00i, 0.000000000000e+00 + 0.000000000000e+00i, 1.000000000000e+00 + 0.000000000000e+00i, -0.000000000000e+00 + 0.000000000000e+00i, 
1.000000000000e+01  1  upper body 5.143500000000e-01 + 0.000000000000e+00i, -0.000000000000e+00 + 0.000000000000e+00i, 8.564000000000e-01 + 0.000000000000e+00i, 0.000000000000e+00 + 0.000000000000e+00i, 1.000000000000e+00 + 0.000000000000e+00i, -0.000000000000e+00 + 0.000000000000e+00i, 
1.000000000000e+01  1  upper fork 5.143500000000e-01 + 0.000000000000e+00i, 0.000000000000e+00 + 0.000000000000e+00i, 8.564000000000e-01 + 0.000000000000e+00i, 0.000000000000e+00 + 0.000000000000e+00i, 1.000000000000e+00 + 0.000000000000e+00i, -0.000000000000e+00 + 0.000000000000e+00i, 
1.000000000000e+01  1  lower fork 3.055020000000e+00 + 0.000000000000e+00i, -0.000000000000e+00 + 0.000000000000e+00i, 2.056170000000e+00 + 0.000000000000e+00i, 0.000000000000e+00 + 0.000000000000e+00i, 1.000000000000e+00 + 0.000000000000e+00i, -0.000000000000e+00 + 0.000000000000e+00i, 
1.000000000000e+01  1  swing arm 9.068400000000e-01 + 0.000000000000e+00i, 0.000000000000e+00 + 0.000000000000e+00i, -4.756950000000e+00 + 0.000000000000e+00i, 0.000000000000e+00 + 0.000000000000e+00i, -1.000000000000e+00 + 0.000000000000e+00i, -0.000000000000e+00 + 0.000000000000e+00i, 
1.000000000000e+01  1  bell crank 5.484700000000e-01 + 0.000000000000e+00i, 0.000000000000e+00 + 0.000000000000e+00i, -6.898000000000e-02 + 0.000000000000e+00i, 0.000000000000e+00 + 0.000000000000e+00i, -1.000000000000e+00 + 0.000000000000e+00i, -0.000000000000e+00 + 0.000000000000e+00i, 
1.000000000000e+01  1  front wheel, bike 1.441770000000e+00 + 0.000000000000e+00i, -0.000000000000e+00 + 0.000000000000e+00i, 3.162600000000e-01 + 0.000000000000e+00i, 0.000000000000e+00 + 0.000000000000e+00i, 1.000000000000e+00 + 0.000000000000e+00i, -0.000000000000e+00 + 0.000000000000e+00i, 
1.000000000000e+01  1  rear wheel, bike -1.773000000000e-02 + 0.000000000000e+00i, 0.000000000000e+00 + 0.000000000000e+00i, 3.958300000000e-01 + 0.000000000000e+00i, 0.000000000000e+00 + 0.000000000000e+00i, 1.000000000000e+00 + 0.000000000000e+00i, -0.000000000000e+00 + 0.000000000000e+00i, 

1.000000000000e+01  2  bike 5.254500000000e-01 + 0.000000000000e+00i, 0.000000000000e+00 + 0.000000000000e+00i, 2.771030000000e+00 + 0.000000000000e+00i, -0.000000000000e+00 + 0.000000000000e+00i, 1.000000000000e+00 + 0.000000000000e+00i, -0.000000000000e+00 + 0.000000000000e+00i, 
1.000000000000e+01  2  upper body 5.254500000000e-01 + 0.000000000000e+00i, 0.000000000000e+00 + 0.000000000000e+00i, 2.771030000000e+00 + 0.000000000000e+00i, -0.000000000000e+00 + 0.000000000000e+00i, 1.000000000000e+00 + 0.000000000000e+00i, -0.000000000000e+00 + 0.000000000000e+00i, 
1.000000000000e+01  2  upper fork 5.254500000000e-01 + 0.000000000000e+00i, -0.000000000000e+00 + 0.000000000000e+00i, 2.771030000000e+00 + 0.000000000000e+00i, -0.000000000000e+00 + 0.000000000000e+00i, 1.000000000000e+00 + 0.000000000000e+00i, -0.000000000000e+00 + 0.000000000000e+00i, 
1.000000000000e+01  2  lower fork -1.425770000000e+00 + 0.000000000000e+00i, -0.000000000000e+00 + 0.000000000000e+00i, 1.849620000000e+00 + 0.000000000000e+00i, -0.000000000000e+00 + 0.000000000000e+00i, 1.000000000000e+00 + 0.000000000000e+00i, -0.000000000000e+00 + 0.000000000000e+00i, 
1.000000000000e+01  2  swing arm 5.458700000000e-01 + 0.000000000000e+00i, 0.000000000000e+00 + 0.000000000000e+00i, 6.807900000000e-01 + 0.000000000000e+00i, -0.000000000000e+00 + 0.000000000000e+00i, 1.000000000000e+00 + 0.000000000000e+00i, -0.000000000000e+00 + 0.000000000000e+00i, 
1.000000000000e+01  2  bell crank 5.384000000000e-01 + 0.000000000000e+00i, 0.000000000000e+00 + 0.000000000000e+00i, 3.028000000000e-01 + 0.000000000000e+00i, -0.000000000000e+00 + 0.000000000000e+00i, 1.000000000000e+00 + 0.000000000000e+00i, -0.000000000000e+00 + 0.000000000000e+00i, 
1.000000000000e+01  2  front wheel, bike 1.476450000000e+00 + 0.000000000000e+00i, -0.000000000000e+00 + 0.000000000000e+00i, 2.452700000000e-01 + 0.000000000000e+00i, 0.000000000000e+00 + 0.000000000000e+00i, 1.000000000000e+00 + 0.000000000000e+00i, 0.000000000000e+00 + 0.000000000000e+00i, 
1.000000000000e+01  2  rear wheel, bike 1.420000000000e-02 + 0.000000000000e+00i, 0.000000000000e+00 + 0.000000000000e+00i, 3.069800000000e-01 + 0.000000000000e+00i, -0.000000000000e+00 + 0.000000000000e+00i, 1.000000000000e+00 + 0.000000000000e+00i, -0.000000000000e+00 + 0.000000000000e+00i, 

1.000000000000e+01  3  bike 1.034190000000e+00 + -1.842000000000e-02i, -0.000000000000e+00 + 0.000000000000e+00i, 5.843400000000e-01 + -2.103000000000e-02i, 0.000000000000e+00 + 0.000000000000e+00i, 1.000000000000e+00 + 0.000000000000e+00i, 0.000000000000e+00 + 0.000000000000e+00i, 
1.000000000000e+01  3  upper body 1.034190000000e+00 + -1.842000000000e-02i, 0.000000000000e+00 + 0.000000000000e+00i, 5.843400000000e-01 + -2.103000000000e-02i, 0.000000000000e+00 + 0.000000000000e+00i, 1.000000000000e+00 + 0.000000000000e+00i, 0.000000000000e+00 + 0.000000000000e+00i, 
1.000000000000e+01  3  upper fork 1.034190000000e+00 + -1.842000000000e-02i, 0.000000000000e+00 + 0.000000000000e+00i, 5.843400000000e-01 + -2.103000000000e-02i, -0.000000000000e+00 + 0.000000000000e+00i, 1.000000000000e+00 + 0.000000000000e+00i, 0.000000000000e+00 + 0.000000000000e+00i, 
1.000000000000e+01  3  lower fork 1.155930000000e+00 + 1.845600000000e-01i, -0.000000000000e+00 + 0.000000000000e+00i, 6.418200000000e-01 + 7.483000000000e-02i, -0.000000000000e+00 + 0.000000000000e+00i, 1.000000000000e+00 + 0.000000000000e+00i, 0.000000000000e+00 + 0.000000000000e+00i, 
1.000000000000e+01  3  swing arm 4.873600000000e-01 + -1.108000000000e-02i, 0.000000000000e+00 + 0.000000000000e+00i, 3.320600000000e-01 + -3.520000000000e-03i, -0.000000000000e+00 + 0.000000000000e+00i, 1.000000000000e+00 + 0.000000000000e+00i, -0.000000000000e+00 + 0.000000000000e+00i, 
1.000000000000e+01  3  bell crank 5.213500000000e-01 + -2.870000000000e-03i, 0.000000000000e+00 + 0.000000000000e+00i, 1.736200000000e-01 + -2.070000000000e-03i, -0.000000000000e+00 + 0.000000000000e+00i, 1.000000000000e+00 + 0.000000000000e+00i, -0.000000000000e+00 + 0.000000000000e+00i, 
1.000000000000e+01  3  front wheel, bike 1.577020000000e+00 + -1.344900000000e-01i, -0.000000000000e+00 + 0.000000000000e+00i, 3.406000000000e-02 + -3.882000000000e-02i, 0.000000000000e+00 + 0.000000000000e+00i, 1.000000000000e+00 + 0.000000000000e+00i, -0.000000000000e+00 + 0.000000000000e+00i, 
1.000000000000e+01  3  rear wheel, bike -3.456940000000e+00 + -9.426600000000e-01i, 0.000000000000e+00 + 0.000000000000e+00i, 4.263000000000e-02 + -4.859000000000e-02i, -0.000000000000e+00 + 0.000000000000e+00i, -9.647700000000e-01 + 2.630800000000e-01i, -0.000000000000e+00 + 0.000000000000e+00i, 

1.000000000000e+01  4  bike 1.034190000000e+00 + 1.842000000000e-02i, -0.000000000000e+00 + 0.000000000000e+00i, 5.843400000000e-01 + 2.103000000000e-02i, 0.000000000000e+00 + 0.000000000000e+00i, 1.000000000000e+00 + 0.000000000000e+00i, 0.000000000000e+00 + 0.000000000000e+00i, 
1.000000000000e+01  4  upper body 1.034190000000e+00 + 1.842000000000e-02i, 0.000000000000e+00 + 0.000000000000e+00i, 5.843400000000e-01 + 2.103000000000e-02i, 0.000000000000e+00 + 0.000000000000e+00i, 1.000000000000e+00 + 0.000000000000e+00i, 0.000000000000e+00 + 0.000000000000e+00i, 
1.000000000000e+01  4  upper fork 1.034190000000e+00 + 1.842000000000e-02i, 0.000000000000e+00 + 0.000000000000e+00i, 5.843400000000e-01 + 2.103000000000e-02i, -0.000000000000e+00 + 0.000000000000e+00i, 1.000000000000e+00 + 0.000000000000e+00i, 0.000000000000e+00 + 0.000000000000e+00i, 
1.000000000000e+01  4  lower fork 1.155930000000e+00 + -1.845600000000e-01i, -0.000000000000e+00 + 0.000000000000e+00i, 6.418200000000e-01 + -7.483000000000e-02i, -0.000000000000e+00 + 0.000000000000e+00i, 1.000000000000e+00 + 0.000000000000e+00i, 0.000000000000e+00 + 0.000000000000e+00i, 
1.000000000000e+01  4  swing arm 4.873600000000e-01 + 1.108000000000e-02i, 0.000000000000e+00 + 0.000000000000e+00i, 3.320600000000e-01 + 3.520000000000e-03i, -0.000000000000e+00 + 0.000000000000e+00i, 1.000000000000e+00 + 0.000000000000e+00i, -0.000000000000e+00 + 0.000000000000e+00i, 
1.000000000000e+01  4  bell crank 5.213500000000e-01 + 2.870000000000e-03i, 0.000000000000e+00 + 0.000000000000e+00i, 1.736200000000e-01 + 2.070000000000e-03i, -0.000000000000e+00 + 0.000000000000e+00i, 1.000000000000e+00 + 0.000000000000e+00i, -0.000000000000e+00 + 0.000000000000e+00i, 
1.000000000000e+01  4  front wheel, bike 1.577020000000e+00 + 1.344900000000e-01i, -0.000000000000e+00 + 0.000000000000e+00i, 3.406000000000e-02 + 3.882000000000e-02i, 0.000000000000e+00 + 0.000000000000e+00i, 1.000000000000e+00 + 0.000000000000e+00i, -0.000000000000e+00 + 0.000000000000e+00i, 
1.000000000000e+01  4  rear wheel, bike -3.456940000000e+00 + 9.426600000000e-01i, 0.000000000000e+00 + 0.000000000000e+00i, 4.263000000000e-02 + 4.859000000000e-02i, -0.000000000000e+00 + 0.000000000000e+00i, -9.647700000000e-01 + -2.630800000000e-01i, -0.000000000000e+00 + 0.000000000000e+00i, 

1.000000000000e+01  5  bike 5.030500000000e-01 + 0.000000000000e+00i, -0.000000000000e+00 + 0.000000000000e+00i, 6.155100000000e-01 + 0.000000000000e+00i, -6.333700000000e-01 + 0.000000000000e+00i, -0.000000000000e+00 + 0.000000000000e+00i, -7.738500000000e-01 + 0.000000000000e+00i, 
1.000000000000e+01  5  upper body 7.248000000000e-01 + 0.000000000000e+00i, -0.000000000000e+00 + 0.000000000000e+00i, 8.864400000000e-01 + 0.000000000000e+00i, -6.333700000000e-01 + 0.000000000000e+00i, -0.000000000000e+00 + 0.000000000000e+00i, -7.738500000000e-01 + 0.000000000000e+00i, 
1.000000000000e+01  5  upper fork 1.246640000000e+00 + 0.000000000000e+00i, 0.000000000000e+00 + 0.000000000000e+00i, 8.321600000000e-01 + 0.000000000000e+00i, -6.011400000000e-01 + 0.000000000000e+00i, -0.000000000000e+00 + 0.000000000000e+00i, 7.991400000000e-01 + 0.000000000000e+00i, 
1.000000000000e+01  5  lower fork 1.533530000000e+00 + 0.000000000000e+00i, 0.000000000000e+00 + 0.000000000000e+00i, 4.507700000000e-01 + 0.000000000000e+00i, -6.011400000000e-01 + 0.000000000000e+00i, -0.000000000000e+00 + 0.000000000000e+00i, 7.991400000000e-01 + 0.000000000000e+00i, 
1.000000000000e+01  5  swing arm 2.307700000000e-01 + 0.000000000000e+00i, -0.000000000000e+00 + 0.000000000000e+00i, 2.828400000000e-01 + 0.000000000000e+00i, -6.333700000000e-01 + 0.000000000000e+00i, 0.000000000000e+00 + 0.000000000000e+00i, -7.738500000000e-01 + 0.000000000000e+00i, 
1.000000000000e+01  5  bell crank 2.818500000000e-01 + 0.000000000000e+00i, -0.000000000000e+00 + 0.000000000000e+00i, 3.452500000000e-01 + 0.000000000000e+00i, -6.333700000000e-01 + 0.000000000000e+00i, 0.000000000000e+00 + 0.000000000000e+00i, -7.738500000000e-01 + 0.000000000000e+00i, 
1.000000000000e+01  5  front wheel, bike 1.569970000000e+00 + 0.000000000000e+00i, 0.000000000000e+00 + 0.000000000000e+00i, 4.023300000000e-01 + 0.000000000000e+00i, -6.011400000000e-01 + 0.000000000000e+00i, 0.000000000000e+00 + 0.000000000000e+00i, 7.991400000000e-01 + 0.000000000000e+00i, 
1.000000000000e+01  5  rear wheel, bike 1.451300000000e-01 + 0.000000000000e+00i, -0.000000000000e+00 + 0.000000000000e+00i, 1.782100000000e-01 + 0.000000000000e+00i, -6.333700000000e-01 + 0.000000000000e+00i, -0.000000000000e+00 + 0.000000000000e+00i, -7.738500000000e-01 + 0.000000000000e+00i, 

1.000000000000e+01  6  bike 8.088300000000e-01 + 0.000000000000e+00i, -0.000000000000e+00 + 0.000000000000e+00i, 6.286000000000e-01 + 0.000000000000e+00i, 7.663800000000e-01 + 0.000000000000e+00i, 0.000000000000e+00 + 0.000000000000e+00i, -6.423900000000e-01 + 0.000000000000e+00i, 
1.000000000000e+01  6  upper body 3.257500000000e-01 + 0.000000000000e+00i, -0.000000000000e+00 + 0.000000000000e+00i, 1.033520000000e+00 + 0.000000000000e+00i, 7.663800000000e-01 + 0.000000000000e+00i, 0.000000000000e+00 + 0.000000000000e+00i, -6.423900000000e-01 + 0.000000000000e+00i, 
1.000000000000e+01  6  upper fork 1.659360000000e+00 + 0.000000000000e+00i, -0.000000000000e+00 + 0.000000000000e+00i, 2.427200000000e-01 + 0.000000000000e+00i, 7.288300000000e-01 + 0.000000000000e+00i, 0.000000000000e+00 + 0.000000000000e+00i, 6.847000000000e-01 + 0.000000000000e+00i, 
1.000000000000e+01  6  lower fork 1.543560000000e+00 + 0.000000000000e+00i, 0.000000000000e+00 + 0.000000000000e+00i, 1.339300000000e-01 + 0.000000000000e+00i, 7.288300000000e-01 + 0.000000000000e+00i, 0.000000000000e+00 + 0.000000000000e+00i, 6.847000000000e-01 + 0.000000000000e+00i, 
1.000000000000e+01  6  swing arm 6.051000000000e-01 + 0.000000000000e+00i, -0.000000000000e+00 + 0.000000000000e+00i, 7.993600000000e-01 + 0.000000000000e+00i, 7.663800000000e-01 + 0.000000000000e+00i, -0.000000000000e+00 + 0.000000000000e+00i, -6.423900000000e-01 + 0.000000000000e+00i, 
1.000000000000e+01  6  bell crank 8.475400000000e-01 + 0.000000000000e+00i, -0.000000000000e+00 + 0.000000000000e+00i, 5.961400000000e-01 + 0.000000000000e+00i, 7.663800000000e-01 + 0.000000000000e+00i, -0.000000000000e+00 + 0.000000000000e+00i, -6.423900000000e-01 + 0.000000000000e+00i, 
1.000000000000e+01  6  front wheel, bike 1.546510000000e+00 + 0.000000000000e+00i, 0.000000000000e+00 + 0.000000000000e+00i, 1.367000000000e-01 + 0.000000000000e+00i, 7.288300000000e-01 + 0.000000000000e+00i, 0.000000000000e+00 + 0.000000000000e+00i, 6.847000000000e-01 + 0.000000000000e+00i, 
1.000000000000e+01  6  rear wheel, bike 4.970300000000e-01 + 0.000000000000e+00i, -0.000000000000e+00 + 0.000000000000e+00i, 8.899500000000e-01 + 0.000000000000e+00i, 7.663800000000e-01 + 0.000000000000e+00i, 0.000000000000e+00 + 0.000000000000e+00i, -6.423900000000e-01 + 0.000000000000e+00i, 

1.000000000000e+01  7  bike 8.229200000000e-01 + -3.217600000000e-01i, -0.000000000000e+00 + 0.000000000000e+00i, 5.112200000000e-01 + 3.380000000000e-03i, 0.000000000000e+00 + 0.000000000000e+00i, 1.000000000000e+00 + 0.000000000000e+00i, -0.000000000000e+00 + 0.000000000000e+00i, 
1.000000000000e+01  7  upper body 8.229200000000e-01 + -3.217600000000e-01i, -0.000000000000e+00 + 0.000000000000e+00i, 5.112200000000e-01 + 3.380000000000e-03i, 0.000000000000e+00 + 0.000000000000e+00i, 1.000000000000e+00 + 0.000000000000e+00i, -0.000000000000e+00 + 0.000000000000e+00i, 
1.000000000000e+01  7  upper fork 8.229200000000e-01 + -3.217600000000e-01i, -0.000000000000e+00 + 0.000000000000e+00i, 5.112200000000e-01 + 3.380000000000e-03i, 0.000000000000e+00 + 0.000000000000e+00i, 1.000000000000e+00 + 0.000000000000e+00i, -0.000000000000e+00 + 0.000000000000e+00i, 
1.000000000000e+01  7  lower fork 1.332790000000e+00 + -4.164800000000e-01i, -0.000000000000e+00 + 0.000000000000e+00i, 7.520000000000e-01 + -4.135000000000e-02i, 0.000000000000e+00 + 0.000000000000e+00i, 1.000000000000e+00 + 0.000000000000e+00i, -0.000000000000e+00 + 0.000000000000e+00i, 
1.000000000000e+01  7  swing arm 7.696400000000e-01 + -5.200000000000e-01i, -0.000000000000e+00 + 0.000000000000e+00i, 5.540100000000e-01 + -5.588000000000e-02i, 0.000000000000e+00 + 0.000000000000e+00i, 1.000000000000e+00 + 0.000000000000e+00i, -0.000000000000e+00 + 0.000000000000e+00i, 
1.000000000000e+01  7  bell crank 1.355100000000e-01 + -4.185900000000e-01i, -0.000000000000e+00 + 0.000000000000e+00i, 2.277100000000e-01 + -4.364000000000e-01i, -0.000000000000e+00 + 0.000000000000e+00i, 1.000000000000e+00 + 0.000000000000e+00i, 0.000000000000e+00 + 0.000000000000e+00i, 
1.000000000000e+01  7  front wheel, bike 1.425030000000e+00 + 2.516800000000e-01i, 0.000000000000e+00 + 0.000000000000e+00i, 1.330000000000e-03 + -1.008000000000e-02i, -0.000000000000e+00 + 0.000000000000e+00i, 1.000000000000e+00 + 0.000000000000e+00i, 0.000000000000e+00 + 0.000000000000e+00i, 
1.000000000000e+01  7  rear wheel, bike -9.850500000000e-01 + 3.455600000000e-01i, -0.000000000000e+00 + 0.000000000000e+00i, 1.670000000000e-03 + -1.262000000000e-02i, 0.000000000000e+00 + 0.000000000000e+00i, -9.436200000000e-01 + -3.310300000000e-01i, -0.000000000000e+00 + 0.000000000000e+00i, 

1.000000000000e+01  8  bike 8.229200000000e-01 + 3.217600000000e-01i, -0.000000000000e+00 + 0.000000000000e+00i, 5.112200000000e-01 + -3.380000000000e-03i, 0.000000000000e+00 + 0.000000000000e+00i, 1.000000000000e+00 + 0.000000000000e+00i, -0.000000000000e+00 + 0.000000000000e+00i, 
1.000000000000e+01  8  upper body 8.229200000000e-01 + 3.217600000000e-01i, -0.000000000000e+00 + 0.000000000000e+00i, 5.112200000000e-01 + -3.380000000000e-03i, 0.000000000000e+00 + 0.000000000000e+00i, 1.000000000000e+00 + 0.000000000000e+00i, -0.000000000000e+00 + 0.000000000000e+00i, 
1.000000000000e+01  8  upper fork 8.229200000000e-01 + 3.217600000000e-01i, -0.000000000000e+00 + 0.000000000000e+00i, 5.112200000000e-01 + -3.380000000000e-03i, 0.000000000000e+00 + 0.000000000000e+00i, 1.000000000000e+00 + 0.000000000000e+00i, -0.000000000000e+00 + 0.000000000000e+00i, 
1.000000000000e+01  8  lower fork 1.332790000000e+00 + 4.164800000000e-01i, -0.000000000000e+00 + 0.000000000000e+00i, 7.520000000000e-01 + 4.135000000000e-02i, 0.000000000000e+00 + 0.000000000000e+00i, 1.000000000000e+00 + 0.000000000000e+00i, -0.000000000000e+00 + 0.000000000000e+00i, 
1.000000000000e+01  8  swing arm 7.696400000000e-01 + 5.200000000000e-01i, -0.000000000000e+00 + 0.000000000000e+00i, 5.540100000000e-01 + 5.588000000000e-02i, 0.000000000000e+00 + 0.000000000000e+00i, 1.000000000000e+00 + 0.000000000000e+00i, -0.000000000000e+00 + 0.000000000000e+00i, 
1.000000000000e+01  8  bell crank 1.355100000000e-01 + 4.185900000000e-01i, -0.000000000000e+00 + 0.000000000000e+00i, 2.277100000000e-01 + 4.364000000000e-01i, -0.000000000000e+00 + 0.000000000000e+00i, 1.000000000000e+00 + 0.000000000000e+00i, 0.000000000000e+00 + 0.000000000000e+00i, 
1.000000000000e+01  8  front wheel, bike 1.425030000000e+00 + -2.516800000000e-01i, 0.000000000000e+00 + 0.000000000000e+00i, 1.330000000000e-03 + 1.008000000000e-02i, -0.000000000000e+00 + 0.000000000000e+00i, 1.000000000000e+00 + 0.000000000000e+00i, 0.000000000000e+00 + 0.000000000000e+00i, 
1.000000000000e+01  8  rear wheel, bike -9.850500000000e-01 + -3.455600000000e-01i, -0.000000000000e+00 + 0.000000000000e+00i, 1.670000000000e-03 + 1.262000000000e-02i, 0.000000000000e+00 + 0.000000000000e+00i, -9.436200000000e-01 + 3.310300000000e-01i, -0.000000000000e+00 + 0.000000000000e+00i, 

1.000000000000e+01  9  bike 2.875300000000e-01 + -1.773200000000e-01i, -0.000000000000e+00 + 0.000000000000e+00i, 4.777100000000e-01 + 3.004000000000e-02i, -0.000000000000e+00 + 0.000000000000e+00i, 1.000000000000e+00 + 0.000000000000e+00i, -0.000000000000e+00 + 0.000000000000e+00i, 
1.000000000000e+01  9  upper body 2.875300000000e-01 + -1.773200000000e-01i, -0.000000000000e+00 + 0.000000000000e+00i, 4.777100000000e-01 + 3.004000000000e-02i, -0.000000000000e+00 + 0.000000000000e+00i, 1.000000000000e+00 + 0.000000000000e+00i, -0.000000000000e+00 + 0.000000000000e+00i, 
1.000000000000e+01  9  upper fork 2.875300000000e-01 + -1.773200000000e-01i, -0.000000000000e+00 + 0.000000000000e+00i, 4.777100000000e-01 + 3.004000000000e-02i, 0.000000000000e+00 + 0.000000000000e+00i, 1.000000000000e+00 + 0.000000000000e+00i, -0.000000000000e+00 + 0.000000000000e+00i, 
1.000000000000e+01  9  lower fork 1.505730000000e+00 + -8.449300000000e-01i, 0.000000000000e+00 + 0.000000000000e+00i, 1.052970000000e+00 + -2.852300000000e-01i, 0.000000000000e+00 + 0.000000000000e+00i, 1.000000000000e+00 + 0.000000000000e+00i, -0.000000000000e+00 + 0.000000000000e+00i, 
1.000000000000e+01  9  swing arm 2.326100000000e-01 + -1.468800000000e-01i, -0.000000000000e+00 + 0.000000000000e+00i, 4.935400000000e-01 + 1.200000000000e-02i, -0.000000000000e+00 + 0.000000000000e+00i, 1.000000000000e+00 + 0.000000000000e+00i, 0.000000000000e+00 + 0.000000000000e+00i, 
1.000000000000e+01  9  bell crank 1.582400000000e-01 + 7.130000000000e-03i, -0.000000000000e+00 + 0.000000000000e+00i, 4.991100000000e-01 + -1.822600000000e-01i, -0.000000000000e+00 + 0.000000000000e+00i, 1.000000000000e+00 + 0.000000000000e+00i, 0.000000000000e+00 + 0.000000000000e+00i, 
1.000000000000e+01  9  front wheel, bike 1.273480000000e+00 + 2.504300000000e-01i, 0.000000000000e+00 + 0.000000000000e+00i, 6.410000000000e-03 + -8.810000000000e-03i, -0.000000000000e+00 + 0.000000000000e+00i, 1.000000000000e+00 + 0.000000000000e+00i, 0.000000000000e+00 + 0.000000000000e+00i, 
1.000000000000e+01  9  rear wheel, bike -3.366100000000e-01 + 2.234700000000e-01i, 0.000000000000e+00 + 0.000000000000e+00i, 8.020000000000e-03 + -1.103000000000e-02i, 0.000000000000e+00 + 0.000000000000e+00i, 1.000000000000e+00 + 0.000000000000e+00i, -0.000000000000e+00 + 0.000000000000e+00i, 

1.000000000000e+01  10  bike 2.875300000000e-01 + 1.773200000000e-01i, -0.000000000000e+00 + 0.000000000000e+00i, 4.777100000000e-01 + -3.004000000000e-02i, -0.000000000000e+00 + 0.000000000000e+00i, 1.000000000000e+00 + 0.000000000000e+00i, -0.000000000000e+00 + 0.000000000000e+00i, 
1.000000000000e+01  10  upper body 2.875300000000e-01 + 1.773200000000e-01i, -0.000000000000e+00 + 0.000000000000e+00i, 4.777100000000e-01 + -3.004000000000e-02i, -0.000000000000e+00 + 0.000000000000e+00i, 1.000000000000e+00 + 0.000000000000e+00i, -0.000000000000e+00 + 0.000000000000e+00i, 
1.000000000000e+01  10  upper fork 2.875300000000e-01 + 1.773200000000e-01i, -0.000000000000e+00 + 0.000000000000e+00i, 4.777100000000e-01 + -3.004000000000e-02i, 0.000000000000e+00 + 0.000000000000e+00i, 1.000000000000e+00 + 0.000000000000e+00i, -0.000000000000e+00 + 0.000000000000e+00i, 
1.000000000000e+01  10  lower fork 1.505730000000e+00 + 8.449300000000e-01i, 0.000000000000e+00 + 0.000000000000e+00i, 1.052970000000e+00 + 2.852300000000e-01i, 0.000000000000e+00 + 0.000000000000e+00i, 1.000000000000e+00 + 0.000000000000e+00i, -0.000000000000e+00 + 0.000000000000e+00i, 
1.000000000000e+01  10  swing arm 2.326100000000e-01 + 1.468800000000e-01i, -0.000000000000e+00 + 0.000000000000e+00i, 4.935400000000e-01 + -1.200000000000e-02i, -0.000000000000e+00 + 0.000000000000e+00i, 1.000000000000e+00 + 0.000000000000e+00i, 0.000000000000e+00 + 0.000000000000e+00i, 
1.000000000000e+01  10  bell crank 1.582400000000e-01 + -7.130000000000e-03i, -0.000000000000e+00 + 0.000000000000e+00i, 4.991100000000e-01 + 1.822600000000e-01i, -0.000000000000e+00 + 0.000000000000e+00i, 1.000000000000e+00 + 0.000000000000e+00i, 0.000000000000e+00 + 0.000000000000e+00i, 
1.000000000000e+01  10  front wheel, bike 1.273480000000e+00 + -2.504300000000e-01i, 0.000000000000e+00 + 0.000000000000e+00i, 6.410000000000e-03 + 8.810000000000e-03i, -0.000000000000e+00 + 0.000000000000e+00i, 1.000000000000e+00 + 0.000000000000e+00i, 0.000000000000e+00 + 0.000000000000e+00i, 
1.000000000000e+01  10  rear wheel, bike -3.366100000000e-01 + -2.234700000000e-01i, 0.000000000000e+00 + 0.000000000000e+00i, 8.020000000000e-03 + 1.103000000000e-02i, 0.000000000000e+00 + 0.000000000000e+00i, 1.000000000000e+00 + 0.000000000000e+00i, -0.000000000000e+00 + 0.000000000000e+00i, 

1.000000000000e+01  11  bike 2.110600000000e-01 + -4.194000000000e-02i, -0.000000000000e+00 + 0.000000000000e+00i, 4.477200000000e-01 + 1.251000000000e-02i, -0.000000000000e+00 + 0.000000000000e+00i, 1.000000000000e+00 + 0.000000000000e+00i, 0.000000000000e+00 + 0.000000000000e+00i, 
1.000000000000e+01  11  upper body 2.110600000000e-01 + -4.194000000000e-02i, 0.000000000000e+00 + 0.000000000000e+00i, 4.477200000000e-01 + 1.251000000000e-02i, -0.000000000000e+00 + 0.000000000000e+00i, 1.000000000000e+00 + 0.000000000000e+00i, 0.000000000000e+00 + 0.000000000000e+00i, 
1.000000000000e+01  11  upper fork 2.110600000000e-01 + -4.194000000000e-02i, 0.000000000000e+00 + 0.000000000000e+00i, 4.477200000000e-01 + 1.251000000000e-02i, 0.000000000000e+00 + 0.000000000000e+00i, 1.000000000000e+00 + 0.000000000000e+00i, -0.000000000000e+00 + 0.000000000000e+00i, 
1.000000000000e+01  11  lower fork 2.082480000000e+00 + -3.170300000000e-01i, 0.000000000000e+00 + 0.000000000000e+00i, 1.331450000000e+00 + -1.174000000000e-01i, -0.000000000000e+00 + 0.000000000000e+00i, -9.932800000000e-01 + -1.157500000000e-01i, 0.000000000000e+00 + 0.000000000000e+00i, 
1.000000000000e+01  11  swing arm 1.548900000000e-01 + -2.596000000000e-02i, -0.000000000000e+00 + 0.000000000000e+00i, 4.622900000000e-01 + 8.670000000000e-03i, -0.000000000000e+00 + 0.000000000000e+00i, 1.000000000000e+00 + 0.000000000000e+00i, 0.000000000000e+00 + 0.000000000000e+00i, 
1.000000000000e+01  11  bell crank -3.659000000000e-02 + 9.601000000000e-02i, -0.000000000000e+00 + 0.000000000000e+00i, 6.334600000000e-01 + -1.111400000000e-01i, -0.000000000000e+00 + 0.000000000000e+00i, 1.000000000000e+00 + 0.000000000000e+00i, 0.000000000000e+00 + 0.000000000000e+00i, 
1.000000000000e+01  11  front wheel, bike 1.228340000000e+00 + 5.975000000000e-02i, 0.000000000000e+00 + 0.000000000000e+00i, 1.039000000000e-02 + -3.090000000000e-03i, -0.000000000000e+00 + 0.000000000000e+00i, 1.000000000000e+00 + 0.000000000000e+00i, 0.000000000000e+00 + 0.000000000000e+00i, 
1.000000000000e+01  11  rear wheel, bike -2.638700000000e-01 + 5.482000000000e-02i, -0.000000000000e+00 + 0.000000000000e+00i, 1.300000000000e-02 + -3.860000000000e-03i, 0.000000000000e+00 + 0.000000000000e+00i, 1.000000000000e+00 + 0.000000000000e+00i, -0.000000000000e+00 + 0.000000000000e+00i, 

1.000000000000e+01  12  bike 2.110600000000e-01 + 4.194000000000e-02i, -0.000000000000e+00 + 0.000000000000e+00i, 4.477200000000e-01 + -1.251000000000e-02i, -0.000000000000e+00 + 0.000000000000e+00i, 1.000000000000e+00 + 0.000000000000e+00i, 0.000000000000e+00 + 0.000000000000e+00i, 
1.000000000000e+01  12  upper body 2.110600000000e-01 + 4.194000000000e-02i, 0.000000000000e+00 + 0.000000000000e+00i, 4.477200000000e-01 + -1.251000000000e-02i, -0.000000000000e+00 + 0.000000000000e+00i, 1.000000000000e+00 + 0.000000000000e+00i, 0.000000000000e+00 + 0.000000000000e+00i, 
1.000000000000e+01  12  upper fork 2.110600000000e-01 + 4.194000000000e-02i, 0.000000000000e+00 + 0.000000000000e+00i, 4.477200000000e-01 + -1.251000000000e-02i, 0.000000000000e+00 + 0.000000000000e+00i, 1.000000000000e+00 + 0.000000000000e+00i, -0.000000000000e+00 + 0.000000000000e+00i, 
1.000000000000e+01  12  lower fork 2.082480000000e+00 + 3.170300000000e-01i, 0.000000000000e+00 + 0.000000000000e+00i, 1.331450000000e+00 + 1.174000000000e-01i, -0.000000000000e+00 + 0.000000000000e+00i, -9.932800000000e-01 + 1.157500000000e-01i, 0.000000000000e+00 + 0.000000000000e+00i, 
1.000000000000e+01  12  swing arm 1.548900000000e-01 + 2.596000000000e-02i, -0.000000000000e+00 + 0.000000000000e+00i, 4.622900000000e-01 + -8.670000000000e-03i, -0.000000000000e+00 + 0.000000000000e+00i, 1.000000000000e+00 + 0.000000000000e+00i, 0.000000000000e+00 + 0.000000000000e+00i, 
1.000000000000e+01  12  bell crank -3.659000000000e-02 + -9.601000000000e-02i, -0.000000000000e+00 + 0.000000000000e+00i, 6.334600000000e-01 + 1.111400000000e-01i, -0.000000000000e+00 + 0.000000000000e+00i, 1.000000000000e+00 + 0.000000000000e+00i, 0.000000000000e+00 + 0.000000000000e+00i, 
1.000000000000e+01  12  front wheel, bike 1.228340000000e+00 + -5.975000000000e-02i, 0.000000000000e+00 + 0.000000000000e+00i, 1.039000000000e-02 + 3.090000000000e-03i, -0.000000000000e+00 + 0.000000000000e+00i, 1.000000000000e+00 + 0.000000000000e+00i, 0.000000000000e+00 + 0.000000000000e+00i, 
1.000000000000e+01  12  rear wheel, bike -2.638700000000e-01 + -5.482000000000e-02i, -0.000000000000e+00 + 0.000000000000e+00i, 1.300000000000e-02 + 3.860000000000e-03i, 0.000000000000e+00 + 0.000000000000e+00i, 1.000000000000e+00 + 0.000000000000e+00i, -0.000000000000e+00 + 0.000000000000e+00i, 

1.000000000000e+01  13  bike 5.971200000000e-01 + 0.000000000000e+00i, 0.000000000000e+00 + 0.000000000000e+00i, 4.866900000000e-01 + 0.000000000000e+00i, -1.741900000000e-01 + 0.000000000000e+00i, -0.000000000000e+00 + 0.000000000000e+00i, -9.847100000000e-01 + 0.000000000000e+00i, 
1.000000000000e+01  13  upper body 7.036600000000e-01 + 0.000000000000e+00i, 0.000000000000e+00 + 0.000000000000e+00i, 1.088940000000e+00 + 0.000000000000e+00i, -1.741900000000e-01 + 0.000000000000e+00i, -0.000000000000e+00 + 0.000000000000e+00i, -9.847100000000e-01 + 0.000000000000e+00i, 
1.000000000000e+01  13  upper fork 1.294830000000e+00 + 0.000000000000e+00i, 0.000000000000e+00 + 0.000000000000e+00i, 8.583300000000e-01 + 0.000000000000e+00i, -5.595500000000e-01 + 0.000000000000e+00i, -0.000000000000e+00 + 0.000000000000e+00i, 8.287900000000e-01 + 0.000000000000e+00i, 
1.000000000000e+01  13  lower fork 1.564600000000e+00 + 0.000000000000e+00i, 0.000000000000e+00 + 0.000000000000e+00i, 4.587600000000e-01 + 0.000000000000e+00i, -5.595500000000e-01 + 0.000000000000e+00i, -0.000000000000e+00 + 0.000000000000e+00i, 8.287900000000e-01 + 0.000000000000e+00i, 
1.000000000000e+01  13  swing arm 5.548600000000e-01 + 0.000000000000e+00i, -0.000000000000e+00 + 0.000000000000e+00i, 2.478200000000e-01 + 0.000000000000e+00i, -1.741900000000e-01 + 0.000000000000e+00i, -0.000000000000e+00 + 0.000000000000e+00i, -9.847100000000e-01 + 0.000000000000e+00i, 
1.000000000000e+01  13  bell crank 5.401000000000e-01 + 0.000000000000e+00i, -0.000000000000e+00 + 0.000000000000e+00i, 1.643400000000e-01 + 0.000000000000e+00i, -1.741900000000e-01 + 0.000000000000e+00i, -0.000000000000e+00 + 0.000000000000e+00i, -9.847100000000e-01 + 0.000000000000e+00i, 
1.000000000000e+01  13  front wheel, bike 1.598170000000e+00 + 0.000000000000e+00i, 0.000000000000e+00 + 0.000000000000e+00i, 4.090400000000e-01 + 0.000000000000e+00i, -5.595500000000e-01 + 0.000000000000e+00i, 0.000000000000e+00 + 0.000000000000e+00i, 8.287900000000e-01 + 0.000000000000e+00i, 
1.000000000000e+01  13  rear wheel, bike 5.464600000000e-01 + 0.000000000000e+00i, -0.000000000000e+00 + 0.000000000000e+00i, 2.003300000000e-01 + 0.000000000000e+00i, -1.741900000000e-01 + 0.000000000000e+00i, 0.000000000000e+00 + 0.000000000000e+00i, -9.847100000000e-01 + 0.000000000000e+00i, 

1.000000000000e+01  14  bike 7.374600000000e-01 + 1.825300000000e-01i, 0.000000000000e+00 + 0.000000000000e+00i, 7.151700000000e-01 + -9.189000000000e-02i, 8.039700000000e-01 + 0.000000000000e+00i, 0.000000000000e+00 + 0.000000000000e+00i, 2.759000000000e-02 + 5.940300000000e-01i, 
1.000000000000e+01  14  upper body 5.823400000000e-01 + -1.363100000000e-01i, 0.000000000000e+00 + 0.000000000000e+00i, 9.454200000000e-01 + -2.174400000000e-01i, 8.039700000000e-01 + 0.000000000000e+00i, 0.000000000000e+00 + 0.000000000000e+00i, 2.759000000000e-02 + 5.940300000000e-01i, 
1.000000000000e+01  14  upper fork 1.152830000000e+00 + 7.737000000000e-02i, 0.000000000000e+00 + 0.000000000000e+00i, 8.379600000000e-01 + 1.169300000000e-01i, 8.657700000000e-01 + 0.000000000000e+00i, 0.000000000000e+00 + 0.000000000000e+00i, -3.923200000000e-01 + 3.106800000000e-01i, 
1.000000000000e+01  14  lower fork 1.454980000000e+00 + 1.973400000000e-01i, 0.000000000000e+00 + 0.000000000000e+00i, 6.579900000000e-01 + 1.710000000000e-01i, 8.657700000000e-01 + 0.000000000000e+00i, 0.000000000000e+00 + 0.000000000000e+00i, -3.923200000000e-01 + 3.106800000000e-01i, 
1.000000000000e+01  14  swing arm 4.224100000000e-01 + 2.594700000000e-01i, 0.000000000000e+00 + 0.000000000000e+00i, 6.475100000000e-01 + -3.220400000000e-01i, 8.039700000000e-01 + 0.000000000000e+00i, 0.000000000000e+00 + 0.000000000000e+00i, 2.759000000000e-02 + 5.940300000000e-01i, 
1.000000000000e+01  14  bell crank 6.110700000000e-01 + 3.256400000000e-01i, 0.000000000000e+00 + 0.000000000000e+00i, 6.050900000000e-01 + -1.803700000000e-01i, 8.039700000000e-01 + 0.000000000000e+00i, 0.000000000000e+00 + 0.000000000000e+00i, 2.759000000000e-02 + 5.940300000000e-01i, 
1.000000000000e+01  14  front wheel, bike 1.502980000000e+00 + 2.086400000000e-01i, 0.000000000000e+00 + 0.000000000000e+00i, 6.321900000000e-01 + 1.831000000000e-01i, 8.657700000000e-01 + 0.000000000000e+00i, -0.000000000000e+00 + 0.000000000000e+00i, -3.923200000000e-01 + 3.106800000000e-01i, 
1.000000000000e+01  14  rear wheel, bike 2.954000000000e-01 + 2.663000000000e-01i, 0.000000000000e+00 + 0.000000000000e+00i, 6.381100000000e-01 + -4.156400000000e-01i, 8.039700000000e-01 + 0.000000000000e+00i, -0.000000000000e+00 + 0.000000000000e+00i, 2.759000000000e-02 + 5.940300000000e-01i, 

1.000000000000e+01  15  bike 7.374600000000e-01 + -1.825300000000e-01i, 0.000000000000e+00 + 0.000000000000e+00i, 7.151700000000e-01 + 9.189000000000e-02i, 8.039700000000e-01 + 0.000000000000e+00i, 0.000000000000e+00 + 0.000000000000e+00i, 2.759000000000e-02 + -5.940300000000e-01i, 
1.000000000000e+01  15  upper body 5.823400000000e-01 + 1.363100000000e-01i, 0.000000000000e+00 + 0.000000000000e+00i, 9.454200000000e-01 + 2.174400000000e-01i, 8.039700000000e-01 + 0.000000000000e+00i, 0.000000000000e+00 + 0.000000000000e+00i, 2.759000000000e-02 + -5.940300000000e-01i, 
1.000000000000e+01  15  upper fork 1.152830000000e+00 + -7.737000000000e-02i, 0.000000000000e+00 + 0.000000000000e+00i, 8.379600000000e-01 + -1.169300000000e-01i, 8.657700000000e-01 + 0.000000000000e+00i, 0.000000000000e+00 + 0.000000000000e+00i, -3.923200000000e-01 + -3.106800000000e-01i, 
1.000000000000e+01  15  lower fork 1.454980000000e+00 + -1.973400000000e-01i, 0.000000000000e+00 + 0.000000000000e+00i, 6.579900000000e-01 + -1.710000000000e-01i, 8.657700000000e-01 + 0.000000000000e+00i, 0.000000000000e+00 + 0.000000000000e+00i, -3.923200000000e-01 + -3.106800000000e-01i, 
1.000000000000e+01  15  swing arm 4.224100000000e-01 + -2.594700000000e-01i, 0.000000000000e+00 + 0.000000000000e+00i, 6.475100000000e-01 + 3.220400000000e-01i, 8.039700000000e-01 + 0.000000000000e+00i, 0.000000000000e+00 + 0.000000000000e+00i, 2.759000000000e-02 + -5.940300000000e-01i, 
1.000000000000e+01  15  bell crank 6.110700000000e-01 + -3.256400000000e-01i, 0.000000000000e+00 + 0.000000000000e+00i, 6.050900000000e-01 + 1.803700000000e-01i, 8.039700000000e-01 + 0.000000000000e+00i, 0.000000000000e+00 + 0.000000000000e+00i, 2.759000000000e-02 + -5.940300000000e-01i, 
1.000000000000e+01  15  front wheel, bike 1.502980000000e+00 + -2.086400000000e-01i, 0.000000000000e+00 + 0.000000000000e+00i, 6.321900000000e-01 + -1.831000000000e-01i, 8.657700000000e-01 + 0.000000000000e+00i, -0.000000000000e+00 + 0.000000000000e+00i, -3.923200000000e-01 + -3.106800000000e-01i, 
1.000000000000e+01  15  rear wheel, bike 2.954000000000e-01 + -2.663000000000e-01i, 0.000000000000e+00 + 0.000000000000e+00i, 6.381100000000e-01 + 4.156400000000e-01i, 8.039700000000e-01 + 0.000000000000e+00i, -0.000000000000e+00 + 0.000000000000e+00i, 2.759000000000e-02 + -5.940300000000e-01i, 

1.000000000000e+01  16  bike 1.247674200000e+02 + 0.000000000000e+00i, -0.000000000000e+00 + 0.000000000000e+00i, -9.774170000000e+00 + 0.000000000000e+00i, -8.229000000000e-02 + 0.000000000000e+00i, -0.000000000000e+00 + 0.000000000000e+00i, -9.966100000000e-01 + 0.000000000000e+00i, 
1.000000000000e+01  16  upper body 1.248203900000e+02 + 0.000000000000e+00i, -0.000000000000e+00 + 0.000000000000e+00i, -9.132650000000e+00 + 0.000000000000e+00i, -8.229000000000e-02 + 0.000000000000e+00i, -0.000000000000e+00 + 0.000000000000e+00i, -9.966100000000e-01 + 0.000000000000e+00i, 
1.000000000000e+01  16  upper fork 1.260408900000e+02 + 0.000000000000e+00i, -0.000000000000e+00 + 0.000000000000e+00i, -1.027189000000e+01 + 0.000000000000e+00i, -8.808000000000e-02 + 0.000000000000e+00i, -0.000000000000e+00 + 0.000000000000e+00i, -9.961100000000e-01 + 0.000000000000e+00i, 
1.000000000000e+01  16  lower fork 1.260033200000e+02 + 0.000000000000e+00i, -0.000000000000e+00 + 0.000000000000e+00i, -1.069680000000e+01 + 0.000000000000e+00i, -8.808000000000e-02 + 0.000000000000e+00i, -0.000000000000e+00 + 0.000000000000e+00i, -9.961100000000e-01 + 0.000000000000e+00i, 
1.000000000000e+01  16  swing arm 1.247509400000e+02 + 0.000000000000e+00i, -0.000000000000e+00 + 0.000000000000e+00i, -9.973700000000e+00 + 0.000000000000e+00i, -8.229000000000e-02 + 0.000000000000e+00i, -0.000000000000e+00 + 0.000000000000e+00i, -9.966100000000e-01 + 0.000000000000e+00i, 
1.000000000000e+01  16  bell crank 1.247415800000e+02 + 0.000000000000e+00i, -0.000000000000e+00 + 0.000000000000e+00i, -1.008700000000e+01 + 0.000000000000e+00i, -8.229000000000e-02 + 0.000000000000e+00i, -0.000000000000e+00 + 0.000000000000e+00i, -9.966100000000e-01 + 0.000000000000e+00i, 
1.000000000000e+01  16  front wheel, bike 1.259999800000e+02 + 0.000000000000e+00i, -0.000000000000e+00 + 0.000000000000e+00i, -1.073452000000e+01 + 0.000000000000e+00i, -8.808000000000e-02 + 0.000000000000e+00i, -0.000000000000e+00 + 0.000000000000e+00i, -9.961100000000e-01 + 0.000000000000e+00i, 
1.000000000000e+01  16  rear wheel, bike 1.247484400000e+02 + 0.000000000000e+00i, -0.000000000000e+00 + 0.000000000000e+00i, -1.000398000000e+01 + 0.000000000000e+00i, -8.229000000000e-02 + 0.000000000000e+00i, -0.000000000000e+00 + 0.000000000000e+00i, -9.966100000000e-01 + 0.000000000000e+00i, 

1.000000000000e+01  17  bike 3.266591189200e+05 + 0.000000000000e+00i, 3.349705000000e+01 + 0.000000000000e+00i, -9.858700000000e+00 + 0.000000000000e+00i, -3.000000000000e-05 + 0.000000000000e+00i, -0.000000000000e+00 + 0.000000000000e+00i, -1.000000000000e+00 + 0.000000000000e+00i, 
1.000000000000e+01  17  upper body 3.266591189600e+05 + 0.000000000000e+00i, 3.349705000000e+01 + 0.000000000000e+00i, -9.191120000000e+00 + 0.000000000000e+00i, -3.000000000000e-05 + 0.000000000000e+00i, -0.000000000000e+00 + 0.000000000000e+00i, -1.000000000000e+00 + 0.000000000000e+00i, 
1.000000000000e+01  17  upper fork 3.266604727900e+05 + 0.000000000000e+00i, 3.349719000000e+01 + 0.000000000000e+00i, -1.016392000000e+01 + 0.000000000000e+00i, -3.000000000000e-05 + 0.000000000000e+00i, -0.000000000000e+00 + 0.000000000000e+00i, -1.000000000000e+00 + 0.000000000000e+00i, 
1.000000000000e+01  17  lower fork 3.266604727400e+05 + 0.000000000000e+00i, 3.349719000000e+01 + 0.000000000000e+00i, -1.060985000000e+01 + 0.000000000000e+00i, -3.000000000000e-05 + 0.000000000000e+00i, -0.000000000000e+00 + 0.000000000000e+00i, -1.000000000000e+00 + 0.000000000000e+00i, 
1.000000000000e+01  17  swing arm 3.266591185700e+05 + 0.000000000000e+00i, 3.349705000000e+01 + 0.000000000000e+00i, -1.001955000000e+01 + 0.000000000000e+00i, -3.000000000000e-05 + 0.000000000000e+00i, -0.000000000000e+00 + 0.000000000000e+00i, -1.000000000000e+00 + 0.000000000000e+00i, 
1.000000000000e+01  17  bell crank 3.266591189400e+05 + 0.000000000000e+00i, 3.349705000000e+01 + 0.000000000000e+00i, -1.015796000000e+01 + 0.000000000000e+00i, -3.000000000000e-05 + 0.000000000000e+00i, -0.000000000000e+00 + 0.000000000000e+00i, -1.000000000000e+00 + 0.000000000000e+00i, 
1.000000000000e+01  17  front wheel, bike 2.446906000000e+01 + 0.000000000000e+00i, 2.360000000000e-03 + 0.000000000000e+00i, -2.000000000000e-04 + 0.000000000000e+00i, -0.000000000000e+00 + 0.000000000000e+00i, -9.999600000000e-01 + 0.000000000000e+00i, -8.400000000000e-03 + 0.000000000000e+00i, 
1.000000000000e+01  17  rear wheel, bike 2.564650000000e+01 + 0.000000000000e+00i, 2.630000000000e-03 + 0.000000000000e+00i, -6.100000000000e-04 + 0.000000000000e+00i, -0.000000000000e+00 + 0.000000000000e+00i, -9.999600000000e-01 + 0.000000000000e+00i, -8.860000000000e-03 + 0.000000000000e+00i, 

1.000000000000e+01  18  bike -3.267838235000e+05 + 0.000000000000e+00i, -3.357835000000e+01 + 0.000000000000e+00i, -9.858720000000e+00 + 0.000000000000e+00i, -3.000000000000e-05 + 0.000000000000e+00i, -0.000000000000e+00 + 0.000000000000e+00i, 1.000000000000e+00 + 0.000000000000e+00i, 
1.000000000000e+01  18  upper body -3.267838235000e+05 + 0.000000000000e+00i, -3.357835000000e+01 + 0.000000000000e+00i, -9.191120000000e+00 + 0.000000000000e+00i, -3.000000000000e-05 + 0.000000000000e+00i, -0.000000000000e+00 + 0.000000000000e+00i, 1.000000000000e+00 + 0.000000000000e+00i, 
1.000000000000e+01  18  upper fork -3.267824695900e+05 + 0.000000000000e+00i, -3.357821000000e+01 + 0.000000000000e+00i, -1.016379000000e+01 + 0.000000000000e+00i, -3.000000000000e-05 + 0.000000000000e+00i, -0.000000000000e+00 + 0.000000000000e+00i, 1.000000000000e+00 + 0.000000000000e+00i, 
1.000000000000e+01  18  lower fork -3.267824696200e+05 + 0.000000000000e+00i, -3.357821000000e+01 + 0.000000000000e+00i, -1.060974000000e+01 + 0.000000000000e+00i, -3.000000000000e-05 + 0.000000000000e+00i, -0.000000000000e+00 + 0.000000000000e+00i, 1.000000000000e+00 + 0.000000000000e+00i, 
1.000000000000e+01  18  swing arm -3.267838238400e+05 + 0.000000000000e+00i, -3.357835000000e+01 + 0.000000000000e+00i, -1.001954000000e+01 + 0.000000000000e+00i, -3.000000000000e-05 + 0.000000000000e+00i, -0.000000000000e+00 + 0.000000000000e+00i, 1.000000000000e+00 + 0.000000000000e+00i, 
1.000000000000e+01  18  bell crank -3.267838234600e+05 + 0.000000000000e+00i, -3.357835000000e+01 + 0.000000000000e+00i, -1.015797000000e+01 + 0.000000000000e+00i, -3.000000000000e-05 + 0.000000000000e+00i, -0.000000000000e+00 + 0.000000000000e+00i, 1.000000000000e+00 + 0.000000000000e+00i, 
1.000000000000e+01  18  front wheel, bike -2.172755000000e+01 + 0.000000000000e+00i, -2.380000000000e-03 + 0.000000000000e+00i, -1.310000000000e-03 + 0.000000000000e+00i, -0.000000000000e+00 + 0.000000000000e+00i, -9.999600000000e-01 + 0.000000000000e+00i, 8.410000000000e-03 + 0.000000000000e+00i, 
1.000000000000e+01  18  rear wheel, bike -2.559484000000e+01 + 0.000000000000e+00i, -2.630000000000e-03 + 0.000000000000e+00i, -9.700000000000e-04 + 0.000000000000e+00i, -0.000000000000e+00 + 0.000000000000e+00i, -9.999600000000e-01 + 0.000000000000e+00i, 8.850000000000e-03 + 0.000000000000e+00i, 

1.000000000000e+01  19  bike 7.688168000000e+01 + 1.244010967470e+06i, -1.873531410000e+03 + -6.041177027549e+07i, 4.719374000000e+02 + -1.279000000000e-02i, -4.000000000000e-05 + 0.000000000000e+00i, -1.000000000000e-05 + 0.000000000000e+00i, -3.000000000000e-05 + 1.000000000000e+00i, 
1.000000000000e+01  19  upper body 7.709452000000e+01 + 1.244010967530e+06i, -1.883867350000e+03 + -6.041177027729e+07i, 4.773771400000e+02 + -1.277000000000e-02i, -4.000000000000e-05 + 0.000000000000e+00i, -1.000000000000e-05 + 0.000000000000e+00i, -3.000000000000e-05 + 1.000000000000e+00i, 
1.000000000000e+01  19  upper fork 6.636810000000e+01 + 1.244010968060e+06i, -1.362969710000e+03 + -6.041177028817e+07i, 4.706659700000e+02 + -1.272000000000e-02i, -5.000000000000e-05 + 0.000000000000e+00i, -1.000000000000e-05 + 0.000000000000e+00i, -2.000000000000e-05 + 1.000000000000e+00i, 
1.000000000000e+01  19  lower fork 6.641494000000e+01 + 1.244010968040e+06i, -1.365244740000e+03 + -6.041177028824e+07i, 4.690576600000e+02 + -1.273000000000e-02i, -5.000000000000e-05 + 0.000000000000e+00i, -1.000000000000e-05 + 0.000000000000e+00i, -2.000000000000e-05 + 1.000000000000e+00i, 
1.000000000000e+01  19  swing arm 7.645716000000e+01 + 1.244010967540e+06i, -1.852915700000e+03 + -6.041177027827e+07i, 3.490539400000e+02 + -1.331000000000e-02i, -4.000000000000e-05 + 0.000000000000e+00i, -1.000000000000e-05 + 0.000000000000e+00i, -3.000000000000e-05 + 1.000000000000e+00i, 
1.000000000000e+01  19  bell crank 7.646005000000e+01 + 1.244010967530e+06i, -1.853056140000e+03 + -6.041177027797e+07i, 3.595022500000e+02 + -1.443000000000e-02i, -4.000000000000e-05 + 0.000000000000e+00i, -1.000000000000e-05 + 0.000000000000e+00i, -3.000000000000e-05 + 1.000000000000e+00i, 
1.000000000000e+01  19  front wheel, bike 1.410000000000e+00 + 0.000000000000e+00i, -0.000000000000e+00 + 0.000000000000e+00i, -0.000000000000e+00 + 0.000000000000e+00i, -0.000000000000e+00 + 0.000000000000e+00i, 1.000000000000e+00 + 0.000000000000e+00i, -0.000000000000e+00 + 0.000000000000e+00i, 
1.000000000000e+01  19  rear wheel, bike 0.000000000000e+00 + 0.000000000000e+00i, -0.000000000000e+00 + 0.000000000000e+00i, -0.000000000000e+00 + 0.000000000000e+00i, -0.000000000000e+00 + 0.000000000000e+00i, 1.000000000000e+00 + 0.000000000000e+00i, -0.000000000000e+00 + 0.000000000000e+00i, 

1.000000000000e+01  20  bike 7.688168000000e+01 + -1.244010967470e+06i, -1.873531410000e+03 + 6.041177027549e+07i, 4.719374000000e+02 + 1.279000000000e-02i, -4.000000000000e-05 + 0.000000000000e+00i, -1.000000000000e-05 + 0.000000000000e+00i, -3.000000000000e-05 + -1.000000000000e+00i, 
1.000000000000e+01  20  upper body 7.709452000000e+01 + -1.244010967530e+06i, -1.883867350000e+03 + 6.041177027729e+07i, 4.773771400000e+02 + 1.277000000000e-02i, -4.000000000000e-05 + 0.000000000000e+00i, -1.000000000000e-05 + 0.000000000000e+00i, -3.000000000000e-05 + -1.000000000000e+00i, 
1.000000000000e+01  20  upper fork 6.636810000000e+01 + -1.244010968060e+06i, -1.362969710000e+03 + 6.041177028817e+07i, 4.706659700000e+02 + 1.272000000000e-02i, -5.000000000000e-05 + 0.000000000000e+00i, -1.000000000000e-05 + 0.000000000000e+00i, -2.000000000000e-05 + -1.000000000000e+00i, 
1.000000000000e+01  20  lower fork 6.641494000000e+01 + -1.244010968040e+06i, -1.365244740000e+03 + 6.041177028824e+07i, 4.690576600000e+02 + 1.273000000000e-02i, -5.000000000000e-05 + 0.000000000000e+00i, -1.000000000000e-05 + 0.000000000000e+00i, -2.000000000000e-05 + -1.000000000000e+00i, 
1.000000000000e+01  20  swing arm 7.645716000000e+01 + -1.244010967540e+06i, -1.852915700000e+03 + 6.041177027827e+07i, 3.490539400000e+02 + 1.331000000000e-02i, -4.000000000000e-05 + 0.000000000000e+00i, -1.000000000000e-05 + 0.000000000000e+00i, -3.000000000000e-05 + -1.000000000000e+00i, 
1.000000000000e+01  20  bell crank 7.646005000000e+01 + -1.244010967530e+06i, -1.853056140000e+03 + 6.041177027797e+07i, 3.595022500000e+02 + 1.443000000000e-02i, -4.000000000000e-05 + 0.000000000000e+00i, -1.000000000000e-05 + 0.000000000000e+00i, -3.000000000000e-05 + -1.000000000000e+00i, 
1.000000000000e+01  20  front wheel, bike 1.410000000000e+00 + 0.000000000000e+00i, -0.000000000000e+00 + 0.000000000000e+00i, -0.000000000000e+00 + 0.000000000000e+00i, -0.000000000000e+00 + 0.000000000000e+00i, 1.000000000000e+00 + 0.000000000000e+00i, -0.000000000000e+00 + 0.000000000000e+00i, 
1.000000000000e+01  20  rear wheel, bike 0.000000000000e+00 + 0.000000000000e+00i, -0.000000000000e+00 + 0.000000000000e+00i, -0.000000000000e+00 + 0.000000000000e+00i, -0.000000000000e+00 + 0.000000000000e+00i, 1.000000000000e+00 + 0.000000000000e+00i, -0.000000000000e+00 + 0.000000000000e+00i, 

1.000000000000e+01  21  bike -4.373428765201e+10 + 0.000000000000e+00i, -3.669404211389e+11 + 0.000000000000e+00i, -6.365243117173e+09 + 0.000000000000e+00i, -3.871800000000e-01 + 0.000000000000e+00i, 6.208000000000e-02 + 0.000000000000e+00i, -9.186900000000e-01 + 0.000000000000e+00i, 
1.000000000000e+01  21  upper body -4.382802673392e+10 + 0.000000000000e+00i, -3.677269129309e+11 + 0.000000000000e+00i, -6.554187468191e+09 + 0.000000000000e+00i, -3.830800000000e-01 + 0.000000000000e+00i, 6.206000000000e-02 + 0.000000000000e+00i, -9.204100000000e-01 + 0.000000000000e+00i, 
1.000000000000e+01  21  upper fork -4.527792693962e+10 + 0.000000000000e+00i, -3.798918988180e+11 + 0.000000000000e+00i, -4.549591967542e+09 + 0.000000000000e+00i, -4.716900000000e-01 + 0.000000000000e+00i, 6.673000000000e-02 + 0.000000000000e+00i, -8.778500000000e-01 + 0.000000000000e+00i, 
1.000000000000e+01  21  lower fork -4.520989674301e+10 + 0.000000000000e+00i, -3.793211103042e+11 + 0.000000000000e+00i, -4.563398869716e+09 + 0.000000000000e+00i, -4.716600000000e-01 + 0.000000000000e+00i, 6.678000000000e-02 + 0.000000000000e+00i, -8.778700000000e-01 + 0.000000000000e+00i, 
1.000000000000e+01  21  swing arm -4.325801194021e+10 + 0.000000000000e+00i, -3.629443617609e+11 + 0.000000000000e+00i, -2.656497499361e+10 + 0.000000000000e+00i, -3.880900000000e-01 + 0.000000000000e+00i, 1.131100000000e-01 + 0.000000000000e+00i, -9.134300000000e-01 + 0.000000000000e+00i, 
1.000000000000e+01  21  bell crank -4.304319410516e+10 + 0.000000000000e+00i, -3.611419922450e+11 + 0.000000000000e+00i, -4.256512070268e+10 + 0.000000000000e+00i, -3.849500000000e-01 + 0.000000000000e+00i, 1.530100000000e-01 + 0.000000000000e+00i, -9.089400000000e-01 + 0.000000000000e+00i, 
1.000000000000e+01  21  front wheel, bike 1.410000000000e+00 + 0.000000000000e+00i, -0.000000000000e+00 + 0.000000000000e+00i, 2.029900000000e-01 + 0.000000000000e+00i, -0.000000000000e+00 + 0.000000000000e+00i, 1.000000000000e+00 + 0.000000000000e+00i, -0.000000000000e+00 + 0.000000000000e+00i, 
1.000000000000e+01  21  rear wheel, bike 0.000000000000e+00 + 0.000000000000e+00i, -0.000000000000e+00 + 0.000000000000e+00i, 1.743000000000e-01 + 0.000000000000e+00i, -0.000000000000e+00 + 0.000000000000e+00i, 1.000000000000e+00 + 0.000000000000e+00i, -0.000000000000e+00 + 0.000000000000e+00i, 

1.000000000000e+01  22  bike -9.536141023869e+10 + 0.000000000000e+00i, -1.737347837701e+11 + 0.000000000000e+00i, 5.430844159164e+11 + 0.000000000000e+00i, -9.668400000000e-01 + 0.000000000000e+00i, -1.356400000000e-01 + 0.000000000000e+00i, -2.131600000000e-01 + 0.000000000000e+00i, 
1.000000000000e+01  22  upper body -9.766584745690e+10 + 0.000000000000e+00i, -1.779331371795e+11 + 0.000000000000e+00i, 5.468497467050e+11 + 0.000000000000e+00i, -9.658500000000e-01 + 0.000000000000e+00i, -1.366500000000e-01 + 0.000000000000e+00i, -2.169600000000e-01 + 0.000000000000e+00i, 
1.000000000000e+01  22  upper fork -1.839342816206e+10 + 0.000000000000e+00i, -3.351018254332e+10 + 0.000000000000e+00i, 5.202290969294e+11 + 0.000000000000e+00i, -9.900200000000e-01 + 0.000000000000e+00i, -1.291100000000e-01 + 0.000000000000e+00i, -4.332000000000e-02 + 0.000000000000e+00i, 
1.000000000000e+01  22  lower fork -1.848235556603e+10 + 0.000000000000e+00i, -3.367219549281e+10 + 0.000000000000e+00i, 5.201170709140e+11 + 0.000000000000e+00i, -9.900500000000e-01 + 0.000000000000e+00i, -1.288200000000e-01 + 0.000000000000e+00i, -4.352000000000e-02 + 0.000000000000e+00i, 
1.000000000000e+01  22  swing arm -9.315791649995e+10 + 0.000000000000e+00i, -1.697203348713e+11 + 0.000000000000e+00i, 5.187616645405e+11 + 0.000000000000e+00i, -9.722700000000e-01 + 0.000000000000e+00i, -1.009600000000e-01 + 0.000000000000e+00i, -2.076300000000e-01 + 0.000000000000e+00i, 
1.000000000000e+01  22  bell crank -9.397997135110e+10 + 0.000000000000e+00i, -1.712180006619e+11 + 0.000000000000e+00i, 5.120454359133e+11 + 0.000000000000e+00i, -9.728100000000e-01 + 0.000000000000e+00i, -9.196000000000e-02 + 0.000000000000e+00i, -2.093000000000e-01 + 0.000000000000e+00i, 
1.000000000000e+01  22  front wheel, bike 1.410000000000e+00 + 0.000000000000e+00i, -0.000000000000e+00 + 0.000000000000e+00i, 2.068000000000e-02 + 0.000000000000e+00i, -0.000000000000e+00 + 0.000000000000e+00i, 1.000000000000e+00 + 0.000000000000e+00i, -0.000000000000e+00 + 0.000000000000e+00i, 
1.000000000000e+01  22  rear wheel, bike 0.000000000000e+00 + 0.000000000000e+00i, -0.000000000000e+00 + 0.000000000000e+00i, -1.088700000000e-01 + 0.000000000000e+00i, -0.000000000000e+00 + 0.000000000000e+00i, 1.000000000000e+00 + 0.000000000000e+00i, -0.000000000000e+00 + 0.000000000000e+00i, 


