%%% Preload
num name type fx fy fz fxyz 
{1} {rear axle} force 0.00000000e+00 -0.00000000e+00 1.16119135e+03 1.16119135e+03
{2} {arm pivot} force -2.31781211e+03 0.00000000e+00 1.23888803e+03 2.62813556e+03
{3} {bell crank pivot} force 2.59104524e+03 0.00000000e+00 -3.34100320e+02 2.61249660e+03
{4} {rider} force 0.00000000e+00 -0.00000000e+00 3.30400800e+02 3.30400800e+02
{} {} moment 0.00000000e+00 -1.68504400e+01 0.00000000e+00 1.68504400e+01
{5} {steering head} force 0.00000000e+00 -0.00000000e+00 -8.67614750e+02 8.67614750e+02
{} {} moment -0.00000000e+00 2.32933670e+02 -0.00000000e+00 2.32933670e+02
{6} {front axle} force -0.00000000e+00 -0.00000000e+00 1.03673915e+03 1.03673915e+03
{7} {fork joint} force 3.72843780e+02 -0.00000000e+00 1.76065120e+02 4.12324400e+02
{} {} moment 0.00000000e+00 -6.88624400e+01 0.00000000e+00 6.88624400e+01
{8} {front tire lateral} force 0.00000000e+00 0.00000000e+00 0.00000000e+00 0.00000000e+00
{9} {rear tire lateral} force 0.00000000e+00 0.00000000e+00 0.00000000e+00 0.00000000e+00
{10} {front tire longitudinal} force 0.00000000e+00 0.00000000e+00 0.00000000e+00 0.00000000e+00
{11} {rear tire longitudinal} force 0.00000000e+00 0.00000000e+00 0.00000000e+00 0.00000000e+00
{12} {front tire vertical} force 0.00000000e+00 0.00000000e+00 1.15347815e+03 1.15347815e+03
{13} {rear tire vertical} force 0.00000000e+00 0.00000000e+00 1.30539835e+03 1.30539835e+03
{14} {rear spring} force 2.73233130e+02 -0.00000000e+00 1.98749907e+03 -2.00619264e+03
{15} {right front spring} force -1.86421890e+02 -0.00000000e+00 3.94775760e+02 -4.36578770e+02
{16} {left front spring} force -1.86421890e+02 -0.00000000e+00 3.94775760e+02 -4.36578770e+02
{17} {rear pull rod} force 2.31781211e+03 0.00000000e+00 -2.32159939e+03 3.28056042e+03
