1 1 1.651300000000e+02
2 2 1.651300000000e+02
3 3 1.651300000000e+02
4 4 1.108500000000e+01
6 4 -3.691000000000e+00
5 5 2.201300000000e+01
4 6 -3.691000000000e+00
6 6 1.498200000000e+01
7 7 3.368000000000e+01
8 8 3.368000000000e+01
9 9 3.368000000000e+01
10 10 1.428000000000e+00
12 10 4.430000000000e-01
11 11 1.347000000000e+00
10 12 4.430000000000e-01
12 12 9.160000000000e-01
13 13 9.990000000000e+00
14 14 9.990000000000e+00
15 15 9.990000000000e+00
16 16 1.341000000000e+00
17 17 1.548000000000e+00
18 18 4.125000000000e-01
19 19 7.250000000000e+00
20 20 7.250000000000e+00
21 21 7.250000000000e+00
25 25 8.000000000000e+00
26 26 8.000000000000e+00
27 27 8.000000000000e+00
28 28 2.000000000000e-02
29 29 2.590000000000e-01
30 30 2.590000000000e-01
37 37 1.190000000000e+01
38 38 1.190000000000e+01
39 39 1.190000000000e+01
40 40 2.700000000000e-01
41 41 4.840000000000e-01
42 42 2.700000000000e-01
43 43 1.470000000000e+01
44 44 1.470000000000e+01
45 45 1.470000000000e+01
46 46 3.830000000000e-01
47 47 6.380000000000e-01
48 48 3.830000000000e-01
