%%% Mode, Speed, Body, Rotation centre, Axis of rotation
num speed name rx rxi ry ryi rz rzi ux uxi uy uyi uz uzi
{1} 3.000000000000e+01 {Frame} 6.362000000000e-01 0.000000000000e+00 0.000000000000e+00 0.000000000000e+00 1.200830000000e+00 0.000000000000e+00 -0.000000000000e+00 0.000000000000e+00 1.000000000000e+00 0.000000000000e+00 -0.000000000000e+00 0.000000000000e+00
{1} 3.000000000000e+01 {Upper body} 6.362000000000e-01 0.000000000000e+00 0.000000000000e+00 0.000000000000e+00 1.200830000000e+00 0.000000000000e+00 -0.000000000000e+00 0.000000000000e+00 1.000000000000e+00 0.000000000000e+00 -0.000000000000e+00 0.000000000000e+00
{1} 3.000000000000e+01 {Upper fork} 6.362000000000e-01 0.000000000000e+00 -0.000000000000e+00 0.000000000000e+00 1.200830000000e+00 0.000000000000e+00 -0.000000000000e+00 0.000000000000e+00 1.000000000000e+00 0.000000000000e+00 -0.000000000000e+00 0.000000000000e+00
{1} 3.000000000000e+01 {Lower fork} 1.410000000000e+00 0.000000000000e+00 -0.000000000000e+00 0.000000000000e+00 1.200830000000e+00 0.000000000000e+00 0.000000000000e+00 0.000000000000e+00 1.000000000000e+00 0.000000000000e+00 0.000000000000e+00 0.000000000000e+00
{1} 3.000000000000e+01 {Swing arm} 0.000000000000e+00 0.000000000000e+00 0.000000000000e+00 0.000000000000e+00 -4.927620000000e+00 0.000000000000e+00 -0.000000000000e+00 0.000000000000e+00 -1.000000000000e+00 0.000000000000e+00 -0.000000000000e+00 0.000000000000e+00
{1} 3.000000000000e+01 {Bell crank} 5.043800000000e-01 0.000000000000e+00 0.000000000000e+00 0.000000000000e+00 -1.730200000000e-01 0.000000000000e+00 0.000000000000e+00 0.000000000000e+00 1.000000000000e+00 0.000000000000e+00 0.000000000000e+00 0.000000000000e+00
{1} 3.000000000000e+01 {Front wheel, bike} 1.410000000000e+00 0.000000000000e+00 -0.000000000000e+00 0.000000000000e+00 2.928900000000e-01 0.000000000000e+00 0.000000000000e+00 0.000000000000e+00 1.000000000000e+00 0.000000000000e+00 0.000000000000e+00 0.000000000000e+00
{1} 3.000000000000e+01 {Rear wheel, bike} 0.000000000000e+00 0.000000000000e+00 0.000000000000e+00 0.000000000000e+00 3.665900000000e-01 0.000000000000e+00 -0.000000000000e+00 0.000000000000e+00 1.000000000000e+00 0.000000000000e+00 -0.000000000000e+00 0.000000000000e+00
{1} 3.000000000000e+01 {Front contact patch} 1.410000000000e+00 0.000000000000e+00 -0.000000000000e+00 0.000000000000e+00 2.928900000000e-01 0.000000000000e+00 0.000000000000e+00 0.000000000000e+00 1.000000000000e+00 0.000000000000e+00 0.000000000000e+00 0.000000000000e+00
{1} 3.000000000000e+01 {Rear contact patch} 0.000000000000e+00 0.000000000000e+00 0.000000000000e+00 0.000000000000e+00 3.665900000000e-01 0.000000000000e+00 -0.000000000000e+00 0.000000000000e+00 1.000000000000e+00 0.000000000000e+00 -0.000000000000e+00 0.000000000000e+00
{1} 3.000000000000e+01 {Lower left arm} 1.180750000000e+00 0.000000000000e+00 1.562400000000e-01 0.000000000000e+00 -1.488400000000e-01 0.000000000000e+00 -0.000000000000e+00 0.000000000000e+00 -1.000000000000e+00 0.000000000000e+00 0.000000000000e+00 0.000000000000e+00
{1} 3.000000000000e+01 {Upper left arm} 1.180750000000e+00 0.000000000000e+00 1.750000000000e-01 0.000000000000e+00 -1.399000000000e-02 0.000000000000e+00 0.000000000000e+00 0.000000000000e+00 1.000000000000e+00 0.000000000000e+00 0.000000000000e+00 0.000000000000e+00
{1} 3.000000000000e+01 {Lower right arm} 1.180750000000e+00 0.000000000000e+00 -1.562400000000e-01 0.000000000000e+00 -1.488400000000e-01 0.000000000000e+00 -0.000000000000e+00 0.000000000000e+00 -1.000000000000e+00 0.000000000000e+00 0.000000000000e+00 0.000000000000e+00
{1} 3.000000000000e+01 {Upper right arm} 1.180750000000e+00 0.000000000000e+00 -1.750000000000e-01 0.000000000000e+00 -1.399000000000e-02 0.000000000000e+00 0.000000000000e+00 0.000000000000e+00 1.000000000000e+00 0.000000000000e+00 0.000000000000e+00 0.000000000000e+00
{2} 3.000000000000e+01 {Frame} 4.559500000000e-01 0.000000000000e+00 0.000000000000e+00 0.000000000000e+00 1.611080000000e+00 0.000000000000e+00 -0.000000000000e+00 0.000000000000e+00 1.000000000000e+00 0.000000000000e+00 -0.000000000000e+00 0.000000000000e+00
{2} 3.000000000000e+01 {Upper body} 4.559500000000e-01 0.000000000000e+00 0.000000000000e+00 0.000000000000e+00 1.611080000000e+00 0.000000000000e+00 -0.000000000000e+00 0.000000000000e+00 1.000000000000e+00 0.000000000000e+00 -0.000000000000e+00 0.000000000000e+00
{2} 3.000000000000e+01 {Upper fork} 4.559500000000e-01 0.000000000000e+00 -0.000000000000e+00 0.000000000000e+00 1.611080000000e+00 0.000000000000e+00 -0.000000000000e+00 0.000000000000e+00 1.000000000000e+00 0.000000000000e+00 0.000000000000e+00 0.000000000000e+00
{2} 3.000000000000e+01 {Lower fork} 1.410000000000e+00 0.000000000000e+00 -0.000000000000e+00 0.000000000000e+00 1.611080000000e+00 0.000000000000e+00 0.000000000000e+00 0.000000000000e+00 1.000000000000e+00 0.000000000000e+00 0.000000000000e+00 0.000000000000e+00
{2} 3.000000000000e+01 {Swing arm} -0.000000000000e+00 0.000000000000e+00 0.000000000000e+00 0.000000000000e+00 7.737800000000e+00 0.000000000000e+00 -0.000000000000e+00 0.000000000000e+00 1.000000000000e+00 0.000000000000e+00 -0.000000000000e+00 0.000000000000e+00
{2} 3.000000000000e+01 {Bell crank} 5.870400000000e-01 0.000000000000e+00 0.000000000000e+00 0.000000000000e+00 -6.354900000000e-01 0.000000000000e+00 0.000000000000e+00 0.000000000000e+00 1.000000000000e+00 0.000000000000e+00 0.000000000000e+00 0.000000000000e+00
{2} 3.000000000000e+01 {Front wheel, bike} 1.410000000000e+00 0.000000000000e+00 -0.000000000000e+00 0.000000000000e+00 2.437300000000e-01 0.000000000000e+00 0.000000000000e+00 0.000000000000e+00 -1.000000000000e+00 0.000000000000e+00 0.000000000000e+00 0.000000000000e+00
{2} 3.000000000000e+01 {Rear wheel, bike} -0.000000000000e+00 0.000000000000e+00 0.000000000000e+00 0.000000000000e+00 3.050500000000e-01 0.000000000000e+00 -0.000000000000e+00 0.000000000000e+00 1.000000000000e+00 0.000000000000e+00 -0.000000000000e+00 0.000000000000e+00
{2} 3.000000000000e+01 {Front contact patch} 1.410000000000e+00 0.000000000000e+00 0.000000000000e+00 0.000000000000e+00 2.437300000000e-01 0.000000000000e+00 0.000000000000e+00 0.000000000000e+00 -1.000000000000e+00 0.000000000000e+00 0.000000000000e+00 0.000000000000e+00
{2} 3.000000000000e+01 {Rear contact patch} 0.000000000000e+00 0.000000000000e+00 0.000000000000e+00 0.000000000000e+00 3.050500000000e-01 0.000000000000e+00 -0.000000000000e+00 0.000000000000e+00 1.000000000000e+00 0.000000000000e+00 -0.000000000000e+00 0.000000000000e+00
{2} 3.000000000000e+01 {Lower left arm} 1.194910000000e+00 0.000000000000e+00 1.562400000000e-01 0.000000000000e+00 -1.742700000000e-01 0.000000000000e+00 -0.000000000000e+00 0.000000000000e+00 -1.000000000000e+00 0.000000000000e+00 0.000000000000e+00 0.000000000000e+00
{2} 3.000000000000e+01 {Upper left arm} 1.194910000000e+00 0.000000000000e+00 1.750000000000e-01 0.000000000000e+00 -4.775000000000e-02 0.000000000000e+00 0.000000000000e+00 0.000000000000e+00 1.000000000000e+00 0.000000000000e+00 0.000000000000e+00 0.000000000000e+00
{2} 3.000000000000e+01 {Lower right arm} 1.194910000000e+00 0.000000000000e+00 -1.562400000000e-01 0.000000000000e+00 -1.742700000000e-01 0.000000000000e+00 0.000000000000e+00 0.000000000000e+00 1.000000000000e+00 0.000000000000e+00 0.000000000000e+00 0.000000000000e+00
{2} 3.000000000000e+01 {Upper right arm} 1.194910000000e+00 0.000000000000e+00 -1.750000000000e-01 0.000000000000e+00 -4.775000000000e-02 0.000000000000e+00 0.000000000000e+00 0.000000000000e+00 1.000000000000e+00 0.000000000000e+00 0.000000000000e+00 0.000000000000e+00
{3} 3.000000000000e+01 {Frame} 9.795100000000e-01 -7.282000000000e-02 -0.000000000000e+00 0.000000000000e+00 5.364100000000e-01 2.870000000000e-03 0.000000000000e+00 0.000000000000e+00 1.000000000000e+00 0.000000000000e+00 -0.000000000000e+00 0.000000000000e+00
{3} 3.000000000000e+01 {Upper body} 9.795100000000e-01 -7.282000000000e-02 -0.000000000000e+00 0.000000000000e+00 5.364100000000e-01 2.870000000000e-03 0.000000000000e+00 0.000000000000e+00 1.000000000000e+00 0.000000000000e+00 -0.000000000000e+00 0.000000000000e+00
{3} 3.000000000000e+01 {Upper fork} 9.795100000000e-01 -7.282000000000e-02 -0.000000000000e+00 0.000000000000e+00 5.364100000000e-01 2.870000000000e-03 0.000000000000e+00 0.000000000000e+00 1.000000000000e+00 0.000000000000e+00 -0.000000000000e+00 0.000000000000e+00
{3} 3.000000000000e+01 {Lower fork} 1.410000000000e+00 0.000000000000e+00 -0.000000000000e+00 0.000000000000e+00 5.364100000000e-01 2.870000000000e-03 0.000000000000e+00 0.000000000000e+00 1.000000000000e+00 0.000000000000e+00 -0.000000000000e+00 0.000000000000e+00
{3} 3.000000000000e+01 {Swing arm} -0.000000000000e+00 0.000000000000e+00 -0.000000000000e+00 0.000000000000e+00 1.436900000000e-01 -4.038000000000e-02 -0.000000000000e+00 0.000000000000e+00 1.000000000000e+00 0.000000000000e+00 0.000000000000e+00 0.000000000000e+00
{3} 3.000000000000e+01 {Bell crank} 4.477900000000e-01 6.800000000000e-03 -0.000000000000e+00 0.000000000000e+00 1.167300000000e-01 -6.960000000000e-03 -0.000000000000e+00 0.000000000000e+00 1.000000000000e+00 0.000000000000e+00 0.000000000000e+00 0.000000000000e+00
{3} 3.000000000000e+01 {Front wheel, bike} 1.410000000000e+00 0.000000000000e+00 0.000000000000e+00 0.000000000000e+00 2.425000000000e-02 -1.073500000000e-01 -0.000000000000e+00 0.000000000000e+00 1.000000000000e+00 0.000000000000e+00 0.000000000000e+00 0.000000000000e+00
{3} 3.000000000000e+01 {Rear wheel, bike} 0.000000000000e+00 0.000000000000e+00 0.000000000000e+00 0.000000000000e+00 3.035000000000e-02 -1.343500000000e-01 -0.000000000000e+00 0.000000000000e+00 1.000000000000e+00 0.000000000000e+00 0.000000000000e+00 0.000000000000e+00
{3} 3.000000000000e+01 {Front contact patch} 1.410000000000e+00 0.000000000000e+00 -0.000000000000e+00 0.000000000000e+00 2.425000000000e-02 -1.073500000000e-01 -0.000000000000e+00 0.000000000000e+00 1.000000000000e+00 0.000000000000e+00 0.000000000000e+00 0.000000000000e+00
{3} 3.000000000000e+01 {Rear contact patch} -0.000000000000e+00 0.000000000000e+00 0.000000000000e+00 0.000000000000e+00 3.035000000000e-02 -1.343500000000e-01 -0.000000000000e+00 0.000000000000e+00 1.000000000000e+00 0.000000000000e+00 -0.000000000000e+00 0.000000000000e+00
{3} 3.000000000000e+01 {Lower left arm} 1.105870000000e+00 4.237000000000e-02 1.562400000000e-01 0.000000000000e+00 -6.613000000000e-02 8.159000000000e-02 0.000000000000e+00 0.000000000000e+00 1.000000000000e+00 0.000000000000e+00 0.000000000000e+00 0.000000000000e+00
{3} 3.000000000000e+01 {Upper left arm} 1.105870000000e+00 4.237000000000e-02 1.750000000000e-01 0.000000000000e+00 1.127700000000e-01 5.666000000000e-02 0.000000000000e+00 0.000000000000e+00 1.000000000000e+00 0.000000000000e+00 0.000000000000e+00 0.000000000000e+00
{3} 3.000000000000e+01 {Lower right arm} 1.105870000000e+00 4.237000000000e-02 -1.562400000000e-01 0.000000000000e+00 -6.613000000000e-02 8.159000000000e-02 0.000000000000e+00 0.000000000000e+00 1.000000000000e+00 0.000000000000e+00 0.000000000000e+00 0.000000000000e+00
{3} 3.000000000000e+01 {Upper right arm} 1.105870000000e+00 4.237000000000e-02 -1.750000000000e-01 0.000000000000e+00 1.127700000000e-01 5.666000000000e-02 0.000000000000e+00 0.000000000000e+00 1.000000000000e+00 0.000000000000e+00 0.000000000000e+00 0.000000000000e+00
{4} 3.000000000000e+01 {Frame} 9.795100000000e-01 7.282000000000e-02 -0.000000000000e+00 0.000000000000e+00 5.364100000000e-01 -2.870000000000e-03 0.000000000000e+00 0.000000000000e+00 1.000000000000e+00 0.000000000000e+00 -0.000000000000e+00 0.000000000000e+00
{4} 3.000000000000e+01 {Upper body} 9.795100000000e-01 7.282000000000e-02 -0.000000000000e+00 0.000000000000e+00 5.364100000000e-01 -2.870000000000e-03 0.000000000000e+00 0.000000000000e+00 1.000000000000e+00 0.000000000000e+00 -0.000000000000e+00 0.000000000000e+00
{4} 3.000000000000e+01 {Upper fork} 9.795100000000e-01 7.282000000000e-02 -0.000000000000e+00 0.000000000000e+00 5.364100000000e-01 -2.870000000000e-03 0.000000000000e+00 0.000000000000e+00 1.000000000000e+00 0.000000000000e+00 -0.000000000000e+00 0.000000000000e+00
{4} 3.000000000000e+01 {Lower fork} 1.410000000000e+00 0.000000000000e+00 -0.000000000000e+00 0.000000000000e+00 5.364100000000e-01 -2.870000000000e-03 0.000000000000e+00 0.000000000000e+00 1.000000000000e+00 0.000000000000e+00 -0.000000000000e+00 0.000000000000e+00
{4} 3.000000000000e+01 {Swing arm} -0.000000000000e+00 0.000000000000e+00 -0.000000000000e+00 0.000000000000e+00 1.436900000000e-01 4.038000000000e-02 -0.000000000000e+00 0.000000000000e+00 1.000000000000e+00 0.000000000000e+00 0.000000000000e+00 0.000000000000e+00
{4} 3.000000000000e+01 {Bell crank} 4.477900000000e-01 -6.800000000000e-03 -0.000000000000e+00 0.000000000000e+00 1.167300000000e-01 6.960000000000e-03 -0.000000000000e+00 0.000000000000e+00 1.000000000000e+00 0.000000000000e+00 0.000000000000e+00 0.000000000000e+00
{4} 3.000000000000e+01 {Front wheel, bike} 1.410000000000e+00 0.000000000000e+00 0.000000000000e+00 0.000000000000e+00 2.425000000000e-02 1.073500000000e-01 -0.000000000000e+00 0.000000000000e+00 1.000000000000e+00 0.000000000000e+00 0.000000000000e+00 0.000000000000e+00
{4} 3.000000000000e+01 {Rear wheel, bike} 0.000000000000e+00 0.000000000000e+00 0.000000000000e+00 0.000000000000e+00 3.035000000000e-02 1.343500000000e-01 -0.000000000000e+00 0.000000000000e+00 1.000000000000e+00 0.000000000000e+00 0.000000000000e+00 0.000000000000e+00
{4} 3.000000000000e+01 {Front contact patch} 1.410000000000e+00 0.000000000000e+00 -0.000000000000e+00 0.000000000000e+00 2.425000000000e-02 1.073500000000e-01 -0.000000000000e+00 0.000000000000e+00 1.000000000000e+00 0.000000000000e+00 0.000000000000e+00 0.000000000000e+00
{4} 3.000000000000e+01 {Rear contact patch} -0.000000000000e+00 0.000000000000e+00 0.000000000000e+00 0.000000000000e+00 3.035000000000e-02 1.343500000000e-01 -0.000000000000e+00 0.000000000000e+00 1.000000000000e+00 0.000000000000e+00 -0.000000000000e+00 0.000000000000e+00
{4} 3.000000000000e+01 {Lower left arm} 1.105870000000e+00 -4.237000000000e-02 1.562400000000e-01 0.000000000000e+00 -6.613000000000e-02 -8.159000000000e-02 0.000000000000e+00 0.000000000000e+00 1.000000000000e+00 0.000000000000e+00 0.000000000000e+00 0.000000000000e+00
{4} 3.000000000000e+01 {Upper left arm} 1.105870000000e+00 -4.237000000000e-02 1.750000000000e-01 0.000000000000e+00 1.127700000000e-01 -5.666000000000e-02 0.000000000000e+00 0.000000000000e+00 1.000000000000e+00 0.000000000000e+00 0.000000000000e+00 0.000000000000e+00
{4} 3.000000000000e+01 {Lower right arm} 1.105870000000e+00 -4.237000000000e-02 -1.562400000000e-01 0.000000000000e+00 -6.613000000000e-02 -8.159000000000e-02 0.000000000000e+00 0.000000000000e+00 1.000000000000e+00 0.000000000000e+00 0.000000000000e+00 0.000000000000e+00
{4} 3.000000000000e+01 {Upper right arm} 1.105870000000e+00 -4.237000000000e-02 -1.750000000000e-01 0.000000000000e+00 1.127700000000e-01 -5.666000000000e-02 0.000000000000e+00 0.000000000000e+00 1.000000000000e+00 0.000000000000e+00 0.000000000000e+00 0.000000000000e+00
{5} 3.000000000000e+01 {Frame} 6.063700000000e-01 -5.714000000000e-02 0.000000000000e+00 0.000000000000e+00 5.805900000000e-01 1.168900000000e-01 8.669800000000e-01 0.000000000000e+00 0.000000000000e+00 0.000000000000e+00 4.927500000000e-01 7.448000000000e-02
{5} 3.000000000000e+01 {Upper body} 6.939600000000e-01 -1.002500000000e-01 0.000000000000e+00 0.000000000000e+00 6.340800000000e-01 9.992000000000e-02 8.669800000000e-01 0.000000000000e+00 0.000000000000e+00 0.000000000000e+00 4.927500000000e-01 7.448000000000e-02
{5} 3.000000000000e+01 {Upper fork} 1.139570000000e+00 -5.590000000000e-03 0.000000000000e+00 0.000000000000e+00 7.612100000000e-01 6.400000000000e-04 -3.170300000000e-01 -9.731000000000e-02 0.000000000000e+00 0.000000000000e+00 9.434100000000e-01 0.000000000000e+00
{5} 3.000000000000e+01 {Lower fork} 1.295420000000e+00 3.537000000000e-02 0.000000000000e+00 0.000000000000e+00 3.043000000000e-01 1.904000000000e-02 -3.166500000000e-01 -9.729000000000e-02 -0.000000000000e+00 0.000000000000e+00 9.435400000000e-01 0.000000000000e+00
{5} 3.000000000000e+01 {Swing arm} 1.753200000000e-01 -4.674000000000e-02 -0.000000000000e+00 0.000000000000e+00 3.347200000000e-01 8.577000000000e-02 8.669800000000e-01 0.000000000000e+00 0.000000000000e+00 0.000000000000e+00 4.927500000000e-01 7.448000000000e-02
{5} 3.000000000000e+01 {Bell crank} 3.390900000000e-01 -3.779000000000e-02 -0.000000000000e+00 0.000000000000e+00 4.270300000000e-01 1.049300000000e-01 8.669800000000e-01 0.000000000000e+00 0.000000000000e+00 0.000000000000e+00 4.927500000000e-01 7.448000000000e-02
{5} 3.000000000000e+01 {Front wheel, bike} 1.312910000000e+00 3.922000000000e-02 0.000000000000e+00 0.000000000000e+00 2.534600000000e-01 2.317000000000e-02 -3.166500000000e-01 -9.729000000000e-02 -0.000000000000e+00 0.000000000000e+00 9.435400000000e-01 0.000000000000e+00
{5} 3.000000000000e+01 {Rear wheel, bike} 2.189000000000e-02 -4.581000000000e-02 -0.000000000000e+00 0.000000000000e+00 2.474400000000e-01 7.312000000000e-02 8.669800000000e-01 0.000000000000e+00 -0.000000000000e+00 0.000000000000e+00 4.927500000000e-01 7.448000000000e-02
{5} 3.000000000000e+01 {Front contact patch} 1.397160000000e+00 6.511000000000e-02 0.000000000000e+00 0.000000000000e+00 2.410000000000e-03 2.317000000000e-02 -3.166500000000e-01 -9.729000000000e-02 -0.000000000000e+00 0.000000000000e+00 9.435400000000e-01 0.000000000000e+00
{5} 3.000000000000e+01 {Rear contact patch} -1.049900000000e-01 -2.664000000000e-02 -0.000000000000e+00 0.000000000000e+00 1.736800000000e-01 7.312000000000e-02 8.669800000000e-01 0.000000000000e+00 -0.000000000000e+00 0.000000000000e+00 4.927500000000e-01 7.448000000000e-02
{5} 3.000000000000e+01 {Lower left arm} 1.120750000000e+00 -5.479000000000e-02 2.194100000000e-01 -8.650000000000e-03 2.215500000000e-01 -8.910000000000e-03 -9.192000000000e-02 1.125100000000e-01 -2.546000000000e-01 1.402000000000e-02 9.559700000000e-01 0.000000000000e+00
{5} 3.000000000000e+01 {Upper left arm} 1.133880000000e+00 -6.040000000000e-02 2.551900000000e-01 -1.264000000000e-02 3.384700000000e-01 -1.111000000000e-02 -1.179000000000e-01 1.503400000000e-01 -3.343900000000e-01 2.512000000000e-02 9.225200000000e-01 0.000000000000e+00
{5} 3.000000000000e+01 {Lower right arm} 1.120750000000e+00 -5.479000000000e-02 -2.194100000000e-01 8.650000000000e-03 2.215500000000e-01 -8.910000000000e-03 -9.192000000000e-02 1.125100000000e-01 2.546000000000e-01 -1.402000000000e-02 9.559700000000e-01 0.000000000000e+00
{5} 3.000000000000e+01 {Upper right arm} 1.133880000000e+00 -6.040000000000e-02 -2.551900000000e-01 1.264000000000e-02 3.384700000000e-01 -1.111000000000e-02 -1.179000000000e-01 1.503400000000e-01 3.343900000000e-01 -2.512000000000e-02 9.225200000000e-01 0.000000000000e+00
{6} 3.000000000000e+01 {Frame} 6.063700000000e-01 5.714000000000e-02 0.000000000000e+00 0.000000000000e+00 5.805900000000e-01 -1.168900000000e-01 8.669800000000e-01 0.000000000000e+00 0.000000000000e+00 0.000000000000e+00 4.927500000000e-01 -7.448000000000e-02
{6} 3.000000000000e+01 {Upper body} 6.939600000000e-01 1.002500000000e-01 0.000000000000e+00 0.000000000000e+00 6.340800000000e-01 -9.992000000000e-02 8.669800000000e-01 0.000000000000e+00 0.000000000000e+00 0.000000000000e+00 4.927500000000e-01 -7.448000000000e-02
{6} 3.000000000000e+01 {Upper fork} 1.139570000000e+00 5.590000000000e-03 0.000000000000e+00 0.000000000000e+00 7.612100000000e-01 -6.400000000000e-04 -3.170300000000e-01 9.731000000000e-02 0.000000000000e+00 0.000000000000e+00 9.434100000000e-01 0.000000000000e+00
{6} 3.000000000000e+01 {Lower fork} 1.295420000000e+00 -3.537000000000e-02 0.000000000000e+00 0.000000000000e+00 3.043000000000e-01 -1.904000000000e-02 -3.166500000000e-01 9.729000000000e-02 -0.000000000000e+00 0.000000000000e+00 9.435400000000e-01 0.000000000000e+00
{6} 3.000000000000e+01 {Swing arm} 1.753200000000e-01 4.674000000000e-02 -0.000000000000e+00 0.000000000000e+00 3.347200000000e-01 -8.577000000000e-02 8.669800000000e-01 0.000000000000e+00 0.000000000000e+00 0.000000000000e+00 4.927500000000e-01 -7.448000000000e-02
{6} 3.000000000000e+01 {Bell crank} 3.390900000000e-01 3.779000000000e-02 -0.000000000000e+00 0.000000000000e+00 4.270300000000e-01 -1.049300000000e-01 8.669800000000e-01 0.000000000000e+00 0.000000000000e+00 0.000000000000e+00 4.927500000000e-01 -7.448000000000e-02
{6} 3.000000000000e+01 {Front wheel, bike} 1.312910000000e+00 -3.922000000000e-02 0.000000000000e+00 0.000000000000e+00 2.534600000000e-01 -2.317000000000e-02 -3.166500000000e-01 9.729000000000e-02 -0.000000000000e+00 0.000000000000e+00 9.435400000000e-01 0.000000000000e+00
{6} 3.000000000000e+01 {Rear wheel, bike} 2.189000000000e-02 4.581000000000e-02 -0.000000000000e+00 0.000000000000e+00 2.474400000000e-01 -7.312000000000e-02 8.669800000000e-01 0.000000000000e+00 -0.000000000000e+00 0.000000000000e+00 4.927500000000e-01 -7.448000000000e-02
{6} 3.000000000000e+01 {Front contact patch} 1.397160000000e+00 -6.511000000000e-02 0.000000000000e+00 0.000000000000e+00 2.410000000000e-03 -2.317000000000e-02 -3.166500000000e-01 9.729000000000e-02 -0.000000000000e+00 0.000000000000e+00 9.435400000000e-01 0.000000000000e+00
{6} 3.000000000000e+01 {Rear contact patch} -1.049900000000e-01 2.664000000000e-02 -0.000000000000e+00 0.000000000000e+00 1.736800000000e-01 -7.312000000000e-02 8.669800000000e-01 0.000000000000e+00 -0.000000000000e+00 0.000000000000e+00 4.927500000000e-01 -7.448000000000e-02
{6} 3.000000000000e+01 {Lower left arm} 1.120750000000e+00 5.479000000000e-02 2.194100000000e-01 8.650000000000e-03 2.215500000000e-01 8.910000000000e-03 -9.192000000000e-02 -1.125100000000e-01 -2.546000000000e-01 -1.402000000000e-02 9.559700000000e-01 0.000000000000e+00
{6} 3.000000000000e+01 {Upper left arm} 1.133880000000e+00 6.040000000000e-02 2.551900000000e-01 1.264000000000e-02 3.384700000000e-01 1.111000000000e-02 -1.179000000000e-01 -1.503400000000e-01 -3.343900000000e-01 -2.512000000000e-02 9.225200000000e-01 0.000000000000e+00
{6} 3.000000000000e+01 {Lower right arm} 1.120750000000e+00 5.479000000000e-02 -2.194100000000e-01 -8.650000000000e-03 2.215500000000e-01 8.910000000000e-03 -9.192000000000e-02 -1.125100000000e-01 2.546000000000e-01 1.402000000000e-02 9.559700000000e-01 0.000000000000e+00
{6} 3.000000000000e+01 {Upper right arm} 1.133880000000e+00 6.040000000000e-02 -2.551900000000e-01 -1.264000000000e-02 3.384700000000e-01 1.111000000000e-02 -1.179000000000e-01 -1.503400000000e-01 3.343900000000e-01 2.512000000000e-02 9.225200000000e-01 0.000000000000e+00
{7} 3.000000000000e+01 {Frame} 5.716600000000e-01 0.000000000000e+00 -0.000000000000e+00 0.000000000000e+00 5.056900000000e-01 0.000000000000e+00 2.990300000000e-01 0.000000000000e+00 -0.000000000000e+00 0.000000000000e+00 9.542400000000e-01 0.000000000000e+00
{7} 3.000000000000e+01 {Upper body} 7.386500000000e-01 0.000000000000e+00 -0.000000000000e+00 0.000000000000e+00 1.038580000000e+00 0.000000000000e+00 2.990300000000e-01 0.000000000000e+00 -0.000000000000e+00 0.000000000000e+00 9.542400000000e-01 0.000000000000e+00
{7} 3.000000000000e+01 {Upper fork} 1.377920000000e+00 0.000000000000e+00 -0.000000000000e+00 0.000000000000e+00 1.158990000000e+00 0.000000000000e+00 8.762400000000e-01 0.000000000000e+00 -0.000000000000e+00 0.000000000000e+00 -4.818800000000e-01 0.000000000000e+00
{7} 3.000000000000e+01 {Lower fork} 1.721290000000e+00 0.000000000000e+00 0.000000000000e+00 0.000000000000e+00 9.711000000000e-01 0.000000000000e+00 8.759900000000e-01 0.000000000000e+00 -0.000000000000e+00 0.000000000000e+00 -4.823200000000e-01 0.000000000000e+00
{7} 3.000000000000e+01 {Swing arm} 4.826000000000e-01 0.000000000000e+00 -0.000000000000e+00 0.000000000000e+00 2.214900000000e-01 0.000000000000e+00 2.990300000000e-01 0.000000000000e+00 -0.000000000000e+00 0.000000000000e+00 9.542400000000e-01 0.000000000000e+00
{7} 3.000000000000e+01 {Bell crank} 4.695800000000e-01 0.000000000000e+00 -0.000000000000e+00 0.000000000000e+00 1.799600000000e-01 0.000000000000e+00 2.990300000000e-01 0.000000000000e+00 -0.000000000000e+00 0.000000000000e+00 9.542400000000e-01 0.000000000000e+00
{7} 3.000000000000e+01 {Front wheel, bike} 1.773570000000e+00 0.000000000000e+00 0.000000000000e+00 0.000000000000e+00 9.423100000000e-01 0.000000000000e+00 8.759900000000e-01 0.000000000000e+00 0.000000000000e+00 0.000000000000e+00 -4.823200000000e-01 0.000000000000e+00
{7} 3.000000000000e+01 {Rear wheel, bike} 4.609900000000e-01 0.000000000000e+00 -0.000000000000e+00 0.000000000000e+00 1.525400000000e-01 0.000000000000e+00 2.990300000000e-01 0.000000000000e+00 0.000000000000e+00 0.000000000000e+00 9.542400000000e-01 0.000000000000e+00
{7} 3.000000000000e+01 {Front contact patch} 1.892720000000e+00 0.000000000000e+00 0.000000000000e+00 0.000000000000e+00 8.767100000000e-01 0.000000000000e+00 8.759900000000e-01 0.000000000000e+00 0.000000000000e+00 0.000000000000e+00 -4.823200000000e-01 0.000000000000e+00
{7} 3.000000000000e+01 {Rear contact patch} 3.762400000000e-01 0.000000000000e+00 -0.000000000000e+00 0.000000000000e+00 -1.179000000000e-01 0.000000000000e+00 2.990300000000e-01 0.000000000000e+00 0.000000000000e+00 0.000000000000e+00 9.542400000000e-01 0.000000000000e+00
{7} 3.000000000000e+01 {Lower left arm} 8.105700000000e-01 0.000000000000e+00 1.200000000000e-01 0.000000000000e+00 2.381100000000e-01 0.000000000000e+00 1.291800000000e-01 0.000000000000e+00 -1.423500000000e-01 0.000000000000e+00 9.813500000000e-01 0.000000000000e+00
{7} 3.000000000000e+01 {Upper left arm} 7.891700000000e-01 0.000000000000e+00 1.231200000000e-01 0.000000000000e+00 3.452200000000e-01 0.000000000000e+00 1.500900000000e-01 0.000000000000e+00 -1.653800000000e-01 0.000000000000e+00 9.747400000000e-01 0.000000000000e+00
{7} 3.000000000000e+01 {Lower right arm} 8.105700000000e-01 0.000000000000e+00 -1.200000000000e-01 0.000000000000e+00 2.381100000000e-01 0.000000000000e+00 1.291800000000e-01 0.000000000000e+00 1.423500000000e-01 0.000000000000e+00 9.813500000000e-01 0.000000000000e+00
{7} 3.000000000000e+01 {Upper right arm} 7.891700000000e-01 0.000000000000e+00 -1.231200000000e-01 0.000000000000e+00 3.452200000000e-01 0.000000000000e+00 1.500900000000e-01 0.000000000000e+00 1.653800000000e-01 0.000000000000e+00 9.747400000000e-01 0.000000000000e+00
{8} 3.000000000000e+01 {Frame} 7.942200000000e-01 0.000000000000e+00 0.000000000000e+00 0.000000000000e+00 6.363000000000e-01 0.000000000000e+00 -8.154800000000e-01 0.000000000000e+00 -0.000000000000e+00 0.000000000000e+00 5.787800000000e-01 0.000000000000e+00
{8} 3.000000000000e+01 {Upper body} 3.042900000000e-01 0.000000000000e+00 -0.000000000000e+00 0.000000000000e+00 9.840200000000e-01 0.000000000000e+00 -8.154800000000e-01 0.000000000000e+00 -0.000000000000e+00 0.000000000000e+00 5.787800000000e-01 0.000000000000e+00
{8} 3.000000000000e+01 {Upper fork} 1.495650000000e+00 0.000000000000e+00 0.000000000000e+00 0.000000000000e+00 7.237400000000e-01 0.000000000000e+00 -1.381400000000e-01 0.000000000000e+00 -0.000000000000e+00 0.000000000000e+00 -9.904100000000e-01 0.000000000000e+00
{8} 3.000000000000e+01 {Lower fork} 1.439100000000e+00 0.000000000000e+00 -0.000000000000e+00 0.000000000000e+00 3.136200000000e-01 0.000000000000e+00 -1.387200000000e-01 0.000000000000e+00 -0.000000000000e+00 0.000000000000e+00 -9.903300000000e-01 0.000000000000e+00
{8} 3.000000000000e+01 {Swing arm} 5.497900000000e-01 0.000000000000e+00 0.000000000000e+00 0.000000000000e+00 8.097800000000e-01 0.000000000000e+00 -8.154800000000e-01 0.000000000000e+00 -0.000000000000e+00 0.000000000000e+00 5.787800000000e-01 0.000000000000e+00
{8} 3.000000000000e+01 {Bell crank} 8.124600000000e-01 0.000000000000e+00 0.000000000000e+00 0.000000000000e+00 6.233500000000e-01 0.000000000000e+00 -8.154800000000e-01 0.000000000000e+00 -0.000000000000e+00 0.000000000000e+00 5.787800000000e-01 0.000000000000e+00
{8} 3.000000000000e+01 {Front wheel, bike} 1.434200000000e+00 0.000000000000e+00 -0.000000000000e+00 0.000000000000e+00 2.786100000000e-01 0.000000000000e+00 -1.387200000000e-01 0.000000000000e+00 0.000000000000e+00 0.000000000000e+00 -9.903300000000e-01 0.000000000000e+00
{8} 3.000000000000e+01 {Rear wheel, bike} 4.262000000000e-01 0.000000000000e+00 0.000000000000e+00 0.000000000000e+00 8.975000000000e-01 0.000000000000e+00 -8.154800000000e-01 0.000000000000e+00 0.000000000000e+00 0.000000000000e+00 5.787800000000e-01 0.000000000000e+00
{8} 3.000000000000e+01 {Front contact patch} 1.395460000000e+00 0.000000000000e+00 0.000000000000e+00 0.000000000000e+00 2.040000000000e-03 0.000000000000e+00 -1.387200000000e-01 0.000000000000e+00 0.000000000000e+00 0.000000000000e+00 -9.903300000000e-01 0.000000000000e+00
{8} 3.000000000000e+01 {Rear contact patch} 5.663800000000e-01 0.000000000000e+00 -0.000000000000e+00 0.000000000000e+00 7.980100000000e-01 0.000000000000e+00 -8.154800000000e-01 0.000000000000e+00 0.000000000000e+00 0.000000000000e+00 5.787800000000e-01 0.000000000000e+00
{8} 3.000000000000e+01 {Lower left arm} 1.155250000000e+00 0.000000000000e+00 1.336400000000e-01 0.000000000000e+00 2.024400000000e-01 0.000000000000e+00 -3.822500000000e-01 0.000000000000e+00 -1.598000000000e-01 0.000000000000e+00 9.101400000000e-01 0.000000000000e+00
{8} 3.000000000000e+01 {Upper left arm} 1.137630000000e+00 0.000000000000e+00 1.367200000000e-01 0.000000000000e+00 2.906400000000e-01 0.000000000000e+00 -4.459600000000e-01 0.000000000000e+00 -1.864300000000e-01 0.000000000000e+00 8.754200000000e-01 0.000000000000e+00
{8} 3.000000000000e+01 {Lower right arm} 1.155250000000e+00 0.000000000000e+00 -1.336400000000e-01 0.000000000000e+00 2.024400000000e-01 0.000000000000e+00 -3.822500000000e-01 0.000000000000e+00 1.598000000000e-01 0.000000000000e+00 9.101400000000e-01 0.000000000000e+00
{8} 3.000000000000e+01 {Upper right arm} 1.137630000000e+00 0.000000000000e+00 -1.367200000000e-01 0.000000000000e+00 2.906400000000e-01 0.000000000000e+00 -4.459600000000e-01 0.000000000000e+00 1.864300000000e-01 0.000000000000e+00 8.754200000000e-01 0.000000000000e+00
{9} 3.000000000000e+01 {Frame} 3.880000000000e-03 -1.352000000000e-02 0.000000000000e+00 0.000000000000e+00 5.234800000000e-01 3.300000000000e-04 0.000000000000e+00 0.000000000000e+00 1.000000000000e+00 0.000000000000e+00 0.000000000000e+00 0.000000000000e+00
{9} 3.000000000000e+01 {Upper body} 3.880000000000e-03 -1.352000000000e-02 0.000000000000e+00 0.000000000000e+00 5.234800000000e-01 3.300000000000e-04 0.000000000000e+00 0.000000000000e+00 1.000000000000e+00 0.000000000000e+00 0.000000000000e+00 0.000000000000e+00
{9} 3.000000000000e+01 {Upper fork} 3.880000000000e-03 -1.352000000000e-02 0.000000000000e+00 0.000000000000e+00 5.234800000000e-01 3.300000000000e-04 -0.000000000000e+00 0.000000000000e+00 -9.999300000000e-01 1.166000000000e-02 -0.000000000000e+00 0.000000000000e+00
{9} 3.000000000000e+01 {Lower fork} 1.410000000000e+00 0.000000000000e+00 -0.000000000000e+00 0.000000000000e+00 5.234800000000e-01 3.300000000000e-04 0.000000000000e+00 0.000000000000e+00 1.000000000000e+00 0.000000000000e+00 0.000000000000e+00 0.000000000000e+00
{9} 3.000000000000e+01 {Swing arm} 0.000000000000e+00 0.000000000000e+00 0.000000000000e+00 0.000000000000e+00 5.245500000000e-01 -3.730000000000e-03 0.000000000000e+00 0.000000000000e+00 1.000000000000e+00 0.000000000000e+00 0.000000000000e+00 0.000000000000e+00
{9} 3.000000000000e+01 {Bell crank} -6.250000000000e-03 3.134000000000e-02 0.000000000000e+00 0.000000000000e+00 5.291500000000e-01 -2.795000000000e-02 0.000000000000e+00 0.000000000000e+00 1.000000000000e+00 0.000000000000e+00 0.000000000000e+00 0.000000000000e+00
{9} 3.000000000000e+01 {Front wheel, bike} 1.410000000000e+00 0.000000000000e+00 -0.000000000000e+00 0.000000000000e+00 1.314000000000e-02 -1.008000000000e-02 -0.000000000000e+00 0.000000000000e+00 1.000000000000e+00 0.000000000000e+00 -0.000000000000e+00 0.000000000000e+00
{9} 3.000000000000e+01 {Rear wheel, bike} -0.000000000000e+00 0.000000000000e+00 -0.000000000000e+00 0.000000000000e+00 1.644000000000e-02 -1.262000000000e-02 -0.000000000000e+00 0.000000000000e+00 1.000000000000e+00 0.000000000000e+00 -0.000000000000e+00 0.000000000000e+00
{9} 3.000000000000e+01 {Front contact patch} 1.410000000000e+00 0.000000000000e+00 -0.000000000000e+00 0.000000000000e+00 1.314000000000e-02 -1.008000000000e-02 -0.000000000000e+00 0.000000000000e+00 1.000000000000e+00 0.000000000000e+00 -0.000000000000e+00 0.000000000000e+00
{9} 3.000000000000e+01 {Rear contact patch} -0.000000000000e+00 0.000000000000e+00 0.000000000000e+00 0.000000000000e+00 1.644000000000e-02 -1.262000000000e-02 -0.000000000000e+00 0.000000000000e+00 1.000000000000e+00 0.000000000000e+00 -0.000000000000e+00 0.000000000000e+00
{9} 3.000000000000e+01 {Lower left arm} 1.211810000000e+00 3.200000000000e-04 1.562400000000e-01 0.000000000000e+00 1.463700000000e-01 5.500000000000e-04 -0.000000000000e+00 0.000000000000e+00 1.000000000000e+00 0.000000000000e+00 -0.000000000000e+00 0.000000000000e+00
{9} 3.000000000000e+01 {Upper left arm} 1.211810000000e+00 3.200000000000e-04 1.750000000000e-01 0.000000000000e+00 2.629500000000e-01 3.600000000000e-04 -0.000000000000e+00 0.000000000000e+00 1.000000000000e+00 0.000000000000e+00 -0.000000000000e+00 0.000000000000e+00
{9} 3.000000000000e+01 {Lower right arm} 1.211810000000e+00 3.200000000000e-04 -1.562400000000e-01 0.000000000000e+00 1.463700000000e-01 5.500000000000e-04 -0.000000000000e+00 0.000000000000e+00 1.000000000000e+00 0.000000000000e+00 -0.000000000000e+00 0.000000000000e+00
{9} 3.000000000000e+01 {Upper right arm} 1.211810000000e+00 3.200000000000e-04 -1.750000000000e-01 0.000000000000e+00 2.629500000000e-01 3.600000000000e-04 -0.000000000000e+00 0.000000000000e+00 1.000000000000e+00 0.000000000000e+00 -0.000000000000e+00 0.000000000000e+00
{10} 3.000000000000e+01 {Frame} 3.880000000000e-03 1.352000000000e-02 0.000000000000e+00 0.000000000000e+00 5.234800000000e-01 -3.300000000000e-04 0.000000000000e+00 0.000000000000e+00 1.000000000000e+00 0.000000000000e+00 0.000000000000e+00 0.000000000000e+00
{10} 3.000000000000e+01 {Upper body} 3.880000000000e-03 1.352000000000e-02 0.000000000000e+00 0.000000000000e+00 5.234800000000e-01 -3.300000000000e-04 0.000000000000e+00 0.000000000000e+00 1.000000000000e+00 0.000000000000e+00 0.000000000000e+00 0.000000000000e+00
{10} 3.000000000000e+01 {Upper fork} 3.880000000000e-03 1.352000000000e-02 0.000000000000e+00 0.000000000000e+00 5.234800000000e-01 -3.300000000000e-04 -0.000000000000e+00 0.000000000000e+00 -9.999300000000e-01 -1.166000000000e-02 -0.000000000000e+00 0.000000000000e+00
{10} 3.000000000000e+01 {Lower fork} 1.410000000000e+00 0.000000000000e+00 -0.000000000000e+00 0.000000000000e+00 5.234800000000e-01 -3.300000000000e-04 0.000000000000e+00 0.000000000000e+00 1.000000000000e+00 0.000000000000e+00 0.000000000000e+00 0.000000000000e+00
{10} 3.000000000000e+01 {Swing arm} 0.000000000000e+00 0.000000000000e+00 0.000000000000e+00 0.000000000000e+00 5.245500000000e-01 3.730000000000e-03 0.000000000000e+00 0.000000000000e+00 1.000000000000e+00 0.000000000000e+00 0.000000000000e+00 0.000000000000e+00
{10} 3.000000000000e+01 {Bell crank} -6.250000000000e-03 -3.134000000000e-02 0.000000000000e+00 0.000000000000e+00 5.291500000000e-01 2.795000000000e-02 0.000000000000e+00 0.000000000000e+00 1.000000000000e+00 0.000000000000e+00 0.000000000000e+00 0.000000000000e+00
{10} 3.000000000000e+01 {Front wheel, bike} 1.410000000000e+00 0.000000000000e+00 -0.000000000000e+00 0.000000000000e+00 1.314000000000e-02 1.008000000000e-02 -0.000000000000e+00 0.000000000000e+00 1.000000000000e+00 0.000000000000e+00 -0.000000000000e+00 0.000000000000e+00
{10} 3.000000000000e+01 {Rear wheel, bike} -0.000000000000e+00 0.000000000000e+00 -0.000000000000e+00 0.000000000000e+00 1.644000000000e-02 1.262000000000e-02 -0.000000000000e+00 0.000000000000e+00 1.000000000000e+00 0.000000000000e+00 -0.000000000000e+00 0.000000000000e+00
{10} 3.000000000000e+01 {Front contact patch} 1.410000000000e+00 0.000000000000e+00 -0.000000000000e+00 0.000000000000e+00 1.314000000000e-02 1.008000000000e-02 -0.000000000000e+00 0.000000000000e+00 1.000000000000e+00 0.000000000000e+00 -0.000000000000e+00 0.000000000000e+00
{10} 3.000000000000e+01 {Rear contact patch} -0.000000000000e+00 0.000000000000e+00 0.000000000000e+00 0.000000000000e+00 1.644000000000e-02 1.262000000000e-02 -0.000000000000e+00 0.000000000000e+00 1.000000000000e+00 0.000000000000e+00 -0.000000000000e+00 0.000000000000e+00
{10} 3.000000000000e+01 {Lower left arm} 1.211810000000e+00 -3.200000000000e-04 1.562400000000e-01 0.000000000000e+00 1.463700000000e-01 -5.500000000000e-04 -0.000000000000e+00 0.000000000000e+00 1.000000000000e+00 0.000000000000e+00 -0.000000000000e+00 0.000000000000e+00
{10} 3.000000000000e+01 {Upper left arm} 1.211810000000e+00 -3.200000000000e-04 1.750000000000e-01 0.000000000000e+00 2.629500000000e-01 -3.600000000000e-04 -0.000000000000e+00 0.000000000000e+00 1.000000000000e+00 0.000000000000e+00 -0.000000000000e+00 0.000000000000e+00
{10} 3.000000000000e+01 {Lower right arm} 1.211810000000e+00 -3.200000000000e-04 -1.562400000000e-01 0.000000000000e+00 1.463700000000e-01 -5.500000000000e-04 -0.000000000000e+00 0.000000000000e+00 1.000000000000e+00 0.000000000000e+00 -0.000000000000e+00 0.000000000000e+00
{10} 3.000000000000e+01 {Upper right arm} 1.211810000000e+00 -3.200000000000e-04 -1.750000000000e-01 0.000000000000e+00 2.629500000000e-01 -3.600000000000e-04 -0.000000000000e+00 0.000000000000e+00 1.000000000000e+00 0.000000000000e+00 -0.000000000000e+00 0.000000000000e+00
{11} 3.000000000000e+01 {Frame} 6.019300000000e-01 0.000000000000e+00 -0.000000000000e+00 0.000000000000e+00 2.070600000000e-01 0.000000000000e+00 -9.613700000000e-01 0.000000000000e+00 0.000000000000e+00 0.000000000000e+00 2.752700000000e-01 0.000000000000e+00
{11} 3.000000000000e+01 {Upper body} 1.822800000000e-01 0.000000000000e+00 -0.000000000000e+00 0.000000000000e+00 3.272200000000e-01 0.000000000000e+00 -9.613700000000e-01 0.000000000000e+00 0.000000000000e+00 0.000000000000e+00 2.752700000000e-01 0.000000000000e+00
{11} 3.000000000000e+01 {Upper fork} 9.501500000000e-01 0.000000000000e+00 -0.000000000000e+00 0.000000000000e+00 5.729100000000e-01 0.000000000000e+00 -6.776900000000e-01 0.000000000000e+00 -0.000000000000e+00 0.000000000000e+00 7.353500000000e-01 0.000000000000e+00
{11} 3.000000000000e+01 {Lower fork} 1.264880000000e+00 0.000000000000e+00 -0.000000000000e+00 0.000000000000e+00 2.317800000000e-01 0.000000000000e+00 -6.774900000000e-01 0.000000000000e+00 -0.000000000000e+00 0.000000000000e+00 7.355300000000e-01 0.000000000000e+00
{11} 3.000000000000e+01 {Swing arm} 1.991700000000e-01 0.000000000000e+00 -0.000000000000e+00 0.000000000000e+00 3.223800000000e-01 0.000000000000e+00 -9.613700000000e-01 0.000000000000e+00 0.000000000000e+00 0.000000000000e+00 2.752700000000e-01 0.000000000000e+00
{11} 3.000000000000e+01 {Bell crank} 5.100000000000e-01 0.000000000000e+00 -0.000000000000e+00 0.000000000000e+00 2.333800000000e-01 0.000000000000e+00 -9.613700000000e-01 0.000000000000e+00 0.000000000000e+00 0.000000000000e+00 2.752700000000e-01 0.000000000000e+00
{11} 3.000000000000e+01 {Front wheel, bike} 1.306460000000e+00 0.000000000000e+00 -0.000000000000e+00 0.000000000000e+00 1.866300000000e-01 0.000000000000e+00 -6.774900000000e-01 0.000000000000e+00 0.000000000000e+00 0.000000000000e+00 7.355300000000e-01 0.000000000000e+00
{11} 3.000000000000e+01 {Rear wheel, bike} 2.181000000000e-02 0.000000000000e+00 -0.000000000000e+00 0.000000000000e+00 3.731600000000e-01 0.000000000000e+00 -9.613700000000e-01 0.000000000000e+00 0.000000000000e+00 0.000000000000e+00 2.752700000000e-01 0.000000000000e+00
{11} 3.000000000000e+01 {Front contact patch} 1.446990000000e+00 0.000000000000e+00 -0.000000000000e+00 0.000000000000e+00 3.407000000000e-02 0.000000000000e+00 -6.774900000000e-01 0.000000000000e+00 0.000000000000e+00 0.000000000000e+00 7.355300000000e-01 0.000000000000e+00
{11} 3.000000000000e+01 {Rear contact patch} 1.004000000000e-01 0.000000000000e+00 -0.000000000000e+00 0.000000000000e+00 3.506600000000e-01 0.000000000000e+00 -9.613700000000e-01 0.000000000000e+00 0.000000000000e+00 0.000000000000e+00 2.752700000000e-01 0.000000000000e+00
{11} 3.000000000000e+01 {Lower left arm} 1.116060000000e+00 0.000000000000e+00 1.311000000000e-01 0.000000000000e+00 2.140600000000e-01 0.000000000000e+00 -6.591500000000e-01 0.000000000000e+00 2.265700000000e-01 0.000000000000e+00 -7.170700000000e-01 0.000000000000e+00
{11} 3.000000000000e+01 {Upper left arm} 1.161030000000e+00 0.000000000000e+00 1.064700000000e-01 0.000000000000e+00 2.400900000000e-01 0.000000000000e+00 -7.733800000000e-01 0.000000000000e+00 2.658400000000e-01 0.000000000000e+00 -5.755100000000e-01 0.000000000000e+00
{11} 3.000000000000e+01 {Lower right arm} 1.116060000000e+00 0.000000000000e+00 -1.311000000000e-01 0.000000000000e+00 2.140600000000e-01 0.000000000000e+00 -6.591500000000e-01 0.000000000000e+00 -2.265700000000e-01 0.000000000000e+00 -7.170700000000e-01 0.000000000000e+00
{11} 3.000000000000e+01 {Upper right arm} 1.161030000000e+00 0.000000000000e+00 -1.064700000000e-01 0.000000000000e+00 2.400900000000e-01 0.000000000000e+00 -7.733800000000e-01 0.000000000000e+00 -2.658400000000e-01 0.000000000000e+00 -5.755100000000e-01 0.000000000000e+00
{12} 3.000000000000e+01 {Frame} 6.215500000000e-01 0.000000000000e+00 0.000000000000e+00 0.000000000000e+00 -4.684400000000e-01 0.000000000000e+00 -9.982100000000e-01 0.000000000000e+00 -0.000000000000e+00 0.000000000000e+00 5.978000000000e-02 0.000000000000e+00
{12} 3.000000000000e+01 {Upper body} 3.197500000000e-01 0.000000000000e+00 0.000000000000e+00 0.000000000000e+00 -4.503600000000e-01 0.000000000000e+00 -9.982100000000e-01 0.000000000000e+00 -0.000000000000e+00 0.000000000000e+00 5.978000000000e-02 0.000000000000e+00
{12} 3.000000000000e+01 {Upper fork} 2.149970000000e+00 0.000000000000e+00 0.000000000000e+00 0.000000000000e+00 -4.708000000000e-02 0.000000000000e+00 -6.380800000000e-01 0.000000000000e+00 -0.000000000000e+00 0.000000000000e+00 -7.699700000000e-01 0.000000000000e+00
{12} 3.000000000000e+01 {Lower fork} 2.012660000000e+00 0.000000000000e+00 0.000000000000e+00 0.000000000000e+00 -2.128800000000e-01 0.000000000000e+00 -6.381900000000e-01 0.000000000000e+00 -0.000000000000e+00 0.000000000000e+00 -7.698800000000e-01 0.000000000000e+00
{12} 3.000000000000e+01 {Swing arm} 1.509900000000e-01 0.000000000000e+00 -0.000000000000e+00 0.000000000000e+00 -4.402500000000e-01 0.000000000000e+00 -9.982100000000e-01 0.000000000000e+00 -0.000000000000e+00 0.000000000000e+00 5.978000000000e-02 0.000000000000e+00
{12} 3.000000000000e+01 {Bell crank} 4.548300000000e-01 0.000000000000e+00 0.000000000000e+00 0.000000000000e+00 -4.584500000000e-01 0.000000000000e+00 -9.982100000000e-01 0.000000000000e+00 -0.000000000000e+00 0.000000000000e+00 5.978000000000e-02 0.000000000000e+00
{12} 3.000000000000e+01 {Front wheel, bike} 2.010350000000e+00 0.000000000000e+00 0.000000000000e+00 0.000000000000e+00 -2.156600000000e-01 0.000000000000e+00 -6.381900000000e-01 0.000000000000e+00 0.000000000000e+00 0.000000000000e+00 -7.698800000000e-01 0.000000000000e+00
{12} 3.000000000000e+01 {Rear wheel, bike} -4.346000000000e-02 0.000000000000e+00 -0.000000000000e+00 0.000000000000e+00 -4.286100000000e-01 0.000000000000e+00 -9.982100000000e-01 0.000000000000e+00 0.000000000000e+00 0.000000000000e+00 5.978000000000e-02 0.000000000000e+00
{12} 3.000000000000e+01 {Front contact patch} 1.871790000000e+00 0.000000000000e+00 0.000000000000e+00 0.000000000000e+00 -3.828100000000e-01 0.000000000000e+00 -6.381900000000e-01 0.000000000000e+00 0.000000000000e+00 0.000000000000e+00 -7.698800000000e-01 0.000000000000e+00
{12} 3.000000000000e+01 {Rear contact patch} -2.573000000000e-02 0.000000000000e+00 -0.000000000000e+00 0.000000000000e+00 -4.296700000000e-01 0.000000000000e+00 -9.982100000000e-01 0.000000000000e+00 0.000000000000e+00 0.000000000000e+00 5.978000000000e-02 0.000000000000e+00
{12} 3.000000000000e+01 {Lower left arm} 7.866500000000e-01 0.000000000000e+00 8.843000000000e-02 0.000000000000e+00 -2.615200000000e-01 0.000000000000e+00 -7.757500000000e-01 0.000000000000e+00 -1.421600000000e-01 0.000000000000e+00 6.148200000000e-01 0.000000000000e+00
{12} 3.000000000000e+01 {Upper left arm} 7.898600000000e-01 0.000000000000e+00 7.680000000000e-02 0.000000000000e+00 -3.042100000000e-01 0.000000000000e+00 -8.437100000000e-01 0.000000000000e+00 -1.546200000000e-01 0.000000000000e+00 5.140500000000e-01 0.000000000000e+00
{12} 3.000000000000e+01 {Lower right arm} 7.866500000000e-01 0.000000000000e+00 -8.843000000000e-02 0.000000000000e+00 -2.615200000000e-01 0.000000000000e+00 -7.757500000000e-01 0.000000000000e+00 1.421600000000e-01 0.000000000000e+00 6.148200000000e-01 0.000000000000e+00
{12} 3.000000000000e+01 {Upper right arm} 7.898600000000e-01 0.000000000000e+00 -7.680000000000e-02 0.000000000000e+00 -3.042100000000e-01 0.000000000000e+00 -8.437100000000e-01 0.000000000000e+00 1.546200000000e-01 0.000000000000e+00 5.140500000000e-01 0.000000000000e+00
{13} 3.000000000000e+01 {Frame} -1.582515000000e+01 -2.000000000000e-05 -9.818080000000e+00 1.449310750260e+06 3.152300000000e-01 -1.300000000000e-04 1.000000000000e-05 0.000000000000e+00 0.000000000000e+00 0.000000000000e+00 -1.000000000000e-05 -1.000000000000e+00
{13} 3.000000000000e+01 {Upper body} -1.582515000000e+01 -2.000000000000e-05 -9.843840000000e+00 1.449310750260e+06 1.056040000000e+00 -1.300000000000e-04 1.000000000000e-05 0.000000000000e+00 0.000000000000e+00 0.000000000000e+00 -1.000000000000e-05 -1.000000000000e+00
{13} 3.000000000000e+01 {Upper fork} -1.582515000000e+01 -4.000000000000e-05 -1.122092000000e+01 1.449310750230e+06 6.048000000000e-01 -1.400000000000e-04 1.000000000000e-05 0.000000000000e+00 0.000000000000e+00 0.000000000000e+00 -1.000000000000e-05 -1.000000000000e+00
{13} 3.000000000000e+01 {Lower fork} -1.582515000000e+01 -4.000000000000e-05 -1.110542000000e+01 1.449310750230e+06 1.624400000000e-01 -1.400000000000e-04 1.000000000000e-05 0.000000000000e+00 0.000000000000e+00 0.000000000000e+00 -1.000000000000e-05 -1.000000000000e+00
{13} 3.000000000000e+01 {Swing arm} -1.582515000000e+01 -2.000000000000e-05 -9.849560000000e+00 1.449310750260e+06 1.956800000000e-01 -1.300000000000e-04 1.000000000000e-05 0.000000000000e+00 0.000000000000e+00 0.000000000000e+00 -1.000000000000e-05 -1.000000000000e+00
{13} 3.000000000000e+01 {Bell crank} -1.582515000000e+01 -2.000000000000e-05 -9.820730000000e+00 1.449310750270e+06 3.344000000000e-02 -1.300000000000e-04 1.000000000000e-05 0.000000000000e+00 0.000000000000e+00 0.000000000000e+00 -1.000000000000e-05 -1.000000000000e+00
{13} 3.000000000000e+01 {Front wheel, bike} 1.410000000000e+00 0.000000000000e+00 -0.000000000000e+00 0.000000000000e+00 -0.000000000000e+00 0.000000000000e+00 0.000000000000e+00 0.000000000000e+00 1.000000000000e+00 0.000000000000e+00 -0.000000000000e+00 0.000000000000e+00
{13} 3.000000000000e+01 {Rear wheel, bike} -0.000000000000e+00 0.000000000000e+00 -0.000000000000e+00 0.000000000000e+00 -0.000000000000e+00 0.000000000000e+00 0.000000000000e+00 0.000000000000e+00 1.000000000000e+00 0.000000000000e+00 -0.000000000000e+00 0.000000000000e+00
{13} 3.000000000000e+01 {Front contact patch} 1.410000000000e+00 0.000000000000e+00 -0.000000000000e+00 0.000000000000e+00 -0.000000000000e+00 0.000000000000e+00 0.000000000000e+00 0.000000000000e+00 1.000000000000e+00 0.000000000000e+00 -0.000000000000e+00 0.000000000000e+00
{13} 3.000000000000e+01 {Rear contact patch} -0.000000000000e+00 0.000000000000e+00 -0.000000000000e+00 0.000000000000e+00 -0.000000000000e+00 0.000000000000e+00 0.000000000000e+00 0.000000000000e+00 1.000000000000e+00 0.000000000000e+00 -0.000000000000e+00 0.000000000000e+00
{13} 3.000000000000e+01 {Lower left arm} -1.582515000000e+01 -1.000000000000e-05 -8.561410000000e+00 1.449310750280e+06 1.457030000000e+00 -1.300000000000e-04 1.000000000000e-05 0.000000000000e+00 -0.000000000000e+00 0.000000000000e+00 -1.000000000000e-05 -1.000000000000e+00
{13} 3.000000000000e+01 {Upper left arm} -1.582515000000e+01 -1.000000000000e-05 -8.880180000000e+00 1.449310750280e+06 1.436570000000e+00 -1.300000000000e-04 1.000000000000e-05 0.000000000000e+00 -0.000000000000e+00 0.000000000000e+00 -1.000000000000e-05 -1.000000000000e+00
{13} 3.000000000000e+01 {Lower right arm} -1.582515000000e+01 -1.000000000000e-05 -8.496140000000e+00 1.449310750280e+06 4.975400000000e-01 -1.300000000000e-04 1.000000000000e-05 0.000000000000e+00 -0.000000000000e+00 0.000000000000e+00 -1.000000000000e-05 -1.000000000000e+00
{13} 3.000000000000e+01 {Upper right arm} -1.582515000000e+01 -1.000000000000e-05 -8.829760000000e+00 1.449310750280e+06 7.157700000000e-01 -1.300000000000e-04 1.000000000000e-05 0.000000000000e+00 -0.000000000000e+00 0.000000000000e+00 -1.000000000000e-05 -1.000000000000e+00
{14} 3.000000000000e+01 {Frame} -1.582515000000e+01 2.000000000000e-05 -9.818080000000e+00 -1.449310750260e+06 3.152300000000e-01 1.300000000000e-04 1.000000000000e-05 0.000000000000e+00 0.000000000000e+00 0.000000000000e+00 -1.000000000000e-05 1.000000000000e+00
{14} 3.000000000000e+01 {Upper body} -1.582515000000e+01 2.000000000000e-05 -9.843840000000e+00 -1.449310750260e+06 1.056040000000e+00 1.300000000000e-04 1.000000000000e-05 0.000000000000e+00 0.000000000000e+00 0.000000000000e+00 -1.000000000000e-05 1.000000000000e+00
{14} 3.000000000000e+01 {Upper fork} -1.582515000000e+01 4.000000000000e-05 -1.122092000000e+01 -1.449310750230e+06 6.048000000000e-01 1.400000000000e-04 1.000000000000e-05 0.000000000000e+00 0.000000000000e+00 0.000000000000e+00 -1.000000000000e-05 1.000000000000e+00
{14} 3.000000000000e+01 {Lower fork} -1.582515000000e+01 4.000000000000e-05 -1.110542000000e+01 -1.449310750230e+06 1.624400000000e-01 1.400000000000e-04 1.000000000000e-05 0.000000000000e+00 0.000000000000e+00 0.000000000000e+00 -1.000000000000e-05 1.000000000000e+00
{14} 3.000000000000e+01 {Swing arm} -1.582515000000e+01 2.000000000000e-05 -9.849560000000e+00 -1.449310750260e+06 1.956800000000e-01 1.300000000000e-04 1.000000000000e-05 0.000000000000e+00 0.000000000000e+00 0.000000000000e+00 -1.000000000000e-05 1.000000000000e+00
{14} 3.000000000000e+01 {Bell crank} -1.582515000000e+01 2.000000000000e-05 -9.820730000000e+00 -1.449310750270e+06 3.344000000000e-02 1.300000000000e-04 1.000000000000e-05 0.000000000000e+00 0.000000000000e+00 0.000000000000e+00 -1.000000000000e-05 1.000000000000e+00
{14} 3.000000000000e+01 {Front wheel, bike} 1.410000000000e+00 0.000000000000e+00 -0.000000000000e+00 0.000000000000e+00 -0.000000000000e+00 0.000000000000e+00 0.000000000000e+00 0.000000000000e+00 1.000000000000e+00 0.000000000000e+00 -0.000000000000e+00 0.000000000000e+00
{14} 3.000000000000e+01 {Rear wheel, bike} -0.000000000000e+00 0.000000000000e+00 -0.000000000000e+00 0.000000000000e+00 -0.000000000000e+00 0.000000000000e+00 0.000000000000e+00 0.000000000000e+00 1.000000000000e+00 0.000000000000e+00 -0.000000000000e+00 0.000000000000e+00
{14} 3.000000000000e+01 {Front contact patch} 1.410000000000e+00 0.000000000000e+00 -0.000000000000e+00 0.000000000000e+00 -0.000000000000e+00 0.000000000000e+00 0.000000000000e+00 0.000000000000e+00 1.000000000000e+00 0.000000000000e+00 -0.000000000000e+00 0.000000000000e+00
{14} 3.000000000000e+01 {Rear contact patch} -0.000000000000e+00 0.000000000000e+00 -0.000000000000e+00 0.000000000000e+00 -0.000000000000e+00 0.000000000000e+00 0.000000000000e+00 0.000000000000e+00 1.000000000000e+00 0.000000000000e+00 -0.000000000000e+00 0.000000000000e+00
{14} 3.000000000000e+01 {Lower left arm} -1.582515000000e+01 1.000000000000e-05 -8.561410000000e+00 -1.449310750280e+06 1.457030000000e+00 1.300000000000e-04 1.000000000000e-05 0.000000000000e+00 -0.000000000000e+00 0.000000000000e+00 -1.000000000000e-05 1.000000000000e+00
{14} 3.000000000000e+01 {Upper left arm} -1.582515000000e+01 1.000000000000e-05 -8.880180000000e+00 -1.449310750280e+06 1.436570000000e+00 1.300000000000e-04 1.000000000000e-05 0.000000000000e+00 -0.000000000000e+00 0.000000000000e+00 -1.000000000000e-05 1.000000000000e+00
{14} 3.000000000000e+01 {Lower right arm} -1.582515000000e+01 1.000000000000e-05 -8.496140000000e+00 -1.449310750280e+06 4.975400000000e-01 1.300000000000e-04 1.000000000000e-05 0.000000000000e+00 -0.000000000000e+00 0.000000000000e+00 -1.000000000000e-05 1.000000000000e+00
{14} 3.000000000000e+01 {Upper right arm} -1.582515000000e+01 1.000000000000e-05 -8.829760000000e+00 -1.449310750280e+06 7.157700000000e-01 1.300000000000e-04 1.000000000000e-05 0.000000000000e+00 -0.000000000000e+00 0.000000000000e+00 -1.000000000000e-05 1.000000000000e+00
{15} 3.000000000000e+01 {Frame} -1.457424000000e+01 0.000000000000e+00 -5.366930000000e+00 0.000000000000e+00 4.724000000000e-01 0.000000000000e+00 0.000000000000e+00 0.000000000000e+00 -0.000000000000e+00 0.000000000000e+00 1.000000000000e+00 0.000000000000e+00
{15} 3.000000000000e+01 {Upper body} -1.457424000000e+01 0.000000000000e+00 -5.366930000000e+00 0.000000000000e+00 1.140000000000e+00 0.000000000000e+00 0.000000000000e+00 0.000000000000e+00 -0.000000000000e+00 0.000000000000e+00 1.000000000000e+00 0.000000000000e+00
{15} 3.000000000000e+01 {Upper fork} -1.457424000000e+01 0.000000000000e+00 -5.366930000000e+00 0.000000000000e+00 7.700000000000e-01 0.000000000000e+00 0.000000000000e+00 0.000000000000e+00 -0.000000000000e+00 0.000000000000e+00 1.000000000000e+00 0.000000000000e+00
{15} 3.000000000000e+01 {Lower fork} -1.457424000000e+01 0.000000000000e+00 -5.366930000000e+00 0.000000000000e+00 3.240000000000e-01 0.000000000000e+00 0.000000000000e+00 0.000000000000e+00 -0.000000000000e+00 0.000000000000e+00 1.000000000000e+00 0.000000000000e+00
{15} 3.000000000000e+01 {Swing arm} -1.457424000000e+01 0.000000000000e+00 -5.366930000000e+00 0.000000000000e+00 3.113000000000e-01 0.000000000000e+00 0.000000000000e+00 0.000000000000e+00 -0.000000000000e+00 0.000000000000e+00 1.000000000000e+00 0.000000000000e+00
{15} 3.000000000000e+01 {Bell crank} -1.457424000000e+01 0.000000000000e+00 -5.366930000000e+00 0.000000000000e+00 1.727300000000e-01 0.000000000000e+00 0.000000000000e+00 0.000000000000e+00 -0.000000000000e+00 0.000000000000e+00 1.000000000000e+00 0.000000000000e+00
{15} 3.000000000000e+01 {Front wheel, bike} 1.192900000000e+00 0.000000000000e+00 -7.289000000000e-02 0.000000000000e+00 -3.392100000000e-01 0.000000000000e+00 0.000000000000e+00 0.000000000000e+00 -9.931900000000e-01 0.000000000000e+00 1.165400000000e-01 0.000000000000e+00
{15} 3.000000000000e+01 {Rear wheel, bike} -9.808000000000e-02 0.000000000000e+00 -3.612000000000e-02 0.000000000000e+00 -1.417900000000e-01 0.000000000000e+00 0.000000000000e+00 0.000000000000e+00 -9.966300000000e-01 0.000000000000e+00 8.203000000000e-02 0.000000000000e+00
{15} 3.000000000000e+01 {Front contact patch} 1.192900000000e+00 0.000000000000e+00 -4.025000000000e-02 0.000000000000e+00 -3.430400000000e-01 0.000000000000e+00 0.000000000000e+00 0.000000000000e+00 -9.931900000000e-01 0.000000000000e+00 1.165400000000e-01 0.000000000000e+00
{15} 3.000000000000e+01 {Rear contact patch} -9.808000000000e-02 0.000000000000e+00 -1.184000000000e-02 0.000000000000e+00 -1.437900000000e-01 0.000000000000e+00 0.000000000000e+00 0.000000000000e+00 -9.966300000000e-01 0.000000000000e+00 8.203000000000e-02 0.000000000000e+00
{15} 3.000000000000e+01 {Lower left arm} -1.457424000000e+01 0.000000000000e+00 -5.366930000000e+00 0.000000000000e+00 2.000000000000e-01 0.000000000000e+00 0.000000000000e+00 0.000000000000e+00 0.000000000000e+00 0.000000000000e+00 1.000000000000e+00 0.000000000000e+00
{15} 3.000000000000e+01 {Upper left arm} -1.457424000000e+01 0.000000000000e+00 -5.366930000000e+00 0.000000000000e+00 3.000000000000e-01 0.000000000000e+00 0.000000000000e+00 0.000000000000e+00 0.000000000000e+00 0.000000000000e+00 1.000000000000e+00 0.000000000000e+00
{15} 3.000000000000e+01 {Lower right arm} -1.457424000000e+01 0.000000000000e+00 -5.366930000000e+00 0.000000000000e+00 2.000000000000e-01 0.000000000000e+00 0.000000000000e+00 0.000000000000e+00 0.000000000000e+00 0.000000000000e+00 1.000000000000e+00 0.000000000000e+00
{15} 3.000000000000e+01 {Upper right arm} -1.457424000000e+01 0.000000000000e+00 -5.366930000000e+00 0.000000000000e+00 3.000000000000e-01 0.000000000000e+00 0.000000000000e+00 0.000000000000e+00 0.000000000000e+00 0.000000000000e+00 1.000000000000e+00 0.000000000000e+00
{16} 3.000000000000e+01 {Frame} -2.338270000000e+00 0.000000000000e+00 2.529250000000e+00 0.000000000000e+00 4.724000000000e-01 0.000000000000e+00 -0.000000000000e+00 0.000000000000e+00 -0.000000000000e+00 0.000000000000e+00 1.000000000000e+00 0.000000000000e+00
{16} 3.000000000000e+01 {Upper body} -2.338270000000e+00 0.000000000000e+00 2.529250000000e+00 0.000000000000e+00 1.140000000000e+00 0.000000000000e+00 -0.000000000000e+00 0.000000000000e+00 -0.000000000000e+00 0.000000000000e+00 1.000000000000e+00 0.000000000000e+00
{16} 3.000000000000e+01 {Upper fork} -2.338270000000e+00 0.000000000000e+00 2.529250000000e+00 0.000000000000e+00 7.700000000000e-01 0.000000000000e+00 -0.000000000000e+00 0.000000000000e+00 -0.000000000000e+00 0.000000000000e+00 1.000000000000e+00 0.000000000000e+00
{16} 3.000000000000e+01 {Lower fork} -2.338270000000e+00 0.000000000000e+00 2.529250000000e+00 0.000000000000e+00 3.240000000000e-01 0.000000000000e+00 -0.000000000000e+00 0.000000000000e+00 -0.000000000000e+00 0.000000000000e+00 1.000000000000e+00 0.000000000000e+00
{16} 3.000000000000e+01 {Swing arm} -2.338270000000e+00 0.000000000000e+00 2.529250000000e+00 0.000000000000e+00 3.113000000000e-01 0.000000000000e+00 -0.000000000000e+00 0.000000000000e+00 -0.000000000000e+00 0.000000000000e+00 1.000000000000e+00 0.000000000000e+00
{16} 3.000000000000e+01 {Bell crank} -2.338270000000e+00 0.000000000000e+00 2.529250000000e+00 0.000000000000e+00 1.727300000000e-01 0.000000000000e+00 -0.000000000000e+00 0.000000000000e+00 -0.000000000000e+00 0.000000000000e+00 1.000000000000e+00 0.000000000000e+00
{16} 3.000000000000e+01 {Front wheel, bike} 6.566000000000e-01 0.000000000000e+00 5.083800000000e-01 0.000000000000e+00 1.295590000000e+00 0.000000000000e+00 -0.000000000000e+00 0.000000000000e+00 -8.938700000000e-01 0.000000000000e+00 4.483300000000e-01 0.000000000000e+00
{16} 3.000000000000e+01 {Rear wheel, bike} -1.256710000000e+00 0.000000000000e+00 1.359360000000e+00 0.000000000000e+00 1.558070000000e+00 0.000000000000e+00 -0.000000000000e+00 0.000000000000e+00 -6.801100000000e-01 0.000000000000e+00 7.331100000000e-01 0.000000000000e+00
{16} 3.000000000000e+01 {Front contact patch} 6.566000000000e-01 0.000000000000e+00 6.213900000000e-01 0.000000000000e+00 1.238910000000e+00 0.000000000000e+00 -0.000000000000e+00 0.000000000000e+00 -8.938700000000e-01 0.000000000000e+00 4.483300000000e-01 0.000000000000e+00
{16} 3.000000000000e+01 {Rear contact patch} -1.256710000000e+00 0.000000000000e+00 1.507440000000e+00 0.000000000000e+00 1.398450000000e+00 0.000000000000e+00 -0.000000000000e+00 0.000000000000e+00 -6.801100000000e-01 0.000000000000e+00 7.331100000000e-01 0.000000000000e+00
{16} 3.000000000000e+01 {Lower left arm} -2.338270000000e+00 0.000000000000e+00 2.529250000000e+00 0.000000000000e+00 2.000000000000e-01 0.000000000000e+00 -0.000000000000e+00 0.000000000000e+00 0.000000000000e+00 0.000000000000e+00 1.000000000000e+00 0.000000000000e+00
{16} 3.000000000000e+01 {Upper left arm} -2.338270000000e+00 0.000000000000e+00 2.529250000000e+00 0.000000000000e+00 3.000000000000e-01 0.000000000000e+00 -0.000000000000e+00 0.000000000000e+00 0.000000000000e+00 0.000000000000e+00 1.000000000000e+00 0.000000000000e+00
{16} 3.000000000000e+01 {Lower right arm} -2.338270000000e+00 0.000000000000e+00 2.529250000000e+00 0.000000000000e+00 2.000000000000e-01 0.000000000000e+00 -0.000000000000e+00 0.000000000000e+00 0.000000000000e+00 0.000000000000e+00 1.000000000000e+00 0.000000000000e+00
{16} 3.000000000000e+01 {Upper right arm} -2.338270000000e+00 0.000000000000e+00 2.529250000000e+00 0.000000000000e+00 3.000000000000e-01 0.000000000000e+00 -0.000000000000e+00 0.000000000000e+00 0.000000000000e+00 0.000000000000e+00 1.000000000000e+00 0.000000000000e+00
{17} 3.000000000000e+01 {Frame} 5.109450000000e+00 0.000000000000e+00 5.852600000000e+00 0.000000000000e+00 4.724000000000e-01 0.000000000000e+00 -0.000000000000e+00 0.000000000000e+00 -0.000000000000e+00 0.000000000000e+00 1.000000000000e+00 0.000000000000e+00
{17} 3.000000000000e+01 {Upper body} 5.109450000000e+00 0.000000000000e+00 5.852600000000e+00 0.000000000000e+00 1.140000000000e+00 0.000000000000e+00 -0.000000000000e+00 0.000000000000e+00 -0.000000000000e+00 0.000000000000e+00 1.000000000000e+00 0.000000000000e+00
{17} 3.000000000000e+01 {Upper fork} 5.109450000000e+00 0.000000000000e+00 5.852600000000e+00 0.000000000000e+00 7.700000000000e-01 0.000000000000e+00 -0.000000000000e+00 0.000000000000e+00 -0.000000000000e+00 0.000000000000e+00 1.000000000000e+00 0.000000000000e+00
{17} 3.000000000000e+01 {Lower fork} 5.109450000000e+00 0.000000000000e+00 5.852600000000e+00 0.000000000000e+00 3.240000000000e-01 0.000000000000e+00 -0.000000000000e+00 0.000000000000e+00 -0.000000000000e+00 0.000000000000e+00 1.000000000000e+00 0.000000000000e+00
{17} 3.000000000000e+01 {Swing arm} 5.109450000000e+00 0.000000000000e+00 5.852600000000e+00 0.000000000000e+00 3.113000000000e-01 0.000000000000e+00 -0.000000000000e+00 0.000000000000e+00 -0.000000000000e+00 0.000000000000e+00 1.000000000000e+00 0.000000000000e+00
{17} 3.000000000000e+01 {Bell crank} 5.109450000000e+00 0.000000000000e+00 5.852600000000e+00 0.000000000000e+00 1.727300000000e-01 0.000000000000e+00 -0.000000000000e+00 0.000000000000e+00 -0.000000000000e+00 0.000000000000e+00 1.000000000000e+00 0.000000000000e+00
{17} 3.000000000000e+01 {Front wheel, bike} 1.495470000000e+00 0.000000000000e+00 1.352200000000e-01 0.000000000000e+00 -5.972500000000e-01 0.000000000000e+00 -0.000000000000e+00 0.000000000000e+00 9.883800000000e-01 0.000000000000e+00 1.520000000000e-01 0.000000000000e+00
{17} 3.000000000000e+01 {Rear wheel, bike} 4.163460000000e+00 0.000000000000e+00 4.769020000000e+00 0.000000000000e+00 2.570240000000e+00 0.000000000000e+00 -0.000000000000e+00 0.000000000000e+00 -4.302800000000e-01 0.000000000000e+00 9.026900000000e-01 0.000000000000e+00
{17} 3.000000000000e+01 {Front contact patch} 1.495470000000e+00 0.000000000000e+00 9.285000000000e-02 0.000000000000e+00 -6.037700000000e-01 0.000000000000e+00 -0.000000000000e+00 0.000000000000e+00 9.883800000000e-01 0.000000000000e+00 1.520000000000e-01 0.000000000000e+00
{17} 3.000000000000e+01 {Rear contact patch} 4.163460000000e+00 0.000000000000e+00 4.884380000000e+00 0.000000000000e+00 2.328230000000e+00 0.000000000000e+00 -0.000000000000e+00 0.000000000000e+00 -4.302800000000e-01 0.000000000000e+00 9.026900000000e-01 0.000000000000e+00
{17} 3.000000000000e+01 {Lower left arm} 5.109450000000e+00 0.000000000000e+00 5.852600000000e+00 0.000000000000e+00 2.000000000000e-01 0.000000000000e+00 -0.000000000000e+00 0.000000000000e+00 0.000000000000e+00 0.000000000000e+00 1.000000000000e+00 0.000000000000e+00
{17} 3.000000000000e+01 {Upper left arm} 5.109450000000e+00 0.000000000000e+00 5.852600000000e+00 0.000000000000e+00 3.000000000000e-01 0.000000000000e+00 -0.000000000000e+00 0.000000000000e+00 0.000000000000e+00 0.000000000000e+00 1.000000000000e+00 0.000000000000e+00
{17} 3.000000000000e+01 {Lower right arm} 5.109450000000e+00 0.000000000000e+00 5.852600000000e+00 0.000000000000e+00 2.000000000000e-01 0.000000000000e+00 -0.000000000000e+00 0.000000000000e+00 0.000000000000e+00 0.000000000000e+00 1.000000000000e+00 0.000000000000e+00
{17} 3.000000000000e+01 {Upper right arm} 5.109450000000e+00 0.000000000000e+00 5.852600000000e+00 0.000000000000e+00 3.000000000000e-01 0.000000000000e+00 -0.000000000000e+00 0.000000000000e+00 -0.000000000000e+00 0.000000000000e+00 1.000000000000e+00 0.000000000000e+00
{18} 3.000000000000e+01 {Frame} 1.095470000000e+00 0.000000000000e+00 -2.100640000000e+00 0.000000000000e+00 4.724000000000e-01 0.000000000000e+00 0.000000000000e+00 0.000000000000e+00 0.000000000000e+00 0.000000000000e+00 -1.000000000000e+00 0.000000000000e+00
{18} 3.000000000000e+01 {Upper body} 1.095470000000e+00 0.000000000000e+00 -2.100640000000e+00 0.000000000000e+00 1.140000000000e+00 0.000000000000e+00 0.000000000000e+00 0.000000000000e+00 0.000000000000e+00 0.000000000000e+00 -1.000000000000e+00 0.000000000000e+00
{18} 3.000000000000e+01 {Upper fork} 1.095470000000e+00 0.000000000000e+00 -2.100640000000e+00 0.000000000000e+00 7.700000000000e-01 0.000000000000e+00 0.000000000000e+00 0.000000000000e+00 0.000000000000e+00 0.000000000000e+00 -1.000000000000e+00 0.000000000000e+00
{18} 3.000000000000e+01 {Lower fork} 1.095470000000e+00 0.000000000000e+00 -2.100640000000e+00 0.000000000000e+00 3.240000000000e-01 0.000000000000e+00 0.000000000000e+00 0.000000000000e+00 0.000000000000e+00 0.000000000000e+00 -1.000000000000e+00 0.000000000000e+00
{18} 3.000000000000e+01 {Swing arm} 1.095470000000e+00 0.000000000000e+00 -2.100640000000e+00 0.000000000000e+00 3.113000000000e-01 0.000000000000e+00 0.000000000000e+00 0.000000000000e+00 0.000000000000e+00 0.000000000000e+00 -1.000000000000e+00 0.000000000000e+00
{18} 3.000000000000e+01 {Bell crank} 1.095470000000e+00 0.000000000000e+00 -2.100640000000e+00 0.000000000000e+00 1.727300000000e-01 0.000000000000e+00 0.000000000000e+00 0.000000000000e+00 0.000000000000e+00 0.000000000000e+00 -1.000000000000e+00 0.000000000000e+00
{18} 3.000000000000e+01 {Front wheel, bike} 1.278180000000e+00 0.000000000000e+00 -8.804000000000e-01 0.000000000000e+00 -7.544800000000e-01 0.000000000000e+00 0.000000000000e+00 0.000000000000e+00 7.621600000000e-01 0.000000000000e+00 -6.473900000000e-01 0.000000000000e+00
{18} 3.000000000000e+01 {Rear wheel, bike} 9.593900000000e-01 0.000000000000e+00 -1.839680000000e+00 0.000000000000e+00 9.898700000000e-01 0.000000000000e+00 0.000000000000e+00 0.000000000000e+00 -3.524600000000e-01 0.000000000000e+00 -9.358300000000e-01 0.000000000000e+00
{18} 3.000000000000e+01 {Front contact patch} 1.278180000000e+00 0.000000000000e+00 -7.412600000000e-01 0.000000000000e+00 -8.726700000000e-01 0.000000000000e+00 0.000000000000e+00 0.000000000000e+00 7.621600000000e-01 0.000000000000e+00 -6.473900000000e-01 0.000000000000e+00
{18} 3.000000000000e+01 {Rear contact patch} 9.593900000000e-01 0.000000000000e+00 -1.937650000000e+00 0.000000000000e+00 7.297700000000e-01 0.000000000000e+00 0.000000000000e+00 0.000000000000e+00 -3.524600000000e-01 0.000000000000e+00 -9.358300000000e-01 0.000000000000e+00
{18} 3.000000000000e+01 {Lower left arm} 1.095470000000e+00 0.000000000000e+00 -2.100640000000e+00 0.000000000000e+00 2.000000000000e-01 0.000000000000e+00 0.000000000000e+00 0.000000000000e+00 -0.000000000000e+00 0.000000000000e+00 -1.000000000000e+00 0.000000000000e+00
{18} 3.000000000000e+01 {Upper left arm} 1.095470000000e+00 0.000000000000e+00 -2.100640000000e+00 0.000000000000e+00 3.000000000000e-01 0.000000000000e+00 0.000000000000e+00 0.000000000000e+00 -0.000000000000e+00 0.000000000000e+00 -1.000000000000e+00 0.000000000000e+00
{18} 3.000000000000e+01 {Lower right arm} 1.095470000000e+00 0.000000000000e+00 -2.100640000000e+00 0.000000000000e+00 2.000000000000e-01 0.000000000000e+00 0.000000000000e+00 0.000000000000e+00 -0.000000000000e+00 0.000000000000e+00 -1.000000000000e+00 0.000000000000e+00
{18} 3.000000000000e+01 {Upper right arm} 1.095470000000e+00 0.000000000000e+00 -2.100640000000e+00 0.000000000000e+00 3.000000000000e-01 0.000000000000e+00 0.000000000000e+00 0.000000000000e+00 -0.000000000000e+00 0.000000000000e+00 -1.000000000000e+00 0.000000000000e+00

