%%% Deflection
num name type x y z 
{1} {Frame} translation 3.36100000e-04 0.00000000e+00 -5.13766900e-02
{ } { } rotation 0.00000000e+00 -1.67100500e-02 -0.00000000e+00
{2} {Upper body} translation -1.08195300e-02 -0.00000000e+00 -5.57697600e-02
{ } { } rotation 0.00000000e+00 -1.67100500e-02 -0.00000000e+00
{3} {Upper fork} translation -4.63681000e-03 -0.00000000e+00 -4.32539400e-02
{ } { } rotation -0.00000000e+00 -1.67100500e-02 0.00000000e+00
{4} {Lower fork} translation 2.81587000e-03 0.00000000e+00 -7.51950000e-04
{ } { } rotation -0.00000000e+00 -1.67100500e-02 0.00000000e+00
{5} {Swing arm} translation -2.62559000e-03 0.00000000e+00 -1.91111100e-02
{ } { } rotation 0.00000000e+00 9.75056700e-02 -0.00000000e+00
{6} {Bell crank} translation -3.10540000e-04 0.00000000e+00 -3.70724500e-02
{ } { } rotation 0.00000000e+00 3.58560720e-01 -0.00000000e+00
{7} {Front wheel, bike} translation 3.51769000e-03 0.00000000e+00 0.00000000e+00
{ } { } rotation -0.00000000e+00 4.77030000e-04 0.00000000e+00
{8} {Rear wheel, bike} translation -4.01992000e-03 0.00000000e+00 0.00000000e+00
{ } { } rotation 0.00000000e+00 -5.71740000e-04 -0.00000000e+00
{9} {Front contact patch} translation 3.38317000e-03 -0.00000000e+00 0.00000000e+00
{ } { } rotation -0.00000000e+00 4.77030000e-04 0.00000000e+00
{10} {Rear contact patch} translation -3.85011000e-03 0.00000000e+00 0.00000000e+00
{ } { } rotation 0.00000000e+00 -5.71740000e-04 -0.00000000e+00
{11} {Lower left arm} translation 4.88792000e-03 -0.00000000e+00 -2.40833400e-02
{ } { } rotation 0.00000000e+00 -2.12426370e-01 -0.00000000e+00
{12} {Upper left arm} translation 3.21691000e-03 -0.00000000e+00 -2.40833400e-02
{ } { } rotation 0.00000000e+00 -2.12426370e-01 -0.00000000e+00
{13} {Lower right arm} translation 4.88792000e-03 -0.00000000e+00 -2.40833400e-02
{ } { } rotation 0.00000000e+00 -2.12426370e-01 -0.00000000e+00
{14} {Upper right arm} translation 3.21691000e-03 -0.00000000e+00 -2.40833400e-02
{ } { } rotation 0.00000000e+00 -2.12426370e-01 -0.00000000e+00
