%%% Preload
num name type fx fy fz fxyz 
{1} {Rear axle} force 0.00000000e+00 -0.00000000e+00 1.17621944e+03 1.17621944e+03
{} {} moment -0.00000000e+00 0.00000000e+00 -0.00000000e+00 0.00000000e+00
{2} {Swing arm pivot} force -2.34917193e+03 0.00000000e+00 1.25527100e+03 2.66351535e+03
{} {} moment 0.00000000e+00 0.00000000e+00 0.00000000e+00 0.00000000e+00
{3} {Bell crank pivot} force 2.62610188e+03 0.00000000e+00 -3.38620670e+02 2.64784347e+03
{} {} moment -0.00000000e+00 0.00000000e+00 -0.00000000e+00 0.00000000e+00
{4} {Seat} force -0.00000000e+00 0.00000000e+00 3.30400800e+02 3.30400800e+02
{} {} moment 0.00000000e+00 -1.68504400e+01 -0.00000000e+00 1.68504400e+01
{5} {Steering head} force 4.24580210e+02 0.00000000e+00 -8.91826660e+02 9.87736375e+02
{} {} moment -0.00000000e+00 1.86860500e+01 -0.00000000e+00 1.86860500e+01
{6} {Front axle} force -0.00000000e+00 0.00000000e+00 1.10019106e+03 1.10019106e+03
{} {} moment -0.00000000e+00 0.00000000e+00 0.00000000e+00 0.00000000e+00
{7} {Front contact patch constraint} force 0.00000000e+00 0.00000000e+00 0.00000000e+00 0.00000000e+00
{} {} moment 0.00000000e+00 -0.00000000e+00 -0.00000000e+00 0.00000000e+00
{8} {Rear contact patch constraint} force -0.00000000e+00 0.00000000e+00 0.00000000e+00 0.00000000e+00
{} {} moment -0.00000000e+00 0.00000000e+00 0.00000000e+00 0.00000000e+00
{9} {Front tire, sidewall} force -0.00000000e+00 -0.00000000e+00 -0.00000000e+00 0.00000000e+00
{} {} moment -0.00000000e+00 -0.00000000e+00 -0.00000000e+00 0.00000000e+00
{10} {Rear tire, sidewall} force -0.00000000e+00 -0.00000000e+00 -0.00000000e+00 0.00000000e+00
{} {} moment -0.00000000e+00 -0.00000000e+00 -0.00000000e+00 0.00000000e+00
{11} {Front tire, vertical} force 0.00000000e+00 0.00000000e+00 1.21693006e+03 1.21693006e+03
{} {} moment 0.00000000e+00 0.00000000e+00 0.00000000e+00 0.00000000e+00
{12} {Rear tire, vertical} force 0.00000000e+00 0.00000000e+00 1.32042644e+03 1.32042644e+03
{} {} moment 0.00000000e+00 0.00000000e+00 0.00000000e+00 0.00000000e+00
{13} {Lower left rear joint} force -1.80100660e+02 1.01288610e+02 9.81000000e+00 2.06861950e+02
{} {} moment -0.00000000e+00 0.00000000e+00 0.00000000e+00 0.00000000e+00
{14} {Lower left front joint} force 1.80100660e+02 -1.01288610e+02 9.81000000e+00 2.06861950e+02
{} {} moment 0.00000000e+00 0.00000000e+00 0.00000000e+00 0.00000000e+00
{15} {Upper left rear joint} force -3.21894400e+01 2.41420800e+01 9.81000000e+00 4.14154099e+01
{} {} moment 0.00000000e+00 0.00000000e+00 0.00000000e+00 0.00000000e+00
{16} {Upper left front joint} force 3.21894400e+01 -2.41420800e+01 9.81000000e+00 4.14154099e+01
{} {} moment 0.00000000e+00 0.00000000e+00 0.00000000e+00 0.00000000e+00
{17} {Lower right rear joint} force -1.80100660e+02 -1.01288610e+02 9.81000000e+00 2.06861950e+02
{} {} moment 0.00000000e+00 0.00000000e+00 0.00000000e+00 0.00000000e+00
{18} {Lower right front joint} force 1.80100660e+02 1.01288610e+02 9.81000000e+00 2.06861950e+02
{} {} moment 0.00000000e+00 0.00000000e+00 0.00000000e+00 0.00000000e+00
{19} {Upper right rear joint} force -3.21894400e+01 -2.41420800e+01 9.81000000e+00 4.14154099e+01
{} {} moment -0.00000000e+00 0.00000000e+00 0.00000000e+00 0.00000000e+00
{20} {Upper right front joint} force 3.21894400e+01 2.41420800e+01 9.81000000e+00 4.14154099e+01
{} {} moment 0.00000000e+00 0.00000000e+00 0.00000000e+00 0.00000000e+00
{21} {Front tire, lateral} force 0.00000000e+00 0.00000000e+00 0.00000000e+00 0.00000000e+00
{} {} moment 0.00000000e+00 0.00000000e+00 0.00000000e+00 0.00000000e+00
{22} {Rear tire, lateral} force -0.00000000e+00 -0.00000000e+00 -0.00000000e+00 0.00000000e+00
{} {} moment -0.00000000e+00 -0.00000000e+00 -0.00000000e+00 0.00000000e+00
{23} {Front tire, longitudinal} force -0.00000000e+00 -0.00000000e+00 -0.00000000e+00 0.00000000e+00
{} {} moment -0.00000000e+00 -0.00000000e+00 -0.00000000e+00 0.00000000e+00
{24} {Rear tire, longitudinal} force -0.00000000e+00 -0.00000000e+00 -0.00000000e+00 0.00000000e+00
{} {} moment -0.00000000e+00 -0.00000000e+00 -0.00000000e+00 0.00000000e+00
{25} {Rear spring} force 2.76929950e+02 -0.00000000e+00 2.01438978e+03 -2.03333626e+03
{26} {Right front spring} force -2.12290100e+02 -0.00000000e+00 4.94914280e+02 -5.38523200e+02
{27} {Left front spring} force -2.12290100e+02 -0.00000000e+00 4.94914280e+02 -5.38523200e+02
{28} {Pull rod (dogbone)} force 2.34917193e+03 0.00000000e+00 -2.35301044e+03 3.32494615e+03
{29} {Steering shaft} moment 0.00000000e+00 -0.00000000e+00 -0.00000000e+00 -0.00000000e+00
