   0.0000000000000000e+00   0.0000000000000000e+00
   1.5467022309381600e-04  -1.2495560177615192e-13
   5.9876478474625463e-04  -5.6914686570783283e-13
   1.3278565159347124e-03  -1.3752227662736931e-12
   2.3372850707718148e-03  -2.5514974390440085e-12
   3.6214476234529879e-03  -4.0020625987075043e-12
   5.1747346434797888e-03  -5.2758695927947992e-12
   6.9926977686154803e-03  -4.1732487795697834e-12
   9.0724326309088062e-03   7.8308193678362467e-12
   1.1409196435515540e-02   4.4911438797713324e-11
   1.3992493104901553e-02   1.1872052096761910e-10
   1.6807550400641500e-02   2.4353295222316116e-10
   1.9839270805402636e-02   4.5120437457001374e-10
   2.3075516740637014e-02   8.2175943642447649e-10
   2.6508662360423541e-02   1.5209726743974808e-09
   3.0135127864171898e-02   2.7347357921938348e-09
   3.3952933580920566e-02   4.7046316741707616e-09
   3.7958935190694675e-02   8.2060665253896923e-09
   4.2147495013133682e-02   1.4981301438762203e-08
   4.6510001478496030e-02   2.8056047739489702e-08
   5.1035536447229107e-02   5.2579271227830489e-08
   5.5712773488840135e-02   9.7940117586361261e-08
   6.0532186994048116e-02   1.7803889357427376e-07
   6.5487686054224434e-02   2.9335525217992193e-07
   7.0576533037510769e-02   4.1321041549300060e-07
   7.5796891432996255e-02   5.1804219074871773e-07
   8.1145778731479060e-02   6.0794436254579650e-07
   8.6618995413757741e-02   6.8310905870758571e-07
   9.2211744168955057e-02   7.4138632357063747e-07
   9.7919329418234932e-02   7.7976959503859142e-07
   1.0373779652310956e-01   7.9834123590268748e-07
   1.0966421272081472e-01   8.0318736337853076e-07
   1.1569647691737617e-01   8.0222626072453344e-07
   1.2183299702345027e-01   8.0090485143897699e-07
   1.2807254679574781e-01   8.0207333180545427e-07
   1.3441427545456819e-01   8.0674380718853802e-07
   1.4085774518331648e-01   8.1457970788845283e-07
   1.4740295085917840e-01   8.2440851157803620e-07
   1.5405031974228961e-01   8.3478484543506631e-07
   1.6080070251531783e-01   8.4446888013235727e-07
   1.6765535830713685e-01   8.5271463062209459e-07
   1.7461593493257310e-01   8.5933932007829844e-07
   1.8168444621855195e-01   8.6461322654421249e-07
   1.8886324443078065e-01   8.6904953032369306e-07
   1.9615499006245055e-01   8.7318101302348305e-07
   2.0356261839933285e-01   8.7739120452621511e-07
   2.1108930685810648e-01   8.8183405537086961e-07
   2.1873843585833730e-01   8.8644173478682529e-07
   2.2651355636205289e-01   8.9099487044248053e-07
   2.3441835370580050e-01   8.9521834142296766e-07
   2.4245661220723461e-01   8.9886814654941347e-07
   2.5063218315695057e-01   9.0178661033977606e-07
   2.5894895495345027e-01   9.0391841097997076e-07
   2.6741082236419284e-01   9.0529326711921446e-07
   2.7602166111820436e-01   9.0598922207540315e-07
   2.8478530312269174e-01   9.0609237075090334e-07
   2.9370551387497629e-01   9.0566566348903767e-07
   3.0278597357552212e-01   9.0473340377219847e-07
   3.1203025820663144e-01   9.0328173118172425e-07
   3.2144182377625447e-01   9.0127066024783489e-07
   3.3102399261935295e-01   8.9865108756608407e-07
   3.4077994134857986e-01   8.9538050975207521e-07
   3.5071268938410094e-01   8.9143325705175826e-07
   3.6082508924874501e-01   8.8680376500837549e-07
   3.7111982016756001e-01   8.8150381950687884e-07
   3.8159938116246456e-01   8.7555619893875641e-07
   3.9226608281216757e-01   8.6898751475158407e-07
   4.0312204703087418e-01   8.6182251177043340e-07
   4.1416920141972424e-01   8.5408105452109604e-07
   4.2540927837783032e-01   8.4577790519431192e-07
   4.3684381428415520e-01   8.3692456338032906e-07
   4.4847414935709884e-01   8.2753204155284442e-07
   4.6030142977644906e-01   8.1761348429817244e-07
   4.7232660847476970e-01   8.0718588781018323e-07
   4.8455045111123562e-01   7.9627063152177323e-07
   4.9697353881075040e-01   7.8489296097213365e-07
   5.0959627185707135e-01   7.7308081762186907e-07
   5.2241888028769146e-01   7.6086348653604839e-07
   5.3544142680031148e-01   7.4827046293748251e-07
   5.4866381618360160e-01   7.3533075181061734e-07
   5.6208580182278645e-01   7.2207263942309147e-07
   5.7570699674694037e-01   7.0852382372306406e-07
   5.8952688334656556e-01   6.9471172275645310e-07
   6.0354481845575469e-01   6.8066378535616033e-07
   6.1776004604848178e-01   6.6640766496136105e-07
   6.3217171218146906e-01   6.5197120628605617e-07
   6.4677886591141542e-01   6.3738227469911802e-07
   6.6158047686636268e-01   6.2266846430945898e-07
   6.7657544258033719e-01   6.0785678487228742e-07
   6.9176259946308727e-01   5.9297337854177791e-07
   7.0714073467482297e-01   5.7804330984008145e-07
   7.2270859194734727e-01   5.6309044274844468e-07
   7.3846488927816123e-01   5.4813737490137629e-07
   7.5440831890513993e-01   5.3320542806523618e-07
   7.7053756337072288e-01   5.1831463347757032e-07
   7.8685130455555163e-01   5.0348371394507429e-07
   8.0334822918533755e-01   4.8873004981641739e-07
   8.2002704015257843e-01   4.7406961892114171e-07
   8.3688646079291584e-01   4.5951693277815299e-07
   8.5392524710112527e-01   4.4508496697127275e-07
   8.7114219117919800e-01   4.3078510969402857e-07
   8.8853612988010255e-01   4.1662712330183922e-07
   9.0610594559379909e-01   4.0261913155263702e-07
   9.2385058065274861e-01   3.8876761312188564e-07
   9.4176903396824185e-01   3.7507742288194051e-07
   9.5986036912971806e-01   3.6155181266394674e-07
   9.7812371698879397e-01   3.4819246126703442e-07
   9.9655827870458302e-01   3.3499950742538586e-07
   1.0151633284593378e+00   3.2197158632339432e-07
   1.0339382167807045e+00   3.0910586838282246e-07
   1.0528823663427118e+00   2.9639811017631357e-07
   1.0719952837381368e+00   2.8384269879763602e-07
   1.0912765440620682e+00   2.7143272243748957e-07
   1.1107258091083014e+00   2.5916002649273954e-07
   1.1303428090752161e+00   2.4701529867825754e-07
   1.1501273538924843e+00   2.3498814248263948e-07
   1.1700793295328120e+00   2.2306716349614479e-07
   1.1901986851166746e+00   2.1124006401101336e-07
   1.2104854483474481e+00   1.9949372779837373e-07
   1.2309397082594982e+00   1.8781432154814947e-07
   1.2515616191185541e+00   1.7618738815515001e-07
   1.2723513949764231e+00   1.6459794835313118e-07
   1.2933093104597597e+00   1.5303059933545421e-07
   1.3144356892158913e+00   1.4146961973670127e-07
   1.3357309060841989e+00   1.2989906927736634e-07
   1.3571953785648352e+00   1.1830289299783422e-07
   1.3788295700964623e+00   1.0666502014169819e-07
   1.4006339814505544e+00   9.4969467257167417e-08
   1.4226091406123405e+00   8.3200436406920528e-08
   1.4447556092763936e+00   7.1342408036579994e-08
   1.4670739724778183e+00   5.9380233909906553e-08
   1.4895648329594093e+00   4.7299225142938637e-08
   1.5122288135369792e+00   3.5085230275765512e-08
   1.5350665486139972e+00   2.2724711622315236e-08
   1.5580786817691175e+00   1.0204811916448654e-08
   1.5812658574281775e+00  -2.4865917756727902e-09
   1.6046287235129464e+00  -1.5360843031854276e-08
   1.6281679292282587e+00  -2.8428476193076000e-08
   1.6518841126913095e+00  -4.1699202244498601e-08
   1.6757779096163745e+00  -5.5181889363331704e-08
   1.6998499463036929e+00  -6.8884535145047753e-08
   1.7241008311107766e+00  -8.2814172703353083e-08
   1.7485311647580706e+00  -9.6976614447192035e-08
   1.7731415298400151e+00  -1.1137599717237617e-07
   1.7979324881189236e+00  -1.2601422409268563e-07
   1.8229045748257331e+00  -1.4089109886777816e-07
   1.8480582939232326e+00  -1.5600543831021819e-07
   1.8733941169726787e+00  -1.7135644106350333e-07
   1.8989124803410011e+00  -1.8694412252062984e-07
   1.9246138082856248e+00  -2.0276868730777483e-07
   1.9504984995203625e+00  -2.1882954541214828e-07
   1.9765669308922456e+00  -2.3512461431378363e-07
   2.0028194510606929e+00  -2.5165002318129336e-07
   2.0292563867821780e+00  -2.6840015023534139e-07
   2.0558780345642478e+00  -2.8536778953647848e-07
   2.0826846613904446e+00  -3.0254447734625949e-07
   2.1096765087542213e+00  -3.1992089337506818e-07
   2.1368537941624761e+00  -3.3748728010751746e-07
   2.1642167010209112e+00  -3.5523371266757070e-07
   2.1917653967067365e+00  -3.7315028647001102e-07
   2.2195000245561860e+00  -3.9122717204314103e-07
   2.2474206950395654e+00  -4.0945455722422420e-07
   2.2755275088909701e+00  -4.2782254070656649e-07
   2.3038205405751091e+00  -4.4632107627269387e-07
   2.3322998524589487e+00  -4.6493994382081954e-07
   2.3609654752808757e+00  -4.8366876158546779e-07
   2.3898174351628345e+00  -5.0249706856263826e-07
   2.4188557470023864e+00  -5.2141443706914760e-07
   2.4480803967704383e+00  -5.4041058614283730e-07
   2.4774913723175263e+00  -5.5947548424587334e-07
   2.5070886463752720e+00  -5.7859944612786636e-07
   2.5368721829968459e+00  -5.9777319663414941e-07
   2.5668419387636381e+00  -6.1698791723159351e-07
   2.5969978617254967e+00  -6.3623528560621611e-07
   2.6273399049359711e+00  -6.5550751405675825e-07
   2.6578680044784693e+00  -6.7479735802559133e-07
   2.6885821007974005e+00  -6.9409816492977373e-07
   2.7194821439841363e+00  -7.1340391314111402e-07
   2.7505680615925909e+00  -7.3270919804956541e-07
   2.7818398011311163e+00  -7.5200931063348721e-07
   2.8132973126556746e+00  -7.7130023727265614e-07
   2.8449405367781324e+00  -7.9057865439863739e-07
   2.8767694302160667e+00  -8.0984196795455885e-07
   2.9087839489593073e+00  -8.2908829403585408e-07
   2.9409840659510480e+00  -8.4831647838283851e-07
   2.9733697423490475e+00  -8.6752603500096514e-07
   3.0059409586931825e+00  -8.8671718581925090e-07
   3.0386977108750837e+00  -9.0589083169783134e-07
   3.0716399848126761e+00  -9.2504849207067216e-07
   3.1047677896831098e+00  -9.4419232177775602e-07
   3.1380811335582548e+00  -9.6332505659807175e-07
   3.1715800533155982e+00  -9.8245001688536486e-07
   3.2052645651165896e+00  -1.0015709966722626e-06
   3.2391347221536004e+00  -1.0206923109261247e-06
   3.2731905692590444e+00  -1.0398186934626468e-06
   3.3074321778509241e+00  -1.0589552955937475e-06
   3.3418596096838460e+00  -1.0781075903858668e-06
   3.3764729537664118e+00  -1.0972813783182926e-06
   3.4112722980066059e+00  -1.1164827051958167e-06
   3.4462577360618378e+00  -1.1357178163856802e-06
   3.4814293832046967e+00  -1.1549931295725728e-06
   3.5167873528613365e+00  -1.1743151606571941e-06
   3.5523317811351456e+00  -1.1936905002462894e-06
   3.5880627835343062e+00  -1.2131257259270012e-06
   3.6239805116102883e+00  -1.2326274055152379e-06
   3.6600851096737443e+00  -1.2522020182205585e-06
   3.6963767280203101e+00  -1.2718559213893960e-06
   3.7328555323281591e+00  -1.2915953165069225e-06
   3.7695216821156539e+00  -1.3114261946953185e-06
   3.8063753519039571e+00  -1.3313543175778834e-06
   3.8434167167631537e+00  -1.3513851717752350e-06
   3.8806459501162776e+00  -1.3715239388472192e-06
   3.9180632390678873e+00  -1.3917754771370722e-06
   3.9556687751247597e+00  -1.4121442919863392e-06
   3.9934627297194574e+00  -1.4326345033916441e-06
   4.0314453073117269e+00  -1.4532498559209497e-06
   4.0696166974732817e+00  -1.4739936793838949e-06
   4.1079770887018929e+00  -1.4948688877660373e-06
   4.1465266753821313e+00  -1.5158779757421277e-06
   4.1852656581818390e+00  -1.5370230129214845e-06
   4.2241942267648671e+00  -1.5583056397441722e-06
   4.2633125772696534e+00  -1.5797270755833086e-06
   4.3026209062963208e+00  -1.6012881238678541e-06
   4.3421194017360847e+00  -1.6229891816474279e-06
   4.3818082549180986e+00  -1.6448302522008052e-06
   4.4216876588551983e+00  -1.6668109603438653e-06
   4.4617578088406855e+00  -1.6889305689484113e-06
   4.5020188806264834e+00  -1.7111880010366922e-06
   4.5424710592034208e+00  -1.7335818615515577e-06
   4.5831145283098333e+00  -1.7561104613482588e-06
   4.6239494753470956e+00  -1.7787718415397699e-06
   4.6649760747094584e+00  -1.8015638023932531e-06
   4.7061944908289242e+00  -1.8244839303888140e-06
   4.7476049018183240e+00  -1.8475296283642540e-06
   4.7892074789887875e+00  -1.8706981445187759e-06
   4.8310023942844698e+00  -1.8939866019519460e-06
   4.8729898024686102e+00  -1.9173920292346690e-06
   4.9151698633555814e+00  -1.9409113907107635e-06
   4.9575427393153255e+00  -1.9645416153278444e-06
   5.0001085887841263e+00  -1.9882796262198068e-06
   5.0428675585273970e+00  -2.0121223657101468e-06
   5.0858198033272899e+00  -2.0360668271815424e-06
   5.1289654695318729e+00  -2.0601100769777362e-06
   5.1723047051694238e+00  -2.0842492801430773e-06
   5.2158376512654190e+00  -2.1084817216559473e-06
   5.2595644394083605e+00  -2.1328048213609730e-06
   5.3034852235144134e+00  -2.1572161727426074e-06
   5.3476001360355374e+00  -2.1817135379703089e-06
   5.3919093089130303e+00  -2.2062948694489104e-06
   5.4364128869105670e+00  -2.2309583349391136e-06
   5.4811109969128067e+00  -2.2557023070771595e-06
   5.5260037619305544e+00  -2.2805253777944797e-06
   5.5710913188683451e+00  -2.3054263803970568e-06
   5.6163738006335899e+00  -2.3304043792732605e-06
   5.6618513280213882e+00  -2.3554586649864339e-06
   5.7075240209609817e+00  -2.3805887627560352e-06
   5.7533920202177358e+00  -2.4057944481392172e-06
   5.7994554464716224e+00  -2.4310757065372688e-06
   5.8457144226667266e+00  -2.4564327482172937e-06
   5.8921690856403846e+00  -2.4818660093512308e-06
   5.9388195511343591e+00  -2.5073761096044871e-06
   5.9856659422746814e+00  -2.5329638691744463e-06
   6.0327083862403050e+00  -2.5586302912347855e-06
   6.0799470059442138e+00  -2.5843765404147296e-06
   6.1273819281246995e+00  -2.6102039370837663e-06
   6.1750132903503641e+00  -2.6361139459614096e-06
   6.2228412050949347e+00  -2.6621081276367179e-06
   6.2708658007574334e+00  -2.6881881597705593e-06
   6.3190872063767261e+00  -2.7143558050110295e-06
   6.3675055448465416e+00  -2.7406128875300291e-06
   6.4161209546075790e+00  -2.7669612948607637e-06
   6.4649335641643573e+00  -2.7934029357231239e-06
   6.5139434948943009e+00  -2.8199397325571110e-06
   6.5631508809890704e+00  -2.8465736141493770e-06
   6.6125558506185653e+00  -2.8733064861592122e-06
   6.6621585374206980e+00  -2.9001402264068464e-06
   6.7119590879956030e+00  -2.9270766717246046e-06
   6.7619576199846145e+00  -2.9541175799444978e-06
   6.8121542699616118e+00  -2.9812646479080675e-06
   6.8625491729045445e+00  -3.0085194841196434e-06
   6.9131424650483302e+00  -3.0358836030661333e-06
   6.9639342992311262e+00  -3.0633584221044759e-06
   7.0149247913065249e+00  -3.0909452245720205e-06
   7.0661140818938790e+00  -3.1186451899371839e-06
   7.1175023171217173e+00  -3.1464593741386213e-06
   7.1690896368052357e+00  -3.1743887012004495e-06
   7.2208761830219492e+00  -3.2024339648117312e-06
   7.2728620811149911e+00  -3.2305958169708913e-06
   7.3250474889616877e+00  -3.2588747932328860e-06
   7.3774325440921862e+00  -3.2872712880544709e-06
   7.4300173863100811e+00  -3.3157855660464179e-06
   7.4828021572632775e+00  -3.3444177670786126e-06
   7.5357869995761844e+00  -3.3731679101293513e-06
   7.5889720696155747e+00  -3.4020359038782250e-06
   7.6423574745383318e+00  -3.4310215247087811e-06
   7.6959433544759843e+00  -3.4601244600593812e-06
   7.7497298537139852e+00  -3.4893443050274429e-06
   7.8037171015144162e+00  -3.5186805600935773e-06
   7.8579052209197657e+00  -3.5481326448454365e-06
   7.9122943510102983e+00  -3.5776999169339667e-06
   7.9668846305850520e+00  -3.6073816762157516e-06
   8.0216761543132016e+00  -3.6371771451505475e-06
   8.0766690605341491e+00  -3.6670855296561366e-06
   8.1318634751410634e+00  -3.6971059979314904e-06
   8.1872595131674846e+00  -3.7272376886324837e-06
   8.2428572926321699e+00  -3.7574797301844694e-06
   8.2986569591037824e+00  -3.7878312640619358e-06
   8.3546585905307715e+00  -3.8182913967046849e-06
   8.4108623085036349e+00  -3.8488592736762013e-06
   8.4672682366927070e+00  -3.8795340640126976e-06
   8.5238764822995972e+00  -3.9103149554003685e-06
   8.5806871567066914e+00  -3.9412011728300119e-06
   8.6377003784638493e+00  -3.9721919884459053e-06
   8.6949162187144449e+00  -4.0032866947800035e-06
   8.7523348281808104e+00  -4.0344846795902677e-06
   8.8099562937318208e+00  -4.0657853515217300e-06
   8.8677807173143073e+00  -4.0971881909794497e-06
   8.9258082110843269e+00  -4.1286927420528177e-06
   8.9840388775936493e+00  -4.1602986104875848e-06
   9.0424728389497808e+00  -4.1920054736885180e-06
   9.1011102001742419e+00  -4.2238130685199237e-06
   9.1599510485415845e+00  -4.2557211932366922e-06
   9.2189955416077147e+00  -4.2877297278312218e-06
   9.2782437576851056e+00  -4.3198385959609589e-06
   9.3376958200842761e+00  -4.3520477927913453e-06
   9.3973518468681760e+00  -4.3843573679362822e-06
   9.4572119638901189e+00  -4.4167674266878585e-06
   9.5172762949964635e+00  -4.4492781235203436e-06
   9.5775449338740053e+00  -4.4818896542567359e-06
   9.6380180694624009e+00  -4.5146022666000893e-06
   9.6986957576243142e+00  -4.5474162321655487e-06
   9.7595781588082531e+00  -4.5803318643347097e-06
   9.8206654065523740e+00  -4.6133495014292494e-06
   9.8819576321862073e+00  -4.6464695043808267e-06
   9.9434549579064395e+00  -4.6796922468957656e-06
   1.0005157520292716e+01  -4.7130181181148004e-06
   1.0067065482236524e+01  -4.7464475163141628e-06
   1.0129178915031201e+01  -4.7799808295627371e-06
   1.0191498025387350e+01  -4.8136184609850828e-06
   1.0254022901844527e+01  -4.8473607924355101e-06
   1.0316753683977394e+01  -4.8812081991658141e-06
   1.0379690510559465e+01  -4.9151610415830649e-06
   1.0442833521482413e+01  -4.9492196619549907e-06
   1.0506182824236900e+01  -4.9833843736689853e-06
   1.0569738563054338e+01  -5.0176554724515165e-06
   1.0633500870230263e+01  -5.0520332253751236e-06
   1.0697469822634307e+01  -5.0865178551615059e-06
   1.0761645588105752e+01  -5.1211095778443609e-06
   1.0826028250362725e+01  -5.1558085563206104e-06
   1.0890617917772291e+01  -5.1906149265216910e-06
   1.0955414698691714e+01  -5.2255287914442223e-06
   1.1020418702463866e+01  -5.2605502205725480e-06
   1.1085629980260098e+01  -5.2956792356263141e-06
   1.1151048691710251e+01  -5.3309158562812598e-06
   1.1216674820911125e+01  -5.3662600209526283e-06
   1.1282508528743289e+01  -5.4017116907956453e-06
   1.1348549842682319e+01  -5.4372707625181597e-06
   1.1414798828745997e+01  -5.4729371159097072e-06
   1.1481255565159278e+01  -5.5087106143192874e-06
   1.1547920106219580e+01  -5.5445910937302915e-06
   1.1614792488268975e+01  -5.5805783657017809e-06
   1.1681872799651744e+01  -5.6166722453061676e-06
   1.1749161025097349e+01  -5.6528725011101064e-06
   1.1816657292097043e+01  -5.6891789442255229e-06
   1.1884361540096130e+01  -5.7255913113331069e-06
   1.1952273893027003e+01  -5.7621094052205813e-06
   1.2020394313207072e+01  -5.7987329643511678e-06
   1.2088722866710969e+01  -5.8354617693082556e-06
   1.2157259578466956e+01  -5.8722955849631253e-06
   1.2226004447967464e+01  -5.9092341695364334e-06
   1.2294957537376460e+01  -5.9462773091941576e-06
   1.2364118797309038e+01  -5.9834247442493370e-06
   1.2433488350743188e+01  -6.0206762971666670e-06
   1.2503066076420323e+01  -6.0580316776960509e-06
   1.2572852116588601e+01  -6.0954907262601534e-06
   1.2642846395781703e+01  -6.1330531812633918e-06
   1.2713048959519375e+01  -6.1707188434103450e-06
   1.2783459827751996e+01  -6.2084875075351567e-06
   1.2854078993816641e+01  -6.2463589600864577e-06
   1.2924906485984724e+01  -6.2843330131322442e-06
   1.2995942303390104e+01  -6.3224094705378546e-06
   1.3067186478200139e+01  -6.3605881642061166e-06
   1.3138638995309609e+01  -6.3988689115679680e-06
   1.3210299897502495e+01  -6.4372515707357740e-06
   1.3282169182639466e+01  -6.4757359883353583e-06
   1.3354246853382049e+01  -6.5143220284553102e-06
   1.3426532953068252e+01  -6.5530095870887309e-06
   1.3499027471350589e+01  -6.5917985481647153e-06
   1.3571730440425688e+01  -6.6306888272732233e-06
   1.3644641863937801e+01  -6.6696803419528456e-06
   1.3717761773428876e+01  -6.7087730344948132e-06
   1.3791090150174814e+01  -6.7479668330867581e-06
   1.3864627072132844e+01  -6.7872617232751607e-06
   1.3938372471597843e+01  -6.8266576341730984e-06
   1.4012326439431680e+01  -6.8661545730972977e-06
   1.4086488949141179e+01  -6.9057525041636642e-06
   1.4160860028539679e+01  -6.9454514215873501e-06
   1.4235439713257922e+01  -6.9852513284107681e-06
   1.4310227992990969e+01  -7.0251522121459454e-06
   1.4385224931656868e+01  -7.0651540978271306e-06
   1.4460430491084891e+01  -7.1052569659360705e-06
   1.4535844776707885e+01  -7.1454608629218574e-06
   1.4611467721642079e+01  -7.1857657587654768e-06
   1.4687299433896840e+01  -7.2261717023140701e-06
   1.4763339873436621e+01  -7.2666786706410745e-06
   1.4839589114167760e+01  -7.3072866924063131e-06
   1.4916047139525986e+01  -7.3479957486715235e-06
   1.4992714019769100e+01  -7.3888058569928483e-06
   1.5069589750035204e+01  -7.4297169915900589e-06
   1.5146674387925374e+01  -7.4707291521482614e-06
   1.5223967925729553e+01  -7.5118422952487105e-06
   1.5301470453795760e+01  -7.5530564209695220e-06
   1.5379181900483115e+01  -7.5943714300262889e-06
   1.5457102436479573e+01  -7.6357873469612514e-06
   1.5535231931003681e+01  -7.6773040168236797e-06
   1.5613570551026253e+01  -7.7189214377278813e-06
   1.5692118221156836e+01  -7.7606394628595005e-06
   1.5770875034392933e+01  -7.8024580260298158e-06
   1.5849840991599287e+01  -7.8443769994087196e-06
   1.5929016124411266e+01  -7.8863962629051222e-06
   1.6008400466884645e+01  -7.9285156881783298e-06
   1.6087994040391425e+01  -7.9707351359851076e-06
   1.6167796861026641e+01  -8.0130544581335468e-06
   1.6247809003702262e+01  -8.0554735330023368e-06
   1.6328030406547686e+01  -8.0979921791717435e-06
   1.6408461203064501e+01  -8.1406103005491739e-06
   1.6489101320477172e+01  -8.1833277231587060e-06
   1.6569950858395551e+01  -8.2261443470153490e-06
   1.6651009801322406e+01  -8.2690600369762839e-06
   1.6732278200802917e+01  -8.3120746929998772e-06
   1.6813756065103075e+01  -8.3551882083139499e-06
   1.6895443447165963e+01  -8.3984005020577840e-06
   1.6977340323246786e+01  -8.4417114750135960e-06
   1.7059446806219416e+01  -8.4851210867801554e-06
   1.7141762809965709e+01  -8.5286292288117740e-06
   1.7224288473264750e+01  -8.5722358825772582e-06
   1.7307023751219152e+01  -8.6159409679241502e-06
   1.7389968692926818e+01  -8.6597444420879012e-06
   1.7473123333538314e+01  -8.7036462611558989e-06
   1.7556487693770777e+01  -8.7476463788864854e-06
   1.7640061806783812e+01  -8.7917447567679406e-06
   1.7723845710626502e+01  -8.8359413588427231e-06
   1.7807839431765697e+01  -8.8802361501085805e-06
   1.7892043003389666e+01  -8.9246291001480548e-06
   1.7976456494190373e+01  -8.9691201889080254e-06
   1.8061079862356856e+01  -9.0137093737348508e-06
   1.8145913277871855e+01  -9.0583966621776138e-06
   1.8230956650300921e+01  -9.1031820090975831e-06
   1.8316210120966812e+01  -9.1480654194132231e-06
   1.8401673700519037e+01  -9.1930468755012256e-06
   1.8487347442892641e+01  -9.2381263706244126e-06
   1.8573231413268452e+01  -9.2833039007188640e-06
   1.8659325670811956e+01  -9.3285794648594335e-06
   1.8745630276227914e+01  -9.3739530621044440e-06
   1.8832145298706251e+01  -9.4194246954140215e-06
   1.8918870824261017e+01  -9.4649943726327738e-06
   1.9005806878940522e+01  -9.5106620942828728e-06
   1.9092953635767586e+01  -9.5564278796342385e-06
   1.9180311068205672e+01  -9.6022917232023342e-06
   1.9267879338795911e+01  -9.6482536456524008e-06
   1.9355658553556630e+01  -9.6943136595543968e-06
   1.9443648711489136e+01  -9.7404717621749809e-06
   1.9531850035905808e+01  -9.7867279828635788e-06
   1.9620262528218163e+01  -9.8330823186865934e-06
   1.9708886376869920e+01  -9.8795347919320519e-06
   1.9797721638690749e+01  -9.9260854067149876e-06
   1.9886768483147613e+01  -9.9727341814261715e-06
   1.9976026981606839e+01  -1.0019481120956626e-05
   2.0065497306280839e+01  -1.0066326241395259e-05
   2.0155179582837484e+01  -1.0113269553485140e-05
   2.0245073878052320e+01  -1.0160311058878028e-05
   2.0335180469121198e+01  -1.0207450784264536e-05
   2.0425499376595475e+01  -1.0254688724199217e-05
   2.0516030782457193e+01  -1.0302024893948455e-05
   2.0606774916322525e+01  -1.0349459314356903e-05
   2.0697731807369436e+01  -1.0396991978181058e-05
   2.0788901741111477e+01  -1.0444622915145518e-05
   2.0880284801855165e+01  -1.0492352126045953e-05
   2.0971881226931870e+01  -1.0540179635083397e-05
   2.1063691146088427e+01  -1.0588105451457126e-05
   2.1155714780503580e+01  -1.0636129598755446e-05
   2.1247952308227106e+01  -1.0684252096689061e-05
   2.1340403877048413e+01  -1.0732472963194476e-05
   2.1433069785459164e+01  -1.0780792238730669e-05
   2.1525950137551387e+01  -1.0829209941634411e-05
   2.1619045136283663e+01  -1.0877726107634325e-05
   2.1712355130849694e+01  -1.0926340794935148e-05
   2.1805880120026465e+01  -1.0975054017066530e-05
   2.1899620482331439e+01  -1.1023865846658264e-05
   2.1993576361417567e+01  -1.1072776323328166e-05
   2.2087747997629805e+01  -1.1121785508128392e-05
   2.2182135616629512e+01  -1.1170893461809945e-05
   2.2276739435798493e+01  -1.1220100247950225e-05
   2.2371559703313693e+01  -1.1269405935517517e-05
   2.2466596603488814e+01  -1.1318810586191482e-05
   2.2561850439209042e+01  -1.1368314285349234e-05
   2.2657321373862555e+01  -1.1417917092092205e-05
   2.2753009645606440e+01  -1.1467619082671736e-05
   2.2848915613328057e+01  -1.1517420355598886e-05
   2.2945039301140387e+01  -1.1567320942078475e-05
   2.3041381112385558e+01  -1.1617320956524686e-05
   2.3137941242695799e+01  -1.1667420455434627e-05
   2.3234719872669004e+01  -1.1717619507936181e-05
   2.3331717312661759e+01  -1.1767918204596447e-05
   2.3428933754467970e+01  -1.1818316602884081e-05
   2.3526369465568738e+01  -1.1868814784312210e-05
   2.3624024657489716e+01  -1.1919412805893473e-05
   2.3721899607685579e+01  -1.1970110754434182e-05
   2.3819994486920383e+01  -1.2020908660677834e-05
   2.3918309617997622e+01  -1.2071806629733748e-05
   2.4016845218224695e+01  -1.2122804712756390e-05
   2.4115601420208719e+01  -1.2173902922309095e-05
   2.4214578691871594e+01  -1.2225101420993317e-05
   2.4313777069856080e+01  -1.2276400171567928e-05
   2.4413196886811626e+01  -1.2327799279952896e-05
   2.4512838409522512e+01  -1.2379298807811217e-05
   2.4612701846182119e+01  -1.2430898798031862e-05
   2.4712787489282736e+01  -1.2482599328651059e-05
   2.4813095580174444e+01  -1.2534400451289434e-05
   2.4913626403302146e+01  -1.2586302240725428e-05
   2.5014380002625728e+01  -1.2638304625041228e-05
   2.5115356162929885e+01  -1.2690407373045950e-05
   2.5216554941132131e+01  -1.2742610365911575e-05
   2.5317976269699557e+01  -1.2794913393754845e-05
   2.5419620115520981e+01  -1.2847316288065745e-05
   2.5521486481645066e+01  -1.2899818875998520e-05
   2.5623575469891151e+01  -1.2952421010805952e-05
   2.5725887070557889e+01  -1.3005122551325314e-05
   2.5828421367863072e+01  -1.3057923457284528e-05
   2.5931178540211651e+01  -1.3110823812272205e-05
   2.6034158522446333e+01  -1.3163823767920148e-05
   2.6137361493174410e+01  -1.3216923615111128e-05
   2.6240787648170478e+01  -1.3270123754627626e-05
   2.6344436940770944e+01  -1.3323424531402294e-05
   2.6448309536571031e+01  -1.3376826336163521e-05
   2.6552405518344109e+01  -1.3430329395600899e-05
   2.6656724995278882e+01  -1.3483933789729896e-05
   2.6761268009369559e+01  -1.3537639446878812e-05
   2.6866034771066236e+01  -1.3591446187853098e-05
   2.6971025387066039e+01  -1.3645353685312345e-05
   2.7076240030703801e+01  -1.3699361538793258e-05
   2.7181678962697134e+01  -1.3753469344950636e-05
   2.7287342333778163e+01  -1.3807676638764574e-05
   2.7393230477481143e+01  -1.3861983075371947e-05
   2.7499343631781120e+01  -1.3916388327546524e-05
   2.7605682070921258e+01  -1.3970892163135302e-05
   2.7712246157029846e+01  -1.4025494530756024e-05
   2.7819036161061916e+01  -1.4080195353527853e-05
   2.7926052403496140e+01  -1.4134994690399199e-05
   2.8033295254753867e+01  -1.4189892740763515e-05
   2.8140765015014431e+01  -1.4244889613985650e-05
   2.8248461954715822e+01  -1.4299985411502991e-05
   2.8356386480096003e+01  -1.4355180476507805e-05
   2.8464538932611667e+01  -1.4410475039397832e-05
   2.8572919511522120e+01  -1.4465869116876998e-05
   2.8681528513977028e+01  -1.4521362890405804e-05
   2.8790366338284997e+01  -1.4576956647200808e-05
   2.8899433169154371e+01  -1.4632650450481310e-05
   2.9008729301204269e+01  -1.4688444459072003e-05
   2.9118255011284134e+01  -1.4744338822536388e-05
   2.9228010486741670e+01  -1.4800333653606174e-05
   2.9337995993371909e+01  -1.4856429094883914e-05
   2.9448211745199369e+01  -1.4912625280632541e-05
   2.9558657877445683e+01  -1.4968922342916606e-05
   2.9669334595686362e+01  -1.5025320430333420e-05
   2.9780242110848143e+01  -1.5081819701373738e-05
   2.9891380513160659e+01  -1.5138420309375752e-05
   3.0002749817533985e+01  -1.5195122400622911e-05
   3.0114350264397551e+01  -1.5251926182230865e-05
   3.0226182008379645e+01  -1.5308831850075174e-05
   3.0338244920813231e+01  -1.5365839513211328e-05
   3.0450538987477220e+01  -1.5422949303804940e-05
   3.0563064485956684e+01  -1.5480161465817033e-05
   3.0675821277578756e+01  -1.5537476042727482e-05
   3.0788809234760251e+01  -1.5594893051709640e-05
   3.0902028495200828e+01  -1.5652412610628588e-05
   3.1015478895456848e+01  -1.5710034638671333e-05
   3.1129160390953427e+01  -1.5767759076451652e-05
   3.1243072927166750e+01  -1.5825585814916533e-05
   3.1357216317115146e+01  -1.5883514612217613e-05
   3.1471590527248168e+01  -1.5941545272084943e-05
   3.1586195427961687e+01  -1.5999677496313361e-05
   3.1701030773559410e+01  -1.6057910876021056e-05
   3.1816096538047017e+01  -1.6116245072873480e-05
   3.1931392566409148e+01  -1.6174679658826569e-05
   3.2046918565455897e+01  -1.6233214121872612e-05
   3.2162674496693270e+01  -1.6291848027265906e-05
   3.2278660189184109e+01  -1.6350580896437751e-05
   3.2394875366372972e+01  -1.6409412224481182e-05
   3.2511319957353606e+01  -1.6468341582950160e-05
   3.2627993781060660e+01  -1.6527368547307353e-05
   3.2744896593953442e+01  -1.6586492709675065e-05
   3.2862028300904448e+01  -1.6645713759708002e-05
   3.2979388738528804e+01  -1.6705031407935934e-05
   3.3096977677248887e+01  -1.6764445375865095e-05
   3.3214795003093350e+01  -1.6823955500478064e-05
   3.3332840592948074e+01  -1.6883561648958926e-05
   3.3451114254527823e+01  -1.6943263658618183e-05
   3.3569615804576365e+01  -1.7003061405241500e-05
   3.3688345183050025e+01  -1.7062954899378868e-05
   3.3807302274822241e+01  -1.7122944098520756e-05
   3.3926486878100420e+01  -1.7183028872822168e-05
   3.4045898796010533e+01  -1.7243209126738015e-05
   3.4165538108042291e+01  -1.7303485001727053e-05
   3.4285404754386768e+01  -1.7363856504258898e-05
   3.4405498418036714e+01  -1.7424323431842291e-05
   3.4525818971079232e+01  -1.7484885748406621e-05
   3.4646366648301374e+01  -1.7545543629081494e-05
   3.4767141247652091e+01  -1.7606296984489430e-05
   3.4888142543046690e+01  -1.7667145717928310e-05
   3.5009370717576729e+01  -1.7728089929105707e-05
   3.5130825649836893e+01  -1.7789129567362111e-05
   3.5252507322323211e+01  -1.7850264624841981e-05
   3.5374415770941148e+01  -1.7911495109345705e-05
   3.5496550952315879e+01  -1.7972820992569301e-05
   3.5618912914310592e+01  -1.8034242274692008e-05
   3.5741501714468967e+01  -1.8095758951619360e-05
   3.5864317356110242e+01  -1.8157370998539370e-05
   3.5987359874574004e+01  -1.8219078397164865e-05
   3.6110629443325621e+01  -1.8280881153834537e-05
   3.6234126155772707e+01  -1.8342779254013325e-05
   3.6357849992309106e+01  -1.8404772658770714e-05
   3.6481801039631684e+01  -1.8466861354225070e-05
   3.6605979658803165e+01  -1.8529045342929879e-05
   3.6730385969532733e+01  -1.8591324604412718e-05
   3.6855019856020704e+01  -1.8653699106688632e-05
   3.6979881656039687e+01  -1.8716168853737651e-05
   3.7104971680858156e+01  -1.8778733835568133e-05
   3.7230289957164494e+01  -1.8841394037869389e-05
   3.7355836750239398e+01  -1.8904149464814898e-05
   3.7481612342386548e+01  -1.8967000119136641e-05
   3.7607616912198992e+01  -1.9029946009030237e-05
   3.7733850738552213e+01  -1.9092987146988385e-05
   3.7860314108399287e+01  -1.9156123549138176e-05
   3.7987007272772892e+01  -1.9219355248985519e-05
   3.8113930507901784e+01  -1.9282682290578632e-05
   3.8241084151304236e+01  -1.9346104698387757e-05
   3.8368468523080900e+01  -1.9409622518428997e-05
   3.8496083919767869e+01  -1.9473235828634319e-05
   3.8623930640606922e+01  -1.9536944717926904e-05
   3.8752009093553497e+01  -1.9600749255735396e-05
   3.8880319541078826e+01  -1.9664649481800206e-05
   3.9008861982514716e+01  -1.9728645352925279e-05
   3.9137636516732016e+01  -1.9792737032537716e-05
   3.9266643179984200e+01  -1.9856924518509466e-05
   3.9395882001548522e+01  -1.9921207871856594e-05
   3.9525353357090928e+01  -1.9985587631212559e-05
   3.9655057538909297e+01  -2.0050064525452750e-05
   3.9784994690817783e+01  -2.0114639150777054e-05
   3.9915165052847222e+01  -2.0179312070070670e-05
   4.0045568742965024e+01  -2.0244083703343588e-05
   4.0176206095976710e+01  -2.0308954284935442e-05
   4.0307077356002679e+01  -2.0373923874474695e-05
   4.0438182502610047e+01  -2.0438992324943143e-05
   4.0569521816990026e+01  -2.0504159229565963e-05
   4.0701095803428238e+01  -2.0569424028758902e-05
   4.0832904655930520e+01  -2.0634786048136895e-05
   4.0964948623270253e+01  -2.0700244518407700e-05
   4.1097228249571415e+01  -2.0765798732702142e-05
   4.1229743919629364e+01  -2.0831448013845739e-05
   4.1362496045215259e+01  -2.0897191751275906e-05
   4.1495485178127602e+01  -2.0963029665793062e-05
   4.1628711821667721e+01  -2.1028961530503875e-05
   4.1762176492070964e+01  -2.1094987165212585e-05
   4.1895879730710718e+01  -2.1161106802624395e-05
   4.2029822025113852e+01  -2.1227320737722526e-05
   4.2164003953102842e+01  -2.1293629185225680e-05
   4.2298426147280715e+01  -2.1360032366749328e-05
   4.2433089045458061e+01  -2.1426530880657419e-05
   4.2567993110072202e+01  -2.1493125160218140e-05
   4.2703138933778376e+01  -2.1559815426952623e-05
   4.2838526994426601e+01  -2.1626602010339714e-05
   4.2974157695265632e+01  -2.1693485254752542e-05
   4.3110031523547718e+01  -2.1760465470868777e-05
   4.3246148947945386e+01  -2.1827542936586074e-05
   4.3382510305317091e+01  -2.1894717922225917e-05
   4.3519115966624014e+01  -2.1961990652494860e-05
   4.3655966352187995e+01  -2.2029361268396422e-05
   4.3793061803920935e+01  -2.2096829932373117e-05
   4.3930402518778976e+01  -2.2164397004417371e-05
   4.4067988756320958e+01  -2.2232062672589066e-05
   4.4205820858399399e+01  -2.2299826895691596e-05
   4.4343899080604388e+01  -2.2367689761339823e-05
   4.4482223433351635e+01  -2.2435651303591955e-05
   4.4620794029682784e+01  -2.2503711628107256e-05
   4.4759611127159978e+01  -2.2571871120462339e-05
   4.4898674840553170e+01  -2.2640129985331547e-05
   4.5037985053847684e+01  -2.2708487991458914e-05
   4.5177541780727132e+01  -2.2776944995813592e-05
   4.5317345121422676e+01  -2.2845500898847518e-05
   4.5457394967252014e+01  -2.2914156265621266e-05
   4.5597691163778016e+01  -2.2982912125674999e-05
   4.5738233621762753e+01  -2.3051768052779905e-05
   4.5879022249296177e+01  -2.3120723298804913e-05
   4.6020056795105624e+01  -2.3189777834693300e-05
   4.6161337011690456e+01  -2.3258931425143621e-05
   4.6302862678649397e+01  -2.3328185745376627e-05
   4.6444633556625597e+01  -2.3397545461335509e-05
   4.6586649297663627e+01  -2.3467007374569174e-05
   4.6728909577010000e+01  -2.3536561806328895e-05
   4.6871414038652638e+01  -2.3606207370650647e-05
   4.7014162291728447e+01  -2.3675951177949063e-05
   4.7157153918577222e+01  -2.3745794862148619e-05
   4.7300388558283579e+01  -2.3815761319346356e-05
   4.7443865787012541e+01  -2.3885844500850359e-05
   4.7587585081857632e+01  -2.3955992858043939e-05
   4.7731546010923076e+01  -2.4026218853421717e-05
   4.7875748185199676e+01  -2.4096542275156095e-05
   4.8020191095307602e+01  -2.4166988067753035e-05
   4.8164874174776820e+01  -2.4237586166812251e-05
   4.8309797040655390e+01  -2.4308260173460885e-05
   4.8454959264245716e+01  -2.4378944889108819e-05
   4.8600360287528986e+01  -2.4449683437681186e-05
   4.8745999552284943e+01  -2.4520473602060088e-05
   4.8891876702497221e+01  -2.4591490606338248e-05
   4.9037991300269084e+01  -2.4662831648918997e-05
   4.9184342800898818e+01  -2.4734169688428193e-05
   4.9330930695334061e+01  -2.4805407276793231e-05
   4.9477754632937561e+01  -2.4876509998966415e-05
   4.9624814195340107e+01  -2.4947546845472310e-05
   4.9772108894624395e+01  -2.5019179895260383e-05
   4.9919638265835921e+01  -2.5092456616896566e-05
   5.0067401979935198e+01  -2.5165444805011234e-05
   5.0215399671059224e+01  -2.5236402554140060e-05
   5.0363630931146588e+01  -2.5305696247997504e-05
   5.0512095337594083e+01  -2.5374205163036870e-05
   5.0660792590273090e+01  -2.5444814472651553e-05
   5.0809722375376175e+01  -2.5523615943986532e-05
   5.0958884363729055e+01  -2.5602428848907357e-05
   5.1108278241825268e+01  -2.5672034065236723e-05
   5.1257903744389246e+01  -2.5737701772052587e-05
   5.1407760609656762e+01  -2.5803155853563633e-05
   5.1557848588974615e+01  -2.5881268987111551e-05
   5.1708167457309557e+01  -2.5970779619858953e-05
   5.1858717010977436e+01  -2.6044585377244619e-05
   5.2009497063574855e+01  -2.6101449500735085e-05
   5.2160507448401368e+01  -2.6159542042558460e-05
   5.2311748018923730e+01  -2.6232809557776053e-05
   5.2463218648065009e+01  -2.6327810760449242e-05
   5.2614919229250361e+01  -2.6409099562223880e-05
   5.2766849675940172e+01  -2.6475548475919816e-05
   5.2919009920721123e+01  -2.6536325568900626e-05
   5.3071399916141786e+01  -2.6608461575104608e-05
   5.3224019634060660e+01  -2.6687494500467023e-05
   5.3376869065193070e+01  -2.6766899869454367e-05
   5.3529948219599731e+01  -2.6839236527720985e-05
   5.3683257125442459e+01  -2.6908515386401739e-05
   5.3836795828525439e+01  -2.6979366789012967e-05
   5.3990564393248505e+01  -2.7055904190765105e-05
   5.4144562901295046e+01  -2.7140581286351624e-05
   5.4298791449375166e+01  -2.7217457903994287e-05
   5.4453250151109287e+01  -2.7280748256628048e-05
   5.4607939137221791e+01  -2.7343378921611877e-05
   5.4762858552005284e+01  -2.7415715038973931e-05
   5.4918008553697440e+01  -2.7502852491886712e-05
   5.5073389315088306e+01  -2.7585874501156766e-05
   5.5229001021934245e+01  -2.7658367910733161e-05
   5.5384843872697225e+01  -2.7725175236975961e-05
   5.5540918077338922e+01  -2.7797022810594219e-05
   5.5697223856928346e+01  -2.7874841270066655e-05
   5.5853761444350766e+01  -2.7955007460180717e-05
   5.6010531081080543e+01  -2.8031383644872011e-05
   5.6167533016810914e+01  -2.8099509829732447e-05
   5.6324767513598886e+01  -2.8170062683706187e-05
   5.6482234840217579e+01  -2.8248585773967328e-05
   5.6639935269058306e+01  -2.8334509679752911e-05
   5.6797869081630289e+01  -2.8426305845692063e-05
   5.6956036571687569e+01  -2.8493047339447842e-05
   5.7114438032909490e+01  -2.8539195436439116e-05
   5.7273073758936107e+01  -2.8607554524904730e-05
   5.7431944056229497e+01  -2.8697541381725033e-05
   5.7591049234384585e+01  -2.8791425189887452e-05
   5.7750389602771961e+01  -2.8869277177547008e-05
   5.7909965476414797e+01  -2.8937820463103877e-05
   5.8069777171520890e+01  -2.9006437028514079e-05
   5.8229825004580583e+01  -2.9080681199619349e-05
   5.8390109297463326e+01  -2.9162225516872381e-05
   5.8550630369603034e+01  -2.9245419245793052e-05
   5.8711388537372436e+01  -2.9321417834642573e-05
   5.8872384124380929e+01  -2.9393130901624292e-05
   5.9033617452332713e+01  -2.9461514755624208e-05
   5.9195088834709914e+01  -2.9539978631344608e-05
   5.9356798584103196e+01  -2.9635645184491522e-05
   5.9518747019851951e+01  -2.9719674441961549e-05
   5.9680934453295301e+01  -2.9782054476695264e-05
   5.9843361187124131e+01  -2.9837207119431167e-05
   6.0006027526483088e+01  -2.9901127824225567e-05
   6.0168933773786108e+01  -3.0005183681011629e-05
   6.0332080222958901e+01  -3.0111830241668126e-05
   6.0495467163104699e+01  -3.0187092018166186e-05
   6.0659094882066348e+01  -3.0240633912875302e-05
   6.0822963660323808e+01  -3.0295843589166692e-05
   6.0987073770915913e+01  -3.0389111623558588e-05
   6.1151425482322090e+01  -3.0484089230085585e-05
   6.1316019056927949e+01  -3.0564774925968007e-05
   6.1480854749863298e+01  -3.0634070851219048e-05
   6.1645932809960144e+01  -3.0704007927496105e-05
   6.1811253478585577e+01  -3.0782358557305569e-05
   6.1976816989495234e+01  -3.0867068249583524e-05
   6.2142623569172997e+01  -3.0949970162842733e-05
   6.2308673435918017e+01  -3.1026629057231954e-05
   6.2474966799712931e+01  -3.1095225853470406e-05
   6.2641503862563773e+01  -3.1168824673030504e-05
   6.2808284817845404e+01  -3.1255924166436783e-05
   6.2975309849963082e+01  -3.1347253066941782e-05
   6.3142579134668743e+01  -3.1443688061475509e-05
   6.3310092838904211e+01  -3.1510716998817254e-05
   6.3477851120321255e+01  -3.1551690107789846e-05
   6.3645854127267221e+01  -3.1625543499591974e-05
   6.3814101998946768e+01  -3.1727950748465907e-05
   6.3982594865529563e+01  -3.1825939102914567e-05
   6.4151332847314009e+01  -3.1904498240677521e-05
   6.4320316055291258e+01  -3.1973497370376452e-05
   6.4489544591323565e+01  -3.2044999521480977e-05
   6.4659018547752240e+01  -3.2123135272068927e-05
   6.4828738008146516e+01  -3.2210029442664261e-05
   6.4998703046481722e+01  -3.2296482789694199e-05
   6.5168913727112809e+01  -3.2376441305479704e-05
   6.5339370107223999e+01  -3.2450005187653620e-05
   6.5510072234710904e+01  -3.2519768319367429e-05
   6.5681020147076893e+01  -3.2604870548663350e-05
   6.5852213874176201e+01  -3.2705345323050319e-05
   6.6023653440696719e+01  -3.2791509124713462e-05
   6.6195338861109903e+01  -3.2855835561507526e-05
   6.6367270139940345e+01  -3.2909616290667058e-05
   6.6539447278190380e+01  -3.2980959536386408e-05
   6.6711870269691005e+01  -3.3094961510088669e-05
   6.6884539099371779e+01  -3.3199179681367080e-05
   6.7057453747280462e+01  -3.3277756989822199e-05
   6.7230614188827175e+01  -3.3330523811577874e-05
   6.7404020392266830e+01  -3.3397828693330962e-05
   6.7577672320659261e+01  -3.3491091331619230e-05
   6.7751569933924841e+01  -3.3588604323616747e-05
   6.7925713186691354e+01  -3.3671541479649513e-05
   6.8100102029898821e+01  -3.3743748313161374e-05
   6.8274736412183330e+01  -3.3817299173965134e-05
   6.8449616278323887e+01  -3.3900963718214108e-05
   6.8624741571069805e+01  -3.3989933915377713e-05
   6.8800112232297607e+01  -3.4075632084315113e-05
   6.8975728201408899e+01  -3.4153596106041729e-05
   6.9151589417098450e+01  -3.4223272437136518e-05
   6.9327695816764120e+01  -3.4302314168796655e-05
   6.9504047353998601e+01  -3.4396356542837261e-05
   6.9680644004088848e+01  -3.4490433479542907e-05
   6.9857485751174465e+01  -3.4573594809983164e-05
   7.0034572589650764e+01  -3.4643044463660374e-05
   7.0211904542515384e+01  -3.4720005079888089e-05
   7.0389481479136350e+01  -3.4804586035112305e-05
   7.0567303017187797e+01  -3.4891274015034758e-05
   7.0745368861640102e+01  -3.4976615988596209e-05
   7.0923678633801842e+01  -3.5059028544434195e-05
   7.1102231987760305e+01  -3.5139505527862664e-05
   7.1281028700476213e+01  -3.5220938711381106e-05
   7.1460068588428001e+01  -3.5304305916602589e-05
   7.1639351569162812e+01  -3.5388415775349927e-05
   7.1818877577881082e+01  -3.5472131983438740e-05
   7.1998646570584114e+01  -3.5554977450056562e-05
   7.2178658507405629e+01  -3.5637672785888339e-05
   7.2358913401539795e+01  -3.5720669839469208e-05
   7.2539411322153654e+01  -3.5804499384055218e-05
   7.2720152317179156e+01  -3.5888604146257177e-05
   7.2901136506980222e+01  -3.5972760989569395e-05
   7.3082364111742848e+01  -3.6055860218753759e-05
   7.3263835352680232e+01  -3.6138363516546500e-05
   7.3445550455837775e+01  -3.6221709157508443e-05
   7.3627509763702065e+01  -3.6305630384541339e-05
   7.3809713695668279e+01  -3.6391932429784064e-05
   7.3992162648583715e+01  -3.6478626155547543e-05
   7.4174857000732260e+01  -3.6559346096109793e-05
   7.4357797239763499e+01  -3.6632667934340660e-05
   7.4540983919871081e+01  -3.6712241601119390e-05
   7.4724417575115851e+01  -3.6804717855836049e-05
   7.4908098724388594e+01  -3.6906936969125614e-05
   7.5092027919517207e+01  -3.7008039359520921e-05
   7.5276205759254182e+01  -3.7079901701379438e-05
   7.5460632818022290e+01  -3.7139228084210140e-05
   7.5645309667909018e+01  -3.7221363515707697e-05
   7.5830236877230618e+01  -3.7319727518454442e-05
   7.6015415002606034e+01  -3.7420518174267550e-05
   7.6200844586589525e+01  -3.7502447514379619e-05
   7.6386526154129200e+01  -3.7577891422692060e-05
   7.6572460208741276e+01  -3.7656598078599578e-05
   7.6758647229705332e+01  -3.7748744517155790e-05
   7.6945087670338538e+01  -3.7841513834743748e-05
   7.7131781954300521e+01  -3.7928007078902697e-05
   7.7318730472616565e+01  -3.8004679169284347e-05
   7.7505933584666764e+01  -3.8083214419722728e-05
   7.7693391614994042e+01  -3.8174366115783744e-05
   7.7881104849603460e+01  -3.8271628241670722e-05
   7.8069073537242076e+01  -3.8373705084153308e-05
   7.8257297889428585e+01  -3.8449487235796947e-05
   7.8445778076387626e+01  -3.8503697407981903e-05
   7.8634514226768530e+01  -3.8585445928136645e-05
   7.8823506429123228e+01  -3.8688910444424590e-05
   7.9012754730359191e+01  -3.8792274157448165e-05
   7.9202259135245953e+01  -3.8876582176886165e-05
   7.9392019607156854e+01  -3.8952876765543857e-05
   7.9582036067881745e+01  -3.9032317095338121e-05
   7.9772308397502115e+01  -3.9119465014787875e-05
   7.9962836437823981e+01  -3.9212694428000986e-05
   8.0153619989783991e+01  -3.9304906325096707e-05
   8.0344658812612195e+01  -3.9385913110682989e-05
   8.0535952635698052e+01  -3.9464891079445888e-05
   8.0727501152784058e+01  -3.9548282925466897e-05
   8.0919304013681710e+01  -3.9644897276860758e-05
   8.1111360837918454e+01  -3.9755668435502602e-05
   8.1303671230210981e+01  -3.9840417315184008e-05
   8.1496234755688178e+01  -3.9897126496228952e-05
   8.1689050940243504e+01  -3.9961834899361783e-05
   8.1882119304490942e+01  -4.0049078074049615e-05
   8.2075439348510059e+01  -4.0182216067933357e-05
   8.2269010535818865e+01  -4.0292070286770436e-05
   8.2462832315503661e+01  -4.0355864218003037e-05
   8.2656904134801039e+01  -4.0409955709263280e-05
   8.2851225414189003e+01  -4.0492946139480555e-05
   8.3045795559222910e+01  -4.0610890544866378e-05
   8.3240613976041715e+01  -4.0713010407396395e-05
   8.3435680055074911e+01  -4.0792850333360364e-05
   8.3630993181934144e+01  -4.0866362699039562e-05
   8.3826552742150966e+01  -4.0948280713649410e-05
   8.4022358110930568e+01  -4.1044069455119026e-05
   8.4218408666550019e+01  -4.1143200269428729e-05
   8.4414703792503900e+01  -4.1232255068667171e-05
   8.4611242866545240e+01  -4.1310972549712749e-05
   8.4808025271135676e+01  -4.1383256556764833e-05
   8.5005050403000382e+01  -4.1474458451731401e-05
   8.5202317659745177e+01  -4.1584612052526506e-05
   8.5399826440940984e+01  -4.1691523548310761e-05
   8.5597576164881076e+01  -4.1785902935663867e-05
   8.5795566261134539e+01  -4.1835304064604531e-05
   8.5993796166145671e+01  -4.1888683660036524e-05
   8.6192265328286709e+01  -4.2005279810829761e-05
   8.6390973215656103e+01  -4.2124163052741866e-05
   8.6589919308830162e+01  -4.2218213051917608e-05
   8.6789103104429842e+01  -4.2294836414623833e-05
   8.6988524116541242e+01  -4.2370129575363035e-05
   8.7188181876747834e+01  -4.2457090332912439e-05
   8.7388075935543512e+01  -4.2552836506639702e-05
   8.7588205862858132e+01  -4.2652866442062572e-05
   8.7788571248496879e+01  -4.2741277433152226e-05
   8.7989171703181185e+01  -4.2824112081960868e-05
   8.8190006858914970e+01  -4.2904214041687709e-05
   8.8391076369585718e+01  -4.2996695716815266e-05
   8.8592379911394900e+01  -4.3107979518320972e-05
   8.8793917183208038e+01  -4.3204736732397726e-05
   8.8995687907131455e+01  -4.3276609900108041e-05
   8.9197691828806626e+01  -4.3338490632667209e-05
   8.9399928717500842e+01  -4.3413311002169688e-05
   8.9602398366348794e+01  -4.3542067997580491e-05
   8.9805100592758222e+01  -4.3668409890522988e-05
   9.0008035238323501e+01  -4.3754741218502789e-05
   9.0211202168876696e+01  -4.3806749378745947e-05
   9.0414601274621830e+01  -4.3866409475464674e-05
   9.0618232469771641e+01  -4.3984753117423965e-05
   9.0822095692639721e+01  -4.4101588632887140e-05
   9.1026190905612836e+01  -4.4192484384478911e-05
   9.1230518094555009e+01  -4.4266296152782601e-05
   9.1435077269192774e+01  -4.4345209771580148e-05
   9.1639868461993132e+01  -4.4439527619340178e-05
   9.1844891728321784e+01  -4.4540543317950042e-05
   9.2050147146660052e+01  -4.4637247411399188e-05
   9.2255634816336865e+01  -4.4721917740547830e-05
   9.2461354858163361e+01  -4.4799136479104896e-05
   9.2667307416299423e+01  -4.4888955526217701e-05
   9.2873492653327446e+01  -4.4993101632284858e-05
   9.3079910749791495e+01  -4.5107732301278665e-05
   9.3286561910193981e+01  -4.5206094096368007e-05
   9.3493446357849237e+01  -4.5260962645680160e-05
   9.3700564329487719e+01  -4.5321989959164565e-05
   9.3907916080802508e+01  -4.5424489837872864e-05
   9.4115501888745612e+01  -4.5547193576051784e-05
   9.4323322042867503e+01  -4.5650796673240329e-05
   9.4531376848560001e+01  -4.5731543700342574e-05
   9.4739666628430285e+01  -4.5806085363306696e-05
   9.4948191715858599e+01  -4.5895799896172662e-05
   9.5156952459726256e+01  -4.5995317366146095e-05
   9.5365949223680687e+01  -4.6098609883906234e-05
   9.5575182378057335e+01  -4.6188128285332781e-05
   9.5784652306130937e+01  -4.6268158402158643e-05
   9.5994359406953990e+01  -4.6353258201582526e-05
   9.6204304082686320e+01  -4.6451863266653562e-05
   9.6414486740641692e+01  -4.6568691626357462e-05
   9.6624907805042028e+01  -4.6668871663668682e-05
   9.6835567703878581e+01  -4.6734500172308766e-05
   9.7046466864331535e+01  -4.6800226271008731e-05
   9.7257605722844048e+01  -4.6878790755660083e-05
   9.7468984723578714e+01  -4.7011242594800139e-05
   9.7680604307403726e+01  -4.7148522164431014e-05
   9.7892464915418600e+01  -4.7219013044521209e-05
   9.8104566994948740e+01  -4.7278843608160145e-05
   9.8316910989533795e+01  -4.7361886459017867e-05
   9.8529497340904101e+01  -4.7466501663930214e-05
   9.8742326489423604e+01  -4.7575172367032151e-05
   9.8955398869859579e+01  -4.7670931794831793e-05
   9.9168714913598279e+01  -4.7757528584847527e-05
   9.9382275046357378e+01  -4.7838461086707144e-05
   9.9596079684630567e+01  -4.7932777119814335e-05
   9.9810129238605342e+01  -4.8034433769820228e-05
   1.0002442411078955e+02  -4.8137637224252731e-05
   1.0023896469116369e+02  -4.8228732136722165e-05
   1.0045375135806130e+02  -4.8294693298795546e-05
   1.0066878448084732e+02  -4.8376794104481295e-05
   1.0088406441483480e+02  -4.8494847681740170e-05
   1.0109959149999597e+02  -4.8620135316999087e-05
   1.0131536606289252e+02  -4.8732476924902769e-05
   1.0153138841535588e+02  -4.8783077449241936e-05
   1.0174765885172884e+02  -4.8830857101371029e-05
   1.0196417764941020e+02  -4.8934416368306142e-05
   1.0218094506923882e+02  -4.9070576729994256e-05
   1.0239796135320185e+02  -4.9197995535911768e-05
   1.0261522672400561e+02  -4.9257348891633614e-05
   1.0283274138520942e+02  -4.9321658591233623e-05
   1.0305050552052877e+02  -4.9417688089394821e-05
   1.0326851929308138e+02  -4.9530905528910782e-05
   1.0348678284553046e+02  -4.9637449874034529e-05
   1.0370529629917384e+02  -4.9727047448919353e-05
   1.0392405975394070e+02  -4.9810078805320409e-05
   1.0414307328835308e+02  -4.9898578325837566e-05
   1.0436233695865346e+02  -5.0000330243682250e-05
   1.0458185079913181e+02  -5.0108620269704850e-05
   1.0480161482259379e+02  -5.0203265541001453e-05
   1.0502162901908021e+02  -5.0284068647770934e-05
   1.0524189335598082e+02  -5.0354000819080385e-05
   1.0546240777998844e+02  -5.0445897557334956e-05
   1.0568317221559295e+02  -5.0580015982737459e-05
   1.0590418656406656e+02  -5.0701153644251843e-05
   1.0612545070570189e+02  -5.0798049691779937e-05
   1.0634696450121869e+02  -5.0844514920566672e-05
   1.0656872778919046e+02  -5.0887231181536448e-05
   1.0679074038617934e+02  -5.1031613634844584e-05
   1.0701300209019772e+02  -5.1177477154342786e-05
   1.0723551267982798e+02  -5.1269398371954192e-05
   1.0745827191271844e+02  -5.1326949247710434e-05
   1.0768127952922474e+02  -5.1403274966230282e-05
   1.0790453525126411e+02  -5.1508141676250303e-05
   1.0812803878315063e+02  -5.1621829726164233e-05
   1.0835178981381731e+02  -5.1726562013996057e-05
   1.0857578801448005e+02  -5.1812767616773521e-05
   1.0880003304164646e+02  -5.1892768675764903e-05
   1.0902452453940977e+02  -5.1987750524953027e-05
   1.0924926213589691e+02  -5.2097181654048031e-05
   1.0947424544624559e+02  -5.2214420585906819e-05
   1.0969947407768768e+02  -5.2305597459429777e-05
   1.0992494762420601e+02  -5.2372225065121982e-05
   1.1015066566679542e+02  -5.2444585833235609e-05
   1.1037662778224657e+02  -5.2538153933001949e-05
   1.1060283353986262e+02  -5.2689800449374165e-05
   1.1082928249804678e+02  -5.2822541790733977e-05
   1.1105597420917582e+02  -5.2879286170800801e-05
   1.1128290822432369e+02  -5.2938786604789240e-05
   1.1151008408814766e+02  -5.3033373724039100e-05
   1.1173750134240295e+02  -5.3148264920075284e-05
   1.1196515952728365e+02  -5.3261436592425146e-05
   1.1219305818102437e+02  -5.3359504158617084e-05
   1.1242119684299502e+02  -5.3444710582275921e-05
   1.1264957505299161e+02  -5.3528439606833486e-05
   1.1287819235154369e+02  -5.3627918408485187e-05
   1.1310704828402949e+02  -5.3735890619771366e-05
   1.1333614239944701e+02  -5.3847176431335770e-05
   1.1356547424973698e+02  -5.3932813420799600e-05
   1.1379504339343875e+02  -5.3998403618523403e-05
   1.1402484939713760e+02  -5.4091867804817868e-05
   1.1425489183380834e+02  -5.4218940096299677e-05
   1.1448517028391596e+02  -5.4356772077614555e-05
   1.1471568433872977e+02  -5.4452269023190003e-05
   1.1494643359925391e+02  -5.4492100369118086e-05
   1.1517741767688734e+02  -5.4565040628576807e-05
   1.1540863619530920e+02  -5.4677477270204848e-05
   1.1564008879058568e+02  -5.4825919975292030e-05
   1.1587177511193815e+02  -5.4927613163025844e-05
   1.1610369482241281e+02  -5.4999125553868076e-05
   1.1633584759977141e+02  -5.5067994315863836e-05
   1.1656823313711702e+02  -5.5176336215277104e-05
   1.1680085114313302e+02  -5.5296630094295696e-05
   1.1703370134307573e+02  -5.5401991226855140e-05
   1.1726678347932007e+02  -5.5485374782326194e-05
   1.1750009731146143e+02  -5.5569056414788378e-05
   1.1773364261713689e+02  -5.5668034881513913e-05
   1.1796741919256117e+02  -5.5782409345576711e-05
   1.1820142685241501e+02  -5.5892535481221260e-05
   1.1843566543047753e+02  -5.5979284962453564e-05
   1.1867013478020513e+02  -5.6055480966775811e-05
   1.1890483477458835e+02  -5.6126489869786497e-05
   1.1913976530625119e+02  -5.6246916826893664e-05
   1.1937492628804235e+02  -5.6399594121170833e-05
   1.1961031765307608e+02  -5.6500339818490219e-05
   1.1984593935463656e+02  -5.6566305576128861e-05
   1.2008179136631996e+02  -5.6633299765054465e-05
   1.2031787368194371e+02  -5.6738400549961158e-05
   1.2055418631553924e+02  -5.6857553341393445e-05
   1.2079072930133493e+02  -5.6966690400536209e-05
   1.2102750269344516e+02  -5.7059524414562567e-05
   1.2126450656615926e+02  -5.7143046931334366e-05
   1.2150174101310333e+02  -5.7235846715303160e-05
   1.2173920614699107e+02  -5.7347048978109130e-05
   1.2197690210061050e+02  -5.7458338401931806e-05
   1.2221482902504114e+02  -5.7557087276248828e-05
   1.2245298708892201e+02  -5.7629369844563192e-05
   1.2269137648000786e+02  -5.7706516158038185e-05
   1.2292999740423834e+02  -5.7827290562455268e-05
   1.2316885008304915e+02  -5.7961888216425841e-05
   1.2340793475477616e+02  -5.8092593999047085e-05
   1.2364725167612640e+02  -5.8155058217307346e-05
   1.2388680111767862e+02  -5.8183230794943495e-05
   1.2412658336381604e+02  -5.8284697309506774e-05
   1.2436659871620724e+02  -5.8430020518893511e-05
   1.2460684749009742e+02  -5.8591415357246998e-05
   1.2484733001215500e+02  -5.8658206180544697e-05
   1.2508804662209710e+02  -5.8701767579708357e-05
   1.2532899767250466e+02  -5.8793843213116116e-05
   1.2557018352576081e+02  -5.8921737642942625e-05
   1.2581160455588203e+02  -5.9044561149909030e-05
   1.2605326114590792e+02  -5.9142078625855993e-05
   1.2629515368733975e+02  -5.9225793136290128e-05
   1.2653728258119328e+02  -5.9313195198110394e-05
   1.2677964823403191e+02  -5.9418056313505318e-05
   1.2702225105881375e+02  -5.9533492696501091e-05
   1.2726509147607783e+02  -5.9637962479305475e-05
   1.2750816990889902e+02  -5.9726078355673211e-05
   1.2775148678311434e+02  -5.9799349413261835e-05
   1.2799504253059429e+02  -5.9896055674394793e-05
   1.2823883758374183e+02  -6.0028828682285581e-05
   1.2848287237364516e+02  -6.0158354809619127e-05
   1.2872714733356767e+02  -6.0274188148388233e-05
   1.2897166289736205e+02  -6.0316121672061827e-05
   1.2921641949462904e+02  -6.0352270323109323e-05
   1.2946141755172815e+02  -6.0492573169020651e-05
   1.2970665749385077e+02  -6.0641875267205513e-05
   1.2995213974041167e+02  -6.0752186246491588e-05
   1.3019786470524798e+02  -6.0832950229951463e-05
   1.3044383279620433e+02  -6.0909978387071259e-05
   1.3069004441328792e+02  -6.1004494234641230e-05
   1.3093649994910245e+02  -6.1116472496201238e-05
   1.3118319978680950e+02  -6.1234377825197469e-05
   1.3143014429900680e+02  -6.1336515701468410e-05
   1.3167733384880589e+02  -6.1425067768234941e-05
   1.3192476878745325e+02  -6.1500437497736990e-05
   1.3217244945276374e+02  -6.1607007844506560e-05
   1.3242037616970126e+02  -6.1748589377101667e-05
   1.3266854925061807e+02  -6.1864871225276549e-05
   1.3291696899223211e+02  -6.1935533399688129e-05
   1.3316563567524042e+02  -6.1978473955537599e-05
   1.3341454956523171e+02  -6.2071784318441718e-05
   1.3366371091111751e+02  -6.2234276102430050e-05
   1.3391311994401471e+02  -6.2368450380205877e-05
   1.3416277687801841e+02  -6.2456223628922224e-05
   1.3441268190865932e+02  -6.2508002213350100e-05
   1.3466283521240919e+02  -6.2592844162120549e-05
   1.3491323694706614e+02  -6.2712076855177745e-05
   1.3516388725069930e+02  -6.2860348000104161e-05
   1.3541478624111770e+02  -6.2957844577794488e-05
   1.3566593401626591e+02  -6.3028167126761114e-05
   1.3591733065388894e+02  -6.3096800830929965e-05
   1.3616897621066553e+02  -6.3217333567046829e-05
   1.3642087072229270e+02  -6.3360909580177240e-05
   1.3667301420410317e+02  -6.3462875371649323e-05
   1.3692540665003509e+02  -6.3534583746429482e-05
   1.3717804803316082e+02  -6.3612348789115388e-05
   1.3743093830596879e+02  -6.3725512500032800e-05
   1.3768407739956891e+02  -6.3852913081952086e-05
   1.3793746522472250e+02  -6.3971980547504535e-05
   1.3819110167213103e+02  -6.4050304105578350e-05
   1.3844498661139806e+02  -6.4120748771732364e-05
   1.3869911989219977e+02  -6.4195866249083591e-05
   1.3895350134577666e+02  -6.4331187391932610e-05
   1.3920813078339933e+02  -6.4500645656640819e-05
   1.3946300799665235e+02  -6.4587720411725565e-05
   1.3971813276021339e+02  -6.4644084955954679e-05
   1.3997350483071853e+02  -6.4723155183490810e-05
   1.4022912394708854e+02  -6.4838760193652918e-05
   1.4048498983213486e+02  -6.4963803792246244e-05
   1.4074110219243775e+02  -6.5072366705081641e-05
   1.4099746071939458e+02  -6.5166927237473102e-05
   1.4125406509043512e+02  -6.5251050137350518e-05
   1.4151091496841690e+02  -6.5351530621407061e-05
   1.4176801000341558e+02  -6.5465311534843520e-05
   1.4202534983454629e+02  -6.5582452204135028e-05
   1.4228293408875791e+02  -6.5684366948843696e-05
   1.4254076238160616e+02  -6.5749154638500420e-05
   1.4279883432110219e+02  -6.5831292795982027e-05
   1.4305714950656943e+02  -6.5964352411103101e-05
   1.4331570752836069e+02  -6.6111567991789118e-05
   1.4357450797105068e+02  -6.6239263500819892e-05
   1.4383355041438818e+02  -6.6284280358035484e-05
   1.4409283443255174e+02  -6.6331591707710673e-05
   1.4435235959617600e+02  -6.6438078428292537e-05
   1.4461212547419171e+02  -6.6598829810294522e-05
   1.4487213163365712e+02  -6.6742939996948774e-05
   1.4513237764067003e+02  -6.6804342706421881e-05
   1.4539286306233240e+02  -6.6866119046330078e-05
   1.4565358746734745e+02  -6.6969423457316279e-05
   1.4591455042669958e+02  -6.7100916094589271e-05
   1.4617575151521683e+02  -6.7219646721294784e-05
   1.4643719031237458e+02  -6.7312685516268244e-05
   1.4669886640316108e+02  -6.7398052103635297e-05
   1.4696077937927674e+02  -6.7493566706844523e-05
   1.4722292884004239e+02  -6.7609397917194457e-05
   1.4748531439319444e+02  -6.7729582605845025e-05
   1.4774793565591921e+02  -6.7829289414359479e-05
   1.4801079225598770e+02  -6.7911709799090673e-05
   1.4827388383236482e+02  -6.7981838878214098e-05
   1.4853721003584570e+02  -6.8094868605523501e-05
   1.4880077053051741e+02  -6.8248957937882813e-05
   1.4906456499437985e+02  -6.8379585458116520e-05
   1.4932859311917127e+02  -6.8475600843345385e-05
   1.4959285461512525e+02  -6.8496625670664126e-05
   1.4985734921699213e+02  -6.8563656180524712e-05
   1.5012207668208040e+02  -6.8736783844807205e-05
   1.5038703678485072e+02  -6.8897849540123336e-05
   1.5065222932476459e+02  -6.8985431034376273e-05
   1.5091765412098209e+02  -6.9025119584370290e-05
   1.5118331100558987e+02  -6.9112558531797010e-05
   1.5144919982482077e+02  -6.9239592362265758e-05
   1.5171532043782233e+02  -6.9371101320316880e-05
   1.5198167271558114e+02  -6.9479988461302789e-05
   1.5224825653881192e+02  -6.9562714413144524e-05
   1.5251507179948203e+02  -6.9649187322604107e-05
   1.5278211839863189e+02  -6.9757245305482554e-05
   1.5304939624552057e+02  -6.9883080885099218e-05
   1.5331690525741479e+02  -6.9999378667504218e-05
   1.5358464535855441e+02  -7.0084396510768652e-05
   1.5385261647882965e+02  -7.0158310320023003e-05
   1.5412081855423503e+02  -7.0232039451882205e-05
   1.5438925152687924e+02  -7.0372348904246826e-05
   1.5465791534371562e+02  -7.0542208676369970e-05
   1.5492680995667604e+02  -7.0638367833875443e-05
   1.5519593532347278e+02  -7.0696979236301667e-05
   1.5546529140705724e+02  -7.0768926322576327e-05
   1.5573487817584135e+02  -7.0884300376356879e-05
   1.5600469560415203e+02  -7.1014477325000985e-05
   1.5627474367278452e+02  -7.1126781629169032e-05
   1.5654502236932120e+02  -7.1221417097321350e-05
   1.5681553168868359e+02  -7.1305146411050556e-05
   1.5708627163419095e+02  -7.1406495364017072e-05
   1.5735724221787646e+02  -7.1525249163592974e-05
   1.5762844346092609e+02  -7.1643703340587423e-05
   1.5789987539545507e+02  -7.1744057083058992e-05
   1.5817153806484714e+02  -7.1810115048069763e-05
   1.5844343152389908e+02  -7.1896528510232205e-05
   1.5871555584063836e+02  -7.2033217800997906e-05
   1.5898791109728481e+02  -7.2180533858505136e-05
   1.5926049739023483e+02  -7.2307641173392643e-05
   1.5953331483108553e+02  -7.2349942687592004e-05
   1.5980636354828599e+02  -7.2396032876538612e-05
   1.6007964368727704e+02  -7.2505935405277525e-05
   1.6035315541068184e+02  -7.2674474941282296e-05
   1.6062689890015690e+02  -7.2831982862321852e-05
   1.6090087435647769e+02  -7.2880596680286770e-05
   1.6117508199946218e+02  -7.2934496797650886e-05
   1.6144952206958629e+02  -7.3041400555371594e-05
   1.6172419482776056e+02  -7.3181481242264290e-05
   1.6199910055578570e+02  -7.3304489599268870e-05
   1.6227423955693081e+02  -7.3397696825231728e-05
   1.6254961215588713e+02  -7.3481684341566389e-05
   1.6282521869911426e+02  -7.3576359708795371e-05
   1.6310105955478448e+02  -7.3694030882333071e-05
   1.6337713511287987e+02  -7.3816505457607152e-05
   1.6365344578541610e+02  -7.3918952019212710e-05
   1.6392999200565708e+02  -7.4002033516361020e-05
   1.6420677422814498e+02  -7.4073134210341673e-05
   1.6448379292960175e+02  -7.4188109720934624e-05
   1.6476104860690850e+02  -7.4340634878187223e-05
   1.6503854178980978e+02  -7.4478610707915717e-05
   1.6531627302702788e+02  -7.4578490145009422e-05
   1.6559424266793516e+02  -7.4592672925159287e-05
   1.6587245082391144e+02  -7.4654521144985422e-05
   1.6615089755891333e+02  -7.4822147696367353e-05
   1.6642958304335016e+02  -7.4973406115845097e-05
   1.6670850749132237e+02  -7.5079478374832359e-05
   1.6698767128940810e+02  -7.5155882608843807e-05
   1.6726707504065041e+02  -7.5237520411827237e-05
   1.6754671952025075e+02  -7.5339220228990946e-05
   1.6782660568172716e+02  -7.5455989914399030e-05
   1.6810673463710165e+02  -7.5571988771687654e-05
   1.6838710766207748e+02  -7.5673075279914510e-05
   1.6866772615958720e+02  -7.5762374053079293e-05
   1.6894859165387376e+02  -7.5857519410855027e-05
   1.6922970584489090e+02  -7.5966230847721470e-05
   1.6951107057133223e+02  -7.6080066264237563e-05
   1.6979268781617554e+02  -7.6190770150633778e-05
   1.7007455968456529e+02  -7.6287429793713297e-05
   1.7035668837324693e+02  -7.6370696656827768e-05
   1.7063907617075833e+02  -7.6473292946935980e-05
   1.7092172538938868e+02  -7.6590321484428512e-05
   1.7120463833636006e+02  -7.6708584891337902e-05
   1.7148781735054473e+02  -7.6806240432364918e-05
   1.7177126475386157e+02  -7.6884759847472084e-05
   1.7205498281326203e+02  -7.6983660963788413e-05
   1.7233897377775548e+02  -7.7107582036671008e-05
   1.7262323985795285e+02  -7.7244556849838532e-05
   1.7290778318770103e+02  -7.7349650692334955e-05
   1.7319260584270771e+02  -7.7408323704011148e-05
   1.7347770983151838e+02  -7.7483276489420433e-05
   1.7376309707280865e+02  -7.7586133042319930e-05
   1.7404876939638888e+02  -7.7756765504602516e-05
   1.7433472852960031e+02  -7.7901530428663447e-05
   1.7462097609185744e+02  -7.7955696218679274e-05
   1.7490751359202051e+02  -7.8005885036031518e-05
   1.7519434241462108e+02  -7.8108919466764165e-05
   1.7548146381565655e+02  -7.8278423809185945e-05
   1.7576887892382777e+02  -7.8405587342789942e-05
   1.7605658872924505e+02  -7.8485217498351636e-05
   1.7634459408248554e+02  -7.8558309473076277e-05
   1.7663289569324127e+02  -7.8658483781853206e-05
   1.7692149412469388e+02  -7.8784428568854758e-05
   1.7721038979475313e+02  -7.8910602682437270e-05
   1.7749958297460404e+02  -7.9007837873496249e-05
   1.7778907378934403e+02  -7.9089148491386750e-05
   1.7807886221793203e+02  -7.9169095066557451e-05
   1.7836894808972380e+02  -7.9293374904272396e-05
   1.7865933109489862e+02  -7.9440267246893775e-05
   1.7895001078516026e+02  -7.9569454692857730e-05
   1.7924098656030611e+02  -7.9654161817677564e-05
   1.7953225768187411e+02  -7.9677556407279100e-05
   1.7982382328421056e+02  -7.9775360783198619e-05
   1.8011568235735047e+02  -7.9946219786442243e-05
   1.8040783374782220e+02  -8.0083155550112733e-05
   1.8070027617069954e+02  -8.0171692314802778e-05
   1.8099300819892184e+02  -8.0246999265642187e-05
   1.8128602826915343e+02  -8.0339994961064145e-05
   1.8157933468257093e+02  -8.0451815447086624e-05
   1.8187292560900829e+02  -8.0577119921496396e-05
   1.8216679908927611e+02  -8.0688398348782871e-05
   1.8246095304053935e+02  -8.0783896536226635e-05
   1.8275538528650773e+02  -8.0872338877293232e-05
   1.8305009353283899e+02  -8.0972900942945082e-05
   1.8334507537114942e+02  -8.1112592845660671e-05
   1.8364032834354040e+02  -8.1242862527249174e-05
   1.8393584991397921e+02  -8.1327516025273499e-05
   1.8423163744535765e+02  -8.1388090860555571e-05
   1.8452768825609573e+02  -8.1455971648072451e-05
   1.8482399963827891e+02  -8.1609394866581487e-05
   1.8512056881988727e+02  -8.1782570074181394e-05
   1.8541739298928275e+02  -8.1895892736660097e-05
   1.8571446933208804e+02  -8.1948899716896291e-05
   1.8601179500560460e+02  -8.1995689915420790e-05
   1.8630936714822471e+02  -8.2135727081783668e-05
   1.8660718290055536e+02  -8.2288467261274631e-05
   1.8690523939603978e+02  -8.2406140455250102e-05
   1.8720353376763848e+02  -8.2478554354139055e-05
   1.8750206314484535e+02  -8.2562935960514997e-05
   1.8780082466368938e+02  -8.2677328732148336e-05
   1.8809981546616012e+02  -8.2804893027698978e-05
   1.8839903269148726e+02  -8.2919683217544317e-05
   1.8869847350297968e+02  -8.3013275671757678e-05
   1.8899813508019832e+02  -8.3095999167619928e-05
   1.8929801460864874e+02  -8.3202862319829428e-05
   1.8959810931494630e+02  -8.3333115457223368e-05
   1.8989841646629793e+02  -8.3476147817978030e-05
   1.9019893335011616e+02  -8.3584695419479507e-05
   1.9049965730480312e+02  -8.3627366828756923e-05
   1.9080058573173690e+02  -8.3698226002719493e-05
   1.9110171608305586e+02  -8.3830443561600388e-05
   1.9140304586933507e+02  -8.3986730821734976e-05
   1.9170457267580070e+02  -8.4100067311259591e-05
   1.9200629415987905e+02  -8.4182819898330328e-05
   1.9230820805764313e+02  -8.4264191823001620e-05
   1.9261031219225913e+02  -8.4375277418025202e-05
   1.9291260447351573e+02  -8.4498504585552923e-05
   1.9321508290548181e+02  -8.4618996416346536e-05
   1.9351774559296757e+02  -8.4711418371629898e-05
   1.9382059074100491e+02  -8.4797440468360754e-05
   1.9412361666075128e+02  -8.4901290596239149e-05
   1.9442682177678421e+02  -8.5030177948475620e-05
   1.9473020462725765e+02  -8.5174765133547566e-05
   1.9503376386549306e+02  -8.5268797914575339e-05
   1.9533749826842882e+02  -8.5322827017509753e-05
   1.9564140673807950e+02  -8.5389642193653892e-05
   1.9594548830065560e+02  -8.5507826765709774e-05
   1.9624974211258143e+02  -8.5708262103944302e-05
   1.9655416746438502e+02  -8.5837822402018554e-05
   1.9685876377951976e+02  -8.5886390134089623e-05
   1.9716353061709046e+02  -8.5945820976682610e-05
   1.9746846767558898e+02  -8.6058500032010598e-05
   1.9777357479238600e+02  -8.6193821978005714e-05
   1.9807885194671167e+02  -8.6317925141930139e-05
   1.9838429926117010e+02  -8.6422049763930112e-05
   1.9868991700081961e+02  -8.6506852904122438e-05
   1.9899570557832627e+02  -8.6600904422741361e-05
   1.9930166555439095e+02  -8.6714240967361919e-05
   1.9960779763408479e+02  -8.6840557283049367e-05
   1.9991410267476127e+02  -8.6962134824920730e-05
   2.0022058168763644e+02  -8.7033191804261931e-05
   2.0052723583207430e+02  -8.7095654762081893e-05
   2.0083406641479925e+02  -8.7216755325401305e-05
   2.0114107488844141e+02  -8.7378749116541737e-05
   2.0144826284166444e+02  -8.7538112024871301e-05
   2.0175563198079331e+02  -8.7601473414220318e-05
   2.0206318411191489e+02  -8.7624104292511422e-05
   2.0237092112672781e+02  -8.7710576523531130e-05
   2.0267884498153725e+02  -8.7868447416416626e-05
   2.0298695768973445e+02  -8.8042971136688598e-05
   2.0329526131739837e+02  -8.8129055867396087e-05
   2.0360375799326340e+02  -8.8183879661653326e-05
   2.0391244991027656e+02  -8.8257177300689720e-05
   2.0422133932656206e+02  -8.8399818722701958e-05
   2.0453042858940478e+02  -8.8538279141399148e-05
   2.0483972012479583e+02  -8.8640574667644869e-05
   2.0514921643931370e+02  -8.8716859027677288e-05
   2.0545892013983891e+02  -8.8808156442356378e-05
   2.0576883391418076e+02  -8.8926340954930151e-05
   2.0607896053438293e+02  -8.9058508318236407e-05
   2.0638930287508944e+02  -8.9167203113247015e-05
   2.0669986388776090e+02  -8.9248821592630528e-05
   2.0701064659781548e+02  -8.9317729937849827e-05
   2.0732165412319389e+02  -8.9416336880368327e-05
   2.0763288964602876e+02  -8.9578332748833169e-05
   2.0794435639716050e+02  -8.9721008326188782e-05
   2.0825605766040928e+02  -8.9808482572526960e-05
   2.0856799675409215e+02  -8.9862068149043064e-05
   2.0888017701404362e+02  -8.9953475124761729e-05
   2.0919260178376598e+02  -9.0081735516092429e-05
   2.0950527439743396e+02  -9.0214352483704077e-05
   2.0981819817800286e+02  -9.0313710042281550e-05
   2.1013137641974956e+02  -9.0397327095812725e-05
   2.1044481237857340e+02  -9.0488478995092808e-05
   2.1075850927670956e+02  -9.0606714245878566e-05
   2.1107247028462211e+02  -9.0733825508370849e-05
   2.1138669851423458e+02  -9.0837499476486875e-05
   2.1170119702407379e+02  -9.0918677673314707e-05
   2.1201596880723812e+02  -9.0987384142407718e-05
   2.1233101678135725e+02  -9.1102771681594231e-05
   2.1264634379013054e+02  -9.1258088393060137e-05
   2.1296195259840999e+02  -9.1395195873169926e-05
   2.1327784588151081e+02  -9.1490786646521367e-05
   2.1359402622378627e+02  -9.1505450485165839e-05
   2.1391049611191150e+02  -9.1578355586279195e-05
   2.1422725793112062e+02  -9.1747754559054956e-05
   2.1454431395993484e+02  -9.1897334384857143e-05
   2.1486166636402686e+02  -9.1992858947677642e-05
   2.1517931719392411e+02  -9.2066590616013340e-05
   2.1549726837886874e+02  -9.2152604717023751e-05
   2.1581552172224733e+02  -9.2259351245962734e-05
   2.1613407890073580e+02  -9.2383470825266564e-05
   2.1645294145590609e+02  -9.2498583118895937e-05
   2.1677211079228201e+02  -9.2594466016667341e-05
   2.1709158817836163e+02  -9.2679948567157844e-05
   2.1741137473735628e+02  -9.2771855780686397e-05
   2.1773147144497418e+02  -9.2908055719009700e-05
   2.1805187913160864e+02  -9.3047609833747823e-05
   2.1837259847769644e+02  -9.3134909542847606e-05
   2.1869363000939913e+02  -9.3189167181228379e-05
   2.1901497409953060e+02  -9.3244912227396137e-05
   2.1933663096654769e+02  -9.3388615788117242e-05
   2.1965860067250844e+02  -9.3571908462654511e-05
   2.1998088312326840e+02  -9.3686273446353841e-05
   2.2030347806646205e+02  -9.3740230886868713e-05
   2.2062638509379025e+02  -9.3777638710765206e-05
   2.2094960364235342e+02  -9.3911110955271205e-05
   2.2127313299021407e+02  -9.4063103407308646e-05
   2.2159697226185713e+02  -9.4183340402812359e-05
   2.2192112043050983e+02  -9.4252592550274694e-05
   2.2224557631103559e+02  -9.4331773046956095e-05
   2.2257033856808943e+02  -9.4442776161650537e-05
   2.2289540571460631e+02  -9.4570384370246200e-05
   2.2322077610146800e+02  -9.4684107536216006e-05
   2.2354644792725867e+02  -9.4774987523690762e-05
   2.2387241923150563e+02  -9.4851143773281397e-05
   2.2419868788196453e+02  -9.4953573773966297e-05
   2.2452525158298604e+02  -9.5086829680759389e-05
   2.2485210787157737e+02  -9.5230136052909710e-05
   2.2517925411961329e+02  -9.5345927437357546e-05
   2.2550668754539839e+02  -9.5379705056034873e-05
   2.2583440519546130e+02  -9.5429922741835466e-05
   2.2616240397134197e+02  -9.5566007823488981e-05
   2.2649068066190108e+02  -9.5726542921493270e-05
   2.2681923191402245e+02  -9.5843808292211656e-05
   2.2714805426692388e+02  -9.5924429104884558e-05
   2.2747714417309885e+02  -9.6000783164309326e-05
   2.2780649798305828e+02  -9.6105488024390257e-05
   2.2813611199041321e+02  -9.6225310718416174e-05
   2.2846598243310666e+02  -9.6348491635549728e-05
   2.2879610548302176e+02  -9.6442633665680389e-05
   2.2912647728416121e+02  -9.6526091770495422e-05
   2.2945709394347398e+02  -9.6621010166339960e-05
   2.2978795152793617e+02  -9.6743910991614561e-05
   2.3011904607461466e+02  -9.6894745392491285e-05
   2.3045037356721303e+02  -9.6995146006747073e-05
   2.3078192996391851e+02  -9.7042452855585778e-05
   2.3111371120805185e+02  -9.7098981580586179e-05
   2.3144571318444554e+02  -9.7206615608375925e-05
   2.3177793175607346e+02  -9.7408940545716803e-05
   2.3211036279742294e+02  -9.7546796136793512e-05
   2.3244300216461852e+02  -9.7596811690387692e-05
   2.3277584571046168e+02  -9.7646047766809178e-05
   2.3310888931342478e+02  -9.7753002135111367e-05
   2.3344212887048565e+02  -9.7887007391203148e-05
   2.3377556031480609e+02  -9.8012248591619914e-05
   2.3410917962612407e+02  -9.8113186085342028e-05
   2.3444298283083432e+02  -9.8195233050796628e-05
   2.3477696602266099e+02  -9.8283449481787152e-05
   2.3511112536855535e+02  -9.8399421488492103e-05
   2.3544545710773369e+02  -9.8524106381686562e-05
   2.3577995757219722e+02  -9.8640705513314671e-05
   2.3611462319483877e+02  -9.8709942296450984e-05
   2.3644945050993920e+02  -9.8764004065206401e-05
   2.3678443616252244e+02  -9.8885842924769900e-05
   2.3711957692399173e+02  -9.9051664052694720e-05
   2.3745486969409495e+02  -9.9200369771225831e-05
   2.3779031150506944e+02  -9.9264740849033125e-05
   2.3812589953574462e+02  -9.9295113209972135e-05
