   0.0000000000000000e+00   0.0000000000000000e+00
   1.0000000000000000e-02   5.2030504053418532e-16
   2.0000000000000000e-02   4.6999238898187223e-15
   2.9999999999999999e-02   1.6569787505479980e-14
   4.0000000000000001e-02   4.0054508125082258e-14
   5.0000000000000003e-02   7.8302306604299430e-14
   5.9999999999999998e-02   1.3173483834805026e-13
   7.0000000000000007e-02   1.8972977497847726e-13
   8.0000000000000002e-02   1.9491819873826786e-13
   8.9999999999999997e-02  -1.7134908031182244e-14
   1.0000000000000001e-01  -7.1314778307327023e-13
   1.1000000000000000e-01  -2.2398159097479694e-12
   1.2000000000000000e-01  -5.0980173816678244e-12
   1.3000000000000000e-01  -1.0188658644325446e-11
   1.4000000000000001e-01  -1.9343048516968324e-11
   1.4999999999999999e-01  -3.5745662636162045e-11
   1.6000000000000000e-01  -6.3818799156082833e-11
   1.7000000000000001e-01  -1.1122048031640881e-10
   1.7999999999999999e-01  -1.9439351445925777e-10
   1.9000000000000000e-01  -3.4614876782267445e-10
   2.0000000000000001e-01  -6.2624570559715655e-10
   2.0999999999999999e-01  -1.1416774047785020e-09
   2.2000000000000000e-01  -2.0787468533774499e-09
   2.3000000000000001e-01  -3.6822505339446898e-09
   2.3999999999999999e-01  -6.0714357881688781e-09
   2.5000000000000000e-01  -9.1612121769610098e-09
   2.6000000000000001e-01  -1.2819678617474588e-08
   2.7000000000000002e-01  -1.6928861897171651e-08
   2.8000000000000003e-01  -2.1370485044709388e-08
   2.8999999999999998e-01  -2.6014405379820946e-08
   2.9999999999999999e-01  -3.0724410927871961e-08
   3.1000000000000000e-01  -3.5390277098729307e-08
   3.2000000000000001e-01  -3.9953933377287278e-08
   3.3000000000000002e-01  -4.4402419096323112e-08
   3.4000000000000002e-01  -4.8748482969569666e-08
   3.5000000000000003e-01  -5.3015782347585502e-08
   3.5999999999999999e-01  -5.7228675863909114e-08
   3.7000000000000000e-01  -6.1405539348262158e-08
   3.8000000000000000e-01  -6.5555746795376987e-08
   3.9000000000000001e-01  -6.9679987194360423e-08
   4.0000000000000002e-01  -7.3772859658975261e-08
   4.1000000000000003e-01  -7.7826367370371224e-08
   4.1999999999999998e-01  -8.1833068054211919e-08
   4.2999999999999999e-01  -8.5788085661016337e-08
   4.4000000000000000e-01  -8.9689733843973202e-08
   4.5000000000000001e-01  -9.3538970113100007e-08
   4.6000000000000002e-01  -9.7338173611028975e-08
   4.7000000000000003e-01  -1.0108980025861801e-07
   4.7999999999999998e-01  -1.0479534457918600e-07
   4.8999999999999999e-01  -1.0845483430386008e-07
   5.0000000000000000e-01  -1.1206686215253487e-07
   5.1000000000000001e-01  -1.1562900172919333e-07
   5.2000000000000002e-01  -1.1913838594884056e-07
   5.3000000000000003e-01  -1.2259224132333375e-07
   5.4000000000000004e-01  -1.2598823980670200e-07
   5.5000000000000004e-01  -1.2932462379953916e-07
   5.6000000000000005e-01  -1.3260013665299932e-07
   5.7000000000000006e-01  -1.3581383788272090e-07
   5.7999999999999996e-01  -1.3896489390050874e-07
   5.8999999999999997e-01  -1.4205241453117156e-07
   5.9999999999999998e-01  -1.4507537255818534e-07
   6.0999999999999999e-01  -1.4803260823599952e-07
   6.2000000000000000e-01  -1.5092289526393118e-07
   6.3000000000000000e-01  -1.5374503293740481e-07
   6.4000000000000001e-01  -1.5649793135077304e-07
   6.5000000000000002e-01  -1.5918066865296938e-07
   6.6000000000000003e-01  -1.6179251284368595e-07
   6.7000000000000004e-01  -1.6433291119479779e-07
   6.8000000000000005e-01  -1.6680146183297733e-07
   6.9000000000000006e-01  -1.6919787949105477e-07
   7.0000000000000007e-01  -1.7152196737967493e-07
   7.0999999999999996e-01  -1.7377360102517794e-07
   7.1999999999999997e-01  -1.7595272449223061e-07
   7.2999999999999998e-01  -1.7805935620612117e-07
   7.3999999999999999e-01  -1.8009359837927244e-07
   7.5000000000000000e-01  -1.8205564626980669e-07
   7.6000000000000001e-01  -1.8394579329400761e-07
   7.7000000000000002e-01  -1.8576443011356363e-07
   7.8000000000000003e-01  -1.8751203993351374e-07
   7.9000000000000004e-01  -1.8918919007874944e-07
   8.0000000000000004e-01  -1.9079652293961952e-07
   8.1000000000000005e-01  -1.9233474723059643e-07
   8.2000000000000006e-01  -1.9380463113432841e-07
   8.3000000000000007e-01  -1.9520699770313454e-07
   8.3999999999999997e-01  -1.9654272111344647e-07
   8.4999999999999998e-01  -1.9781272364809736e-07
   8.5999999999999999e-01  -1.9901797374907006e-07
   8.7000000000000000e-01  -2.0015948245938667e-07
   8.8000000000000000e-01  -2.0123829994460158e-07
   8.9000000000000001e-01  -2.0225551116526654e-07
   9.0000000000000002e-01  -2.0321223114132030e-07
   9.1000000000000003e-01  -2.0410960041328410e-07
   9.2000000000000004e-01  -2.0494878009385492e-07
   9.3000000000000005e-01  -2.0573094801931900e-07
   9.4000000000000006e-01  -2.0645729452415194e-07
   9.5000000000000007e-01  -2.0712901884873304e-07
   9.5999999999999996e-01  -2.0774732585594779e-07
   9.6999999999999997e-01  -2.0831342265446929e-07
   9.7999999999999998e-01  -2.0882851546544814e-07
   9.8999999999999999e-01  -2.0929380627045344e-07
   1.0000000000000000e+00  -2.0971048969065170e-07
   1.0100000000000000e+00  -2.1007974976284518e-07
   1.0200000000000000e+00  -2.1040275691995001e-07
   1.0300000000000000e+00  -2.1068066486216326e-07
   1.0400000000000000e+00  -2.1091460784360726e-07
   1.0500000000000000e+00  -2.1110569792350943e-07
   1.0600000000000001e+00  -2.1125502244629051e-07
   1.0700000000000001e+00  -2.1136364165254874e-07
   1.0800000000000001e+00  -2.1143258643146796e-07
   1.0900000000000001e+00  -2.1146285620677721e-07
   1.1000000000000001e+00  -2.1145541696265139e-07
   1.1100000000000001e+00  -2.1141119940370373e-07
   1.1200000000000001e+00  -2.1133109724404632e-07
   1.1300000000000001e+00  -2.1121596571438394e-07
   1.1400000000000001e+00  -2.1106662013441872e-07
   1.1500000000000001e+00  -2.1088383477404674e-07
   1.1599999999999999e+00  -2.1066834185536191e-07
   1.1699999999999999e+00  -2.1042083061768649e-07
   1.1799999999999999e+00  -2.1014194685847371e-07
   1.1899999999999999e+00  -2.0983229234459796e-07
   1.2000000000000000e+00  -2.0949242463123504e-07
   1.2100000000000000e+00  -2.0912285697335345e-07
   1.2200000000000000e+00  -2.0872405852421525e-07
   1.2300000000000000e+00  -2.0829645453072703e-07
   1.2400000000000000e+00  -2.0784042693070953e-07
   1.2500000000000000e+00  -2.0735631496243274e-07
   1.2600000000000000e+00  -2.0684441617278450e-07
   1.2700000000000000e+00  -2.0630498738777041e-07
   1.2800000000000000e+00  -2.0573824578961666e-07
   1.2900000000000000e+00  -2.0514437051330646e-07
   1.3000000000000000e+00  -2.0452350403430188e-07
   1.3100000000000001e+00  -2.0387575378001541e-07
   1.3200000000000001e+00  -2.0320119406137080e-07
   1.3300000000000001e+00  -2.0249986784907320e-07
   1.3400000000000001e+00  -2.0177178878111437e-07
   1.3500000000000001e+00  -2.0101694306460779e-07
   1.3600000000000001e+00  -2.0023529171994303e-07
   1.3700000000000001e+00  -1.9942677271038985e-07
   1.3800000000000001e+00  -1.9859130274281798e-07
   1.3900000000000001e+00  -1.9772877964750102e-07
   1.4000000000000001e+00  -1.9683908427927629e-07
   1.4099999999999999e+00  -1.9592208243853522e-07
   1.4199999999999999e+00  -1.9497762772644093e-07
   1.4299999999999999e+00  -1.9400556450303625e-07
   1.4399999999999999e+00  -1.9300573221391606e-07
   1.4500000000000000e+00  -1.9197797011446499e-07
   1.4600000000000000e+00  -1.9092212036559753e-07
   1.4700000000000000e+00  -1.8983802800241490e-07
   1.4800000000000000e+00  -1.8872553867136650e-07
   1.4900000000000000e+00  -1.8758449785794826e-07
   1.5000000000000000e+00  -1.8641475086037309e-07
   1.5100000000000000e+00  -1.8521614540447748e-07
   1.5200000000000000e+00  -1.8398853486777196e-07
   1.5300000000000000e+00  -1.8273178220393007e-07
   1.5400000000000000e+00  -1.8144576289034349e-07
   1.5500000000000000e+00  -1.8013036756998731e-07
   1.5600000000000001e+00  -1.7878550399223392e-07
   1.5700000000000001e+00  -1.7741109791138123e-07
   1.5800000000000001e+00  -1.7600709265915946e-07
   1.5900000000000001e+00  -1.7457344958771548e-07
   1.6000000000000001e+00  -1.7311014712074507e-07
   1.6100000000000001e+00  -1.7161717978168211e-07
   1.6200000000000001e+00  -1.7009455899729416e-07
   1.6300000000000001e+00  -1.6854231226199650e-07
   1.6400000000000001e+00  -1.6696048385427035e-07
   1.6500000000000001e+00  -1.6534913396731471e-07
   1.6600000000000001e+00  -1.6370834005780234e-07
   1.6699999999999999e+00  -1.6203819634179911e-07
   1.6799999999999999e+00  -1.6033881249152046e-07
   1.6899999999999999e+00  -1.5861031463129047e-07
   1.7000000000000000e+00  -1.5685284369956279e-07
   1.7100000000000000e+00  -1.5506655489853529e-07
   1.7200000000000000e+00  -1.5325161679789692e-07
   1.7300000000000000e+00  -1.5140821026371518e-07
   1.7400000000000000e+00  -1.4953652816894398e-07
   1.7500000000000000e+00  -1.4763677310406934e-07
   1.7600000000000000e+00  -1.4570915747012918e-07
   1.7700000000000000e+00  -1.4375390267792268e-07
   1.7800000000000000e+00  -1.4177123613885248e-07
   1.7900000000000000e+00  -1.3976139253275341e-07
   1.8000000000000000e+00  -1.3772461161968726e-07
   1.8100000000000001e+00  -1.3566113630667170e-07
   1.8200000000000001e+00  -1.3357121295898032e-07
   1.8300000000000001e+00  -1.3145508920795608e-07
   1.8400000000000001e+00  -1.2931301384649768e-07
   1.8500000000000001e+00  -1.2714523394620093e-07
   1.8600000000000001e+00  -1.2495199565646464e-07
   1.8700000000000001e+00  -1.2273354292039836e-07
   1.8800000000000001e+00  -1.2049011488953664e-07
   1.8900000000000001e+00  -1.1822194704692375e-07
   1.9000000000000001e+00  -1.1592926878894666e-07
   1.9100000000000001e+00  -1.1361230448390704e-07
   1.9199999999999999e+00  -1.1127126956216510e-07
   1.9299999999999999e+00  -1.0890637350298505e-07
   1.9399999999999999e+00  -1.0651781630858729e-07
   1.9500000000000000e+00  -1.0410579020207323e-07
   1.9600000000000000e+00  -1.0167047681366481e-07
   1.9700000000000000e+00  -9.9212049189267270e-08
   1.9800000000000000e+00  -9.6730669623537095e-08
   1.9900000000000000e+00  -9.4226489862491351e-08
   2.0000000000000000e+00  -9.1699651997667803e-08
   2.0100000000000002e+00  -8.9150286832020869e-08
   2.0200000000000000e+00  -8.6578515496840845e-08
   2.0300000000000002e+00  -8.3984446619694449e-08
   2.0400000000000000e+00  -8.1368180247563652e-08
   2.0499999999999998e+00  -7.8729805144765830e-08
   2.0600000000000001e+00  -7.6069399932353725e-08
   2.0699999999999998e+00  -7.3387034047746954e-08
   2.0800000000000001e+00  -7.0682766654473569e-08
   2.0899999999999999e+00  -6.7956648505077486e-08
   2.1000000000000001e+00  -6.5208721423069365e-08
   2.1099999999999999e+00  -6.2439018658794347e-08
   2.1200000000000001e+00  -5.9647566491298148e-08
   2.1299999999999999e+00  -5.6834384169564681e-08
   2.1400000000000001e+00  -5.3999482807043656e-08
   2.1499999999999999e+00  -5.1142869694709151e-08
   2.1600000000000001e+00  -4.8264545608139798e-08
   2.1699999999999999e+00  -4.5364506408989089e-08
   2.1800000000000002e+00  -4.2442744184969327e-08
   2.1899999999999999e+00  -3.9499247933056969e-08
   2.2000000000000002e+00  -3.6534002984228960e-08
   2.2100000000000000e+00  -3.3546992874529232e-08
   2.2200000000000002e+00  -3.0538199544488296e-08
   2.2300000000000000e+00  -2.7507603286134386e-08
   2.2400000000000002e+00  -2.4455184189509330e-08
   2.2500000000000000e+00  -2.1380922579331139e-08
   2.2600000000000002e+00  -1.8284799589320407e-08
   2.2700000000000000e+00  -1.5166796080389505e-08
   2.2800000000000002e+00  -1.2026895174182774e-08
   2.2900000000000000e+00  -8.8650819256724089e-09
   2.3000000000000003e+00  -5.6813440723363070e-09
   2.3100000000000001e+00  -2.4756711637330568e-09
   2.3199999999999998e+00   7.5194491847241556e-10
   2.3300000000000001e+00   4.0015079644983556e-09
   2.3399999999999999e+00   7.2730187081154899e-09
   2.3500000000000001e+00   1.0566474101819808e-08
   2.3599999999999999e+00   1.3881868498418235e-08
   2.3700000000000001e+00   1.7219191915455377e-08
   2.3799999999999999e+00   2.0578430158166461e-08
   2.3900000000000001e+00   2.3959565281697689e-08
   2.3999999999999999e+00   2.7362576194672241e-08
   2.4100000000000001e+00   3.0787437246661328e-08
   2.4199999999999999e+00   3.4234119548861755e-08
   2.4300000000000002e+00   3.7702590339776208e-08
   2.4399999999999999e+00   4.1192813792010375e-08
   2.4500000000000002e+00   4.4704751382154769e-08
   2.4600000000000000e+00   4.8238359685206969e-08
   2.4700000000000002e+00   5.1793593919249586e-08
   2.4800000000000000e+00   5.5370406607971645e-08
   2.4900000000000002e+00   5.8968746818948030e-08
   2.5000000000000000e+00   6.2588562784646249e-08
   2.5100000000000002e+00   6.6229801123408900e-08
   2.5200000000000000e+00   6.9892405764414480e-08
   2.5300000000000002e+00   7.3576319614009527e-08
   2.5400000000000000e+00   7.7281485485672560e-08
   2.5500000000000003e+00   8.1007845535753752e-08
   2.5600000000000001e+00   8.4755339872099623e-08
   2.5699999999999998e+00   8.8523910010185012e-08
   2.5800000000000001e+00   9.2313497426476090e-08
   2.5899999999999999e+00   9.6124042916753885e-08
   2.6000000000000001e+00   9.9955489584811331e-08
   2.6099999999999999e+00   1.0380778086616175e-07
   2.6200000000000001e+00   1.0768086101328785e-07
   2.6299999999999999e+00   1.1157467595784735e-07
   2.6400000000000001e+00   1.1548917286750135e-07
   2.6499999999999999e+00   1.1942429976534170e-07
   2.6600000000000001e+00   1.2338000851495428e-07
   2.6699999999999999e+00   1.2735625172133956e-07
   2.6800000000000002e+00   1.3135298404560237e-07
   2.6899999999999999e+00   1.3537016283130260e-07
   2.7000000000000002e+00   1.3940774645426587e-07
   2.7100000000000000e+00   1.4346569638899261e-07
   2.7200000000000002e+00   1.4754397701782153e-07
   2.7300000000000000e+00   1.5164255405359154e-07
   2.7400000000000002e+00   1.5576139602290040e-07
   2.7500000000000000e+00   1.5990047331931018e-07
   2.7600000000000002e+00   1.6405975755523348e-07
   2.7700000000000000e+00   1.6823922484671054e-07
   2.7800000000000002e+00   1.7243885191136141e-07
   2.7900000000000000e+00   1.7665861761210286e-07
   2.8000000000000003e+00   1.8089850262252181e-07
   2.8100000000000001e+00   1.8515848807670904e-07
   2.8199999999999998e+00   1.8943855974667365e-07
   2.8300000000000001e+00   1.9373870295198177e-07
   2.8399999999999999e+00   1.9805890396168516e-07
   2.8500000000000001e+00   2.0239915079880522e-07
   2.8599999999999999e+00   2.0675943240268689e-07
   2.8700000000000001e+00   2.1113974001198701e-07
   2.8799999999999999e+00   2.1554006303434157e-07
   2.8900000000000001e+00   2.1996039316541660e-07
   2.8999999999999999e+00   2.2440072241599680e-07
   2.9100000000000001e+00   2.2886104299823767e-07
   2.9199999999999999e+00   2.3334134725280600e-07
   2.9300000000000002e+00   2.3784162646995380e-07
   2.9399999999999999e+00   2.4236187588480446e-07
   2.9500000000000002e+00   2.4690208787716071e-07
   2.9600000000000000e+00   2.5146225419341338e-07
   2.9700000000000002e+00   2.5604236740790859e-07
   2.9800000000000000e+00   2.6064242011624799e-07
   2.9900000000000002e+00   2.6526240303397107e-07
   3.0000000000000000e+00   2.6990230625008383e-07
   3.0100000000000002e+00   2.7456212276118114e-07
   3.0200000000000000e+00   2.7924184122825385e-07
   3.0300000000000002e+00   2.8394145052431388e-07
   3.0400000000000000e+00   2.8866093957641292e-07
   3.0500000000000003e+00   2.9340029620715232e-07
   3.0600000000000001e+00   2.9815950509518090e-07
   3.0700000000000003e+00   3.0293855560961828e-07
   3.0800000000000001e+00   3.0773743266035941e-07
   3.0899999999999999e+00   3.1255612012719830e-07
   3.1000000000000001e+00   3.1739460241627580e-07
   3.1099999999999999e+00   3.2225286278653200e-07
   3.1200000000000001e+00   3.2713088313913058e-07
   3.1299999999999999e+00   3.3202864857955594e-07
   3.1400000000000001e+00   3.3694613695954213e-07
   3.1499999999999999e+00   3.4188333079947797e-07
   3.1600000000000001e+00   3.4684021082080046e-07
   3.1699999999999999e+00   3.5181675640746083e-07
   3.1800000000000002e+00   3.5681294731350746e-07
   3.1899999999999999e+00   3.6182876130931918e-07
   3.2000000000000002e+00   3.6686417729151772e-07
   3.2100000000000000e+00   3.7191917540677988e-07
   3.2200000000000002e+00   3.7699372980039427e-07
   3.2300000000000000e+00   3.8208782110897999e-07
   3.2400000000000002e+00   3.8720142619750469e-07
   3.2500000000000000e+00   3.9233452239435526e-07
   3.2600000000000002e+00   3.9748708646104428e-07
   3.2700000000000000e+00   4.0265909546295510e-07
   3.2800000000000002e+00   4.0785052916676856e-07
   3.2900000000000000e+00   4.1306135962079826e-07
   3.3000000000000003e+00   4.1829157024674424e-07
   3.3100000000000001e+00   4.2354113604498606e-07
   3.3200000000000003e+00   4.2881003459523965e-07
   3.3300000000000001e+00   4.3409824402289709e-07
   3.3399999999999999e+00   4.3940574360070698e-07
   3.3500000000000001e+00   4.4473251179518361e-07
   3.3599999999999999e+00   4.5007852527534396e-07
   3.3700000000000001e+00   4.5544376880092981e-07
   3.3799999999999999e+00   4.6082821619678674e-07
   3.3900000000000001e+00   4.6623185160752676e-07
   3.3999999999999999e+00   4.7165465530715756e-07
   3.4100000000000001e+00   4.7709660803075919e-07
   3.4199999999999999e+00   4.8255769079739447e-07
   3.4300000000000002e+00   4.8803788771399047e-07
   3.4399999999999999e+00   4.9353718013949436e-07
   3.4500000000000002e+00   4.9905555075249806e-07
   3.4600000000000000e+00   5.0459298719292369e-07
   3.4700000000000002e+00   5.1014946970353591e-07
   3.4800000000000000e+00   5.1572498584917805e-07
   3.4900000000000002e+00   5.2131952132665875e-07
   3.5000000000000000e+00   5.2693306200841047e-07
   3.5100000000000002e+00   5.3256559382588953e-07
   3.5200000000000000e+00   5.3821710773783399e-07
   3.5300000000000002e+00   5.4388758562664552e-07
   3.5400000000000000e+00   5.4957702426206446e-07
   3.5500000000000003e+00   5.5528540550362991e-07
   3.5600000000000001e+00   5.6101272249207256e-07
   3.5700000000000003e+00   5.6675896509353841e-07
   3.5800000000000001e+00   5.7252412209919165e-07
   3.5899999999999999e+00   5.7830818426656039e-07
   3.6000000000000001e+00   5.8411114379780289e-07
   3.6099999999999999e+00   5.8993298839614426e-07
   3.6200000000000001e+00   5.9577371444371802e-07
   3.6299999999999999e+00   6.0163330609934415e-07
   3.6400000000000001e+00   6.0751176335555723e-07
   3.6499999999999999e+00   6.1340907041744960e-07
   3.6600000000000001e+00   6.1932522508045528e-07
   3.6699999999999999e+00   6.2526021619364800e-07
   3.6800000000000002e+00   6.3121403596463900e-07
   3.6899999999999999e+00   6.3718667862773905e-07
   3.7000000000000002e+00   6.4317813295021217e-07
   3.7100000000000000e+00   6.4918839705449875e-07
   3.7200000000000002e+00   6.5521745425097066e-07
   3.7300000000000000e+00   6.6126530851472537e-07
   3.7400000000000002e+00   6.6733194123490752e-07
   3.7500000000000000e+00   6.7341735221794796e-07
   3.7600000000000002e+00   6.7952153082476993e-07
   3.7700000000000000e+00   6.8564446846194837e-07
   3.7800000000000002e+00   6.9178615868021221e-07
   3.7900000000000000e+00   6.9794659192459284e-07
   3.8000000000000003e+00   7.0412576101047761e-07
   3.8100000000000001e+00   7.1032365582037697e-07
   3.8200000000000003e+00   7.1654027017497288e-07
   3.8300000000000001e+00   7.2277559285501397e-07
   3.8399999999999999e+00   7.2902961639745210e-07
   3.8500000000000001e+00   7.3530233285928715e-07
   3.8599999999999999e+00   7.4159373075851646e-07
   3.8700000000000001e+00   7.4790380315791627e-07
   3.8799999999999999e+00   7.5423253944354965e-07
   3.8900000000000001e+00   7.6057993142035779e-07
   3.8999999999999999e+00   7.6694596849240419e-07
   3.9100000000000001e+00   7.7333064436474537e-07
   3.9199999999999999e+00   7.7973394447075065e-07
   3.9300000000000002e+00   7.8615586673707079e-07
   3.9399999999999999e+00   7.9259639553511422e-07
   3.9500000000000002e+00   7.9905552532289068e-07
   3.9600000000000000e+00   8.0553324594860994e-07
   3.9700000000000002e+00   8.1202954663598097e-07
   3.9800000000000000e+00   8.1854442060043091e-07
   3.9900000000000002e+00   8.2507785474781148e-07
   4.0000000000000000e+00   8.3162984480189197e-07
   4.0099999999999998e+00   8.3820037422411407e-07
   4.0200000000000005e+00   8.4478944132714220e-07
   4.0300000000000002e+00   8.5139702947150294e-07
   4.0400000000000000e+00   8.5802313479060249e-07
   4.0499999999999998e+00   8.6466774368814041e-07
   4.0600000000000005e+00   8.7133085039641335e-07
   4.0700000000000003e+00   8.7801244173739695e-07
   4.0800000000000001e+00   8.8471251103400280e-07
   4.0899999999999999e+00   8.9143104627935614e-07
   4.0999999999999996e+00   8.9816804111679170e-07
   4.1100000000000003e+00   9.0492348077825700e-07
   4.1200000000000001e+00   9.1169736445351304e-07
   4.1299999999999999e+00   9.1848967048092231e-07
   4.1399999999999997e+00   9.2530040315252865e-07
   4.1500000000000004e+00   9.3212954111113564e-07
   4.1600000000000001e+00   9.3897708385090634e-07
   4.1699999999999999e+00   9.4584301633310723e-07
   4.1799999999999997e+00   9.5272733141697679e-07
   4.1900000000000004e+00   9.5963001926435712e-07
   4.2000000000000002e+00   9.6655106977551779e-07
   4.2100000000000000e+00   9.7349047388538653e-07
   4.2199999999999998e+00   9.8044822292358056e-07
   4.2300000000000004e+00   9.8742430308446848e-07
   4.2400000000000002e+00   9.9441871229227980e-07
   4.2500000000000000e+00   1.0014314315675570e-06
   4.2599999999999998e+00   1.0084624596569387e-06
   4.2700000000000005e+00   1.0155117803941232e-06
   4.2800000000000002e+00   1.0225793874914636e-06
   4.2900000000000000e+00   1.0296652688431155e-06
   4.2999999999999998e+00   1.0367694160448322e-06
   4.3100000000000005e+00   1.0438918168165487e-06
   4.3200000000000003e+00   1.0510324654771835e-06
   4.3300000000000001e+00   1.0581913445503929e-06
   4.3399999999999999e+00   1.0653684537250308e-06
   4.3500000000000005e+00   1.0725637732839031e-06
   4.3600000000000003e+00   1.0797772993650913e-06
   4.3700000000000001e+00   1.0870090200020575e-06
   4.3799999999999999e+00   1.0942589244422375e-06
   4.3899999999999997e+00   1.1015270031903958e-06
   4.4000000000000004e+00   1.1088132456917764e-06
   4.4100000000000001e+00   1.1161176409851118e-06
   4.4199999999999999e+00   1.1234401791269269e-06
   4.4299999999999997e+00   1.1307808496141509e-06
   4.4400000000000004e+00   1.1381396389021917e-06
   4.4500000000000002e+00   1.1455165430095961e-06
   4.4600000000000000e+00   1.1529115396999106e-06
   4.4699999999999998e+00   1.1603246292483698e-06
   4.4800000000000004e+00   1.1677557919560106e-06
   4.4900000000000002e+00   1.1752050194408674e-06
   4.5000000000000000e+00   1.1826722996231455e-06
   4.5099999999999998e+00   1.1901576194928152e-06
   4.5200000000000005e+00   1.1976609666022833e-06
   4.5300000000000002e+00   1.2051823284170676e-06
   4.5400000000000000e+00   1.2127216917165033e-06
   4.5499999999999998e+00   1.2202790418769253e-06
   4.5600000000000005e+00   1.2278543695047625e-06
   4.5700000000000003e+00   1.2354476525650499e-06
   4.5800000000000001e+00   1.2430588863107494e-06
   4.5899999999999999e+00   1.2506880497181271e-06
   4.6000000000000005e+00   1.2583351267004448e-06
   4.6100000000000003e+00   1.2660001104694860e-06
   4.6200000000000001e+00   1.2736829749155076e-06
   4.6299999999999999e+00   1.2813837131534743e-06
   4.6399999999999997e+00   1.2891023021951517e-06
   4.6500000000000004e+00   1.2968387304774150e-06
   4.6600000000000001e+00   1.3045929767600527e-06
   4.6699999999999999e+00   1.3123650283329057e-06
   4.6799999999999997e+00   1.3201548638250680e-06
   4.6900000000000004e+00   1.3279624659410722e-06
   4.7000000000000002e+00   1.3357878225282602e-06
   4.7100000000000000e+00   1.3436309033033669e-06
   4.7199999999999998e+00   1.3514917002144294e-06
   4.7300000000000004e+00   1.3593701913125302e-06
   4.7400000000000002e+00   1.3672663505861404e-06
   4.7500000000000000e+00   1.3751801694004483e-06
   4.7599999999999998e+00   1.3831116170201554e-06
   4.7700000000000005e+00   1.3910606801544584e-06
   4.7800000000000002e+00   1.3990273323412127e-06
   4.7900000000000000e+00   1.4070115564722827e-06
   4.7999999999999998e+00   1.4150133275927125e-06
   4.8100000000000005e+00   1.4230326245320057e-06
   4.8200000000000003e+00   1.4310694287924036e-06
   4.8300000000000001e+00   1.4391237089130966e-06
   4.8399999999999999e+00   1.4471954502928071e-06
   4.8500000000000005e+00   1.4552846298500930e-06
   4.8600000000000003e+00   1.4633912119343504e-06
   4.8700000000000001e+00   1.4715151912396025e-06
   4.8799999999999999e+00   1.4796565297182343e-06
   4.8899999999999997e+00   1.4878152096883714e-06
   4.9000000000000004e+00   1.4959912051871317e-06
   4.9100000000000001e+00   1.5041844915973517e-06
   4.9199999999999999e+00   1.5123950450957427e-06
   4.9299999999999997e+00   1.5206228392782540e-06
   4.9400000000000004e+00   1.5288678533375490e-06
   4.9500000000000002e+00   1.5371300563072500e-06
   4.9600000000000000e+00   1.5454094293531150e-06
   4.9699999999999998e+00   1.5537059472659278e-06
   4.9800000000000004e+00   1.5620195744933483e-06
   4.9900000000000002e+00   1.5703503044814198e-06
   5.0000000000000000e+00   1.5786980980067959e-06
   5.0099999999999998e+00   1.5870629338688632e-06
   5.0200000000000005e+00   1.5954447922499741e-06
   5.0300000000000002e+00   1.6038436422108946e-06
   5.0400000000000000e+00   1.6122594631375277e-06
   5.0499999999999998e+00   1.6206922279596594e-06
   5.0600000000000005e+00   1.6291419145251299e-06
   5.0700000000000003e+00   1.6376084950681379e-06
   5.0800000000000001e+00   1.6460919511252683e-06
   5.0899999999999999e+00   1.6545922511805946e-06
   5.1000000000000005e+00   1.6631093729175702e-06
   5.1100000000000003e+00   1.6716433014213704e-06
   5.1200000000000001e+00   1.6801939929048902e-06
   5.1299999999999999e+00   1.6887614409107270e-06
   5.1399999999999997e+00   1.6973456135142108e-06
   5.1500000000000004e+00   1.7059464845669485e-06
   5.1600000000000001e+00   1.7145640330714063e-06
   5.1699999999999999e+00   1.7231982308466677e-06
   5.1799999999999997e+00   1.7318490542217485e-06
   5.1900000000000004e+00   1.7405164758968703e-06
   5.2000000000000002e+00   1.7492004887533433e-06
   5.2100000000000000e+00   1.7579011075327520e-06
   5.2199999999999998e+00   1.7666183238104102e-06
   5.2300000000000004e+00   1.7753521395343314e-06
   5.2400000000000002e+00   1.7841025535147210e-06
   5.2500000000000000e+00   1.7928695613875138e-06
   5.2599999999999998e+00   1.8016531503283224e-06
   5.2700000000000005e+00   1.8104533172493060e-06
   5.2800000000000002e+00   1.8192700511106877e-06
   5.2900000000000000e+00   1.8281033329365562e-06
   5.2999999999999998e+00   1.8369531648931605e-06
   5.3100000000000005e+00   1.8458195284284596e-06
   5.3200000000000003e+00   1.8547024037707527e-06
   5.3300000000000001e+00   1.8636017923850396e-06
   5.3399999999999999e+00   1.8725176777877249e-06
   5.3500000000000005e+00   1.8814500509326464e-06
   5.3600000000000003e+00   1.8903989006972051e-06
   5.3700000000000001e+00   1.8993642218582124e-06
   5.3799999999999999e+00   1.9083459947200917e-06
   5.3899999999999997e+00   1.9173442084373461e-06
   5.4000000000000004e+00   1.9263588463111782e-06
   5.4100000000000001e+00   1.9353898839458355e-06
   5.4199999999999999e+00   1.9444373062268388e-06
   5.4299999999999997e+00   1.9535010821414218e-06
   5.4400000000000004e+00   1.9625811887688103e-06
   5.4500000000000002e+00   1.9716775999864565e-06
   5.4600000000000000e+00   1.9807902820691554e-06
   5.4699999999999998e+00   1.9899192091935321e-06
   5.4800000000000004e+00   1.9990643513339521e-06
   5.4900000000000002e+00   2.0082256742674598e-06
   5.5000000000000000e+00   2.0174031499653942e-06
   5.5099999999999998e+00   2.0265967530915534e-06
   5.5200000000000005e+00   2.0358064467476882e-06
   5.5300000000000002e+00   2.0450321997499485e-06
   5.5400000000000000e+00   2.0542739932793688e-06
   5.5499999999999998e+00   2.0635318001785761e-06
   5.5600000000000005e+00   2.0728055846869753e-06
   5.5700000000000003e+00   2.0820953294635373e-06
   5.5800000000000001e+00   2.0914010078010369e-06
   5.5899999999999999e+00   2.1007225945694586e-06
   5.6000000000000005e+00   2.1100600723369433e-06
   5.6100000000000003e+00   2.1194134170218351e-06
   5.6200000000000001e+00   2.1287826090053475e-06
   5.6299999999999999e+00   2.1381676354220301e-06
   5.6399999999999997e+00   2.1475684774661170e-06
   5.6500000000000004e+00   2.1569851159381806e-06
   5.6600000000000001e+00   2.1664175419548667e-06
   5.6699999999999999e+00   2.1758657530908747e-06
   5.6799999999999997e+00   2.1853297278168400e-06
   5.6900000000000004e+00   2.1948094519684994e-06
   5.7000000000000002e+00   2.2043049355314586e-06
   5.7100000000000000e+00   2.2138161788141701e-06
   5.7199999999999998e+00   2.2233431573677772e-06
   5.7300000000000004e+00   2.2328858821842734e-06
   5.7400000000000002e+00   2.2424443633308240e-06
   5.7500000000000000e+00   2.2520185883126080e-06
   5.7599999999999998e+00   2.2616085702281086e-06
   5.7700000000000005e+00   2.2712143120171797e-06
   5.7800000000000002e+00   2.2808358173880559e-06
   5.7900000000000000e+00   2.2904731012152256e-06
   5.7999999999999998e+00   2.3001261651953539e-06
   5.8100000000000005e+00   2.3097950190340204e-06
   5.8200000000000003e+00   2.3194796821302802e-06
   5.8300000000000001e+00   2.3291801550201562e-06
   5.8399999999999999e+00   2.3388964489813050e-06
   5.8500000000000005e+00   2.3486285867976814e-06
   5.8600000000000003e+00   2.3583765694176776e-06
   5.8700000000000001e+00   2.3681404087913895e-06
   5.8799999999999999e+00   2.3779201255988525e-06
   5.8899999999999997e+00   2.3877157228900123e-06
   5.9000000000000004e+00   2.3975272128561190e-06
   5.9100000000000001e+00   2.4073546128101249e-06
   5.9199999999999999e+00   2.4171979273606346e-06
   5.9299999999999997e+00   2.4270571667854565e-06
   5.9400000000000004e+00   2.4369323468742919e-06
   5.9500000000000002e+00   2.4468234735710314e-06
   5.9600000000000000e+00   2.4567305535611004e-06
   5.9699999999999998e+00   2.4666535993599136e-06
   5.9800000000000004e+00   2.4765926226994331e-06
   5.9900000000000002e+00   2.4865476248962695e-06
   6.0000000000000000e+00   2.4965186119410299e-06
   6.0099999999999998e+00   2.5065055971662543e-06
   6.0200000000000005e+00   2.5165085934849277e-06
   6.0300000000000002e+00   2.5265275904574116e-06
   6.0400000000000000e+00   2.5365625894483389e-06
   6.0499999999999998e+00   2.5466136135837286e-06
   6.0600000000000005e+00   2.5566806699972069e-06
   6.0700000000000003e+00   2.5667637352207897e-06
   6.0800000000000001e+00   2.5768628226810097e-06
   6.0899999999999999e+00   2.5869779478440083e-06
   6.1000000000000005e+00   2.5971090916862933e-06
   6.1100000000000003e+00   2.6072562608723238e-06
   6.1200000000000001e+00   2.6174194533307883e-06
   6.1299999999999999e+00   2.6275986625132487e-06
   6.1400000000000006e+00   2.6377938885652643e-06
   6.1500000000000004e+00   2.6480051239776924e-06
   6.1600000000000001e+00   2.6582323604526763e-06
   6.1699999999999999e+00   2.6684755942742046e-06
   6.1799999999999997e+00   2.6787348190578465e-06
   6.1900000000000004e+00   2.6890100168501826e-06
   6.2000000000000002e+00   2.6993011764466131e-06
   6.2100000000000000e+00   2.7096082961546948e-06
   6.2199999999999998e+00   2.7199313653845209e-06
   6.2300000000000004e+00   2.7302703505839328e-06
   6.2400000000000002e+00   2.7406252384577929e-06
   6.2500000000000000e+00   2.7509960354710059e-06
   6.2599999999999998e+00   2.7613827101285458e-06
   6.2700000000000005e+00   2.7717852331956062e-06
   6.2800000000000002e+00   2.7822035992897114e-06
   6.2900000000000000e+00   2.7926377830989213e-06
   6.2999999999999998e+00   2.8030877579291268e-06
   6.3100000000000005e+00   2.8135535057968596e-06
   6.3200000000000003e+00   2.8240350003785364e-06
   6.3300000000000001e+00   2.8345322147227884e-06
   6.3399999999999999e+00   2.8450451249181702e-06
   6.3500000000000005e+00   2.8555737049942652e-06
   6.3600000000000003e+00   2.8661179239380469e-06
   6.3700000000000001e+00   2.8766777522375327e-06
   6.3799999999999999e+00   2.8872531623866896e-06
   6.3900000000000006e+00   2.8978441267562901e-06
   6.4000000000000004e+00   2.9084506086963667e-06
   6.4100000000000001e+00   2.9190725833230972e-06
   6.4199999999999999e+00   2.9297100473663106e-06
   6.4299999999999997e+00   2.9403629889846273e-06
   6.4400000000000004e+00   2.9510314023338241e-06
   6.4500000000000002e+00   2.9617152818972449e-06
   6.4600000000000000e+00   2.9724145924874595e-06
   6.4699999999999998e+00   2.9831293068870223e-06
   6.4800000000000004e+00   2.9938594111498148e-06
   6.4900000000000002e+00   3.0046048835225173e-06
   6.5000000000000000e+00   3.0153657127874197e-06
   6.5099999999999998e+00   3.0261418698784649e-06
   6.5200000000000005e+00   3.0369333333960652e-06
   6.5300000000000002e+00   3.0477401040444979e-06
   6.5400000000000000e+00   3.0585621573716451e-06
   6.5499999999999998e+00   3.0693994501790849e-06
   6.5600000000000005e+00   3.0802519648676741e-06
   6.5700000000000003e+00   3.0911196790631377e-06
   6.5800000000000001e+00   3.1020025455222605e-06
   6.5899999999999999e+00   3.1129005300485849e-06
   6.6000000000000005e+00   3.1238135960236210e-06
   6.6100000000000003e+00   3.1347416949535593e-06
   6.6200000000000001e+00   3.1456847824207830e-06
   6.6299999999999999e+00   3.1566428130109430e-06
   6.6400000000000006e+00   3.1676157392031558e-06
   6.6500000000000004e+00   3.1786035181517318e-06
   6.6600000000000001e+00   3.1896060997638752e-06
   6.6699999999999999e+00   3.2006234296221276e-06
   6.6799999999999997e+00   3.2116554695855452e-06
   6.6900000000000004e+00   3.2227021797399553e-06
   6.7000000000000002e+00   3.2337635096580166e-06
   6.7100000000000000e+00   3.2448394185000344e-06
   6.7199999999999998e+00   3.2559298717157954e-06
   6.7300000000000004e+00   3.2670348279570829e-06
   6.7400000000000002e+00   3.2781542475241744e-06
   6.7500000000000000e+00   3.2892881017000574e-06
   6.7599999999999998e+00   3.3004363590099256e-06
   6.7700000000000005e+00   3.3115989839533195e-06
   6.7800000000000002e+00   3.3227759475481848e-06
   6.7900000000000000e+00   3.3339672326641457e-06
   6.7999999999999998e+00   3.3451728171153415e-06
   6.8100000000000005e+00   3.3563926720864086e-06
   6.8200000000000003e+00   3.3676267757774449e-06
   6.8300000000000001e+00   3.3788751263744095e-06
   6.8399999999999999e+00   3.3901377136475286e-06
   6.8500000000000005e+00   3.4014145154816581e-06
   6.8600000000000003e+00   3.4127055215157850e-06
   6.8700000000000001e+00   3.4240107406526107e-06
   6.8799999999999999e+00   3.4353301708637397e-06
   6.8900000000000006e+00   3.4466638026659459e-06
   6.9000000000000004e+00   3.4580116438666923e-06
   6.9100000000000001e+00   3.4693737058726819e-06
   6.9199999999999999e+00   3.4807499954351794e-06
   6.9299999999999997e+00   3.4921405197833345e-06
   6.9400000000000004e+00   3.5035452980190686e-06
   6.9500000000000002e+00   3.5149643490139934e-06
   6.9600000000000000e+00   3.5263976895978259e-06
   6.9699999999999998e+00   3.5378453367766576e-06
   6.9800000000000004e+00   3.5493073196421226e-06
   6.9900000000000002e+00   3.5607836693191699e-06
   7.0000000000000000e+00   3.5722744129557907e-06
   7.0099999999999998e+00   3.5837795737825346e-06
   7.0200000000000005e+00   3.5952991816232020e-06
   7.0300000000000002e+00   3.6068332672851320e-06
   7.0400000000000000e+00   3.6183818686824424e-06
   7.0499999999999998e+00   3.6299450376830245e-06
   7.0600000000000005e+00   3.6415227990318942e-06
   7.0700000000000003e+00   3.6531151635359680e-06
   7.0800000000000001e+00   3.6647221724482996e-06
   7.0899999999999999e+00   3.6763438737069096e-06
   7.1000000000000005e+00   3.6879803187771117e-06
   7.1100000000000003e+00   3.6996315629805508e-06
   7.1200000000000001e+00   3.7112976058539240e-06
   7.1299999999999999e+00   3.7229784659919280e-06
   7.1400000000000006e+00   3.7346741549381725e-06
   7.1500000000000004e+00   3.7463847010352219e-06
   7.1600000000000001e+00   3.7581102540629127e-06
   7.1699999999999999e+00   3.7698509263665084e-06
   7.1799999999999997e+00   3.7816065550661961e-06
   7.1900000000000004e+00   3.7933770480985139e-06
   7.2000000000000002e+00   3.8051624390497469e-06
   7.2100000000000000e+00   3.8169623024106736e-06
   7.2199999999999998e+00   3.8287777734134667e-06
   7.2300000000000004e+00   3.8406098367012525e-06
   7.2400000000000002e+00   3.8524575672935298e-06
   7.2500000000000000e+00   3.8643191244016189e-06
   7.2599999999999998e+00   3.8761948199751206e-06
   7.2700000000000005e+00   3.8880843223636954e-06
   7.2800000000000002e+00   3.8999906396793403e-06
   7.2900000000000000e+00   3.9119169806287042e-06
   7.2999999999999998e+00   3.9238573950744173e-06
   7.3100000000000005e+00   3.9358083861489425e-06
   7.3200000000000003e+00   3.9477716611518460e-06
   7.3300000000000001e+00   3.9597496122638740e-06
   7.3399999999999999e+00   3.9717522451122972e-06
   7.3500000000000005e+00   3.9837759226006416e-06
   7.3600000000000003e+00   3.9958066046907272e-06
   7.3700000000000001e+00   4.0078471532088184e-06
   7.3799999999999999e+00   4.0199000653656844e-06
   7.3900000000000006e+00   4.0319770568722579e-06
   7.4000000000000004e+00   4.0440733152258510e-06
   7.4100000000000001e+00   4.0561816330565674e-06
   7.4199999999999999e+00   4.0683009129223482e-06
   7.4299999999999997e+00   4.0804350543754324e-06
   7.4400000000000004e+00   4.0925873892455340e-06
   7.4500000000000002e+00   4.1047571845170414e-06
   7.4600000000000000e+00   4.1169422823675397e-06
   7.4699999999999998e+00   4.1291397935827466e-06
   7.4800000000000004e+00   4.1413511265082018e-06
   7.4900000000000002e+00   4.1535766367158164e-06
   7.5000000000000000e+00   4.1658217681406077e-06
   7.5099999999999998e+00   4.1780874444092470e-06
   7.5199999999999996e+00   4.1903645187413596e-06
   7.5300000000000002e+00   4.2026513681211488e-06
   7.5400000000000000e+00   4.2149528579563221e-06
   7.5499999999999998e+00   4.2272733620770189e-06
   7.5599999999999996e+00   4.2396117569835779e-06
   7.5700000000000003e+00   4.2519640848279466e-06
   7.5800000000000001e+00   4.2643291156178409e-06
   7.5899999999999999e+00   4.2767081541988941e-06
   7.5999999999999996e+00   4.2891040438958793e-06
   7.6099999999999994e+00   4.3015168832392120e-06
   7.6200000000000001e+00   4.3139459467940823e-06
   7.6299999999999999e+00   4.3263875120646449e-06
   7.6399999999999997e+00   4.3388402365229265e-06
   7.6499999999999995e+00   4.3513091056148329e-06
   7.6600000000000001e+00   4.3637940376577193e-06
   7.6699999999999999e+00   4.3762999487203610e-06
   7.6799999999999997e+00   4.3888230433863216e-06
   7.6899999999999995e+00   4.4013501445503210e-06
   7.7000000000000002e+00   4.4138894431207320e-06
   7.7100000000000000e+00   4.4264492854833641e-06
   7.7199999999999998e+00   4.4390275758919934e-06
   7.7299999999999995e+00   4.4516203076975739e-06
   7.7400000000000002e+00   4.4642252732418508e-06
   7.7500000000000000e+00   4.4768433619701713e-06
   7.7599999999999998e+00   4.4894760316752029e-06
   7.7699999999999996e+00   4.5021246912665074e-06
   7.7800000000000002e+00   4.5147904396098842e-06
   7.7900000000000000e+00   4.5274701225338545e-06
   7.7999999999999998e+00   4.5401612088092663e-06
   7.8099999999999996e+00   4.5528648670521143e-06
   7.8200000000000003e+00   4.5655815654684040e-06
   7.8300000000000001e+00   4.5783192329917699e-06
   7.8399999999999999e+00   4.5910781509346972e-06
   7.8499999999999996e+00   4.6038450776881717e-06
   7.8599999999999994e+00   4.6166206687200881e-06
   7.8700000000000001e+00   4.6294064199065876e-06
   7.8799999999999999e+00   4.6422123479534874e-06
   7.8899999999999997e+00   4.6550427532755084e-06
   7.8999999999999995e+00   4.6678834909096175e-06
   7.9100000000000001e+00   4.6807303565932834e-06
   7.9199999999999999e+00   4.6935878970779167e-06
   7.9299999999999997e+00   4.7064652773729417e-06
   7.9399999999999995e+00   4.7193622517768965e-06
   7.9500000000000002e+00   4.7322726979327950e-06
   7.9600000000000000e+00   4.7451936132281783e-06
   7.9699999999999998e+00   4.7581262246172664e-06
   7.9799999999999995e+00   4.7710730982955666e-06
   7.9900000000000002e+00   4.7840368694094414e-06
   8.0000000000000000e+00   4.7970166231406734e-06
   8.0099999999999998e+00   4.8100097920172317e-06
   8.0199999999999996e+00   4.8230143819968102e-06
   8.0300000000000011e+00   4.8360290224000617e-06
   8.0399999999999991e+00   4.8490602105175500e-06
   8.0500000000000007e+00   4.8621084112598991e-06
   8.0599999999999987e+00   4.8751738240420648e-06
   8.0700000000000003e+00   4.8882528581553172e-06
   8.0800000000000001e+00   4.9013353846955407e-06
   8.0899999999999999e+00   4.9144304545685815e-06
   8.0999999999999996e+00   4.9275479510351119e-06
   8.1099999999999994e+00   4.9406819839362471e-06
   8.1200000000000010e+00   4.9538282792261151e-06
   8.1299999999999990e+00   4.9669851760412222e-06
   8.1400000000000006e+00   4.9801545173460039e-06
   8.1499999999999986e+00   4.9933379886935500e-06
   8.1600000000000001e+00   5.0065370784597342e-06
   8.1699999999999999e+00   5.0197522282605564e-06
   8.1799999999999997e+00   5.0329798624528068e-06
   8.1899999999999995e+00   5.0462180061407290e-06
   8.1999999999999993e+00   5.0594678510051415e-06
   8.2100000000000009e+00   5.0727302051246730e-06
   8.2199999999999989e+00   5.0860147436820740e-06
   8.2300000000000004e+00   5.0993190045853137e-06
   8.2400000000000002e+00   5.1126288405874372e-06
   8.2500000000000000e+00   5.1259463705150475e-06
   8.2599999999999998e+00   5.1392738038367669e-06
   8.2699999999999996e+00   5.1526240647585786e-06
   8.2800000000000011e+00   5.1659942877073203e-06
   8.2899999999999991e+00   5.1793745645679529e-06
   8.3000000000000007e+00   5.1927615530323230e-06
   8.3099999999999987e+00   5.2061598676604363e-06
   8.3200000000000003e+00   5.2195775349592114e-06
   8.3300000000000001e+00   5.2330126292717338e-06
   8.3399999999999999e+00   5.2464607657116969e-06
   8.3499999999999996e+00   5.2599185632015158e-06
   8.3599999999999994e+00   5.2733883667319988e-06
   8.3700000000000010e+00   5.2868724250314829e-06
   8.3799999999999990e+00   5.3003736072696773e-06
   8.3900000000000006e+00   5.3138896848815744e-06
   8.3999999999999986e+00   5.3274188710378738e-06
   8.4100000000000001e+00   5.3409580114525109e-06
   8.4199999999999999e+00   5.3545073595210882e-06
   8.4299999999999997e+00   5.3680750060076441e-06
   8.4399999999999995e+00   5.3816596749443593e-06
   8.4499999999999993e+00   5.3952576278521833e-06
   8.4600000000000009e+00   5.4088660765478281e-06
   8.4699999999999989e+00   5.4224873212009461e-06
   8.4800000000000004e+00   5.4361229529122559e-06
   8.4900000000000002e+00   5.4497732375187595e-06
   8.5000000000000000e+00   5.4634377069388008e-06
   8.5099999999999998e+00   5.4771156792229317e-06
   8.5199999999999996e+00   5.4908068862933137e-06
   8.5300000000000011e+00   5.5045114915629202e-06
   8.5399999999999991e+00   5.5182300133617266e-06
   8.5500000000000007e+00   5.5319625489212007e-06
   8.5599999999999987e+00   5.5457090027260948e-06
   8.5700000000000003e+00   5.5594690897111992e-06
   8.5800000000000001e+00   5.5732427931054285e-06
   8.5899999999999999e+00   5.5870300470504267e-06
   8.5999999999999996e+00   5.6008311426678036e-06
   8.6099999999999994e+00   5.6146460840079938e-06
   8.6200000000000010e+00   5.6284748085301296e-06
   8.6299999999999990e+00   5.6423171262813494e-06
   8.6400000000000006e+00   5.6561726286757209e-06
   8.6499999999999986e+00   5.6700415433568037e-06
   8.6600000000000001e+00   5.6839244849080339e-06
   8.6699999999999999e+00   5.6978215992912235e-06
   8.6799999999999997e+00   5.7117330231200448e-06
   8.6899999999999995e+00   5.7256597890471728e-06
   8.6999999999999993e+00   5.7395956758555919e-06
   8.7100000000000009e+00   5.7535397993870162e-06
   8.7199999999999989e+00   5.7674990625142748e-06
   8.7300000000000004e+00   5.7814786881067154e-06
   8.7400000000000002e+00   5.7954745494694169e-06
   8.7500000000000000e+00   5.8094811412600901e-06
   8.7599999999999998e+00   5.8234948428620618e-06
   8.7699999999999996e+00   5.8375221428216377e-06
   8.7800000000000011e+00   5.8515659850807288e-06
   8.7899999999999991e+00   5.8656261640890459e-06
   8.8000000000000007e+00   5.8796977158227511e-06
   8.8099999999999987e+00   5.8937791536515228e-06
   8.8200000000000003e+00   5.9078724251305160e-06
   8.8300000000000001e+00   5.9219806342303143e-06
   8.8399999999999999e+00   5.9361046344123495e-06
   8.8499999999999996e+00   5.9502412159022903e-06
   8.8599999999999994e+00   5.9643887526718063e-06
   8.8700000000000010e+00   5.9785453107200439e-06
   8.8799999999999990e+00   5.9927159284633130e-06
   8.8900000000000006e+00   6.0069010660256451e-06
   8.8999999999999986e+00   6.0211025827167856e-06
   8.9100000000000001e+00   6.0353174045395715e-06
   8.9199999999999999e+00   6.0495360479146595e-06
   8.9299999999999997e+00   6.0637663967482358e-06
   8.9399999999999995e+00   6.0780153186369247e-06
   8.9499999999999993e+00   6.0922791045628810e-06
   8.9600000000000009e+00   6.1065539410221141e-06
   8.9699999999999989e+00   6.1208384993789286e-06
   8.9800000000000004e+00   6.1351345095617036e-06
   8.9900000000000002e+00   6.1494441990921189e-06
   9.0000000000000000e+00   6.1637683842220495e-06
   9.0099999999999998e+00   6.1781068380157732e-06
   9.0199999999999996e+00   6.1924561033714190e-06
   9.0300000000000011e+00   6.2068133877746235e-06
   9.0399999999999991e+00   6.2211832411317385e-06
   9.0500000000000007e+00   6.2355670397851416e-06
   9.0599999999999987e+00   6.2499701924138702e-06
   9.0700000000000003e+00   6.2643893059088038e-06
   9.0800000000000001e+00   6.2788104800986546e-06
   9.0899999999999999e+00   6.2932403563284646e-06
   9.0999999999999996e+00   6.3076856354677480e-06
   9.1099999999999994e+00   6.3221534256789453e-06
   9.1200000000000010e+00   6.3366398623925731e-06
   9.1299999999999990e+00   6.3511272199219443e-06
   9.1400000000000006e+00   6.3656188028252997e-06
   9.1499999999999986e+00   6.3801274162951931e-06
   9.1600000000000001e+00   6.3946580332588131e-06
   9.1699999999999999e+00   6.4092038080272641e-06
   9.1799999999999997e+00   6.4237597838592520e-06
   9.1899999999999995e+00   6.4383234354692895e-06
   9.1999999999999993e+00   6.4528998252869233e-06
   9.2100000000000009e+00   6.4674913168354055e-06
   9.2199999999999989e+00   6.4821004924378744e-06
   9.2300000000000004e+00   6.4967227984999340e-06
   9.2400000000000002e+00   6.5113567010961624e-06
   9.2500000000000000e+00   6.5259995075574602e-06
   9.2599999999999998e+00   6.5406538594763801e-06
   9.2699999999999996e+00   6.5553288323694827e-06
   9.2800000000000011e+00   6.5700203006134163e-06
   9.2899999999999991e+00   6.5847244525152908e-06
   9.3000000000000007e+00   6.5994350786447270e-06
   9.3099999999999987e+00   6.6141518992012061e-06
   9.3200000000000003e+00   6.6288915382037383e-06
   9.3300000000000001e+00   6.6436511408216963e-06
   9.3399999999999999e+00   6.6584231814682531e-06
   9.3499999999999996e+00   6.6732044093419990e-06
   9.3599999999999994e+00   6.6879972338548076e-06
   9.3700000000000010e+00   6.7028042043926523e-06
   9.3799999999999990e+00   6.7176272775786137e-06
   9.3900000000000006e+00   6.7324663582424738e-06
   9.3999999999999986e+00   6.7473187871491856e-06
   9.4100000000000001e+00   6.7621811661960592e-06
   9.4199999999999999e+00   6.7770556438531680e-06
   9.4299999999999997e+00   6.7919434211810677e-06
   9.4399999999999995e+00   6.8068516419675753e-06
   9.4499999999999993e+00   6.8217795183435583e-06
   9.4600000000000009e+00   6.8367141123922310e-06
   9.4699999999999989e+00   6.8516573908589115e-06
   9.4800000000000004e+00   6.8666107954062013e-06
   9.4900000000000002e+00   6.8815860060893058e-06
   9.5000000000000000e+00   6.8965856169288204e-06
   9.5099999999999998e+00   6.9115925184603660e-06
   9.5199999999999996e+00   6.9266030799196022e-06
   9.5300000000000011e+00   6.9416250042055175e-06
   9.5399999999999991e+00   6.9566699967547392e-06
   9.5500000000000007e+00   6.9717350086715866e-06
   9.5599999999999987e+00   6.9868114851441978e-06
   9.5700000000000003e+00   7.0018960161667585e-06
   9.5800000000000001e+00   7.0169925709815594e-06
   9.5899999999999999e+00   7.0321043503565279e-06
   9.5999999999999996e+00   7.0472343169600987e-06
   9.6099999999999994e+00   7.0623789077088736e-06
   9.6200000000000010e+00   7.0775363386707661e-06
   9.6299999999999990e+00   7.0927026218767943e-06
   9.6400000000000006e+00   7.1078808347501517e-06
   9.6499999999999986e+00   7.1230771859129111e-06
   9.6600000000000001e+00   7.1382906546451876e-06
   9.6699999999999999e+00   7.1535215384639854e-06
   9.6799999999999997e+00   7.1687586995285622e-06
   9.6899999999999995e+00   7.1840008780221509e-06
   9.6999999999999993e+00   7.1992636468252061e-06
   9.7100000000000009e+00   7.2145466799185705e-06
   9.7199999999999989e+00   7.2298434516512057e-06
   9.7300000000000004e+00   7.2451487790131708e-06
   9.7400000000000002e+00   7.2604646939978733e-06
   9.7500000000000000e+00   7.2757945825824231e-06
   9.7599999999999998e+00   7.2911417265493207e-06
   9.7699999999999996e+00   7.3065041555016953e-06
   9.7800000000000011e+00   7.3218798472613821e-06
   9.7899999999999991e+00   7.3372632748643205e-06
   9.8000000000000007e+00   7.3526573056875904e-06
   9.8099999999999987e+00   7.3680676082580334e-06
   9.8200000000000003e+00   7.3834959525705481e-06
   9.8300000000000001e+00   7.3989424578837202e-06
   9.8399999999999999e+00   7.4143940833308167e-06
   9.8499999999999996e+00   7.4298528725948441e-06
   9.8599999999999994e+00   7.4453250931229680e-06
   9.8700000000000010e+00   7.4608178276833550e-06
   9.8799999999999990e+00   7.4763320392417015e-06
   9.8900000000000006e+00   7.4918505638575757e-06
   9.8999999999999986e+00   7.5073749413660241e-06
   9.9100000000000001e+00   7.5229128899090299e-06
   9.9199999999999999e+00   7.5384682559813212e-06
   9.9299999999999997e+00   7.5540387609651771e-06
   9.9399999999999995e+00   7.5696215355130582e-06
   9.9499999999999993e+00   7.5852142026667575e-06
   9.9600000000000009e+00   7.6008172340889357e-06
   9.9699999999999989e+00   7.6164327845919261e-06
   9.9800000000000004e+00   7.6320658475817961e-06
   9.9900000000000002e+00   7.6477139780085645e-06
   1.0000000000000000e+01   7.6633734854777296e-06
   1.0010000000000000e+01   7.6790395048738752e-06
   1.0020000000000000e+01   7.6947110204431617e-06
   1.0030000000000001e+01   7.7104029570755735e-06
   1.0039999999999999e+01   7.7261137878639395e-06
   1.0050000000000001e+01   7.7418388261747151e-06
   1.0059999999999999e+01   7.7575681650128339e-06
   1.0070000000000000e+01   7.7732979893601567e-06
   1.0080000000000000e+01   7.7890484128748759e-06
   1.0090000000000000e+01   7.8048233878605893e-06
   1.0100000000000000e+01   7.8206111531022261e-06
   1.0109999999999999e+01   7.8364010956163786e-06
   1.0120000000000001e+01   7.8521968281990747e-06
   1.0129999999999999e+01   7.8680077167365158e-06
   1.0140000000000001e+01   7.8838367491891891e-06
   1.0149999999999999e+01   7.8996794914073155e-06
   1.0160000000000000e+01   7.9155326369136462e-06
   1.0170000000000000e+01   7.9313934266547993e-06
   1.0180000000000000e+01   7.9472656718337826e-06
   1.0190000000000000e+01   7.9631510802526528e-06
   1.0199999999999999e+01   7.9790533197346725e-06
   1.0210000000000001e+01   7.9949685934913151e-06
   1.0219999999999999e+01   8.0108918166996236e-06
   1.0230000000000000e+01   8.0268234370638681e-06
   1.0240000000000000e+01   8.0427640975252104e-06
   1.0250000000000000e+01   8.0587254239660123e-06
   1.0260000000000000e+01   8.0747078782107595e-06
   1.0270000000000000e+01   8.0906942069727130e-06
   1.0280000000000001e+01   8.1066798613085719e-06
   1.0289999999999999e+01   8.1226727773379594e-06
   1.0300000000000001e+01   8.1386913084258102e-06
   1.0309999999999999e+01   8.1547364123655731e-06
   1.0320000000000000e+01   8.1707851673307747e-06
   1.0330000000000000e+01   8.1868366982649757e-06
   1.0340000000000000e+01   8.2028974777897124e-06
   1.0350000000000000e+01   8.2189732189728398e-06
   1.0359999999999999e+01   8.2350674492673356e-06
   1.0370000000000001e+01   8.2511745393654040e-06
   1.0379999999999999e+01   8.2672913772924576e-06
   1.0390000000000001e+01   8.2834149310668582e-06
   1.0399999999999999e+01   8.2995508499226806e-06
   1.0410000000000000e+01   8.3157016693707580e-06
   1.0420000000000000e+01   8.3318694864718645e-06
   1.0430000000000000e+01   8.3480507474643213e-06
   1.0440000000000000e+01   8.3642353481659467e-06
   1.0449999999999999e+01   8.3804293939711712e-06
   1.0460000000000001e+01   8.3966383335120799e-06
   1.0469999999999999e+01   8.4128689253125706e-06
   1.0480000000000000e+01   8.4291171274768612e-06
   1.0490000000000000e+01   8.4453652456508115e-06
   1.0500000000000000e+01   8.4616202707971246e-06
   1.0510000000000000e+01   8.4778903411235154e-06
   1.0520000000000000e+01   8.4941783726009494e-06
   1.0530000000000001e+01   8.5104806479862910e-06
   1.0539999999999999e+01   8.5267940518806593e-06
   1.0550000000000001e+01   8.5431168147588964e-06
   1.0559999999999999e+01   8.5594494467866189e-06
   1.0570000000000000e+01   8.5757966244847990e-06
   1.0580000000000000e+01   8.5921616049073312e-06
   1.0590000000000000e+01   8.6085405737707131e-06
   1.0600000000000000e+01   8.6249315543696766e-06
   1.0609999999999999e+01   8.6413244602988205e-06
   1.0620000000000001e+01   8.6577259098634628e-06
   1.0629999999999999e+01   8.6741517229968509e-06
   1.0640000000000001e+01   8.6905962087186914e-06
   1.0649999999999999e+01   8.7070537391273142e-06
   1.0660000000000000e+01   8.7235104567385045e-06
   1.0670000000000000e+01   8.7399775859849584e-06
   1.0680000000000000e+01   8.7564644368572474e-06
   1.0690000000000000e+01   8.7729726068655292e-06
   1.0699999999999999e+01   8.7894919574267274e-06
   1.0710000000000001e+01   8.8060141159864712e-06
   1.0719999999999999e+01   8.8225464311125667e-06
   1.0730000000000000e+01   8.8390957319539934e-06
   1.0740000000000000e+01   8.8556649292178712e-06
   1.0750000000000000e+01   8.8722460843129315e-06
   1.0760000000000000e+01   8.8888363059918775e-06
   1.0770000000000000e+01   8.9054345537452151e-06
   1.0780000000000001e+01   8.9220474372363666e-06
   1.0789999999999999e+01   8.9386761774638928e-06
   1.0800000000000001e+01   8.9553226634081667e-06
   1.0809999999999999e+01   8.9719786080919778e-06
   1.0820000000000000e+01   8.9886438781034354e-06
   1.0830000000000000e+01   9.0053174343683462e-06
   1.0840000000000000e+01   9.0220053102140242e-06
   1.0850000000000000e+01   9.0387191586837443e-06
   1.0859999999999999e+01   9.0554434484150078e-06
   1.0870000000000001e+01   9.0721708080214224e-06
   1.0879999999999999e+01   9.0889083851566390e-06
   1.0890000000000001e+01   9.1056626925966599e-06
   1.0900000000000000e+01   9.1224344204061743e-06
   1.0910000000000000e+01   9.1392197252690092e-06
   1.0920000000000000e+01   9.1560142554109048e-06
   1.0930000000000000e+01   9.1728182937219972e-06
   1.0940000000000000e+01   9.1896337723762997e-06
   1.0949999999999999e+01   9.2064667902958914e-06
   1.0960000000000001e+01   9.2233177280503665e-06
   1.0969999999999999e+01   9.2401787813221301e-06
   1.0980000000000000e+01   9.2570481403360537e-06
   1.0990000000000000e+01   9.2739222150363996e-06
   1.1000000000000000e+01   9.2908143595055340e-06
   1.1010000000000000e+01   9.3077273276791709e-06
   1.1020000000000000e+01   9.3246553750522275e-06
   1.1029999999999999e+01   9.3415900878187833e-06
   1.1039999999999999e+01   9.3585207874159376e-06
   1.1050000000000001e+01   9.3754692647671753e-06
   1.1060000000000000e+01   9.3924485907444483e-06
   1.1070000000000000e+01   9.4094446931840733e-06
   1.1080000000000000e+01   9.4264417532567664e-06
   1.1090000000000000e+01   9.4434372176947600e-06
   1.1100000000000000e+01   9.4604491946010110e-06
   1.1109999999999999e+01   9.4774812312037145e-06
   1.1120000000000001e+01   9.4945296520084931e-06
   1.1129999999999999e+01   9.5115882748813354e-06
   1.1140000000000001e+01   9.5286534051122626e-06
   1.1150000000000000e+01   9.5457288051905046e-06
   1.1160000000000000e+01   9.5628174990760096e-06
   1.1170000000000000e+01   9.5799235507487564e-06
   1.1180000000000000e+01   9.5970430304571236e-06
   1.1190000000000000e+01   9.6141712278644184e-06
   1.1199999999999999e+01   9.6313064623905512e-06
   1.1210000000000001e+01   9.6484499771615869e-06
   1.1219999999999999e+01   9.6656142000428252e-06
   1.1230000000000000e+01   9.6827952710888980e-06
   1.1240000000000000e+01   9.6999861302478653e-06
   1.1250000000000000e+01   9.7171792556366610e-06
   1.1260000000000000e+01   9.7343744527672793e-06
   1.1270000000000000e+01   9.7515936478468774e-06
   1.1279999999999999e+01   9.7688327318976997e-06
   1.1289999999999999e+01   9.7860813048358844e-06
   1.1300000000000001e+01   9.8033351434656910e-06
   1.1310000000000000e+01   9.8205976664249508e-06
   1.1320000000000000e+01   9.8378721971017389e-06
   1.1330000000000000e+01   9.8551611631932522e-06
   1.1340000000000000e+01   9.8724648710553359e-06
   1.1350000000000000e+01   9.8897783035707040e-06
   1.1359999999999999e+01   9.9070974193318112e-06
   1.1370000000000001e+01   9.9244245679317643e-06
   1.1379999999999999e+01   9.9417612361300516e-06
   1.1390000000000001e+01   9.9591227697368365e-06
   1.1400000000000000e+01   9.9765039304258295e-06
   1.1410000000000000e+01   9.9938816331280298e-06
   1.1420000000000000e+01   1.0011261108401303e-05
   1.1430000000000000e+01   1.0028650407631059e-05
   1.1440000000000000e+01   1.0046064590394572e-05
   1.1449999999999999e+01   1.0063492979230332e-05
   1.1460000000000001e+01   1.0080928086571773e-05
   1.1469999999999999e+01   1.0098365049168439e-05
   1.1480000000000000e+01   1.0115813083127296e-05
   1.1490000000000000e+01   1.0133277970167013e-05
   1.1500000000000000e+01   1.0150761481763851e-05
   1.1510000000000000e+01   1.0168253765419234e-05
   1.1520000000000000e+01   1.0185743670862094e-05
   1.1529999999999999e+01   1.0203241734415349e-05
   1.1539999999999999e+01   1.0220757307127543e-05
   1.1550000000000001e+01   1.0238294654000573e-05
   1.1560000000000000e+01   1.0255839818195452e-05
   1.1570000000000000e+01   1.0273389421648817e-05
   1.1580000000000000e+01   1.0290943731984834e-05
   1.1590000000000000e+01   1.0308512747563716e-05
   1.1600000000000000e+01   1.0326096365267624e-05
   1.1609999999999999e+01   1.0343695748542457e-05
   1.1620000000000001e+01   1.0361300858105747e-05
   1.1629999999999999e+01   1.0378909779123939e-05
   1.1640000000000001e+01   1.0396528791129916e-05
   1.1650000000000000e+01   1.0414164140445350e-05
   1.1660000000000000e+01   1.0431821568660155e-05
   1.1670000000000000e+01   1.0449483166390845e-05
   1.1680000000000000e+01   1.0467144789818271e-05
   1.1690000000000000e+01   1.0484817241362716e-05
   1.1699999999999999e+01   1.0502505836062949e-05
   1.1710000000000001e+01   1.0520208926503277e-05
   1.1719999999999999e+01   1.0537922649670457e-05
   1.1730000000000000e+01   1.0555643476808733e-05
   1.1740000000000000e+01   1.0573372258169104e-05
   1.1750000000000000e+01   1.0591111014764499e-05
   1.1760000000000000e+01   1.0608866753711180e-05
   1.1770000000000000e+01   1.0626637426156586e-05
   1.1779999999999999e+01   1.0644416971112056e-05
   1.1789999999999999e+01   1.0662200681458512e-05
   1.1800000000000001e+01   1.0679986412160951e-05
   1.1810000000000000e+01   1.0697792525187931e-05
   1.1820000000000000e+01   1.0715617728400270e-05
   1.1830000000000000e+01   1.0733456089587969e-05
   1.1840000000000000e+01   1.0751294965060260e-05
   1.1850000000000000e+01   1.0769133633367340e-05
   1.1859999999999999e+01   1.0786992248135922e-05
   1.1870000000000001e+01   1.0804874021985332e-05
   1.1879999999999999e+01   1.0822768957716418e-05
   1.1890000000000001e+01   1.0840662431271413e-05
   1.1900000000000000e+01   1.0858559930917059e-05
   1.1910000000000000e+01   1.0876472697495794e-05
   1.1920000000000000e+01   1.0894404538480836e-05
   1.1930000000000000e+01   1.0912348679921555e-05
   1.1940000000000000e+01   1.0930301120546031e-05
   1.1949999999999999e+01   1.0948259059216589e-05
   1.1960000000000001e+01   1.0966228272566702e-05
   1.1969999999999999e+01   1.0984210875788540e-05
   1.1980000000000000e+01   1.1002210581770163e-05
   1.1990000000000000e+01   1.1020220407004931e-05
   1.2000000000000000e+01   1.1038237636335624e-05
   1.2010000000000000e+01   1.1056260702619375e-05
   1.2020000000000000e+01   1.1074294049895802e-05
   1.2029999999999999e+01   1.1092351524700145e-05
   1.2039999999999999e+01   1.1110423463423710e-05
   1.2050000000000001e+01   1.1128497848976741e-05
   1.2060000000000000e+01   1.1146571150880014e-05
   1.2070000000000000e+01   1.1164650856939414e-05
   1.2080000000000000e+01   1.1182763919240942e-05
   1.2090000000000000e+01   1.1200899711703820e-05
   1.2100000000000000e+01   1.1219033776500384e-05
   1.2109999999999999e+01   1.1237166410391398e-05
   1.2120000000000001e+01   1.1255310682613697e-05
   1.2129999999999999e+01   1.1273472199386802e-05
   1.2140000000000001e+01   1.1291652656780675e-05
   1.2150000000000000e+01   1.1309842446750612e-05
   1.2160000000000000e+01   1.1328038803256165e-05
   1.2170000000000000e+01   1.1346241445811728e-05
   1.2180000000000000e+01   1.1364458135539149e-05
   1.2190000000000000e+01   1.1382689830059004e-05
   1.2199999999999999e+01   1.1400937609317327e-05
   1.2210000000000001e+01   1.1419191625899431e-05
   1.2219999999999999e+01   1.1437452852956846e-05
   1.2230000000000000e+01   1.1455721058000397e-05
   1.2240000000000000e+01   1.1474004271114043e-05
   1.2250000000000000e+01   1.1492312656552093e-05
   1.2260000000000000e+01   1.1510626466127957e-05
   1.2270000000000000e+01   1.1528941059800831e-05
   1.2279999999999999e+01   1.1547265320499430e-05
   1.2289999999999999e+01   1.1565606079742404e-05
   1.2300000000000001e+01   1.1583962347068180e-05
   1.2310000000000000e+01   1.1602329791445067e-05
   1.2320000000000000e+01   1.1620703991067734e-05
   1.2330000000000000e+01   1.1639086228511397e-05
   1.2340000000000000e+01   1.1657478772277261e-05
   1.2350000000000000e+01   1.1675888789364322e-05
   1.2359999999999999e+01   1.1694314007298394e-05
   1.2370000000000001e+01   1.1712747272145117e-05
   1.2379999999999999e+01   1.1731185066449389e-05
   1.2390000000000001e+01   1.1749626564951187e-05
   1.2400000000000000e+01   1.1768088440519439e-05
   1.2410000000000000e+01   1.1786567898092622e-05
   1.2420000000000000e+01   1.1805060339891606e-05
   1.2430000000000000e+01   1.1823553412176720e-05
   1.2440000000000000e+01   1.1842044915767402e-05
   1.2449999999999999e+01   1.1860557730507623e-05
   1.2460000000000001e+01   1.1879095771132928e-05
   1.2469999999999999e+01   1.1897646231362025e-05
   1.2480000000000000e+01   1.1916193023464038e-05
   1.2490000000000000e+01   1.1934741462876805e-05
   1.2500000000000000e+01   1.1953306406915738e-05
   1.2510000000000000e+01   1.1971891009402513e-05
   1.2520000000000000e+01   1.1990487688348468e-05
   1.2529999999999999e+01   1.2009091783611024e-05
   1.2539999999999999e+01   1.2027700247459270e-05
   1.2550000000000001e+01   1.2046319227861519e-05
   1.2560000000000000e+01   1.2064951134286845e-05
   1.2570000000000000e+01   1.2083599668153547e-05
   1.2580000000000000e+01   1.2102257386618766e-05
   1.2590000000000000e+01   1.2120921966755318e-05
   1.2600000000000000e+01   1.2139590833800698e-05
   1.2609999999999999e+01   1.2158269238120481e-05
   1.2620000000000001e+01   1.2176970328426160e-05
   1.2629999999999999e+01   1.2195684290240537e-05
   1.2640000000000001e+01   1.2214402072266073e-05
   1.2650000000000000e+01   1.2233117100706452e-05
   1.2660000000000000e+01   1.2251840775276928e-05
   1.2670000000000000e+01   1.2270588900885001e-05
   1.2680000000000000e+01   1.2289351092493293e-05
   1.2690000000000000e+01   1.2308120211701440e-05
   1.2699999999999999e+01   1.2326894405342495e-05
   1.2710000000000001e+01   1.2345675729292860e-05
   1.2719999999999999e+01   1.2364467299175576e-05
   1.2730000000000000e+01   1.2383270077890838e-05
   1.2740000000000000e+01   1.2402084771379828e-05
   1.2750000000000000e+01   1.2420908771007858e-05
   1.2760000000000000e+01   1.2439738541016763e-05
   1.2770000000000000e+01   1.2458576818132790e-05
   1.2779999999999999e+01   1.2477425286148973e-05
   1.2789999999999999e+01   1.2496284149896992e-05
   1.2800000000000001e+01   1.2515151822468874e-05
   1.2810000000000000e+01   1.2534026809718275e-05
   1.2820000000000000e+01   1.2552906958353222e-05
   1.2830000000000000e+01   1.2571794971865013e-05
   1.2840000000000000e+01   1.2590696373767229e-05
   1.2850000000000000e+01   1.2609607524363769e-05
   1.2859999999999999e+01   1.2628524960507883e-05
   1.2870000000000001e+01   1.2647443832031278e-05
   1.2879999999999999e+01   1.2666368230947559e-05
   1.2890000000000001e+01   1.2685305137906751e-05
   1.2900000000000000e+01   1.2704253617521685e-05
   1.2910000000000000e+01   1.2723211420891534e-05
   1.2920000000000000e+01   1.2742166348024994e-05
   1.2930000000000000e+01   1.2761123985854876e-05
   1.2940000000000000e+01   1.2780093496367554e-05
   1.2949999999999999e+01   1.2799079110154792e-05
   1.2960000000000001e+01   1.2818078017027844e-05
   1.2969999999999999e+01   1.2837067524400645e-05
   1.2980000000000000e+01   1.2856050236851190e-05
   1.2990000000000000e+01   1.2875048903534650e-05
   1.3000000000000000e+01   1.2894065292875097e-05
   1.3010000000000000e+01   1.2913089451675415e-05
   1.3020000000000000e+01   1.2932114350353482e-05
   1.3029999999999999e+01   1.2951137534599781e-05
   1.3039999999999999e+01   1.2970167602499494e-05
   1.3050000000000001e+01   1.2989207268110478e-05
   1.3060000000000000e+01   1.3008258012871329e-05
   1.3070000000000000e+01   1.3027312241805492e-05
   1.3080000000000000e+01   1.3046369110701492e-05
   1.3090000000000000e+01   1.3065427310915416e-05
   1.3100000000000000e+01   1.3084492891266698e-05
   1.3109999999999999e+01   1.3103574522568317e-05
   1.3119999999999999e+01   1.3122661883876121e-05
   1.3129999999999999e+01   1.3141747673011423e-05
   1.3140000000000001e+01   1.3160829586557184e-05
   1.3150000000000000e+01   1.3179920469511181e-05
   1.3160000000000000e+01   1.3199031828404372e-05
   1.3170000000000000e+01   1.3218149822507607e-05
   1.3180000000000000e+01   1.3237268513513060e-05
   1.3190000000000000e+01   1.3256388309870398e-05
   1.3199999999999999e+01   1.3275514222737436e-05
   1.3210000000000001e+01   1.3294650236501907e-05
   1.3220000000000001e+01   1.3313796044509210e-05
   1.3230000000000000e+01   1.3332949773310560e-05
   1.3240000000000000e+01   1.3352105534769482e-05
   1.3250000000000000e+01   1.3371264286367049e-05
   1.3260000000000000e+01   1.3390430919283990e-05
   1.3270000000000000e+01   1.3409610428867608e-05
   1.3279999999999999e+01   1.3428806895756177e-05
   1.3289999999999999e+01   1.3448004708402346e-05
   1.3300000000000001e+01   1.3467202118105288e-05
   1.3310000000000000e+01   1.3486403492036896e-05
   1.3320000000000000e+01   1.3505620393580286e-05
   1.3330000000000000e+01   1.3524858528404013e-05
   1.3340000000000000e+01   1.3544099875063440e-05
   1.3350000000000000e+01   1.3563338977037328e-05
   1.3359999999999999e+01   1.3582581909225075e-05
   1.3369999999999999e+01   1.3601843728680300e-05
   1.3379999999999999e+01   1.3621124601124397e-05
   1.3390000000000001e+01   1.3640411615090851e-05
   1.3400000000000000e+01   1.3659700689261105e-05
   1.3410000000000000e+01   1.3678996763519678e-05
   1.3420000000000000e+01   1.3698305351346889e-05
   1.3430000000000000e+01   1.3717629804384937e-05
   1.3440000000000000e+01   1.3736965350447717e-05
   1.3449999999999999e+01   1.3756309367736564e-05
   1.3460000000000001e+01   1.3775658627812619e-05
   1.3470000000000001e+01   1.3795017619815813e-05
   1.3480000000000000e+01   1.3814393170565761e-05
   1.3490000000000000e+01   1.3833783492742367e-05
   1.3500000000000000e+01   1.3853187186313039e-05
   1.3510000000000000e+01   1.3872592039757482e-05
   1.3520000000000000e+01   1.3892002641565994e-05
   1.3529999999999999e+01   1.3911434969590263e-05
   1.3539999999999999e+01   1.3930885245649912e-05
   1.3550000000000001e+01   1.3950345654370769e-05
   1.3560000000000000e+01   1.3969811509693038e-05
   1.3570000000000000e+01   1.3989287651777946e-05
   1.3580000000000000e+01   1.4008778501950961e-05
   1.3590000000000000e+01   1.4028287045512390e-05
   1.3600000000000000e+01   1.4047809027635628e-05
   1.3609999999999999e+01   1.4067341447570946e-05
   1.3619999999999999e+01   1.4086879741381486e-05
   1.3629999999999999e+01   1.4106431866653548e-05
   1.3640000000000001e+01   1.4126000719671076e-05
   1.3650000000000000e+01   1.4145589516677093e-05
   1.3660000000000000e+01   1.4165191762199878e-05
   1.3670000000000000e+01   1.4184794881386656e-05
   1.3680000000000000e+01   1.4204408952734747e-05
   1.3690000000000000e+01   1.4224041119822706e-05
   1.3699999999999999e+01   1.4243699425505781e-05
   1.3710000000000001e+01   1.4263371069548805e-05
   1.3720000000000001e+01   1.4283041814400435e-05
   1.3730000000000000e+01   1.4302723094233600e-05
   1.3740000000000000e+01   1.4322421918539128e-05
   1.3750000000000000e+01   1.4342139504410845e-05
   1.3760000000000000e+01   1.4361871518435514e-05
   1.3770000000000000e+01   1.4381614049738630e-05
   1.3779999999999999e+01   1.4401366284562402e-05
   1.3789999999999999e+01   1.4421129120148309e-05
   1.3800000000000001e+01   1.4440909626671470e-05
   1.3810000000000000e+01   1.4460709072936069e-05
   1.3820000000000000e+01   1.4480521504820622e-05
   1.3830000000000000e+01   1.4500342698479964e-05
   1.3840000000000000e+01   1.4520163312908154e-05
   1.3850000000000000e+01   1.4539999762079338e-05
   1.3859999999999999e+01   1.4559861719523949e-05
   1.3869999999999999e+01   1.4579741082196425e-05
   1.3879999999999999e+01   1.4599625593055337e-05
   1.3890000000000001e+01   1.4619507757677180e-05
   1.3900000000000000e+01   1.4639405252535964e-05
   1.3910000000000000e+01   1.4659325114019068e-05
   1.3920000000000000e+01   1.4679264589041221e-05
   1.3930000000000000e+01   1.4699206888972364e-05
   1.3940000000000000e+01   1.4719148912753938e-05
   1.3949999999999999e+01   1.4739102964040772e-05
   1.3960000000000001e+01   1.4759076750065097e-05
   1.3970000000000001e+01   1.4779067234885025e-05
   1.3980000000000000e+01   1.4799064874070590e-05
   1.3990000000000000e+01   1.4819066377597271e-05
   1.4000000000000000e+01   1.4839075919113859e-05
   1.4010000000000000e+01   1.4859098499972648e-05
   1.4020000000000000e+01   1.4879136145167583e-05
   1.4029999999999999e+01   1.4899185155394340e-05
   1.4039999999999999e+01   1.4919238302183281e-05
   1.4050000000000001e+01   1.4939296947053857e-05
   1.4060000000000000e+01   1.4959361670289034e-05
   1.4070000000000000e+01   1.4979444138360124e-05
   1.4080000000000000e+01   1.4999541646351413e-05
   1.4090000000000000e+01   1.5019639086737816e-05
   1.4100000000000000e+01   1.5039737706490610e-05
   1.4109999999999999e+01   1.5059844763687334e-05
   1.4119999999999999e+01   1.5079966520596202e-05
   1.4130000000000001e+01   1.5100098080802168e-05
   1.4140000000000001e+01   1.5120234528749163e-05
   1.4150000000000000e+01   1.5140371664178364e-05
   1.4160000000000000e+01   1.5160514802249338e-05
   1.4170000000000000e+01   1.5180666459206856e-05
   1.4180000000000000e+01   1.5200830414013264e-05
   1.4190000000000000e+01   1.5220999567360689e-05
   1.4199999999999999e+01   1.5241170522733212e-05
   1.4210000000000001e+01   1.5261341697797412e-05
   1.4220000000000001e+01   1.5281517702211983e-05
   1.4230000000000000e+01   1.5301709842744241e-05
   1.4240000000000000e+01   1.5321908889558801e-05
   1.4250000000000000e+01   1.5342106782064663e-05
   1.4260000000000000e+01   1.5362298331651856e-05
   1.4270000000000000e+01   1.5382493550971908e-05
   1.4279999999999999e+01   1.5402707259645431e-05
   1.4289999999999999e+01   1.5422927886373960e-05
   1.4300000000000001e+01   1.5443148109976321e-05
   1.4310000000000000e+01   1.5463366577165210e-05
   1.4320000000000000e+01   1.5483587676474793e-05
   1.4330000000000000e+01   1.5503814942679512e-05
   1.4340000000000000e+01   1.5524048863500505e-05
   1.4350000000000000e+01   1.5544288078141558e-05
   1.4359999999999999e+01   1.5564526495794613e-05
   1.4369999999999999e+01   1.5584763107762065e-05
   1.4380000000000001e+01   1.5605002893409966e-05
   1.4390000000000001e+01   1.5625249412986565e-05
   1.4400000000000000e+01   1.5645509549513918e-05
   1.4410000000000000e+01   1.5665769222430317e-05
   1.4420000000000000e+01   1.5686021397029787e-05
   1.4430000000000000e+01   1.5706272284656670e-05
   1.4440000000000000e+01   1.5726531536786128e-05
   1.4449999999999999e+01   1.5746807025424272e-05
   1.4460000000000001e+01   1.5767081296930335e-05
   1.4470000000000001e+01   1.5787347849926275e-05
   1.4480000000000000e+01   1.5807611731939047e-05
   1.4490000000000000e+01   1.5827886784443290e-05
   1.4500000000000000e+01   1.5848174940464589e-05
   1.4510000000000000e+01   1.5868463328441336e-05
   1.4520000000000000e+01   1.5888747773732652e-05
   1.4529999999999999e+01   1.5909031918154758e-05
   1.4539999999999999e+01   1.5929321789332471e-05
   1.4550000000000001e+01   1.5949620537759973e-05
   1.4560000000000000e+01   1.5969924117258274e-05
   1.4570000000000000e+01   1.5990229103996514e-05
   1.4580000000000000e+01   1.6010532693690425e-05
   1.4590000000000000e+01   1.6030837978325409e-05
   1.4600000000000000e+01   1.6051154029292494e-05
   1.4609999999999999e+01   1.6071477595002563e-05
   1.4619999999999999e+01   1.6091807264342831e-05
   1.4630000000000001e+01   1.6112132352881890e-05
   1.4640000000000001e+01   1.6132453719465452e-05
   1.4650000000000000e+01   1.6152790671655543e-05
   1.4660000000000000e+01   1.6173139818949962e-05
   1.4670000000000000e+01   1.6193492714076328e-05
   1.4680000000000000e+01   1.6213844782618603e-05
   1.4690000000000000e+01   1.6234200211946655e-05
   1.4699999999999999e+01   1.6254563196893135e-05
   1.4710000000000001e+01   1.6274936894159700e-05
   1.4720000000000001e+01   1.6295318739695972e-05
   1.4730000000000000e+01   1.6315705805398727e-05
   1.4740000000000000e+01   1.6336092647333281e-05
   1.4750000000000000e+01   1.6356485977167078e-05
   1.4760000000000000e+01   1.6376890009612010e-05
   1.4770000000000000e+01   1.6397309128460117e-05
   1.4779999999999999e+01   1.6417738477443969e-05
   1.4789999999999999e+01   1.6438163203732342e-05
   1.4800000000000001e+01   1.6458592537354785e-05
   1.4810000000000000e+01   1.6479033679002637e-05
   1.4820000000000000e+01   1.6499496491076932e-05
   1.4830000000000000e+01   1.6519970041180661e-05
   1.4840000000000000e+01   1.6540439197620720e-05
   1.4850000000000000e+01   1.6560913978390547e-05
   1.4859999999999999e+01   1.6581402197032500e-05
   1.4869999999999999e+01   1.6601906151846730e-05
   1.4880000000000001e+01   1.6622421595159565e-05
   1.4890000000000001e+01   1.6642944485670020e-05
   1.4900000000000000e+01   1.6663474162330754e-05
   1.4910000000000000e+01   1.6684012172754343e-05
   1.4920000000000000e+01   1.6704565550204580e-05
   1.4930000000000000e+01   1.6725137110457648e-05
   1.4940000000000000e+01   1.6745719047972456e-05
   1.4949999999999999e+01   1.6766308886773457e-05
   1.4960000000000001e+01   1.6786898676898433e-05
   1.4970000000000001e+01   1.6807502451293100e-05
   1.4980000000000000e+01   1.6828132703252794e-05
   1.4990000000000000e+01   1.6848777661822743e-05
   1.5000000000000000e+01   1.6869428184578825e-05
