   0.0000000000000000e+00   0.0000000000000000e+00
   1.0000000000000001e-01   1.6372440030777535e-03
   2.0000000000000001e-01   1.2874404010321616e-02
   3.0000000000000004e-01   4.2361793474839017e-02
   4.0000000000000002e-01   9.7219505793249741e-02
   5.0000000000000000e-01   1.8281790568661760e-01
   6.0000000000000009e-01   3.0273712720400620e-01
   7.0000000000000007e-01   4.5892098538322085e-01
   8.0000000000000004e-01   6.5200702111683406e-01
   9.0000000000000002e-01   8.8176224717499074e-01
   1.0000000000000000e+00   1.1475391329502953e+00
   1.1000000000000001e+00   1.4486693053506718e+00
   1.2000000000000002e+00   1.7847370183940976e+00
   1.3000000000000000e+00   2.1557096142443655e+00
   1.4000000000000001e+00   2.5619350351046846e+00
   1.5000000000000000e+00   3.0040427330184873e+00
   1.6000000000000001e+00   3.4827999328864001e+00
   1.7000000000000002e+00   3.9989772940623998e+00
   1.8000000000000000e+00   4.5532670806549165e+00
   1.9000000000000001e+00   5.1462767309012394e+00
   2.0000000000000000e+00   5.7785976467236724e+00
   2.1000000000000001e+00   6.4509300792805462e+00
   2.2000000000000002e+00   7.1642351542370895e+00
   2.3000000000000003e+00   7.9198859501662735e+00
   2.4000000000000004e+00   8.7197998348416341e+00
   2.5000000000000000e+00   9.5665516108181130e+00
   2.6000000000000001e+00   1.0463455888368232e+01
   2.7000000000000002e+00   1.1413853819941144e+01
   2.8000000000000003e+00   1.2419849967947963e+01
   2.9000000000000004e+00   1.3483616620837878e+01
   3.0000000000000000e+00   1.4605546212604660e+01
   3.1000000000000001e+00   1.5784130253657656e+01
   3.2000000000000002e+00   1.7017292423635297e+01
   3.3000000000000003e+00   1.8303070365806565e+01
   3.4000000000000004e+00   1.9640367956790769e+01
   3.5000000000000000e+00   2.1028845554693518e+01
   3.6000000000000001e+00   2.2468798093356124e+01
   3.7000000000000002e+00   2.3960914220148393e+01
   3.8000000000000003e+00   2.5506417764334198e+01
   3.9000000000000004e+00   2.7106374187650989e+01
   4.0000000000000000e+00   2.8760221380082690e+01
   4.1000000000000005e+00   3.0466135634336105e+01
   4.2000000000000002e+00   3.2221359242833266e+01
   4.2999999999999998e+00   3.4022525157468891e+01
   4.4000000000000004e+00   3.5866406645670580e+01
   4.5000000000000000e+00   3.7750647612397906e+01
   4.6000000000000005e+00   3.9673760021600522e+01
   4.7000000000000002e+00   4.1634897599819276e+01
   4.8000000000000007e+00   4.3633603951434203e+01
   4.9000000000000004e+00   4.5669620703457888e+01
   5.0000000000000000e+00   4.7742760202264236e+01
   5.1000000000000005e+00   4.9852830593912870e+01
   5.2000000000000002e+00   5.1999613481465410e+01
   5.3000000000000007e+00   5.4182886097209249e+01
   5.4000000000000004e+00   5.6402452287468947e+01
   5.5000000000000000e+00   5.8658141936533497e+01
   5.6000000000000005e+00   6.0949779605403982e+01
   5.7000000000000002e+00   6.3277142489526589e+01
   5.8000000000000007e+00   6.5639927300949367e+01
   5.9000000000000004e+00   6.8037731466284981e+01
   6.0000000000000000e+00   7.0470042898507799e+01
   6.1000000000000005e+00   7.2936229920897972e+01
   6.2000000000000002e+00   7.5435547464653055e+01
   6.3000000000000007e+00   7.7967158241072141e+01
   6.4000000000000004e+00   8.0530151270279987e+01
   6.5000000000000000e+00   8.3123559307677937e+01
   6.6000000000000005e+00   8.5746375899505793e+01
   6.7000000000000002e+00   8.8397573142574103e+01
   6.8000000000000007e+00   9.1076114888004298e+01
   6.9000000000000004e+00   9.3780969343993846e+01
   7.0000000000000000e+00   9.6511123281279666e+01
   7.1000000000000005e+00   9.9265596310089890e+01
   7.2000000000000002e+00   1.0204343134489072e+02
   7.3000000000000007e+00   1.0484342215133302e+02
   7.4000000000000004e+00   1.0766409961178597e+02
   7.5000000000000000e+00   1.1050429362099025e+02
   7.6000000000000005e+00   1.1336310437882452e+02
   7.7000000000000002e+00   1.1623981265694650e+02
   7.8000000000000007e+00   1.1913382771052794e+02
   7.9000000000000004e+00   1.2204463531394535e+02
   8.0000000000000000e+00   1.2497167474758140e+02
   8.0999999999999996e+00   1.2791401630757801e+02
   8.2000000000000011e+00   1.3086979900452971e+02
   8.3000000000000007e+00   1.3383594633742055e+02
   8.4000000000000004e+00   1.3680853761924470e+02
   8.5000000000000000e+00   1.3978358367065408e+02
   8.5999999999999996e+00   1.4275760249438187e+02
   8.7000000000000011e+00   1.4572794340042779e+02
   8.8000000000000007e+00   1.4869286534499136e+02
   8.9000000000000004e+00   1.5165147617385205e+02
   9.0000000000000000e+00   1.5460356986600004e+02
   9.0999999999999996e+00   1.5754940874913760e+02
   9.2000000000000011e+00   1.6048949175410419e+02
   9.3000000000000007e+00   1.6342434028471601e+02
   9.4000000000000004e+00   1.6635432480671813e+02
   9.5000000000000000e+00   1.6927952897090435e+02
   9.6000000000000014e+00   1.7219967458529001e+02
   9.7000000000000011e+00   1.7511410835399255e+02
   9.8000000000000007e+00   1.7802189539752646e+02
   9.9000000000000004e+00   1.8092196583365401e+02
   1.0000000000000000e+01   1.8381330932606127e+02
   1.0100000000000001e+01   1.8669513509436544e+02
   1.0200000000000001e+01   1.8956700730850267e+02
   1.0300000000000001e+01   1.9242889891519943e+02
   1.0400000000000000e+01   1.9528120545235751e+02
   1.0500000000000000e+01   1.9812466820674646e+02
   1.0600000000000001e+01   2.0096028386164380e+02
   1.0700000000000001e+01   2.0378914788987660e+02
   1.0800000000000001e+01   2.0661233607881053e+02
   1.0900000000000000e+01   2.0943079037060633e+02
   1.1000000000000000e+01   2.1224524521835173e+02
   1.1100000000000001e+01   2.1505614618140226e+02
   1.1200000000000001e+01   2.1786345433540652e+02
   1.1300000000000001e+01   2.2066622502354713e+02
   1.1400000000000000e+01   2.2346185528330105e+02
   1.1500000000000000e+01   2.2624562582985655e+02
   1.1600000000000001e+01   2.2901104889901052e+02
   1.1700000000000001e+01   2.3175127783646317e+02
   1.1800000000000001e+01   2.3446048123162279e+02
   1.1900000000000000e+01   2.3713498472919727e+02
   1.2000000000000000e+01   2.3977401602077128e+02
   1.2100000000000001e+01   2.4237948454633303e+02
   1.2200000000000001e+01   2.4495564166715468e+02
   1.2300000000000001e+01   2.4750783555381275e+02
   1.2400000000000000e+01   2.5004201697158356e+02
   1.2500000000000000e+01   2.5256370111678206e+02
   1.2600000000000001e+01   2.5507767936320647e+02
   1.2700000000000001e+01   2.5758766006143929e+02
   1.2800000000000001e+01   2.6009626554937648e+02
   1.2900000000000000e+01   2.6260504640396152e+02
   1.3000000000000000e+01   2.6511445892336616e+02
   1.3100000000000001e+01   2.6762366695067408e+02
   1.3200000000000001e+01   2.7013002818616047e+02
   1.3300000000000001e+01   2.7262901831319260e+02
   1.3400000000000000e+01   2.7511437903663267e+02
   1.3500000000000000e+01   2.7757940331303433e+02
   1.3600000000000001e+01   2.8001767127748928e+02
   1.3700000000000001e+01   2.8242393381436233e+02
   1.3800000000000001e+01   2.8479446559510342e+02
   1.3900000000000000e+01   2.8712713987303192e+02
   1.4000000000000000e+01   2.8942136217710458e+02
   1.4100000000000001e+01   2.9167754704423646e+02
   1.4200000000000001e+01   2.9389686216106520e+02
   1.4300000000000001e+01   2.9608075037160359e+02
   1.4400000000000000e+01   2.9823076110682285e+02
   1.4500000000000000e+01   3.0034832098796409e+02
   1.4600000000000001e+01   3.0243457463510691e+02
   1.4700000000000001e+01   3.0449041806439448e+02
   1.4800000000000001e+01   3.0651630516608839e+02
   1.4900000000000000e+01   3.0851235122494620e+02
   1.5000000000000000e+01   3.1047848489388394e+02
   1.5100000000000001e+01   3.1241434109750588e+02
   1.5200000000000001e+01   3.1431932041441223e+02
   1.5300000000000001e+01   3.1619256534298296e+02
   1.5400000000000000e+01   3.1803311254589568e+02
   1.5500000000000000e+01   3.1984020460749042e+02
   1.5600000000000001e+01   3.2161320857708716e+02
   1.5700000000000001e+01   3.2335176347162559e+02
   1.5800000000000001e+01   3.2505603887737016e+02
   1.5900000000000000e+01   3.2672663726715496e+02
   1.6000000000000000e+01   3.2836448928383794e+02
   1.6100000000000001e+01   3.2997099971890162e+02
   1.6199999999999999e+01   3.3154804934561571e+02
   1.6300000000000001e+01   3.3309762021400689e+02
   1.6400000000000002e+01   3.3462172662604900e+02
   1.6500000000000000e+01   3.3612260662179762e+02
   1.6600000000000001e+01   3.3760241348397466e+02
   1.6699999999999999e+01   3.3906293038210202e+02
   1.6800000000000001e+01   3.4050563929916257e+02
   1.6900000000000002e+01   3.4193183896859784e+02
   1.7000000000000000e+01   3.4334242931303129e+02
   1.7100000000000001e+01   3.4473774204950007e+02
   1.7199999999999999e+01   3.4611760049170641e+02
   1.7300000000000001e+01   3.4748158184813855e+02
   1.7400000000000002e+01   3.4882902743330237e+02
   1.7500000000000000e+01   3.5015876709540277e+02
   1.7600000000000001e+01   3.5146926759626626e+02
   1.7699999999999999e+01   3.5275916973953224e+02
   1.7800000000000001e+01   3.5402742845608179e+02
   1.7900000000000002e+01   3.5527279934391674e+02
   1.8000000000000000e+01   3.5649407029916932e+02
   1.8100000000000001e+01   3.5769074267038576e+02
   1.8199999999999999e+01   3.5886312663784850e+02
   1.8300000000000001e+01   3.6001168250975968e+02
   1.8400000000000002e+01   3.6113692513503656e+02
   1.8500000000000000e+01   3.6224006330900630e+02
   1.8600000000000001e+01   3.6332304015493082e+02
   1.8699999999999999e+01   3.6438820384129644e+02
   1.8800000000000001e+01   3.6543776738938914e+02
   1.8900000000000002e+01   3.6647398991052205e+02
   1.9000000000000000e+01   3.6749931935688454e+02
   1.9100000000000001e+01   3.6851630283639764e+02
   1.9200000000000003e+01   3.6952745996535231e+02
   1.9300000000000001e+01   3.7053511802962169e+02
   1.9400000000000002e+01   3.7154131590250284e+02
   1.9500000000000000e+01   3.7254776274048862e+02
   1.9600000000000001e+01   3.7355575687647331e+02
   1.9700000000000003e+01   3.7456610802405407e+02
   1.9800000000000001e+01   3.7557913001581153e+02
   1.9900000000000002e+01   3.7659487649890917e+02
   2.0000000000000000e+01   3.7761375691457260e+02
   2.0100000000000001e+01   3.7863737173173706e+02
   2.0200000000000003e+01   3.7966918464514094e+02
   2.0300000000000001e+01   3.8071466368620912e+02
   2.0400000000000002e+01   3.8178042760499687e+02
   2.0500000000000000e+01   3.8287310648653067e+02
   2.0600000000000001e+01   3.8399872070690742e+02
   2.0700000000000003e+01   3.8516291457746854e+02
   2.0800000000000001e+01   3.8637085622632833e+02
   2.0900000000000002e+01   3.8762633553649363e+02
   2.1000000000000000e+01   3.8893185808066607e+02
   2.1100000000000001e+01   3.9028946399715215e+02
   2.1200000000000003e+01   3.9170074658911801e+02
   2.1300000000000001e+01   3.9316641231844841e+02
   2.1400000000000002e+01   3.9468597941483443e+02
   2.1500000000000000e+01   3.9625785231227547e+02
   2.1600000000000001e+01   3.9787966399267805e+02
   2.1700000000000003e+01   3.9954856214552683e+02
   2.1800000000000001e+01   4.0126147453395862e+02
   2.1900000000000002e+01   4.0301541798570923e+02
   2.2000000000000000e+01   4.0480779708232529e+02
   2.2100000000000001e+01   4.0663694582208655e+02
   2.2200000000000003e+01   4.0850212791964685e+02
   2.2300000000000001e+01   4.1040290537759006e+02
   2.2400000000000002e+01   4.1233807566384263e+02
   2.2500000000000000e+01   4.1430382204455520e+02
   2.2600000000000001e+01   4.1629317642781655e+02
   2.2700000000000003e+01   4.1829750268113037e+02
   2.2800000000000001e+01   4.2030845097785243e+02
   2.2900000000000002e+01   4.2231927020470783e+02
   2.3000000000000000e+01   4.2432511163338643e+02
   2.3100000000000001e+01   4.2632226304632172e+02
   2.3200000000000003e+01   4.2830606763538265e+02
   2.3300000000000001e+01   4.3026985669324978e+02
   2.3400000000000002e+01   4.3220633651588577e+02
   2.3500000000000000e+01   4.3410926552253216e+02
   2.3600000000000001e+01   4.3597466526863565e+02
   2.3700000000000003e+01   4.3780093125392341e+02
   2.3800000000000001e+01   4.3958812547173471e+02
   2.3900000000000002e+01   4.4133796090006604e+02
   2.4000000000000000e+01   4.4305326685855562e+02
   2.4100000000000001e+01   4.4473699631186156e+02
   2.4200000000000003e+01   4.4639207881615141e+02
   2.4300000000000001e+01   4.4802110647821667e+02
   2.4400000000000002e+01   4.4962562307108533e+02
   2.4500000000000000e+01   4.5120590182296769e+02
   2.4600000000000001e+01   4.5276141725689536e+02
   2.4700000000000003e+01   4.5429076236574377e+02
   2.4800000000000001e+01   4.5579094623704981e+02
   2.4900000000000002e+01   4.5725817649631892e+02
   2.5000000000000000e+01   4.5868900465696470e+02
   2.5100000000000001e+01   4.6007981837028177e+02
   2.5200000000000003e+01   4.6142616964093514e+02
   2.5300000000000001e+01   4.6272479432173009e+02
   2.5400000000000002e+01   4.6397438289786504e+02
   2.5500000000000000e+01   4.6517433358062362e+02
   2.5600000000000001e+01   4.6632430052361389e+02
   2.5700000000000003e+01   4.6742578813271518e+02
   2.5800000000000001e+01   4.6848232879805545e+02
   2.5900000000000002e+01   4.6949837587258037e+02
   2.6000000000000000e+01   4.7047855638280197e+02
   2.6100000000000001e+01   4.7142926752194541e+02
   2.6200000000000003e+01   4.7235656303332149e+02
   2.6300000000000001e+01   4.7326598411152412e+02
   2.6400000000000002e+01   4.7416245621502810e+02
   2.6500000000000000e+01   4.7505012783805677e+02
   2.6600000000000001e+01   4.7593338159446625e+02
   2.6700000000000003e+01   4.7681649348960980e+02
   2.6800000000000001e+01   4.7770321533324312e+02
   2.6900000000000002e+01   4.7859651254631507e+02
   2.7000000000000000e+01   4.7949855114014508e+02
   2.7100000000000001e+01   4.8041065098540872e+02
   2.7200000000000003e+01   4.8133306629263154e+02
   2.7300000000000001e+01   4.8226525297602149e+02
   2.7400000000000002e+01   4.8320671858139031e+02
   2.7500000000000000e+01   4.8415870917864515e+02
   2.7600000000000001e+01   4.8512596888839875e+02
   2.7700000000000003e+01   4.8611447591544254e+02
   2.7800000000000001e+01   4.8713036388664932e+02
   2.7900000000000002e+01   4.8818053833963870e+02
   2.8000000000000000e+01   4.8926979062837046e+02
   2.8100000000000001e+01   4.9040168396826658e+02
   2.8200000000000003e+01   4.9157939029986335e+02
   2.8300000000000001e+01   4.9280483458975846e+02
   2.8400000000000002e+01   4.9407832836130490e+02
   2.8500000000000000e+01   4.9539914472137110e+02
   2.8600000000000001e+01   4.9676667152806976e+02
   2.8700000000000003e+01   4.9818008371694401e+02
   2.8800000000000001e+01   4.9963737451635757e+02
   2.8900000000000002e+01   5.0113438132496373e+02
   2.9000000000000000e+01   5.0266523183939665e+02
   2.9100000000000001e+01   5.0422292502858852e+02
   2.9200000000000003e+01   5.0579942655838352e+02
   2.9300000000000001e+01   5.0738620807706349e+02
   2.9400000000000002e+01   5.0897544074107543e+02
   2.9500000000000000e+01   5.1056067420516911e+02
   2.9600000000000001e+01   5.1213686902712072e+02
   2.9700000000000003e+01   5.1369881943609221e+02
   2.9800000000000001e+01   5.1523845647614439e+02
   2.9900000000000002e+01   5.1674447033593424e+02
   3.0000000000000000e+01   5.1820573867945518e+02
   3.0100000000000001e+01   5.1961384148785987e+02
   3.0200000000000003e+01   5.2096286724823528e+02
   3.0300000000000001e+01   5.2224945047068991e+02
   3.0400000000000002e+01   5.2347313233723082e+02
   3.0500000000000000e+01   5.2463632344093537e+02
   3.0600000000000001e+01   5.2574405385602665e+02
   3.0700000000000003e+01   5.2680356307342061e+02
   3.0800000000000001e+01   5.2782333425120976e+02
   3.0900000000000002e+01   5.2881213387137893e+02
   3.1000000000000000e+01   5.2977821185583844e+02
   3.1100000000000001e+01   5.3072840963695216e+02
   3.1200000000000003e+01   5.3166830504226346e+02
   3.1300000000000001e+01   5.3260241460494001e+02
   3.1400000000000002e+01   5.3353437260121973e+02
   3.1500000000000000e+01   5.3446706558783171e+02
   3.1600000000000001e+01   5.3540279517728459e+02
   3.1700000000000003e+01   5.3634343004916491e+02
   3.1800000000000001e+01   5.3729045537174500e+02
   3.1900000000000002e+01   5.3824497127145673e+02
   3.2000000000000000e+01   5.3920765854754666e+02
   3.2100000000000001e+01   5.4017874974562028e+02
   3.2200000000000003e+01   5.4115807165576166e+02
   3.2300000000000004e+01   5.4214543334315044e+02
   3.2399999999999999e+01   5.4314135658599548e+02
   3.2500000000000000e+01   5.4414821214570122e+02
   3.2600000000000001e+01   5.4517204682409010e+02
   3.2700000000000003e+01   5.4622017996797103e+02
   3.2800000000000004e+01   5.4729927939085428e+02
   3.2899999999999999e+01   5.4841468053520418e+02
   3.3000000000000000e+01   5.4957035462556621e+02
   3.3100000000000001e+01   5.5076968434448111e+02
   3.3200000000000003e+01   5.5201510653726871e+02
   3.3300000000000004e+01   5.5330763257232456e+02
   3.3399999999999999e+01   5.5464738166561938e+02
   3.3500000000000000e+01   5.5603385881779514e+02
   3.3600000000000001e+01   5.5746619737240417e+02
   3.3700000000000003e+01   5.5894263240846067e+02
   3.3800000000000004e+01   5.6045974261084632e+02
   3.3899999999999999e+01   5.6201242000896980e+02
   3.4000000000000000e+01   5.6359457075242301e+02
   3.4100000000000001e+01   5.6519931531215923e+02
   3.4200000000000003e+01   5.6681907512606631e+02
   3.4300000000000004e+01   5.6844661255085521e+02
   3.4399999999999999e+01   5.7007584531856344e+02
   3.4500000000000000e+01   5.7170228276373405e+02
   3.4600000000000001e+01   5.7332282211761026e+02
   3.4700000000000003e+01   5.7493389934208005e+02
   3.4800000000000004e+01   5.7652880886186290e+02
   3.4899999999999999e+01   5.7809828674900461e+02
   3.5000000000000000e+01   5.7963374166594474e+02
   3.5100000000000001e+01   5.8112863089478265e+02
   3.5200000000000003e+01   5.8257888301549769e+02
   3.5300000000000004e+01   5.8398335055772668e+02
   3.5399999999999999e+01   5.8534347176260587e+02
   3.5500000000000000e+01   5.8666246996197492e+02
   3.5600000000000001e+01   5.8794489524641585e+02
   3.5700000000000003e+01   5.8919607932762517e+02
   3.5800000000000004e+01   5.9042152292253149e+02
   3.5899999999999999e+01   5.9162658255192525e+02
   3.6000000000000000e+01   5.9281641165435849e+02
   3.6100000000000001e+01   5.9399582742545317e+02
   3.6200000000000003e+01   5.9516921987235480e+02
   3.6300000000000004e+01   5.9634044476099939e+02
   3.6399999999999999e+01   5.9751268457590004e+02
   3.6500000000000000e+01   5.9868830656573414e+02
   3.6600000000000001e+01   5.9986875995309583e+02
   3.6700000000000003e+01   6.0105468437873230e+02
   3.6800000000000004e+01   6.0224641545990198e+02
   3.6899999999999999e+01   6.0344493308993447e+02
   3.7000000000000000e+01   6.0465299514077651e+02
   3.7100000000000001e+01   6.0587591320748004e+02
   3.7200000000000003e+01   6.0712053425883187e+02
   3.7300000000000004e+01   6.0839364665055984e+02
   3.7399999999999999e+01   6.0970128423456720e+02
   3.7500000000000000e+01   6.1104954833155875e+02
   3.7600000000000001e+01   6.1244403451404321e+02
   3.7700000000000003e+01   6.1388911487071573e+02
   3.7800000000000004e+01   6.1538785063737055e+02
   3.7899999999999999e+01   6.1694206486075495e+02
   3.8000000000000000e+01   6.1855218199512467e+02
   3.8100000000000001e+01   6.2021721236528208e+02
   3.8200000000000003e+01   6.2193501708280348e+02
   3.8300000000000004e+01   6.2370263662973105e+02
   3.8400000000000006e+01   6.2551673214112441e+02
   3.8500000000000000e+01   6.2737441464261462e+02
   3.8600000000000001e+01   6.2927355111761858e+02
   3.8700000000000003e+01   6.3121269096582421e+02
   3.8800000000000004e+01   6.3319092642215344e+02
   3.8900000000000006e+01   6.3520768521466016e+02
   3.9000000000000000e+01   6.3726239767442053e+02
   3.9100000000000001e+01   6.3935323163246869e+02
   3.9200000000000003e+01   6.4147503223759600e+02
   3.9300000000000004e+01   6.4361916881469961e+02
   3.9400000000000006e+01   6.4577601137832892e+02
   3.9500000000000000e+01   6.4793711417412590e+02
   3.9600000000000001e+01   6.5009598277831208e+02
   3.9700000000000003e+01   6.5224799539264666e+02
   3.9800000000000004e+01   6.5438923653916856e+02
   3.9900000000000006e+01   6.5651492454174002e+02
   4.0000000000000000e+01   6.5861939935877444e+02
   4.0100000000000001e+01   6.6069692696130960e+02
   4.0200000000000003e+01   6.6274253741419386e+02
   4.0300000000000004e+01   6.6475277505522058e+02
   4.0400000000000006e+01   6.6672530356295260e+02
   4.0500000000000000e+01   6.6865893895138458e+02
   4.0600000000000001e+01   6.7055315747393377e+02
   4.0700000000000003e+01   6.7240761476608134e+02
   4.0800000000000004e+01   6.7422240513899135e+02
   4.0900000000000006e+01   6.7599780223406344e+02
   4.1000000000000000e+01   6.7773399073703729e+02
   4.1100000000000001e+01   6.7943165288604973e+02
   4.1200000000000003e+01   6.8109181442947261e+02
   4.1300000000000004e+01   6.8271566852398348e+02
   4.1400000000000006e+01   6.8430516762467471e+02
   4.1500000000000000e+01   6.8586295500519589e+02
   4.1600000000000001e+01   6.8739197987002615e+02
   4.1700000000000003e+01   6.8889568762658064e+02
   4.1800000000000004e+01   6.9037800380319879e+02
   4.1900000000000006e+01   6.9184300067439779e+02
   4.2000000000000000e+01   6.9329474019494580e+02
   4.2100000000000001e+01   6.9473724018893813e+02
   4.2200000000000003e+01   6.9617439818863772e+02
   4.2300000000000004e+01   6.9760974791662863e+02
   4.2400000000000006e+01   6.9904625389436774e+02
   4.2500000000000000e+01   7.0048615195609057e+02
   4.2600000000000001e+01   7.0193084619997023e+02
   4.2700000000000003e+01   7.0338104824908510e+02
   4.2800000000000004e+01   7.0483735151578151e+02
   4.2900000000000006e+01   7.0630133136661539e+02
   4.3000000000000000e+01   7.0777654837249725e+02
   4.3100000000000001e+01   7.0926854262863105e+02
   4.3200000000000003e+01   7.1078408804971446e+02
   4.3300000000000004e+01   7.1233031877760254e+02
   4.3400000000000006e+01   7.1391370595425815e+02
   4.3500000000000000e+01   7.1553941844266535e+02
   4.3600000000000001e+01   7.1721109953817768e+02
   4.3700000000000003e+01   7.1893067933827012e+02
   4.3800000000000004e+01   7.2069835979869629e+02
   4.3900000000000006e+01   7.2251331599485343e+02
   4.4000000000000000e+01   7.2437446976916783e+02
   4.4100000000000001e+01   7.2628076564255366e+02
   4.4200000000000003e+01   7.2823127485115174e+02
   4.4300000000000004e+01   7.3022510044651835e+02
   4.4400000000000006e+01   7.3226125151541794e+02
   4.4500000000000000e+01   7.3433863795262334e+02
   4.4600000000000001e+01   7.3645612916309028e+02
   4.4700000000000003e+01   7.3861262488615273e+02
   4.4800000000000004e+01   7.4080713039654643e+02
   4.4900000000000006e+01   7.4303880520504413e+02
   4.5000000000000000e+01   7.4530696082295913e+02
   4.5100000000000001e+01   7.4761101944985376e+02
   4.5200000000000003e+01   7.4995046002599463e+02
   4.5300000000000004e+01   7.5232477138280706e+02
   4.5400000000000006e+01   7.5473341861484869e+02
   4.5500000000000000e+01   7.5717581435148475e+02
   4.5600000000000001e+01   7.5965129889472780e+02
   4.5700000000000003e+01   7.6215913988846000e+02
   4.5800000000000004e+01   7.6469854100863961e+02
   4.5900000000000006e+01   7.6726865114256429e+02
   4.6000000000000000e+01   7.6986857347370619e+02
   4.6100000000000001e+01   7.7249737787458980e+02
   4.6200000000000003e+01   7.7515411433879615e+02
   4.6300000000000004e+01   7.7783782212053086e+02
   4.6400000000000006e+01   7.8054753939589989e+02
   4.6500000000000000e+01   7.8328231263378643e+02
   4.6600000000000001e+01   7.8604120247284129e+02
   4.6700000000000003e+01   7.8882326377814286e+02
   4.6800000000000004e+01   7.9162720343194439e+02
   4.6900000000000006e+01   7.9445160816082637e+02
   4.7000000000000000e+01   7.9729544218447154e+02
   4.7100000000000001e+01   8.0015802845982216e+02
   4.7200000000000003e+01   8.0303898416169613e+02
   4.7300000000000004e+01   8.0593814524268032e+02
   4.7400000000000006e+01   8.0885549027005482e+02
   4.7500000000000000e+01   8.1179107672837858e+02
   4.7600000000000001e+01   8.1474499636663984e+02
   4.7700000000000003e+01   8.1771734996393639e+02
   4.7800000000000004e+01   8.2070823927069182e+02
   4.7900000000000006e+01   8.2371776039028759e+02
   4.8000000000000000e+01   8.2674600289752289e+02
   4.8100000000000001e+01   8.2979303905806023e+02
   4.8200000000000003e+01   8.3285891010281455e+02
   4.8300000000000004e+01   8.3594361516172353e+02
   4.8400000000000006e+01   8.3904710695362223e+02
   4.8500000000000000e+01   8.4216929620084170e+02
   4.8600000000000001e+01   8.4531006460496690e+02
   4.8700000000000003e+01   8.4846928180699479e+02
   4.8800000000000004e+01   8.5164682146283826e+02
   4.8900000000000006e+01   8.5484257279033534e+02
   4.9000000000000000e+01   8.5805644621683416e+02
   4.9100000000000001e+01   8.6128837311571681e+02
   4.9200000000000003e+01   8.6453830083509536e+02
   4.9300000000000004e+01   8.6780618466233329e+02
   4.9400000000000006e+01   8.7109197839706451e+02
   4.9500000000000000e+01   8.7439562431184697e+02
   4.9600000000000001e+01   8.7771703591490166e+02
   4.9700000000000003e+01   8.8105598668829032e+02
   4.9800000000000004e+01   8.8441151772736453e+02
   4.9900000000000006e+01   8.8778098421568529e+02
   5.0000000000000000e+01   8.9116016508720679e+02
   5.0100000000000001e+01   8.9454434031539790e+02
   5.0200000000000003e+01   8.9792922330586077e+02
   5.0300000000000004e+01   9.0131143422973537e+02
   5.0400000000000006e+01   9.0468860882269803e+02
   5.0500000000000000e+01   9.0805915787419724e+02
   5.0600000000000001e+01   9.1142144690867349e+02
   5.0700000000000003e+01   9.1477271875594545e+02
   5.0800000000000004e+01   9.1810872387711777e+02
   5.0900000000000006e+01   9.2142437128854920e+02
   5.1000000000000000e+01   9.2471468692195049e+02
   5.1100000000000001e+01   9.2797540590695962e+02
   5.1200000000000003e+01   9.3120324698165041e+02
   5.1300000000000004e+01   9.3439604685765323e+02
   5.1400000000000006e+01   9.3755270558203426e+02
   5.1500000000000000e+01   9.4067293073573410e+02
   5.1600000000000001e+01   9.4375693852262202e+02
   5.1700000000000003e+01   9.4680523270525157e+02
   5.1800000000000004e+01   9.4981846076557531e+02
   5.1900000000000006e+01   9.5279734024691106e+02
   5.2000000000000000e+01   9.5574259068671961e+02
   5.2100000000000001e+01   9.5865488391777103e+02
   5.2200000000000003e+01   9.6153481516132649e+02
   5.2300000000000004e+01   9.6438289696107506e+02
   5.2400000000000006e+01   9.6719955364053783e+02
   5.2500000000000000e+01   9.6998513976769368e+02
   5.2600000000000001e+01   9.7273994802991444e+02
   5.2700000000000003e+01   9.7546423688465575e+02
   5.2800000000000004e+01   9.7815822243400078e+02
   5.2900000000000006e+01   9.8082209340874442e+02
   5.3000000000000000e+01   9.8345597168264601e+02
   5.3100000000000001e+01   9.8605991565871238e+02
   5.3200000000000003e+01   9.8863388472797533e+02
   5.3300000000000004e+01   9.9117775912063235e+02
   5.3400000000000006e+01   9.9369135001465224e+02
   5.3500000000000000e+01   9.9617442794220278e+02
   5.3600000000000001e+01   9.9862679415213290e+02
   5.3700000000000003e+01   1.0010482802976467e+03
   5.3800000000000004e+01   1.0034388331211234e+03
   5.3900000000000006e+01   1.0057984818404072e+03
   5.4000000000000000e+01   1.0081273563872855e+03
   5.4100000000000001e+01   1.0104256849472102e+03
   5.4200000000000003e+01   1.0126936773856372e+03
   5.4300000000000004e+01   1.0149315937603368e+03
   5.4400000000000006e+01   1.0171395582521671e+03
   5.4500000000000000e+01   1.0193175909179899e+03
   5.4600000000000001e+01   1.0214655833854001e+03
   5.4700000000000003e+01   1.0235831958132507e+03
   5.4800000000000004e+01   1.0256699987480461e+03
   5.4900000000000006e+01   1.0277255069459288e+03
   5.5000000000000000e+01   1.0297491217967859e+03
   5.5100000000000001e+01   1.0317404623454720e+03
   5.5200000000000003e+01   1.0336992028536406e+03
   5.5300000000000004e+01   1.0356251580372525e+03
   5.5400000000000006e+01   1.0375184752853161e+03
   5.5500000000000000e+01   1.0393794896823490e+03
   5.5600000000000001e+01   1.0412088611690474e+03
   5.5700000000000003e+01   1.0430075888947715e+03
   5.5800000000000004e+01   1.0447766255857214e+03
   5.5900000000000006e+01   1.0465169273256099e+03
   5.6000000000000000e+01   1.0482294595973133e+03
   5.6100000000000001e+01   1.0499148058076732e+03
   5.6200000000000003e+01   1.0515730483572675e+03
   5.6300000000000004e+01   1.0532040026144073e+03
   5.6400000000000006e+01   1.0548070839212253e+03
   5.6500000000000000e+01   1.0563808598898693e+03
   5.6600000000000001e+01   1.0579235775741495e+03
   5.6700000000000003e+01   1.0594336935793208e+03
   5.6800000000000004e+01   1.0609092994042792e+03
   5.6900000000000006e+01   1.0623481787218807e+03
   5.7000000000000000e+01   1.0637490595412346e+03
   5.7100000000000001e+01   1.0651116549765395e+03
   5.7200000000000003e+01   1.0664356046348178e+03
   5.7300000000000004e+01   1.0677212358375202e+03
   5.7400000000000006e+01   1.0689703000904817e+03
   5.7500000000000000e+01   1.0701856707406753e+03
   5.7600000000000001e+01   1.0713704300980362e+03
   5.7700000000000003e+01   1.0725280159966649e+03
   5.7800000000000004e+01   1.0736624623386290e+03
   5.7900000000000006e+01   1.0747782966778548e+03
   5.8000000000000000e+01   1.0758803817356929e+03
   5.8100000000000001e+01   1.0769733040628466e+03
   5.8200000000000003e+01   1.0780612246233375e+03
   5.8300000000000004e+01   1.0791477813238364e+03
   5.8400000000000006e+01   1.0802360555728460e+03
   5.8500000000000000e+01   1.0813284213672414e+03
   5.8600000000000001e+01   1.0824263048178238e+03
   5.8700000000000003e+01   1.0835303964352711e+03
   5.8800000000000004e+01   1.0846413500719711e+03
   5.8900000000000006e+01   1.0857612875003483e+03
   5.9000000000000000e+01   1.0868948832633228e+03
   5.9100000000000001e+01   1.0880485429128648e+03
   5.9200000000000003e+01   1.0892288307521355e+03
   5.9300000000000004e+01   1.0904415974076840e+03
   5.9400000000000006e+01   1.0916921281680022e+03
   5.9500000000000000e+01   1.0929843693086329e+03
   5.9600000000000001e+01   1.0943209634205625e+03
   5.9700000000000003e+01   1.0957032493030581e+03
   5.9800000000000004e+01   1.0971315608136215e+03
   5.9900000000000006e+01   1.0986054578841254e+03
   6.0000000000000000e+01   1.1001233711129635e+03
   6.0100000000000001e+01   1.1016819260200327e+03
   6.0200000000000003e+01   1.1032762099248512e+03
   6.0300000000000004e+01   1.1049003218887494e+03
   6.0400000000000006e+01   1.1065473216291487e+03
   6.0500000000000000e+01   1.1082095598028261e+03
   6.0600000000000001e+01   1.1098797417819985e+03
   6.0700000000000003e+01   1.1115514659871026e+03
   6.0800000000000004e+01   1.1132195220863730e+03
   6.0900000000000006e+01   1.1148801643589625e+03
   6.1000000000000000e+01   1.1165309061681751e+03
   6.1100000000000001e+01   1.1181696201473510e+03
   6.1200000000000003e+01   1.1197935230869268e+03
   6.1300000000000004e+01   1.1213992314960435e+03
   6.1400000000000006e+01   1.1229834421223729e+03
   6.1500000000000000e+01   1.1245436315107625e+03
   6.1600000000000001e+01   1.1260786311209524e+03
   6.1700000000000003e+01   1.1275888135906184e+03
   6.1800000000000004e+01   1.1290756590650828e+03
   6.1900000000000006e+01   1.1305413442383883e+03
   6.2000000000000000e+01   1.1319885505710279e+03
   6.2100000000000001e+01   1.1334201833481543e+03
   6.2200000000000003e+01   1.1348389837022648e+03
   6.2300000000000004e+01   1.1362472775611866e+03
   6.2400000000000006e+01   1.1376469775936664e+03
   6.2500000000000000e+01   1.1390395906346978e+03
   6.2600000000000001e+01   1.1404261890747075e+03
   6.2700000000000003e+01   1.1418073763716411e+03
   6.2800000000000004e+01   1.1431834240392313e+03
   6.2900000000000006e+01   1.1445544046641337e+03
   6.3000000000000000e+01   1.1459202447771524e+03
   6.3100000000000001e+01   1.1472807167167014e+03
   6.3200000000000003e+01   1.1486355544119872e+03
   6.3300000000000004e+01   1.1499845707960860e+03
   6.3400000000000006e+01   1.1513277227985025e+03
   6.3500000000000000e+01   1.1526650745766585e+03
   6.3600000000000001e+01   1.1539968125189537e+03
   6.3700000000000003e+01   1.1553232765679134e+03
   6.3800000000000004e+01   1.1566449992556654e+03
   6.3900000000000006e+01   1.1579626205393893e+03
   6.4000000000000000e+01   1.1592768174371638e+03
   6.4100000000000009e+01   1.1605882781059290e+03
   6.4200000000000003e+01   1.1618977170571454e+03
   6.4299999999999997e+01   1.1632058216282749e+03
   6.4400000000000006e+01   1.1645131974954211e+03
   6.4500000000000000e+01   1.1658203425568938e+03
   6.4600000000000009e+01   1.1671276573270234e+03
   6.4700000000000003e+01   1.1684354496890455e+03
   6.4799999999999997e+01   1.1697439299768782e+03
   6.4900000000000006e+01   1.1710532053472796e+03
   6.5000000000000000e+01   1.1723632949349967e+03
   6.5100000000000009e+01   1.1736741608985099e+03
   6.5200000000000003e+01   1.1749857254461865e+03
   6.5299999999999997e+01   1.1762978656836342e+03
   6.5400000000000006e+01   1.1776104200931054e+03
   6.5500000000000000e+01   1.1789232173420808e+03
   6.5600000000000009e+01   1.1802360949462820e+03
   6.5700000000000003e+01   1.1815488854964453e+03
   6.5799999999999997e+01   1.1828614181833418e+03
   6.5900000000000006e+01   1.1841735561136902e+03
   6.6000000000000000e+01   1.1854852221886729e+03
   6.6100000000000009e+01   1.1867963971169429e+03
   6.6200000000000003e+01   1.1881070970635208e+03
   6.6299999999999997e+01   1.1894173555954674e+03
   6.6400000000000006e+01   1.1907272043420808e+03
   6.6500000000000000e+01   1.1920366879103590e+03
   6.6600000000000009e+01   1.1933459318090004e+03
   6.6700000000000003e+01   1.1946553025801861e+03
   6.6799999999999997e+01   1.1959657696658783e+03
   6.6900000000000006e+01   1.1972794004408113e+03
   6.7000000000000000e+01   1.1985994165599150e+03
   6.7100000000000009e+01   1.1999298399615773e+03
   6.7200000000000003e+01   1.2012752111666957e+03
   6.7299999999999997e+01   1.2026403634021235e+03
   6.7400000000000006e+01   1.2040296252318217e+03
   6.7500000000000000e+01   1.2054462751378944e+03
   6.7600000000000009e+01   1.2068925544495009e+03
   6.7700000000000003e+01   1.2083699300333751e+03
   6.7799999999999997e+01   1.2098788943612237e+03
   6.7900000000000006e+01   1.2114187517296784e+03
   6.8000000000000000e+01   1.2129877767457660e+03
   6.8100000000000009e+01   1.2145835589164656e+03
   6.8200000000000003e+01   1.2162030088511010e+03
   6.8299999999999997e+01   1.2178422596713215e+03
   6.8400000000000006e+01   1.2194971231283380e+03
   6.8500000000000000e+01   1.2211634526353196e+03
   6.8600000000000009e+01   1.2228371899128531e+03
   6.8700000000000003e+01   1.2245145906297550e+03
   6.8799999999999997e+01   1.2261924940249153e+03
   6.8900000000000006e+01   1.2278683947126790e+03
   6.9000000000000000e+01   1.2295404329204962e+03
   6.9100000000000009e+01   1.2312074016740826e+03
   6.9200000000000003e+01   1.2328686963943876e+03
   6.9299999999999997e+01   1.2345241942915372e+03
   6.9400000000000006e+01   1.2361741412412791e+03
   6.9500000000000000e+01   1.2378190505071800e+03
   6.9600000000000009e+01   1.2394595940105046e+03
   6.9700000000000003e+01   1.2410965157344710e+03
   6.9799999999999997e+01   1.2427305702647107e+03
   6.9900000000000006e+01   1.2443624657798127e+03
   7.0000000000000000e+01   1.2459928054880329e+03
   7.0100000000000009e+01   1.2476219788674280e+03
   7.0200000000000003e+01   1.2492499108019160e+03
   7.0299999999999997e+01   1.2508754960535393e+03
   7.0400000000000006e+01   1.2524956941321095e+03
   7.0500000000000000e+01   1.2541053942347885e+03
   7.0600000000000009e+01   1.2556978821523201e+03
   7.0700000000000003e+01   1.2572648433029281e+03
   7.0799999999999997e+01   1.2587978178006827e+03
   7.0900000000000006e+01   1.2602897941174469e+03
   7.1000000000000000e+01   1.2617347072045391e+03
   7.1100000000000009e+01   1.2631275030614495e+03
   7.1200000000000003e+01   1.2644656649511096e+03
   7.1299999999999997e+01   1.2657491143509603e+03
   7.1400000000000006e+01   1.2669788635369698e+03
   7.1500000000000000e+01   1.2681572587842327e+03
   7.1600000000000009e+01   1.2692883578860392e+03
   7.1700000000000003e+01   1.2703775495337036e+03
   7.1799999999999997e+01   1.2714307665272970e+03
   7.1900000000000006e+01   1.2724539675918249e+03
   7.2000000000000000e+01   1.2734531173357398e+03
   7.2100000000000009e+01   1.2744338474644794e+03
   7.2200000000000003e+01   1.2754013293195123e+03
   7.2299999999999997e+01   1.2763604301688281e+03
   7.2400000000000006e+01   1.2773154390409525e+03
   7.2500000000000000e+01   1.2782699689345211e+03
   7.2600000000000009e+01   1.2792269426806636e+03
   7.2700000000000003e+01   1.2801886919555166e+03
   7.2799999999999997e+01   1.2811572263185701e+03
   7.2900000000000006e+01   1.2821339178990218e+03
   7.3000000000000000e+01   1.2831193752290872e+03
   7.3100000000000009e+01   1.2841134973366347e+03
   7.3200000000000003e+01   1.2851156357954260e+03
   7.3299999999999997e+01   1.2861250057396703e+03
   7.3400000000000006e+01   1.2871411831193434e+03
   7.3500000000000000e+01   1.2881644335033127e+03
   7.3600000000000009e+01   1.2891956785183459e+03
   7.3700000000000003e+01   1.2902360698734549e+03
   7.3799999999999997e+01   1.2912862427872385e+03
   7.3900000000000006e+01   1.2923466556964268e+03
   7.4000000000000000e+01   1.2934177011795286e+03
   7.4100000000000009e+01   1.2944996114322332e+03
   7.4200000000000003e+01   1.2955921938793783e+03
   7.4299999999999997e+01   1.2966944665274268e+03
   7.4400000000000006e+01   1.2978051848560594e+03
   7.4500000000000000e+01   1.2989231489884037e+03
   7.4600000000000009e+01   1.3000473305202611e+03
   7.4700000000000003e+01   1.3011766802002815e+03
   7.4799999999999997e+01   1.3023100726752600e+03
   7.4900000000000006e+01   1.3034465471632034e+03
   7.5000000000000000e+01   1.3045853867467997e+03
   7.5099999999999994e+01   1.3057261453669923e+03
   7.5200000000000003e+01   1.3068685575224913e+03
   7.5299999999999997e+01   1.3080125047544934e+03
   7.5399999999999991e+01   1.3091581318128799e+03
   7.5500000000000000e+01   1.3103060626729678e+03
   7.5599999999999994e+01   1.3114578201238101e+03
   7.5700000000000003e+01   1.3126157567903144e+03
   7.5799999999999997e+01   1.3137830140990663e+03
   7.5899999999999991e+01   1.3149634788725243e+03
   7.6000000000000000e+01   1.3161621414659014e+03
   7.6099999999999994e+01   1.3173849249224613e+03
   7.6200000000000003e+01   1.3186375492757095e+03
   7.6299999999999997e+01   1.3199250667897988e+03
   7.6399999999999991e+01   1.3212525268583488e+03
   7.6500000000000000e+01   1.3226252523884427e+03
   7.6599999999999994e+01   1.3240480813955458e+03
   7.6700000000000003e+01   1.3255248322800146e+03
   7.6799999999999997e+01   1.3270580602138334e+03
   7.6899999999999991e+01   1.3286488999788630e+03
   7.7000000000000000e+01   1.3302968559237738e+03
   7.7099999999999994e+01   1.3319998979171892e+03
   7.7200000000000003e+01   1.3337547977435836e+03
   7.7299999999999997e+01   1.3355576842059827e+03
   7.7399999999999991e+01   1.3374050311914436e+03
   7.7500000000000000e+01   1.3392940772809429e+03
   7.7599999999999994e+01   1.3412228263127151e+03
   7.7700000000000003e+01   1.3431898920590727e+03
   7.7799999999999997e+01   1.3451942998155746e+03
   7.7899999999999991e+01   1.3472353605502574e+03
   7.8000000000000000e+01   1.3493125864679878e+03
   7.8099999999999994e+01   1.3514256206708051e+03
   7.8200000000000003e+01   1.3535742016523093e+03
   7.8299999999999997e+01   1.3557581662781793e+03
   7.8399999999999991e+01   1.3579774555667682e+03
   7.8500000000000000e+01   1.3602320930699912e+03
   7.8599999999999994e+01   1.3625221376387649e+03
   7.8700000000000003e+01   1.3648476265253707e+03
   7.8799999999999997e+01   1.3672085235479690e+03
   7.8899999999999991e+01   1.3696046780462352e+03
   7.9000000000000000e+01   1.3720357890214434e+03
   7.9099999999999994e+01   1.3745013862124540e+03
   7.9200000000000003e+01   1.3770008369399104e+03
   7.9299999999999997e+01   1.3795333667503298e+03
   7.9399999999999991e+01   1.3820980838126009e+03
   7.9500000000000000e+01   1.3846940040378834e+03
   7.9599999999999994e+01   1.3873200777189975e+03
   7.9700000000000003e+01   1.3899752132541387e+03
   7.9799999999999997e+01   1.3926582948359962e+03
   7.9899999999999991e+01   1.3953682000525607e+03
   8.0000000000000000e+01   1.3981038162102027e+03
   8.0099999999999994e+01   1.4008640523468980e+03
   8.0200000000000003e+01   1.4036477978136768e+03
   8.0299999999999997e+01   1.4064535597314757e+03
   8.0399999999999991e+01   1.4092798797515040e+03
   8.0500000000000000e+01   1.4121257085911620e+03
   8.0599999999999994e+01   1.4149903630686520e+03
   8.0700000000000003e+01   1.4178734579060767e+03
   8.0799999999999997e+01   1.4207748274796797e+03
   8.0899999999999991e+01   1.4236944486461975e+03
   8.1000000000000000e+01   1.4266323769003802e+03
   8.1099999999999994e+01   1.4295887016848810e+03
   8.1200000000000003e+01   1.4325635211905976e+03
   8.1299999999999997e+01   1.4355569322322858e+03
   8.1399999999999991e+01   1.4385690269029692e+03
   8.1500000000000000e+01   1.4415998881516439e+03
   8.1599999999999994e+01   1.4446495817588145e+03
   8.1700000000000003e+01   1.4477181476446704e+03
   8.1799999999999997e+01   1.4508055946490820e+03
   8.1899999999999991e+01   1.4539118927354666e+03
   8.2000000000000000e+01   1.4570368449890550e+03
   8.2099999999999994e+01   1.4601793721149181e+03
   8.2200000000000003e+01   1.4633364925098815e+03
   8.2299999999999997e+01   1.4665036602060914e+03
   8.2399999999999991e+01   1.4696759907184464e+03
   8.2500000000000000e+01   1.4728491549933240e+03
   8.2599999999999994e+01   1.4760197990063089e+03
   8.2700000000000003e+01   1.4791855858301526e+03
   8.2799999999999997e+01   1.4823448257053244e+03
   8.2899999999999991e+01   1.4854955615602396e+03
   8.3000000000000000e+01   1.4886346424837470e+03
   8.3099999999999994e+01   1.4917575800914190e+03
   8.3200000000000003e+01   1.4948591759093238e+03
   8.3299999999999997e+01   1.4979341741590888e+03
   8.3399999999999991e+01   1.5009777066541956e+03
   8.3500000000000000e+01   1.5039856547436534e+03
   8.3599999999999994e+01   1.5069549684674832e+03
   8.3700000000000003e+01   1.5098840772048068e+03
   8.3799999999999997e+01   1.5127726611202140e+03
   8.3899999999999991e+01   1.5156221810998054e+03
   8.4000000000000000e+01   1.5184357133166889e+03
   8.4099999999999994e+01   1.5212180009871049e+03
   8.4200000000000003e+01   1.5239747236728122e+03
   8.4299999999999997e+01   1.5267121355876811e+03
   8.4399999999999991e+01   1.5294362226020348e+03
   8.4500000000000000e+01   1.5321523572862031e+03
   8.4599999999999994e+01   1.5348648288232698e+03
   8.4700000000000003e+01   1.5375767669545626e+03
   8.4799999999999997e+01   1.5402901356932730e+03
   8.4899999999999991e+01   1.5430058247267091e+03
   8.5000000000000000e+01   1.5457235599877615e+03
   8.5099999999999994e+01   1.5484416480032962e+03
   8.5200000000000003e+01   1.5511564380582849e+03
   8.5299999999999997e+01   1.5538624304620721e+03
   8.5399999999999991e+01   1.5565529014509323e+03
   8.5500000000000000e+01   1.5592211592754902e+03
   8.5599999999999994e+01   1.5618613873053312e+03
   8.5700000000000003e+01   1.5644691401200512e+03
   8.5799999999999997e+01   1.5670415668387971e+03
   8.5899999999999991e+01   1.5695772233882756e+03
   8.6000000000000000e+01   1.5720758362371455e+03
   8.6099999999999994e+01   1.5745378154406983e+03
   8.6199999999999989e+01   1.5769639742895608e+03
   8.6299999999999997e+01   1.5793552689792302e+03
   8.6400000000000006e+01   1.5817126267463893e+03
   8.6500000000000000e+01   1.5840369054563155e+03
   8.6599999999999994e+01   1.5863288329925099e+03
   8.6699999999999989e+01   1.5885889986532034e+03
   8.6799999999999997e+01   1.5908179134644433e+03
   8.6900000000000006e+01   1.5930158963031122e+03
   8.7000000000000000e+01   1.5951831391806738e+03
   8.7099999999999994e+01   1.5973196747947218e+03
   8.7199999999999989e+01   1.5994253081070779e+03
   8.7299999999999997e+01   1.6014997606967574e+03
   8.7400000000000006e+01   1.6035426816511151e+03
   8.7500000000000000e+01   1.6055536081650564e+03
   8.7599999999999994e+01   1.6075322721056577e+03
   8.7699999999999989e+01   1.6094784450026470e+03
   8.7799999999999997e+01   1.6113920273015451e+03
   8.7900000000000006e+01   1.6132732081948511e+03
   8.8000000000000000e+01   1.6151223247437720e+03
   8.8099999999999994e+01   1.6169400132909643e+03
   8.8199999999999989e+01   1.6187272394460067e+03
   8.8299999999999997e+01   1.6204849183901640e+03
   8.8400000000000006e+01   1.6222139719373483e+03
   8.8500000000000000e+01   1.6239153502913464e+03
   8.8599999999999994e+01   1.6255896191826207e+03
   8.8699999999999989e+01   1.6272368283853286e+03
   8.8799999999999997e+01   1.6288567518734769e+03
   8.8900000000000006e+01   1.6304487549736430e+03
   8.9000000000000000e+01   1.6320113794622980e+03
   8.9099999999999994e+01   1.6335427818828080e+03
   8.9199999999999989e+01   1.6350412586112157e+03
   8.9299999999999997e+01   1.6365048179539758e+03
   8.9400000000000006e+01   1.6379310749561214e+03
   8.9500000000000000e+01   1.6393184243708683e+03
   8.9599999999999994e+01   1.6406662587195767e+03
   8.9699999999999989e+01   1.6419740735853732e+03
   8.9799999999999997e+01   1.6432418830462502e+03
   8.9900000000000006e+01   1.6444709879426621e+03
   9.0000000000000000e+01   1.6456638817431060e+03
   9.0099999999999994e+01   1.6468234964280339e+03
   9.0199999999999989e+01   1.6479529887758915e+03
   9.0299999999999997e+01   1.6490559955752412e+03
   9.0400000000000006e+01   1.6501365536418314e+03
   9.0500000000000000e+01   1.6511991867529055e+03
   9.0599999999999994e+01   1.6522483400519186e+03
   9.0699999999999989e+01   1.6532880177506152e+03
   9.0799999999999997e+01   1.6543217433356988e+03
   9.0900000000000006e+01   1.6553526038561677e+03
   9.1000000000000000e+01   1.6563836027050161e+03
   9.1099999999999994e+01   1.6574173506928510e+03
   9.1199999999999989e+01   1.6584557689676737e+03
   9.1299999999999997e+01   1.6595000441845575e+03
   9.1400000000000006e+01   1.6605506788985886e+03
   9.1500000000000000e+01   1.6616076259123111e+03
   9.1599999999999994e+01   1.6626705500360306e+03
   9.1699999999999989e+01   1.6637391841467472e+03
   9.1799999999999997e+01   1.6648135957155530e+03
   9.1900000000000006e+01   1.6658942305896917e+03
   9.2000000000000000e+01   1.6669820436364778e+03
   9.2099999999999994e+01   1.6680783209076328e+03
   9.2199999999999989e+01   1.6691841299648413e+03
   9.2299999999999997e+01   1.6702998761907477e+03
   9.2400000000000006e+01   1.6714247882155203e+03
   9.2500000000000000e+01   1.6725572562998307e+03
   9.2599999999999994e+01   1.6736952870594323e+03
   9.2699999999999989e+01   1.6748367988507898e+03
   9.2799999999999997e+01   1.6759797930152231e+03
   9.2900000000000006e+01   1.6771224383528704e+03
   9.3000000000000000e+01   1.6782633722423657e+03
   9.3099999999999994e+01   1.6794016011416068e+03
   9.3199999999999989e+01   1.6805356364839208e+03
   9.3299999999999997e+01   1.6816613969363948e+03
   9.3400000000000006e+01   1.6827722059390094e+03
   9.3500000000000000e+01   1.6838612256675572e+03
   9.3599999999999994e+01   1.6849232419000564e+03
   9.3699999999999989e+01   1.6859537231597531e+03
   9.3799999999999997e+01   1.6869485410131867e+03
   9.3900000000000006e+01   1.6879086111278298e+03
   9.4000000000000000e+01   1.6888377281613259e+03
   9.4099999999999994e+01   1.6897397374238535e+03
   9.4199999999999989e+01   1.6906180620344467e+03
   9.4299999999999997e+01   1.6914755046840150e+03
   9.4400000000000006e+01   1.6923157944350251e+03
   9.4500000000000000e+01   1.6931431224591843e+03
   9.4599999999999994e+01   1.6939616394319569e+03
   9.4699999999999989e+01   1.6947751419258866e+03
   9.4799999999999997e+01   1.6955869492798420e+03
   9.4900000000000006e+01   1.6963999019238981e+03
   9.5000000000000000e+01   1.6972161950414625e+03
   9.5099999999999994e+01   1.6980372746850705e+03
   9.5199999999999989e+01   1.6988638038470303e+03
   9.5299999999999997e+01   1.6996957626264862e+03
   9.5400000000000006e+01   1.7005329176074720e+03
   9.5500000000000000e+01   1.7013759345412866e+03
   9.5599999999999994e+01   1.7022273049435364e+03
   9.5699999999999989e+01   1.7030914529912081e+03
   9.5799999999999997e+01   1.7039739788781758e+03
   9.5900000000000006e+01   1.7048807842583606e+03
   9.6000000000000000e+01   1.7058182340425471e+03
   9.6099999999999994e+01   1.7067928609830021e+03
   9.6199999999999989e+01   1.7078096727063025e+03
   9.6299999999999997e+01   1.7088734187057244e+03
   9.6400000000000006e+01   1.7099879896180460e+03
   9.6500000000000000e+01   1.7111560150446078e+03
   9.6599999999999994e+01   1.7123790324854217e+03
   9.6699999999999989e+01   1.7136575530248547e+03
   9.6799999999999997e+01   1.7149917457038459e+03
   9.6900000000000006e+01   1.7163814493127991e+03
   9.7000000000000000e+01   1.7178255658134917e+03
   9.7099999999999994e+01   1.7193218089131151e+03
   9.7199999999999989e+01   1.7208668282660185e+03
   9.7299999999999997e+01   1.7224566053907467e+03
   9.7400000000000006e+01   1.7240868286330558e+03
   9.7500000000000000e+01   1.7257533081686590e+03
   9.7599999999999994e+01   1.7274524668861568e+03
   9.7699999999999989e+01   1.7291818715311476e+03
   9.7799999999999997e+01   1.7309406660501118e+03
   9.7900000000000006e+01   1.7327295750554026e+03
   9.8000000000000000e+01   1.7345501782083452e+03
   9.8099999999999994e+01   1.7364040427202094e+03
   9.8199999999999989e+01   1.7382926609449123e+03
   9.8299999999999997e+01   1.7402173967927874e+03
   9.8400000000000006e+01   1.7421793915475000e+03
   9.8500000000000000e+01   1.7441794982929378e+03
   9.8599999999999994e+01   1.7462182924130402e+03
   9.8699999999999989e+01   1.7482961368950610e+03
   9.8799999999999997e+01   1.7504132509912445e+03
   9.8900000000000006e+01   1.7525697469047227e+03
   9.9000000000000000e+01   1.7547652884777901e+03
   9.9099999999999994e+01   1.7569969415983760e+03
   9.9199999999999989e+01   1.7592573862315962e+03
   9.9299999999999997e+01   1.7615371361993498e+03
   9.9400000000000006e+01   1.7638274559782144e+03
   9.9500000000000000e+01   1.7661214828860996e+03
   9.9599999999999994e+01   1.7684141830952658e+03
   9.9699999999999989e+01   1.7707012569534102e+03
   9.9799999999999997e+01   1.7729777045665051e+03
   9.9900000000000006e+01   1.7752378638892071e+03
   1.0000000000000000e+02   1.7774762197905275e+03
   1.0009999999999999e+02   1.7796881123923706e+03
   1.0019999999999999e+02   1.7818701351524846e+03
   1.0030000000000000e+02   1.7840198234631246e+03
   1.0040000000000001e+02   1.7861355182115042e+03
   1.0050000000000000e+02   1.7882162223310245e+03
   1.0059999999999999e+02   1.7902612702725805e+03
   1.0069999999999999e+02   1.7922703735204882e+03
   1.0080000000000000e+02   1.7942434557175018e+03
   1.0090000000000001e+02   1.7961805031300371e+03
   1.0100000000000000e+02   1.7980817349717988e+03
   1.0109999999999999e+02   1.7999475165433589e+03
   1.0119999999999999e+02   1.8017783648910327e+03
   1.0130000000000000e+02   1.8035750122573802e+03
   1.0140000000000001e+02   1.8053382161241784e+03
   1.0150000000000000e+02   1.8070687054583814e+03
   1.0159999999999999e+02   1.8087672162021202e+03
   1.0169999999999999e+02   1.8104343302496900e+03
   1.0180000000000000e+02   1.8120703803663050e+03
   1.0190000000000001e+02   1.8136755513940939e+03
   1.0200000000000000e+02   1.8152499075381836e+03
   1.0209999999999999e+02   1.8167932398048401e+03
   1.0219999999999999e+02   1.8183051234168481e+03
   1.0230000000000000e+02   1.8197852366428956e+03
   1.0240000000000001e+02   1.8212332712369453e+03
   1.0250000000000000e+02   1.8226486250590344e+03
   1.0259999999999999e+02   1.8240309820972464e+03
   1.0269999999999999e+02   1.8253805688424202e+03
   1.0280000000000000e+02   1.8266976293904429e+03
   1.0290000000000001e+02   1.8279823814652350e+03
   1.0300000000000000e+02   1.8292357179693058e+03
   1.0309999999999999e+02   1.8304592491371268e+03
   1.0319999999999999e+02   1.8316545908579524e+03
   1.0330000000000000e+02   1.8328233359981768e+03
   1.0340000000000001e+02   1.8339676229756274e+03
   1.0350000000000000e+02   1.8350901420565895e+03
   1.0359999999999999e+02   1.8361937544194161e+03
   1.0369999999999999e+02   1.8372811162176781e+03
   1.0380000000000000e+02   1.8383549479747442e+03
   1.0390000000000001e+02   1.8394181114270011e+03
   1.0400000000000000e+02   1.8404735183845855e+03
   1.0409999999999999e+02   1.8415240418870501e+03
   1.0419999999999999e+02   1.8425723161413077e+03
   1.0430000000000000e+02   1.8436206232471027e+03
   1.0440000000000001e+02   1.8446707798476982e+03
   1.0450000000000000e+02   1.8457240137074371e+03
   1.0459999999999999e+02   1.8467809360201388e+03
   1.0469999999999999e+02   1.8478417879132169e+03
   1.0480000000000000e+02   1.8489071180941551e+03
   1.0490000000000001e+02   1.8499787362907400e+03
   1.0500000000000000e+02   1.8510605970972842e+03
   1.0509999999999999e+02   1.8521591622118904e+03
   1.0519999999999999e+02   1.8532820039660928e+03
   1.0530000000000000e+02   1.8544363891194566e+03
   1.0540000000000001e+02   1.8556285684331438e+03
   1.0550000000000000e+02   1.8568639539827736e+03
   1.0559999999999999e+02   1.8581470143374165e+03
   1.0569999999999999e+02   1.8594813116396501e+03
   1.0580000000000000e+02   1.8608695461170905e+03
   1.0590000000000001e+02   1.8623135032151001e+03
   1.0600000000000000e+02   1.8638141892560259e+03
   1.0609999999999999e+02   1.8653717774901247e+03
   1.0619999999999999e+02   1.8669855968438872e+03
   1.0630000000000000e+02   1.8686540593721716e+03
   1.0640000000000001e+02   1.8703746241945471e+03
   1.0650000000000000e+02   1.8721439726854676e+03
   1.0659999999999999e+02   1.8739583680234227e+03
   1.0669999999999999e+02   1.8758144569956321e+03
   1.0680000000000000e+02   1.8777095415011283e+03
   1.0690000000000001e+02   1.8796410039574937e+03
   1.0700000000000000e+02   1.8816046420784344e+03
   1.0709999999999999e+02   1.8835931192477763e+03
   1.0719999999999999e+02   1.8855971193892992e+03
   1.0730000000000000e+02   1.8876074465864629e+03
   1.0740000000000001e+02   1.8896163848353392e+03
   1.0750000000000000e+02   1.8916182119883103e+03
   1.0759999999999999e+02   1.8936089315659176e+03
   1.0769999999999999e+02   1.8955847486001333e+03
   1.0780000000000000e+02   1.8975405111305959e+03
   1.0790000000000001e+02   1.8994699952304181e+03
   1.0800000000000000e+02   1.9013674413873812e+03
   1.0809999999999999e+02   1.9032289007732509e+03
   1.0819999999999999e+02   1.9050523798742840e+03
   1.0830000000000000e+02   1.9068375152810206e+03
   1.0840000000000001e+02   1.9085854503784838e+03
   1.0850000000000000e+02   1.9102981479234438e+03
   1.0859999999999999e+02   1.9119778666014438e+03
   1.0869999999999999e+02   1.9136270276450355e+03
   1.0880000000000000e+02   1.9152476749168934e+03
   1.0890000000000001e+02   1.9168410949155557e+03
   1.0900000000000000e+02   1.9184079250003560e+03
   1.0909999999999999e+02   1.9199482014671933e+03
   1.0919999999999999e+02   1.9214611642475759e+03
   1.0930000000000000e+02   1.9229451798889490e+03
   1.0940000000000001e+02   1.9243984101914675e+03
   1.0950000000000000e+02   1.9258190088269951e+03
   1.0959999999999999e+02   1.9272045490080818e+03
   1.0969999999999999e+02   1.9285525515649510e+03
   1.0980000000000000e+02   1.9298613630627549e+03
   1.0990000000000001e+02   1.9311300227971624e+03
   1.1000000000000000e+02   1.9323573459467796e+03
   1.1009999999999999e+02   1.9335429174441167e+03
   1.1019999999999999e+02   1.9346877261172021e+03
   1.1030000000000000e+02   1.9357937686748410e+03
   1.1040000000000001e+02   1.9368626914180570e+03
   1.1050000000000000e+02   1.9378967178555308e+03
   1.1059999999999999e+02   1.9388992434697891e+03
   1.1069999999999999e+02   1.9398753721189773e+03
   1.1080000000000000e+02   1.9408303708532856e+03
   1.1090000000000001e+02   1.9417676821814712e+03
   1.1100000000000000e+02   1.9426906412072597e+03
   1.1109999999999999e+02   1.9436026189947788e+03
   1.1119999999999999e+02   1.9445068490464901e+03
   1.1130000000000000e+02   1.9454062575417720e+03
   1.1140000000000001e+02   1.9463032567998798e+03
   1.1150000000000000e+02   1.9472000952167596e+03
   1.1159999999999999e+02   1.9480988767569550e+03
   1.1169999999999999e+02   1.9490013603950890e+03
   1.1180000000000000e+02   1.9499088079964567e+03
   1.1190000000000001e+02   1.9508218828772249e+03
   1.1200000000000000e+02   1.9517405873519062e+03
   1.1209999999999999e+02   1.9526643650463068e+03
   1.1219999999999999e+02   1.9535926268141009e+03
   1.1230000000000000e+02   1.9545257191778182e+03
   1.1240000000000001e+02   1.9554659727309941e+03
   1.1250000000000000e+02   1.9564185896015358e+03
   1.1259999999999999e+02   1.9573902319019605e+03
   1.1269999999999999e+02   1.9583874506305910e+03
   1.1280000000000000e+02   1.9594167788800746e+03
   1.1290000000000001e+02   1.9604845267008382e+03
   1.1300000000000000e+02   1.9615960627457468e+03
   1.1309999999999999e+02   1.9627563084915591e+03
   1.1319999999999999e+02   1.9639690162911063e+03
   1.1330000000000000e+02   1.9652362472235488e+03
   1.1340000000000001e+02   1.9665590158074358e+03
   1.1350000000000000e+02   1.9679379015496663e+03
   1.1359999999999999e+02   1.9693724116420219e+03
   1.1369999999999999e+02   1.9708606429865126e+03
   1.1380000000000000e+02   1.9723994818049357e+03
   1.1390000000000001e+02   1.9739851415490543e+03
   1.1400000000000000e+02   1.9756136544207145e+03
   1.1409999999999999e+02   1.9772814026996812e+03
   1.1419999999999999e+02   1.9789857619319023e+03
   1.1430000000000000e+02   1.9807257562789864e+03
   1.1440000000000001e+02   1.9825019255078259e+03
   1.1450000000000000e+02   1.9843148650260673e+03
   1.1459999999999999e+02   1.9861650871713030e+03
   1.1469999999999999e+02   1.9880532806466015e+03
   1.1480000000000000e+02   1.9899802245128014e+03
   1.1490000000000001e+02   1.9919466900408845e+03
   1.1500000000000000e+02   1.9939532949695433e+03
   1.1509999999999999e+02   1.9959995106908702e+03
   1.1519999999999999e+02   1.9980812563983352e+03
   1.1530000000000000e+02   2.0001903745204327e+03
   1.1540000000000001e+02   2.0023173736888443e+03
   1.1550000000000000e+02   2.0044536578449990e+03
   1.1559999999999999e+02   2.0065924175952828e+03
   1.1569999999999999e+02   2.0087286719013809e+03
   1.1580000000000000e+02   2.0108580605443192e+03
   1.1590000000000001e+02   2.0129751448367647e+03
   1.1600000000000000e+02   2.0150732495964000e+03
   1.1609999999999999e+02   2.0171455949855058e+03
   1.1619999999999999e+02   2.0191865954410873e+03
   1.1630000000000000e+02   2.0211924486902915e+03
   1.1640000000000001e+02   2.0231608156903953e+03
   1.1650000000000000e+02   2.0250907550942538e+03
   1.1659999999999999e+02   2.0269824122707553e+03
   1.1669999999999999e+02   2.0288366467458654e+03
   1.1680000000000000e+02   2.0306545913593852e+03
   1.1690000000000001e+02   2.0324373208174579e+03
   1.1700000000000000e+02   2.0341857532980107e+03
   1.1709999999999999e+02   2.0359005523872627e+03
   1.1719999999999999e+02   2.0375820522727709e+03
   1.1730000000000000e+02   2.0392303418305976e+03
   1.1740000000000001e+02   2.0408453633456618e+03
   1.1750000000000000e+02   2.0424268098496316e+03
   1.1759999999999999e+02   2.0439742462121058e+03
   1.1769999999999999e+02   2.0454873770792256e+03
   1.1780000000000000e+02   2.0469659136783491e+03
   1.1790000000000001e+02   2.0484095074614070e+03
   1.1800000000000000e+02   2.0498181731653144e+03
   1.1809999999999999e+02   2.0511923460002613e+03
   1.1820000000000000e+02   2.0525324867228519e+03
   1.1830000000000000e+02   2.0538393277171704e+03
   1.1840000000000001e+02   2.0551141497003428e+03
   1.1850000000000000e+02   2.0563585965447660e+03
   1.1859999999999999e+02   2.0575742761991037e+03
   1.1870000000000000e+02   2.0587630268649191e+03
   1.1880000000000000e+02   2.0599270446708861e+03
   1.1890000000000001e+02   2.0610687317005031e+03
   1.1900000000000000e+02   2.0621903599534498e+03
   1.1909999999999999e+02   2.0632941885121622e+03
   1.1920000000000000e+02   2.0643825624583469e+03
   1.1930000000000000e+02   2.0654578538970400e+03
   1.1940000000000001e+02   2.0665223072434746e+03
   1.1950000000000000e+02   2.0675779813995086e+03
   1.1959999999999999e+02   2.0686268281196008e+03
   1.1970000000000000e+02   2.0696706840845818e+03
   1.1980000000000000e+02   2.0707112282674648e+03
   1.1990000000000001e+02   2.0717499375335597e+03
   1.2000000000000000e+02   2.0727880881977176e+03
   1.2009999999999999e+02   2.0738267396902961e+03
   1.2020000000000000e+02   2.0748666910862294e+03
   1.2030000000000000e+02   2.0759084370120327e+03
   1.2040000000000001e+02   2.0769521446158037e+03
   1.2050000000000000e+02   2.0779976898995105e+03
   1.2059999999999999e+02   2.0790447952278450e+03
   1.2070000000000000e+02   2.0800933033512115e+03
   1.2080000000000000e+02   2.0811435837500799e+03
   1.2090000000000001e+02   2.0821969700647037e+03
   1.2100000000000000e+02   2.0832559742366507e+03
   1.2109999999999999e+02   2.0843241179678039e+03
   1.2120000000000000e+02   2.0854055113840600e+03
   1.2130000000000000e+02   2.0865044542466585e+03
   1.2140000000000001e+02   2.0876251564671184e+03
   1.2150000000000000e+02   2.0887714931443088e+03
   1.2159999999999999e+02   2.0899468964312555e+03
   1.2170000000000000e+02   2.0911543758119924e+03
   1.2180000000000000e+02   2.0923966348916679e+03
   1.2190000000000001e+02   2.0936758819842526e+03
   1.2200000000000000e+02   2.0949940366103438e+03
   1.2209999999999999e+02   2.0963532817388100e+03
   1.2220000000000000e+02   2.0977561516944811e+03
   1.2230000000000000e+02   2.0992052092999784e+03
   1.2240000000000001e+02   2.1007027120368243e+03
   1.2250000000000000e+02   2.1022504573309025e+03
   1.2259999999999999e+02   2.1038496066222847e+03
   1.2270000000000000e+02   2.1055002682367658e+03
   1.2280000000000000e+02   2.1072013362720490e+03
   1.2290000000000001e+02   2.1089506146266949e+03
   1.2300000000000000e+02   2.1107451395021503e+03
   1.2309999999999999e+02   2.1125820238386063e+03
   1.2320000000000000e+02   2.1144589527456478e+03
   1.2330000000000000e+02   2.1163741990807466e+03
   1.2340000000000001e+02   2.1183265345310397e+03
   1.2350000000000000e+02   2.1203150634240901e+03
   1.2359999999999999e+02   2.1223390640052367e+03
   1.2370000000000000e+02   2.1243978963991058e+03
   1.2380000000000000e+02   2.1264909538835868e+03
   1.2390000000000001e+02   2.1286176288247816e+03
   1.2400000000000000e+02   2.1307770918097735e+03
   1.2409999999999999e+02   2.1329669998830454e+03
   1.2420000000000000e+02   2.1351811719321745e+03
   1.2430000000000000e+02   2.1374106925714977e+03
   1.2440000000000001e+02   2.1396468741989888e+03
   1.2450000000000000e+02   2.1418824085973970e+03
   1.2459999999999999e+02   2.1441117390646427e+03
   1.2470000000000000e+02   2.1463309120433237e+03
   1.2480000000000000e+02   2.1485371498262998e+03
   1.2490000000000001e+02   2.1507284272374536e+03
   1.2500000000000000e+02   2.1529032182614060e+03
   1.2509999999999999e+02   2.1550605512466641e+03
   1.2520000000000000e+02   2.1572001663552537e+03
   1.2530000000000000e+02   2.1593224553224522e+03
   1.2540000000000001e+02   2.1614284470787802e+03
   1.2550000000000000e+02   2.1635196452787141e+03
   1.2559999999999999e+02   2.1655978386254847e+03
   1.2570000000000000e+02   2.1676649802440502e+03
   1.2580000000000000e+02   2.1697230238153425e+03
   1.2590000000000001e+02   2.1717737714180253e+03
   1.2600000000000000e+02   2.1738188236715637e+03
   1.2609999999999999e+02   2.1758595438393872e+03
   1.2620000000000000e+02   2.1778970779221081e+03
   1.2630000000000000e+02   2.1799323931140966e+03
   1.2640000000000001e+02   2.1819663153975389e+03
   1.2650000000000000e+02   2.1839995516700055e+03
   1.2659999999999999e+02   2.1860326968724330e+03
   1.2670000000000000e+02   2.1880662288626518e+03
   1.2680000000000000e+02   2.1901004892715523e+03
   1.2690000000000001e+02   2.1921356657638312e+03
   1.2700000000000000e+02   2.1941717927182622e+03
   1.2709999999999999e+02   2.1962087840845397e+03
   1.2720000000000000e+02   2.1982465047200876e+03
   1.2730000000000000e+02   2.2002848840023526e+03
   1.2740000000000001e+02   2.2023240632522429e+03
   1.2750000000000000e+02   2.2043645772993646e+03
   1.2759999999999999e+02   2.2064075406830343e+03
   1.2770000000000000e+02   2.2084546544409491e+03
   1.2780000000000000e+02   2.2105081427086011e+03
   1.2790000000000001e+02   2.2125705703373901e+03
   1.2800000000000000e+02   2.2146444899677872e+03
   1.2809999999999999e+02   2.2167322718668556e+03
   1.2819999999999999e+02   2.2188360236917715e+03
   1.2830000000000001e+02   2.2209573570026969e+03
   1.2840000000000001e+02   2.2230976647956818e+03
   1.2850000000000000e+02   2.2252581621850627e+03
   1.2859999999999999e+02   2.2274399884011655e+03
   1.2869999999999999e+02   2.2296446409799109e+03
   1.2880000000000001e+02   2.2318739173485524e+03
   1.2890000000000001e+02   2.2341300507375604e+03
   1.2900000000000000e+02   2.2364157195432604e+03
   1.2909999999999999e+02   2.2387335760427172e+03
   1.2919999999999999e+02   2.2410859687047709e+03
   1.2930000000000001e+02   2.2434745683301203e+03
   1.2940000000000001e+02   2.2459001928912708e+03
   1.2950000000000000e+02   2.2483628635409877e+03
   1.2959999999999999e+02   2.2508619564610021e+03
   1.2969999999999999e+02   2.2533963934556673e+03
   1.2980000000000001e+02   2.2559648264741563e+03
   1.2990000000000001e+02   2.2585657861454451e+03
   1.3000000000000000e+02   2.2611977798824837e+03
   1.3009999999999999e+02   2.2638593410067688e+03
   1.3019999999999999e+02   2.2665490459492416e+03
   1.3030000000000001e+02   2.2692654807259100e+03
   1.3040000000000001e+02   2.2720066626252428e+03
   1.3050000000000000e+02   2.2747683295442957e+03
   1.3059999999999999e+02   2.2775435324591795e+03
   1.3069999999999999e+02   2.2803250297828299e+03
   1.3080000000000001e+02   2.2831068130148165e+03
   1.3090000000000001e+02   2.2858844415182602e+03
   1.3100000000000000e+02   2.2886547880437060e+03
   1.3109999999999999e+02   2.2914158224426301e+03
   1.3119999999999999e+02   2.2941665632870131e+03
   1.3130000000000001e+02   2.2969069169045692e+03
   1.3140000000000001e+02   2.2996374029765884e+03
   1.3150000000000000e+02   2.3023592477796815e+03
   1.3159999999999999e+02   2.3050748620468944e+03
   1.3169999999999999e+02   2.3077883663008902e+03
   1.3180000000000001e+02   2.3105048276912466e+03
   1.3190000000000001e+02   2.3132292111231882e+03
   1.3200000000000000e+02   2.3159651840689808e+03
   1.3209999999999999e+02   2.3187144126946428e+03
   1.3219999999999999e+02   2.3214761147449826e+03
   1.3230000000000001e+02   2.3242479018352769e+03
   1.3240000000000001e+02   2.3270266343137087e+03
   1.3250000000000000e+02   2.3298091278072607e+03
   1.3259999999999999e+02   2.3325926552391998e+03
   1.3269999999999999e+02   2.3353748550496630e+03
   1.3280000000000001e+02   2.3381526300895734e+03
   1.3290000000000001e+02   2.3409210855465808e+03
   1.3300000000000000e+02   2.3436739889502546e+03
   1.3309999999999999e+02   2.3464053017931774e+03
   1.3319999999999999e+02   2.3491101722470517e+03
   1.3330000000000001e+02   2.3517852534932827e+03
   1.3340000000000001e+02   2.3544284596414618e+03
   1.3350000000000000e+02   2.3570387306279194e+03
   1.3359999999999999e+02   2.3596154579019135e+03
   1.3369999999999999e+02   2.3621581024675402e+03
   1.3380000000000001e+02   2.3646658290000805e+03
   1.3390000000000001e+02   2.3671372793648338e+03
   1.3400000000000000e+02   2.3695709874860613e+03
   1.3409999999999999e+02   2.3719650960880672e+03
   1.3419999999999999e+02   2.3743185974169874e+03
   1.3430000000000001e+02   2.3766308638697492e+03
   1.3440000000000001e+02   2.3789029989301575e+03
   1.3450000000000000e+02   2.3811374036377388e+03
   1.3459999999999999e+02   2.3833380237959236e+03
   1.3469999999999999e+02   2.3855102688144179e+03
   1.3480000000000001e+02   2.3876601494087827e+03
   1.3490000000000001e+02   2.3897940669810828e+03
   1.3500000000000000e+02   2.3919182267112233e+03
   1.3509999999999999e+02   2.3940378045936450e+03
   1.3519999999999999e+02   2.3961566614150956e+03
   1.3530000000000001e+02   2.3982775654504539e+03
   1.3540000000000001e+02   2.4004031511981411e+03
   1.3550000000000000e+02   2.4025371069568919e+03
   1.3559999999999999e+02   2.4046844856435332e+03
   1.3569999999999999e+02   2.4068513197761849e+03
   1.3580000000000001e+02   2.4090435088763329e+03
   1.3590000000000001e+02   2.4112659317324642e+03
   1.3600000000000000e+02   2.4135222488958930e+03
   1.3609999999999999e+02   2.4158147567280062e+03
   1.3619999999999999e+02   2.4181445342516236e+03
   1.3630000000000001e+02   2.4205118452937772e+03
   1.3640000000000001e+02   2.4229163777665945e+03
   1.3650000000000000e+02   2.4253575857758515e+03
   1.3659999999999999e+02   2.4278348340347047e+03
   1.3669999999999999e+02   2.4303473758500068e+03
   1.3680000000000001e+02   2.4328943261786380e+03
   1.3690000000000001e+02   2.4354745715276526e+03
   1.3700000000000000e+02   2.4380867892664664e+03
   1.3709999999999999e+02   2.4407295087706757e+03
   1.3719999999999999e+02   2.4434012107692574e+03
   1.3730000000000001e+02   2.4461004039834061e+03
   1.3740000000000001e+02   2.4488256403965738e+03
   1.3750000000000000e+02   2.4515753339502121e+03
   1.3759999999999999e+02   2.4543471725053723e+03
   1.3769999999999999e+02   2.4571371400656590e+03
   1.3780000000000001e+02   2.4599396174535914e+03
   1.3790000000000001e+02   2.4627485154029591e+03
   1.3800000000000000e+02   2.4655584139099033e+03
   1.3809999999999999e+02   2.4683651521524721e+03
   1.3819999999999999e+02   2.4711658709242870e+03
   1.3830000000000001e+02   2.4739583845111993e+03
   1.3840000000000001e+02   2.4767399973183096e+03
   1.3850000000000000e+02   2.4795067236390501e+03
   1.3859999999999999e+02   2.4822536971738191e+03
   1.3869999999999999e+02   2.4849760406699770e+03
   1.3880000000000001e+02   2.4876695061793230e+03
   1.3890000000000001e+02   2.4903307376990788e+03
   1.3900000000000000e+02   2.4929572788203363e+03
   1.3909999999999999e+02   2.4955475892210338e+03
   1.3919999999999999e+02   2.4981008934533388e+03
   1.3930000000000001e+02   2.5006170405376661e+03
   1.3940000000000001e+02   2.5030962921060691e+03
   1.3941281372786099e+02   2.5034113353428374e+03
