  -2.0943951023931956e-01  -2.1182025155630508e+03  -3.5622929690569572e+03  -4.7325636831668480e+03
  -2.0733459053842188e-01  -2.1234602441763604e+03  -3.5750869296365136e+03  -4.7519247929577750e+03
  -2.0522967083752419e-01  -2.1287375306268323e+03  -3.5880177488867980e+03  -4.7715149347479410e+03
  -2.0312475113662648e-01  -2.1340329512771032e+03  -3.6010847138547606e+03  -4.7913325703529399e+03
  -2.0101983143572880e-01  -2.1393449668568223e+03  -3.6142868644863797e+03  -4.8113756578369257e+03
  -1.9891491173483114e-01  -2.1446719147567496e+03  -3.6276229707744214e+03  -4.8316416033410778e+03
  -1.9680999203393346e-01  -2.1500120008001072e+03  -3.6410915080569489e+03  -4.8521272089909180e+03
  -1.9470507233303577e-01  -2.1553632904538204e+03  -3.6546906303235219e+03  -4.8728286165940463e+03
  -1.9260015263213806e-01  -2.1607236994395184e+03  -3.6684181413757647e+03  -4.8937412468228285e+03
  -1.9049523293124038e-01  -2.1660909837011241e+03  -3.6822714636780447e+03  -4.9148597335593458e+03
  -1.8839031323034272e-01  -2.1714627286826430e+03  -3.6962476047225582e+03  -4.9361778530627034e+03
  -1.8628539352944504e-01  -2.1768363378662557e+03  -3.7103431207210247e+03  -4.9576884476017258e+03
  -1.8418047382854735e-01  -2.1822090205170807e+03  -3.7245540774225919e+03  -4.9793833431795520e+03
  -1.8207555412764964e-01  -2.1875777785769219e+03  -3.7388760078443065e+03  -5.0012532609607888e+03
  -1.7997063442675196e-01  -2.1929393926449825e+03  -3.7533038666868856e+03  -5.0232877219974880e+03
  -1.7786571472585430e-01  -2.1982904069788724e+03  -3.7678319811943416e+03  -5.0454749448373050e+03
  -1.7576079502495662e-01  -2.2036271134442118e+03  -3.7824539982015413e+03  -5.0678017355867651e+03
  -1.7365587532405893e-01  -2.2089455343357686e+03  -3.7971628270990086e+03  -5.0902533699950764e+03
  -1.7155095562316122e-01  -2.2142414039873079e+03  -3.8119505784294324e+03  -5.1128134671202924e+03
  -1.6944603592226354e-01  -2.2195101490811521e+03  -3.8268084978154770e+03  -5.1354638541408049e+03
  -1.6734111622136588e-01  -2.2247468675618447e+03  -3.8417268949039803e+03  -5.1581844218822744e+03
  -1.6523619652046820e-01  -2.2299463060512453e+03  -3.8566950669975713e+03  -5.1809529706444137e+03
  -1.6313127681957051e-01  -2.2351028356548568e+03  -3.8717012170316057e+03  -5.2037450459351512e+03
  -1.6102635711867280e-01  -2.2402104260411347e+03  -3.8867323655423975e+03  -5.2265337637532493e+03
  -1.5892143741777512e-01  -2.2452626176669969e+03  -3.9017742562625599e+03  -5.2492896251063667e+03
  -1.5681651771687746e-01  -2.2502524920136857e+03  -3.9168112549713933e+03  -5.2719803195121904e+03
  -1.5471159801597978e-01  -2.2551726396875197e+03  -3.9318262412233416e+03  -5.2945705173078659e+03
  -1.5260667831508209e-01  -2.2600151262299610e+03  -3.9468004925763976e+03  -5.3170216506905808e+03
  -1.5050175861418438e-01  -2.2647714554707445e+03  -3.9617135609458874e+03  -5.3392916835325432e+03
  -1.4839683891328670e-01  -2.2694325302466700e+03  -3.9765431407183514e+03  -5.3613348701603727e+03
  -1.4629191921238904e-01  -2.2739886102970054e+03  -3.9912649282766442e+03  -5.3831015034654383e+03
  -1.4418699951149133e-01  -2.2784292671343896e+03  -4.0058524726121364e+03  -5.4045376529220475e+03
  -1.4208207981059368e-01  -2.2827433356777051e+03  -4.0202770167349545e+03  -5.4255848933383813e+03
  -1.3997716010969596e-01  -2.2869188624207118e+03  -4.0345073296401583e+03  -5.4461800254551608e+03
  -1.3787224040879831e-01  -2.2909430498974402e+03  -4.0485095286489791e+03  -5.4662547898431776e+03
  -1.3576732070790062e-01  -2.2948021971925805e+03  -4.0622468920220690e+03  -5.4857355759372649e+03
  -1.3366240100700291e-01  -2.2984816362326255e+03  -4.0756796618387630e+03  -5.5045431284847900e+03
  -1.3155748130610526e-01  -2.3019656635815873e+03  -4.0887648372557701e+03  -5.5225922541846003e+03
  -1.2945256160520754e-01  -2.3052374674540729e+03  -4.1014559584035496e+03  -5.5397915318499900e+03
  -1.2734764190430989e-01  -2.3082790496488064e+03  -4.1137028813526158e+03  -5.5560430300480521e+03
  -1.2524272220341220e-01  -2.3110711420978951e+03  -4.1254515447887779e+03  -5.5712420368473695e+03
  -1.2313780250251451e-01  -2.3135931177218754e+03  -4.1366437292798846e+03  -5.5852768070439797e+03
  -1.2103288280161682e-01  -2.3158228952787222e+03  -4.1472168103011109e+03  -5.5980283330269094e+03
  -1.1892796310071914e-01  -2.3177368378975148e+03  -4.1571035065152291e+03  -5.6093701462808012e+03
  -1.1682304339982146e-01  -2.3193096449955319e+03  -4.1662316251827333e+03  -5.6191681573917285e+03
  -1.1471812369892376e-01  -2.3205142372927130e+03  -4.1745238070076048e+03  -5.6272805433059621e+03
  -1.1261320399802609e-01  -2.3213216346613044e+03  -4.1818972732112852e+03  -5.6335576914671165e+03
  -1.1050828429712840e-01  -2.3217008265833092e+03  -4.1882635781719846e+03  -5.6378422112954559e+03
  -1.0840336459623072e-01  -2.3216186350364596e+03  -4.1935283715700698e+03  -5.6399690242377856e+03
  -1.0629844489533304e-01  -2.3210395696938003e+03  -4.1975911746420416e+03  -5.6397655442631658e+03
  -1.0419352519443535e-01  -2.3199256754060316e+03  -4.2003451758627143e+03  -5.6370519611570344e+03
  -1.0208860549353767e-01  -2.3182363720435264e+03  -4.2016770521418066e+03  -5.6316416392145520e+03
  -9.9983685792639984e-02  -2.3159282869111066e+03  -4.2014668224279867e+03  -5.6233416438867462e+03
  -9.7878766091742300e-02  -2.3129550801186047e+03  -4.1995877414467868e+03  -5.6119534085179694e+03
  -9.5773846390844616e-02  -2.3092672635001745e+03  -4.1959062421400822e+03  -5.5972735524546233e+03
  -9.3668926689946932e-02  -2.3048120139322659e+03  -4.1902819361993106e+03  -5.5790948604267160e+03
  -9.1564006989049249e-02  -2.2995329822120730e+03  -4.1825676828610694e+03  -5.5572074311328079e+03
  -8.9459087288151579e-02  -2.2933700990339280e+03  -4.1726097368234987e+03  -5.5314000003315869e+03
  -8.7354167587253881e-02  -2.2862593800501636e+03  -4.1602479866986941e+03  -5.5014614404108506e+03
  -8.5249247886356197e-02  -2.2781327325358507e+03  -4.1453162957860559e+03  -5.4671824343408534e+03
  -8.3144328185458513e-02  -2.2689177668044413e+03  -4.1276429570724076e+03  -5.4283573171277485e+03
  -8.1039408484560829e-02  -2.2585376162548450e+03  -4.1070512741688699e+03  -5.3847860724067550e+03
  -7.8934488783663131e-02  -2.2469107707807598e+03  -4.0833602793089894e+03  -5.3362764657419757e+03
  -7.6829569082765461e-02  -2.2339509292499788e+03  -4.0563855984829379e+03  -5.2826462896718804e+03
  -7.4724649381867778e-02  -2.2195668778728937e+03  -4.0259404721957785e+03  -5.2237256887536723e+03
  -7.2619729680970094e-02  -2.2036624025300980e+03  -3.9918369381479661e+03  -5.1593595260720358e+03
  -7.0514809980072410e-02  -2.1861362445186073e+03  -3.9538871792904811e+03  -5.0894097461979800e+03
  -6.8409890279174726e-02  -2.1668821106972000e+03  -3.9119050371728522e+03  -5.0137576837677425e+03
  -6.6304970578277042e-02  -2.1457887506464976e+03  -3.8657076862757267e+03  -4.9323062620884357e+03
  -6.4200050877379358e-02  -2.1227401151781455e+03  -3.8151174601336161e+03  -4.8449820228660283e+03
  -6.2095131176481688e-02  -2.0976156122825691e+03  -3.7599638145862391e+03  -4.7517369266792448e+03
  -5.9990211475583977e-02  -2.0702904783276663e+03  -3.7000854075789989e+03  -4.6525498645334728e+03
  -5.7885291774686300e-02  -2.0406362839172311e+03  -3.6353322687525210e+03  -4.5474278239905398e+03
  -5.5780372073788623e-02  -2.0085215951631260e+03  -3.5655680258641769e+03  -4.4364066591456731e+03
  -5.3675452372890946e-02  -1.9738128120600422e+03  -3.4906721491734365e+03  -4.3195514221407730e+03
  -5.1570532671993269e-02  -1.9363752059793837e+03  -3.4105421696463077e+03  -4.1969562248368993e+03
  -4.9465612971095557e-02  -1.8960741777843577e+03  -3.3250958225723239e+03  -4.0687436124273813e+03
  -4.7360693270197880e-02  -1.8527767564410935e+03  -3.2342730653297826e+03  -3.9350634457013252e+03
  -4.5255773569300203e-02  -1.8063533549614651e+03  -3.1380379169515722e+03  -3.7960913047640211e+03
  -4.3150853868402526e-02  -1.7566797957492442e+03  -3.0363800681530934e+03  -3.6520264435674526e+03
  -4.1045934167504849e-02  -1.7036396106270620e+03  -2.9293162138157313e+03  -3.5030893408082361e+03
  -3.8941014466607145e-02  -1.6471266117324283e+03  -2.8168910656819530e+03  -3.3495189077973669e+03
  -3.6836094765709468e-02  -1.5870477179040015e+03  -2.6991780111666458e+03  -3.1915694270155877e+03
  -3.4731175064811784e-02  -1.5233260070857973e+03  -2.5762793945056933e+03  -3.0295073055491766e+03
  -3.2626255363914107e-02  -1.4559039488023034e+03  -2.4483264085476108e+03  -2.8636077349024954e+03
  -3.0521335663016402e-02  -1.3847467523015034e+03  -2.3154785987748337e+03  -2.6941513524309362e+03
  -2.8416415962118722e-02  -1.3098457462370993e+03  -2.1779229948990323e+03  -2.5214209996582354e+03
  -2.6311496261221045e-02  -1.2312216858271629e+03  -2.0358728987870825e+03  -2.3456986690683980e+03
  -2.4206576560323368e-02  -1.1489278647053761e+03  -1.8895663696751676e+03  -2.1672627238251703e+03
  -2.2101656859425691e-02  -1.0630528929181830e+03  -1.7392644577765525e+03  -1.9863854646714542e+03
  -1.9996737158527983e-02  -9.7372299169404312e+02  -1.5852492447417153e+03  -1.8033311055319311e+03
  -1.7891817457630306e-02  -8.8110365177166477e+02  -1.4278217534140294e+03  -1.6183542047075625e+03
  -1.5786897756732629e-02  -7.8540050712966581e+02  -1.2672997895938606e+03  -1.4316985826762250e+03
  -1.3681978055834950e-02  -6.8685929140381359e+02  -1.1040157750018127e+03  -1.2435967410634776e+03
  -1.1577058354937273e-02  -5.8576477090091350e+02  -9.3831462352748156e+02  -1.0542697809447523e+03
  -9.4721386540395636e-03  -4.8243858574502309e+02  -7.7055170265391848e+02  -8.6392780284063804e+02
  -7.3672189531418866e-03  -3.7723597799015374e+02  -6.0109090939793657e+02  -6.7277075603820913e+02
  -5.2622992522442088e-03  -2.7054143995358839e+02  -4.3030287613363083e+02  -4.8098969158716881e+02
  -3.1573795513465319e-03  -1.6276337390184523e+02  -2.5856330732348403e+02  -2.8876836176087278e+02
  -1.0524598504488543e-03  -5.4327911067813346e+01  -8.6251434557940968e+01  -9.6285099136362547e+01
   1.0524598504488543e-03   5.4327911067813346e+01   8.6251434557940968e+01   9.6285099136362547e+01
   3.1573795513465319e-03   1.6276337390184523e+02   2.5856330732348403e+02   2.8876836176087278e+02
   5.2622992522442088e-03   2.7054143995358839e+02   4.3030287613363083e+02   4.8098969158716881e+02
   7.3672189531418866e-03   3.7723597799015374e+02   6.0109090939793657e+02   6.7277075603820913e+02
   9.4721386540395636e-03   4.8243858574502309e+02   7.7055170265391848e+02   8.6392780284063804e+02
   1.1577058354937273e-02   5.8576477090091350e+02   9.3831462352748156e+02   1.0542697809447523e+03
   1.3681978055834950e-02   6.8685929140381359e+02   1.1040157750018127e+03   1.2435967410634776e+03
   1.5786897756732629e-02   7.8540050712966581e+02   1.2672997895938606e+03   1.4316985826762250e+03
   1.7891817457630306e-02   8.8110365177166477e+02   1.4278217534140294e+03   1.6183542047075625e+03
   1.9996737158527983e-02   9.7372299169404312e+02   1.5852492447417153e+03   1.8033311055319311e+03
   2.2101656859425691e-02   1.0630528929181830e+03   1.7392644577765525e+03   1.9863854646714542e+03
   2.4206576560323368e-02   1.1489278647053761e+03   1.8895663696751676e+03   2.1672627238251703e+03
   2.6311496261221045e-02   1.2312216858271629e+03   2.0358728987870825e+03   2.3456986690683980e+03
   2.8416415962118722e-02   1.3098457462370993e+03   2.1779229948990323e+03   2.5214209996582354e+03
   3.0521335663016402e-02   1.3847467523015034e+03   2.3154785987748337e+03   2.6941513524309362e+03
   3.2626255363914107e-02   1.4559039488023034e+03   2.4483264085476108e+03   2.8636077349024954e+03
   3.4731175064811784e-02   1.5233260070857973e+03   2.5762793945056933e+03   3.0295073055491766e+03
   3.6836094765709468e-02   1.5870477179040015e+03   2.6991780111666458e+03   3.1915694270155877e+03
   3.8941014466607145e-02   1.6471266117324283e+03   2.8168910656819530e+03   3.3495189077973669e+03
   4.1045934167504849e-02   1.7036396106270620e+03   2.9293162138157313e+03   3.5030893408082361e+03
   4.3150853868402526e-02   1.7566797957492442e+03   3.0363800681530934e+03   3.6520264435674526e+03
   4.5255773569300203e-02   1.8063533549614651e+03   3.1380379169515722e+03   3.7960913047640211e+03
   4.7360693270197880e-02   1.8527767564410935e+03   3.2342730653297826e+03   3.9350634457013252e+03
   4.9465612971095557e-02   1.8960741777843577e+03   3.3250958225723239e+03   4.0687436124273813e+03
   5.1570532671993269e-02   1.9363752059793837e+03   3.4105421696463077e+03   4.1969562248368993e+03
   5.3675452372890946e-02   1.9738128120600422e+03   3.4906721491734365e+03   4.3195514221407730e+03
   5.5780372073788623e-02   2.0085215951631260e+03   3.5655680258641769e+03   4.4364066591456731e+03
   5.7885291774686300e-02   2.0406362839172311e+03   3.6353322687525210e+03   4.5474278239905398e+03
   5.9990211475583977e-02   2.0702904783276663e+03   3.7000854075789989e+03   4.6525498645334728e+03
   6.2095131176481688e-02   2.0976156122825691e+03   3.7599638145862391e+03   4.7517369266792448e+03
   6.4200050877379358e-02   2.1227401151781455e+03   3.8151174601336161e+03   4.8449820228660283e+03
   6.6304970578277042e-02   2.1457887506464976e+03   3.8657076862757267e+03   4.9323062620884357e+03
   6.8409890279174726e-02   2.1668821106972000e+03   3.9119050371728522e+03   5.0137576837677425e+03
   7.0514809980072396e-02   2.1861362445186073e+03   3.9538871792904806e+03   5.0894097461979791e+03
   7.2619729680970108e-02   2.2036624025300980e+03   3.9918369381479661e+03   5.1593595260720367e+03
   7.4724649381867750e-02   2.2195668778728932e+03   4.0259404721957781e+03   5.2237256887536714e+03
   7.6829569082765461e-02   2.2339509292499788e+03   4.0563855984829379e+03   5.2826462896718804e+03
   7.8934488783663173e-02   2.2469107707807598e+03   4.0833602793089899e+03   5.3362764657419757e+03
   8.1039408484560815e-02   2.2585376162548450e+03   4.1070512741688699e+03   5.3847860724067541e+03
   8.3144328185458527e-02   2.2689177668044413e+03   4.1276429570724076e+03   5.4283573171277503e+03
   8.5249247886356169e-02   2.2781327325358507e+03   4.1453162957860559e+03   5.4671824343408525e+03
   8.7354167587253881e-02   2.2862593800501636e+03   4.1602479866986941e+03   5.5014614404108506e+03
   8.9459087288151592e-02   2.2933700990339280e+03   4.1726097368234987e+03   5.5314000003315869e+03
   9.1564006989049235e-02   2.2995329822120730e+03   4.1825676828610694e+03   5.5572074311328079e+03
   9.3668926689946946e-02   2.3048120139322659e+03   4.1902819361993106e+03   5.5790948604267160e+03
   9.5773846390844589e-02   2.3092672635001745e+03   4.1959062421400822e+03   5.5972735524546233e+03
   9.7878766091742300e-02   2.3129550801186047e+03   4.1995877414467868e+03   5.6119534085179694e+03
   9.9983685792640012e-02   2.3159282869111066e+03   4.2014668224279867e+03   5.6233416438867462e+03
   1.0208860549353765e-01   2.3182363720435264e+03   4.2016770521418066e+03   5.6316416392145520e+03
   1.0419352519443537e-01   2.3199256754060316e+03   4.2003451758627143e+03   5.6370519611570344e+03
   1.0629844489533301e-01   2.3210395696938003e+03   4.1975911746420416e+03   5.6397655442631658e+03
   1.0840336459623072e-01   2.3216186350364596e+03   4.1935283715700698e+03   5.6399690242377856e+03
   1.1050828429712843e-01   2.3217008265833092e+03   4.1882635781719846e+03   5.6378422112954559e+03
   1.1261320399802607e-01   2.3213216346613044e+03   4.1818972732112852e+03   5.6335576914671165e+03
   1.1471812369892379e-01   2.3205142372927130e+03   4.1745238070076048e+03   5.6272805433059621e+03
   1.1682304339982143e-01   2.3193096449955319e+03   4.1662316251827333e+03   5.6191681573917285e+03
   1.1892796310071914e-01   2.3177368378975148e+03   4.1571035065152291e+03   5.6093701462808012e+03
   1.2103288280161684e-01   2.3158228952787222e+03   4.1472168103011109e+03   5.5980283330269094e+03
   1.2313780250251449e-01   2.3135931177218754e+03   4.1366437292798846e+03   5.5852768070439797e+03
   1.2524272220341220e-01   2.3110711420978951e+03   4.1254515447887779e+03   5.5712420368473695e+03
   1.2734764190430983e-01   2.3082790496488069e+03   4.1137028813526167e+03   5.5560430300480521e+03
   1.2945256160520754e-01   2.3052374674540729e+03   4.1014559584035496e+03   5.5397915318499900e+03
   1.3155748130610526e-01   2.3019656635815873e+03   4.0887648372557701e+03   5.5225922541846003e+03
   1.3366240100700291e-01   2.2984816362326255e+03   4.0756796618387630e+03   5.5045431284847900e+03
   1.3576732070790062e-01   2.2948021971925805e+03   4.0622468920220690e+03   5.4857355759372649e+03
   1.3787224040879825e-01   2.2909430498974407e+03   4.0485095286489795e+03   5.4662547898431785e+03
   1.3997716010969596e-01   2.2869188624207118e+03   4.0345073296401583e+03   5.4461800254551608e+03
   1.4208207981059368e-01   2.2827433356777051e+03   4.0202770167349545e+03   5.4255848933383813e+03
   1.4418699951149133e-01   2.2784292671343896e+03   4.0058524726121364e+03   5.4045376529220475e+03
   1.4629191921238904e-01   2.2739886102970054e+03   3.9912649282766442e+03   5.3831015034654383e+03
   1.4839683891328675e-01   2.2694325302466700e+03   3.9765431407183514e+03   5.3613348701603718e+03
   1.5050175861418438e-01   2.2647714554707445e+03   3.9617135609458874e+03   5.3392916835325432e+03
   1.5260667831508209e-01   2.2600151262299610e+03   3.9468004925763976e+03   5.3170216506905808e+03
   1.5471159801597975e-01   2.2551726396875197e+03   3.9318262412233416e+03   5.2945705173078668e+03
   1.5681651771687746e-01   2.2502524920136857e+03   3.9168112549713933e+03   5.2719803195121904e+03
   1.5892143741777517e-01   2.2452626176669969e+03   3.9017742562625599e+03   5.2492896251063667e+03
   1.6102635711867280e-01   2.2402104260411347e+03   3.8867323655423975e+03   5.2265337637532493e+03
   1.6313127681957051e-01   2.2351028356548568e+03   3.8717012170316057e+03   5.2037450459351512e+03
   1.6523619652046817e-01   2.2299463060512453e+03   3.8566950669975713e+03   5.1809529706444137e+03
   1.6734111622136588e-01   2.2247468675618447e+03   3.8417268949039803e+03   5.1581844218822744e+03
   1.6944603592226359e-01   2.2195101490811521e+03   3.8268084978154770e+03   5.1354638541408040e+03
   1.7155095562316122e-01   2.2142414039873079e+03   3.8119505784294324e+03   5.1128134671202924e+03
   1.7365587532405893e-01   2.2089455343357686e+03   3.7971628270990086e+03   5.0902533699950764e+03
   1.7576079502495659e-01   2.2036271134442118e+03   3.7824539982015413e+03   5.0678017355867651e+03
   1.7786571472585430e-01   2.1982904069788724e+03   3.7678319811943416e+03   5.0454749448373050e+03
   1.7997063442675199e-01   2.1929393926449820e+03   3.7533038666868856e+03   5.0232877219974880e+03
   1.8207555412764964e-01   2.1875777785769219e+03   3.7388760078443065e+03   5.0012532609607888e+03
   1.8418047382854735e-01   2.1822090205170807e+03   3.7245540774225919e+03   4.9793833431795520e+03
   1.8628539352944501e-01   2.1768363378662557e+03   3.7103431207210247e+03   4.9576884476017276e+03
   1.8839031323034272e-01   2.1714627286826430e+03   3.6962476047225582e+03   4.9361778530627034e+03
   1.9049523293124040e-01   2.1660909837011241e+03   3.6822714636780447e+03   4.9148597335593458e+03
   1.9260015263213806e-01   2.1607236994395184e+03   3.6684181413757647e+03   4.8937412468228285e+03
   1.9470507233303577e-01   2.1553632904538204e+03   3.6546906303235219e+03   4.8728286165940463e+03
   1.9680999203393343e-01   2.1500120008001072e+03   3.6410915080569489e+03   4.8521272089909180e+03
   1.9891491173483114e-01   2.1446719147567496e+03   3.6276229707744214e+03   4.8316416033410778e+03
   2.0101983143572882e-01   2.1393449668568219e+03   3.6142868644863797e+03   4.8113756578369248e+03
   2.0312475113662648e-01   2.1340329512771032e+03   3.6010847138547606e+03   4.7913325703529399e+03
   2.0522967083752419e-01   2.1287375306268323e+03   3.5880177488867980e+03   4.7715149347479410e+03
   2.0733459053842185e-01   2.1234602441763604e+03   3.5750869296365136e+03   4.7519247929577750e+03
   2.0943951023931956e-01   2.1182025155630508e+03   3.5622929690569572e+03   4.7325636831668480e+03
