  -1.0000000000000000e+00  -1.5418437702807369e+03  -3.0297781758374185e+03  -4.4521288191760414e+03
  -9.8994974874371855e-01  -1.5452043692636555e+03  -3.0361643305992279e+03  -4.4612017970045526e+03
  -9.7989949748743721e-01  -1.5486228788149758e+03  -3.0426583938302479e+03  -4.4704263423656967e+03
  -9.6984924623115576e-01  -1.5521007647618014e+03  -3.0492630532261901e+03  -4.4798061992785406e+03
  -9.5979899497487442e-01  -1.5556395408041672e+03  -3.0559810833485267e+03  -4.4893452323885313e+03
  -9.4974874371859297e-01  -1.5592407703648598e+03  -3.0628153489807473e+03  -4.4990474316567406e+03
  -9.3969849246231152e-01  -1.5629060685165314e+03  -3.0697688086281405e+03  -4.5089169172548682e+03
  -9.2964824120603018e-01  -1.5666371039890494e+03  -3.0768445181671386e+03  -4.5189579446753842e+03
  -9.1959798994974873e-01  -1.5704356012599962e+03  -3.0840456346503538e+03  -4.5291749100664138e+03
  -9.0954773869346739e-01  -1.5743033427312978e+03  -3.0913754202735936e+03  -4.5395723558014415e+03
  -8.9949748743718594e-01  -1.5782421709948640e+03  -3.0988372465112438e+03  -4.5501549762941459e+03
  -8.8944723618090449e-01  -1.5822539911901292e+03  -3.1064345984264864e+03  -4.5609276240690588e+03
  -8.7939698492462315e-01  -1.5863407734562641e+03  -3.1141710791628634e+03  -4.5718953160990086e+03
  -8.6934673366834170e-01  -1.5905045554817009e+03  -3.1220504146236854e+03  -4.5830632404205708e+03
  -8.5929648241206036e-01  -1.5947474451534483e+03  -3.1300764583457349e+03  -4.5944367630390034e+03
  -8.4924623115577891e-01  -1.5990716233084147e+03  -3.1382531965735770e+03  -4.6060214351343147e+03
  -8.3919597989949746e-01  -1.6034793465886562e+03  -3.1465847535405946e+03  -4.6178230005802288e+03
  -8.2914572864321612e-01  -1.6079729504020713e+03  -3.1550753969625207e+03  -4.6298474037878586e+03
  -8.1909547738693467e-01  -1.6125548519895444e+03  -3.1637295437488710e+03  -4.6421007978858715e+03
  -8.0904522613065333e-01  -1.6172275535989561e+03  -3.1725517659370566e+03  -4.6545895532487066e+03
  -7.9899497487437188e-01  -1.6219936457656768e+03  -3.1815467968532225e+03  -4.6673202663841566e+03
  -7.8894472361809043e-01  -1.6268558106982600e+03  -3.1907195375029373e+03  -4.6802997691910896e+03
  -7.7889447236180898e-01  -1.6318168257669120e+03  -3.2000750631936394e+03  -4.6935351385973972e+03
  -7.6884422110552764e-01  -1.6368795670909335e+03  -3.2096186303892787e+03  -4.7070337065873300e+03
  -7.5879396984924630e-01  -1.6420470132197133e+03  -3.2193556837957412e+03  -4.7208030706260643e+03
  -7.4874371859296485e-01  -1.6473222488998626e+03  -3.2292918636734662e+03  -4.7348511044877250e+03
  -7.3869346733668340e-01  -1.6527084689187041e+03  -3.2394330133708377e+03  -4.7491859694910481e+03
  -7.2864321608040195e-01  -1.6582089820115359e+03  -3.2497851870687596e+03  -4.7638161261441710e+03
  -7.1859296482412061e-01  -1.6638272148166936e+03  -3.2603546577226980e+03  -4.7787503461968290e+03
  -7.0854271356783927e-01  -1.6695667158584447e+03  -3.2711479251837877e+03  -4.7939977250942193e+03
  -6.9849246231155782e-01  -1.6754311595329445e+03  -3.2821717244747128e+03  -4.8095676948218370e+03
  -6.8844221105527637e-01  -1.6814243500668399e+03  -3.2934330341892446e+03  -4.8254700371245253e+03
  -6.7839195979899491e-01  -1.6875502254113364e+03  -3.3049390849759520e+03  -4.8417148970757389e+03
  -6.6834170854271358e-01  -1.6938128610265230e+03  -3.3166973680566816e+03  -4.8583127969640054e+03
  -6.5829145728643224e-01  -1.7002164735012400e+03  -3.3287156437186036e+03  -4.8752746504528859e+03
  -6.4824120603015079e-01  -1.7067654239424444e+03  -3.3410019497043500e+03  -4.8926117769577222e+03
  -6.3819095477386933e-01  -1.7134642210545726e+03  -3.3535646094079425e+03  -4.9103359161667431e+03
  -6.2814070351758788e-01  -1.7203175238134290e+03  -3.3664122397639358e+03  -4.9284592426153213e+03
  -6.1809045226130654e-01  -1.7273301436200925e+03  -3.3795537586930941e+03  -4.9469943801993622e+03
  -6.0804020100502520e-01  -1.7345070457976908e+03  -3.3929983919390893e+03  -4.9659544164866320e+03
  -5.9798994974874375e-01  -1.7418533502669593e+03  -3.4067556790962471e+03  -4.9853529166518292e+03
  -5.8793969849246230e-01  -1.7493743312043155e+03  -3.4208354785871334e+03  -5.0052039368218966e+03
  -5.7788944723618085e-01  -1.7570754154478429e+03  -3.4352479712994823e+03  -5.0255220365704445e+03
  -5.6783919597989951e-01  -1.7649621793707490e+03  -3.4500036625328357e+03  -5.0463222902430225e+03
  -5.5778894472361806e-01  -1.7730403438870160e+03  -3.4651133818343683e+03  -5.0676202967261543e+03
  -5.4773869346733672e-01  -1.7813157671883230e+03  -3.4805882802182828e+03  -5.0894321871899929e+03
  -5.3768844221105527e-01  -1.7897944347325567e+03  -3.4964398241607241e+03  -5.1117746302343166e+03
  -5.2763819095477382e-01  -1.7984824459096003e+03  -3.5126797856389162e+03  -5.1346648337465176e+03
  -5.1758793969849248e-01  -1.8073859966962882e+03  -3.5293202273344614e+03  -5.1581205426337347e+03
  -5.0753768844221103e-01  -1.8165113574751817e+03  -3.5463734819409869e+03  -5.1821600314138068e+03
  -4.9748743718592969e-01  -1.8258648450261903e+03  -3.5638521242987035e+03  -5.2068020904340201e+03
  -4.8743718592964824e-01  -1.8354527874996568e+03  -3.5817689348143649e+03  -5.2320660042244372e+03
  -4.7738693467336679e-01  -1.8452814809365959e+03  -3.6001368523040815e+03  -5.2579715201727977e+03
  -4.6733668341708545e-01  -1.8553571356067669e+03  -3.6189689140051405e+03  -5.2845388053171109e+03
  -4.5728643216080400e-01  -1.8656858100760503e+03  -3.6382781800249873e+03  -5.3117883885734846e+03
  -4.4723618090452266e-01  -1.8762733304764390e+03  -3.6580776389099951e+03  -5.3397410851286058e+03
  -4.3718592964824121e-01  -1.8871251919160452e+03  -3.6783800902975513e+03  -5.3684178990019864e+03
  -4.2713567839195976e-01  -1.8982464383096030e+03  -3.6991979997291655e+03  -5.3978398988881236e+03
  -4.1708542713567842e-01  -1.9096415161025559e+03  -3.7205433196079680e+03  -5.4280280612793631e+03
  -4.0703517587939697e-01  -1.9213140963669475e+03  -3.7424272689274280e+03  -5.4590030734902675e+03
  -3.9698492462311563e-01  -1.9332668585181721e+03  -3.7648600627112460e+03  -5.4907850874815622e+03
  -3.8693467336683418e-01  -1.9455012273787715e+03  -3.7878505799990035e+03  -5.5233934132224867e+03
  -3.7688442211055273e-01  -1.9580170534234203e+03  -3.8114059565748385e+03  -5.5568461376129671e+03
  -3.6683417085427139e-01  -1.9708122236817376e+03  -3.8355310853200499e+03  -5.5911596515519077e+03
  -3.5678391959798994e-01  -1.9838821878294923e+03  -3.8602280028829914e+03  -5.6263480633754925e+03
  -3.4673366834170849e-01  -1.9972193803063528e+03  -3.8854951360499267e+03  -5.6624224713216563e+03
  -3.3668341708542715e-01  -2.0108125146567559e+03  -3.9113263744377891e+03  -5.6993900605337585e+03
  -3.2663316582914570e-01  -2.0246457204387082e+03  -3.9377099274767202e+03  -5.7372529809013140e+03
  -3.1658291457286436e-01  -2.0386974856465688e+03  -3.9646269125250378e+03  -5.7760069500774707e+03
  -3.0653266331658291e-01  -2.0529393582133257e+03  -3.9920496065844200e+03  -5.8156395103992563e+03
  -2.9648241206030146e-01  -2.0673343482339837e+03  -4.0199392754134769e+03  -5.8561278479164293e+03
  -2.8643216080402012e-01  -2.0818349573594992e+03  -4.0482434694620656e+03  -5.8974360545803384e+03
  -2.7638190954773867e-01  -2.0963807424168795e+03  -4.0768926440501996e+03  -5.9395116784502106e+03
  -2.6633165829145733e-01  -2.1108952955186123e+03  -4.1057959189800722e+03  -5.9822813581643986e+03
  -2.5628140703517588e-01  -2.1252824912102719e+03  -4.1348357367164099e+03  -6.0256452721204068e+03
  -2.4623115577889443e-01  -2.1394218106533426e+03  -4.1638611034755831e+03  -6.0694700429907743e+03
  -2.3618090452261309e-01  -2.1531625010884341e+03  -4.1926789972422257e+03  -6.1135796145591003e+03
  -2.2613065326633164e-01  -2.1663162630487641e+03  -4.2210433915238482e+03  -6.1577434461540615e+03
  -2.1608040201005030e-01  -2.1786480748011900e+03  -4.2486411606694601e+03  -6.2016611293719270e+03
  -2.0603015075376885e-01  -2.1898646600324705e+03  -4.2750738841599850e+03  -6.2449421916567662e+03
  -1.9597989949748740e-01  -2.1995999783385691e+03  -4.2998342295064185e+03  -6.2870793662521237e+03
  -1.8592964824120606e-01  -2.2073969684548451e+03  -4.3222751345334655e+03  -6.3274129105418342e+03
  -1.7587939698492461e-01  -2.2126846069200592e+03  -4.3415693893714488e+03  -6.3650825443960521e+03
  -1.6582914572864327e-01  -2.2147491775866106e+03  -4.3566563884256593e+03  -6.3989621079275921e+03
  -1.5577889447236182e-01  -2.2126985214611277e+03  -4.3661717349067421e+03  -6.4275698860641924e+03
  -1.4572864321608037e-01  -2.2054180379067748e+03  -4.3683540095305671e+03  -6.4489444050456186e+03
  -1.3567839195979903e-01  -2.1915175039202259e+03  -4.3609214135853272e+03  -6.4604709555570444e+03
  -1.2562814070351758e-01  -2.1692686729481479e+03  -4.3409094245209890e+03  -6.4586376448326264e+03
  -1.1557788944723613e-01  -2.1365356364129375e+03  -4.3044598020538788e+03  -6.4386910376958385e+03
  -1.0552763819095479e-01  -2.0907039331664155e+03  -4.2465530365530558e+03  -6.3941507361283093e+03
  -9.5477386934673336e-02  -2.0286216193472394e+03  -4.1606844992837614e+03  -6.3161322845017330e+03
  -8.5427135678391997e-02  -1.9465774612915241e+03  -4.0385067699668930e+03  -6.1924279107033462e+03
  -7.5376884422110546e-02  -1.8403591001565114e+03  -3.8695103330662323e+03  -6.0063303600818072e+03
  -6.5326633165829096e-02  -1.7054559395128958e+03  -3.6409114476020814e+03  -5.7353167585766305e+03
  -5.5276381909547756e-02  -1.5374894460538517e+03  -3.3380754603928585e+03  -5.3500571828799020e+03
  -4.5226130653266305e-02  -1.3329470587503235e+03  -2.9460027135022005e+03  -4.8149491739437617e+03
  -3.5175879396984966e-02  -1.0902305063940314e+03  -2.4524983422119280e+03  -4.0925392776111935e+03
  -2.5125628140703515e-02  -8.1087260257725120e+02  -1.8532819300267181e+03  -3.1549924877187646e+03
  -1.5075376884422065e-02  -5.0054648345169778e+02  -1.1580265500464532e+03  -2.0035650733830571e+03
  -5.0251256281407253e-03  -1.6931682823953159e+02  -3.9432929653296765e+02  -6.8853975404353162e+02
   5.0251256281406143e-03   1.6931682823952784e+02   3.9432929653295901e+02   6.8853975404351638e+02
   1.5075376884422065e-02   5.0054648345169778e+02   1.1580265500464532e+03   2.0035650733830571e+03
   2.5125628140703515e-02   8.1087260257725120e+02   1.8532819300267181e+03   3.1549924877187646e+03
   3.5175879396984966e-02   1.0902305063940314e+03   2.4524983422119280e+03   4.0925392776111935e+03
   4.5226130653266416e-02   1.3329470587503261e+03   2.9460027135022056e+03   4.8149491739437672e+03
   5.5276381909547645e-02   1.5374894460538499e+03   3.3380754603928549e+03   5.3500571828798984e+03
   6.5326633165829096e-02   1.7054559395128958e+03   3.6409114476020814e+03   5.7353167585766305e+03
   7.5376884422110546e-02   1.8403591001565114e+03   3.8695103330662323e+03   6.0063303600818072e+03
   8.5427135678391997e-02   1.9465774612915241e+03   4.0385067699668930e+03   6.1924279107033462e+03
   9.5477386934673447e-02   2.0286216193472403e+03   4.1606844992837623e+03   6.3161322845017339e+03
   1.0552763819095468e-01   2.0907039331664150e+03   4.2465530365530558e+03   6.3941507361283084e+03
   1.1557788944723613e-01   2.1365356364129375e+03   4.3044598020538788e+03   6.4386910376958385e+03
   1.2562814070351758e-01   2.1692686729481479e+03   4.3409094245209890e+03   6.4586376448326264e+03
   1.3567839195979903e-01   2.1915175039202259e+03   4.3609214135853272e+03   6.4604709555570444e+03
   1.4572864321608048e-01   2.2054180379067748e+03   4.3683540095305671e+03   6.4489444050456186e+03
   1.5577889447236171e-01   2.2126985214611277e+03   4.3661717349067421e+03   6.4275698860641924e+03
   1.6582914572864316e-01   2.2147491775866106e+03   4.3566563884256602e+03   6.3989621079275921e+03
   1.7587939698492461e-01   2.2126846069200592e+03   4.3415693893714488e+03   6.3650825443960521e+03
   1.8592964824120606e-01   2.2073969684548451e+03   4.3222751345334655e+03   6.3274129105418342e+03
   1.9597989949748751e-01   2.1995999783385687e+03   4.2998342295064185e+03   6.2870793662521237e+03
   2.0603015075376874e-01   2.1898646600324710e+03   4.2750738841599859e+03   6.2449421916567662e+03
   2.1608040201005019e-01   2.1786480748011904e+03   4.2486411606694610e+03   6.2016611293719270e+03
   2.2613065326633164e-01   2.1663162630487641e+03   4.2210433915238482e+03   6.1577434461540615e+03
   2.3618090452261309e-01   2.1531625010884341e+03   4.1926789972422257e+03   6.1135796145591003e+03
   2.4623115577889454e-01   2.1394218106533426e+03   4.1638611034755831e+03   6.0694700429907743e+03
   2.5628140703517599e-01   2.1252824912102715e+03   4.1348357367164099e+03   6.0256452721204059e+03
   2.6633165829145722e-01   2.1108952955186123e+03   4.1057959189800731e+03   5.9822813581643986e+03
   2.7638190954773867e-01   2.0963807424168795e+03   4.0768926440501996e+03   5.9395116784502106e+03
   2.8643216080402012e-01   2.0818349573594992e+03   4.0482434694620656e+03   5.8974360545803384e+03
   2.9648241206030157e-01   2.0673343482339833e+03   4.0199392754134760e+03   5.8561278479164293e+03
   3.0653266331658302e-01   2.0529393582133257e+03   3.9920496065844200e+03   5.8156395103992563e+03
   3.1658291457286425e-01   2.0386974856465690e+03   3.9646269125250378e+03   5.7760069500774707e+03
   3.2663316582914570e-01   2.0246457204387082e+03   3.9377099274767202e+03   5.7372529809013140e+03
   3.3668341708542715e-01   2.0108125146567559e+03   3.9113263744377891e+03   5.6993900605337585e+03
   3.4673366834170860e-01   1.9972193803063528e+03   3.8854951360499258e+03   5.6624224713216563e+03
   3.5678391959799005e-01   1.9838821878294923e+03   3.8602280028829914e+03   5.6263480633754907e+03
   3.6683417085427128e-01   1.9708122236817376e+03   3.8355310853200499e+03   5.5911596515519077e+03
   3.7688442211055273e-01   1.9580170534234203e+03   3.8114059565748385e+03   5.5568461376129671e+03
   3.8693467336683418e-01   1.9455012273787715e+03   3.7878505799990035e+03   5.5233934132224867e+03
   3.9698492462311563e-01   1.9332668585181721e+03   3.7648600627112460e+03   5.4907850874815622e+03
   4.0703517587939708e-01   1.9213140963669475e+03   3.7424272689274271e+03   5.4590030734902675e+03
   4.1708542713567831e-01   1.9096415161025559e+03   3.7205433196079680e+03   5.4280280612793631e+03
   4.2713567839195976e-01   1.8982464383096030e+03   3.6991979997291655e+03   5.3978398988881236e+03
   4.3718592964824121e-01   1.8871251919160452e+03   3.6783800902975513e+03   5.3684178990019864e+03
   4.4723618090452266e-01   1.8762733304764390e+03   3.6580776389099951e+03   5.3397410851286058e+03
   4.5728643216080411e-01   1.8656858100760503e+03   3.6382781800249873e+03   5.3117883885734846e+03
   4.6733668341708534e-01   1.8553571356067669e+03   3.6189689140051405e+03   5.2845388053171109e+03
   4.7738693467336679e-01   1.8452814809365959e+03   3.6001368523040815e+03   5.2579715201727977e+03
   4.8743718592964824e-01   1.8354527874996568e+03   3.5817689348143649e+03   5.2320660042244372e+03
   4.9748743718592969e-01   1.8258648450261903e+03   3.5638521242987035e+03   5.2068020904340201e+03
   5.0753768844221114e-01   1.8165113574751817e+03   3.5463734819409869e+03   5.1821600314138068e+03
   5.1758793969849237e-01   1.8073859966962882e+03   3.5293202273344614e+03   5.1581205426337365e+03
   5.2763819095477382e-01   1.7984824459096003e+03   3.5126797856389162e+03   5.1346648337465176e+03
   5.3768844221105527e-01   1.7897944347325567e+03   3.4964398241607241e+03   5.1117746302343166e+03
   5.4773869346733672e-01   1.7813157671883230e+03   3.4805882802182828e+03   5.0894321871899929e+03
   5.5778894472361817e-01   1.7730403438870155e+03   3.4651133818343683e+03   5.0676202967261543e+03
   5.6783919597989940e-01   1.7649621793707490e+03   3.4500036625328357e+03   5.0463222902430225e+03
   5.7788944723618085e-01   1.7570754154478429e+03   3.4352479712994823e+03   5.0255220365704445e+03
   5.8793969849246230e-01   1.7493743312043155e+03   3.4208354785871334e+03   5.0052039368218966e+03
   5.9798994974874375e-01   1.7418533502669593e+03   3.4067556790962471e+03   4.9853529166518292e+03
   6.0804020100502520e-01   1.7345070457976908e+03   3.3929983919390893e+03   4.9659544164866320e+03
   6.1809045226130643e-01   1.7273301436200925e+03   3.3795537586930941e+03   4.9469943801993622e+03
   6.2814070351758788e-01   1.7203175238134290e+03   3.3664122397639358e+03   4.9284592426153213e+03
   6.3819095477386933e-01   1.7134642210545726e+03   3.3535646094079425e+03   4.9103359161667431e+03
   6.4824120603015079e-01   1.7067654239424444e+03   3.3410019497043500e+03   4.8926117769577222e+03
   6.5829145728643224e-01   1.7002164735012400e+03   3.3287156437186036e+03   4.8752746504528859e+03
   6.6834170854271346e-01   1.6938128610265230e+03   3.3166973680566816e+03   4.8583127969640054e+03
   6.7839195979899491e-01   1.6875502254113364e+03   3.3049390849759520e+03   4.8417148970757389e+03
   6.8844221105527637e-01   1.6814243500668399e+03   3.2934330341892446e+03   4.8254700371245253e+03
   6.9849246231155782e-01   1.6754311595329445e+03   3.2821717244747128e+03   4.8095676948218370e+03
   7.0854271356783927e-01   1.6695667158584447e+03   3.2711479251837877e+03   4.7939977250942193e+03
   7.1859296482412049e-01   1.6638272148166936e+03   3.2603546577226994e+03   4.7787503461968290e+03
   7.2864321608040195e-01   1.6582089820115359e+03   3.2497851870687596e+03   4.7638161261441710e+03
   7.3869346733668340e-01   1.6527084689187041e+03   3.2394330133708377e+03   4.7491859694910481e+03
   7.4874371859296485e-01   1.6473222488998626e+03   3.2292918636734662e+03   4.7348511044877250e+03
   7.5879396984924630e-01   1.6420470132197133e+03   3.2193556837957412e+03   4.7208030706260643e+03
   7.6884422110552775e-01   1.6368795670909335e+03   3.2096186303892787e+03   4.7070337065873300e+03
   7.7889447236180898e-01   1.6318168257669120e+03   3.2000750631936394e+03   4.6935351385973972e+03
   7.8894472361809043e-01   1.6268558106982600e+03   3.1907195375029373e+03   4.6802997691910896e+03
   7.9899497487437188e-01   1.6219936457656768e+03   3.1815467968532225e+03   4.6673202663841566e+03
   8.0904522613065333e-01   1.6172275535989561e+03   3.1725517659370566e+03   4.6545895532487066e+03
   8.1909547738693478e-01   1.6125548519895444e+03   3.1637295437488710e+03   4.6421007978858715e+03
   8.2914572864321601e-01   1.6079729504020713e+03   3.1550753969625207e+03   4.6298474037878586e+03
   8.3919597989949746e-01   1.6034793465886562e+03   3.1465847535405946e+03   4.6178230005802288e+03
   8.4924623115577891e-01   1.5990716233084147e+03   3.1382531965735770e+03   4.6060214351343147e+03
   8.5929648241206036e-01   1.5947474451534483e+03   3.1300764583457349e+03   4.5944367630390034e+03
   8.6934673366834181e-01   1.5905045554817009e+03   3.1220504146236854e+03   4.5830632404205708e+03
   8.7939698492462304e-01   1.5863407734562641e+03   3.1141710791628648e+03   4.5718953160990086e+03
   8.8944723618090449e-01   1.5822539911901292e+03   3.1064345984264864e+03   4.5609276240690588e+03
   8.9949748743718594e-01   1.5782421709948640e+03   3.0988372465112438e+03   4.5501549762941459e+03
   9.0954773869346739e-01   1.5743033427312978e+03   3.0913754202735936e+03   4.5395723558014415e+03
   9.1959798994974884e-01   1.5704356012599962e+03   3.0840456346503538e+03   4.5291749100664138e+03
   9.2964824120603007e-01   1.5666371039890494e+03   3.0768445181671386e+03   4.5189579446753842e+03
   9.3969849246231152e-01   1.5629060685165314e+03   3.0697688086281405e+03   4.5089169172548682e+03
   9.4974874371859297e-01   1.5592407703648598e+03   3.0628153489807473e+03   4.4990474316567406e+03
   9.5979899497487442e-01   1.5556395408041672e+03   3.0559810833485267e+03   4.4893452323885313e+03
   9.6984924623115587e-01   1.5521007647618014e+03   3.0492630532261887e+03   4.4798061992785406e+03
   9.7989949748743710e-01   1.5486228788149758e+03   3.0426583938302479e+03   4.4704263423656967e+03
   9.8994974874371855e-01   1.5452043692636555e+03   3.0361643305992279e+03   4.4612017970045526e+03
   1.0000000000000000e+00   1.5418437702807369e+03   3.0297781758374185e+03   4.4521288191760414e+03
