   0.0000000000000000e+00   0.0000000000000000e+00
   1.0000000000000001e-01  -1.6918026086399543e-05
   2.0000000000000001e-01  -1.0218101301027118e-04
   3.0000000000000004e-01  -2.6404994309050801e-04
   4.0000000000000002e-01  -4.8093675574516464e-04
   5.0000000000000000e-01  -7.2090315434586287e-04
   6.0000000000000009e-01  -9.5312260200020157e-04
   7.0000000000000007e-01  -1.1540306838875138e-03
   8.0000000000000004e-01  -1.3111000132241370e-03
   9.0000000000000002e-01  -1.4226045612292125e-03
   1.0000000000000000e+00  -1.4950506511355137e-03
   1.1000000000000001e+00  -1.5392551672106594e-03
   1.2000000000000002e+00  -1.5665001370422551e-03
   1.3000000000000000e+00  -1.5858359754624299e-03
   1.4000000000000001e+00  -1.6029543956968630e-03
   1.5000000000000000e+00  -1.6205467483976553e-03
   1.6000000000000001e+00  -1.6395398284875027e-03
   1.7000000000000002e+00  -1.6604859831501361e-03
   1.8000000000000000e+00  -1.6846036725704100e-03
   1.9000000000000001e+00  -1.7143017265173605e-03
   2.0000000000000000e+00  -1.7533401531055976e-03
   2.1000000000000001e+00  -1.8070451585146981e-03
   2.2000000000000002e+00  -1.8833088163531162e-03
   2.3000000000000003e+00  -1.9956270912970457e-03
   2.4000000000000004e+00  -2.1700292833472814e-03
   2.5000000000000000e+00  -2.4723270823704029e-03
   2.6000000000000001e+00  -3.0391741909484276e-03
   2.7000000000000002e+00  -3.7182805530856580e-03
   2.8000000000000003e+00  -3.9780087032207966e-03
   2.9000000000000004e+00  -4.3042473650497515e-03
   3.0000000000000000e+00  -4.6372376823837691e-03
   3.1000000000000001e+00  -4.4883956843165306e-03
   3.2000000000000002e+00  -3.7080762518822055e-03
   3.3000000000000003e+00  -2.4399316810867905e-03
   3.4000000000000004e+00  -1.1978805617533638e-03
   3.5000000000000000e+00  -5.8768793052727908e-04
   3.6000000000000001e+00  -7.8402903034411654e-04
   3.7000000000000002e+00  -1.2264171740663241e-03
   3.8000000000000003e+00  -1.2001447547610139e-03
   3.9000000000000004e+00  -8.0749998109088869e-04
   4.0000000000000000e+00  -6.2772127104309186e-04
   4.1000000000000005e+00  -8.4450254969756255e-04
   4.2000000000000002e+00  -1.3841292537897364e-03
   4.2999999999999998e+00  -2.1065609203806028e-03
   4.4000000000000004e+00  -2.8896905368630530e-03
   4.5000000000000000e+00  -3.6486078536909655e-03
   4.6000000000000005e+00  -4.3305691206357794e-03
   4.7000000000000002e+00  -4.9109153798586628e-03
   4.8000000000000007e+00  -5.3871485340426456e-03
   4.9000000000000004e+00  -5.7660568232853898e-03
   5.0000000000000000e+00  -6.0586917792641503e-03
   5.1000000000000005e+00  -6.2808980231664306e-03
   5.2000000000000002e+00  -6.4494939988863813e-03
   5.3000000000000007e+00  -6.5813663627854822e-03
   5.4000000000000004e+00  -6.6928707842245716e-03
   5.5000000000000000e+00  -6.8017587563178059e-03
   5.6000000000000005e+00  -6.9256966519904263e-03
   5.7000000000000002e+00  -7.0819977398949097e-03
   5.8000000000000007e+00  -7.2874597624842906e-03
   5.9000000000000004e+00  -7.5550211119859885e-03
   6.0000000000000000e+00  -7.8944523380656394e-03
   6.1000000000000005e+00  -8.3071662742742001e-03
   6.2000000000000002e+00  -8.8242070631631524e-03
   6.3000000000000007e+00  -9.5017864768900638e-03
   6.4000000000000004e+00  -1.0458771520793433e-02
   6.5000000000000000e+00  -1.1895505991440253e-02
   6.6000000000000005e+00  -1.3937573458646551e-02
   6.7000000000000002e+00  -1.6662660233382701e-02
   6.8000000000000007e+00  -1.9955181055968066e-02
   6.9000000000000004e+00  -2.3540569297178512e-02
   7.0000000000000000e+00  -2.6923802695933419e-02
   7.1000000000000005e+00  -2.9426769323261499e-02
   7.2000000000000002e+00  -3.0266525912144019e-02
   7.3000000000000007e+00  -2.8639465710712641e-02
   7.4000000000000004e+00  -2.3902197952570668e-02
   7.5000000000000000e+00  -1.5695413299626558e-02
   7.6000000000000005e+00  -4.0384701919269975e-03
   7.7000000000000002e+00   1.0720385541754805e-02
   7.8000000000000007e+00   2.8013338448988755e-02
   7.9000000000000004e+00   4.7181399204796345e-02
   8.0000000000000000e+00   6.7564218892941202e-02
   8.0999999999999996e+00   8.8542164179697916e-02
   8.2000000000000011e+00   1.0957474320839596e-01
   8.3000000000000007e+00   1.3028383659529691e-01
   8.4000000000000004e+00   1.5048269296334094e-01
   8.5000000000000000e+00   1.7008278263645607e-01
   8.5999999999999996e+00   1.8897060338659208e-01
   8.7000000000000011e+00   2.0690526515991128e-01
   8.8000000000000007e+00   2.2350019750030273e-01
   8.9000000000000004e+00   2.3834383224882008e-01
   9.0000000000000000e+00   2.5119370170093691e-01
   9.0999999999999996e+00   2.6209440135105572e-01
   9.2000000000000011e+00   2.7134901471567668e-01
   9.3000000000000007e+00   2.7940258110855837e-01
   9.4000000000000004e+00   2.8673103509115061e-01
   9.5000000000000000e+00   2.9378121833199072e-01
   9.6000000000000014e+00   3.0096224119785836e-01
   9.7000000000000011e+00   3.0865497133280545e-01
   9.8000000000000007e+00   3.1721323813278851e-01
   9.9000000000000004e+00   3.2694662502246491e-01
   1.0000000000000000e+01   3.3809076190963366e-01
   1.0100000000000001e+01   3.5077334547417544e-01
   1.0200000000000001e+01   3.6498775187013588e-01
   1.0300000000000001e+01   3.8058981231561295e-01
   1.0400000000000000e+01   3.9731756105050636e-01
   1.0500000000000000e+01   4.1483945627512275e-01
   1.0600000000000001e+01   4.3280357524904806e-01
   1.0700000000000001e+01   4.5088094274548529e-01
   1.0800000000000001e+01   4.6878466605757296e-01
   1.0900000000000000e+01   4.8627808400746159e-01
   1.1000000000000000e+01   5.0317735507309869e-01
   1.1100000000000001e+01   5.1933952362369329e-01
   1.1200000000000001e+01   5.3464778405065994e-01
   1.1300000000000001e+01   5.4903467495485569e-01
   1.1400000000000000e+01   5.6248719013936244e-01
   1.1500000000000000e+01   5.7510899111430724e-01
   1.1600000000000001e+01   5.8704755062243008e-01
   1.1700000000000001e+01   5.9864571189967364e-01
   1.1800000000000001e+01   6.1032660486966950e-01
   1.1900000000000000e+01   6.2247101312105957e-01
   1.2000000000000000e+01   6.3509684997476334e-01
   1.2100000000000001e+01   6.4789906118084228e-01
   1.2200000000000001e+01   6.6059334107182288e-01
   1.2300000000000001e+01   6.7316231683762595e-01
   1.2400000000000000e+01   6.8584083570229515e-01
   1.2500000000000000e+01   6.9894121853280833e-01
   1.2600000000000001e+01   7.1268384038156540e-01
   1.2700000000000001e+01   7.2713736008348595e-01
   1.2800000000000001e+01   7.4224901011930444e-01
   1.2900000000000000e+01   7.5790445620907387e-01
   1.3000000000000000e+01   7.7400090144879863e-01
   1.3100000000000001e+01   7.9048711434909535e-01
   1.3200000000000001e+01   8.0740967105378336e-01
   1.3300000000000001e+01   8.2488264206314943e-01
   1.3400000000000000e+01   8.4306260728415350e-01
   1.3500000000000000e+01   8.6210458996356831e-01
   1.3600000000000001e+01   8.8212215193443044e-01
   1.3700000000000001e+01   9.0305380600477592e-01
   1.3800000000000001e+01   9.2445881427248777e-01
   1.3900000000000000e+01   9.4549738156933494e-01
   1.4000000000000000e+01   9.6525784268323167e-01
   1.4100000000000001e+01   9.8318211915895470e-01
   1.4200000000000001e+01   9.9927273019600649e-01
   1.4300000000000001e+01   1.0139610338139247e+00
   1.4400000000000000e+01   1.0278547391958934e+00
   1.4500000000000000e+01   1.0415656721363697e+00
   1.4600000000000001e+01   1.0555901047057252e+00
   1.4700000000000001e+01   1.0703541130312850e+00
   1.4800000000000001e+01   1.0861805412432535e+00
   1.4900000000000000e+01   1.1033519091956900e+00
   1.5000000000000000e+01   1.1221660529697084e+00
   1.5100000000000001e+01   1.1427771193823304e+00
   1.5200000000000001e+01   1.1652078919548008e+00
   1.5300000000000001e+01   1.1892828150891206e+00
   1.5400000000000000e+01   1.2147685734095925e+00
   1.5500000000000000e+01   1.2413832098469630e+00
   1.5600000000000001e+01   1.2687500331717991e+00
   1.5700000000000001e+01   1.2965936598101824e+00
   1.5800000000000001e+01   1.3246808736857791e+00
   1.5900000000000000e+01   1.3528027494529471e+00
   1.6000000000000000e+01   1.3809291237017778e+00
   1.6100000000000001e+01   1.4090758737617211e+00
   1.6199999999999999e+01   1.4372476202809596e+00
   1.6300000000000001e+01   1.4655722330744392e+00
   1.6400000000000002e+01   1.4942199465393158e+00
   1.6500000000000000e+01   1.5233007410260127e+00
   1.6600000000000001e+01   1.5529127095831938e+00
   1.6699999999999999e+01   1.5831042034364520e+00
   1.6800000000000001e+01   1.6136867436672664e+00
   1.6900000000000002e+01   1.6446071712452293e+00
   1.7000000000000000e+01   1.6759901299395528e+00
   1.7100000000000001e+01   1.7075515919925837e+00
   1.7199999999999999e+01   1.7387945088850540e+00
   1.7300000000000001e+01   1.7699784190952093e+00
   1.7400000000000002e+01   1.8016403309425744e+00
   1.7500000000000000e+01   1.8335799470382328e+00
   1.7600000000000001e+01   1.8657652524477870e+00
   1.7699999999999999e+01   1.8988147327539042e+00
   1.7800000000000001e+01   1.9334727390328641e+00
   1.7900000000000002e+01   1.9700794476200467e+00
   1.8000000000000000e+01   2.0087972326003545e+00
   1.8100000000000001e+01   2.0497478711960091e+00
   1.8199999999999999e+01   2.0929317273655088e+00
   1.8300000000000001e+01   2.1383661754268255e+00
   1.8400000000000002e+01   2.1858546627206947e+00
   1.8500000000000000e+01   2.2348540542188471e+00
   1.8600000000000001e+01   2.2846058575524615e+00
   1.8699999999999999e+01   2.3344626737781184e+00
   1.8800000000000001e+01   2.3840868492452612e+00
   1.8900000000000002e+01   2.4330453442891669e+00
   1.9000000000000000e+01   2.4808160086808377e+00
   1.9100000000000001e+01   2.5269131804001210e+00
   1.9200000000000003e+01   2.5710675105798777e+00
   1.9300000000000001e+01   2.6132074685058559e+00
   1.9400000000000002e+01   2.6532803898824828e+00
   1.9500000000000000e+01   2.6912618098662091e+00
   1.9600000000000001e+01   2.7271755337796568e+00
   1.9700000000000003e+01   2.7611034793181477e+00
   1.9800000000000001e+01   2.7931847866933031e+00
   1.9900000000000002e+01   2.8235625729595011e+00
   2.0000000000000000e+01   2.8523390353788671e+00
   2.0100000000000001e+01   2.8795744508626431e+00
   2.0200000000000003e+01   2.9053335513257754e+00
   2.0300000000000001e+01   2.9296767518710518e+00
   2.0400000000000002e+01   2.9526269825109703e+00
   2.0500000000000000e+01   2.9742420789115798e+00
   2.0600000000000001e+01   2.9946925611264779e+00
   2.0700000000000003e+01   3.0142506942995628e+00
   2.0800000000000001e+01   3.0332202416624634e+00
   2.0900000000000002e+01   3.0518921493843130e+00
   2.1000000000000000e+01   3.0706106221434770e+00
   2.1100000000000001e+01   3.0898046323722905e+00
   2.1200000000000003e+01   3.1098878540504256e+00
   2.1300000000000001e+01   3.1310203341763079e+00
   2.1400000000000002e+01   3.1528832646142879e+00
   2.1500000000000000e+01   3.1748576953586856e+00
   2.1600000000000001e+01   3.1964598406522664e+00
   2.1700000000000003e+01   3.2175132511508915e+00
   2.1800000000000001e+01   3.2380508933591092e+00
   2.1900000000000002e+01   3.2581119989816583e+00
   2.2000000000000000e+01   3.2776280563238895e+00
   2.2100000000000001e+01   3.2965888110063188e+00
   2.2200000000000003e+01   3.3148101540319801e+00
   2.2300000000000001e+01   3.3319493974626755e+00
   2.2400000000000002e+01   3.3477546246836347e+00
   2.2500000000000000e+01   3.3622036059124780e+00
   2.2600000000000001e+01   3.3755999825924112e+00
   2.2700000000000003e+01   3.3884002008105885e+00
   2.2800000000000001e+01   3.4010316798267337e+00
   2.2900000000000002e+01   3.4136909743618613e+00
   2.3000000000000000e+01   3.4261560364586128e+00
   2.3100000000000001e+01   3.4378184579404349e+00
   2.3200000000000003e+01   3.4480016476017497e+00
   2.3300000000000001e+01   3.4563496912902787e+00
   2.3400000000000002e+01   3.4629384909004091e+00
   2.3500000000000000e+01   3.4679612625293403e+00
   2.3600000000000001e+01   3.4715829300365648e+00
   2.3700000000000003e+01   3.4738051188498460e+00
   2.3800000000000001e+01   3.4744432878014146e+00
   2.3900000000000002e+01   3.4733753130596385e+00
   2.4000000000000000e+01   3.4705825564267818e+00
   2.4100000000000001e+01   3.4662387209553871e+00
   2.4200000000000003e+01   3.4607589855387477e+00
   2.4300000000000001e+01   3.4543467378739172e+00
   2.4400000000000002e+01   3.4470940358940414e+00
   2.4500000000000000e+01   3.4392951857902796e+00
   2.4600000000000001e+01   3.4308693828426153e+00
   2.4700000000000003e+01   3.4215565710623252e+00
   2.4800000000000001e+01   3.4116800884367167e+00
   2.4900000000000002e+01   3.4011133590643334e+00
   2.5000000000000000e+01   3.3891843830305044e+00
   2.5100000000000001e+01   3.3766730884839555e+00
   2.5200000000000003e+01   3.3643213888316112e+00
   2.5300000000000001e+01   3.3508058191496763e+00
   2.5400000000000002e+01   3.3344492393757412e+00
   2.5500000000000000e+01   3.3154629035519676e+00
   2.5600000000000001e+01   3.2938245295799082e+00
   2.5700000000000003e+01   3.2685935186884008e+00
   2.5800000000000001e+01   3.2387966222560767e+00
   2.5900000000000002e+01   3.2029203522162129e+00
   2.6000000000000000e+01   3.1615038481903643e+00
   2.6100000000000001e+01   3.1179716915895059e+00
   2.6200000000000003e+01   3.0728896172451541e+00
   2.6300000000000001e+01   3.0258398026715576e+00
   2.6400000000000002e+01   2.9751275400070067e+00
   2.6500000000000000e+01   2.9178647552713857e+00
   2.6600000000000001e+01   2.8555610112011478e+00
   2.6700000000000003e+01   2.7913855211335377e+00
   2.6800000000000001e+01   2.7280978846723341e+00
   2.6900000000000002e+01   2.6675113554017220e+00
   2.7000000000000000e+01   2.6096264243090408e+00
   2.7100000000000001e+01   2.5544320828229816e+00
   2.7200000000000003e+01   2.5028787347784216e+00
   2.7300000000000001e+01   2.4559136089341354e+00
   2.7400000000000002e+01   2.4142210043653676e+00
   2.7500000000000000e+01   2.3789321990857872e+00
   2.7600000000000001e+01   2.3513546643395125e+00
   2.7700000000000003e+01   2.3309350117773104e+00
   2.7800000000000001e+01   2.3168485316137684e+00
   2.7900000000000002e+01   2.3084174435546951e+00
   2.8000000000000000e+01   2.3043805013175294e+00
   2.8100000000000001e+01   2.3039147697396878e+00
   2.8200000000000003e+01   2.3056765806261983e+00
   2.8300000000000001e+01   2.3082451813367255e+00
   2.8400000000000002e+01   2.3104379948433644e+00
   2.8500000000000000e+01   2.3116842115867309e+00
   2.8600000000000001e+01   2.3116135628032537e+00
   2.8700000000000003e+01   2.3097534987641741e+00
   2.8800000000000001e+01   2.3055495976174520e+00
   2.8900000000000002e+01   2.2984361659913564e+00
   2.9000000000000000e+01   2.2877859257840307e+00
   2.9100000000000001e+01   2.2730591310382229e+00
   2.9200000000000003e+01   2.2541059048647099e+00
   2.9300000000000001e+01   2.2307174887348680e+00
   2.9400000000000002e+01   2.2026508097076638e+00
   2.9500000000000000e+01   2.1702950132401879e+00
   2.9600000000000001e+01   2.1343820393686439e+00
   2.9700000000000003e+01   2.0954481343727704e+00
   2.9800000000000001e+01   2.0540782912855189e+00
   2.9900000000000002e+01   2.0106707924628506e+00
   3.0000000000000000e+01   1.9648714273526349e+00
   3.0100000000000001e+01   1.9161032392674191e+00
   3.0200000000000003e+01   1.8641166091370089e+00
   3.0300000000000001e+01   1.8086295268791712e+00
   3.0400000000000002e+01   1.7500993349599920e+00
   3.0500000000000000e+01   1.6912900986225168e+00
   3.0600000000000001e+01   1.6372525407487919e+00
   3.0700000000000003e+01   1.5913670729208225e+00
   3.0800000000000001e+01   1.5528892975060049e+00
   3.0900000000000002e+01   1.5192118468211924e+00
   3.1000000000000000e+01   1.4879061902405766e+00
   3.1100000000000001e+01   1.4573139892079303e+00
   3.1200000000000003e+01   1.4266094872759845e+00
   3.1300000000000001e+01   1.3954276747259688e+00
   3.1400000000000002e+01   1.3635859726339026e+00
   3.1500000000000000e+01   1.3304684125509461e+00
   3.1600000000000001e+01   1.2958186359753876e+00
   3.1700000000000003e+01   1.2601498214009963e+00
   3.1800000000000001e+01   1.2241025774893248e+00
   3.1900000000000002e+01   1.1882190690209342e+00
   3.2000000000000000e+01   1.1526741036835975e+00
   3.2100000000000001e+01   1.1174031333513486e+00
   3.2200000000000003e+01   1.0828280540827242e+00
   3.2300000000000004e+01   1.0494642406191339e+00
   3.2399999999999999e+01   1.0177409491124134e+00
   3.2500000000000000e+01   9.8779234459448628e-01
   3.2600000000000001e+01   9.5948787788096146e-01
   3.2700000000000003e+01   9.3311965890966064e-01
   3.2800000000000004e+01   9.0900842081052480e-01
   3.2899999999999999e+01   8.8723430240541523e-01
   3.3000000000000000e+01   8.6757808930360014e-01
   3.3100000000000001e+01   8.4966702923295723e-01
   3.3200000000000003e+01   8.3328396935332605e-01
   3.3300000000000004e+01   8.1833791703484049e-01
   3.3399999999999999e+01   8.0476911370431037e-01
   3.3500000000000000e+01   7.9256224170491485e-01
   3.3600000000000001e+01   7.8194842140548870e-01
   3.3700000000000003e+01   7.7332145496499327e-01
   3.3800000000000004e+01   7.6688937322805029e-01
   3.3899999999999999e+01   7.6271652479349039e-01
   3.4000000000000000e+01   7.6096147722202490e-01
   3.4100000000000001e+01   7.6176338778648267e-01
   3.4200000000000003e+01   7.6525377712902398e-01
   3.4300000000000004e+01   7.7174947657820292e-01
   3.4399999999999999e+01   7.8151654121090919e-01
   3.4500000000000000e+01   7.9469110814832100e-01
   3.4600000000000001e+01   8.1146619166448208e-01
   3.4700000000000003e+01   8.3199042097190190e-01
   3.4800000000000004e+01   8.5624544184648987e-01
   3.4899999999999999e+01   8.8416688190646986e-01
   3.5000000000000000e+01   9.1569994297987622e-01
   3.5100000000000001e+01   9.5078003209079043e-01
   3.5200000000000003e+01   9.8918268489100436e-01
   3.5300000000000004e+01   1.0300662504002169e+00
   3.5399999999999999e+01   1.0715924930502434e+00
   3.5500000000000000e+01   1.1117903047393558e+00
   3.5600000000000001e+01   1.1496963801798514e+00
   3.5700000000000003e+01   1.1854130381592478e+00
   3.5800000000000004e+01   1.2197112366145684e+00
   3.5899999999999999e+01   1.2530312619253952e+00
   3.6000000000000000e+01   1.2854236362813496e+00
   3.6100000000000001e+01   1.3168973101753425e+00
   3.6200000000000003e+01   1.3481209677551993e+00
   3.6300000000000004e+01   1.3793500892231541e+00
   3.6399999999999999e+01   1.4102046853697052e+00
   3.6500000000000000e+01   1.4401736796713955e+00
   3.6600000000000001e+01   1.4690711057770598e+00
   3.6700000000000003e+01   1.4969928764710394e+00
   3.6800000000000004e+01   1.5237743028319226e+00
   3.6899999999999999e+01   1.5490064997474544e+00
   3.7000000000000000e+01   1.5722105489385529e+00
   3.7100000000000001e+01   1.5930583202055868e+00
   3.7200000000000003e+01   1.6113727138265750e+00
   3.7300000000000004e+01   1.6270294324009607e+00
   3.7399999999999999e+01   1.6399681489614328e+00
   3.7500000000000000e+01   1.6501416746637607e+00
   3.7600000000000001e+01   1.6577171354423130e+00
   3.7700000000000003e+01   1.6629994869027251e+00
   3.7800000000000004e+01   1.6661690277142671e+00
   3.7899999999999999e+01   1.6673755101668664e+00
   3.8000000000000000e+01   1.6669223008675811e+00
   3.8100000000000001e+01   1.6651246147747745e+00
   3.8200000000000003e+01   1.6622126732233389e+00
   3.8300000000000004e+01   1.6585170941358411e+00
   3.8400000000000006e+01   1.6544556171626477e+00
   3.8500000000000000e+01   1.6504283078223481e+00
   3.8600000000000001e+01   1.6468335828875253e+00
   3.8700000000000003e+01   1.6440929998212386e+00
   3.8800000000000004e+01   1.6426173267455915e+00
   3.8900000000000006e+01   1.6426739019670347e+00
   3.9000000000000000e+01   1.6443026034584829e+00
   3.9100000000000001e+01   1.6474689586064031e+00
   3.9200000000000003e+01   1.6520984704394237e+00
   3.9300000000000004e+01   1.6581319911290568e+00
   3.9400000000000006e+01   1.6655781466015287e+00
   3.9500000000000000e+01   1.6744837015271161e+00
   3.9600000000000001e+01   1.6848986788649485e+00
   3.9700000000000003e+01   1.6966812001908054e+00
   3.9800000000000004e+01   1.7095425683432930e+00
   3.9900000000000006e+01   1.7232483611820613e+00
   4.0000000000000000e+01   1.7377214587591492e+00
   4.0100000000000001e+01   1.7530746460718460e+00
   4.0200000000000003e+01   1.7694532509486836e+00
   4.0300000000000004e+01   1.7870414277134730e+00
   4.0400000000000006e+01   1.8059840506453007e+00
   4.0500000000000000e+01   1.8262678975249516e+00
   4.0600000000000001e+01   1.8476353812641215e+00
   4.0700000000000003e+01   1.8698017083183489e+00
   4.0800000000000004e+01   1.8927288357812146e+00
   4.0900000000000006e+01   1.9165572719503765e+00
   4.1000000000000000e+01   1.9414850540052462e+00
   4.1100000000000001e+01   1.9676482234832393e+00
   4.1200000000000003e+01   1.9950334265220553e+00
   4.1300000000000004e+01   2.0233958358535724e+00
   4.1400000000000006e+01   2.0522729488825071e+00
   4.1500000000000000e+01   2.0812247102245323e+00
   4.1600000000000001e+01   2.1099155299936108e+00
   4.1700000000000003e+01   2.1380991389494270e+00
   4.1800000000000004e+01   2.1656990087986734e+00
   4.1900000000000006e+01   2.1927245889211076e+00
   4.2000000000000000e+01   2.2190965245504173e+00
   4.2100000000000001e+01   2.2447178163645738e+00
   4.2200000000000003e+01   2.2696033450451711e+00
   4.2300000000000004e+01   2.2937576316341399e+00
   4.2400000000000006e+01   2.3171659856756195e+00
   4.2500000000000000e+01   2.3398840865137629e+00
   4.2600000000000001e+01   2.3619857556650357e+00
   4.2700000000000003e+01   2.3834797504362446e+00
   4.2800000000000004e+01   2.4043312000305073e+00
   4.2900000000000006e+01   2.4245055224786012e+00
   4.3000000000000000e+01   2.4439984321295047e+00
   4.3100000000000001e+01   2.4627930837355811e+00
   4.3200000000000003e+01   2.4808052894269030e+00
   4.3300000000000004e+01   2.4979464760098238e+00
   4.3400000000000006e+01   2.5142125725244617e+00
   4.3500000000000000e+01   2.5297504211947777e+00
   4.3600000000000001e+01   2.5448159966024022e+00
   4.3700000000000003e+01   2.5596663834277522e+00
   4.3800000000000004e+01   2.5745144066224830e+00
   4.3900000000000006e+01   2.5895637983798845e+00
   4.4000000000000000e+01   2.6049226720033776e+00
   4.4100000000000001e+01   2.6204597091402735e+00
   4.4200000000000003e+01   2.6357764359900302e+00
   4.4300000000000004e+01   2.6504001941225019e+00
   4.4400000000000006e+01   2.6640636415463370e+00
   4.4500000000000000e+01   2.6767699191631262e+00
   4.4600000000000001e+01   2.6886716959378512e+00
   4.4700000000000003e+01   2.6999349029828683e+00
   4.4800000000000004e+01   2.7106475587478811e+00
   4.4900000000000006e+01   2.7207983214905491e+00
   4.5000000000000000e+01   2.7303081341613669e+00
   4.5100000000000001e+01   2.7390960153158090e+00
   4.5200000000000003e+01   2.7471351379460294e+00
   4.5300000000000004e+01   2.7544709908550651e+00
   4.5400000000000006e+01   2.7611988756459733e+00
   4.5500000000000000e+01   2.7674230735788536e+00
   4.5600000000000001e+01   2.7732266324041817e+00
   4.5700000000000003e+01   2.7786574277462641e+00
   4.5800000000000004e+01   2.7837343483901615e+00
   4.5900000000000006e+01   2.7884621312201889e+00
   4.6000000000000000e+01   2.7928486389424347e+00
   4.6100000000000001e+01   2.7969098379974571e+00
   4.6200000000000003e+01   2.8006710748250678e+00
   4.6300000000000004e+01   2.8041586975901782e+00
   4.6400000000000006e+01   2.8073949559068185e+00
   4.6500000000000000e+01   2.8103980300606981e+00
   4.6600000000000001e+01   2.8131858881908900e+00
   4.6700000000000003e+01   2.8157862896559553e+00
   4.6800000000000004e+01   2.8182308137206653e+00
   4.6900000000000006e+01   2.8205815339936500e+00
   4.7000000000000000e+01   2.8229071655843474e+00
   4.7100000000000001e+01   2.8252532432843882e+00
   4.7200000000000003e+01   2.8276169106701796e+00
   4.7300000000000004e+01   2.8299469157928754e+00
   4.7400000000000006e+01   2.8321525725988015e+00
   4.7500000000000000e+01   2.8341195963225210e+00
   4.7600000000000001e+01   2.8357237385421827e+00
   4.7700000000000003e+01   2.8368320447416897e+00
   4.7800000000000004e+01   2.8373000060943392e+00
   4.7900000000000006e+01   2.8369672808960296e+00
   4.8000000000000000e+01   2.8356669401752659e+00
   4.8100000000000001e+01   2.8332533149833901e+00
   4.8200000000000003e+01   2.8296442744956667e+00
   4.8300000000000004e+01   2.8248310206043925e+00
   4.8400000000000006e+01   2.8188990362487578e+00
   4.8500000000000000e+01   2.8120188570809490e+00
   4.8600000000000001e+01   2.8044435204910414e+00
   4.8700000000000003e+01   2.7964906085696364e+00
   4.8800000000000004e+01   2.7885240958319231e+00
   4.8900000000000006e+01   2.7809209717699650e+00
   4.9000000000000000e+01   2.7740373322824476e+00
   4.9100000000000001e+01   2.7681796437474571e+00
   4.9200000000000003e+01   2.7635875144686723e+00
   4.9300000000000004e+01   2.7604268945508252e+00
   4.9400000000000006e+01   2.7587881730679493e+00
   4.9500000000000000e+01   2.7586877784243455e+00
   4.9600000000000001e+01   2.7600571742982596e+00
   4.9700000000000003e+01   2.7627317870569086e+00
   4.9800000000000004e+01   2.7664510769165473e+00
   4.9900000000000006e+01   2.7708796044441639e+00
   5.0000000000000000e+01   2.7756555267747980e+00
   5.0100000000000001e+01   2.7804606364444986e+00
   5.0200000000000003e+01   2.7850660291033114e+00
   5.0300000000000004e+01   2.7892753732413644e+00
   5.0400000000000006e+01   2.7928669274744871e+00
   5.0500000000000000e+01   2.7956080250541575e+00
   5.0600000000000001e+01   2.7973294749358990e+00
   5.0700000000000003e+01   2.7979929502498995e+00
   5.0800000000000004e+01   2.7977014145668937e+00
   5.0900000000000006e+01   2.7966155199463345e+00
   5.1000000000000000e+01   2.7949154247456445e+00
   5.1100000000000001e+01   2.7927962529179680e+00
   5.1200000000000003e+01   2.7905066405722287e+00
   5.1300000000000004e+01   2.7884002503962635e+00
   5.1400000000000006e+01   2.7869160090123342e+00
   5.1500000000000000e+01   2.7864824683613563e+00
   5.1600000000000001e+01   2.7874307198847448e+00
   5.1700000000000003e+01   2.7899392238939469e+00
   5.1800000000000004e+01   2.7939972493653746e+00
   5.1900000000000006e+01   2.7994175168994753e+00
   5.2000000000000000e+01   2.8058981453887832e+00
   5.2100000000000001e+01   2.8130817965651387e+00
   5.2200000000000003e+01   2.8206107942291343e+00
   5.2300000000000004e+01   2.8281592926399068e+00
   5.2400000000000006e+01   2.8354539874334153e+00
   5.2500000000000000e+01   2.8422789369555432e+00
   5.2600000000000001e+01   2.8484807395790015e+00
   5.2700000000000003e+01   2.8539748217198273e+00
   5.2800000000000004e+01   2.8587541984693643e+00
   5.2900000000000006e+01   2.8629003143930380e+00
   5.3000000000000000e+01   2.8665756376615863e+00
   5.3100000000000001e+01   2.8700073562602060e+00
   5.3200000000000003e+01   2.8734508833710737e+00
   5.3300000000000004e+01   2.8771609000113019e+00
   5.3400000000000006e+01   2.8813560183009885e+00
   5.3500000000000000e+01   2.8862107449940018e+00
   5.3600000000000001e+01   2.8918349075188257e+00
   5.3700000000000003e+01   2.8982873118031418e+00
   5.3800000000000004e+01   2.9055666411469101e+00
   5.3900000000000006e+01   2.9136377202479937e+00
   5.4000000000000000e+01   2.9224230611587969e+00
   5.4100000000000001e+01   2.9318361190702165e+00
   5.4200000000000003e+01   2.9417774952685103e+00
   5.4300000000000004e+01   2.9521629190568026e+00
   5.4400000000000006e+01   2.9629155265443154e+00
   5.4500000000000000e+01   2.9739906793937583e+00
   5.4600000000000001e+01   2.9853800164325022e+00
   5.4700000000000003e+01   2.9970939060170099e+00
   5.4800000000000004e+01   3.0091936297228510e+00
   5.4900000000000006e+01   3.0217125587989067e+00
   5.5000000000000000e+01   3.0347313844940458e+00
   5.5100000000000001e+01   3.0483245895850466e+00
   5.5200000000000003e+01   3.0626604251727265e+00
   5.5300000000000004e+01   3.0778331495188813e+00
   5.5400000000000006e+01   3.0937842013083925e+00
   5.5500000000000000e+01   3.1105255225447275e+00
   5.5600000000000001e+01   3.1280130514627777e+00
   5.5700000000000003e+01   3.1462192884056415e+00
   5.5800000000000004e+01   3.1652537004456884e+00
   5.5900000000000006e+01   3.1851133886955973e+00
   5.6000000000000000e+01   3.2058966697137681e+00
   5.6100000000000001e+01   3.2278213003699356e+00
   5.6200000000000003e+01   3.2509282052018276e+00
   5.6300000000000004e+01   3.2753719859604380e+00
   5.6400000000000006e+01   3.3013914063740795e+00
   5.6500000000000000e+01   3.3289864449540949e+00
   5.6600000000000001e+01   3.3582401540675928e+00
   5.6700000000000003e+01   3.3893062214214251e+00
   5.6800000000000004e+01   3.4220438647282512e+00
   5.6900000000000006e+01   3.4562894433898652e+00
   5.7000000000000000e+01   3.4919518575737754e+00
   5.7100000000000001e+01   3.5287413607398910e+00
   5.7200000000000003e+01   3.5661670777528589e+00
   5.7300000000000004e+01   3.6038987848751005e+00
   5.7400000000000006e+01   3.6417005604926844e+00
   5.7500000000000000e+01   3.6795966829032491e+00
   5.7600000000000001e+01   3.7176786676138800e+00
   5.7700000000000003e+01   3.7557154364752918e+00
   5.7800000000000004e+01   3.7933616517938202e+00
   5.7900000000000006e+01   3.8305249134209731e+00
   5.8000000000000000e+01   3.8675801386570670e+00
   5.8100000000000001e+01   3.9044393177027068e+00
   5.8200000000000003e+01   3.9407292882798166e+00
   5.8300000000000004e+01   3.9760796329734340e+00
   5.8400000000000006e+01   4.0104579250025658e+00
   5.8500000000000000e+01   4.0440181667858841e+00
   5.8600000000000001e+01   4.0766989781800804e+00
   5.8700000000000003e+01   4.1082840307967778e+00
   5.8800000000000004e+01   4.1384408996473834e+00
   5.8900000000000006e+01   4.1667298488172593e+00
   5.9000000000000000e+01   4.1930967840846485e+00
   5.9100000000000001e+01   4.2175865892107387e+00
   5.9200000000000003e+01   4.2401828586489998e+00
   5.9300000000000004e+01   4.2606314654470250e+00
   5.9400000000000006e+01   4.2789487288063244e+00
   5.9500000000000000e+01   4.2956685007021651e+00
   5.9600000000000001e+01   4.3115089800921220e+00
   5.9700000000000003e+01   4.3269714969970110e+00
   5.9800000000000004e+01   4.3424165210422290e+00
   5.9900000000000006e+01   4.3582595209313704e+00
   6.0000000000000000e+01   4.3748292719358011e+00
   6.0100000000000001e+01   4.3923179347856749e+00
   6.0200000000000003e+01   4.4110719440654895e+00
   6.0300000000000004e+01   4.4315594175439781e+00
   6.0400000000000006e+01   4.4541541767758490e+00
   6.0500000000000000e+01   4.4792170541725005e+00
   6.0600000000000001e+01   4.5070503238783814e+00
   6.0700000000000003e+01   4.5376548894970261e+00
   6.0800000000000004e+01   4.5707219966125159e+00
   6.0900000000000006e+01   4.6056960177339983e+00
   6.1000000000000000e+01   4.6418149211415516e+00
   6.1100000000000001e+01   4.6783900745777940e+00
   6.1200000000000003e+01   4.7150160225293076e+00
   6.1300000000000004e+01   4.7514721331167253e+00
   6.1400000000000006e+01   4.7876670073510841e+00
   6.1500000000000000e+01   4.8235602360697438e+00
   6.1600000000000001e+01   4.8589612924239622e+00
   6.1700000000000003e+01   4.8934989362442645e+00
   6.1800000000000004e+01   4.9267875467323554e+00
   6.1900000000000006e+01   4.9585791093770277e+00
   6.2000000000000000e+01   4.9888704997164002e+00
   6.2100000000000001e+01   5.0179543213486983e+00
   6.2200000000000003e+01   5.0462497477517463e+00
   6.2300000000000004e+01   5.0741046443048621e+00
   6.2400000000000006e+01   5.1018217349365669e+00
   6.2500000000000000e+01   5.1296647891343703e+00
   6.2600000000000001e+01   5.1577918697943890e+00
   6.2700000000000003e+01   5.1862585965852794e+00
   6.2800000000000004e+01   5.2151427213142840e+00
   6.2900000000000006e+01   5.2445191974198568e+00
   6.3000000000000000e+01   5.2743690112112143e+00
   6.3100000000000001e+01   5.3046432327895419e+00
   6.3200000000000003e+01   5.3353244247442628e+00
   6.3300000000000004e+01   5.3663638328191636e+00
   6.3400000000000006e+01   5.3976157204444402e+00
   6.3500000000000000e+01   5.4289678765251006e+00
   6.3600000000000001e+01   5.4603638942166084e+00
   6.3700000000000003e+01   5.4917407972431844e+00
   6.3800000000000004e+01   5.5230055043793289e+00
   6.3900000000000006e+01   5.5541428885572737e+00
   6.4000000000000000e+01   5.5851823041154516e+00
   6.4100000000000009e+01   5.6161126672312767e+00
   6.4200000000000003e+01   5.6469026107896818e+00
   6.4299999999999997e+01   5.6775862903682190e+00
   6.4400000000000006e+01   5.7082177546245765e+00
   6.4500000000000000e+01   5.7387974805749087e+00
   6.4600000000000009e+01   5.7693207670769731e+00
   6.4700000000000003e+01   5.7998294358572435e+00
   6.4799999999999997e+01   5.8303664813839422e+00
   6.4900000000000006e+01   5.8609144969573306e+00
   6.5000000000000000e+01   5.8914598098487128e+00
   6.5100000000000009e+01   5.9220197728424369e+00
   6.5200000000000003e+01   5.9526010592737792e+00
   6.5299999999999997e+01   5.9831625847115228e+00
   6.5400000000000006e+01   6.0136792298007791e+00
   6.5500000000000000e+01   6.0441440698000584e+00
   6.5600000000000009e+01   6.0745259724903926e+00
   6.5700000000000003e+01   6.1047446829348964e+00
   6.5799999999999997e+01   6.1347733434906164e+00
   6.5900000000000006e+01   6.1646180279197136e+00
   6.6000000000000000e+01   6.1943079255069584e+00
   6.6100000000000009e+01   6.2238801682159650e+00
   6.6200000000000003e+01   6.2532989726195778e+00
   6.6299999999999997e+01   6.2824965643617654e+00
   6.6400000000000006e+01   6.3115318598812982e+00
   6.6500000000000000e+01   6.3405066644576387e+00
   6.6600000000000009e+01   6.3692999710193607e+00
   6.6700000000000003e+01   6.3976862691618877e+00
   6.6799999999999997e+01   6.4254919804484256e+00
   6.6900000000000006e+01   6.4526086582561284e+00
   6.7000000000000000e+01   6.4789110534154535e+00
   6.7100000000000009e+01   6.5042523906008149e+00
   6.7200000000000003e+01   6.5284114948656278e+00
   6.7299999999999997e+01   6.5513362759570679e+00
   6.7400000000000006e+01   6.5731437933158343e+00
   6.7500000000000000e+01   6.5939819254104748e+00
   6.7600000000000009e+01   6.6139102446556723e+00
   6.7700000000000003e+01   6.6331697431222496e+00
   6.7799999999999997e+01   6.6521127540446310e+00
   6.7900000000000006e+01   6.6710203436527520e+00
   6.8000000000000000e+01   6.6901223779331538e+00
   6.8100000000000009e+01   6.7096835136148849e+00
   6.8200000000000003e+01   6.7299699627962211e+00
   6.8299999999999997e+01   6.7512192297516327e+00
   6.8400000000000006e+01   6.7736491287747125e+00
   6.8500000000000000e+01   6.7974395959828504e+00
   6.8600000000000009e+01   6.8226923021956152e+00
   6.8700000000000003e+01   6.8493408023485678e+00
   6.8799999999999997e+01   6.8771775977740779e+00
   6.8900000000000006e+01   6.9058974330423446e+00
   6.9000000000000000e+01   6.9350528010099364e+00
   6.9100000000000009e+01   6.9642008430795190e+00
   6.9200000000000003e+01   6.9929836663820026e+00
   6.9299999999999997e+01   7.0209989130853536e+00
   6.9400000000000006e+01   7.0479386025526427e+00
   6.9500000000000000e+01   7.0736428887029383e+00
   6.9600000000000009e+01   7.0978596885599279e+00
   6.9700000000000003e+01   7.1204236357515285e+00
   6.9799999999999997e+01   7.1413535740614140e+00
   6.9900000000000006e+01   7.1604724114140090e+00
   7.0000000000000000e+01   7.1776504712580493e+00
   7.0100000000000009e+01   7.1930035470752092e+00
   7.0200000000000003e+01   7.2063175794501024e+00
   7.0299999999999997e+01   7.2173858793220784e+00
   7.0400000000000006e+01   7.2263858293174632e+00
   7.0500000000000000e+01   7.2329312717949534e+00
   7.0600000000000009e+01   7.2365958570283473e+00
   7.0700000000000003e+01   7.2376284041365597e+00
   7.0799999999999997e+01   7.2354765947951956e+00
   7.0900000000000006e+01   7.2289345783357684e+00
   7.1000000000000000e+01   7.2176040415270206e+00
   7.1100000000000009e+01   7.2011365259188604e+00
   7.1200000000000003e+01   7.1790831269028192e+00
   7.1299999999999997e+01   7.1515198921480430e+00
   7.1400000000000006e+01   7.1191088865212127e+00
   7.1500000000000000e+01   7.0824012178717943e+00
   7.1600000000000009e+01   7.0419151027015650e+00
   7.1700000000000003e+01   6.9980770877006595e+00
   7.1799999999999997e+01   6.9511844881212559e+00
   7.1900000000000006e+01   6.9020052711305224e+00
   7.2000000000000000e+01   6.8515934455188816e+00
   7.2100000000000009e+01   6.8016488718586627e+00
   7.2200000000000003e+01   6.7522741923722078e+00
   7.2299999999999997e+01   6.7024866391427667e+00
   7.2400000000000006e+01   6.6524821325979300e+00
   7.2500000000000000e+01   6.6028988309211867e+00
   7.2600000000000009e+01   6.5543311781306075e+00
   7.2700000000000003e+01   6.5069605183343366e+00
   7.2799999999999997e+01   6.4604886989070414e+00
   7.2900000000000006e+01   6.4151971083749704e+00
   7.3000000000000000e+01   6.3715606534030922e+00
   7.3100000000000009e+01   6.3299627001285543e+00
   7.3200000000000003e+01   6.2907172079232332e+00
   7.3299999999999997e+01   6.2544482471720730e+00
   7.3400000000000006e+01   6.2212842832489352e+00
   7.3500000000000000e+01   6.1909692305465320e+00
   7.3600000000000009e+01   6.1631696083088432e+00
   7.3700000000000003e+01   6.1381359904242920e+00
   7.3799999999999997e+01   6.1170298863837624e+00
   7.3900000000000006e+01   6.0991813788595550e+00
   7.4000000000000000e+01   6.0832272484537393e+00
   7.4100000000000009e+01   6.0678930097115087e+00
   7.4200000000000003e+01   6.0522812541730442e+00
   7.4299999999999997e+01   6.0361607913731428e+00
   7.4400000000000006e+01   6.0193188766908134e+00
   7.4500000000000000e+01   6.0012688955887032e+00
   7.4600000000000009e+01   5.9812468655224071e+00
   7.4700000000000003e+01   5.9576769289626128e+00
   7.4799999999999997e+01   5.9301142569929572e+00
   7.4900000000000006e+01   5.8991703640367916e+00
   7.5000000000000000e+01   5.8657198651038023e+00
   7.5099999999999994e+01   5.8300984359017489e+00
   7.5200000000000003e+01   5.7922022277271186e+00
   7.5299999999999997e+01   5.7526628943005660e+00
   7.5399999999999991e+01   5.7126413588698624e+00
   7.5500000000000000e+01   5.6735011472429360e+00
   7.5599999999999994e+01   5.6365076804184673e+00
   7.5700000000000003e+01   5.6023389937457555e+00
   7.5799999999999997e+01   5.5713395269673951e+00
   7.5899999999999991e+01   5.5437192393299384e+00
   7.6000000000000000e+01   5.5198250502331456e+00
   7.6099999999999994e+01   5.4998144913996221e+00
   7.6200000000000003e+01   5.4834465314876768e+00
   7.6299999999999997e+01   5.4702017624684398e+00
   7.6399999999999991e+01   5.4594811007477704e+00
   7.6500000000000000e+01   5.4507469876967667e+00
   7.6599999999999994e+01   5.4434857695451555e+00
   7.6700000000000003e+01   5.4371931890506850e+00
   7.6799999999999997e+01   5.4313732762447469e+00
   7.6899999999999991e+01   5.4255800185525169e+00
   7.7000000000000000e+01   5.4194391008969918e+00
   7.7099999999999994e+01   5.4126331391242672e+00
   7.7200000000000003e+01   5.4049020679062281e+00
   7.7299999999999997e+01   5.3960515003959824e+00
   7.7399999999999991e+01   5.3859723586762431e+00
   7.7500000000000000e+01   5.3747735467895401e+00
   7.7599999999999994e+01   5.3628319057336000e+00
   7.7700000000000003e+01   5.3506697354506407e+00
   7.7799999999999997e+01   5.3387270484937854e+00
   7.7899999999999991e+01   5.3272334757609396e+00
   7.8000000000000000e+01   5.3162406980774746e+00
   7.8099999999999994e+01   5.3057223208846596e+00
   7.8200000000000003e+01   5.2956560030131614e+00
   7.8299999999999997e+01   5.2860686370978147e+00
   7.8399999999999991e+01   5.2770429362212612e+00
   7.8500000000000000e+01   5.2686903290967475e+00
   7.8599999999999994e+01   5.2611058005257236e+00
   7.8700000000000003e+01   5.2543283494439619e+00
   7.8799999999999997e+01   5.2483314535645391e+00
   7.8899999999999991e+01   5.2430418074426379e+00
   7.9000000000000000e+01   5.2383710751286978e+00
   7.9099999999999994e+01   5.2342397727028249e+00
   7.9200000000000003e+01   5.2305855136674761e+00
   7.9299999999999997e+01   5.2273586303833524e+00
   7.9399999999999991e+01   5.2245115577714438e+00
   7.9500000000000000e+01   5.2219893922183251e+00
   7.9599999999999994e+01   5.2197293715271531e+00
   7.9700000000000003e+01   5.2176652595795723e+00
   7.9799999999999997e+01   5.2157351205374178e+00
   7.9899999999999991e+01   5.2138878849115748e+00
   8.0000000000000000e+01   5.2120870094264369e+00
   8.0099999999999994e+01   5.2103094980497824e+00
   8.0200000000000003e+01   5.2085447936391622e+00
   8.0299999999999997e+01   5.2067924988141563e+00
   8.0399999999999991e+01   5.2050410962067533e+00
   8.0500000000000000e+01   5.2032780758102275e+00
   8.0599999999999994e+01   5.2015048108332103e+00
   8.0700000000000003e+01   5.1997405402574177e+00
   8.0799999999999997e+01   5.1980143244989998e+00
   8.0899999999999991e+01   5.1963507801983457e+00
   8.1000000000000000e+01   5.1947590341401417e+00
   8.1099999999999994e+01   5.1932312330206107e+00
   8.1200000000000003e+01   5.1917481090203852e+00
   8.1299999999999997e+01   5.1902876006215770e+00
   8.1399999999999991e+01   5.1888308783853923e+00
   8.1500000000000000e+01   5.1873640939919623e+00
   8.1599999999999994e+01   5.1858737945680735e+00
   8.1700000000000003e+01   5.1843433223631719e+00
   8.1799999999999997e+01   5.1827505056158456e+00
   8.1899999999999991e+01   5.1810690400229680e+00
   8.2000000000000000e+01   5.1792747598603341e+00
   8.2099999999999994e+01   5.1773555673877620e+00
   8.2200000000000003e+01   5.1753011672875902e+00
   8.2299999999999997e+01   5.1730923642907269e+00
   8.2399999999999991e+01   5.1707120668951854e+00
   8.2500000000000000e+01   5.1681164339663965e+00
   8.2599999999999994e+01   5.1652435989861125e+00
   8.2700000000000003e+01   5.1620692440485589e+00
   8.2799999999999997e+01   5.1586183992182990e+00
   8.2899999999999991e+01   5.1549330352423262e+00
   8.3000000000000000e+01   5.1509998101201653e+00
   8.3099999999999994e+01   5.1467619891819156e+00
   8.3200000000000003e+01   5.1420728138215601e+00
   8.3299999999999997e+01   5.1367220141768728e+00
   8.3399999999999991e+01   5.1304828334476733e+00
   8.3500000000000000e+01   5.1230675840687612e+00
   8.3599999999999994e+01   5.1142885570969563e+00
   8.3700000000000003e+01   5.1040554159057834e+00
   8.3799999999999997e+01   5.0923644357177551e+00
   8.3899999999999991e+01   5.0793361324902246e+00
   8.4000000000000000e+01   5.0650183548015892e+00
   8.4099999999999994e+01   5.0495932087858559e+00
   8.4200000000000003e+01   5.0338025130819180e+00
   8.4299999999999997e+01   5.0186541272865384e+00
   8.4399999999999991e+01   5.0052499372455097e+00
   8.4500000000000000e+01   4.9943902898660770e+00
   8.4599999999999994e+01   4.9864343574921230e+00
   8.4700000000000003e+01   4.9813045301375452e+00
   8.4799999999999997e+01   4.9786698234420665e+00
   8.4899999999999991e+01   4.9782765418138935e+00
   8.5000000000000000e+01   4.9795707982588961e+00
   8.5099999999999994e+01   4.9819114637647406e+00
   8.5200000000000003e+01   4.9848103966203459e+00
   8.5299999999999997e+01   4.9879924953881911e+00
   8.5399999999999991e+01   4.9913640697648463e+00
   8.5500000000000000e+01   4.9948391362065090e+00
   8.5599999999999994e+01   4.9982890036975816e+00
   8.5700000000000003e+01   5.0014569120009060e+00
   8.5799999999999997e+01   5.0039667385506093e+00
   8.5899999999999991e+01   5.0053896293118729e+00
   8.6000000000000000e+01   5.0053521139813517e+00
   8.6099999999999994e+01   5.0036745547188675e+00
   8.6199999999999989e+01   5.0003999310161742e+00
   8.6299999999999997e+01   4.9957656365908116e+00
   8.6400000000000006e+01   4.9900885170543008e+00
   8.6500000000000000e+01   4.9836990224596391e+00
   8.6599999999999994e+01   4.9768937720427884e+00
   8.6699999999999989e+01   4.9699335985501083e+00
   8.6799999999999997e+01   4.9630100012481755e+00
   8.6900000000000006e+01   4.9562493064228637e+00
   8.7000000000000000e+01   4.9496971576887390e+00
   8.7099999999999994e+01   4.9433305819374622e+00
   8.7199999999999989e+01   4.9370819228107239e+00
   8.7299999999999997e+01   4.9308284303923671e+00
   8.7400000000000006e+01   4.9244626703918080e+00
   8.7500000000000000e+01   4.9178272667029370e+00
   8.7599999999999994e+01   4.9107388782558994e+00
   8.7699999999999989e+01   4.9029643427532514e+00
   8.7799999999999997e+01   4.8943887433052815e+00
   8.7900000000000006e+01   4.8850324098243583e+00
   8.8000000000000000e+01   4.8748355418303388e+00
   8.8099999999999994e+01   4.8638160605179079e+00
   8.8199999999999989e+01   4.8519833585999539e+00
   8.8299999999999997e+01   4.8392108726507956e+00
   8.8400000000000006e+01   4.8255327566591726e+00
   8.8500000000000000e+01   4.8108625579007391e+00
   8.8599999999999994e+01   4.7949674359577195e+00
   8.8699999999999989e+01   4.7778824897775047e+00
   8.8799999999999997e+01   4.7594495321904668e+00
   8.8900000000000006e+01   4.7393343619583232e+00
   8.9000000000000000e+01   4.7175853361422648e+00
   8.9099999999999994e+01   4.6940720039093131e+00
   8.9199999999999989e+01   4.6684082812686913e+00
   8.9299999999999997e+01   4.6405992882318809e+00
   8.9400000000000006e+01   4.6107231061621903e+00
   8.9500000000000000e+01   4.5786026414288052e+00
   8.9599999999999994e+01   4.5441945747872596e+00
   8.9699999999999989e+01   4.5078479768389359e+00
   8.9799999999999997e+01   4.4698296981609698e+00
   8.9900000000000006e+01   4.4303719381588982e+00
   9.0000000000000000e+01   4.3897464920959823e+00
   9.0099999999999994e+01   4.3482438018374925e+00
   9.0199999999999989e+01   4.3061735257330023e+00
   9.0299999999999997e+01   4.2638589202257116e+00
   9.0400000000000006e+01   4.2215828771270214e+00
   9.0500000000000000e+01   4.1793567701068053e+00
   9.0599999999999994e+01   4.1372436112299527e+00
   9.0699999999999989e+01   4.0954549197790717e+00
   9.0799999999999997e+01   4.0542340316228920e+00
   9.0900000000000006e+01   4.0136995425955035e+00
   9.1000000000000000e+01   3.9736735104553866e+00
   9.1099999999999994e+01   3.9341464573859031e+00
   9.1199999999999989e+01   3.8952685428461189e+00
   9.1299999999999997e+01   3.8572277051207111e+00
   9.1400000000000006e+01   3.8201284245460729e+00
   9.1500000000000000e+01   3.7839384648965444e+00
   9.1599999999999994e+01   3.7487213598131626e+00
   9.1699999999999989e+01   3.7146319732915880e+00
   9.1799999999999997e+01   3.6818843068449936e+00
   9.1900000000000006e+01   3.6512477084625536e+00
   9.2000000000000000e+01   3.6231515730586903e+00
   9.2099999999999994e+01   3.5971432141767350e+00
   9.2199999999999989e+01   3.5726149902387445e+00
   9.2299999999999997e+01   3.5495440465667891e+00
   9.2400000000000006e+01   3.5298360198572967e+00
   9.2500000000000000e+01   3.5131018684807236e+00
   9.2599999999999994e+01   3.4974226576386704e+00
   9.2699999999999989e+01   3.4809007372066727e+00
   9.2799999999999997e+01   3.4639953287076612e+00
   9.2900000000000006e+01   3.4475531906959223e+00
   9.3000000000000000e+01   3.4299309287282860e+00
   9.3099999999999994e+01   3.4087079919381145e+00
   9.3199999999999989e+01   3.3823636641987673e+00
   9.3299999999999997e+01   3.3513131576211164e+00
   9.3400000000000006e+01   3.3145578716219366e+00
   9.3500000000000000e+01   3.2703979744859426e+00
   9.3599999999999994e+01   3.2175948054870793e+00
   9.3699999999999989e+01   3.1563434384661897e+00
   9.3799999999999997e+01   3.0872129684378282e+00
   9.3900000000000006e+01   3.0113524825248903e+00
   9.4000000000000000e+01   2.9319743957091164e+00
   9.4099999999999994e+01   2.8527341077539878e+00
   9.4199999999999989e+01   2.7752077994224162e+00
   9.4299999999999997e+01   2.6991074074381327e+00
   9.4400000000000006e+01   2.6252978663377826e+00
   9.4500000000000000e+01   2.5549836701822977e+00
   9.4599999999999994e+01   2.4890805468414339e+00
   9.4699999999999989e+01   2.4280668578985667e+00
   9.4799999999999997e+01   2.3719324624752116e+00
   9.4900000000000006e+01   2.3204026284774635e+00
   9.5000000000000000e+01   2.2732137383578737e+00
   9.5099999999999994e+01   2.2300398155713630e+00
   9.5199999999999989e+01   2.1905091907264782e+00
   9.5299999999999997e+01   2.1542537657259926e+00
   9.5400000000000006e+01   2.1213441766036008e+00
   9.5500000000000000e+01   2.0919909236774457e+00
   9.5599999999999994e+01   2.0656556078566837e+00
   9.5699999999999989e+01   2.0418028794424554e+00
   9.5799999999999997e+01   2.0200941735528706e+00
   9.5900000000000006e+01   2.0002730776780644e+00
   9.6000000000000000e+01   1.9822817763274061e+00
   9.6099999999999994e+01   1.9660061580217216e+00
   9.6199999999999989e+01   1.9509693550486031e+00
   9.6299999999999997e+01   1.9366726666799918e+00
   9.6400000000000006e+01   1.9225822516912492e+00
   9.6500000000000000e+01   1.9082566416867874e+00
   9.6599999999999994e+01   1.8933894250830756e+00
   9.6699999999999989e+01   1.8777669409334030e+00
   9.6799999999999997e+01   1.8609668493962013e+00
   9.6900000000000006e+01   1.8426411443628639e+00
   9.7000000000000000e+01   1.8228665690912205e+00
   9.7099999999999994e+01   1.8021445751427598e+00
   9.7199999999999989e+01   1.7810778093515478e+00
   9.7299999999999997e+01   1.7600138144900315e+00
   9.7400000000000006e+01   1.7390266956143663e+00
   9.7500000000000000e+01   1.7180937508555840e+00
   9.7599999999999994e+01   1.6972931575881407e+00
   9.7699999999999989e+01   1.6769293792647830e+00
   9.7799999999999997e+01   1.6575465432419447e+00
   9.7900000000000006e+01   1.6396541390892412e+00
   9.8000000000000000e+01   1.6234288541043460e+00
   9.8099999999999994e+01   1.6088152899092578e+00
   9.8199999999999989e+01   1.5955813560285017e+00
   9.8299999999999997e+01   1.5834509571548283e+00
   9.8400000000000006e+01   1.5721898045987799e+00
   9.8500000000000000e+01   1.5616539287028042e+00
   9.8599999999999994e+01   1.5518095443480837e+00
   9.8699999999999989e+01   1.5427217257712658e+00
   9.8799999999999997e+01   1.5345320526586683e+00
   9.8900000000000006e+01   1.5273888560239040e+00
   9.9000000000000000e+01   1.5214162000220355e+00
   9.9099999999999994e+01   1.5167253725423295e+00
   9.9199999999999989e+01   1.5132224689629388e+00
   9.9299999999999997e+01   1.5106507454869913e+00
   9.9400000000000006e+01   1.5087497590475742e+00
   9.9500000000000000e+01   1.5074163901733786e+00
   9.9599999999999994e+01   1.5067817127744727e+00
   9.9699999999999989e+01   1.5071463544349990e+00
   9.9799999999999997e+01   1.5087896719550322e+00
   9.9900000000000006e+01   1.5119079269106268e+00
   1.0000000000000000e+02   1.5165804441031066e+00
   1.0009999999999999e+02   1.5227763201780500e+00
   1.0019999999999999e+02   1.5304517843244088e+00
   1.0030000000000000e+02   1.5395175857789076e+00
   1.0040000000000001e+02   1.5498644629055480e+00
   1.0050000000000000e+02   1.5612807258117545e+00
   1.0059999999999999e+02   1.5735768114004374e+00
   1.0069999999999999e+02   1.5866436930419259e+00
   1.0080000000000000e+02   1.6005206789849031e+00
   1.0090000000000001e+02   1.6153988063825713e+00
   1.0100000000000000e+02   1.6312462233281166e+00
   1.0109999999999999e+02   1.6480460403081720e+00
   1.0119999999999999e+02   1.6657262698006716e+00
   1.0130000000000000e+02   1.6841350826027168e+00
   1.0140000000000001e+02   1.7033215388936016e+00
   1.0150000000000000e+02   1.7232833331379878e+00
   1.0159999999999999e+02   1.7441020310938029e+00
   1.0169999999999999e+02   1.7660899928687703e+00
   1.0180000000000000e+02   1.7893331509085142e+00
   1.0190000000000001e+02   1.8139373179182474e+00
   1.0200000000000000e+02   1.8401984513246763e+00
   1.0209999999999999e+02   1.8681188406841593e+00
   1.0219999999999999e+02   1.8976417801494541e+00
   1.0230000000000000e+02   1.9289633200480667e+00
   1.0240000000000001e+02   1.9621729920873450e+00
   1.0250000000000000e+02   1.9971362935519217e+00
   1.0259999999999999e+02   2.0338637000515001e+00
   1.0269999999999999e+02   2.0723580627362805e+00
   1.0280000000000000e+02   2.1123371358617353e+00
   1.0290000000000001e+02   2.1534872151031377e+00
   1.0300000000000000e+02   2.1955461460325290e+00
   1.0309999999999999e+02   2.2382056110099362e+00
   1.0319999999999999e+02   2.2811071502963225e+00
   1.0330000000000000e+02   2.3239864645215742e+00
   1.0340000000000001e+02   2.3666232754202086e+00
   1.0350000000000000e+02   2.4088009749052710e+00
   1.0359999999999999e+02   2.4505678352457836e+00
   1.0369999999999999e+02   2.4919536978896599e+00
   1.0380000000000000e+02   2.5327106314453074e+00
   1.0390000000000001e+02   2.5725293349896585e+00
   1.0400000000000000e+02   2.6112753263319144e+00
   1.0409999999999999e+02   2.6493820682457718e+00
   1.0419999999999999e+02   2.6869031864291006e+00
   1.0430000000000000e+02   2.7235352846047221e+00
   1.0440000000000001e+02   2.7589358660759360e+00
   1.0450000000000000e+02   2.7929259287341885e+00
   1.0459999999999999e+02   2.8256184795326766e+00
   1.0469999999999999e+02   2.8570321081758241e+00
   1.0480000000000000e+02   2.8870098653297438e+00
   1.0490000000000001e+02   2.9153159482534794e+00
   1.0500000000000000e+02   2.9417464293728353e+00
   1.0509999999999999e+02   2.9661630401826562e+00
   1.0519999999999999e+02   2.9884563664409582e+00
   1.0530000000000000e+02   3.0085986672259089e+00
   1.0540000000000001e+02   3.0266881652735731e+00
   1.0550000000000000e+02   3.0427912916563096e+00
   1.0559999999999999e+02   3.0571983404893497e+00
   1.0569999999999999e+02   3.0704059130837287e+00
   1.0580000000000000e+02   3.0828782078280210e+00
   1.0590000000000001e+02   3.0948253617028350e+00
   1.0600000000000000e+02   3.1064235435605592e+00
   1.0609999999999999e+02   3.1176939877187020e+00
   1.0619999999999999e+02   3.1285156336508799e+00
   1.0630000000000000e+02   3.1389254387602827e+00
   1.0640000000000001e+02   3.1492957705623739e+00
   1.0650000000000000e+02   3.1601959146916099e+00
   1.0659999999999999e+02   3.1721828544084536e+00
   1.0669999999999999e+02   3.1856951021074318e+00
   1.0680000000000000e+02   3.2009146031864018e+00
   1.0690000000000001e+02   3.2175926055833721e+00
   1.0700000000000000e+02   3.2351381362280405e+00
   1.0709999999999999e+02   3.2531945249074692e+00
   1.0719999999999999e+02   3.2719050892973467e+00
   1.0730000000000000e+02   3.2916536440812512e+00
   1.0740000000000001e+02   3.3126701172850104e+00
   1.0750000000000000e+02   3.3347730397170623e+00
   1.0759999999999999e+02   3.3572083804795714e+00
   1.0769999999999999e+02   3.3788256230257416e+00
   1.0780000000000000e+02   3.3987313047800445e+00
   1.0790000000000001e+02   3.4164997768257339e+00
   1.0800000000000000e+02   3.4320298831227278e+00
   1.0809999999999999e+02   3.4454170387569349e+00
   1.0819999999999999e+02   3.4566370541702778e+00
   1.0830000000000000e+02   3.4655763107617616e+00
   1.0840000000000001e+02   3.4721381392723978e+00
   1.0850000000000000e+02   3.4762221877518287e+00
   1.0859999999999999e+02   3.4780841352066485e+00
   1.0869999999999999e+02   3.4781426269239049e+00
   1.0880000000000000e+02   3.4765446716772868e+00
   1.0890000000000001e+02   3.4736391883995235e+00
   1.0900000000000000e+02   3.4697604903114998e+00
   1.0909999999999999e+02   3.4646396354833211e+00
   1.0919999999999999e+02   3.4582265726208425e+00
   1.0930000000000000e+02   3.4508578365875877e+00
   1.0940000000000001e+02   3.4419402157259897e+00
   1.0950000000000000e+02   3.4307197311225059e+00
   1.0959999999999999e+02   3.4177758782739391e+00
   1.0969999999999999e+02   3.4027000150958959e+00
   1.0980000000000000e+02   3.3841649936116971e+00
   1.0990000000000001e+02   3.3615545181943176e+00
   1.1000000000000000e+02   3.3352662828376247e+00
   1.1009999999999999e+02   3.3049230742830642e+00
   1.1019999999999999e+02   3.2699011114389323e+00
   1.1030000000000000e+02   3.2299641814586173e+00
   1.1040000000000001e+02   3.1854741812047638e+00
   1.1050000000000000e+02   3.1368966326875189e+00
   1.1059999999999999e+02   3.0848627148015244e+00
   1.1069999999999999e+02   3.0307422947554081e+00
   1.1080000000000000e+02   2.9752230661775561e+00
   1.1090000000000001e+02   2.9179303119893554e+00
   1.1100000000000000e+02   2.8594392617739963e+00
   1.1109999999999999e+02   2.8007210315235551e+00
   1.1119999999999999e+02   2.7426903494572188e+00
   1.1130000000000000e+02   2.6858254900373537e+00
   1.1140000000000001e+02   2.6294471670644399e+00
   1.1150000000000000e+02   2.5738861659524379e+00
   1.1159999999999999e+02   2.5201128714431515e+00
   1.1169999999999999e+02   2.4689359129665394e+00
   1.1180000000000000e+02   2.4208433637591158e+00
   1.1190000000000001e+02   2.3760902974858782e+00
   1.1200000000000000e+02   2.3347472232539692e+00
   1.1209999999999999e+02   2.2967242714497713e+00
   1.1219999999999999e+02   2.2618855397942008e+00
   1.1230000000000000e+02   2.2301070924088520e+00
   1.1240000000000001e+02   2.2013328519405979e+00
   1.1250000000000000e+02   2.1757943644727393e+00
   1.1259999999999999e+02   2.1533244201101001e+00
   1.1269999999999999e+02   2.1335123642186571e+00
   1.1280000000000000e+02   2.1159808567406775e+00
   1.1290000000000001e+02   2.1002393754298825e+00
   1.1300000000000000e+02   2.0855489569625143e+00
   1.1309999999999999e+02   2.0713424277584829e+00
   1.1319999999999999e+02   2.0572410867846274e+00
   1.1330000000000000e+02   2.0429742212514648e+00
   1.1340000000000001e+02   2.0279754942159056e+00
   1.1350000000000000e+02   2.0115186417635265e+00
   1.1359999999999999e+02   1.9934321641857655e+00
   1.1369999999999999e+02   1.9743821305688491e+00
   1.1380000000000000e+02   1.9553776418502029e+00
   1.1390000000000001e+02   1.9372083874716537e+00
   1.1400000000000000e+02   1.9203721835888783e+00
   1.1409999999999999e+02   1.9052806006967054e+00
   1.1419999999999999e+02   1.8923897617780323e+00
   1.1430000000000000e+02   1.8823057658032580e+00
   1.1440000000000001e+02   1.8756863906430215e+00
   1.1450000000000000e+02   1.8725915928722925e+00
   1.1459999999999999e+02   1.8726709929539080e+00
   1.1469999999999999e+02   1.8755769806057485e+00
   1.1480000000000000e+02   1.8809572778344479e+00
   1.1490000000000001e+02   1.8884136605271051e+00
   1.1500000000000000e+02   1.8975303483152541e+00
   1.1509999999999999e+02   1.9078125022974555e+00
   1.1519999999999999e+02   1.9186990385441594e+00
   1.1530000000000000e+02   1.9297254093340306e+00
   1.1540000000000001e+02   1.9406548160560297e+00
   1.1550000000000000e+02   1.9514796625310484e+00
   1.1559999999999999e+02   1.9623280167507609e+00
   1.1569999999999999e+02   1.9732866452057198e+00
   1.1580000000000000e+02   1.9844111487435356e+00
   1.1590000000000001e+02   1.9957926149739220e+00
   1.1600000000000000e+02   2.0075910733797508e+00
   1.1609999999999999e+02   2.0200537847333049e+00
   1.1619999999999999e+02   2.0334108947516460e+00
   1.1630000000000000e+02   2.0479215650775378e+00
   1.1640000000000001e+02   2.0637989991486112e+00
   1.1650000000000000e+02   2.0811345222764341e+00
   1.1659999999999999e+02   2.0997117536449044e+00
   1.1669999999999999e+02   2.1192161615580116e+00
   1.1680000000000000e+02   2.1396074669743070e+00
   1.1690000000000001e+02   2.1608965843939849e+00
   1.1700000000000000e+02   2.1832085809052586e+00
   1.1709999999999999e+02   2.2068207902025061e+00
   1.1719999999999999e+02   2.2317390070994376e+00
   1.1730000000000000e+02   2.2579972841404712e+00
   1.1740000000000001e+02   2.2857176918630220e+00
   1.1750000000000000e+02   2.3146783307222756e+00
   1.1759999999999999e+02   2.3448206839813355e+00
   1.1769999999999999e+02   2.3763887827425743e+00
   1.1780000000000000e+02   2.4093193030127020e+00
   1.1790000000000001e+02   2.4435498624704950e+00
   1.1800000000000000e+02   2.4793258306714470e+00
   1.1809999999999999e+02   2.5167187876672306e+00
   1.1820000000000000e+02   2.5553491375647042e+00
   1.1830000000000000e+02   2.5951101334578488e+00
   1.1840000000000001e+02   2.6360779939218912e+00
   1.1850000000000000e+02   2.6781120442209785e+00
   1.1859999999999999e+02   2.7209226541957667e+00
   1.1870000000000000e+02   2.7644691945232922e+00
   1.1880000000000000e+02   2.8087556366178448e+00
   1.1890000000000001e+02   2.8536487387975504e+00
   1.1900000000000000e+02   2.8989149144457600e+00
   1.1909999999999999e+02   2.9443899580949107e+00
   1.1920000000000000e+02   2.9899045748689415e+00
   1.1930000000000000e+02   3.0352537343502952e+00
   1.1940000000000001e+02   3.0802940071613274e+00
   1.1950000000000000e+02   3.1249407263801765e+00
   1.1959999999999999e+02   3.1690680419276229e+00
   1.1970000000000000e+02   3.2125102110265553e+00
   1.1980000000000000e+02   3.2551110322628718e+00
   1.1990000000000001e+02   3.2968318438505784e+00
   1.2000000000000000e+02   3.3376499073790051e+00
   1.2009999999999999e+02   3.3774983879315972e+00
   1.2020000000000000e+02   3.4162905226225879e+00
   1.2030000000000000e+02   3.4539394787478912e+00
   1.2040000000000001e+02   3.4903961827529799e+00
   1.2050000000000000e+02   3.5256760404969536e+00
   1.2059999999999999e+02   3.5597959925531741e+00
   1.2070000000000000e+02   3.5927502400971512e+00
   1.2080000000000000e+02   3.6245755348739359e+00
   1.2090000000000001e+02   3.6552910700405277e+00
   1.2100000000000000e+02   3.6848095807761174e+00
   1.2109999999999999e+02   3.7130594254234897e+00
   1.2120000000000000e+02   3.7400182636867303e+00
   1.2130000000000000e+02   3.7658982625053827e+00
   1.2140000000000001e+02   3.7908914211997207e+00
   1.2150000000000000e+02   3.8150410723710131e+00
   1.2159999999999999e+02   3.8383846461132531e+00
   1.2170000000000000e+02   3.8610080120754819e+00
   1.2180000000000000e+02   3.8830758405998171e+00
   1.2190000000000001e+02   3.9046911980829653e+00
   1.2200000000000000e+02   3.9258793577643045e+00
   1.2209999999999999e+02   3.9465289330925128e+00
   1.2220000000000000e+02   3.9663652131672058e+00
   1.2230000000000000e+02   3.9852101792910357e+00
   1.2240000000000001e+02   4.0029770931646489e+00
   1.2250000000000000e+02   4.0195331421746143e+00
   1.2259999999999999e+02   4.0348350952430083e+00
   1.2270000000000000e+02   4.0490729863036936e+00
   1.2280000000000000e+02   4.0625741178885200e+00
   1.2290000000000001e+02   4.0757050482119643e+00
   1.2300000000000000e+02   4.0889081529040396e+00
   1.2309999999999999e+02   4.1027033313928039e+00
   1.2320000000000000e+02   4.1175010447028431e+00
   1.2330000000000000e+02   4.1334522044213262e+00
   1.2340000000000001e+02   4.1504364236794755e+00
   1.2350000000000000e+02   4.1682318295316332e+00
   1.2359999999999999e+02   4.1866889449081990e+00
   1.2370000000000000e+02   4.2057866727165427e+00
   1.2380000000000000e+02   4.2256238761605953e+00
   1.2390000000000001e+02   4.2463162687607419e+00
   1.2400000000000000e+02   4.2678425789799235e+00
   1.2409999999999999e+02   4.2898111678405373e+00
   1.2420000000000000e+02   4.3117588423145214e+00
   1.2430000000000000e+02   4.3339072128461105e+00
   1.2440000000000001e+02   4.3569302778238184e+00
   1.2450000000000000e+02   4.3815373009787688e+00
   1.2459999999999999e+02   4.4081134210584008e+00
   1.2470000000000000e+02   4.4363318114183370e+00
   1.2480000000000000e+02   4.4651149279185116e+00
   1.2490000000000001e+02   4.4931764492548290e+00
   1.2500000000000000e+02   4.5196664883165516e+00
   1.2509999999999999e+02   4.5443585607407426e+00
   1.2520000000000000e+02   4.5674143014983262e+00
   1.2530000000000000e+02   4.5890688073812775e+00
   1.2540000000000001e+02   4.6094154749180616e+00
   1.2550000000000000e+02   4.6283800059122271e+00
   1.2559999999999999e+02   4.6458722014338312e+00
   1.2570000000000000e+02   4.6619684512740616e+00
   1.2580000000000000e+02   4.6769692968301859e+00
   1.2590000000000001e+02   4.6913138204566893e+00
   1.2600000000000000e+02   4.7054568356254460e+00
   1.2609999999999999e+02   4.7197728331774682e+00
   1.2620000000000000e+02   4.7345099827806605e+00
   1.2630000000000000e+02   4.7497922781310598e+00
   1.2640000000000001e+02   4.7656451267809112e+00
   1.2650000000000000e+02   4.7820438004612944e+00
   1.2659999999999999e+02   4.7989406340269527e+00
   1.2670000000000000e+02   4.8162748651711977e+00
   1.2680000000000000e+02   4.8339739007113911e+00
   1.2690000000000001e+02   4.8519421854296532e+00
   1.2700000000000000e+02   4.8700678313361845e+00
   1.2709999999999999e+02   4.8882255705207704e+00
   1.2720000000000000e+02   4.9062897651785731e+00
   1.2730000000000000e+02   4.9241487496504615e+00
   1.2740000000000001e+02   4.9417052327924704e+00
   1.2750000000000000e+02   4.9588796744708299e+00
   1.2759999999999999e+02   4.9755954010875714e+00
   1.2770000000000000e+02   4.9917972885208561e+00
   1.2780000000000000e+02   5.0074794540972736e+00
   1.2790000000000001e+02   5.0226746857376394e+00
   1.2800000000000000e+02   5.0374446005839726e+00
   1.2809999999999999e+02   5.0518823905571395e+00
   1.2819999999999999e+02   5.0661021815361060e+00
   1.2830000000000001e+02   5.0802097642731354e+00
   1.2840000000000001e+02   5.0943396835406594e+00
   1.2850000000000000e+02   5.1085933091162916e+00
   1.2859999999999999e+02   5.1230119357992043e+00
   1.2869999999999999e+02   5.1376229885475881e+00
   1.2880000000000001e+02   5.1523604720325924e+00
   1.2890000000000001e+02   5.1671072675793308e+00
   1.2900000000000000e+02   5.1817155512436859e+00
   1.2909999999999999e+02   5.1959478745379872e+00
   1.2919999999999999e+02   5.2095838104776631e+00
   1.2930000000000001e+02   5.2224285398478871e+00
   1.2940000000000001e+02   5.2343416379002274e+00
   1.2950000000000000e+02   5.2452828093833395e+00
   1.2959999999999999e+02   5.2552641337514148e+00
   1.2969999999999999e+02   5.2643536490325102e+00
   1.2980000000000001e+02   5.2726536917135007e+00
   1.2990000000000001e+02   5.2803143815348230e+00
   1.3000000000000000e+02   5.2875574390180171e+00
   1.3009999999999999e+02   5.2946838948266688e+00
   1.3019999999999999e+02   5.3020539947467205e+00
   1.3030000000000001e+02   5.3100431196346651e+00
   1.3040000000000001e+02   5.3189293118614351e+00
   1.3050000000000000e+02   5.3288282646904337e+00
   1.3059999999999999e+02   5.3399583727062989e+00
   1.3069999999999999e+02   5.3527433912058635e+00
   1.3080000000000001e+02   5.3675861136720400e+00
   1.3090000000000001e+02   5.3846838166983124e+00
   1.3100000000000000e+02   5.4038389965349944e+00
   1.3109999999999999e+02   5.4244460130687733e+00
   1.3119999999999999e+02   5.4457114710579893e+00
   1.3130000000000001e+02   5.4669326711472586e+00
   1.3140000000000001e+02   5.4876171698807035e+00
   1.3150000000000000e+02   5.5074158585329895e+00
   1.3159999999999999e+02   5.5259620852374258e+00
   1.3169999999999999e+02   5.5427527199725644e+00
   1.3180000000000001e+02   5.5572321178019637e+00
   1.3190000000000001e+02   5.5689770779020940e+00
   1.3200000000000000e+02   5.5778664465068362e+00
   1.3209999999999999e+02   5.5841003776959068e+00
   1.3219999999999999e+02   5.5880455709575383e+00
   1.3230000000000001e+02   5.5900609006587691e+00
   1.3240000000000001e+02   5.5904043899354123e+00
   1.3250000000000000e+02   5.5892353672983202e+00
   1.3259999999999999e+02   5.5866550484561444e+00
   1.3269999999999999e+02   5.5827770283798506e+00
   1.3280000000000001e+02   5.5777748184663452e+00
   1.3290000000000001e+02   5.5718782371196172e+00
   1.3300000000000000e+02   5.5653124060633496e+00
   1.3309999999999999e+02   5.5582628416360178e+00
   1.3319999999999999e+02   5.5509230153875837e+00
   1.3330000000000001e+02   5.5435240085377799e+00
   1.3340000000000001e+02   5.5363296759589238e+00
   1.3350000000000000e+02   5.5296098314841897e+00
   1.3359999999999999e+02   5.5233890059585180e+00
   1.3369999999999999e+02   5.5175959909744652e+00
   1.3380000000000001e+02   5.5120562671406503e+00
   1.3390000000000001e+02   5.5067257206814810e+00
   1.3400000000000000e+02   5.5017966603685773e+00
   1.3409999999999999e+02   5.4976757663218567e+00
   1.3419999999999999e+02   5.4952170942391927e+00
   1.3430000000000001e+02   5.4955240415373252e+00
   1.3440000000000001e+02   5.4999110398120603e+00
   1.3450000000000000e+02   5.5093039974856506e+00
   1.3459999999999999e+02   5.5237441999210057e+00
   1.3469999999999999e+02   5.5427138624760799e+00
   1.3480000000000001e+02   5.5653070453314166e+00
   1.3490000000000001e+02   5.5904406493043339e+00
   1.3500000000000000e+02   5.6170380651118332e+00
   1.3509999999999999e+02   5.6440913154888843e+00
   1.3519999999999999e+02   5.6707211923370755e+00
   1.3530000000000001e+02   5.6962224250043683e+00
   1.3540000000000001e+02   5.7200277585041261e+00
   1.3550000000000000e+02   5.7416900293519513e+00
   1.3559999999999999e+02   5.7610082638081597e+00
   1.3569999999999999e+02   5.7779541906735288e+00
   1.3580000000000001e+02   5.7925534305897912e+00
   1.3590000000000001e+02   5.8050103986996646e+00
   1.3600000000000000e+02   5.8157822094909832e+00
   1.3609999999999999e+02   5.8254723570214395e+00
   1.3619999999999999e+02   5.8347008777713354e+00
   1.3630000000000001e+02   5.8439966873161771e+00
   1.3640000000000001e+02   5.8537112849376491e+00
   1.3650000000000000e+02   5.8639938925537383e+00
   1.3659999999999999e+02   5.8748038914454019e+00
   1.3669999999999999e+02   5.8860269131362557e+00
   1.3680000000000001e+02   5.8976020397282749e+00
   1.3690000000000001e+02   5.9095647220970688e+00
   1.3700000000000000e+02   5.9220058086906935e+00
   1.3709999999999999e+02   5.9349837689631162e+00
   1.3719999999999999e+02   5.9484535774370171e+00
   1.3730000000000001e+02   5.9622464178903991e+00
   1.3740000000000001e+02   5.9761109775756882e+00
   1.3750000000000000e+02   5.9897787123033019e+00
   1.3759999999999999e+02   6.0030141159270736e+00
   1.3769999999999999e+02   6.0156750375681032e+00
   1.3780000000000001e+02   6.0278482283739061e+00
   1.3790000000000001e+02   6.0398048589230582e+00
   1.3800000000000000e+02   6.0518062040059757e+00
   1.3809999999999999e+02   6.0639325429994013e+00
   1.3819999999999999e+02   6.0759949767819066e+00
   1.3830000000000001e+02   6.0876233849629786e+00
   1.3840000000000001e+02   6.0985297658049200e+00
   1.3850000000000000e+02   6.1086669548409267e+00
   1.3859999999999999e+02   6.1181972215689449e+00
   1.3869999999999999e+02   6.1274525193284930e+00
   1.3880000000000001e+02   6.1367933220711803e+00
   1.3890000000000001e+02   6.1465963878837044e+00
   1.3900000000000000e+02   6.1569537668127827e+00
   1.3909999999999999e+02   6.1677049190768614e+00
   1.3919999999999999e+02   6.1784905387824089e+00
   1.3930000000000001e+02   6.1888548259975380e+00
   1.3940000000000001e+02   6.1983596508522467e+00
   1.3941281372786099e+02   6.1994885205138814e+00
