   3.0697848215077412e+00   3.8372310268846763e+00   5.1163080358462354e+00   7.6744620537693526e+00   1.5348924107538705e+01   8.6450000000000000e+03   6.9160000000000000e+03   5.1870000000000000e+03   3.4580000000000000e+03   1.7290000000000000e+03
   3.4108720238974897e+00   4.2635900298718621e+00   5.6847867064958164e+00   8.5271800597437242e+00   1.7054360119487448e+01   8.7180127564266513e+03   6.9744102051413201e+03   5.2308076538559899e+03   3.4872051025706601e+03   1.7436025512853300e+03
   3.7519592262872385e+00   4.6899490328590483e+00   6.2532653771453974e+00   9.3798980657180966e+00   1.8759796131436193e+01   8.8068152236249643e+03   7.0454521788999709e+03   5.2840891341749784e+03   3.5227260894499855e+03   1.7613630447249927e+03
   4.0930464286769874e+00   5.1163080358462354e+00   6.8217440477949802e+00   1.0232616071692471e+01   2.0465232143384942e+01   8.9100120318058162e+03   7.1280096254446526e+03   5.3460072190834908e+03   3.5640048127223263e+03   1.7820024063611631e+03
   4.4341336310667367e+00   5.5426670388334207e+00   7.3902227184445612e+00   1.1085334077666841e+01   2.2170668155333683e+01   9.0262078111800856e+03   7.2209662489440689e+03   5.4157246867080512e+03   3.6104831244720344e+03   1.8052415622360172e+03
   4.7752208334564852e+00   5.9690260418206060e+00   7.9587013890941423e+00   1.1938052083641212e+01   2.3876104167282424e+01   9.1540071919586444e+03   7.3232057535669173e+03   5.4924043151751875e+03   3.6616028767834587e+03   1.8308014383917293e+03
   5.1163080358462327e+00   6.3953850448077914e+00   8.5271800597437224e+00   1.2790770089615583e+01   2.5581540179231165e+01   9.2920148043523732e+03   7.4336118434818991e+03   5.5752088826114250e+03   3.7168059217409495e+03   1.8584029608704748e+03
   5.4573952382359838e+00   6.8217440477949802e+00   9.0956587303933070e+00   1.3643488095589960e+01   2.7286976191179921e+01   9.4388352785721472e+03   7.5510682228577180e+03   5.6633011671432887e+03   3.7755341114288590e+03   1.8877670557144295e+03
   5.7984824406257331e+00   7.2481030507821655e+00   9.6641374010428880e+00   1.4496206101564331e+01   2.8992412203128662e+01   9.5930732448288400e+03   7.6744585958630742e+03   5.7558439468973056e+03   3.8372292979315371e+03   1.9186146489657685e+03
   6.1395696430154825e+00   7.6744620537693526e+00   1.0232616071692471e+01   1.5348924107538705e+01   3.0697848215077411e+01   9.7533333333333339e+03   7.8026666666666670e+03   5.8520000000000000e+03   3.9013333333333335e+03   1.9506666666666667e+03
   6.4806568454052309e+00   8.1008210567565389e+00   1.0801094742342054e+01   1.6201642113513078e+01   3.2403284227026155e+01   9.9236926082720765e+03   7.9389540866176612e+03   5.9542155649632459e+03   3.9694770433088306e+03   1.9847385216544153e+03
   6.8217440477949793e+00   8.5271800597437242e+00   1.1369573412991633e+01   1.7054360119487448e+01   3.4108720238974897e+01   1.0109678026211106e+04   8.0877424209688843e+03   6.0658068157266634e+03   4.0438712104844421e+03   2.0219356052422211e+03
   7.1628312501847278e+00   8.9535390627309095e+00   1.1938052083641212e+01   1.7907078125461819e+01   3.5814156250923638e+01   1.0312069055930671e+04   8.2496552447445374e+03   6.1872414335584017e+03   4.1248276223722687e+03   2.0624138111861344e+03
   7.5039184525744771e+00   9.3798980657180966e+00   1.2506530754290795e+01   1.8759796131436193e+01   3.7519592262872386e+01   1.0531645166211025e+04   8.4253161329688191e+03   6.3189870997266153e+03   4.2126580664844096e+03   2.1063290332422048e+03
   7.8450056549642255e+00   9.8062570687052819e+00   1.3075009424940376e+01   1.9612514137410564e+01   3.9225028274821128e+01   1.0769185825832414e+04   8.6153486606659335e+03   6.4615114954994488e+03   4.3076743303329667e+03   2.1538371651664834e+03
   8.1860928573539748e+00   1.0232616071692471e+01   1.3643488095589960e+01   2.0465232143384942e+01   4.0930464286769883e+01   1.1025470503575094e+04   8.8203764028600744e+03   6.6152823021450549e+03   4.4101882014300372e+03   2.2050941007150186e+03
   8.5271800597437242e+00   1.0658975074679656e+01   1.4211966766239541e+01   2.1317950149359312e+01   4.2635900298718624e+01   1.1301278668219304e+04   9.0410229345754433e+03   6.7807672009315820e+03   4.5205114672877216e+03   2.2602557336438608e+03
   8.8682672621334735e+00   1.1085334077666841e+01   1.4780445436889122e+01   2.2170668155333683e+01   4.4341336310667366e+01   1.1597389788545301e+04   9.2779118308362431e+03   6.9584338731271810e+03   4.6389559154181215e+03   2.3194779577090608e+03
   9.2093544645232210e+00   1.1511693080654027e+01   1.5348924107538704e+01   2.3023386161308053e+01   4.6046772322616107e+01   1.1914583333333334e+04   9.5316666666666661e+03   7.1487500000000000e+03   4.7658333333333330e+03   2.3829166666666665e+03
   9.5504416669129704e+00   1.1938052083641212e+01   1.5917402778188285e+01   2.3876104167282424e+01   4.7752208334564848e+01   1.2313728465193011e+04   9.8509827721544098e+03   7.3882370791158073e+03   4.9254913860772049e+03   2.4627456930386024e+03
   9.8915288693027197e+00   1.2364411086628399e+01   1.6485881448837866e+01   2.4728822173256798e+01   4.9457644346513597e+01   1.2830112071716632e+04   1.0264089657373306e+04   7.6980672430299792e+03   5.1320448286866531e+03   2.5660224143433265e+03
   1.0232616071692465e+01   1.2790770089615583e+01   1.7054360119487445e+01   2.5581540179231165e+01   5.1163080358462331e+01   1.3426140209158501e+04   1.0740912167326802e+04   8.0556841254951014e+03   5.3704560836634009e+03   2.6852280418317005e+03
   1.0573703274082217e+01   1.3217129092602772e+01   1.7622838790137028e+01   2.6434258185205543e+01   5.2868516370411086e+01   1.4064218933772907e+04   1.1251375147018327e+04   8.4385313602637434e+03   5.6256875735091635e+03   2.8128437867545817e+03
   1.0914790476471968e+01   1.3643488095589960e+01   1.8191317460786614e+01   2.7286976191179921e+01   5.4573952382359842e+01   1.4706754301814148e+04   1.1765403441451321e+04   8.8240525810884901e+03   5.8827017207256604e+03   2.9413508603628302e+03
   1.1255877678861717e+01   1.4069847098577146e+01   1.8759796131436193e+01   2.8139694197154292e+01   5.6279388394308583e+01   1.5316152369536514e+04   1.2252921895629212e+04   9.1896914217219091e+03   6.1264609478146058e+03   3.0632304739073029e+03
   1.1596964881251466e+01   1.4496206101564331e+01   1.9328274802085776e+01   2.8992412203128662e+01   5.7984824406257324e+01   1.5854819193194304e+04   1.2683855354555446e+04   9.5128915159165845e+03   6.3419276772777230e+03   3.1709638386388615e+03
   1.1938052083641210e+01   1.4922565104551513e+01   1.9896753472735352e+01   2.9845130209103026e+01   5.9690260418206051e+01   1.6285160829041813e+04   1.3028128663233450e+04   9.7710964974250874e+03   6.5140643316167252e+03   3.2570321658083626e+03
   1.2279139286030965e+01   1.5348924107538705e+01   2.0465232143384942e+01   3.0697848215077411e+01   6.1395696430154821e+01   1.6569583333333332e+04   1.3255666666666666e+04   9.9417500000000000e+03   6.6278333333333330e+03   3.3139166666666665e+03
   1.2620226488420712e+01   1.5775283110525891e+01   2.1033710814034521e+01   3.1550566221051781e+01   6.3101132442103562e+01   1.6751023333761525e+04   1.3400818667009220e+04   1.0050614000256915e+04   6.7004093335046100e+03   3.3502046667523050e+03
   1.2961313690810462e+01   1.6201642113513078e+01   2.1602189484684107e+01   3.2403284227026155e+01   6.4806568454052311e+01   1.6902015705835485e+04   1.3521612564668390e+04   1.0141209423501292e+04   6.7608062823341952e+03   3.3804031411670976e+03
   1.3302400893200211e+01   1.6628001116500265e+01   2.2170668155333686e+01   3.3256002233000530e+01   6.6512004466001059e+01   1.7029363877534168e+04   1.3623491102027336e+04   1.0217618326520500e+04   6.8117455510136679e+03   3.4058727755068339e+03
   1.3643488095589959e+01   1.7054360119487448e+01   2.2739146825983266e+01   3.4108720238974897e+01   6.8217440477949793e+01   1.7139871276836519e+04   1.3711897021469214e+04   1.0283922766101912e+04   6.8559485107346072e+03   3.4279742553673036e+03
   1.3984575297979708e+01   1.7480719122474635e+01   2.3307625496632848e+01   3.4961438244949271e+01   6.9922876489898542e+01   1.7240341331721502e+04   1.3792273065377201e+04   1.0344204799032901e+04   6.8961365326886007e+03   3.4480682663443004e+03
   1.4325662500369456e+01   1.7907078125461819e+01   2.3876104167282424e+01   3.5814156250923638e+01   7.1628312501847276e+01   1.7337577470168049e+04   1.3870061976134441e+04   1.0402546482100830e+04   6.9350309880672203e+03   3.4675154940336101e+03
   1.4666749702759203e+01   1.8333437128449003e+01   2.4444582837932007e+01   3.6666874256898005e+01   7.3333748513796010e+01   1.7438383120155129e+04   1.3950706496124103e+04   1.0463029872093077e+04   6.9753532480620515e+03   3.4876766240310258e+03
   1.5007836905148954e+01   1.8759796131436193e+01   2.5013061508581590e+01   3.7519592262872386e+01   7.5039184525744773e+01   1.7549561709661681e+04   1.4039649367729346e+04   1.0529737025797011e+04   7.0198246838646728e+03   3.5099123419323364e+03
   1.5348924107538702e+01   1.9186155134423377e+01   2.5581540179231165e+01   3.8372310268846753e+01   7.6744620537693507e+01   1.7677916666666668e+04   1.4142333333333334e+04   1.0606750000000000e+04   7.0711666666666670e+03   3.5355833333333335e+03
   1.5690011309928451e+01   1.9612514137410564e+01   2.6150018849880752e+01   3.9225028274821128e+01   7.8450056549642255e+01   1.7837321797777382e+04   1.4269857438221905e+04   1.0702393078666430e+04   7.1349287191109524e+03   3.5674643595554762e+03
   1.6031098512318202e+01   2.0038873140397751e+01   2.6718497520530331e+01   4.0077746280795502e+01   8.0155492561591004e+01   1.8028178291684060e+04   1.4422542633347250e+04   1.0816906975010437e+04   7.2112713166736248e+03   3.6056356583368124e+03
   1.6372185714707950e+01   2.0465232143384942e+01   2.7286976191179921e+01   4.0930464286769883e+01   8.1860928573539766e+01   1.8237080649490068e+04   1.4589664519592056e+04   1.0942248389694043e+04   7.2948322597960278e+03   3.6474161298980139e+03
   1.6713272917097697e+01   2.0891591146372122e+01   2.7855454861829493e+01   4.1783182292744243e+01   8.3566364585488486e+01   1.8450623372298764e+04   1.4760498697839008e+04   1.1070374023379258e+04   7.3802493489195040e+03   3.6901246744597520e+03
   1.7054360119487448e+01   2.1317950149359312e+01   2.8423933532479083e+01   4.2635900298718624e+01   8.5271800597437249e+01   1.8655400961213494e+04   1.4924320768970794e+04   1.1193240576728096e+04   7.4621603844853971e+03   3.7310801922426986e+03
   1.7395447321877196e+01   2.1744309152346496e+01   2.8992412203128662e+01   4.3488618304692992e+01   8.6977236609385983e+01   1.8838007917337629e+04   1.5070406333870103e+04   1.1302804750402578e+04   7.5352031669350517e+03   3.7676015834675259e+03
   1.7736534524266947e+01   2.2170668155333683e+01   2.9560890873778245e+01   4.4341336310667366e+01   8.8682672621334731e+01   1.8985038741774519e+04   1.5188030993419616e+04   1.1391023245064715e+04   7.5940154967098078e+03   3.7970077483549039e+03
   1.8077621726656695e+01   2.2597027158320866e+01   3.0129369544427824e+01   4.5194054316641733e+01   9.0388108633283466e+01   1.9083087935627525e+04   1.5266470348502016e+04   1.1449852761376511e+04   7.6332351742510082e+03   3.8166175871255041e+03
   1.8418708929046442e+01   2.3023386161308053e+01   3.0697848215077407e+01   4.6046772322616107e+01   9.2093544645232214e+01   1.9118750000000000e+04   1.5295000000000000e+04   1.1471250000000000e+04   7.6475000000000000e+03   3.8237500000000000e+03
   1.8759796131436190e+01   2.3449745164295241e+01   3.1266326885726986e+01   4.6899490328590481e+01   9.3798980657180962e+01   1.9103627149409047e+04   1.5282901719527235e+04   1.1462176289645426e+04   7.6414508597636177e+03   3.8207254298818089e+03
   1.9100883333825941e+01   2.3876104167282424e+01   3.1834805556376569e+01   4.7752208334564848e+01   9.5504416669129697e+01   1.9061373006470742e+04   1.5249098405176594e+04   1.1436823803882446e+04   7.6245492025882968e+03   3.8122746012941484e+03
   1.9441970536215688e+01   2.4302463170269615e+01   3.2403284227026155e+01   4.8604926340539230e+01   9.7209852681078459e+01   1.8996659184436965e+04   1.5197327347549570e+04   1.1397995510662176e+04   7.5986636737747849e+03   3.7993318368873925e+03
   1.9783057738605439e+01   2.4728822173256798e+01   3.2971762897675731e+01   4.9457644346513597e+01   9.8915288693027193e+01   1.8914157296559559e+04   1.5131325837247648e+04   1.1348494377935735e+04   7.5656629186238242e+03   3.7828314593119121e+03
   2.0124144940995187e+01   2.5155181176243982e+01   3.3540241568325307e+01   5.0310362352487964e+01   1.0062072470497593e+02   1.8818538956090397e+04   1.5054831164872316e+04   1.1291123373654236e+04   7.5274155824361578e+03   3.7637077912180789e+03
   2.0465232143384931e+01   2.5581540179231165e+01   3.4108720238974890e+01   5.1163080358462331e+01   1.0232616071692466e+02   1.8714475776281331e+04   1.4971580621025065e+04   1.1228685465768800e+04   7.4857903105125324e+03   3.7428951552562662e+03
   2.0806319345774682e+01   2.6007899182218353e+01   3.4677198909624472e+01   5.2015798364436705e+01   1.0403159672887341e+02   1.8606639370384226e+04   1.4885311496307380e+04   1.1163983622230537e+04   7.4426557481536902e+03   3.7213278740768451e+03
   2.1147406548164433e+01   2.6434258185205543e+01   3.5245677580274055e+01   5.2868516370411086e+01   1.0573703274082217e+02   1.8499701351650940e+04   1.4799761081320752e+04   1.1099820810990564e+04   7.3998805406603760e+03   3.6999402703301880e+03
   2.1488493750554181e+01   2.6860617188192727e+01   3.5814156250923638e+01   5.3721234376385453e+01   1.0744246875277091e+02   1.8398333333333332e+04   1.4718666666666666e+04   1.1039000000000000e+04   7.3593333333333330e+03   3.6796666666666665e+03
   2.1829580952943935e+01   2.7286976191179921e+01   3.6382634921573228e+01   5.4573952382359842e+01   1.0914790476471968e+02   1.8283662274320712e+04   1.4626929819456569e+04   1.0970197364592428e+04   7.3134649097282845e+03   3.6567324548641423e+03
   2.2170668155333686e+01   2.7713335194167108e+01   3.6951113592222804e+01   5.5426670388334216e+01   1.1085334077666843e+02   1.8141072106524782e+04   1.4512857685219826e+04   1.0884643263914868e+04   7.2564288426099129e+03   3.6282144213049564e+03
   2.2511755357723434e+01   2.8139694197154292e+01   3.7519592262872386e+01   5.6279388394308583e+01   1.1255877678861717e+02   1.7981619902731014e+04   1.4385295922184810e+04   1.0788971941638607e+04   7.1926479610924052e+03   3.5963239805462026e+03
   2.2852842560113174e+01   2.8566053200141472e+01   3.8088070933521962e+01   5.7132106400282943e+01   1.1426421280056589e+02   1.7816362735724877e+04   1.4253090188579903e+04   1.0689817641434924e+04   7.1265450942899515e+03   3.5632725471449758e+03
   2.3193929762502933e+01   2.8992412203128662e+01   3.8656549604171552e+01   5.7984824406257324e+01   1.1596964881251465e+02   1.7656357678291835e+04   1.4125086142633469e+04   1.0593814606975102e+04   7.0625430713167343e+03   3.5312715356583672e+03
   2.3535016964892680e+01   2.9418771206115849e+01   3.9225028274821128e+01   5.8837542412231699e+01   1.1767508482446340e+02   1.7512661803217361e+04   1.4010129442573889e+04   1.0507597081930417e+04   7.0050647212869444e+03   3.5025323606434722e+03
   2.3876104167282421e+01   2.9845130209103026e+01   3.9793506945470703e+01   5.9690260418206051e+01   1.1938052083641210e+02   1.7396332183286919e+04   1.3917065746629532e+04   1.0437799309972152e+04   6.9585328733147662e+03   3.4792664366573831e+03
   2.4217191369672175e+01   3.0271489212090220e+01   4.0361985616120293e+01   6.0542978424180440e+01   1.2108595684836088e+02   1.7318425891285973e+04   1.3854740713028777e+04   1.0391055534771584e+04   6.9273703565143887e+03   3.4636851782571944e+03
   2.4558278572061930e+01   3.0697848215077411e+01   4.0930464286769883e+01   6.1395696430154821e+01   1.2279139286030964e+02   1.7290000000000000e+04   1.3832000000000000e+04   1.0374000000000000e+04   6.9160000000000000e+03   3.4580000000000000e+03
   2.4899365774451674e+01   3.1124207218064594e+01   4.1498942957419459e+01   6.2248414436129188e+01   1.2449682887225838e+02   1.7290000000000000e+04   1.3832000000000000e+04   1.0374000000000000e+04   6.9160000000000000e+03   3.4580000000000000e+03
   2.5240452976841425e+01   3.1550566221051781e+01   4.2067421628069042e+01   6.3101132442103562e+01   1.2620226488420712e+02   1.7290000000000000e+04   1.3832000000000000e+04   1.0374000000000000e+04   6.9160000000000000e+03   3.4580000000000000e+03
   2.5581540179231173e+01   3.1976925224038961e+01   4.2635900298718617e+01   6.3953850448077922e+01   1.2790770089615584e+02   1.7290000000000000e+04   1.3832000000000000e+04   1.0374000000000000e+04   6.9160000000000000e+03   3.4580000000000000e+03
   2.5922627381620924e+01   3.2403284227026155e+01   4.3204378969368214e+01   6.4806568454052311e+01   1.2961313690810462e+02   1.7290000000000000e+04   1.3832000000000000e+04   1.0374000000000000e+04   6.9160000000000000e+03   3.4580000000000000e+03
   2.6263714584010668e+01   3.2829643230013332e+01   4.3772857640017776e+01   6.5659286460026664e+01   1.3131857292005333e+02   1.7290000000000000e+04   1.3832000000000000e+04   1.0374000000000000e+04   6.9160000000000000e+03   3.4580000000000000e+03
   2.6604801786400422e+01   3.3256002233000530e+01   4.4341336310667373e+01   6.6512004466001059e+01   1.3302400893200212e+02   1.7290000000000000e+04   1.3832000000000000e+04   1.0374000000000000e+04   6.9160000000000000e+03   3.4580000000000000e+03
   2.6945888988790159e+01   3.3682361235987699e+01   4.4909814981316934e+01   6.7364722471975398e+01   1.3472944494395080e+02   1.7290000000000000e+04   1.3832000000000000e+04   1.0374000000000000e+04   6.9160000000000000e+03   3.4580000000000000e+03
   2.7286976191179917e+01   3.4108720238974897e+01   4.5478293651966531e+01   6.8217440477949793e+01   1.3643488095589959e+02   1.7290000000000000e+04   1.3832000000000000e+04   1.0374000000000000e+04   6.9160000000000000e+03   3.4580000000000000e+03
   2.7628063393569668e+01   3.4535079241962087e+01   4.6046772322616114e+01   6.9070158483924175e+01   1.3814031696784835e+02   1.7290000000000000e+04   1.3832000000000000e+04   1.0374000000000000e+04   6.9160000000000000e+03   3.4580000000000000e+03
   2.7969150595959416e+01   3.4961438244949271e+01   4.6615250993265697e+01   6.9922876489898542e+01   1.3984575297979708e+02   1.7274682498856881e+04   1.3819745999085506e+04   1.0364809499314129e+04   6.9098729995427530e+03   3.4549364997713765e+03
   2.8310237798349160e+01   3.5387797247936454e+01   4.7183729663915265e+01   7.0775594495872909e+01   1.4155118899174582e+02   1.7231941729538179e+04   1.3785553383630544e+04   1.0339165037722907e+04   6.8927766918152720e+03   3.4463883459076360e+03
   2.8651325000738915e+01   3.5814156250923638e+01   4.7752208334564855e+01   7.1628312501847276e+01   1.4325662500369455e+02   1.7166595293209877e+04   1.3733276234567900e+04   1.0299957175925927e+04   6.8666381172839501e+03   3.4333190586419751e+03
   2.8992412203128662e+01   3.6240515253910829e+01   4.8320687005214438e+01   7.2481030507821657e+01   1.4496206101564331e+02   1.7083460791037949e+04   1.3666768632830361e+04   1.0250076474622771e+04   6.8333843164151804e+03   3.4166921582075902e+03
   2.9333499405518406e+01   3.6666874256898005e+01   4.8889165675864014e+01   7.3333748513796010e+01   1.4666749702759202e+02   1.6987355824188384e+04   1.3589884659350708e+04   1.0192413494513032e+04   6.7949423296753539e+03   3.3974711648376770e+03
   2.9674586607908157e+01   3.7093233259885196e+01   4.9457644346513590e+01   7.4186466519770391e+01   1.4837293303954078e+02   1.6883097993827163e+04   1.3506478395061731e+04   1.0129858796296297e+04   6.7532391975308656e+03   3.3766195987654328e+03
   3.0015673810297908e+01   3.7519592262872386e+01   5.0026123017163179e+01   7.5039184525744773e+01   1.5007836905148955e+02   1.6775504901120257e+04   1.3420403920896204e+04   1.0065302940672154e+04   6.7102019604481020e+03   3.3551009802240510e+03
   3.0356761012687659e+01   3.7945951265859570e+01   5.0594601687812762e+01   7.5891902531719140e+01   1.5178380506343828e+02   1.6669394147233656e+04   1.3335515317786923e+04   1.0001636488340189e+04   6.6677576588934617e+03   3.3338788294467308e+03
   3.0697848215077403e+01   3.8372310268846753e+01   5.1163080358462331e+01   7.6744620537693507e+01   1.5348924107538701e+02   1.6569583333333332e+04   1.3255666666666666e+04   9.9417500000000000e+03   6.6278333333333330e+03   3.3139166666666665e+03
   3.1038935417467147e+01   3.8798669271833937e+01   5.1731559029111914e+01   7.7597338543667874e+01   1.5519467708733575e+02   1.6474724174316769e+04   1.3179779339453416e+04   9.8848345045900624e+03   6.5898896697267082e+03   3.2949448348633541e+03
   3.1380022619856902e+01   3.9225028274821128e+01   5.2300037699761504e+01   7.8450056549642255e+01   1.5690011309928451e+02   1.6378940088503748e+04   1.3103152070802995e+04   9.8273640531022465e+03   6.5515760354014974e+03   3.2757880177007487e+03
   3.1721109822246653e+01   3.9651387277808318e+01   5.2868516370411086e+01   7.9302774555616637e+01   1.5860554911123327e+02   1.6280256232193733e+04   1.3024204985754985e+04   9.7681537393162380e+03   6.5121024928774923e+03   3.2560512464387461e+03
   3.2062197024636404e+01   4.0077746280795502e+01   5.3436995041060662e+01   8.0155492561591004e+01   1.6031098512318201e+02   1.6176697761686188e+04   1.2941358209348951e+04   9.7060186570117130e+03   6.4706791046744756e+03   3.2353395523372378e+03
   3.2403284227026155e+01   4.0504105283782692e+01   5.4005473711710259e+01   8.1008210567565385e+01   1.6201642113513077e+02   1.6066289833280571e+04   1.2853031866624460e+04   9.6397738999683443e+03   6.4265159333122301e+03   3.2132579666561151e+03
   3.2744371429415899e+01   4.0930464286769883e+01   5.4573952382359842e+01   8.1860928573539766e+01   1.6372185714707953e+02   1.5947057603276353e+04   1.2757646082621082e+04   9.5682345619658099e+03   6.3788230413105412e+03   3.1894115206552706e+03
   3.3085458631805650e+01   4.1356823289757067e+01   5.5142431053009425e+01   8.2713646579514133e+01   1.6542729315902827e+02   1.5817026227972987e+04   1.2653620982378392e+04   9.4902157367837935e+03   6.3268104911891960e+03   3.1634052455945980e+03
   3.3426545834195394e+01   4.1783182292744243e+01   5.5710909723658986e+01   8.3566364585488486e+01   1.6713272917097697e+02   1.5674220863669938e+04   1.2539376690935951e+04   9.4045325182019624e+03   6.2696883454679755e+03   3.1348441727339878e+03
   3.3767633036585146e+01   4.2209541295731434e+01   5.6279388394308583e+01   8.4419082591462868e+01   1.6883816518292574e+02   1.5516666666666666e+04   1.2413333333333334e+04   9.3100000000000000e+03   6.2066666666666670e+03   3.1033333333333335e+03
   3.4108720238974897e+01   4.2635900298718624e+01   5.6847867064958166e+01   8.5271800597437249e+01   1.7054360119487450e+02   1.5331175399362643e+04   1.2264940319490113e+04   9.1987052396175841e+03   6.1324701597450567e+03   3.0662350798725283e+03
   3.4449807441364648e+01   4.3062259301705808e+01   5.7416345735607749e+01   8.6124518603411616e+01   1.7224903720682323e+02   1.5109291248196598e+04   1.2087432998557279e+04   9.0655747489179575e+03   6.0437164992786393e+03   3.0218582496393196e+03
   3.4790894643754392e+01   4.3488618304692992e+01   5.7984824406257324e+01   8.6977236609385983e+01   1.7395447321877197e+02   1.4856138005526895e+04   1.1884910404421516e+04   8.9136828033161364e+03   5.9424552022107582e+03   2.9712276011053791e+03
   3.5131981846144143e+01   4.3914977307680182e+01   5.8553303076906907e+01   8.7829954615360364e+01   1.7565990923072073e+02   1.4576839463711889e+04   1.1661471570969510e+04   8.7461036782271312e+03   5.8307357854847551e+03   2.9153678927423775e+03
   3.5473069048533894e+01   4.4341336310667366e+01   5.9121781747556490e+01   8.8682672621334731e+01   1.7736534524266946e+02   1.4276519415109953e+04   1.1421215532087963e+04   8.5659116490659708e+03   5.7106077660439814e+03   2.8553038830219907e+03
   3.5814156250923638e+01   4.4767695313654549e+01   5.9690260418206073e+01   8.9535390627309098e+01   1.7907078125461820e+02   1.3960301652079434e+04   1.1168241321663547e+04   8.3761809912476601e+03   5.5841206608317734e+03   2.7920603304158867e+03
   3.6155243453313389e+01   4.5194054316641733e+01   6.0258739088855648e+01   9.0388108633283466e+01   1.8077621726656693e+02   1.3633309966978693e+04   1.0906647973582953e+04   8.1799859801872153e+03   5.4533239867914763e+03   2.7266619933957381e+03
   3.6496330655703140e+01   4.5620413319628923e+01   6.0827217759505231e+01   9.1240826639257847e+01   1.8248165327851569e+02   1.3300668152166098e+04   1.0640534521732876e+04   7.9804008912996578e+03   5.3202672608664379e+03   2.6601336304332190e+03
   3.6837417858092884e+01   4.6046772322616107e+01   6.1395696430154814e+01   9.2093544645232214e+01   1.8418708929046443e+02   1.2967500000000000e+04   1.0374000000000000e+04   7.7805000000000000e+03   5.1870000000000000e+03   2.5935000000000000e+03
