   0.0000000000000000e+00   0.0000000000000000e+00
   4.9989999999999997e+00  -6.0000000000000001e-03
   9.9990000000000006e+00  -1.4100000000000000e-02
   1.4999000000000001e+01  -2.4299999999999999e-02
   1.9998999999999999e+01  -3.5600000000000000e-02
   2.4998899999999999e+01  -4.9099999999999998e-02
   2.9998899999999999e+01  -6.4299999999999996e-02
   3.4998899999999999e+01  -8.1199999999999994e-02
   3.9998899999999999e+01  -9.9900000000000003e-02
   4.4998800000000003e+01  -1.2089999999999999e-01
   4.9998800000000003e+01  -1.4499999999999999e-01
   5.4998699999999999e+01  -1.7150000000000001e-01
   5.9998600000000003e+01  -2.0110000000000000e-01
   6.4998500000000007e+01  -2.3510000000000000e-01
   6.9998300000000000e+01  -2.7329999999999999e-01
   7.4998199999999997e+01  -3.1719999999999998e-01
   7.9997900000000001e+01  -3.6830000000000002e-01
   8.4997500000000002e+01  -4.2980000000000002e-01
   8.9996899999999997e+01  -5.0790000000000002e-01
   9.4995699999999999e+01  -6.1850000000000005e-01
   9.9994000000000000e+01  -7.5560000000000005e-01
   1.0499370000000000e+02  -8.4040000000000004e-01
   1.0999320000000000e+02  -8.3630000000000004e-01
   1.1499280000000000e+02  -7.2680000000000000e-01
   1.1998830000000000e+02  -5.1800000000000002e-01
   1.2497960000000000e+02  -2.1229999999999999e-01
   1.2996289999999999e+02   1.9400000000000001e-01
   1.3493750000000000e+02   7.0430000000000004e-01
   1.3989920000000001e+02   1.3202000000000000e+00
   1.4484729999999999e+02   2.0438000000000001e+00
   1.4977730000000000e+02   2.8765000000000001e+00
   1.5468790000000001e+02   3.8201999999999998e+00
   1.5957530000000000e+02   4.8758999999999997e+00
   1.6443660000000000e+02   6.0452000000000004e+00
   1.6926949999999999e+02   7.3292000000000002e+00
   1.7406970000000001e+02   8.7284000000000006e+00
   1.7883470000000000e+02   1.0243600000000001e+01
   1.8356120000000001e+02   1.1875700000000000e+01
   1.8824520000000001e+02   1.3625000000000000e+01
   1.9288380000000001e+02   1.5491500000000000e+01
   1.9747409999999999e+02   1.7474399999999999e+01
   2.0201290000000000e+02   1.9572199999999999e+01
   2.0649660000000000e+02   2.1784800000000001e+01
   2.1092330000000001e+02   2.4109600000000000e+01
   2.1529040000000001e+02   2.6544300000000000e+01
   2.1959639999999999e+02   2.9085699999999999e+01
   2.2384129999999999e+02   3.1727799999999998e+01
   2.2802940000000001e+02   3.4459299999999999e+01
   2.3215160000000000e+02   3.7289299999999997e+01
   2.3618299999999999e+02   4.0246699999999997e+01
   2.4011420000000001e+02   4.3336799999999997e+01
   2.4394720000000001e+02   4.6548000000000002e+01
   2.4768039999999999e+02   4.9874099999999999e+01
   2.5131059999999999e+02   5.3312399999999997e+01
   2.5483359999999999e+02   5.6861100000000000e+01
   2.5824310000000003e+02   6.0518700000000003e+01
   2.6153269999999998e+02   6.4284000000000006e+01
   2.6469389999999999e+02   6.8158100000000005e+01
   2.6771510000000001e+02   7.2143000000000001e+01
   2.7058229999999998e+02   7.6239400000000003e+01
   2.7327859999999998e+02   8.0450000000000003e+01
   2.7578370000000001e+02   8.4777600000000007e+01
   2.7807339999999999e+02   8.9223699999999994e+01
   2.8011540000000002e+02   9.3788200000000003e+01
   2.8187209999999999e+02   9.8469399999999993e+01
   2.8329939999999999e+02   1.0326120000000000e+02
   2.8434440000000001e+02   1.0815120000000000e+02
   2.8494709999999998e+02   1.1311630000000000e+02
   2.8504520000000002e+02   1.1811709999999999e+02
   2.8458030000000002e+02   1.2309670000000000e+02
   2.8350749999999999e+02   1.2798080000000000e+02
   2.8183420000000001e+02   1.3269489999999999e+02
   2.7948980000000000e+02   1.3711359999999999e+02
   2.7631720000000001e+02   1.4097139999999999e+02
   2.7230560000000003e+02   1.4396530000000001e+02
   2.6772649999999999e+02   1.4599590000000001e+02
   2.6286000000000001e+02   1.4716090000000000e+02
   2.5788400000000001e+02   1.4764290000000000e+02
   2.5288380000000001e+02   1.4761300000000000e+02
   2.4789830000000001e+02   1.4720060000000001e+02
   2.4294669999999999e+02   1.4650000000000000e+02
   2.3803229999999999e+02   1.4557990000000001e+02
   2.3315119999999999e+02   1.4449199999999999e+02
   2.2830099999999999e+02   1.4327690000000001e+02
   2.2347610000000000e+02   1.4196520000000001e+02
   2.1867040000000000e+02   1.4058430000000001e+02
   2.1387770000000000e+02   1.3915940000000001e+02
   2.0909129999999999e+02   1.3771350000000001e+02
   2.0430430000000001e+02   1.3626960000000000e+02
   1.9950880000000001e+02   1.3485409999999999e+02
   1.9469560000000001e+02   1.3349990000000000e+02
   1.8985409999999999e+02   1.3224889999999999e+02
   1.8497340000000000e+02   1.3116170000000000e+02
   1.8004270000000000e+02   1.3033310000000000e+02
   1.7505840000000001e+02   1.2994120000000001e+02
   1.7007339999999999e+02   1.3031930000000000e+02
   1.6549940000000001e+02   1.3226499999999999e+02
   1.6188620000000000e+02   1.3571160000000000e+02
   1.5872100000000000e+02   1.3960440000000000e+02
   1.5579010000000000e+02   1.4367490000000001e+02
   1.5290680000000000e+02   1.4776050000000001e+02
   1.5011959999999999e+02   1.5191430000000000e+02
   1.4756680000000000e+02   1.5621440000000001e+02
   1.4533349999999999e+02   1.6069200000000001e+02
   1.4349930000000001e+02   1.6534979999999999e+02
   1.4223960000000000e+02   1.7018639999999999e+02
   1.4178090000000000e+02   1.7516550000000001e+02
   1.4235239999999999e+02   1.8013499999999999e+02
   1.4403020000000001e+02   1.8484649999999999e+02
   1.4662790000000001e+02   1.8912029999999999e+02
   1.4983789999999999e+02   1.9295540000000000e+02
   1.5339940000000001e+02   1.9646570000000000e+02
   1.5713130000000001e+02   1.9979320000000001e+02
   1.6090649999999999e+02   2.0307180000000000e+02
   1.6461859999999999e+02   2.0642230000000001e+02
   1.6815920000000000e+02   2.0995359999999999e+02
   1.7140289999999999e+02   2.1375860000000000e+02
   1.7420380000000000e+02   2.1789949999999999e+02
   1.7641100000000000e+02   2.2238710000000000e+02
   1.7791190000000000e+02   2.2716440000000000e+02
   1.7867699999999999e+02   2.3210919999999999e+02
   1.7871060000000000e+02   2.3710380000000001e+02
   1.7821449999999999e+02   2.4208680000000001e+02
   1.7751960000000000e+02   2.4703749999999999e+02
   1.7676320000000001e+02   2.5198089999999999e+02
   1.7603600000000000e+02   2.5692770000000002e+02
   1.7537119999999999e+02   2.6188339999999999e+02
   1.7473360000000000e+02   2.6684269999999998e+02
   1.7409119999999999e+02   2.7180130000000003e+02
   1.7343299999999999e+02   2.7675779999999997e+02
   1.7274809999999999e+02   2.8171080000000001e+02
   1.7200890000000001e+02   2.8665580000000000e+02
   1.7118100000000001e+02   2.9158749999999998e+02
   1.7022350000000000e+02   2.9649459999999999e+02
   1.6908539999999999e+02   3.0136520000000002e+02
   1.6770590000000001e+02   3.0617169999999999e+02
   1.6602029999999999e+02   3.1087840000000000e+02
   1.6396719999999999e+02   3.1544260000000003e+02
   1.6150930000000000e+02   3.1979780000000000e+02
   1.5864220000000000e+02   3.2389269999999999e+02
   1.5539050000000000e+02   3.2769819999999999e+02
   1.5181720000000001e+02   3.3119700000000000e+02
   1.4798429999999999e+02   3.3440730000000002e+02
   1.4394460000000001e+02   3.3736130000000003e+02
   1.3975520000000000e+02   3.4008819999999997e+02
   1.3544420000000000e+02   3.4262740000000002e+02
   1.3104689999999999e+02   3.4500529999999998e+02
   1.2657740000000000e+02   3.4725110000000001e+02
   1.2205530000000000e+02   3.4938380000000001e+02
   1.1748950000000001e+02   3.5142329999999998e+02
   1.1288860000000000e+02   3.5338290000000001e+02
   1.0826090000000001e+02   3.5527510000000001e+02
   1.0360920000000000e+02   3.5711009999999999e+02
   9.8938400000000001e+01   3.5889540000000000e+02
   9.4252200000000002e+01   3.6063830000000002e+02
   8.9552300000000002e+01   3.6234510000000000e+02
   8.4841099999999997e+01   3.6402060000000000e+02
   8.0120999999999995e+01   3.6566969999999998e+02
   7.5392700000000005e+01   3.6729570000000001e+02
   7.0656700000000001e+01   3.6889929999999998e+02
   6.5913399999999996e+01   3.7048110000000003e+02
   6.1163200000000003e+01   3.7204169999999999e+02
   5.6407600000000002e+01   3.7358569999999997e+02
   5.1649099999999997e+01   3.7512119999999999e+02
   4.6890599999999999e+01   3.7665629999999999e+02
   4.2134700000000002e+01   3.7819940000000003e+02
   3.7383899999999997e+01   3.7975869999999998e+02
   3.2641300000000001e+01   3.8134249999999997e+02
   2.7909900000000000e+01   3.8295890000000003e+02
   2.3190999999999999e+01   3.8461180000000002e+02
   1.8482700000000001e+01   3.8629530000000000e+02
   1.3782900000000000e+01   3.8800189999999998e+02
   9.0894999999999992e+00   3.8972570000000002e+02
   4.4013000000000000e+00   3.9146400000000000e+02
  -2.8210000000000002e-01   3.9321490000000000e+02
  -4.9615000000000000e+00   3.9497660000000002e+02
  -9.6377000000000006e+00   3.9674669999999998e+02
  -1.4311600000000000e+01   3.9852280000000002e+02
  -1.8984200000000001e+01   4.0030230000000000e+02
  -2.3656300000000002e+01   4.0208310000000000e+02
  -2.8328600000000002e+01   4.0386340000000001e+02
  -3.3001899999999999e+01   4.0564130000000000e+02
  -3.7676699999999997e+01   4.0741510000000000e+02
  -4.2353900000000003e+01   4.0918259999999998e+02
  -4.7034199999999998e+01   4.1094180000000000e+02
  -5.1718400000000003e+01   4.1269049999999999e+02
  -5.6407299999999999e+01   4.1442680000000001e+02
  -6.1101700000000001e+01   4.1614819999999997e+02
  -6.5802099999999996e+01   4.1785280000000000e+02
  -7.0509600000000006e+01   4.1953809999999999e+02
  -7.5224900000000005e+01   4.2120170000000002e+02
  -7.9948599999999999e+01   4.2284080000000000e+02
  -8.4681600000000003e+01   4.2445269999999999e+02
  -8.9425200000000004e+01   4.2603429999999997e+02
  -9.4179900000000004e+01   4.2758170000000001e+02
  -9.8946500000000000e+01   4.2909089999999998e+02
  -1.0372680000000000e+02   4.3055799999999999e+02
  -1.0852150000000000e+02   4.3197770000000003e+02
  -1.1333060000000000e+02   4.3334480000000002e+02
  -1.1815689999999999e+02   4.3465359999999998e+02
  -1.2300100000000000e+02   4.3589609999999999e+02
  -1.2786210000000000e+02   4.3706400000000002e+02
  -1.3274430000000001e+02   4.3814839999999998e+02
  -1.3764699999999999e+02   4.3913670000000002e+02
  -1.4256809999999999e+02   4.4001569999999998e+02
  -1.4751390000000001e+02   4.4076929999999999e+02
  -1.5247760000000000e+02   4.4137509999999997e+02
  -1.5745959999999999e+02   4.4181000000000000e+02
  -1.6245910000000001e+02   4.4204030000000000e+02
  -1.6745689999999999e+02   4.4202789999999999e+02
  -1.7245750000000001e+02   4.4172109999999998e+02
  -1.7740889999999999e+02   4.4105770000000001e+02
  -1.8230350000000001e+02   4.3995440000000002e+02
  -1.8702459999999999e+02   4.3832670000000002e+02
  -1.9151519999999999e+02   4.3607249999999999e+02
  -1.9557380000000001e+02   4.3315469999999999e+02
  -1.9906479999999999e+02   4.2955980000000000e+02
  -2.0183770000000001e+02   4.2538830000000002e+02
  -2.0399910000000000e+02   4.2087200000000001e+02
  -2.0572280000000001e+02   4.1617099999999999e+02
  -2.0715299999999999e+02   4.1137930000000000e+02
  -2.0830420000000001e+02   4.0651290000000000e+02
  -2.0910579999999999e+02   4.0157420000000002e+02
  -2.0952990000000000e+02   3.9659240000000000e+02
  -2.0954650000000001e+02   3.9159249999999997e+02
  -2.0911969999999999e+02   3.8660809999999998e+02
  -2.0822340000000000e+02   3.8168660000000000e+02
  -2.0683570000000000e+02   3.7688260000000002e+02
  -2.0494370000000001e+02   3.7225450000000001e+02
  -2.0254630000000000e+02   3.6786689999999999e+02
  -1.9965660000000000e+02   3.6378640000000001e+02
  -1.9630300000000000e+02   3.6007740000000001e+02
  -1.9252539999999999e+02   3.5680099999999999e+02
  -1.8837600000000000e+02   3.5400990000000002e+02
  -1.8391679999999999e+02   3.5174579999999997e+02
  -1.7921619999999999e+02   3.5003750000000002e+02
  -1.7434520000000001e+02   3.4890379999999999e+02
  -1.6937549999999999e+02   3.4834690000000001e+02
  -1.6437510000000000e+02   3.4835849999999999e+02
  -1.5940620000000001e+02   3.4891600000000000e+02
  -1.5452619999999999e+02   3.5000200000000001e+02
  -1.4976840000000001e+02   3.5154160000000002e+02
  -1.4513100000000000e+02   3.5342169999999999e+02
  -1.4062430000000001e+02   3.5558640000000003e+02
  -1.3626519999999999e+02   3.5803640000000001e+02
  -1.3208799999999999e+02   3.6078910000000002e+02
  -1.2812119999999999e+02   3.6383330000000001e+02
  -1.2438209999999999e+02   3.6715240000000000e+02
  -1.2087500000000000e+02   3.7071640000000002e+02
  -1.1758490000000000e+02   3.7448169999999999e+02
  -1.1447380000000000e+02   3.7839609999999999e+02
  -1.1147270000000000e+02   3.8239540000000000e+02
  -1.0847080000000000e+02   3.8639429999999999e+02
  -1.0530830000000000e+02   3.9026740000000001e+02
  -1.0176210000000000e+02   3.9379079999999999e+02
  -9.7613000000000000e+01   3.9656470000000002e+02
  -9.2867900000000006e+01   3.9812299999999999e+02
  -8.7876099999999994e+01   3.9835809999999998e+02
  -8.2935100000000006e+01   3.9759649999999999e+02
  -7.8145200000000003e+01   3.9616480000000001e+02
  -7.3462599999999995e+01   3.9439870000000002e+02
  -6.8978099999999998e+01   3.9219360000000000e+02
  -6.4944599999999994e+01   3.8923399999999998e+02
  -6.1383099999999999e+01   3.8572109999999998e+02
  -5.8097999999999999e+01   3.8195040000000000e+02
  -5.4949800000000003e+01   3.7806330000000003e+02
  -5.1916400000000003e+01   3.7408909999999997e+02
  -4.8974400000000003e+01   3.7004500000000002e+02
  -4.6103999999999999e+01   3.6595110000000000e+02
  -4.3288699999999999e+01   3.6181860000000000e+02
  -4.0521599999999999e+01   3.5765379999999999e+02
  -3.7796599999999998e+01   3.5346170000000001e+02
  -3.5108499999999999e+01   3.4924540000000002e+02
  -3.2453899999999997e+01   3.4500830000000002e+02
  -2.9828900000000001e+01   3.4075279999999998e+02
  -2.7230899999999998e+01   3.3648050000000001e+02
  -2.4657900000000001e+01   3.3219340000000000e+02
  -2.2107700000000001e+01   3.2789260000000002e+02
  -1.9579200000000000e+01   3.2357889999999998e+02
  -1.7071400000000001e+01   3.1925330000000002e+02
  -1.4583299999999999e+01   3.1491629999999998e+02
  -1.2113799999999999e+01   3.1056860000000000e+02
  -9.6623999999999999e+00   3.0621069999999997e+02
  -7.2282000000000002e+00   3.0184330000000000e+02
  -4.8106999999999998e+00   2.9746650000000000e+02
  -2.4098999999999999e+00   2.9308049999999997e+02
  -2.5600000000000001e-02   2.8868570000000000e+02
   2.3424000000000000e+00   2.8428190000000001e+02
   4.6939000000000002e+00   2.7986930000000001e+02
   7.0289000000000001e+00   2.7544810000000001e+02
   9.3469999999999995e+00   2.7101780000000002e+02
   1.1647700000000000e+01   2.6657850000000002e+02
   1.3930400000000001e+01   2.6213010000000003e+02
   1.6194500000000001e+01   2.5767200000000003e+02
   1.8438900000000000e+01   2.5320390000000000e+02
   2.0662400000000002e+01   2.4872559999999999e+02
   2.2862700000000000e+01   2.4423560000000001e+02
   2.5036300000000001e+01   2.3973280000000000e+02
   2.7180099999999999e+01   2.3521559999999999e+02
   2.9291899999999998e+01   2.3068330000000000e+02
   3.1369399999999999e+01   2.2613550000000001e+02
   3.3394300000000001e+01   2.2156330000000000e+02
   3.5332599999999999e+01   2.1695450000000000e+02
   3.7190500000000000e+01   2.1231209999999999e+02
   3.8948700000000002e+01   2.0762600000000000e+02
   4.0574300000000001e+01   2.0289760000000001e+02
   4.2153799999999997e+01   1.9815359999999998e+02
   4.3605899999999998e+01   1.9336380000000000e+02
   4.5172300000000000e+01   1.8860899999999998e+02
   4.6641599999999997e+01   1.8382919999999999e+02
   4.8021400000000000e+01   1.7902329999999998e+02
   4.9383600000000001e+01   1.7421230000000000e+02
   5.0769599999999997e+01   1.6940830000000000e+02
   5.2160699999999999e+01   1.6460569999999998e+02
   5.3532899999999998e+01   1.5979759999999999e+02
   5.4878500000000003e+01   1.5498200000000000e+02
   5.6198399999999999e+01   1.5015939999999998e+02
   5.7489199999999997e+01   1.4532879999999997e+02
   5.8740900000000003e+01   1.4048809999999997e+02
   5.9943100000000001e+01   1.3563449999999997e+02
   6.1083199999999998e+01   1.3076629999999997e+02
   6.2146700000000003e+01   1.2588020000000000e+02
   6.3112800000000000e+01   1.2097460000000000e+02
   6.3956400000000002e+01   1.1604540000000000e+02
   6.4643699999999995e+01   1.1109269999999999e+02
   6.5127399999999994e+01   1.0611620000000001e+02
   6.5343599999999995e+01   1.0111870000000000e+02
   6.5203100000000006e+01   9.6119299999999996e+01
   6.4581699999999998e+01   9.1157700000000006e+01
   6.3320300000000003e+01   8.6319599999999994e+01
   6.1251100000000001e+01   8.1768799999999999e+01
   5.8289400000000001e+01   7.7741799999999998e+01
   5.4531300000000002e+01   7.4445200000000000e+01
   5.0212000000000003e+01   7.1926500000000004e+01
   4.5556399999999996e+01   7.0100399999999993e+01
   4.0723599999999998e+01   6.8807000000000002e+01
   3.5795699999999997e+01   6.7911600000000007e+01
   3.0778600000000001e+01   6.7642600000000002e+01
   2.5941199999999998e+01   6.8789100000000005e+01
   2.1925799999999999e+01   7.1770200000000003e+01
   1.9179600000000001e+01   7.5978200000000001e+01
   1.7427800000000001e+01   8.0674000000000007e+01
   1.6322200000000002e+01   8.5548199999999994e+01
   1.5632999999999999e+01   9.0505799999999994e+01
   1.5224399999999999e+01   9.5489800000000002e+01
   1.5014900000000001e+01   1.0048640000000000e+02
   1.4944800000000001e+01   1.0548640000000000e+02
   1.4975600000000000e+01   1.1048670000000000e+02
   1.5074800000000000e+01   1.1548580000000000e+02
   1.5219400000000000e+01   1.2048390000000001e+02
   1.5388400000000001e+01   1.2548099999999999e+02
   1.5564700000000000e+01   1.3047789999999998e+02
   1.5732300000000000e+01   1.3547510000000000e+02
   1.5875600000000000e+01   1.4047319999999999e+02
   1.5979400000000000e+01   1.4547199999999998e+02
   1.6027200000000001e+01   1.5047239999999999e+02
   1.6000500000000002e+01   1.5547219999999999e+02
   1.5879700000000000e+01   1.6047149999999999e+02
   1.5641100000000000e+01   1.6546660000000000e+02
   1.5258500000000000e+01   1.7045229999999998e+02
   1.4695900000000000e+01   1.7542339999999999e+02
   1.3912200000000000e+01   1.8036120000000000e+02
   1.2850800000000000e+01   1.8525359999999998e+02
   1.1448499999999999e+01   1.9005300000000000e+02
   9.6158999999999999e+00   1.9471469999999999e+02
   7.2601000000000004e+00   1.9913369999999998e+02
   4.2956000000000003e+00   2.0315559999999999e+02
   6.4870000000000005e-01   2.0662339999999998e+02
  -3.5567000000000002e+00   2.0930519999999999e+02
  -8.2398000000000007e+00   2.1114800000000000e+02
  -1.3132899999999999e+01   2.1212589999999997e+02
  -1.8143799999999999e+01   2.1246709999999999e+02
  -2.3140999999999998e+01   2.1242909999999998e+02
  -2.8138800000000000e+01   2.1216199999999998e+02
  -3.3123100000000001e+01   2.1176620000000000e+02
  -3.8096499999999999e+01   2.1124390000000000e+02
  -4.3050600000000003e+01   2.1056699999999998e+02
  -4.7982199999999999e+01   2.0974069999999998e+02
  -5.2889299999999999e+01   2.0877839999999998e+02
  -5.7768700000000003e+01   2.0768750000000000e+02
  -6.2621099999999998e+01   2.0647949999999997e+02
  -6.7447500000000005e+01   2.0517380000000000e+02
  -7.2253900000000002e+01   2.0379579999999999e+02
  -7.7049599999999998e+01   2.0238090000000000e+02
  -8.1849900000000005e+01   2.0098169999999999e+02
  -8.6678799999999995e+01   1.9968359999999998e+02
  -9.1565899999999999e+01   1.9862410000000000e+02
  -9.6532600000000002e+01   1.9805079999999998e+02
  -1.0151220000000001e+02   1.9839720000000000e+02
  -1.0617080000000000e+02   2.0018789999999998e+02
  -1.0998130000000000e+02   2.0341749999999999e+02
  -1.1286020000000001e+02   2.0750359999999998e+02
  -1.1506200000000000e+02   2.1199239999999998e+02
  -1.1681990000000000e+02   2.1667290000000000e+02
  -1.1826460000000000e+02   2.2146109999999999e+02
  -1.1948630000000000e+02   2.2630990000000000e+02
  -1.2062649999999999e+02   2.3117909999999998e+02
  -1.2180860000000000e+02   2.3603789999999998e+02
  -1.2312060000000000e+02   2.4086219999999997e+02
  -1.2459210000000000e+02   2.4564179999999999e+02
  -1.2621050000000000e+02   2.5037279999999998e+02
  -1.2798419999999999e+02   2.5504769999999999e+02
  -1.2992930000000001e+02   2.5965530000000001e+02
  -1.3205560000000000e+02   2.6418039999999996e+02
  -1.3437920000000000e+02   2.6860839999999996e+02
  -1.3691970000000001e+02   2.7291659999999996e+02
  -1.3969720000000001e+02   2.7707419999999996e+02
  -1.4273859999999999e+02   2.8104259999999999e+02
  -1.4607550000000001e+02   2.8476729999999998e+02
  -1.4974109999999999e+02   2.8817059999999998e+02
  -1.5376530000000000e+02   2.9114049999999997e+02
  -1.5816139999999999e+02   2.9352350000000001e+02
  -1.6289680000000001e+02   2.9512509999999997e+02
  -1.6785440000000000e+02   2.9574619999999999e+02
  -1.7282880000000000e+02   2.9527549999999997e+02
  -1.7759229999999999e+02   2.9375930000000000e+02
  -1.8199209999999999e+02   2.9138189999999997e+02
  -1.8597690000000000e+02   2.8835660000000001e+02
  -1.8956160000000000e+02   2.8486689999999999e+02
  -1.9277390000000000e+02   2.8103699999999998e+02
  -1.9571440000000001e+02   2.7699169999999998e+02
  -1.9849010000000001e+02   2.7283159999999998e+02
  -2.0115889999999999e+02   2.6860319999999996e+02
  -2.0371390000000000e+02   2.6430549999999999e+02
  -2.0613540000000000e+02   2.5993029999999999e+02
  -2.0841640000000001e+02   2.5548049999999998e+02
  -2.1054460000000000e+02   2.5095620000000000e+02
  -2.1250710000000001e+02   2.4635709999999997e+02
  -2.1429210000000000e+02   2.4168570000000000e+02
  -2.1588759999999999e+02   2.3694719999999998e+02
  -2.1728250000000000e+02   2.3214559999999997e+02
  -2.1846570000000000e+02   2.2728639999999999e+02
  -2.1942689999999999e+02   2.2237939999999998e+02
  -2.2015819999999999e+02   2.1743339999999998e+02
  -2.2065379999999999e+02   2.1245699999999999e+02
  -2.2090950000000001e+02   2.0746259999999998e+02
  -2.2092429999999999e+02   2.0246289999999999e+02
  -2.2069919999999999e+02   1.9746740000000000e+02
  -2.2023769999999999e+02   1.9248739999999998e+02
  -2.1954570000000001e+02   1.8753579999999999e+02
  -2.1863059999999999e+02   1.8261959999999999e+02
  -2.1750149999999999e+02   1.7774749999999997e+02
  -2.1616880000000000e+02   1.7292880000000000e+02
  -2.1464240000000001e+02   1.6816600000000000e+02
  -2.1293440000000001e+02   1.6346660000000000e+02
  -2.1105730000000000e+02   1.5883220000000000e+02
  -2.0902119999999999e+02   1.5426409999999998e+02
  -2.0683290000000000e+02   1.4976899999999998e+02
  -2.0450780000000000e+02   1.4534119999999999e+02
  -2.0207790000000000e+02   1.4097160000000000e+02
  -1.9956580000000000e+02   1.3664789999999999e+02
  -1.9698679999999999e+02   1.3236429999999999e+02
  -1.9433590000000001e+02   1.2812490000000000e+02
  -1.9160159999999999e+02   1.2393830000000000e+02
  -1.8877959999999999e+02   1.1981090000000000e+02
  -1.8586380000000000e+02   1.1574900000000000e+02
  -1.8284790000000001e+02   1.1176049999999999e+02
  -1.7972919999999999e+02   1.0785240000000000e+02
  -1.7650620000000001e+02   1.0402979999999999e+02
  -1.7318010000000001e+02   1.0029640000000001e+02
  -1.6975520000000000e+02   9.6653300000000002e+01
  -1.6624000000000001e+02   9.3097499999999997e+01
  -1.6264580000000001e+02   8.9621700000000004e+01
  -1.5898570000000001e+02   8.6215299999999999e+01
  -1.5527449999999999e+02   8.2864599999999996e+01
  -1.5152719999999999e+02   7.9554199999999994e+01
  -1.4775780000000000e+02   7.6269199999999998e+01
  -1.4397819999999999e+02   7.2995900000000006e+01
  -1.4019940000000000e+02   6.9721599999999995e+01
  -1.3643049999999999e+02   6.6435900000000004e+01
  -1.3267900000000000e+02   6.3130499999999998e+01
  -1.2895130000000000e+02   5.9798200000000001e+01
  -1.2524800000000000e+02   5.6438800000000001e+01
  -1.2157290000000000e+02   5.3048400000000001e+01
  -1.1794450000000001e+02   4.9608300000000000e+01
  -1.1433470000000000e+02   4.6148400000000002e+01
  -1.1067250000000000e+02   4.2742800000000003e+01
  -1.0689900000000000e+02   3.9462600000000002e+01
  -1.0297610000000000e+02   3.6360900000000001e+01
  -9.8925100000000000e+01   3.3429800000000000e+01
  -9.4767700000000005e+01   3.0649200000000000e+01
  -9.0515699999999995e+01   2.8019300000000001e+01
  -8.6174999999999997e+01   2.5534800000000001e+01
  -8.1759600000000006e+01   2.3189399999999999e+01
  -7.7275400000000005e+01   2.0975500000000000e+01
  -7.2731499999999997e+01   1.8888999999999999e+01
  -6.8133600000000001e+01   1.6924099999999999e+01
  -6.3487300000000005e+01   1.5075600000000000e+01
  -5.8798699999999997e+01   1.3339000000000000e+01
  -5.4071100000000001e+01   1.1709400000000000e+01
  -4.9309800000000003e+01   1.0183000000000000e+01
  -4.4517600000000002e+01   8.7564000000000011e+00
  -3.9697200000000002e+01   7.4271000000000003e+00
  -3.4852200000000003e+01   6.1922000000000006e+00
  -2.9984400000000001e+01   5.0497000000000005e+00
  -2.5096000000000000e+01   3.9984999999999999e+00
  -2.0188900000000000e+01   3.0390999999999999e+00
  -1.5264600000000002e+01   2.1722000000000001e+00
  -1.0324400000000001e+01   1.4015000000000000e+00
  -5.3688000000000002e+00   7.3649999999999993e-01
  -3.9690000000000003e-01   2.0970000000000000e-01
   4.5712000000000002e+00  -2.2730000000000000e-01
   9.5393000000000008e+00  -6.6430000000000000e-01
   1.4507400000000001e+01  -1.1012999999999999e+00
   1.9475500000000000e+01  -1.5383000000000000e+00
   2.4443600000000000e+01  -1.9753000000000001e+00
   2.9411700000000000e+01  -2.4123000000000001e+00
   3.4379800000000003e+01  -2.8493000000000004e+00
   3.9347900000000010e+01  -3.2863000000000007e+00
   4.4316000000000017e+01  -3.7233000000000009e+00
   4.9284100000000024e+01  -4.1603000000000012e+00
   5.4252200000000030e+01  -4.5973000000000015e+00
