%%% Bode Mag Phase 
frequency speed  m1 p1
1.000000000000e-01 0.000000000000e+00 -3.996633281924e+01 -7.228153640239e-01 
1.004620421347e-01 0.000000000000e+00 -3.996602040199e+01 -7.261813744614e-01 
1.009262190987e-01 0.000000000000e+00 -3.996570508016e+01 -7.295633054223e-01 
1.013925407559e-01 0.000000000000e+00 -3.996538682662e+01 -7.329612356374e-01 
1.018610170156e-01 0.000000000000e+00 -3.996506561403e+01 -7.363752442742e-01 
1.023316578330e-01 0.000000000000e+00 -3.996474141476e+01 -7.398054109404e-01 
1.028044732093e-01 0.000000000000e+00 -3.996441420094e+01 -7.432518156865e-01 
1.032794731919e-01 0.000000000000e+00 -3.996408394442e+01 -7.467145390091e-01 
1.037566678745e-01 0.000000000000e+00 -3.996375061680e+01 -7.501936618540e-01 
1.042360673976e-01 0.000000000000e+00 -3.996341418940e+01 -7.536892656197e-01 
1.047176819486e-01 0.000000000000e+00 -3.996307463329e+01 -7.572014321601e-01 
1.052015217616e-01 0.000000000000e+00 -3.996273191924e+01 -7.607302437880e-01 
1.056875971185e-01 0.000000000000e+00 -3.996238601777e+01 -7.642757832785e-01 
1.061759183483e-01 0.000000000000e+00 -3.996203689910e+01 -7.678381338719e-01 
1.066664958280e-01 0.000000000000e+00 -3.996168453320e+01 -7.714173792777e-01 
1.071593399823e-01 0.000000000000e+00 -3.996132888973e+01 -7.750136036772e-01 
1.076544612842e-01 0.000000000000e+00 -3.996096993806e+01 -7.786268917274e-01 
1.081518702552e-01 0.000000000000e+00 -3.996060764731e+01 -7.822573285643e-01 
1.086515774653e-01 0.000000000000e+00 -3.996024198626e+01 -7.859049998065e-01 
1.091535935331e-01 0.000000000000e+00 -3.995987292343e+01 -7.895699915585e-01 
1.096579291268e-01 0.000000000000e+00 -3.995950042703e+01 -7.932523904142e-01 
1.101645949634e-01 0.000000000000e+00 -3.995912446497e+01 -7.969522834607e-01 
1.106736018096e-01 0.000000000000e+00 -3.995874500487e+01 -8.006697582819e-01 
1.111849604819e-01 0.000000000000e+00 -3.995836201403e+01 -8.044049029620e-01 
1.116986818468e-01 0.000000000000e+00 -3.995797545944e+01 -8.081578060890e-01 
1.122147768208e-01 0.000000000000e+00 -3.995758530779e+01 -8.119285567591e-01 
1.127332563710e-01 0.000000000000e+00 -3.995719152546e+01 -8.157172445796e-01 
1.132541315153e-01 0.000000000000e+00 -3.995679407849e+01 -8.195239596734e-01 
1.137774133221e-01 0.000000000000e+00 -3.995639293261e+01 -8.233487926824e-01 
1.143031129114e-01 0.000000000000e+00 -3.995598805325e+01 -8.271918347714e-01 
1.148312414544e-01 0.000000000000e+00 -3.995557940548e+01 -8.310531776325e-01 
1.153618101736e-01 0.000000000000e+00 -3.995516695404e+01 -8.349329134883e-01 
1.158948303440e-01 0.000000000000e+00 -3.995475066338e+01 -8.388311350964e-01 
1.164303132921e-01 0.000000000000e+00 -3.995433049756e+01 -8.427479357534e-01 
1.169682703970e-01 0.000000000000e+00 -3.995390642034e+01 -8.466834092988e-01 
1.175087130905e-01 0.000000000000e+00 -3.995347839511e+01 -8.506376501193e-01 
1.180516528569e-01 0.000000000000e+00 -3.995304638494e+01 -8.546107531525e-01 
1.185971012338e-01 0.000000000000e+00 -3.995261035253e+01 -8.586028138920e-01 
1.191450698120e-01 0.000000000000e+00 -3.995217026023e+01 -8.626139283907e-01 
1.196955702359e-01 0.000000000000e+00 -3.995172607005e+01 -8.666441932657e-01 
1.202486142037e-01 0.000000000000e+00 -3.995127774362e+01 -8.706937057023e-01 
1.208042134677e-01 0.000000000000e+00 -3.995082524222e+01 -8.747625634587e-01 
1.213623798344e-01 0.000000000000e+00 -3.995036852675e+01 -8.788508648700e-01 
1.219231251649e-01 0.000000000000e+00 -3.994990755777e+01 -8.829587088531e-01 
1.224864613751e-01 0.000000000000e+00 -3.994944229544e+01 -8.870861949109e-01 
1.230524004359e-01 0.000000000000e+00 -3.994897269954e+01 -8.912334231373e-01 
1.236209543737e-01 0.000000000000e+00 -3.994849872948e+01 -8.954004942211e-01 
1.241921352702e-01 0.000000000000e+00 -3.994802034429e+01 -8.995875094514e-01 
1.247659552631e-01 0.000000000000e+00 -3.994753750261e+01 -9.037945707220e-01 
1.253424265461e-01 0.000000000000e+00 -3.994705016268e+01 -9.080217805360e-01 
1.259215613694e-01 0.000000000000e+00 -3.994655828234e+01 -9.122692420108e-01 
1.265033720396e-01 0.000000000000e+00 -3.994606181904e+01 -9.165370588832e-01 
1.270878709202e-01 0.000000000000e+00 -3.994556072984e+01 -9.208253355139e-01 
1.276750704319e-01 0.000000000000e+00 -3.994505497137e+01 -9.251341768928e-01 
1.282649830528e-01 0.000000000000e+00 -3.994454449985e+01 -9.294636886436e-01 
1.288576213186e-01 0.000000000000e+00 -3.994402927109e+01 -9.338139770294e-01 
1.294529978228e-01 0.000000000000e+00 -3.994350924050e+01 -9.381851489577e-01 
1.300511252173e-01 0.000000000000e+00 -3.994298436303e+01 -9.425773119854e-01 
1.306520162125e-01 0.000000000000e+00 -3.994245459323e+01 -9.469905743241e-01 
1.312556835772e-01 0.000000000000e+00 -3.994191988520e+01 -9.514250448456e-01 
1.318621401395e-01 0.000000000000e+00 -3.994138019263e+01 -9.558808330870e-01 
1.324713987866e-01 0.000000000000e+00 -3.994083546873e+01 -9.603580492565e-01 
1.330834724654e-01 0.000000000000e+00 -3.994028566631e+01 -9.648568042384e-01 
1.336983741825e-01 0.000000000000e+00 -3.993973073771e+01 -9.693772095991e-01 
1.343161170046e-01 0.000000000000e+00 -3.993917063480e+01 -9.739193775924e-01 
1.349367140588e-01 0.000000000000e+00 -3.993860530902e+01 -9.784834211655e-01 
1.355601785329e-01 0.000000000000e+00 -3.993803471134e+01 -9.830694539642e-01 
1.361865236756e-01 0.000000000000e+00 -3.993745879225e+01 -9.876775903394e-01 
1.368157627967e-01 0.000000000000e+00 -3.993687750179e+01 -9.923079453524e-01 
1.374479092678e-01 0.000000000000e+00 -3.993629078951e+01 -9.969606347809e-01 
1.380829765218e-01 0.000000000000e+00 -3.993569860449e+01 -1.001635775125e+00 
1.387209780542e-01 0.000000000000e+00 -3.993510089531e+01 -1.006333483615e+00 
1.393619274224e-01 0.000000000000e+00 -3.993449761008e+01 -1.011053878213e+00 
1.400058382468e-01 0.000000000000e+00 -3.993388869639e+01 -1.015797077625e+00 
1.406527242105e-01 0.000000000000e+00 -3.993327410136e+01 -1.020563201301e+00 
1.413025990600e-01 0.000000000000e+00 -3.993265377158e+01 -1.025352369449e+00 
1.419554766050e-01 0.000000000000e+00 -3.993202765315e+01 -1.030164703032e+00 
1.426113707194e-01 0.000000000000e+00 -3.993139569164e+01 -1.035000323784e+00 
1.432702953410e-01 0.000000000000e+00 -3.993075783212e+01 -1.039859354208e+00 
1.439322644719e-01 0.000000000000e+00 -3.993011401911e+01 -1.044741917590e+00 
1.445972921792e-01 0.000000000000e+00 -3.992946419662e+01 -1.049648138001e+00 
1.452653925947e-01 0.000000000000e+00 -3.992880830812e+01 -1.054578140304e+00 
1.459365799156e-01 0.000000000000e+00 -3.992814629654e+01 -1.059532050165e+00 
1.466108684047e-01 0.000000000000e+00 -3.992747810427e+01 -1.064509994055e+00 
1.472882723908e-01 0.000000000000e+00 -3.992680367314e+01 -1.069512099259e+00 
1.479688062686e-01 0.000000000000e+00 -3.992612294442e+01 -1.074538493884e+00 
1.486524844998e-01 0.000000000000e+00 -3.992543585884e+01 -1.079589306865e+00 
1.493393216124e-01 0.000000000000e+00 -3.992474235654e+01 -1.084664667973e+00 
1.500293322019e-01 0.000000000000e+00 -3.992404237710e+01 -1.089764707822e+00 
1.507225309311e-01 0.000000000000e+00 -3.992333585952e+01 -1.094889557877e+00 
1.514189325304e-01 0.000000000000e+00 -3.992262274221e+01 -1.100039350460e+00 
1.521185517986e-01 0.000000000000e+00 -3.992190296300e+01 -1.105214218759e+00 
1.528214036026e-01 0.000000000000e+00 -3.992117645911e+01 -1.110414296837e+00 
1.535275028780e-01 0.000000000000e+00 -3.992044316718e+01 -1.115639719637e+00 
1.542368646297e-01 0.000000000000e+00 -3.991970302322e+01 -1.120890622991e+00 
1.549495039315e-01 0.000000000000e+00 -3.991895596264e+01 -1.126167143628e+00 
1.556654359271e-01 0.000000000000e+00 -3.991820192023e+01 -1.131469419184e+00 
1.563846758302e-01 0.000000000000e+00 -3.991744083015e+01 -1.136797588208e+00 
1.571072389247e-01 0.000000000000e+00 -3.991667262592e+01 -1.142151790169e+00 
1.578331405652e-01 0.000000000000e+00 -3.991589724044e+01 -1.147532165469e+00 
1.585623961771e-01 0.000000000000e+00 -3.991511460596e+01 -1.152938855447e+00 
1.592950212572e-01 0.000000000000e+00 -3.991432465407e+01 -1.158372002390e+00 
1.600310313739e-01 0.000000000000e+00 -3.991352731571e+01 -1.163831749541e+00 
1.607704421674e-01 0.000000000000e+00 -3.991272252116e+01 -1.169318241108e+00 
1.615132693503e-01 0.000000000000e+00 -3.991191020001e+01 -1.174831622273e+00 
1.622595287078e-01 0.000000000000e+00 -3.991109028120e+01 -1.180372039201e+00 
1.630092360980e-01 0.000000000000e+00 -3.991026269296e+01 -1.185939639048e+00 
1.637624074522e-01 0.000000000000e+00 -3.990942736286e+01 -1.191534569974e+00 
1.645190587754e-01 0.000000000000e+00 -3.990858421774e+01 -1.197156981146e+00 
1.652792061465e-01 0.000000000000e+00 -3.990773318375e+01 -1.202807022755e+00 
1.660428657188e-01 0.000000000000e+00 -3.990687418634e+01 -1.208484846019e+00 
1.668100537200e-01 0.000000000000e+00 -3.990600715022e+01 -1.214190603196e+00 
1.675807864531e-01 0.000000000000e+00 -3.990513199937e+01 -1.219924447596e+00 
1.683550802961e-01 0.000000000000e+00 -3.990424865708e+01 -1.225686533585e+00 
1.691329517030e-01 0.000000000000e+00 -3.990335704585e+01 -1.231477016601e+00 
1.699144172035e-01 0.000000000000e+00 -3.990245708745e+01 -1.237296053160e+00 
1.706994934038e-01 0.000000000000e+00 -3.990154870290e+01 -1.243143800870e+00 
1.714881969871e-01 0.000000000000e+00 -3.990063181245e+01 -1.249020418437e+00 
1.722805447131e-01 0.000000000000e+00 -3.989970633558e+01 -1.254926065681e+00 
1.730765534196e-01 0.000000000000e+00 -3.989877219100e+01 -1.260860903542e+00 
1.738762400216e-01 0.000000000000e+00 -3.989782929663e+01 -1.266825094095e+00 
1.746796215127e-01 0.000000000000e+00 -3.989687756958e+01 -1.272818800556e+00 
1.754867149648e-01 0.000000000000e+00 -3.989591692617e+01 -1.278842187300e+00 
1.762975375287e-01 0.000000000000e+00 -3.989494728192e+01 -1.284895419864e+00 
1.771121064345e-01 0.000000000000e+00 -3.989396855152e+01 -1.290978664966e+00 
1.779304389919e-01 0.000000000000e+00 -3.989298064882e+01 -1.297092090513e+00 
1.787525525904e-01 0.000000000000e+00 -3.989198348686e+01 -1.303235865612e+00 
1.795784647002e-01 0.000000000000e+00 -3.989097697782e+01 -1.309410160585e+00 
1.804081928719e-01 0.000000000000e+00 -3.988996103304e+01 -1.315615146979e+00 
1.812417547374e-01 0.000000000000e+00 -3.988893556299e+01 -1.321850997577e+00 
1.820791680099e-01 0.000000000000e+00 -3.988790047727e+01 -1.328117886412e+00 
1.829204504846e-01 0.000000000000e+00 -3.988685568459e+01 -1.334415988782e+00 
1.837656200388e-01 0.000000000000e+00 -3.988580109281e+01 -1.340745481258e+00 
1.846146946325e-01 0.000000000000e+00 -3.988473660886e+01 -1.347106541699e+00 
1.854676923085e-01 0.000000000000e+00 -3.988366213878e+01 -1.353499349265e+00 
1.863246311932e-01 0.000000000000e+00 -3.988257758767e+01 -1.359924084431e+00 
1.871855294966e-01 0.000000000000e+00 -3.988148285975e+01 -1.366380929001e+00 
1.880504055129e-01 0.000000000000e+00 -3.988037785827e+01 -1.372870066117e+00 
1.889192776208e-01 0.000000000000e+00 -3.987926248555e+01 -1.379391680278e+00 
1.897921642839e-01 0.000000000000e+00 -3.987813664296e+01 -1.385945957352e+00 
1.906690840512e-01 0.000000000000e+00 -3.987700023090e+01 -1.392533084590e+00 
1.915500555574e-01 0.000000000000e+00 -3.987585314881e+01 -1.399153250640e+00 
1.924350975230e-01 0.000000000000e+00 -3.987469529513e+01 -1.405806645562e+00 
1.933242287555e-01 0.000000000000e+00 -3.987352656732e+01 -1.412493460842e+00 
1.942174681489e-01 0.000000000000e+00 -3.987234686184e+01 -1.419213889409e+00 
1.951148346847e-01 0.000000000000e+00 -3.987115607414e+01 -1.425968125646e+00 
1.960163474319e-01 0.000000000000e+00 -3.986995409862e+01 -1.432756365411e+00 
1.969220255479e-01 0.000000000000e+00 -3.986874082867e+01 -1.439578806047e+00 
1.978318882784e-01 0.000000000000e+00 -3.986751615665e+01 -1.446435646400e+00 
1.987459549581e-01 0.000000000000e+00 -3.986627997382e+01 -1.453327086837e+00 
1.996642450110e-01 0.000000000000e+00 -3.986503217043e+01 -1.460253329259e+00 
2.005867779508e-01 0.000000000000e+00 -3.986377263559e+01 -1.467214577117e+00 
2.015135733816e-01 0.000000000000e+00 -3.986250125739e+01 -1.474211035432e+00 
2.024446509977e-01 0.000000000000e+00 -3.986121792276e+01 -1.481242910810e+00 
2.033800305847e-01 0.000000000000e+00 -3.985992251755e+01 -1.488310411458e+00 
2.043197320195e-01 0.000000000000e+00 -3.985861492650e+01 -1.495413747201e+00 
2.052637752709e-01 0.000000000000e+00 -3.985729503318e+01 -1.502553129504e+00 
2.062121803999e-01 0.000000000000e+00 -3.985596272004e+01 -1.509728771484e+00 
2.071649675602e-01 0.000000000000e+00 -3.985461786837e+01 -1.516940887931e+00 
2.081221569986e-01 0.000000000000e+00 -3.985326035828e+01 -1.524189695326e+00 
2.090837690556e-01 0.000000000000e+00 -3.985189006871e+01 -1.531475411859e+00 
2.100498241654e-01 0.000000000000e+00 -3.985050687740e+01 -1.538798257449e+00 
2.110203428569e-01 0.000000000000e+00 -3.984911066088e+01 -1.546158453760e+00 
2.119953457536e-01 0.000000000000e+00 -3.984770129447e+01 -1.553556224225e+00 
2.129748535746e-01 0.000000000000e+00 -3.984627865225e+01 -1.560991794061e+00 
2.139588871343e-01 0.000000000000e+00 -3.984484260706e+01 -1.568465390291e+00 
2.149474673438e-01 0.000000000000e+00 -3.984339303048e+01 -1.575977241765e+00 
2.159406152104e-01 0.000000000000e+00 -3.984192979282e+01 -1.583527579179e+00 
2.169383518385e-01 0.000000000000e+00 -3.984045276311e+01 -1.591116635095e+00 
2.179406984303e-01 0.000000000000e+00 -3.983896180906e+01 -1.598744643964e+00 
2.189476762857e-01 0.000000000000e+00 -3.983745679711e+01 -1.606411842146e+00 
2.199593068030e-01 0.000000000000e+00 -3.983593759232e+01 -1.614118467932e+00 
2.209756114796e-01 0.000000000000e+00 -3.983440405847e+01 -1.621864761566e+00 
2.219966119120e-01 0.000000000000e+00 -3.983285605794e+01 -1.629650965267e+00 
2.230223297966e-01 0.000000000000e+00 -3.983129345176e+01 -1.637477323252e+00 
2.240527869300e-01 0.000000000000e+00 -3.982971609959e+01 -1.645344081757e+00 
2.250880052095e-01 0.000000000000e+00 -3.982812385966e+01 -1.653251489063e+00 
2.261280066337e-01 0.000000000000e+00 -3.982651658883e+01 -1.661199795519e+00 
2.271728133027e-01 0.000000000000e+00 -3.982489414249e+01 -1.669189253562e+00 
2.282224474187e-01 0.000000000000e+00 -3.982325637463e+01 -1.677220117749e+00 
2.292769312866e-01 0.000000000000e+00 -3.982160313775e+01 -1.685292644772e+00 
2.303362873142e-01 0.000000000000e+00 -3.981993428290e+01 -1.693407093492e+00 
2.314005380131e-01 0.000000000000e+00 -3.981824965962e+01 -1.701563724957e+00 
2.324697059986e-01 0.000000000000e+00 -3.981654911596e+01 -1.709762802432e+00 
2.335438139906e-01 0.000000000000e+00 -3.981483249845e+01 -1.718004591424e+00 
2.346228848142e-01 0.000000000000e+00 -3.981309965208e+01 -1.726289359709e+00 
2.357069413997e-01 0.000000000000e+00 -3.981135042028e+01 -1.734617377357e+00 
2.367960067833e-01 0.000000000000e+00 -3.980958464493e+01 -1.742988916760e+00 
2.378901041079e-01 0.000000000000e+00 -3.980780216629e+01 -1.751404252662e+00 
2.389892566231e-01 0.000000000000e+00 -3.980600282305e+01 -1.759863662182e+00 
2.400934876861e-01 0.000000000000e+00 -3.980418645227e+01 -1.768367424849e+00 
2.412028207618e-01 0.000000000000e+00 -3.980235288935e+01 -1.776915822625e+00 
2.423172794238e-01 0.000000000000e+00 -3.980050196806e+01 -1.785509139937e+00 
2.434368873543e-01 0.000000000000e+00 -3.979863352049e+01 -1.794147663707e+00 
2.445616683452e-01 0.000000000000e+00 -3.979674737702e+01 -1.802831683380e+00 
2.456916462983e-01 0.000000000000e+00 -3.979484336635e+01 -1.811561490960e+00 
2.468268452256e-01 0.000000000000e+00 -3.979292131542e+01 -1.820337381033e+00 
2.479672892502e-01 0.000000000000e+00 -3.979098104944e+01 -1.829159650807e+00 
2.491130026068e-01 0.000000000000e+00 -3.978902239184e+01 -1.838028600136e+00 
2.502640096418e-01 0.000000000000e+00 -3.978704516429e+01 -1.846944531561e+00 
2.514203348143e-01 0.000000000000e+00 -3.978504918663e+01 -1.855907750336e+00 
2.525820026963e-01 0.000000000000e+00 -3.978303427687e+01 -1.864918564464e+00 
2.537490379734e-01 0.000000000000e+00 -3.978100025119e+01 -1.873977284733e+00 
2.549214654451e-01 0.000000000000e+00 -3.977894692391e+01 -1.883084224749e+00 
2.560993100258e-01 0.000000000000e+00 -3.977687410744e+01 -1.892239700970e+00 
2.572825967448e-01 0.000000000000e+00 -3.977478161231e+01 -1.901444032743e+00 
2.584713507470e-01 0.000000000000e+00 -3.977266924709e+01 -1.910697542340e+00 
2.596655972935e-01 0.000000000000e+00 -3.977053681843e+01 -1.920000554997e+00 
2.608653617623e-01 0.000000000000e+00 -3.976838413100e+01 -1.929353398946e+00 
2.620706696484e-01 0.000000000000e+00 -3.976621098748e+01 -1.938756405458e+00 
2.632815465648e-01 0.000000000000e+00 -3.976401718852e+01 -1.948209908880e+00 
2.644980182428e-01 0.000000000000e+00 -3.976180253274e+01 -1.957714246673e+00 
2.657201105325e-01 0.000000000000e+00 -3.975956681672e+01 -1.967269759452e+00 
2.669478494034e-01 0.000000000000e+00 -3.975730983494e+01 -1.976876791030e+00 
2.681812609453e-01 0.000000000000e+00 -3.975503137977e+01 -1.986535688454e+00 
2.694203713682e-01 0.000000000000e+00 -3.975273124146e+01 -1.996246802048e+00 
2.706652070033e-01 0.000000000000e+00 -3.975040920811e+01 -2.006010485457e+00 
2.719157943036e-01 0.000000000000e+00 -3.974806506563e+01 -2.015827095690e+00 
2.731721598441e-01 0.000000000000e+00 -3.974569859774e+01 -2.025696993162e+00 
2.744343303228e-01 0.000000000000e+00 -3.974330958594e+01 -2.035620541739e+00 
2.757023325610e-01 0.000000000000e+00 -3.974089780945e+01 -2.045598108785e+00 
2.769761935037e-01 0.000000000000e+00 -3.973846304525e+01 -2.055630065203e+00 
2.782559402207e-01 0.000000000000e+00 -3.973600506800e+01 -2.065716785488e+00 
2.795415999068e-01 0.000000000000e+00 -3.973352365002e+01 -2.075858647769e+00 
2.808331998823e-01 0.000000000000e+00 -3.973101856131e+01 -2.086056033861e+00 
2.821307675939e-01 0.000000000000e+00 -3.972848956945e+01 -2.096309329311e+00 
2.834343306151e-01 0.000000000000e+00 -3.972593643964e+01 -2.106618923447e+00 
2.847439166467e-01 0.000000000000e+00 -3.972335893463e+01 -2.116985209434e+00 
2.860595535176e-01 0.000000000000e+00 -3.972075681472e+01 -2.127408584319e+00 
2.873812691851e-01 0.000000000000e+00 -3.971812983769e+01 -2.137889449085e+00 
2.887090917359e-01 0.000000000000e+00 -3.971547775885e+01 -2.148428208706e+00 
2.900430493864e-01 0.000000000000e+00 -3.971280033091e+01 -2.159025272200e+00 
2.913831704833e-01 0.000000000000e+00 -3.971009730403e+01 -2.169681052682e+00 
2.927294835043e-01 0.000000000000e+00 -3.970736842576e+01 -2.180395967420e+00 
2.940820170587e-01 0.000000000000e+00 -3.970461344101e+01 -2.191170437896e+00 
2.954407998880e-01 0.000000000000e+00 -3.970183209203e+01 -2.202004889856e+00 
2.968058608666e-01 0.000000000000e+00 -3.969902411835e+01 -2.212899753375e+00 
2.981772290020e-01 0.000000000000e+00 -3.969618925679e+01 -2.223855462913e+00 
2.995549334360e-01 0.000000000000e+00 -3.969332724140e+01 -2.234872457377e+00 
3.009390034450e-01 0.000000000000e+00 -3.969043780345e+01 -2.245951180180e+00 
3.023294684406e-01 0.000000000000e+00 -3.968752067137e+01 -2.257092079308e+00 
3.037263579703e-01 0.000000000000e+00 -3.968457557074e+01 -2.268295607380e+00 
3.051297017183e-01 0.000000000000e+00 -3.968160222423e+01 -2.279562221711e+00 
3.065395295057e-01 0.000000000000e+00 -3.967860035161e+01 -2.290892384385e+00 
3.079558712914e-01 0.000000000000e+00 -3.967556966968e+01 -2.302286562313e+00 
3.093787571730e-01 0.000000000000e+00 -3.967250989224e+01 -2.313745227307e+00 
3.108082173869e-01 0.000000000000e+00 -3.966942073007e+01 -2.325268856146e+00 
3.122442823093e-01 0.000000000000e+00 -3.966630189087e+01 -2.336857930650e+00 
3.136869824567e-01 0.000000000000e+00 -3.966315307924e+01 -2.348512937747e+00 
3.151363484866e-01 0.000000000000e+00 -3.965997399667e+01 -2.360234369548e+00 
3.165924111984e-01 0.000000000000e+00 -3.965676434143e+01 -2.372022723422e+00 
3.180552015333e-01 0.000000000000e+00 -3.965352380862e+01 -2.383878502069e+00 
3.195247505759e-01 0.000000000000e+00 -3.965025209005e+01 -2.395802213598e+00 
3.210010895543e-01 0.000000000000e+00 -3.964694887428e+01 -2.407794371606e+00 
3.224842498408e-01 0.000000000000e+00 -3.964361384650e+01 -2.419855495254e+00 
3.239742629528e-01 0.000000000000e+00 -3.964024668856e+01 -2.431986109353e+00 
3.254711605532e-01 0.000000000000e+00 -3.963684707888e+01 -2.444186744439e+00 
3.269749744512e-01 0.000000000000e+00 -3.963341469246e+01 -2.456457936863e+00 
3.284857366030e-01 0.000000000000e+00 -3.962994920076e+01 -2.468800228874e+00 
3.300034791125e-01 0.000000000000e+00 -3.962645027176e+01 -2.481214168702e+00 
3.315282342319e-01 0.000000000000e+00 -3.962291756983e+01 -2.493700310652e+00 
3.330600343625e-01 0.000000000000e+00 -3.961935075572e+01 -2.506259215191e+00 
3.345989120550e-01 0.000000000000e+00 -3.961574948654e+01 -2.518891449035e+00 
3.361449000109e-01 0.000000000000e+00 -3.961211341565e+01 -2.531597585251e+00 
3.376980310825e-01 0.000000000000e+00 -3.960844219271e+01 -2.544378203342e+00 
3.392583382741e-01 0.000000000000e+00 -3.960473546353e+01 -2.557233889352e+00 
3.408258547423e-01 0.000000000000e+00 -3.960099287012e+01 -2.570165235955e+00 
3.424006137971e-01 0.000000000000e+00 -3.959721405055e+01 -2.583172842562e+00 
3.439826489023e-01 0.000000000000e+00 -3.959339863898e+01 -2.596257315420e+00 
3.455719936762e-01 0.000000000000e+00 -3.958954626558e+01 -2.609419267714e+00 
3.471686818927e-01 0.000000000000e+00 -3.958565655648e+01 -2.622659319674e+00 
3.487727474814e-01 0.000000000000e+00 -3.958172913371e+01 -2.635978098683e+00 
3.503842245291e-01 0.000000000000e+00 -3.957776361516e+01 -2.649376239382e+00 
3.520031472797e-01 0.000000000000e+00 -3.957375961455e+01 -2.662854383787e+00 
3.536295501355e-01 0.000000000000e+00 -3.956971674134e+01 -2.676413181397e+00 
3.552634676578e-01 0.000000000000e+00 -3.956563460070e+01 -2.690053289314e+00 
3.569049345675e-01 0.000000000000e+00 -3.956151279346e+01 -2.703775372355e+00 
3.585539857460e-01 0.000000000000e+00 -3.955735091602e+01 -2.717580103178e+00 
3.602106562357e-01 0.000000000000e+00 -3.955314856034e+01 -2.731468162399e+00 
3.618749812411e-01 0.000000000000e+00 -3.954890531388e+01 -2.745440238716e+00 
3.635469961293e-01 0.000000000000e+00 -3.954462075949e+01 -2.759497029040e+00 
3.652267364308e-01 0.000000000000e+00 -3.954029447542e+01 -2.773639238619e+00 
3.669142378402e-01 0.000000000000e+00 -3.953592603522e+01 -2.787867581173e+00 
3.686095362172e-01 0.000000000000e+00 -3.953151500770e+01 -2.802182779025e+00 
3.703126675870e-01 0.000000000000e+00 -3.952706095685e+01 -2.816585563238e+00 
3.720236681413e-01 0.000000000000e+00 -3.952256344179e+01 -2.831076673754e+00 
3.737425742391e-01 0.000000000000e+00 -3.951802201671e+01 -2.845656859539e+00 
3.754694224073e-01 0.000000000000e+00 -3.951343623083e+01 -2.860326878719e+00 
3.772042493417e-01 0.000000000000e+00 -3.950880562826e+01 -2.875087498736e+00 
3.789470919075e-01 0.000000000000e+00 -3.950412974803e+01 -2.889939496492e+00 
3.806979871402e-01 0.000000000000e+00 -3.949940812395e+01 -2.904883658505e+00 
3.824569722467e-01 0.000000000000e+00 -3.949464028459e+01 -2.919920781062e+00 
3.842240846055e-01 0.000000000000e+00 -3.948982575318e+01 -2.935051670380e+00 
3.859993617680e-01 0.000000000000e+00 -3.948496404756e+01 -2.950277142767e+00 
3.877828414589e-01 0.000000000000e+00 -3.948005468010e+01 -2.965598024786e+00 
3.895745615776e-01 0.000000000000e+00 -3.947509715763e+01 -2.981015153425e+00 
3.913745601980e-01 0.000000000000e+00 -3.947009098139e+01 -2.996529376267e+00 
3.931828755706e-01 0.000000000000e+00 -3.946503564690e+01 -3.012141551666e+00 
3.949995461221e-01 0.000000000000e+00 -3.945993064395e+01 -3.027852548926e+00 
3.968246104569e-01 0.000000000000e+00 -3.945477545648e+01 -3.043663248479e+00 
3.986581073580e-01 0.000000000000e+00 -3.944956956251e+01 -3.059574542077e+00 
4.005000757874e-01 0.000000000000e+00 -3.944431243409e+01 -3.075587332975e+00 
4.023505548869e-01 0.000000000000e+00 -3.943900353718e+01 -3.091702536127e+00 
4.042095839796e-01 0.000000000000e+00 -3.943364233160e+01 -3.107921078383e+00 
4.060772025700e-01 0.000000000000e+00 -3.942822827092e+01 -3.124243898690e+00 
4.079534503452e-01 0.000000000000e+00 -3.942276080240e+01 -3.140671948296e+00 
4.098383671757e-01 0.000000000000e+00 -3.941723936689e+01 -3.157206190959e+00 
4.117319931162e-01 0.000000000000e+00 -3.941166339877e+01 -3.173847603161e+00 
4.136343684063e-01 0.000000000000e+00 -3.940603232581e+01 -3.190597174326e+00 
4.155455334719e-01 0.000000000000e+00 -3.940034556914e+01 -3.207455907042e+00 
4.174655289253e-01 0.000000000000e+00 -3.939460254311e+01 -3.224424817285e+00 
4.193943955667e-01 0.000000000000e+00 -3.938880265523e+01 -3.241504934656e+00 
4.213321743847e-01 0.000000000000e+00 -3.938294530607e+01 -3.258697302612e+00 
4.232789065574e-01 0.000000000000e+00 -3.937702988915e+01 -3.276002978710e+00 
4.252346334529e-01 0.000000000000e+00 -3.937105579085e+01 -3.293423034852e+00 
4.271993966307e-01 0.000000000000e+00 -3.936502239033e+01 -3.310958557536e+00 
4.291732378422e-01 0.000000000000e+00 -3.935892905940e+01 -3.328610648114e+00 
4.311561990318e-01 0.000000000000e+00 -3.935277516244e+01 -3.346380423052e+00 
4.331483223376e-01 0.000000000000e+00 -3.934656005627e+01 -3.364269014199e+00 
4.351496500925e-01 0.000000000000e+00 -3.934028309010e+01 -3.382277569058e+00 
4.371602248249e-01 0.000000000000e+00 -3.933394360536e+01 -3.400407251068e+00 
4.391800892596e-01 0.000000000000e+00 -3.932754093561e+01 -3.418659239885e+00 
4.412092863191e-01 0.000000000000e+00 -3.932107440645e+01 -3.437034731678e+00 
4.432478591240e-01 0.000000000000e+00 -3.931454333540e+01 -3.455534939420e+00 
4.452958509943e-01 0.000000000000e+00 -3.930794703176e+01 -3.474161093196e+00 
4.473533054498e-01 0.000000000000e+00 -3.930128479653e+01 -3.492914440513e+00 
4.494202662119e-01 0.000000000000e+00 -3.929455592227e+01 -3.511796246614e+00 
4.514967772036e-01 0.000000000000e+00 -3.928775969297e+01 -3.530807794804e+00 
4.535828825510e-01 0.000000000000e+00 -3.928089538394e+01 -3.549950386780e+00 
4.556786265841e-01 0.000000000000e+00 -3.927396226171e+01 -3.569225342968e+00 
4.577840538377e-01 0.000000000000e+00 -3.926695958386e+01 -3.588634002871e+00 
4.598992090522e-01 0.000000000000e+00 -3.925988659890e+01 -3.608177725421e+00 
4.620241371751e-01 0.000000000000e+00 -3.925274254616e+01 -3.627857889338e+00 
4.641588833613e-01 0.000000000000e+00 -3.924552665565e+01 -3.647675893501e+00 
4.663034929743e-01 0.000000000000e+00 -3.923823814789e+01 -3.667633157324e+00 
4.684580115873e-01 0.000000000000e+00 -3.923087623382e+01 -3.687731121143e+00 
4.706224849841e-01 0.000000000000e+00 -3.922344011463e+01 -3.707971246608e+00 
4.727969591600e-01 0.000000000000e+00 -3.921592898162e+01 -3.728355017088e+00 
4.749814803229e-01 0.000000000000e+00 -3.920834201607e+01 -3.748883938082e+00 
4.771760948939e-01 0.000000000000e+00 -3.920067838905e+01 -3.769559537641e+00 
4.793808495089e-01 0.000000000000e+00 -3.919293726132e+01 -3.790383366799e+00 
4.815957910192e-01 0.000000000000e+00 -3.918511778313e+01 -3.811357000013e+00 
4.838209664926e-01 0.000000000000e+00 -3.917721909411e+01 -3.832482035617e+00 
4.860564232142e-01 0.000000000000e+00 -3.916924032305e+01 -3.853760096280e+00 
4.883022086878e-01 0.000000000000e+00 -3.916118058781e+01 -3.875192829480e+00 
4.905583706365e-01 0.000000000000e+00 -3.915303899506e+01 -3.896781907985e+00 
4.928249570041e-01 0.000000000000e+00 -3.914481464022e+01 -3.918529030353e+00 
4.951020159556e-01 0.000000000000e+00 -3.913650660719e+01 -3.940435921430e+00 
4.973895958790e-01 0.000000000000e+00 -3.912811396824e+01 -3.962504332872e+00 
4.996877453855e-01 0.000000000000e+00 -3.911963578380e+01 -3.984736043676e+00 
5.019965133110e-01 0.000000000000e+00 -3.911107110228e+01 -4.007132860719e+00 
5.043159487171e-01 0.000000000000e+00 -3.910241895990e+01 -4.029696619316e+00 
5.066461008921e-01 0.000000000000e+00 -3.909367838046e+01 -4.052429183788e+00 
5.089870193520e-01 0.000000000000e+00 -3.908484837523e+01 -4.075332448043e+00 
5.113387538414e-01 0.000000000000e+00 -3.907592794264e+01 -4.098408336172e+00 
5.137013543351e-01 0.000000000000e+00 -3.906691606819e+01 -4.121658803060e+00 
5.160748710386e-01 0.000000000000e+00 -3.905781172416e+01 -4.145085835012e+00 
5.184593543893e-01 0.000000000000e+00 -3.904861386945e+01 -4.168691450393e+00 
5.208548550578e-01 0.000000000000e+00 -3.903932144936e+01 -4.192477700281e+00 
5.232614239487e-01 0.000000000000e+00 -3.902993339536e+01 -4.216446669143e+00 
5.256791122018e-01 0.000000000000e+00 -3.902044862488e+01 -4.240600475522e+00 
5.281079711934e-01 0.000000000000e+00 -3.901086604109e+01 -4.264941272741e+00 
5.305480525370e-01 0.000000000000e+00 -3.900118453265e+01 -4.289471249627e+00 
5.329994080844e-01 0.000000000000e+00 -3.899140297350e+01 -4.314192631252e+00 
5.354620899274e-01 0.000000000000e+00 -3.898152022261e+01 -4.339107679693e+00 
5.379361503981e-01 0.000000000000e+00 -3.897153512373e+01 -4.364218694808e+00 
5.404216420706e-01 0.000000000000e+00 -3.896144650516e+01 -4.389528015037e+00 
5.429186177619e-01 0.000000000000e+00 -3.895125317949e+01 -4.415038018216e+00 
5.454271305330e-01 0.000000000000e+00 -3.894095394331e+01 -4.440751122420e+00 
5.479472336900e-01 0.000000000000e+00 -3.893054757701e+01 -4.466669786820e+00 
5.504789807855e-01 0.000000000000e+00 -3.892003284446e+01 -4.492796512569e+00 
5.530224256193e-01 0.000000000000e+00 -3.890940849274e+01 -4.519133843700e+00 
5.555776222399e-01 0.000000000000e+00 -3.889867325190e+01 -4.545684368062e+00 
5.581446249455e-01 0.000000000000e+00 -3.888782583462e+01 -4.572450718265e+00 
5.607234882852e-01 0.000000000000e+00 -3.887686493595e+01 -4.599435572663e+00 
5.633142670601e-01 0.000000000000e+00 -3.886578923303e+01 -4.626641656352e+00 
5.659170163246e-01 0.000000000000e+00 -3.885459738473e+01 -4.654071742200e+00 
5.685317913874e-01 0.000000000000e+00 -3.884328803138e+01 -4.681728651903e+00 
5.711586478126e-01 0.000000000000e+00 -3.883185979448e+01 -4.709615257068e+00 
5.737976414214e-01 0.000000000000e+00 -3.882031127629e+01 -4.737734480327e+00 
5.764488282926e-01 0.000000000000e+00 -3.880864105959e+01 -4.766089296474e+00 
5.791122647642e-01 0.000000000000e+00 -3.879684770730e+01 -4.794682733646e+00 
5.817880074345e-01 0.000000000000e+00 -3.878492976213e+01 -4.823517874518e+00 
5.844761131634e-01 0.000000000000e+00 -3.877288574625e+01 -4.852597857546e+00 
5.871766390733e-01 0.000000000000e+00 -3.876071416091e+01 -4.881925878234e+00 
5.898896425508e-01 0.000000000000e+00 -3.874841348610e+01 -4.911505190441e+00 
5.926151812476e-01 0.000000000000e+00 -3.873598218014e+01 -4.941339107719e+00 
5.953533130814e-01 0.000000000000e+00 -3.872341867933e+01 -4.971431004690e+00 
5.981040962381e-01 0.000000000000e+00 -3.871072139754e+01 -5.001784318465e+00 
6.008675891720e-01 0.000000000000e+00 -3.869788872581e+01 -5.032402550096e+00 
6.036438506076e-01 0.000000000000e+00 -3.868491903195e+01 -5.063289266069e+00 
6.064329395408e-01 0.000000000000e+00 -3.867181066011e+01 -5.094448099846e+00 
6.092349152401e-01 0.000000000000e+00 -3.865856193036e+01 -5.125882753440e+00 
6.120498372477e-01 0.000000000000e+00 -3.864517113827e+01 -5.157596999043e+00 
6.148777653810e-01 0.000000000000e+00 -3.863163655444e+01 -5.189594680694e+00 
6.177187597338e-01 0.000000000000e+00 -3.861795642403e+01 -5.221879716002e+00 
6.205728806777e-01 0.000000000000e+00 -3.860412896634e+01 -5.254456097908e+00 
6.234401888628e-01 0.000000000000e+00 -3.859015237430e+01 -5.287327896505e+00 
6.263207452199e-01 0.000000000000e+00 -3.857602481398e+01 -5.320499260914e+00 
6.292146109610e-01 0.000000000000e+00 -3.856174442410e+01 -5.353974421200e+00 
6.321218475812e-01 0.000000000000e+00 -3.854730931553e+01 -5.387757690363e+00 
6.350425168596e-01 0.000000000000e+00 -3.853271757076e+01 -5.421853466368e+00 
6.379766808606e-01 0.000000000000e+00 -3.851796724332e+01 -5.456266234253e+00 
6.409244019356e-01 0.000000000000e+00 -3.850305635733e+01 -5.491000568285e+00 
6.438857427240e-01 0.000000000000e+00 -3.848798290685e+01 -5.526061134188e+00 
6.468607661546e-01 0.000000000000e+00 -3.847274485535e+01 -5.561452691434e+00 
6.498495354470e-01 0.000000000000e+00 -3.845734013511e+01 -5.597180095606e+00 
6.528521141128e-01 0.000000000000e+00 -3.844176664662e+01 -5.633248300827e+00 
6.558685659571e-01 0.000000000000e+00 -3.842602225800e+01 -5.669662362269e+00 
6.588989550800e-01 0.000000000000e+00 -3.841010480430e+01 -5.706427438735e+00 
6.619433458774e-01 0.000000000000e+00 -3.839401208693e+01 -5.743548795317e+00 
6.650018030431e-01 0.000000000000e+00 -3.837774187294e+01 -5.781031806142e+00 
6.680743915696e-01 0.000000000000e+00 -3.836129189439e+01 -5.818881957200e+00 
6.711611767496e-01 0.000000000000e+00 -3.834465984763e+01 -5.857104849258e+00 
6.742622241778e-01 0.000000000000e+00 -3.832784339260e+01 -5.895706200866e+00 
6.773775997518e-01 0.000000000000e+00 -3.831084015210e+01 -5.934691851460e+00 
6.805073696735e-01 0.000000000000e+00 -3.829364771107e+01 -5.974067764559e+00 
6.836516004510e-01 0.000000000000e+00 -3.827626361578e+01 -6.013840031068e+00 
6.868103588995e-01 0.000000000000e+00 -3.825868537310e+01 -6.054014872677e+00 
6.899837121430e-01 0.000000000000e+00 -3.824091044965e+01 -6.094598645382e+00 
6.931717276155e-01 0.000000000000e+00 -3.822293627103e+01 -6.135597843108e+00 
6.963744730628e-01 0.000000000000e+00 -3.820476022093e+01 -6.177019101453e+00 
6.995920165435e-01 0.000000000000e+00 -3.818637964030e+01 -6.218869201558e+00 
7.028244264308e-01 0.000000000000e+00 -3.816779182646e+01 -6.261155074096e+00 
7.060717714138e-01 0.000000000000e+00 -3.814899403219e+01 -6.303883803398e+00 
7.093341204988e-01 0.000000000000e+00 -3.812998346477e+01 -6.347062631712e+00 
7.126115430112e-01 0.000000000000e+00 -3.811075728510e+01 -6.390698963602e+00 
7.159041085965e-01 0.000000000000e+00 -3.809131260664e+01 -6.434800370502e+00 
7.192118872221e-01 0.000000000000e+00 -3.807164649446e+01 -6.479374595411e+00 
7.225349491787e-01 0.000000000000e+00 -3.805175596417e+01 -6.524429557758e+00 
7.258733650817e-01 0.000000000000e+00 -3.803163798092e+01 -6.569973358420e+00 
7.292272058728e-01 0.000000000000e+00 -3.801128945824e+01 -6.616014284925e+00 
7.325965428215e-01 0.000000000000e+00 -3.799070725699e+01 -6.662560816819e+00 
7.359814475266e-01 0.000000000000e+00 -3.796988818419e+01 -6.709621631232e+00 
7.393819919176e-01 0.000000000000e+00 -3.794882899185e+01 -6.757205608623e+00 
7.427982482565e-01 0.000000000000e+00 -3.792752637577e+01 -6.805321838739e+00 
7.462302891391e-01 0.000000000000e+00 -3.790597697429e+01 -6.853979626771e+00 
7.496781874967e-01 0.000000000000e+00 -3.788417736702e+01 -6.903188499736e+00 
7.531420165974e-01 0.000000000000e+00 -3.786212407358e+01 -6.952958213082e+00 
7.566218500481e-01 0.000000000000e+00 -3.783981355219e+01 -7.003298757524e+00 
7.601177617955e-01 0.000000000000e+00 -3.781724219833e+01 -7.054220366134e+00 
7.636298261282e-01 0.000000000000e+00 -3.779440634336e+01 -7.105733521678e+00 
7.671581176779e-01 0.000000000000e+00 -3.777130225298e+01 -7.157848964227e+00 
7.707027114212e-01 0.000000000000e+00 -3.774792612584e+01 -7.210577699040e+00 
7.742636826811e-01 0.000000000000e+00 -3.772427409190e+01 -7.263931004737e+00 
7.778411071286e-01 0.000000000000e+00 -3.770034221095e+01 -7.317920441776e+00 
7.814350607845e-01 0.000000000000e+00 -3.767612647092e+01 -7.372557861244e+00 
7.850456200205e-01 0.000000000000e+00 -3.765162278625e+01 -7.427855413975e+00 
7.886728615614e-01 0.000000000000e+00 -3.762682699614e+01 -7.483825560010e+00 
7.923168624866e-01 0.000000000000e+00 -3.760173486284e+01 -7.540481078418e+00 
7.959777002315e-01 0.000000000000e+00 -3.757634206979e+01 -7.597835077488e+00 
7.996554525892e-01 0.000000000000e+00 -3.755064421976e+01 -7.655901005309e+00 
8.033501977125e-01 0.000000000000e+00 -3.752463683295e+01 -7.714692660761e+00 
8.070620141150e-01 0.000000000000e+00 -3.749831534503e+01 -7.774224204927e+00 
8.107909806732e-01 0.000000000000e+00 -3.747167510506e+01 -7.834510172958e+00 
8.145371766281e-01 0.000000000000e+00 -3.744471137344e+01 -7.895565486387e+00 
8.183006815867e-01 0.000000000000e+00 -3.741741931974e+01 -7.957405465949e+00 
8.220815755241e-01 0.000000000000e+00 -3.738979402049e+01 -8.020045844893e+00 
8.258799387844e-01 0.000000000000e+00 -3.736183045690e+01 -8.083502782833e+00 
8.296958520835e-01 0.000000000000e+00 -3.733352351253e+01 -8.147792880154e+00 
8.335293965098e-01 0.000000000000e+00 -3.730486797084e+01 -8.212933193003e+00 
8.373806535266e-01 0.000000000000e+00 -3.727585851274e+01 -8.278941248883e+00 
8.412497049736e-01 0.000000000000e+00 -3.724648971398e+01 -8.345835062895e+00 
8.451366330685e-01 0.000000000000e+00 -3.721675604256e+01 -8.413633154642e+00 
8.490415204089e-01 0.000000000000e+00 -3.718665185598e+01 -8.482354565835e+00 
8.529644499741e-01 0.000000000000e+00 -3.715617139844e+01 -8.552018878638e+00 
8.569055051268e-01 0.000000000000e+00 -3.712530879797e+01 -8.622646234781e+00 
8.608647696149e-01 0.000000000000e+00 -3.709405806345e+01 -8.694257355480e+00 
8.648423275732e-01 0.000000000000e+00 -3.706241308153e+01 -8.766873562208e+00 
8.688382635251e-01 0.000000000000e+00 -3.703036761347e+01 -8.840516798352e+00 
8.728526623848e-01 0.000000000000e+00 -3.699791529192e+01 -8.915209651814e+00 
8.768856094587e-01 0.000000000000e+00 -3.696504961753e+01 -8.990975378577e+00 
8.809371904474e-01 0.000000000000e+00 -3.693176395550e+01 -9.067837927316e+00 
8.850074914473e-01 0.000000000000e+00 -3.689805153198e+01 -9.145821965090e+00 
8.890965989529e-01 0.000000000000e+00 -3.686390543048e+01 -9.224952904162e+00 
8.932045998581e-01 0.000000000000e+00 -3.682931858795e+01 -9.305256930028e+00 
8.973315814584e-01 0.000000000000e+00 -3.679428379099e+01 -9.386761030701e+00 
9.014776314525e-01 0.000000000000e+00 -3.675879367174e+01 -9.469493027316e+00 
9.056428379445e-01 0.000000000000e+00 -3.672284070372e+01 -9.553481606136e+00 
9.098272894456e-01 0.000000000000e+00 -3.668641719758e+01 -9.638756352018e+00 
9.140310748756e-01 0.000000000000e+00 -3.664951529664e+01 -9.725347783431e+00 
9.182542835656e-01 0.000000000000e+00 -3.661212697232e+01 -9.813287389104e+00 
9.224970052592e-01 0.000000000000e+00 -3.657424401945e+01 -9.902607666379e+00 
9.267593301147e-01 0.000000000000e+00 -3.653585805138e+01 -9.993342161392e+00 
9.310413487069e-01 0.000000000000e+00 -3.649696049498e+01 -1.008552551115e+01 
9.353431520292e-01 0.000000000000e+00 -3.645754258548e+01 -1.017919348761e+01 
9.396648314955e-01 0.000000000000e+00 -3.641759536108e+01 -1.027438304394e+01 
9.440064789418e-01 0.000000000000e+00 -3.637710965749e+01 -1.037113236292e+01 
9.483681866286e-01 0.000000000000e+00 -3.633607610225e+01 -1.046948090783e+01 
9.527500472427e-01 0.000000000000e+00 -3.629448510879e+01 -1.056946947578e+01 
9.571521538992e-01 0.000000000000e+00 -3.625232687049e+01 -1.067114025365e+01 
9.615746001432e-01 0.000000000000e+00 -3.620959135435e+01 -1.077453687695e+01 
9.660174799523e-01 0.000000000000e+00 -3.616626829458e+01 -1.087970449150e+01 
9.704808877380e-01 0.000000000000e+00 -3.612234718598e+01 -1.098668981833e+01 
9.749649183484e-01 0.000000000000e+00 -3.607781727707e+01 -1.109554122190e+01 
9.794696670695e-01 0.000000000000e+00 -3.603266756300e+01 -1.120630878178e+01 
9.839952296278e-01 0.000000000000e+00 -3.598688677831e+01 -1.131904436808e+01 
9.885417021920e-01 0.000000000000e+00 -3.594046338942e+01 -1.143380172086e+01 
9.931091813750e-01 0.000000000000e+00 -3.589338558684e+01 -1.155063653365e+01 
9.976977642363e-01 0.000000000000e+00 -3.584564127723e+01 -1.166960654145e+01 
1.002307548284e+00 0.000000000000e+00 -3.579721807520e+01 -1.179077161347e+01 
1.006938631476e+00 0.000000000000e+00 -3.574810329478e+01 -1.191419385080e+01 
1.011591112224e+00 0.000000000000e+00 -3.569828394078e+01 -1.203993768941e+01 
1.016265089393e+00 0.000000000000e+00 -3.564774669973e+01 -1.216807000883e+01 
1.020960662306e+00 0.000000000000e+00 -3.559647793075e+01 -1.229866024680e+01 
1.025677930744e+00 0.000000000000e+00 -3.554446365595e+01 -1.243178052025e+01 
1.030416994951e+00 0.000000000000e+00 -3.549168955077e+01 -1.256750575318e+01 
1.035177955630e+00 0.000000000000e+00 -3.543814093386e+01 -1.270591381160e+01 
1.039960913954e+00 0.000000000000e+00 -3.538380275687e+01 -1.284708564631e+01 
1.044765971561e+00 0.000000000000e+00 -3.532865959383e+01 -1.299110544379e+01 
1.049593230558e+00 0.000000000000e+00 -3.527269563035e+01 -1.313806078580e+01 
1.054442793526e+00 0.000000000000e+00 -3.521589465254e+01 -1.328804281836e+01 
1.059314763518e+00 0.000000000000e+00 -3.515824003566e+01 -1.344114643056e+01 
1.064209244065e+00 0.000000000000e+00 -3.509971473252e+01 -1.359747044406e+01 
1.069126339173e+00 0.000000000000e+00 -3.504030126166e+01 -1.375711781381e+01 
1.074066153333e+00 0.000000000000e+00 -3.497998169531e+01 -1.392019584089e+01 
1.079028791516e+00 0.000000000000e+00 -3.491873764711e+01 -1.408681639825e+01 
1.084014359178e+00 0.000000000000e+00 -3.485655025964e+01 -1.425709617026e+01 
1.089022962264e+00 0.000000000000e+00 -3.479340019186e+01 -1.443115690692e+01 
1.094054707206e+00 0.000000000000e+00 -3.472926760628e+01 -1.460912569398e+01 
1.099109700929e+00 0.000000000000e+00 -3.466413215617e+01 -1.479113523985e+01 
1.104188050854e+00 0.000000000000e+00 -3.459797297261e+01 -1.497732418063e+01 
1.109289864895e+00 0.000000000000e+00 -3.453076865157e+01 -1.516783740451e+01 
1.114415251467e+00 0.000000000000e+00 -3.446249724107e+01 -1.536282639694e+01 
1.119564319484e+00 0.000000000000e+00 -3.439313622838e+01 -1.556244960803e+01 
1.124737178365e+00 0.000000000000e+00 -3.432266252747e+01 -1.576687284378e+01 
1.129933938033e+00 0.000000000000e+00 -3.425105246676e+01 -1.597626968303e+01 
1.135154708921e+00 0.000000000000e+00 -3.417828177722e+01 -1.619082192175e+01 
1.140399601970e+00 0.000000000000e+00 -3.410432558099e+01 -1.641072004691e+01 
1.145668728635e+00 0.000000000000e+00 -3.402915838075e+01 -1.663616374199e+01 
1.150962200885e+00 0.000000000000e+00 -3.395275404977e+01 -1.686736242650e+01 
1.156280131207e+00 0.000000000000e+00 -3.387508582311e+01 -1.710453583211e+01 
1.161622632609e+00 0.000000000000e+00 -3.379612628999e+01 -1.734791461804e+01 
1.166989818617e+00 0.000000000000e+00 -3.371584738769e+01 -1.759774102862e+01 
1.172381803287e+00 0.000000000000e+00 -3.363422039715e+01 -1.785426959633e+01 
1.177798701197e+00 0.000000000000e+00 -3.355121594083e+01 -1.811776789363e+01 
1.183240627458e+00 0.000000000000e+00 -3.346680398288e+01 -1.838851733728e+01 
1.188707697712e+00 0.000000000000e+00 -3.338095383243e+01 -1.866681404903e+01 
1.194200028134e+00 0.000000000000e+00 -3.329363415018e+01 -1.895296977713e+01 
1.199717735436e+00 0.000000000000e+00 -3.320481295908e+01 -1.924731288289e+01 
1.205260936871e+00 0.000000000000e+00 -3.311445765965e+01 -1.955018939755e+01 
1.210829750232e+00 0.000000000000e+00 -3.302253505076e+01 -1.986196415432e+01 
1.216424293857e+00 0.000000000000e+00 -3.292901135668e+01 -2.018302200140e+01 
1.222044686631e+00 0.000000000000e+00 -3.283385226145e+01 -2.051376910190e+01 
1.227691047988e+00 0.000000000000e+00 -3.273702295163e+01 -2.085463432676e+01 
1.233363497914e+00 0.000000000000e+00 -3.263848816885e+01 -2.120607074768e+01 
1.239062156948e+00 0.000000000000e+00 -3.253821227352e+01 -2.156855723677e+01 
1.244787146188e+00 0.000000000000e+00 -3.243615932146e+01 -2.194260018052e+01 
1.250538587290e+00 0.000000000000e+00 -3.233229315543e+01 -2.232873531571e+01 
1.256316602474e+00 0.000000000000e+00 -3.222657751373e+01 -2.272752969517e+01 
1.262121314523e+00 0.000000000000e+00 -3.211897615841e+01 -2.313958379166e+01 
1.267952846786e+00 0.000000000000e+00 -3.200945302615e+01 -2.356553374796e+01 
1.273811323186e+00 0.000000000000e+00 -3.189797240485e+01 -2.400605378157e+01 
1.279696868216e+00 0.000000000000e+00 -3.178449914008e+01 -2.446185875184e+01 
1.285609606943e+00 0.000000000000e+00 -3.166899887541e+01 -2.493370689717e+01 
1.291549665015e+00 0.000000000000e+00 -3.155143833177e+01 -2.542240274912e+01 
1.297517168658e+00 0.000000000000e+00 -3.143178563141e+01 -2.592880022897e+01 
1.303512244682e+00 0.000000000000e+00 -3.131001067285e+01 -2.645380593081e+01 
1.309535020483e+00 0.000000000000e+00 -3.118608556414e+01 -2.699838259291e+01 
1.315585624046e+00 0.000000000000e+00 -3.105998512269e+01 -2.756355275606e+01 
1.321664183947e+00 0.000000000000e+00 -3.093168745097e+01 -2.815040260344e+01 
1.327770829355e+00 0.000000000000e+00 -3.080117459873e+01 -2.876008597138e+01 
1.333905690039e+00 0.000000000000e+00 -3.066843332360e+01 -2.939382851354e+01 
1.340068896364e+00 0.000000000000e+00 -3.053345596330e+01 -3.005293199229e+01 
1.346260579299e+00 0.000000000000e+00 -3.039624143453e+01 -3.073877865998e+01 
1.352480870418e+00 0.000000000000e+00 -3.025679637483e+01 -3.145283567917e+01 
1.358729901903e+00 0.000000000000e+00 -3.011513644583e+01 -3.219665951340e+01 
1.365007806546e+00 0.000000000000e+00 -2.997128781762e+01 -3.297190019894e+01 
1.371314717754e+00 0.000000000000e+00 -2.982528885582e+01 -3.378030538169e+01 
1.377650769549e+00 0.000000000000e+00 -2.967719203430e+01 -3.462372397148e+01 
1.384016096573e+00 0.000000000000e+00 -2.952706609756e+01 -3.550410922740e+01 
1.390410834090e+00 0.000000000000e+00 -2.937499849720e+01 -3.642352104158e+01 
1.396835117989e+00 0.000000000000e+00 -2.922109812694e+01 -3.738412713368e+01 
1.403289084786e+00 0.000000000000e+00 -2.906549837858e+01 -3.838820280410e+01 
1.409772871629e+00 0.000000000000e+00 -2.890836053854e+01 -3.943812881935e+01 
1.416286616299e+00 0.000000000000e+00 -2.874987753869e+01 -4.053638691792e+01 
1.422830457214e+00 0.000000000000e+00 -2.859027806675e+01 -4.168555233088e+01 
1.429404533432e+00 0.000000000000e+00 -2.842983102890e+01 -4.288828260913e+01 
1.436008984651e+00 0.000000000000e+00 -2.826885033939e+01 -4.414730194280e+01 
1.442643951218e+00 0.000000000000e+00 -2.810769998836e+01 -4.546538005385e+01 
1.449309574126e+00 0.000000000000e+00 -2.794679930758e+01 -4.684530464936e+01 
1.456005995021e+00 0.000000000000e+00 -2.778662831409e+01 -4.828984635381e+01 
1.462733356201e+00 0.000000000000e+00 -2.762773296215e+01 -4.980171501263e+01 
1.469491800625e+00 0.000000000000e+00 -2.747073007513e+01 -5.138350629954e+01 
1.476281471909e+00 0.000000000000e+00 -2.731631166042e+01 -5.303763769855e+01 
1.483102514336e+00 0.000000000000e+00 -2.716524823559e+01 -5.476627320142e+01 
1.489955072853e+00 0.000000000000e+00 -2.701839071615e+01 -5.657123650250e+01 
1.496839293077e+00 0.000000000000e+00 -2.687667034249e+01 -5.845391312208e+01 
1.503755321300e+00 0.000000000000e+00 -2.674109606540e+01 -6.041514277382e+01 
1.510703304487e+00 0.000000000000e+00 -2.661274878116e+01 -6.245510442176e+01 
1.517683390283e+00 0.000000000000e+00 -2.649277182467e+01 -6.457319782328e+01 
1.524695727018e+00 0.000000000000e+00 -2.638235721192e+01 -6.676792685580e+01 
1.531740463702e+00 0.000000000000e+00 -2.628272728819e+01 -6.903679144534e+01 
1.538817750038e+00 0.000000000000e+00 -2.619511169824e+01 -7.137619625863e+01 
1.545927736419e+00 0.000000000000e+00 -2.612071994951e+01 -7.378138522967e+01 
1.553070573933e+00 0.000000000000e+00 -2.606071027428e+01 -7.624641118114e+01 
1.560246414366e+00 0.000000000000e+00 -2.601615597545e+01 -7.876414899862e+01 
1.567455410206e+00 0.000000000000e+00 -2.598801090511e+01 -8.132635883756e+01 
1.574697714643e+00 0.000000000000e+00 -2.597707610358e+01 -8.392380266367e+01 
1.581973481579e+00 0.000000000000e+00 -2.598396983986e+01 -8.654641324088e+01 
1.589282865623e+00 0.000000000000e+00 -2.600910327803e+01 -8.918350992190e+01 
1.596626022101e+00 0.000000000000e+00 -2.605266371230e+01 -9.182405089178e+01 
1.604003107057e+00 0.000000000000e+00 -2.611460677620e+01 -9.445690758712e+01 
1.611414277253e+00 0.000000000000e+00 -2.619465829678e+01 -9.707114451935e+01 
1.618859690178e+00 0.000000000000e+00 -2.629232563318e+01 -9.965628711124e+01 
1.626339504048e+00 0.000000000000e+00 -2.640691753063e+01 -1.022025615233e+02 
1.633853877810e+00 0.000000000000e+00 -2.653757085195e+01 -1.047010935554e+02 
1.641402971144e+00 0.000000000000e+00 -2.668328210437e+01 -1.071440580173e+02 
1.648986944471e+00 0.000000000000e+00 -2.684294150078e+01 -1.095247747716e+02 
1.656605958950e+00 0.000000000000e+00 -2.701536737167e+01 -1.118377522555e+02 
1.664260176486e+00 0.000000000000e+00 -2.719933902931e+01 -1.140786831329e+02 
1.671949759732e+00 0.000000000000e+00 -2.739362660632e+01 -1.162443994539e+02 
1.679674872093e+00 0.000000000000e+00 -2.759701686862e+01 -1.183327962194e+02 
1.687435677727e+00 0.000000000000e+00 -2.780833447041e+01 -1.203427326405e+02 
1.695232341554e+00 0.000000000000e+00 -2.802645852619e+01 -1.222739198877e+02 
1.703065029253e+00 0.000000000000e+00 -2.825033469437e+01 -1.241268030131e+02 
1.710933907269e+00 0.000000000000e+00 -2.847898318974e+01 -1.259024432928e+02 
1.718839142817e+00 0.000000000000e+00 -2.871150327386e+01 -1.276024057046e+02 
1.726780903884e+00 0.000000000000e+00 -2.894707482838e+01 -1.292286547969e+02 
1.734759359234e+00 0.000000000000e+00 -2.918495761386e+01 -1.307834609360e+02 
1.742774678409e+00 0.000000000000e+00 -2.942448877508e+01 -1.322693178813e+02 
1.750827031736e+00 0.000000000000e+00 -2.966507908867e+01 -1.336888718431e+02 
1.758916590328e+00 0.000000000000e+00 -2.990620837297e+01 -1.350448616166e+02 
1.767043526089e+00 0.000000000000e+00 -3.014742040290e+01 -1.363400690096e+02 
1.775208011718e+00 0.000000000000e+00 -3.038831759943e+01 -1.375772785693e+02 
1.783410220710e+00 0.000000000000e+00 -3.062855569860e+01 -1.387592455161e+02 
1.791650327364e+00 0.000000000000e+00 -3.086783854953e+01 -1.398886707792e+02 
1.799928506782e+00 0.000000000000e+00 -3.110591314514e+01 -1.409681820751e+02 
1.808244934878e+00 0.000000000000e+00 -3.134256495312e+01 -1.420003200507e+02 
1.816599788375e+00 0.000000000000e+00 -3.157761358578e+01 -1.429875286106e+02 
1.824993244816e+00 0.000000000000e+00 -3.181090882690e+01 -1.439321486547e+02 
1.833425482562e+00 0.000000000000e+00 -3.204232701723e+01 -1.448364145588e+02 
1.841896680800e+00 0.000000000000e+00 -3.227176778995e+01 -1.457024528283e+02 
1.850407019542e+00 0.000000000000e+00 -3.249915113972e+01 -1.465322824476e+02 
1.858956679636e+00 0.000000000000e+00 -3.272441480444e+01 -1.473278165281e+02 
1.867545842761e+00 0.000000000000e+00 -3.294751193625e+01 -1.480908649287e+02 
1.876174691439e+00 0.000000000000e+00 -3.316840903734e+01 -1.488231375832e+02 
1.884843409034e+00 0.000000000000e+00 -3.338708413615e+01 -1.495262483203e+02 
1.893552179756e+00 0.000000000000e+00 -3.360352518030e+01 -1.502017190055e+02 
1.902301188669e+00 0.000000000000e+00 -3.381772862380e+01 -1.508509838706e+02 
1.911090621689e+00 0.000000000000e+00 -3.402969818766e+01 -1.514753939253e+02 
1.919920665593e+00 0.000000000000e+00 -3.423944377465e+01 -1.520762213689e+02 
1.928791508021e+00 0.000000000000e+00 -3.444698052065e+01 -1.526546639430e+02 
1.937703337478e+00 0.000000000000e+00 -3.465232796664e+01 -1.532118491782e+02 
1.946656343342e+00 0.000000000000e+00 -3.485550933722e+01 -1.537488385017e+02 
1.955650715866e+00 0.000000000000e+00 -3.505655091272e+01 -1.542666311848e+02 
1.964686646180e+00 0.000000000000e+00 -3.525548148359e+01 -1.547661681148e+02 
1.973764326300e+00 0.000000000000e+00 -3.545233187710e+01 -1.552483353818e+02 
1.982883949127e+00 0.000000000000e+00 -3.564713454717e+01 -1.557139676782e+02 
1.992045708454e+00 0.000000000000e+00 -3.583992321976e+01 -1.561638515108e+02 
2.001249798969e+00 0.000000000000e+00 -3.603073258662e+01 -1.565987282264e+02 
2.010496416260e+00 0.000000000000e+00 -3.621959804146e+01 -1.570192968585e+02 
2.019785756820e+00 0.000000000000e+00 -3.640655545307e+01 -1.574262167978e+02 
2.029118018047e+00 0.000000000000e+00 -3.659164097081e+01 -1.578201102971e+02 
2.038493398252e+00 0.000000000000e+00 -3.677489085816e+01 -1.582015648158e+02 
2.047912096665e+00 0.000000000000e+00 -3.695634135099e+01 -1.585711352131e+02 
2.057374313433e+00 0.000000000000e+00 -3.713602853702e+01 -1.589293457986e+02 
2.066880249629e+00 0.000000000000e+00 -3.731398825415e+01 -1.592766922468e+02 
2.076430107256e+00 0.000000000000e+00 -3.749025600474e+01 -1.596136433863e+02 
2.086024089249e+00 0.000000000000e+00 -3.766486688422e+01 -1.599406428688e+02 
2.095662399480e+00 0.000000000000e+00 -3.783785552178e+01 -1.602581107275e+02 
2.105345242767e+00 0.000000000000e+00 -3.800925603174e+01 -1.605664448305e+02 
2.115072824869e+00 0.000000000000e+00 -3.817910197416e+01 -1.608660222381e+02 
2.124845352499e+00 0.000000000000e+00 -3.834742632335e+01 -1.611572004683e+02 
2.134663033324e+00 0.000000000000e+00 -3.851426144335e+01 -1.614403186787e+02 
2.144526075972e+00 0.000000000000e+00 -3.867963906933e+01 -1.617156987686e+02 
2.154434690032e+00 0.000000000000e+00 -3.884359029413e+01 -1.619836464093e+02 
2.164389086064e+00 0.000000000000e+00 -3.900614555917e+01 -1.622444520042e+02 
2.174389475600e+00 0.000000000000e+00 -3.916733464925e+01 -1.624983915876e+02 
2.184436071149e+00 0.000000000000e+00 -3.932718669046e+01 -1.627457276627e+02 
2.194529086203e+00 0.000000000000e+00 -3.948573015095e+01 -1.629867099859e+02 
2.204668735239e+00 0.000000000000e+00 -3.964299284401e+01 -1.632215762991e+02 
2.214855233726e+00 0.000000000000e+00 -3.979900193308e+01 -1.634505530153e+02 
2.225088798128e+00 0.000000000000e+00 -3.995378393854e+01 -1.636738558598e+02 
2.235369645910e+00 0.000000000000e+00 -4.010736474576e+01 -1.638916904700e+02 
2.245697995540e+00 0.000000000000e+00 -4.025976961444e+01 -1.641042529575e+02 
2.256074066497e+00 0.000000000000e+00 -4.041102318872e+01 -1.643117304341e+02 
2.266498079274e+00 0.000000000000e+00 -4.056114950823e+01 -1.645143015051e+02 
2.276970255382e+00 0.000000000000e+00 -4.071017201964e+01 -1.647121367316e+02 
2.287490817356e+00 0.000000000000e+00 -4.085811358868e+01 -1.649053990643e+02 
2.298059988759e+00 0.000000000000e+00 -4.100499651255e+01 -1.650942442500e+02 
2.308677994187e+00 0.000000000000e+00 -4.115084253259e+01 -1.652788212140e+02 
2.319345059274e+00 0.000000000000e+00 -4.129567284704e+01 -1.654592724186e+02 
2.330061410697e+00 0.000000000000e+00 -4.143950812398e+01 -1.656357342001e+02 
2.340827276178e+00 0.000000000000e+00 -4.158236851426e+01 -1.658083370859e+02 
2.351642884494e+00 0.000000000000e+00 -4.172427366437e+01 -1.659772060923e+02 
2.362508465478e+00 0.000000000000e+00 -4.186524272925e+01 -1.661424610046e+02 
2.373424250024e+00 0.000000000000e+00 -4.200529438504e+01 -1.663042166417e+02 
2.384390470094e+00 0.000000000000e+00 -4.214444684160e+01 -1.664625831040e+02 
2.395407358721e+00 0.000000000000e+00 -4.228271785494e+01 -1.666176660078e+02 
2.406475150015e+00 0.000000000000e+00 -4.242012473932e+01 -1.667695667059e+02 
2.417594079169e+00 0.000000000000e+00 -4.255668437931e+01 -1.669183824960e+02 
2.428764382460e+00 0.000000000000e+00 -4.269241324149e+01 -1.670642068166e+02 
2.439986297260e+00 0.000000000000e+00 -4.282732738594e+01 -1.672071294329e+02 
2.451260062033e+00 0.000000000000e+00 -4.296144247748e+01 -1.673472366111e+02 
2.462585916351e+00 0.000000000000e+00 -4.309477379671e+01 -1.674846112845e+02 
2.473964100887e+00 0.000000000000e+00 -4.322733625066e+01 -1.676193332091e+02 
2.485394857430e+00 0.000000000000e+00 -4.335914438329e+01 -1.677514791114e+02 
2.496878428884e+00 0.000000000000e+00 -4.349021238568e+01 -1.678811228286e+02 
2.508415059278e+00 0.000000000000e+00 -4.362055410595e+01 -1.680083354403e+02 
2.520004993764e+00 0.000000000000e+00 -4.375018305890e+01 -1.681331853938e+02 
2.531648478631e+00 0.000000000000e+00 -4.387911243544e+01 -1.682557386228e+02 
2.543345761305e+00 0.000000000000e+00 -4.400735511169e+01 -1.683760586596e+02 
2.555097090353e+00 0.000000000000e+00 -4.413492365788e+01 -1.684942067415e+02 
2.566902715492e+00 0.000000000000e+00 -4.426183034695e+01 -1.686102419119e+02 
2.578762887594e+00 0.000000000000e+00 -4.438808716292e+01 -1.687242211158e+02 
2.590677858688e+00 0.000000000000e+00 -4.451370580906e+01 -1.688361992911e+02 
2.602647881969e+00 0.000000000000e+00 -4.463869771571e+01 -1.689462294544e+02 
2.614673211801e+00 0.000000000000e+00 -4.476307404797e+01 -1.690543627834e+02 
2.626754103724e+00 0.000000000000e+00 -4.488684571314e+01 -1.691606486941e+02 
2.638890814458e+00 0.000000000000e+00 -4.501002336789e+01 -1.692651349156e+02 
2.651083601909e+00 0.000000000000e+00 -4.513261742522e+01 -1.693678675598e+02 
2.663332725175e+00 0.000000000000e+00 -4.525463806131e+01 -1.694688911885e+02 
2.675638444552e+00 0.000000000000e+00 -4.537609522200e+01 -1.695682488773e+02 
2.688001021538e+00 0.000000000000e+00 -4.549699862919e+01 -1.696659822756e+02 
2.700420718838e+00 0.000000000000e+00 -4.561735778703e+01 -1.697621316652e+02 
2.712897800372e+00 0.000000000000e+00 -4.573718198784e+01 -1.698567360143e+02 
2.725432531281e+00 0.000000000000e+00 -4.585648031796e+01 -1.699498330305e+02 
2.738025177928e+00 0.000000000000e+00 -4.597526166333e+01 -1.700414592107e+02 
2.750676007908e+00 0.000000000000e+00 -4.609353471498e+01 -1.701316498881e+02 
2.763385290053e+00 0.000000000000e+00 -4.621130797424e+01 -1.702204392783e+02 
2.776153294437e+00 0.000000000000e+00 -4.632858975792e+01 -1.703078605223e+02 
2.788980292380e+00 0.000000000000e+00 -4.644538820321e+01 -1.703939457279e+02 
2.801866556459e+00 0.000000000000e+00 -4.656171127254e+01 -1.704787260089e+02 
2.814812360508e+00 0.000000000000e+00 -4.667756675819e+01 -1.705622315233e+02 
2.827817979625e+00 0.000000000000e+00 -4.679296228683e+01 -1.706444915089e+02 
2.840883690183e+00 0.000000000000e+00 -4.690790532388e+01 -1.707255343179e+02 
2.854009769829e+00 0.000000000000e+00 -4.702240317778e+01 -1.708053874497e+02 
2.867196497494e+00 0.000000000000e+00 -4.713646300407e+01 -1.708840775825e+02 
2.880444153396e+00 0.000000000000e+00 -4.725009180940e+01 -1.709616306032e+02 
2.893753019051e+00 0.000000000000e+00 -4.736329645538e+01 -1.710380716365e+02 
2.907123377273e+00 0.000000000000e+00 -4.747608366236e+01 -1.711134250721e+02 
2.920555512183e+00 0.000000000000e+00 -4.758846001301e+01 -1.711877145913e+02 
2.934049709216e+00 0.000000000000e+00 -4.770043195590e+01 -1.712609631923e+02 
2.947606255125e+00 0.000000000000e+00 -4.781200580892e+01 -1.713331932142e+02 
2.961225437988e+00 0.000000000000e+00 -4.792318776255e+01 -1.714044263604e+02 
2.974907547214e+00 0.000000000000e+00 -4.803398388312e+01 -1.714746837208e+02 
2.988652873550e+00 0.000000000000e+00 -4.814440011592e+01 -1.715439857930e+02 
3.002461709086e+00 0.000000000000e+00 -4.825444228824e+01 -1.716123525029e+02 
3.016334347259e+00 0.000000000000e+00 -4.836411611229e+01 -1.716798032240e+02 
3.030271082866e+00 0.000000000000e+00 -4.847342718807e+01 -1.717463567968e+02 
3.044272212064e+00 0.000000000000e+00 -4.858238100614e+01 -1.718120315462e+02 
3.058338032378e+00 0.000000000000e+00 -4.869098295029e+01 -1.718768452993e+02 
3.072468842709e+00 0.000000000000e+00 -4.879923830018e+01 -1.719408154017e+02 
3.086664943337e+00 0.000000000000e+00 -4.890715223386e+01 -1.720039587339e+02 
3.100926635932e+00 0.000000000000e+00 -4.901472983021e+01 -1.720662917263e+02 
3.115254223555e+00 0.000000000000e+00 -4.912197607136e+01 -1.721278303740e+02 
3.129648010671e+00 0.000000000000e+00 -4.922889584501e+01 -1.721885902512e+02 
3.144108303147e+00 0.000000000000e+00 -4.933549394666e+01 -1.722485865249e+02 
3.158635408268e+00 0.000000000000e+00 -4.944177508182e+01 -1.723078339675e+02 
3.173229634735e+00 0.000000000000e+00 -4.954774386812e+01 -1.723663469699e+02 
3.187891292678e+00 0.000000000000e+00 -4.965340483740e+01 -1.724241395538e+02 
3.202620693658e+00 0.000000000000e+00 -4.975876243772e+01 -1.724812253826e+02 
3.217418150676e+00 0.000000000000e+00 -4.986382103528e+01 -1.725376177736e+02 
3.232283978181e+00 0.000000000000e+00 -4.996858491634e+01 -1.725933297082e+02 
3.247218492073e+00 0.000000000000e+00 -5.007305828909e+01 -1.726483738423e+02 
3.262222009712e+00 0.000000000000e+00 -5.017724528538e+01 -1.727027625170e+02 
3.277294849923e+00 0.000000000000e+00 -5.028114996254e+01 -1.727565077676e+02 
3.292437333008e+00 0.000000000000e+00 -5.038477630501e+01 -1.728096213332e+02 
3.307649780744e+00 0.000000000000e+00 -5.048812822603e+01 -1.728621146655e+02 
3.322932516399e+00 0.000000000000e+00 -5.059120956923e+01 -1.729139989380e+02 
3.338285864732e+00 0.000000000000e+00 -5.069402411020e+01 -1.729652850537e+02 
3.353710152003e+00 0.000000000000e+00 -5.079657555800e+01 -1.730159836536e+02 
3.369205705980e+00 0.000000000000e+00 -5.089886755663e+01 -1.730661051242e+02 
3.384772855946e+00 0.000000000000e+00 -5.100090368649e+01 -1.731156596052e+02 
3.400411932704e+00 0.000000000000e+00 -5.110268746577e+01 -1.731646569968e+02 
3.416123268586e+00 0.000000000000e+00 -5.120422235180e+01 -1.732131069664e+02 
3.431907197459e+00 0.000000000000e+00 -5.130551174239e+01 -1.732610189556e+02 
3.447764054734e+00 0.000000000000e+00 -5.140655897712e+01 -1.733084021866e+02 
3.463694177372e+00 0.000000000000e+00 -5.150736733860e+01 -1.733552656686e+02 
3.479697903888e+00 0.000000000000e+00 -5.160794005369e+01 -1.734016182037e+02 
3.495775574363e+00 0.000000000000e+00 -5.170828029467e+01 -1.734474683929e+02 
3.511927530451e+00 0.000000000000e+00 -5.180839118045e+01 -1.734928246420e+02 
3.528154115381e+00 0.000000000000e+00 -5.190827577766e+01 -1.735376951664e+02 
3.544455673970e+00 0.000000000000e+00 -5.200793710177e+01 -1.735820879973e+02 
3.560832552629e+00 0.000000000000e+00 -5.210737811816e+01 -1.736260109862e+02 
3.577285099368e+00 0.000000000000e+00 -5.220660174318e+01 -1.736694718100e+02 
3.593813663805e+00 0.000000000000e+00 -5.230561084514e+01 -1.737124779759e+02 
3.610418597173e+00 0.000000000000e+00 -5.240440824533e+01 -1.737550368259e+02 
3.627100252331e+00 0.000000000000e+00 -5.250299671898e+01 -1.737971555416e+02 
3.643858983764e+00 0.000000000000e+00 -5.260137899622e+01 -1.738388411481e+02 
3.660695147597e+00 0.000000000000e+00 -5.269955776295e+01 -1.738801005186e+02 
3.677609101601e+00 0.000000000000e+00 -5.279753566181e+01 -1.739209403782e+02 
3.694601205199e+00 0.000000000000e+00 -5.289531529302e+01 -1.739613673079e+02 
3.711671819476e+00 0.000000000000e+00 -5.299289921522e+01 -1.740013877486e+02 
3.728821307183e+00 0.000000000000e+00 -5.309028994633e+01 -1.740410080046e+02 
3.746050032749e+00 0.000000000000e+00 -5.318748996435e+01 -1.740802342472e+02 
3.763358362287e+00 0.000000000000e+00 -5.328450170816e+01 -1.741190725184e+02 
3.780746663599e+00 0.000000000000e+00 -5.338132757828e+01 -1.741575287340e+02 
3.798215306191e+00 0.000000000000e+00 -5.347796993764e+01 -1.741956086867e+02 
3.815764661271e+00 0.000000000000e+00 -5.357443111233e+01 -1.742333180500e+02 
3.833395101767e+00 0.000000000000e+00 -5.367071339229e+01 -1.742706623803e+02 
3.851107002326e+00 0.000000000000e+00 -5.376681903200e+01 -1.743076471207e+02 
3.868900739328e+00 0.000000000000e+00 -5.386275025124e+01 -1.743442776034e+02 
3.886776690893e+00 0.000000000000e+00 -5.395850923567e+01 -1.743805590524e+02 
3.904735236886e+00 0.000000000000e+00 -5.405409813755e+01 -1.744164965868e+02 
3.922776758928e+00 0.000000000000e+00 -5.414951907633e+01 -1.744520952229e+02 
3.940901640403e+00 0.000000000000e+00 -5.424477413931e+01 -1.744873598769e+02 
3.959110266468e+00 0.000000000000e+00 -5.433986538224e+01 -1.745222953674e+02 
3.977403024058e+00 0.000000000000e+00 -5.443479482990e+01 -1.745569064178e+02 
3.995780301895e+00 0.000000000000e+00 -5.452956447669e+01 -1.745911976586e+02 
4.014242490499e+00 0.000000000000e+00 -5.462417628721e+01 -1.746251736299e+02 
4.032789982194e+00 0.000000000000e+00 -5.471863219680e+01 -1.746588387831e+02 
4.051423171115e+00 0.000000000000e+00 -5.481293411208e+01 -1.746921974837e+02 
4.070142453219e+00 0.000000000000e+00 -5.490708391149e+01 -1.747252540125e+02 
4.088948226295e+00 0.000000000000e+00 -5.500108344581e+01 -1.747580125687e+02 
4.107840889966e+00 0.000000000000e+00 -5.509493453866e+01 -1.747904772709e+02 
4.126820845703e+00 0.000000000000e+00 -5.518863898699e+01 -1.748226521596e+02 
4.145888496833e+00 0.000000000000e+00 -5.528219856157e+01 -1.748545411987e+02 
4.165044248545e+00 0.000000000000e+00 -5.537561500747e+01 -1.748861482776e+02 
4.184288507902e+00 0.000000000000e+00 -5.546889004451e+01 -1.749174772127e+02 
4.203621683845e+00 0.000000000000e+00 -5.556202536773e+01 -1.749485317492e+02 
4.223044187207e+00 0.000000000000e+00 -5.565502264781e+01 -1.749793155627e+02 
4.242556430718e+00 0.000000000000e+00 -5.574788353151e+01 -1.750098322610e+02 
4.262158829015e+00 0.000000000000e+00 -5.584060964211e+01 -1.750400853853e+02 
4.281851798652e+00 0.000000000000e+00 -5.593320257981e+01 -1.750700784123e+02 
4.301635758107e+00 0.000000000000e+00 -5.602566392213e+01 -1.750998147549e+02 
4.321511127790e+00 0.000000000000e+00 -5.611799522432e+01 -1.751292977643e+02 
4.341478330055e+00 0.000000000000e+00 -5.621019801974e+01 -1.751585307311e+02 
4.361537789208e+00 0.000000000000e+00 -5.630227382026e+01 -1.751875168867e+02 
4.381689931514e+00 0.000000000000e+00 -5.639422411658e+01 -1.752162594048e+02 
4.401935185209e+00 0.000000000000e+00 -5.648605037865e+01 -1.752447614023e+02 
4.422273980506e+00 0.000000000000e+00 -5.657775405602e+01 -1.752730259409e+02 
4.442706749607e+00 0.000000000000e+00 -5.666933657814e+01 -1.753010560284e+02 
4.463233926710e+00 0.000000000000e+00 -5.676079935476e+01 -1.753288546194e+02 
4.483855948021e+00 0.000000000000e+00 -5.685214377622e+01 -1.753564246169e+02 
4.504573251759e+00 0.000000000000e+00 -5.694337121383e+01 -1.753837688734e+02 
4.525386278170e+00 0.000000000000e+00 -5.703448302011e+01 -1.754108901918e+02 
4.546295469532e+00 0.000000000000e+00 -5.712548052920e+01 -1.754377913267e+02 
4.567301270169e+00 0.000000000000e+00 -5.721636505708e+01 -1.754644749851e+02 
4.588404126455e+00 0.000000000000e+00 -5.730713790195e+01 -1.754909438279e+02 
4.609604486828e+00 0.000000000000e+00 -5.739780034445e+01 -1.755172004704e+02 
4.630902801800e+00 0.000000000000e+00 -5.748835364800e+01 -1.755432474837e+02 
4.652299523960e+00 0.000000000000e+00 -5.757879905909e+01 -1.755690873953e+02 
4.673795107992e+00 0.000000000000e+00 -5.766913780749e+01 -1.755947226902e+02 
4.695390010680e+00 0.000000000000e+00 -5.775937110663e+01 -1.756201558119e+02 
4.717084690917e+00 0.000000000000e+00 -5.784950015374e+01 -1.756453891629e+02 
4.738879609718e+00 0.000000000000e+00 -5.793952613023e+01 -1.756704251060e+02 
4.760775230226e+00 0.000000000000e+00 -5.802945020187e+01 -1.756952659647e+02 
4.782772017727e+00 0.000000000000e+00 -5.811927351907e+01 -1.757199140245e+02 
4.804870439655e+00 0.000000000000e+00 -5.820899721712e+01 -1.757443715331e+02 
4.827070965603e+00 0.000000000000e+00 -5.829862241643e+01 -1.757686407017e+02 
4.849374067335e+00 0.000000000000e+00 -5.838815022278e+01 -1.757927237055e+02 
4.871780218795e+00 0.000000000000e+00 -5.847758172752e+01 -1.758166226845e+02 
4.894289896115e+00 0.000000000000e+00 -5.856691800784e+01 -1.758403397442e+02 
4.916903577628e+00 0.000000000000e+00 -5.865616012697e+01 -1.758638769561e+02 
4.939621743878e+00 0.000000000000e+00 -5.874530913439e+01 -1.758872363588e+02 
4.962444877629e+00 0.000000000000e+00 -5.883436606606e+01 -1.759104199583e+02 
4.985373463874e+00 0.000000000000e+00 -5.892333194465e+01 -1.759334297289e+02 
5.008407989848e+00 0.000000000000e+00 -5.901220777968e+01 -1.759562676136e+02 
5.031548945038e+00 0.000000000000e+00 -5.910099456780e+01 -1.759789355250e+02 
5.054796821191e+00 0.000000000000e+00 -5.918969329295e+01 -1.760014353455e+02 
5.078152112328e+00 0.000000000000e+00 -5.927830492655e+01 -1.760237689284e+02 
5.101615314750e+00 0.000000000000e+00 -5.936683042771e+01 -1.760459380980e+02 
5.125186927053e+00 0.000000000000e+00 -5.945527074341e+01 -1.760679446505e+02 
5.148867450137e+00 0.000000000000e+00 -5.954362680868e+01 -1.760897903545e+02 
5.172657387216e+00 0.000000000000e+00 -5.963189954679e+01 -1.761114769513e+02 
5.196557243828e+00 0.000000000000e+00 -5.972008986942e+01 -1.761330061555e+02 
5.220567527847e+00 0.000000000000e+00 -5.980819867685e+01 -1.761543796560e+02 
5.244688749495e+00 0.000000000000e+00 -5.989622685810e+01 -1.761755991157e+02 
5.268921421351e+00 0.000000000000e+00 -5.998417529113e+01 -1.761966661726e+02 
5.293266058361e+00 0.000000000000e+00 -6.007204484298e+01 -1.762175824401e+02 
5.317723177851e+00 0.000000000000e+00 -6.015983636997e+01 -1.762383495072e+02 
5.342293299538e+00 0.000000000000e+00 -6.024755071780e+01 -1.762589689395e+02 
5.366976945540e+00 0.000000000000e+00 -6.033518872177e+01 -1.762794422791e+02 
5.391774640388e+00 0.000000000000e+00 -6.042275120688e+01 -1.762997710455e+02 
5.416686911033e+00 0.000000000000e+00 -6.051023898802e+01 -1.763199567356e+02 
5.441714286866e+00 0.000000000000e+00 -6.059765287010e+01 -1.763400008246e+02 
5.466857299720e+00 0.000000000000e+00 -6.068499364819e+01 -1.763599047658e+02 
5.492116483888e+00 0.000000000000e+00 -6.077226210767e+01 -1.763796699915e+02 
5.517492376129e+00 0.000000000000e+00 -6.085945902438e+01 -1.763992979134e+02 
5.542985515685e+00 0.000000000000e+00 -6.094658516475e+01 -1.764187899225e+02 
5.568596444286e+00 0.000000000000e+00 -6.103364128592e+01 -1.764381473899e+02 
5.594325706169e+00 0.000000000000e+00 -6.112062813591e+01 -1.764573716672e+02 
5.620173848083e+00 0.000000000000e+00 -6.120754645369e+01 -1.764764640865e+02 
5.646141419304e+00 0.000000000000e+00 -6.129439696940e+01 -1.764954259610e+02 
5.672228971645e+00 0.000000000000e+00 -6.138118040437e+01 -1.765142585854e+02 
5.698437059469e+00 0.000000000000e+00 -6.146789747133e+01 -1.765329632361e+02 
5.724766239702e+00 0.000000000000e+00 -6.155454887449e+01 -1.765515411715e+02 
5.751217071842e+00 0.000000000000e+00 -6.164113530966e+01 -1.765699936324e+02 
5.777790117971e+00 0.000000000000e+00 -6.172765746441e+01 -1.765883218423e+02 
5.804485942769e+00 0.000000000000e+00 -6.181411601811e+01 -1.766065270078e+02 
5.831305113526e+00 0.000000000000e+00 -6.190051164210e+01 -1.766246103186e+02 
5.858248200153e+00 0.000000000000e+00 -6.198684499981e+01 -1.766425729483e+02 
5.885315775191e+00 0.000000000000e+00 -6.207311674683e+01 -1.766604160541e+02 
5.912508413832e+00 0.000000000000e+00 -6.215932753104e+01 -1.766781407776e+02 
5.939826693920e+00 0.000000000000e+00 -6.224547799270e+01 -1.766957482446e+02 
5.967271195973e+00 0.000000000000e+00 -6.233156876460e+01 -1.767132395659e+02 
5.994842503189e+00 0.000000000000e+00 -6.241760047211e+01 -1.767306158371e+02 
6.022541201462e+00 0.000000000000e+00 -6.250357373330e+01 -1.767478781391e+02 
6.050367879391e+00 0.000000000000e+00 -6.258948915905e+01 -1.767650275382e+02 
6.078323128297e+00 0.000000000000e+00 -6.267534735314e+01 -1.767820650868e+02 
6.106407542232e+00 0.000000000000e+00 -6.276114891234e+01 -1.767989918228e+02 
6.134621717993e+00 0.000000000000e+00 -6.284689442652e+01 -1.768158087706e+02 
6.162966255133e+00 0.000000000000e+00 -6.293258447873e+01 -1.768325169412e+02 
6.191441755978e+00 0.000000000000e+00 -6.301821964530e+01 -1.768491173319e+02 
6.220048825635e+00 0.000000000000e+00 -6.310380049592e+01 -1.768656109274e+02 
6.248788072007e+00 0.000000000000e+00 -6.318932759373e+01 -1.768819986992e+02 
6.277660105807e+00 0.000000000000e+00 -6.327480149543e+01 -1.768982816062e+02 
6.306665540567e+00 0.000000000000e+00 -6.336022275134e+01 -1.769144605949e+02 
6.335804992658e+00 0.000000000000e+00 -6.344559190548e+01 -1.769305365998e+02 
6.365079081296e+00 0.000000000000e+00 -6.353090949570e+01 -1.769465105430e+02 
6.394488428557e+00 0.000000000000e+00 -6.361617605369e+01 -1.769623833351e+02 
6.424033659394e+00 0.000000000000e+00 -6.370139210512e+01 -1.769781558748e+02 
6.453715401647e+00 0.000000000000e+00 -6.378655816969e+01 -1.769938290496e+02 
6.483534286055e+00 0.000000000000e+00 -6.387167476123e+01 -1.770094037356e+02 
6.513490946273e+00 0.000000000000e+00 -6.395674238775e+01 -1.770248807981e+02 
6.543586018883e+00 0.000000000000e+00 -6.404176155153e+01 -1.770402610910e+02 
6.573820143410e+00 0.000000000000e+00 -6.412673274920e+01 -1.770555454581e+02 
6.604193962330e+00 0.000000000000e+00 -6.421165647181e+01 -1.770707347322e+02 
6.634708121092e+00 0.000000000000e+00 -6.429653320488e+01 -1.770858297361e+02 
6.665363268125e+00 0.000000000000e+00 -6.438136342852e+01 -1.771008312821e+02 
6.696160054853e+00 0.000000000000e+00 -6.446614761743e+01 -1.771157401726e+02 
6.727099135712e+00 0.000000000000e+00 -6.455088624105e+01 -1.771305572003e+02 
6.758181168161e+00 0.000000000000e+00 -6.463557976357e+01 -1.771452831478e+02 
6.789406812696e+00 0.000000000000e+00 -6.472022864401e+01 -1.771599187886e+02 
6.820776732866e+00 0.000000000000e+00 -6.480483333629e+01 -1.771744648864e+02 
6.852291595284e+00 0.000000000000e+00 -6.488939428931e+01 -1.771889221959e+02 
6.883952069646e+00 0.000000000000e+00 -6.497391194698e+01 -1.772032914626e+02 
6.915758828739e+00 0.000000000000e+00 -6.505838674830e+01 -1.772175734230e+02 
6.947712548460e+00 0.000000000000e+00 -6.514281912745e+01 -1.772317688048e+02 
6.979813907831e+00 0.000000000000e+00 -6.522720951379e+01 -1.772458783271e+02 
7.012063589007e+00 0.000000000000e+00 -6.531155833199e+01 -1.772599027003e+02 
7.044462277299e+00 0.000000000000e+00 -6.539586600202e+01 -1.772738426265e+02 
7.077010661182e+00 0.000000000000e+00 -6.548013293926e+01 -1.772876987994e+02 
7.109709432312e+00 0.000000000000e+00 -6.556435955454e+01 -1.773014719046e+02 
7.142559285543e+00 0.000000000000e+00 -6.564854625420e+01 -1.773151626197e+02 
7.175560918937e+00 0.000000000000e+00 -6.573269344012e+01 -1.773287716144e+02 
7.208715033782e+00 0.000000000000e+00 -6.581680150983e+01 -1.773422995505e+02 
7.242022334607e+00 0.000000000000e+00 -6.590087085651e+01 -1.773557470822e+02 
7.275483529196e+00 0.000000000000e+00 -6.598490186907e+01 -1.773691148561e+02 
7.309099328603e+00 0.000000000000e+00 -6.606889493218e+01 -1.773824035114e+02 
7.342870447167e+00 0.000000000000e+00 -6.615285042638e+01 -1.773956136800e+02 
7.376797602528e+00 0.000000000000e+00 -6.623676872806e+01 -1.774087459865e+02 
7.410881515642e+00 0.000000000000e+00 -6.632065020953e+01 -1.774218010484e+02 
7.445122910795e+00 0.000000000000e+00 -6.640449523912e+01 -1.774347794762e+02 
7.479522515622e+00 0.000000000000e+00 -6.648830418116e+01 -1.774476818737e+02 
7.514081061117e+00 0.000000000000e+00 -6.657207739606e+01 -1.774605088376e+02 
7.548799281653e+00 0.000000000000e+00 -6.665581524036e+01 -1.774732609580e+02 
7.583677914997e+00 0.000000000000e+00 -6.673951806678e+01 -1.774859388185e+02 
7.618717702323e+00 0.000000000000e+00 -6.682318622424e+01 -1.774985429961e+02 
7.653919388230e+00 0.000000000000e+00 -6.690682005794e+01 -1.775110740615e+02 
7.689283720758e+00 0.000000000000e+00 -6.699041990938e+01 -1.775235325789e+02 
7.724811451403e+00 0.000000000000e+00 -6.707398611642e+01 -1.775359191065e+02 
7.760503335134e+00 0.000000000000e+00 -6.715751901330e+01 -1.775482341963e+02 
7.796360130405e+00 0.000000000000e+00 -6.724101893073e+01 -1.775604783941e+02 
7.832382599179e+00 0.000000000000e+00 -6.732448619586e+01 -1.775726522400e+02 
7.868571506937e+00 0.000000000000e+00 -6.740792113241e+01 -1.775847562681e+02 
7.904927622696e+00 0.000000000000e+00 -6.749132406064e+01 -1.775967910068e+02 
7.941451719029e+00 0.000000000000e+00 -6.757469529741e+01 -1.776087569786e+02 
7.978144572077e+00 0.000000000000e+00 -6.765803515624e+01 -1.776206547006e+02 
8.015006961565e+00 0.000000000000e+00 -6.774134394733e+01 -1.776324846843e+02 
8.052039670825e+00 0.000000000000e+00 -6.782462197760e+01 -1.776442474358e+02 
8.089243486806e+00 0.000000000000e+00 -6.790786955076e+01 -1.776559434556e+02 
8.126619200092e+00 0.000000000000e+00 -6.799108696728e+01 -1.776675732392e+02 
8.164167604921e+00 0.000000000000e+00 -6.807427452449e+01 -1.776791372767e+02 
8.201889499202e+00 0.000000000000e+00 -6.815743251661e+01 -1.776906360530e+02 
8.239785684529e+00 0.000000000000e+00 -6.824056123474e+01 -1.777020700481e+02 
8.277856966198e+00 0.000000000000e+00 -6.832366096696e+01 -1.777134397367e+02 
8.316104153231e+00 0.000000000000e+00 -6.840673199832e+01 -1.777247455889e+02 
8.354528058383e+00 0.000000000000e+00 -6.848977461087e+01 -1.777359880696e+02 
8.393129498166e+00 0.000000000000e+00 -6.857278908374e+01 -1.777471676392e+02 
8.431909292866e+00 0.000000000000e+00 -6.865577569315e+01 -1.777582847532e+02 
8.470868266557e+00 0.000000000000e+00 -6.873873471241e+01 -1.777693398624e+02 
8.510007247122e+00 0.000000000000e+00 -6.882166641201e+01 -1.777803334131e+02 
8.549327066268e+00 0.000000000000e+00 -6.890457105962e+01 -1.777912658468e+02 
8.588828559546e+00 0.000000000000e+00 -6.898744892014e+01 -1.778021376009e+02 
8.628512566367e+00 0.000000000000e+00 -6.907030025569e+01 -1.778129491081e+02 
8.668379930020e+00 0.000000000000e+00 -6.915312532571e+01 -1.778237007969e+02 
8.708431497691e+00 0.000000000000e+00 -6.923592438692e+01 -1.778343930912e+02 
8.748668120480e+00 0.000000000000e+00 -6.931869769341e+01 -1.778450264111e+02 
8.789090653420e+00 0.000000000000e+00 -6.940144549663e+01 -1.778556011721e+02 
8.829699955494e+00 0.000000000000e+00 -6.948416804544e+01 -1.778661177859e+02 
8.870496889654e+00 0.000000000000e+00 -6.956686558614e+01 -1.778765766599e+02 
8.911482322840e+00 0.000000000000e+00 -6.964953836246e+01 -1.778869781975e+02 
8.952657125996e+00 0.000000000000e+00 -6.973218661567e+01 -1.778973227982e+02 
8.994022174092e+00 0.000000000000e+00 -6.981481058452e+01 -1.779076108576e+02 
9.035578346139e+00 0.000000000000e+00 -6.989741050532e+01 -1.779178427674e+02 
9.077326525210e+00 0.000000000000e+00 -6.997998661197e+01 -1.779280189154e+02 
9.119267598459e+00 0.000000000000e+00 -7.006253913596e+01 -1.779381396857e+02 
9.161402457139e+00 0.000000000000e+00 -7.014506830640e+01 -1.779482054589e+02 
9.203731996618e+00 0.000000000000e+00 -7.022757435007e+01 -1.779582166115e+02 
9.246257116406e+00 0.000000000000e+00 -7.031005749142e+01 -1.779681735167e+02 
9.288978720165e+00 0.000000000000e+00 -7.039251795263e+01 -1.779780765441e+02 
9.331897715733e+00 0.000000000000e+00 -7.047495595358e+01 -1.779879260597e+02 
9.375015015145e+00 0.000000000000e+00 -7.055737171194e+01 -1.779977224261e+02 
9.418331534648e+00 0.000000000000e+00 -7.063976544315e+01 -1.780074660022e+02 
9.461848194722e+00 0.000000000000e+00 -7.072213736044e+01 -1.780171571440e+02 
9.505565920101e+00 0.000000000000e+00 -7.080448767491e+01 -1.780267962036e+02 
9.549485639792e+00 0.000000000000e+00 -7.088681659550e+01 -1.780363835303e+02 
9.593608287093e+00 0.000000000000e+00 -7.096912432900e+01 -1.780459194698e+02 
9.637934799616e+00 0.000000000000e+00 -7.105141108016e+01 -1.780554043647e+02 
9.682466119303e+00 0.000000000000e+00 -7.113367705161e+01 -1.780648385544e+02 
9.727203192451e+00 0.000000000000e+00 -7.121592244395e+01 -1.780742223751e+02 
9.772146969726e+00 0.000000000000e+00 -7.129814745574e+01 -1.780835561601e+02 
9.817298406189e+00 0.000000000000e+00 -7.138035228355e+01 -1.780928402394e+02 
9.862658461313e+00 0.000000000000e+00 -7.146253712196e+01 -1.781020749402e+02 
9.908228099004e+00 0.000000000000e+00 -7.154470216357e+01 -1.781112605865e+02 
9.954008287622e+00 0.000000000000e+00 -7.162684759906e+01 -1.781203974995e+02 
1.000000000000e+01 0.000000000000e+00 -7.170897361719e+01 -1.781294859974e+02 

