%%% Body Data 
num name mass rx ry rz ixx iyy izz ixy iyz ixz 
{1} {Chassis} 1.40000000e+03 0.00000000e+00 0.00000000e+00 5.00000000e-01 8.00000000e+02 2.00000000e+03 2.20000000e+03 0.00000000e+00 0.00000000e+00 0.00000000e+00
{2} {LF Upright} 5.00000000e+00 1.20000000e+00 8.00000000e-01 3.00000000e-01 1.00000000e-01 1.00000000e-01 1.00000000e-01 0.00000000e+00 0.00000000e+00 0.00000000e+00
{3} {LF Lower A-arm} 5.00000000e+00 1.20000000e+00 6.00000000e-01 1.50000000e-01 1.00000000e+00 1.00000000e+00 2.00000000e+00 0.00000000e+00 0.00000000e+00 0.00000000e+00
{4} {LF Upper A-arm} 5.00000000e+00 1.20000000e+00 6.00000000e-01 4.00000000e-01 1.00000000e+00 1.00000000e+00 2.00000000e+00 0.00000000e+00 0.00000000e+00 0.00000000e+00
{5} {LF Bell-crank} 1.00000000e+00 1.14000000e+00 3.40000000e-01 4.60000000e-01 5.00000000e-02 5.00000000e-02 5.00000000e-02 0.00000000e+00 0.00000000e+00 0.00000000e+00
{6} {LF Anti-roll arm} 1.00000000e+00 1.30000000e+00 3.00000000e-01 4.00000000e-01 5.00000000e-02 5.00000000e-02 5.00000000e-02 0.00000000e+00 0.00000000e+00 0.00000000e+00
{7} {LF Push-rod} 1.00000000e+00 1.20000000e+00 5.50000000e-01 3.00000000e-01 1.08333333e-02 3.33333333e-03 7.50000000e-03 0.00000000e+00 -5.00000000e-03 0.00000000e+00
{8} {LF Tie-rod} 1.00000000e+00 1.04000000e+00 5.50000000e-01 2.80000000e-01 2.09666667e-02 2.83333333e-03 2.35333333e-02 7.50000000e-03 1.66666667e-03 6.00000000e-04
{9} {LF Wheel+hub} 1.00000000e+01 1.20000000e+00 9.00000000e-01 3.00000000e-01 2.00000000e+00 4.00000000e+00 2.00000000e+00 0.00000000e+00 0.00000000e+00 0.00000000e+00
{10} {LR Upright} 5.00000000e+00 -1.30000000e+00 8.00000000e-01 3.00000000e-01 1.00000000e-01 1.00000000e-01 1.00000000e-01 0.00000000e+00 0.00000000e+00 0.00000000e+00
{11} {LR Lower A-arm} 5.00000000e+00 -1.30000000e+00 6.00000000e-01 1.50000000e-01 1.00000000e+00 1.00000000e+00 2.00000000e+00 0.00000000e+00 0.00000000e+00 0.00000000e+00
{12} {LR Upper A-arm} 5.00000000e+00 -1.30000000e+00 6.00000000e-01 4.00000000e-01 1.00000000e+00 1.00000000e+00 2.00000000e+00 0.00000000e+00 0.00000000e+00 0.00000000e+00
{13} {LR Bell-crank} 1.00000000e+00 -1.25000000e+00 3.50000000e-01 4.50000000e-01 5.00000000e-02 5.00000000e-02 5.00000000e-02 0.00000000e+00 0.00000000e+00 0.00000000e+00
{14} {LR Push-rod} 1.00000000e+00 -1.30000000e+00 5.50000000e-01 3.00000000e-01 1.08333333e-02 3.33333333e-03 7.50000000e-03 0.00000000e+00 -5.00000000e-03 0.00000000e+00
{15} {LR Tie-rod} 1.00000000e+00 -1.14000000e+00 4.50000000e-01 1.25000000e-01 4.10416667e-02 2.90833333e-03 4.35333333e-02 -1.05000000e-02 2.91666667e-03 -7.50000000e-04
{16} {LR Wheel+hub} 1.00000000e+01 -1.30000000e+00 9.00000000e-01 3.00000000e-01 2.00000000e+00 4.00000000e+00 2.00000000e+00 0.00000000e+00 0.00000000e+00 0.00000000e+00
{17} {LF Contact patch} 0.00000000e+00 1.20000000e+00 9.00000000e-01 0.00000000e+00 0.00000000e+00 0.00000000e+00 0.00000000e+00 0.00000000e+00 0.00000000e+00 0.00000000e+00
{18} {LR Contact patch} 0.00000000e+00 -1.30000000e+00 9.00000000e-01 0.00000000e+00 0.00000000e+00 0.00000000e+00 0.00000000e+00 0.00000000e+00 0.00000000e+00 0.00000000e+00
{19} {RF Upright} 5.00000000e+00 1.20000000e+00 -8.00000000e-01 3.00000000e-01 1.00000000e-01 1.00000000e-01 1.00000000e-01 -0.00000000e+00 -0.00000000e+00 0.00000000e+00
{20} {RF Lower A-arm} 5.00000000e+00 1.20000000e+00 -6.00000000e-01 1.50000000e-01 1.00000000e+00 1.00000000e+00 2.00000000e+00 -0.00000000e+00 -0.00000000e+00 0.00000000e+00
{21} {RF Upper A-arm} 5.00000000e+00 1.20000000e+00 -6.00000000e-01 4.00000000e-01 1.00000000e+00 1.00000000e+00 2.00000000e+00 -0.00000000e+00 -0.00000000e+00 0.00000000e+00
{22} {RF Bell-crank} 1.00000000e+00 1.14000000e+00 -3.40000000e-01 4.60000000e-01 5.00000000e-02 5.00000000e-02 5.00000000e-02 -0.00000000e+00 -0.00000000e+00 0.00000000e+00
{23} {RF Anti-roll arm} 1.00000000e+00 1.30000000e+00 -3.00000000e-01 4.00000000e-01 5.00000000e-02 5.00000000e-02 5.00000000e-02 -0.00000000e+00 -0.00000000e+00 0.00000000e+00
{24} {RF Push-rod} 1.00000000e+00 1.20000000e+00 -5.50000000e-01 3.00000000e-01 1.08333333e-02 3.33333333e-03 7.50000000e-03 -0.00000000e+00 5.00000000e-03 0.00000000e+00
{25} {RF Tie-rod} 1.00000000e+00 1.04000000e+00 -5.50000000e-01 2.80000000e-01 2.09666667e-02 2.83333333e-03 2.35333333e-02 -7.50000000e-03 -1.66666667e-03 6.00000000e-04
{26} {RF Wheel+hub} 1.00000000e+01 1.20000000e+00 -9.00000000e-01 3.00000000e-01 2.00000000e+00 4.00000000e+00 2.00000000e+00 -0.00000000e+00 -0.00000000e+00 0.00000000e+00
{27} {RR Upright} 5.00000000e+00 -1.30000000e+00 -8.00000000e-01 3.00000000e-01 1.00000000e-01 1.00000000e-01 1.00000000e-01 -0.00000000e+00 -0.00000000e+00 0.00000000e+00
{28} {RR Lower A-arm} 5.00000000e+00 -1.30000000e+00 -6.00000000e-01 1.50000000e-01 1.00000000e+00 1.00000000e+00 2.00000000e+00 -0.00000000e+00 -0.00000000e+00 0.00000000e+00
{29} {RR Upper A-arm} 5.00000000e+00 -1.30000000e+00 -6.00000000e-01 4.00000000e-01 1.00000000e+00 1.00000000e+00 2.00000000e+00 -0.00000000e+00 -0.00000000e+00 0.00000000e+00
{30} {RR Bell-crank} 1.00000000e+00 -1.25000000e+00 -3.50000000e-01 4.50000000e-01 5.00000000e-02 5.00000000e-02 5.00000000e-02 -0.00000000e+00 -0.00000000e+00 0.00000000e+00
{31} {RR Push-rod} 1.00000000e+00 -1.30000000e+00 -5.50000000e-01 3.00000000e-01 1.08333333e-02 3.33333333e-03 7.50000000e-03 -0.00000000e+00 5.00000000e-03 0.00000000e+00
{32} {RR Tie-rod} 1.00000000e+00 -1.14000000e+00 -4.50000000e-01 1.25000000e-01 4.10416667e-02 2.90833333e-03 4.35333333e-02 1.05000000e-02 -2.91666667e-03 -7.50000000e-04
{33} {RR Wheel+hub} 1.00000000e+01 -1.30000000e+00 -9.00000000e-01 3.00000000e-01 2.00000000e+00 4.00000000e+00 2.00000000e+00 -0.00000000e+00 -0.00000000e+00 0.00000000e+00
{34} {RF Contact patch} 0.00000000e+00 1.20000000e+00 -9.00000000e-01 0.00000000e+00 0.00000000e+00 0.00000000e+00 0.00000000e+00 -0.00000000e+00 -0.00000000e+00 0.00000000e+00
{35} {RR Contact patch} 0.00000000e+00 -1.30000000e+00 -9.00000000e-01 0.00000000e+00 0.00000000e+00 0.00000000e+00 0.00000000e+00 -0.00000000e+00 -0.00000000e+00 0.00000000e+00
