%%% Deflection
num name type x y z 
{1} {Chassis} translation 3.77379000e-03 1.80000000e-07 -3.05259300e-01
{ } { } rotation -3.30000000e-07 2.37724200e-02 5.00000000e-08
{2} {LF Upright} translation 1.95004100e-02 -3.65174500e-02 -4.31290900e-02
{ } { } rotation 1.74245230e-01 -8.18948100e-02 -9.26223100e-02
{3} {LF Lower A-arm} translation 2.14043400e-02 -1.03806600e-02 -1.26174060e-01
{ } { } rotation 4.15224410e-01 2.37724500e-02 -5.19017900e-02
{4} {LF Upper A-arm} translation 1.39648000e-03 -3.13270200e-02 -1.45823000e-01
{ } { } rotation 6.26544350e-01 2.37724200e-02 1.90000000e-07
{5} {LF Bell-crank} translation -1.39183310e-01 -4.73357300e-02 -2.85024410e-01
{ } { } rotation -3.20000000e-07 -1.15961667e+00 -1.18338904e+00
{6} {LF Anti-roll arm} translation -7.74959000e-02 2.10000000e-07 -3.36163540e-01
{ } { } rotation -3.30000000e-07 -1.55407638e+00 5.00000000e-08
{7} {LF Push-rod} translation 1.45900800e-02 -7.47404900e-02 -1.50049520e-01
{ } { } rotation 4.35986030e-01 -1.81460000e-04 -8.78326500e-02
{8} {LF Tie-rod} translation 8.78440000e-03 -1.50168700e-02 -1.88352460e-01
{ } { } rotation 4.86972640e-01 -1.97195290e-01 -5.86396400e-02
{9} {LF Wheel+hub} translation 2.87626500e-02 -3.65174500e-02 -2.57045300e-02
{ } { } rotation 1.74245230e-01 4.12861000e-03 -9.26223100e-02
{10} {LR Upright} translation -9.80730000e-04 -3.44432600e-02 -3.53859400e-02
{ } { } rotation 1.15826720e-01 2.37724200e-02 5.00000000e-08
{11} {LR Lower A-arm} translation -4.54658000e-03 -1.70692500e-02 -1.03662870e-01
{ } { } rotation 3.41384650e-01 2.37724200e-02 5.00000000e-08
{12} {LR Upper A-arm} translation 1.39652000e-03 -2.59086000e-02 -1.18903270e-01
{ } { } rotation 5.18173290e-01 2.37724200e-02 5.00000000e-08
{13} {LR Bell-crank} translation 1.05000650e-01 -5.12076500e-02 -2.24336150e-01
{ } { } rotation -3.30000000e-07 1.04792734e+00 1.02415497e+00
{14} {LR Push-rod} translation -9.80720000e-04 -6.82769500e-02 -1.20732100e-01
{ } { } rotation 3.41384650e-01 2.37724200e-02 5.00000000e-08
{15} {LR Tie-rod} translation -5.14089000e-03 -8.53463000e-03 -1.58674150e-01
{ } { } rotation 3.27461850e-01 7.79166300e-02 3.86750000e-03
{16} {LR Wheel+hub} translation -9.80740000e-04 -3.44432600e-02 -2.38032700e-02
{ } { } rotation 1.15826720e-01 -1.40780000e-04 5.00000000e-08
{17} {LF Contact patch} translation 2.75240700e-02 1.57561100e-02 -2.57045300e-02
{ } { } rotation 1.74245230e-01 4.12861000e-03 -9.26223100e-02
{18} {LR Contact patch} translation -9.38500000e-04 3.04760000e-04 -2.38032700e-02
{ } { } rotation 1.15826720e-01 -1.40780000e-04 5.00000000e-08
{19} {RF Upright} translation 1.95008700e-02 3.65176400e-02 -4.31291900e-02
{ } { } rotation -1.74246090e-01 -8.18980700e-02 9.26190300e-02
{20} {RF Lower A-arm} translation 2.14049700e-02 1.03807200e-02 -1.26174040e-01
{ } { } rotation -4.15224260e-01 2.37724200e-02 5.19030400e-02
{21} {RF Upper A-arm} translation 1.39658000e-03 3.13273700e-02 -1.45823030e-01
{ } { } rotation -6.26543580e-01 2.37724200e-02 5.00000000e-08
{22} {RF Bell-crank} translation -1.39183670e-01 4.73357500e-02 -2.85024220e-01
{ } { } rotation -3.30000000e-07 -1.15961579e+00 1.18338826e+00
{23} {RF Anti-roll arm} translation -7.74959800e-02 2.10000000e-07 -3.36163350e-01
{ } { } rotation -3.30000000e-07 -1.55407855e+00 5.00000000e-08
{24} {RF Push-rod} translation 1.45902400e-02 7.47404800e-02 -1.50049430e-01
{ } { } rotation -4.35985460e-01 -1.82810000e-04 8.78358800e-02
{25} {RF Tie-rod} translation 8.78465000e-03 1.50172300e-02 -1.88352530e-01
{ } { } rotation -4.86970880e-01 -1.97197260e-01 5.86406700e-02
{26} {RF Wheel+hub} translation 2.87627800e-02 3.65176400e-02 -2.57045800e-02
{ } { } rotation -1.74246090e-01 4.12863000e-03 9.26190300e-02
{27} {RR Upright} translation -9.80650000e-04 3.44432800e-02 -3.53859300e-02
{ } { } rotation -1.15827120e-01 2.37724200e-02 5.00000000e-08
{28} {RR Lower A-arm} translation -4.54652000e-03 1.70692100e-02 -1.03662850e-01
{ } { } rotation -3.41384560e-01 2.37724200e-02 5.00000000e-08
{29} {RR Upper A-arm} translation 1.39658000e-03 2.59087000e-02 -1.18903210e-01
{ } { } rotation -5.18172830e-01 2.37724200e-02 5.00000000e-08
{30} {RR Bell-crank} translation 1.05000460e-01 5.12077300e-02 -2.24336030e-01
{ } { } rotation -3.30000000e-07 1.04792512e+00 -1.02415265e+00
{31} {RR Push-rod} translation -9.80660000e-04 6.82768900e-02 -1.20732070e-01
{ } { } rotation -3.41384560e-01 2.37724200e-02 5.00000000e-08
{32} {RR Tie-rod} translation -5.14084000e-03 8.53460000e-03 -1.58674120e-01
{ } { } rotation -3.27461790e-01 7.79165200e-02 -3.86738000e-03
{33} {RR Wheel+hub} translation -9.80640000e-04 3.44432800e-02 -2.38032200e-02
{ } { } rotation -1.15827120e-01 -1.40760000e-04 5.00000000e-08
{34} {RF Contact patch} translation 2.75241900e-02 -1.57561900e-02 -2.57045800e-02
{ } { } rotation -1.74246090e-01 4.12863000e-03 9.26190300e-02
{35} {RR Contact patch} translation -9.38420000e-04 -3.04860000e-04 -2.38032200e-02
{ } { } rotation -1.15827120e-01 -1.40760000e-04 5.00000000e-08
