%%% Connection Data 
num name rx ry rz ux uy uz
{1} {LF Wheel bearing} 1.20000000e+00 9.00000000e-01 3.00000000e-01 0.00000000e+00 1.00000000e+00 0.00000000e+00
{2} {LF Lower ball joint} 1.20000000e+00 8.00000000e-01 1.50000000e-01 0.00000000e+00 1.00000000e+00 0.00000000e+00
{3} {LF Lower A-arm pivot, rear} 1.00000000e+00 1.00000000e-01 1.50000000e-01 0.00000000e+00 1.00000000e+00 0.00000000e+00
{4} {LF Lower A-arm pivot, front} 1.40000000e+00 1.00000000e-01 1.00000000e-01 1.00000000e+00 0.00000000e+00 0.00000000e+00
{5} {LF Bell-crank pivot} 1.10000000e+00 4.00000000e-01 4.00000000e-01 0.00000000e+00 7.07106781e-01 7.07106781e-01
{6} {LF Upper A-arm pivot, front} 1.40000000e+00 3.00000000e-01 3.50000000e-01 1.00000000e+00 0.00000000e+00 0.00000000e+00
{7} {LF Upper A-arm pivot, rear} 1.00000000e+00 3.00000000e-01 3.50000000e-01 1.00000000e+00 0.00000000e+00 0.00000000e+00
{8} {LF Upper ball joint} 1.20000000e+00 7.50000000e-01 4.50000000e-01 1.00000000e+00 0.00000000e+00 0.00000000e+00
{9} {LF Lower push-rod end} 1.20000000e+00 7.00000000e-01 2.00000000e-01 0.00000000e+00 -8.32050294e-01 5.54700196e-01
{10} {LF Upper push-rod end} 1.20000000e+00 4.00000000e-01 4.00000000e-01 0.00000000e+00 -8.32050294e-01 5.54700196e-01
{11} {LF Inner tie-rod end} 9.50000000e-01 3.00000000e-01 2.60000000e-01 0.00000000e+00 -8.32050294e-01 5.54700196e-01
{12} {LF Outer tie-rod end} 1.13000000e+00 8.00000000e-01 3.00000000e-01 3.37763981e-01 9.38233281e-01 7.50586625e-02
{13} {LF Anti-roll mount} 1.30000000e+00 3.00000000e-01 3.50000000e-01 0.00000000e+00 1.00000000e+00 0.00000000e+00
{14} {LR Wheel bearing} -1.30000000e+00 9.00000000e-01 3.00000000e-01 0.00000000e+00 1.00000000e+00 0.00000000e+00
{15} {LR Lower ball joint} -1.30000000e+00 8.00000000e-01 1.50000000e-01 0.00000000e+00 1.00000000e+00 0.00000000e+00
{16} {LR Lower A-arm pivot, front} -1.10000000e+00 1.00000000e-01 1.00000000e-01 0.00000000e+00 1.00000000e+00 0.00000000e+00
{17} {LR Lower A-arm pivot, rear} -1.50000000e+00 1.00000000e-01 1.00000000e-01 1.00000000e+00 0.00000000e+00 0.00000000e+00
{18} {LR Bell-crank pivot} -1.20000000e+00 4.00000000e-01 4.00000000e-01 0.00000000e+00 7.07106781e-01 7.07106781e-01
{19} {LR Upper A-arm pivot, rear} -1.50000000e+00 3.00000000e-01 3.50000000e-01 1.00000000e+00 0.00000000e+00 0.00000000e+00
{20} {LR Upper A-arm pivot, front} -1.10000000e+00 3.00000000e-01 3.50000000e-01 1.00000000e+00 0.00000000e+00 0.00000000e+00
{21} {LR Upper ball joint} -1.30000000e+00 7.50000000e-01 4.50000000e-01 1.00000000e+00 0.00000000e+00 0.00000000e+00
{22} {LR Lower push-rod end} -1.30000000e+00 7.00000000e-01 2.00000000e-01 0.00000000e+00 -8.32050294e-01 5.54700196e-01
{23} {LR Upper push-rod end} -1.30000000e+00 4.00000000e-01 4.00000000e-01 0.00000000e+00 -8.32050294e-01 5.54700196e-01
{24} {LR Inner tie-rod end} -1.05000000e+00 1.00000000e-01 1.00000000e-01 0.00000000e+00 -8.32050294e-01 5.54700196e-01
{25} {LR Outer tie-rod end} -1.23000000e+00 8.00000000e-01 1.50000000e-01 -2.48447264e-01 9.66183805e-01 6.90131289e-02
{26} {LF Contact patch constraint} 1.20000000e+00 9.00000000e-01 0.00000000e+00 0.00000000e+00 1.00000000e+00 0.00000000e+00
{27} {LR Contact patch constraint} -1.30000000e+00 9.00000000e-01 0.00000000e+00 0.00000000e+00 1.00000000e+00 0.00000000e+00
{28} {RF Wheel bearing} 1.20000000e+00 -9.00000000e-01 3.00000000e-01 0.00000000e+00 -1.00000000e+00 0.00000000e+00
{29} {RF Lower ball joint} 1.20000000e+00 -8.00000000e-01 1.50000000e-01 0.00000000e+00 -1.00000000e+00 0.00000000e+00
{30} {RF Lower A-arm pivot, rear} 1.00000000e+00 -1.00000000e-01 1.50000000e-01 0.00000000e+00 -1.00000000e+00 0.00000000e+00
{31} {RF Lower A-arm pivot, front} 1.40000000e+00 -1.00000000e-01 1.00000000e-01 1.00000000e+00 -0.00000000e+00 0.00000000e+00
{32} {RF Bell-crank pivot} 1.10000000e+00 -4.00000000e-01 4.00000000e-01 0.00000000e+00 -7.07106781e-01 7.07106781e-01
{33} {RF Upper A-arm pivot, front} 1.40000000e+00 -3.00000000e-01 3.50000000e-01 1.00000000e+00 -0.00000000e+00 0.00000000e+00
{34} {RF Upper A-arm pivot, rear} 1.00000000e+00 -3.00000000e-01 3.50000000e-01 1.00000000e+00 -0.00000000e+00 0.00000000e+00
{35} {RF Upper ball joint} 1.20000000e+00 -7.50000000e-01 4.50000000e-01 1.00000000e+00 -0.00000000e+00 0.00000000e+00
{36} {RF Lower push-rod end} 1.20000000e+00 -7.00000000e-01 2.00000000e-01 0.00000000e+00 8.32050294e-01 5.54700196e-01
{37} {RF Upper push-rod end} 1.20000000e+00 -4.00000000e-01 4.00000000e-01 0.00000000e+00 8.32050294e-01 5.54700196e-01
{38} {RF Inner tie-rod end} 9.50000000e-01 -3.00000000e-01 2.60000000e-01 0.00000000e+00 8.32050294e-01 5.54700196e-01
{39} {RF Outer tie-rod end} 1.13000000e+00 -8.00000000e-01 3.00000000e-01 3.37763981e-01 -9.38233281e-01 7.50586625e-02
{40} {RF Anti-roll mount} 1.30000000e+00 -3.00000000e-01 3.50000000e-01 0.00000000e+00 -1.00000000e+00 0.00000000e+00
{41} {RR Wheel bearing} -1.30000000e+00 -9.00000000e-01 3.00000000e-01 0.00000000e+00 -1.00000000e+00 0.00000000e+00
{42} {RR Lower ball joint} -1.30000000e+00 -8.00000000e-01 1.50000000e-01 0.00000000e+00 -1.00000000e+00 0.00000000e+00
{43} {RR Lower A-arm pivot, front} -1.10000000e+00 -1.00000000e-01 1.00000000e-01 0.00000000e+00 -1.00000000e+00 0.00000000e+00
{44} {RR Lower A-arm pivot, rear} -1.50000000e+00 -1.00000000e-01 1.00000000e-01 1.00000000e+00 -0.00000000e+00 0.00000000e+00
{45} {RR Bell-crank pivot} -1.20000000e+00 -4.00000000e-01 4.00000000e-01 0.00000000e+00 -7.07106781e-01 7.07106781e-01
{46} {RR Upper A-arm pivot, rear} -1.50000000e+00 -3.00000000e-01 3.50000000e-01 1.00000000e+00 -0.00000000e+00 0.00000000e+00
{47} {RR Upper A-arm pivot, front} -1.10000000e+00 -3.00000000e-01 3.50000000e-01 1.00000000e+00 -0.00000000e+00 0.00000000e+00
{48} {RR Upper ball joint} -1.30000000e+00 -7.50000000e-01 4.50000000e-01 1.00000000e+00 -0.00000000e+00 0.00000000e+00
{49} {RR Lower push-rod end} -1.30000000e+00 -7.00000000e-01 2.00000000e-01 0.00000000e+00 8.32050294e-01 5.54700196e-01
{50} {RR Upper push-rod end} -1.30000000e+00 -4.00000000e-01 4.00000000e-01 0.00000000e+00 8.32050294e-01 5.54700196e-01
{51} {RR Inner tie-rod end} -1.05000000e+00 -1.00000000e-01 1.00000000e-01 0.00000000e+00 8.32050294e-01 5.54700196e-01
{52} {RR Outer tie-rod end} -1.23000000e+00 -8.00000000e-01 1.50000000e-01 -2.48447264e-01 -9.66183805e-01 6.90131289e-02
{53} {RF Contact patch constraint} 1.20000000e+00 -9.00000000e-01 0.00000000e+00 0.00000000e+00 -1.00000000e+00 0.00000000e+00
{54} {RR Contact patch constraint} -1.30000000e+00 -9.00000000e-01 0.00000000e+00 0.00000000e+00 -1.00000000e+00 0.00000000e+00
{55} {LF Tire, vertical} 1.20000000e+00 9.00000000e-01 0.00000000e+00 0.00000000e+00 0.00000000e+00 1.00000000e+00
{56} {LR Tire, vertical} -1.30000000e+00 9.00000000e-01 0.00000000e+00 0.00000000e+00 0.00000000e+00 1.00000000e+00
{57} {LF Tire, sidewall} 1.20000000e+00 9.00000000e-01 0.00000000e+00 0.00000000e+00 1.00000000e+00 0.00000000e+00
{58} {LR Tire, sidewall} -1.30000000e+00 9.00000000e-01 0.00000000e+00 0.00000000e+00 1.00000000e+00 0.00000000e+00
{59} {LF Tire, horizontal} 1.20000000e+00 9.00000000e-01 0.00000000e+00 0.00000000e+00 0.00000000e+00 1.00000000e+00
{60} {LR Tire, horizontal} -1.30000000e+00 9.00000000e-01 0.00000000e+00 0.00000000e+00 0.00000000e+00 1.00000000e+00
{61} {RF Tire, vertical} 1.20000000e+00 -9.00000000e-01 0.00000000e+00 0.00000000e+00 -0.00000000e+00 1.00000000e+00
{62} {RR Tire, vertical} -1.30000000e+00 -9.00000000e-01 0.00000000e+00 0.00000000e+00 -0.00000000e+00 1.00000000e+00
{63} {RF Tire, sidewall} 1.20000000e+00 -9.00000000e-01 0.00000000e+00 0.00000000e+00 -1.00000000e+00 0.00000000e+00
{64} {RR Tire, sidewall} -1.30000000e+00 -9.00000000e-01 0.00000000e+00 0.00000000e+00 -1.00000000e+00 0.00000000e+00
{65} {RF Tire, horizontal} 1.20000000e+00 -9.00000000e-01 0.00000000e+00 0.00000000e+00 -0.00000000e+00 1.00000000e+00
{66} {RR Tire, horizontal} -1.30000000e+00 -9.00000000e-01 0.00000000e+00 0.00000000e+00 -0.00000000e+00 1.00000000e+00
