%%% Preload
num name type fx fy fz fxyz 
{1} {LF Wheel bearing} force 0.00000000e+00 0.00000000e+00 -3.75757952e+03 3.75757952e+03
{2} {LF Lower ball joint} force -1.26000000e+00 -1.21341951e+03 -3.94047148e+03 4.12306973e+03
{3} {LF Lower A-arm pivot, rear} force -1.26000000e+00 -3.45169034e+03 -4.80745200e+01 3.45202534e+03
{4} {LF Lower A-arm pivot, front} force 0.00000000e+00 -3.44728034e+03 -4.80745200e+01 3.44761554e+03
{5} {LF Bell-crank pivot} force -4.73354480e+03 5.68555116e+03 -3.77565244e+03 8.30587080e+03
{} {} moment -5.88600000e-01 -9.52006400e+01 9.52006400e+01 1.34635323e+02
{6} {LF Upper A-arm pivot, front} force 0.00000000e+00 6.05224250e+02 1.42669280e+02 6.21812605e+02
{7} {LF Upper A-arm pivot, rear} force 1.00227000e+00 6.07479360e+02 1.43170410e+02 6.24123340e+02
{8} {LF Upper ball joint} force -1.00227000e+00 -1.21270360e+03 -2.36789690e+02 1.23560527e+03
{9} {LF Lower push-rod end} force -0.00000000e+00 5.68555116e+03 -3.79527244e+03 6.83590410e+03
{10} {LF Upper push-rod end} force 0.00000000e+00 -5.68555116e+03 3.78546244e+03 6.83046249e+03
{11} {LF Inner tie-rod end} force -2.57730000e-01 -7.15910000e-01 -4.96227000e+00 5.02026647e+00
{12} {LF Outer tie-rod end} force 2.57730000e-01 7.15910000e-01 -4.84773000e+00 4.90708040e+00
{13} {LF Anti-roll mount} force -1.45000000e-03 0.00000000e+00 9.81000000e+00 9.81000011e+00
{14} {LR Wheel bearing} force 0.00000000e+00 -0.00000000e+00 -3.47239048e+03 3.47239048e+03
{15} {LR Lower ball joint} force 1.33878000e+00 -1.12218875e+03 -3.63498893e+03 3.80426785e+03
{16} {LR Lower A-arm pivot, front} force 1.33878000e+00 -3.02435205e+03 -1.50074440e+02 3.02807355e+03
{17} {LR Lower A-arm pivot, rear} force 0.00000000e+00 -3.01966633e+03 -1.49739740e+02 3.02337671e+03
{18} {LR Bell-crank pivot} force 4.09661969e+03 4.92182963e+03 -3.26650475e+03 7.18865447e+03
{} {} moment -4.90500000e-01 8.25209900e+01 -8.25209900e+01 1.16703334e+02
{19} {LR Upper A-arm pivot, rear} force 0.00000000e+00 5.59418020e+02 1.32490120e+02 5.74893167e+02
{20} {LR Upper A-arm pivot, front} force -1.13104000e+00 5.61962850e+02 1.33055630e+02 5.77500930e+02
{21} {LR Upper ball joint} force 1.13104000e+00 -1.12138087e+03 -2.16495750e+02 1.14208876e+03
{22} {LR Lower push-rod end} force -0.00000000e+00 4.92182963e+03 -3.28612475e+03 5.91802524e+03
{23} {LR Upper push-rod end} force 0.00000000e+00 -4.92182963e+03 3.27631475e+03 5.91258364e+03
{24} {LR Inner tie-rod end} force 2.07740000e-01 -8.07880000e-01 -4.96271000e+00 5.03232715e+00
{25} {LR Outer tie-rod end} force -2.07740000e-01 8.07880000e-01 -4.84729000e+00 4.91854108e+00
{26} {LF Contact patch constraint} force 0.00000000e+00 0.00000000e+00 0.00000000e+00 0.00000000e+00
{27} {LR Contact patch constraint} force 0.00000000e+00 0.00000000e+00 0.00000000e+00 0.00000000e+00
{28} {RF Wheel bearing} force -0.00000000e+00 0.00000000e+00 -3.75758680e+03 3.75758680e+03
{29} {RF Lower ball joint} force -1.26000000e+00 1.21342185e+03 -3.94047928e+03 4.12307787e+03
{30} {RF Lower A-arm pivot, rear} force -1.26000000e+00 3.45169719e+03 -4.80746300e+01 3.45203219e+03
{31} {RF Lower A-arm pivot, front} force 0.00000000e+00 3.44728719e+03 -4.80746300e+01 3.44762239e+03
{32} {RF Bell-crank pivot} force -4.73355427e+03 -5.68556253e+03 -3.77566002e+03 8.30588742e+03
{} {} moment 5.88600000e-01 -9.52008300e+01 -9.52008300e+01 1.34635592e+02
{33} {RF Upper A-arm pivot, front} force 0.00000000e+00 -6.05225410e+02 1.42669540e+02 6.21813794e+02
{34} {RF Upper A-arm pivot, rear} force 1.00227000e+00 -6.07480530e+02 1.43170670e+02 6.24124539e+02
{35} {RF Upper ball joint} force -1.00227000e+00 1.21270594e+03 -2.36790210e+02 1.23560767e+03
{36} {RF Lower push-rod end} force 0.00000000e+00 -5.68556253e+03 -3.79528002e+03 6.83591777e+03
{37} {RF Upper push-rod end} force -0.00000000e+00 5.68556253e+03 3.78547002e+03 6.83047616e+03
{38} {RF Inner tie-rod end} force -2.57730000e-01 7.15910000e-01 -4.96227000e+00 5.02026647e+00
{39} {RF Outer tie-rod end} force 2.57730000e-01 -7.15910000e-01 -4.84773000e+00 4.90708040e+00
{40} {RF Anti-roll mount} force 1.45000000e-03 0.00000000e+00 9.81000000e+00 9.81000011e+00
{41} {RR Wheel bearing} force -0.00000000e+00 -0.00000000e+00 -3.47238320e+03 3.47238320e+03
{42} {RR Lower ball joint} force 1.33878000e+00 1.12218641e+03 -3.63498114e+03 3.80425972e+03
{43} {RR Lower A-arm pivot, front} force 1.33878000e+00 3.02434554e+03 -1.50074100e+02 3.02806704e+03
{44} {RR Lower A-arm pivot, rear} force 0.00000000e+00 3.01965982e+03 -1.49739400e+02 3.02337019e+03
{45} {RR Bell-crank pivot} force 4.09661079e+03 -4.92181895e+03 -3.26649763e+03 7.18863885e+03
{} {} moment 4.90500000e-01 8.25208200e+01 8.25208200e+01 1.16703094e+02
{46} {RR Upper A-arm pivot, rear} force 0.00000000e+00 -5.59416850e+02 1.32489860e+02 5.74891968e+02
{47} {RR Upper A-arm pivot, front} force -1.13104000e+00 -5.61961680e+02 1.33055370e+02 5.77499732e+02
{48} {RR Upper ball joint} force 1.13104000e+00 1.12137853e+03 -2.16495230e+02 1.14208637e+03
{49} {RR Lower push-rod end} force 0.00000000e+00 -4.92181895e+03 -3.28611763e+03 5.91801241e+03
{50} {RR Upper push-rod end} force -0.00000000e+00 4.92181895e+03 3.27630763e+03 5.91257080e+03
{51} {RR Inner tie-rod end} force 2.07740000e-01 8.07880000e-01 -4.96271000e+00 5.03232715e+00
{52} {RR Outer tie-rod end} force -2.07740000e-01 -8.07880000e-01 -4.84729000e+00 4.91854108e+00
{53} {RF Contact patch constraint} force -0.00000000e+00 0.00000000e+00 -0.00000000e+00 0.00000000e+00
{54} {RR Contact patch constraint} force -0.00000000e+00 0.00000000e+00 0.00000000e+00 0.00000000e+00
{55} {LF Tire, vertical} force 0.00000000e+00 0.00000000e+00 3.85567952e+03 3.85567952e+03
{56} {LR Tire, vertical} force 0.00000000e+00 0.00000000e+00 3.57049048e+03 3.57049048e+03
{57} {LF Tire, sidewall} force 0.00000000e+00 0.00000000e+00 0.00000000e+00 0.00000000e+00
{58} {LR Tire, sidewall} force 0.00000000e+00 0.00000000e+00 0.00000000e+00 0.00000000e+00
{59} {LF Tire, horizontal} force 0.00000000e+00 0.00000000e+00 0.00000000e+00 0.00000000e+00
{60} {LR Tire, horizontal} force 0.00000000e+00 0.00000000e+00 0.00000000e+00 0.00000000e+00
{61} {RF Tire, vertical} force 0.00000000e+00 -0.00000000e+00 3.85568680e+03 3.85568680e+03
{62} {RR Tire, vertical} force 0.00000000e+00 -0.00000000e+00 3.57048320e+03 3.57048320e+03
{63} {RF Tire, sidewall} force 0.00000000e+00 -0.00000000e+00 0.00000000e+00 0.00000000e+00
{64} {RR Tire, sidewall} force 0.00000000e+00 -0.00000000e+00 0.00000000e+00 0.00000000e+00
{65} {RF Tire, horizontal} force 0.00000000e+00 0.00000000e+00 0.00000000e+00 0.00000000e+00
{66} {RR Tire, horizontal} force 0.00000000e+00 0.00000000e+00 0.00000000e+00 0.00000000e+00
{67} {LF Suspension spring} force 4.73354625e+03 -0.00000000e+00 -0.00000000e+00 -4.73354625e+03
{68} {LR Suspension spring} force -4.09661969e+03 -0.00000000e+00 -0.00000000e+00 -4.09661969e+03
{69} {Anti-roll bar} moment 0.00000000e+00 -2.20000000e-04 0.00000000e+00 2.20000000e-04
{70} {RF Suspension spring} force 4.73355283e+03 -0.00000000e+00 -0.00000000e+00 -4.73355283e+03
{71} {RR Suspension spring} force -4.09661079e+03 -0.00000000e+00 -0.00000000e+00 -4.09661079e+03
{72} {LF Drop link} force -1.45000000e-03 -0.00000000e+00 -0.00000000e+00 -1.45000000e-03
{73} {RF Drop link} force 1.45000000e-03 0.00000000e+00 0.00000000e+00 1.45000000e-03
