7 1 -1.000000000000e+00
12 1 -1.000000000000e+00
17 1 -1.000000000000e+00
23 1 -1.000000000000e+00
8 2 -1.000000000000e+00
13 2 -1.000000000000e+00
18 2 -1.000000000000e+00
24 2 -1.000000000000e+00
9 3 -1.000000000000e+00
14 3 -1.000000000000e+00
19 3 -1.000000000000e+00
25 3 -1.000000000000e+00
8 4 -1.116000000000e-01
10 4 1.000000000000e+00
13 4 -2.846000000000e-01
15 4 1.000000000000e+00
18 4 3.714000000000e-01
20 4 -1.000000000000e+00
24 4 2.766000000000e-01
27 4 -9.135369243015e-01
7 5 1.116000000000e-01
9 5 -1.289000000000e-01
12 5 2.846000000000e-01
14 5 -1.389000000000e-01
17 5 -3.714000000000e-01
19 5 -3.139000000000e-01
21 5 -1.000000000000e+00
23 5 -2.766000000000e-01
25 5 4.951000000000e-01
26 5 -1.000000000000e+00
46 5 1.000000000000e+01
51 5 1.000000000000e+01
56 5 1.000000000000e+01
62 5 1.000000000000e+01
8 6 1.289000000000e-01
11 6 -1.000000000000e+00
13 6 1.389000000000e-01
16 6 -1.000000000000e+00
18 6 3.139000000000e-01
22 6 -1.000000000000e+00
24 6 -4.951000000000e-01
27 6 -4.067558087327e-01
45 6 -1.000000000000e+01
50 6 -1.000000000000e+01
55 6 -1.000000000000e+01
61 6 -1.000000000000e+01
17 7 1.000000000000e+00
18 8 1.000000000000e+00
19 9 1.000000000000e+00
18 10 2.962000000000e-01
20 10 1.000000000000e+00
17 11 -2.962000000000e-01
19 11 5.100000000000e-02
21 11 1.000000000000e+00
56 11 -1.000000000000e+01
18 12 -5.100000000000e-02
22 12 1.000000000000e+00
55 12 1.000000000000e+01
23 13 1.000000000000e+00
33 13 9.042486467460e-01
24 14 1.000000000000e+00
34 14 1.000000000000e+00
25 15 1.000000000000e+00
33 15 4.270063054078e-01
24 16 2.100000000000e-02
27 16 9.135369243015e-01
34 16 3.440000000000e-01
35 16 1.000000000000e+00
23 17 -2.100000000000e-02
25 17 -9.000000000000e-03
26 17 1.000000000000e+00
33 17 -3.870686568432e-01
36 17 1.000000000000e+00
62 17 -1.000000000000e+01
70 17 -4.270063054078e+00
24 18 9.000000000000e-03
27 18 4.067558087327e-01
34 18 1.780000000000e-01
37 18 1.000000000000e+00
61 18 1.000000000000e+01
71 18 1.000000000000e+01
28 19 1.000000000000e+00
33 19 -9.042486467460e-01
29 20 1.000000000000e+00
34 20 -1.000000000000e+00
30 21 1.000000000000e+00
33 21 -4.270063054078e-01
29 22 4.200000000000e-02
31 22 -1.000000000000e+00
34 22 1.020000000000e-01
35 22 -1.000000000000e+00
28 23 -4.200000000000e-02
30 23 -4.500000000000e-02
33 23 -1.020545069925e-01
36 23 -1.000000000000e+00
67 23 -1.000000000000e+01
70 23 4.270063054078e+00
29 24 4.500000000000e-02
32 24 1.000000000000e+00
34 24 2.300000000000e-02
37 24 -1.000000000000e+00
66 24 1.000000000000e+01
71 24 -1.000000000000e+01
1 25 7.065293157494e-01
2 25 1.000000000000e+00
7 25 1.000000000000e+00
3 26 1.000000000000e+00
8 26 1.000000000000e+00
1 27 -7.076837754157e-01
4 27 1.000000000000e+00
9 27 1.000000000000e+00
3 28 1.430000000000e-02
5 28 -1.000000000000e+00
8 28 -4.950000000000e-02
10 28 -1.000000000000e+00
1 29 9.890556120339e-02
2 29 -1.430000000000e-02
4 29 1.960000000000e-01
7 29 4.950000000000e-02
9 29 -3.530000000000e-01
38 29 7.076837754157e+00
41 29 -1.000000000000e+01
46 29 -1.000000000000e+01
3 30 -1.960000000000e-01
6 30 1.000000000000e+00
8 30 3.530000000000e-01
11 30 1.000000000000e+00
40 30 1.000000000000e+01
45 30 1.000000000000e+01
1 31 -7.065293157494e-01
12 31 1.000000000000e+00
13 32 1.000000000000e+00
1 33 7.076837754157e-01
14 33 1.000000000000e+00
13 34 -1.506666666667e-02
15 34 -1.000000000000e+00
1 35 1.311562385840e-02
12 35 1.506666666667e-02
14 35 -4.636666666667e-02
38 35 -7.076837754157e+00
51 35 -1.000000000000e+01
13 36 4.636666666667e-02
16 36 1.000000000000e+00
50 36 1.000000000000e+01
28 37 -1.000000000000e+00
29 38 -1.000000000000e+00
30 39 -1.000000000000e+00
31 40 1.000000000000e+00
67 41 1.000000000000e+01
32 42 -1.000000000000e+00
66 42 -1.000000000000e+01
2 43 -1.000000000000e+00
3 44 -1.000000000000e+00
4 45 -1.000000000000e+00
5 46 1.000000000000e+00
41 47 1.000000000000e+01
6 48 -1.000000000000e+00
40 48 -1.000000000000e+01
44 49 -1.000000000000e+00
49 49 -1.000000000000e+00
54 49 -1.000000000000e+00
60 49 -1.000000000000e+00
45 50 -1.000000000000e+00
50 50 -1.000000000000e+00
55 50 -1.000000000000e+00
61 50 -1.000000000000e+00
46 51 -1.000000000000e+00
51 51 -1.000000000000e+00
56 51 -1.000000000000e+00
62 51 -1.000000000000e+00
45 52 -1.116000000000e-01
47 52 1.000000000000e+00
50 52 -2.846000000000e-01
52 52 1.000000000000e+00
55 52 3.714000000000e-01
57 52 -1.000000000000e+00
61 52 2.766000000000e-01
64 52 -9.135369243015e-01
44 53 1.116000000000e-01
46 53 -1.289000000000e-01
49 53 2.846000000000e-01
51 53 -1.389000000000e-01
54 53 -3.714000000000e-01
56 53 -3.139000000000e-01
58 53 -1.000000000000e+00
60 53 -2.766000000000e-01
62 53 4.951000000000e-01
63 53 -1.000000000000e+00
45 54 1.289000000000e-01
48 54 -1.000000000000e+00
50 54 1.389000000000e-01
53 54 -1.000000000000e+00
55 54 3.139000000000e-01
59 54 -1.000000000000e+00
61 54 -4.951000000000e-01
64 54 -4.067558087327e-01
54 55 1.000000000000e+00
55 56 1.000000000000e+00
56 57 1.000000000000e+00
55 58 2.962000000000e-01
57 58 1.000000000000e+00
54 59 -2.962000000000e-01
56 59 5.100000000000e-02
58 59 1.000000000000e+00
55 60 -5.100000000000e-02
59 60 1.000000000000e+00
60 61 1.000000000000e+00
70 61 9.042486467460e-01
61 62 1.000000000000e+00
71 62 1.000000000000e+00
62 63 1.000000000000e+00
70 63 4.270063054078e-01
61 64 2.100000000000e-02
64 64 9.135369243015e-01
71 64 3.440000000000e-01
72 64 1.000000000000e+00
60 65 -2.100000000000e-02
62 65 -9.000000000000e-03
63 65 1.000000000000e+00
70 65 -3.870686568432e-01
73 65 1.000000000000e+00
61 66 9.000000000000e-03
64 66 4.067558087327e-01
71 66 1.780000000000e-01
74 66 1.000000000000e+00
65 67 1.000000000000e+00
70 67 -9.042486467460e-01
66 68 1.000000000000e+00
71 68 -1.000000000000e+00
67 69 1.000000000000e+00
70 69 -4.270063054078e-01
66 70 4.200000000000e-02
68 70 -1.000000000000e+00
71 70 1.020000000000e-01
72 70 -1.000000000000e+00
65 71 -4.200000000000e-02
67 71 -4.500000000000e-02
70 71 -1.020545069925e-01
73 71 -1.000000000000e+00
66 72 4.500000000000e-02
69 72 1.000000000000e+00
71 72 2.300000000000e-02
74 72 -1.000000000000e+00
38 73 7.065293157494e-01
39 73 1.000000000000e+00
44 73 1.000000000000e+00
40 74 1.000000000000e+00
45 74 1.000000000000e+00
38 75 -7.076837754157e-01
41 75 1.000000000000e+00
46 75 1.000000000000e+00
40 76 1.430000000000e-02
42 76 -1.000000000000e+00
45 76 -4.950000000000e-02
47 76 -1.000000000000e+00
38 77 9.890556120339e-02
39 77 -1.430000000000e-02
41 77 1.960000000000e-01
44 77 4.950000000000e-02
46 77 -3.530000000000e-01
40 78 -1.960000000000e-01
43 78 1.000000000000e+00
45 78 3.530000000000e-01
48 78 1.000000000000e+00
38 79 -7.065293157494e-01
49 79 1.000000000000e+00
50 80 1.000000000000e+00
38 81 7.076837754157e-01
51 81 1.000000000000e+00
50 82 -1.506666666667e-02
52 82 -1.000000000000e+00
38 83 1.311562385840e-02
49 83 1.506666666667e-02
51 83 -4.636666666667e-02
50 84 4.636666666667e-02
53 84 1.000000000000e+00
65 85 -1.000000000000e+00
66 86 -1.000000000000e+00
67 87 -1.000000000000e+00
68 88 1.000000000000e+00
69 90 -1.000000000000e+00
39 91 -1.000000000000e+00
40 92 -1.000000000000e+00
41 93 -1.000000000000e+00
42 94 1.000000000000e+00
43 96 -1.000000000000e+00
