%%% Speed, Mode, Body, Rotation centre, Axis of rotation
0.00000000e+00  1  f-axle 8.02880000e-01 + -6.85000000e-03i, -0.00000000e+00 + 0.00000000e+00i, -1.53400000e-02 + 2.24000000e-03i, 9.41100000e-01 + 0.00000000e+00i, 0.00000000e+00 + 0.00000000e+00i, 3.34500000e-01 + 4.93700000e-02i, 
0.00000000e+00  1  lf-axle 7.41040000e-01 + -1.55000000e-02i, 1.77780000e-01 + 1.90300000e-02i, 4.68800000e-02 + 4.06000000e-03i, 9.33160000e-01 + 0.00000000e+00i, 1.09070000e-01 + -8.05000000e-03i, -3.29840000e-01 + 9.20100000e-02i, 
0.00000000e+00  1  rf-axle 7.41040000e-01 + -1.55000000e-02i, -1.77780000e-01 + -1.90300000e-02i, 4.68800000e-02 + 4.06000000e-03i, 9.33160000e-01 + 0.00000000e+00i, -1.09070000e-01 + 8.05000000e-03i, -3.29840000e-01 + 9.20100000e-02i, 
0.00000000e+00  1  r-axle-t -7.61130000e-01 + 4.00000000e-05i, 0.00000000e+00 + 0.00000000e+00i, 3.66100000e-01 + 4.77000000e-03i, 9.99740000e-01 + 0.00000000e+00i, -0.00000000e+00 + 0.00000000e+00i, -2.29400000e-02 + -1.72000000e-03i, 
0.00000000e+00  1  r-axle-b -7.61660000e-01 + 2.00000000e-05i, 0.00000000e+00 + 0.00000000e+00i, 1.43280000e-01 + 1.87000000e-03i, 9.99740000e-01 + 0.00000000e+00i, -0.00000000e+00 + 0.00000000e+00i, -2.29400000e-02 + -1.72000000e-03i, 
0.00000000e+00  1  lr-axle -7.18110000e-01 + 2.27000000e-03i, 5.08696000e+00 + -5.80200000e-01i, 8.79000000e-03 + 0.00000000e+00i, -9.72740000e-01 + -1.23820000e-01i, -0.00000000e+00 + 0.00000000e+00i, -1.95520000e-01 + -1.46900000e-02i, 
0.00000000e+00  1  rr-axle -7.18110000e-01 + 2.27000000e-03i, -5.08696000e+00 + 5.80200000e-01i, 8.79000000e-03 + 0.00000000e+00i, 9.72740000e-01 + 1.23820000e-01i, 0.00000000e+00 + 0.00000000e+00i, 1.95520000e-01 + 1.46900000e-02i, 
0.00000000e+00  1  chassis 1.43200000e-01 + 1.50600000e-02i, 0.00000000e+00 + 0.00000000e+00i, 5.64020000e-01 + 1.27180000e-01i, 8.97510000e-01 + 0.00000000e+00i, -0.00000000e+00 + 0.00000000e+00i, -4.15130000e-01 + -1.48780000e-01i, 
0.00000000e+00  1  lf-wheel 4.86610000e-01 + 3.06800000e-02i, 2.99720000e-01 + 1.35600000e-02i, 1.90900000e-02 + 0.00000000e+00i, 7.87510000e-01 + 0.00000000e+00i, -5.33000000e-01 + -1.10580000e-01i, -2.78360000e-01 + 7.76500000e-02i, 
0.00000000e+00  1  rf-wheel 4.86610000e-01 + 3.06800000e-02i, -2.99720000e-01 + -1.35600000e-02i, 1.90900000e-02 + 0.00000000e+00i, 7.87510000e-01 + 0.00000000e+00i, 5.33000000e-01 + 1.10580000e-01i, -2.78360000e-01 + 7.76500000e-02i, 
0.00000000e+00  1  lr-wheel 1.15393000e+00 + -1.42040000e-01i, 4.14748000e+00 + -4.58710000e-01i, 6.95000000e-03 + 0.00000000e+00i, -8.64780000e-01 + -1.11250000e-01i, 4.56250000e-01 + 3.48800000e-02i, -1.73830000e-01 + -1.32900000e-02i, 
0.00000000e+00  1  rr-wheel 1.15393000e+00 + -1.42040000e-01i, -4.14748000e+00 + 4.58710000e-01i, 6.95000000e-03 + 0.00000000e+00i, 8.64780000e-01 + 1.11250000e-01i, 4.56250000e-01 + 3.48800000e-02i, 1.73830000e-01 + 1.32900000e-02i, 

0.00000000e+00  2  f-axle 8.02880000e-01 + 6.85000000e-03i, -0.00000000e+00 + 0.00000000e+00i, -1.53400000e-02 + -2.24000000e-03i, 9.41100000e-01 + 0.00000000e+00i, 0.00000000e+00 + 0.00000000e+00i, 3.34500000e-01 + -4.93700000e-02i, 
0.00000000e+00  2  lf-axle 7.41040000e-01 + 1.55000000e-02i, 1.77780000e-01 + -1.90300000e-02i, 4.68800000e-02 + -4.06000000e-03i, 9.33160000e-01 + 0.00000000e+00i, 1.09070000e-01 + 8.05000000e-03i, -3.29840000e-01 + -9.20100000e-02i, 
0.00000000e+00  2  rf-axle 7.41040000e-01 + 1.55000000e-02i, -1.77780000e-01 + 1.90300000e-02i, 4.68800000e-02 + -4.06000000e-03i, 9.33160000e-01 + 0.00000000e+00i, -1.09070000e-01 + -8.05000000e-03i, -3.29840000e-01 + -9.20100000e-02i, 
0.00000000e+00  2  r-axle-t -7.61130000e-01 + -4.00000000e-05i, 0.00000000e+00 + 0.00000000e+00i, 3.66100000e-01 + -4.77000000e-03i, 9.99740000e-01 + 0.00000000e+00i, -0.00000000e+00 + 0.00000000e+00i, -2.29400000e-02 + 1.72000000e-03i, 
0.00000000e+00  2  r-axle-b -7.61660000e-01 + -2.00000000e-05i, 0.00000000e+00 + 0.00000000e+00i, 1.43280000e-01 + -1.87000000e-03i, 9.99740000e-01 + 0.00000000e+00i, -0.00000000e+00 + 0.00000000e+00i, -2.29400000e-02 + 1.72000000e-03i, 
0.00000000e+00  2  lr-axle -7.18110000e-01 + -2.27000000e-03i, 5.08696000e+00 + 5.80200000e-01i, 8.79000000e-03 + 0.00000000e+00i, -9.72740000e-01 + 1.23820000e-01i, -0.00000000e+00 + 0.00000000e+00i, -1.95520000e-01 + 1.46900000e-02i, 
0.00000000e+00  2  rr-axle -7.18110000e-01 + -2.27000000e-03i, -5.08696000e+00 + -5.80200000e-01i, 8.79000000e-03 + 0.00000000e+00i, 9.72740000e-01 + -1.23820000e-01i, 0.00000000e+00 + 0.00000000e+00i, 1.95520000e-01 + -1.46900000e-02i, 
0.00000000e+00  2  chassis 1.43200000e-01 + -1.50600000e-02i, 0.00000000e+00 + 0.00000000e+00i, 5.64020000e-01 + -1.27180000e-01i, 8.97510000e-01 + 0.00000000e+00i, -0.00000000e+00 + 0.00000000e+00i, -4.15130000e-01 + 1.48780000e-01i, 
0.00000000e+00  2  lf-wheel 4.86610000e-01 + -3.06800000e-02i, 2.99720000e-01 + -1.35600000e-02i, 1.90900000e-02 + 0.00000000e+00i, 7.87510000e-01 + 0.00000000e+00i, -5.33000000e-01 + 1.10580000e-01i, -2.78360000e-01 + -7.76500000e-02i, 
0.00000000e+00  2  rf-wheel 4.86610000e-01 + -3.06800000e-02i, -2.99720000e-01 + 1.35600000e-02i, 1.90900000e-02 + 0.00000000e+00i, 7.87510000e-01 + 0.00000000e+00i, 5.33000000e-01 + -1.10580000e-01i, -2.78360000e-01 + -7.76500000e-02i, 
0.00000000e+00  2  lr-wheel 1.15393000e+00 + 1.42040000e-01i, 4.14748000e+00 + 4.58710000e-01i, 6.95000000e-03 + 0.00000000e+00i, -8.64780000e-01 + 1.11250000e-01i, 4.56250000e-01 + -3.48800000e-02i, -1.73830000e-01 + 1.32900000e-02i, 
0.00000000e+00  2  rr-wheel 1.15393000e+00 + 1.42040000e-01i, -4.14748000e+00 + -4.58710000e-01i, 6.95000000e-03 + 0.00000000e+00i, 8.64780000e-01 + -1.11250000e-01i, 4.56250000e-01 + -3.48800000e-02i, 1.73830000e-01 + -1.32900000e-02i, 

0.00000000e+00  3  f-axle 7.52260000e-01 + 1.40000000e-04i, 0.00000000e+00 + 0.00000000e+00i, -1.73000000e-02 + -2.40000000e-04i, 9.96570000e-01 + 0.00000000e+00i, -0.00000000e+00 + 0.00000000e+00i, -8.27600000e-02 + -1.33000000e-03i, 
0.00000000e+00  3  lf-axle 7.01320000e-01 + 7.70000000e-04i, 1.25890000e-01 + 3.70000000e-04i, 4.34000000e-02 + -1.00000000e-05i, 8.94020000e-01 + 0.00000000e+00i, 6.56100000e-02 + 8.20000000e-04i, -4.43150000e-01 + -5.74000000e-03i, 
0.00000000e+00  3  rf-axle 7.01320000e-01 + 7.70000000e-04i, -1.25890000e-01 + -3.70000000e-04i, 4.34000000e-02 + -1.00000000e-05i, 8.94020000e-01 + 0.00000000e+00i, -6.56100000e-02 + -8.20000000e-04i, -4.43150000e-01 + -5.74000000e-03i, 
0.00000000e+00  3  r-axle-t -6.69870000e-01 + 2.82500000e-02i, -0.00000000e+00 + 0.00000000e+00i, 4.19230000e-01 + 3.67700000e-02i, 7.12320000e-01 + 0.00000000e+00i, -0.00000000e+00 + 0.00000000e+00i, -6.99140000e-01 + -6.15900000e-02i, 
0.00000000e+00  3  r-axle-b -7.25940000e-01 + 1.10600000e-02i, -0.00000000e+00 + 0.00000000e+00i, 1.64070000e-01 + 1.43900000e-02i, 7.12320000e-01 + 0.00000000e+00i, -0.00000000e+00 + 0.00000000e+00i, -6.99140000e-01 + -6.15900000e-02i, 
0.00000000e+00  3  lr-axle -6.65930000e-01 + 2.94600000e-02i, 3.71280000e-01 + -9.22400000e-02i, 1.68780000e-01 + 0.00000000e+00i, 4.89070000e-01 + 1.49960000e-01i, 0.00000000e+00 + 0.00000000e+00i, 8.59260000e-01 + 0.00000000e+00i, 
0.00000000e+00  3  rr-axle -6.65930000e-01 + 2.94600000e-02i, -3.71280000e-01 + 9.22400000e-02i, 1.68780000e-01 + 0.00000000e+00i, 4.89070000e-01 + 1.49960000e-01i, 0.00000000e+00 + 0.00000000e+00i, 8.59260000e-01 + 0.00000000e+00i, 
0.00000000e+00  3  chassis -5.16760000e-01 + 4.57600000e-02i, 0.00000000e+00 + 0.00000000e+00i, 4.69930000e-01 + -9.95800000e-02i, 3.20860000e-01 + 1.51740000e-01i, 0.00000000e+00 + 0.00000000e+00i, 9.34890000e-01 + 0.00000000e+00i, 
0.00000000e+00  3  lf-wheel 8.00270000e-01 + -7.70000000e-04i, 1.54850000e-01 + 3.50000000e-04i, 4.21800000e-02 + 0.00000000e+00i, 8.66480000e-01 + 0.00000000e+00i, 2.54360000e-01 + 3.64000000e-03i, -4.29500000e-01 + -5.56000000e-03i, 
0.00000000e+00  3  rf-wheel 8.00270000e-01 + -7.70000000e-04i, -1.54850000e-01 + -3.50000000e-04i, 4.21800000e-02 + 0.00000000e+00i, 8.66480000e-01 + 0.00000000e+00i, -2.54360000e-01 + -3.64000000e-03i, -4.29500000e-01 + -5.56000000e-03i, 
0.00000000e+00  3  lr-wheel -5.78230000e-01 + -1.35400000e-02i, 5.62420000e-01 + -1.51600000e-02i, 2.77300000e-02 + 0.00000000e+00i, -1.98240000e-01 + -6.07900000e-02i, 9.14160000e-01 + 0.00000000e+00i, -3.48300000e-01 + 0.00000000e+00i, 
0.00000000e+00  3  rr-wheel -5.78230000e-01 + -1.35400000e-02i, -5.62420000e-01 + 1.51600000e-02i, 2.77300000e-02 + 0.00000000e+00i, 1.98240000e-01 + 6.07900000e-02i, 9.14160000e-01 + 0.00000000e+00i, 3.48300000e-01 + 0.00000000e+00i, 

0.00000000e+00  4  f-axle 7.52260000e-01 + -1.40000000e-04i, 0.00000000e+00 + 0.00000000e+00i, -1.73000000e-02 + 2.40000000e-04i, 9.96570000e-01 + 0.00000000e+00i, -0.00000000e+00 + 0.00000000e+00i, -8.27600000e-02 + 1.33000000e-03i, 
0.00000000e+00  4  lf-axle 7.01320000e-01 + -7.70000000e-04i, 1.25890000e-01 + -3.70000000e-04i, 4.34000000e-02 + 1.00000000e-05i, 8.94020000e-01 + 0.00000000e+00i, 6.56100000e-02 + -8.20000000e-04i, -4.43150000e-01 + 5.74000000e-03i, 
0.00000000e+00  4  rf-axle 7.01320000e-01 + -7.70000000e-04i, -1.25890000e-01 + 3.70000000e-04i, 4.34000000e-02 + 1.00000000e-05i, 8.94020000e-01 + 0.00000000e+00i, -6.56100000e-02 + 8.20000000e-04i, -4.43150000e-01 + 5.74000000e-03i, 
0.00000000e+00  4  r-axle-t -6.69870000e-01 + -2.82500000e-02i, -0.00000000e+00 + 0.00000000e+00i, 4.19230000e-01 + -3.67700000e-02i, 7.12320000e-01 + 0.00000000e+00i, -0.00000000e+00 + 0.00000000e+00i, -6.99140000e-01 + 6.15900000e-02i, 
0.00000000e+00  4  r-axle-b -7.25940000e-01 + -1.10600000e-02i, -0.00000000e+00 + 0.00000000e+00i, 1.64070000e-01 + -1.43900000e-02i, 7.12320000e-01 + 0.00000000e+00i, -0.00000000e+00 + 0.00000000e+00i, -6.99140000e-01 + 6.15900000e-02i, 
0.00000000e+00  4  lr-axle -6.65930000e-01 + -2.94600000e-02i, 3.71280000e-01 + 9.22400000e-02i, 1.68780000e-01 + 0.00000000e+00i, 4.89070000e-01 + -1.49960000e-01i, 0.00000000e+00 + 0.00000000e+00i, 8.59260000e-01 + 0.00000000e+00i, 
0.00000000e+00  4  rr-axle -6.65930000e-01 + -2.94600000e-02i, -3.71280000e-01 + -9.22400000e-02i, 1.68780000e-01 + 0.00000000e+00i, 4.89070000e-01 + -1.49960000e-01i, 0.00000000e+00 + 0.00000000e+00i, 8.59260000e-01 + 0.00000000e+00i, 
0.00000000e+00  4  chassis -5.16760000e-01 + -4.57600000e-02i, 0.00000000e+00 + 0.00000000e+00i, 4.69930000e-01 + 9.95800000e-02i, 3.20860000e-01 + -1.51740000e-01i, 0.00000000e+00 + 0.00000000e+00i, 9.34890000e-01 + 0.00000000e+00i, 
0.00000000e+00  4  lf-wheel 8.00270000e-01 + 7.70000000e-04i, 1.54850000e-01 + -3.50000000e-04i, 4.21800000e-02 + 0.00000000e+00i, 8.66480000e-01 + 0.00000000e+00i, 2.54360000e-01 + -3.64000000e-03i, -4.29500000e-01 + 5.56000000e-03i, 
0.00000000e+00  4  rf-wheel 8.00270000e-01 + 7.70000000e-04i, -1.54850000e-01 + 3.50000000e-04i, 4.21800000e-02 + 0.00000000e+00i, 8.66480000e-01 + 0.00000000e+00i, -2.54360000e-01 + 3.64000000e-03i, -4.29500000e-01 + 5.56000000e-03i, 
0.00000000e+00  4  lr-wheel -5.78230000e-01 + 1.35400000e-02i, 5.62420000e-01 + 1.51600000e-02i, 2.77300000e-02 + 0.00000000e+00i, -1.98240000e-01 + 6.07900000e-02i, 9.14160000e-01 + 0.00000000e+00i, -3.48300000e-01 + 0.00000000e+00i, 
0.00000000e+00  4  rr-wheel -5.78230000e-01 + 1.35400000e-02i, -5.62420000e-01 + -1.51600000e-02i, 2.77300000e-02 + 0.00000000e+00i, 1.98240000e-01 + -6.07900000e-02i, 9.14160000e-01 + 0.00000000e+00i, 3.48300000e-01 + 0.00000000e+00i, 

0.00000000e+00  5  f-axle 6.99682000e+00 + -4.71773100e+01i, -0.00000000e+00 + 0.00000000e+00i, 2.74720000e-01 + 0.00000000e+00i, 0.00000000e+00 + 0.00000000e+00i, 1.31020000e-01 + 9.91380000e-01i, -0.00000000e+00 + 0.00000000e+00i, 
0.00000000e+00  5  lf-axle 6.99682000e+00 + -4.71773100e+01i, 5.50000000e-01 + 0.00000000e+00i, 2.74720000e-01 + 0.00000000e+00i, 0.00000000e+00 + 0.00000000e+00i, 1.31020000e-01 + 9.91380000e-01i, -0.00000000e+00 + 0.00000000e+00i, 
0.00000000e+00  5  rf-axle 6.99682000e+00 + -4.71773100e+01i, -5.50000000e-01 + 0.00000000e+00i, 2.74720000e-01 + 0.00000000e+00i, 0.00000000e+00 + 0.00000000e+00i, 1.31020000e-01 + 9.91380000e-01i, -0.00000000e+00 + 0.00000000e+00i, 
0.00000000e+00  5  r-axle-t -4.73140000e-01 + 1.07286000e+00i, 0.00000000e+00 + 0.00000000e+00i, 2.74720000e-01 + 0.00000000e+00i, -0.00000000e+00 + 0.00000000e+00i, 2.59980000e-01 + -9.65610000e-01i, 0.00000000e+00 + 0.00000000e+00i, 
0.00000000e+00  5  r-axle-b -4.73140000e-01 + 1.07286000e+00i, 0.00000000e+00 + 0.00000000e+00i, 2.74720000e-01 + 0.00000000e+00i, -0.00000000e+00 + 0.00000000e+00i, 2.59980000e-01 + -9.65610000e-01i, 0.00000000e+00 + 0.00000000e+00i, 
0.00000000e+00  5  lr-axle -4.73140000e-01 + 1.07286000e+00i, 5.50000000e-01 + 0.00000000e+00i, 2.74720000e-01 + 0.00000000e+00i, 0.00000000e+00 + 0.00000000e+00i, 2.59980000e-01 + -9.65610000e-01i, 0.00000000e+00 + 0.00000000e+00i, 
0.00000000e+00  5  rr-axle -4.73140000e-01 + 1.07286000e+00i, -5.50000000e-01 + 0.00000000e+00i, 2.74720000e-01 + 0.00000000e+00i, 0.00000000e+00 + 0.00000000e+00i, 2.59980000e-01 + -9.65610000e-01i, 0.00000000e+00 + 0.00000000e+00i, 
0.00000000e+00  5  chassis -5.06450000e-01 + -9.08000000e-03i, -0.00000000e+00 + 0.00000000e+00i, 2.74720000e-01 + 0.00000000e+00i, -0.00000000e+00 + 0.00000000e+00i, 1.00000000e+00 + 0.00000000e+00i, 0.00000000e+00 + 0.00000000e+00i, 
0.00000000e+00  5  lf-wheel -3.01407600e+01 + 2.33833510e+02i, 6.00000000e-01 + 0.00000000e+00i, 0.00000000e+00 + 0.00000000e+00i, 0.00000000e+00 + 0.00000000e+00i, -1.31020000e-01 + -9.91380000e-01i, -0.00000000e+00 + 0.00000000e+00i, 
0.00000000e+00  5  rf-wheel -3.01407600e+01 + 2.33833510e+02i, -6.00000000e-01 + 0.00000000e+00i, 0.00000000e+00 + 0.00000000e+00i, 0.00000000e+00 + 0.00000000e+00i, -1.31020000e-01 + -9.91380000e-01i, -0.00000000e+00 + 0.00000000e+00i, 
0.00000000e+00  5  lr-wheel -2.19372000e+00 + -5.31763000e+00i, 6.00000000e-01 + 0.00000000e+00i, 0.00000000e+00 + 0.00000000e+00i, 0.00000000e+00 + 0.00000000e+00i, -2.59980000e-01 + 9.65610000e-01i, 0.00000000e+00 + 0.00000000e+00i, 
0.00000000e+00  5  rr-wheel -2.19372000e+00 + -5.31763000e+00i, -6.00000000e-01 + 0.00000000e+00i, -0.00000000e+00 + 0.00000000e+00i, 0.00000000e+00 + 0.00000000e+00i, -2.59980000e-01 + 9.65610000e-01i, 0.00000000e+00 + 0.00000000e+00i, 

0.00000000e+00  6  f-axle 6.99682000e+00 + 4.71773100e+01i, -0.00000000e+00 + 0.00000000e+00i, 2.74720000e-01 + 0.00000000e+00i, 0.00000000e+00 + 0.00000000e+00i, 1.31020000e-01 + -9.91380000e-01i, -0.00000000e+00 + 0.00000000e+00i, 
0.00000000e+00  6  lf-axle 6.99682000e+00 + 4.71773100e+01i, 5.50000000e-01 + 0.00000000e+00i, 2.74720000e-01 + 0.00000000e+00i, 0.00000000e+00 + 0.00000000e+00i, 1.31020000e-01 + -9.91380000e-01i, -0.00000000e+00 + 0.00000000e+00i, 
0.00000000e+00  6  rf-axle 6.99682000e+00 + 4.71773100e+01i, -5.50000000e-01 + 0.00000000e+00i, 2.74720000e-01 + 0.00000000e+00i, 0.00000000e+00 + 0.00000000e+00i, 1.31020000e-01 + -9.91380000e-01i, -0.00000000e+00 + 0.00000000e+00i, 
0.00000000e+00  6  r-axle-t -4.73140000e-01 + -1.07286000e+00i, 0.00000000e+00 + 0.00000000e+00i, 2.74720000e-01 + 0.00000000e+00i, -0.00000000e+00 + 0.00000000e+00i, 2.59980000e-01 + 9.65610000e-01i, 0.00000000e+00 + 0.00000000e+00i, 
0.00000000e+00  6  r-axle-b -4.73140000e-01 + -1.07286000e+00i, 0.00000000e+00 + 0.00000000e+00i, 2.74720000e-01 + 0.00000000e+00i, -0.00000000e+00 + 0.00000000e+00i, 2.59980000e-01 + 9.65610000e-01i, 0.00000000e+00 + 0.00000000e+00i, 
0.00000000e+00  6  lr-axle -4.73140000e-01 + -1.07286000e+00i, 5.50000000e-01 + 0.00000000e+00i, 2.74720000e-01 + 0.00000000e+00i, 0.00000000e+00 + 0.00000000e+00i, 2.59980000e-01 + 9.65610000e-01i, 0.00000000e+00 + 0.00000000e+00i, 
0.00000000e+00  6  rr-axle -4.73140000e-01 + -1.07286000e+00i, -5.50000000e-01 + 0.00000000e+00i, 2.74720000e-01 + 0.00000000e+00i, 0.00000000e+00 + 0.00000000e+00i, 2.59980000e-01 + 9.65610000e-01i, 0.00000000e+00 + 0.00000000e+00i, 
0.00000000e+00  6  chassis -5.06450000e-01 + 9.08000000e-03i, -0.00000000e+00 + 0.00000000e+00i, 2.74720000e-01 + 0.00000000e+00i, -0.00000000e+00 + 0.00000000e+00i, 1.00000000e+00 + 0.00000000e+00i, 0.00000000e+00 + 0.00000000e+00i, 
0.00000000e+00  6  lf-wheel -3.01407600e+01 + -2.33833510e+02i, 6.00000000e-01 + 0.00000000e+00i, 0.00000000e+00 + 0.00000000e+00i, 0.00000000e+00 + 0.00000000e+00i, -1.31020000e-01 + 9.91380000e-01i, -0.00000000e+00 + 0.00000000e+00i, 
0.00000000e+00  6  rf-wheel -3.01407600e+01 + -2.33833510e+02i, -6.00000000e-01 + 0.00000000e+00i, 0.00000000e+00 + 0.00000000e+00i, 0.00000000e+00 + 0.00000000e+00i, -1.31020000e-01 + 9.91380000e-01i, -0.00000000e+00 + 0.00000000e+00i, 
0.00000000e+00  6  lr-wheel -2.19372000e+00 + 5.31763000e+00i, 6.00000000e-01 + 0.00000000e+00i, 0.00000000e+00 + 0.00000000e+00i, 0.00000000e+00 + 0.00000000e+00i, -2.59980000e-01 + -9.65610000e-01i, 0.00000000e+00 + 0.00000000e+00i, 
0.00000000e+00  6  rr-wheel -2.19372000e+00 + 5.31763000e+00i, -6.00000000e-01 + 0.00000000e+00i, -0.00000000e+00 + 0.00000000e+00i, 0.00000000e+00 + 0.00000000e+00i, -2.59980000e-01 + -9.65610000e-01i, 0.00000000e+00 + 0.00000000e+00i, 

0.00000000e+00  7  f-axle 8.44670000e-01 + 1.13000000e+00i, -0.00000000e+00 + 0.00000000e+00i, 2.74720000e-01 + 0.00000000e+00i, 0.00000000e+00 + 0.00000000e+00i, 7.29600000e-02 + -9.97330000e-01i, -0.00000000e+00 + 0.00000000e+00i, 
0.00000000e+00  7  lf-axle 8.44670000e-01 + 1.13000000e+00i, 5.50000000e-01 + 0.00000000e+00i, 2.74720000e-01 + 0.00000000e+00i, 0.00000000e+00 + 0.00000000e+00i, 7.29600000e-02 + -9.97330000e-01i, -0.00000000e+00 + 0.00000000e+00i, 
0.00000000e+00  7  rf-axle 8.44670000e-01 + 1.13000000e+00i, -5.50000000e-01 + 0.00000000e+00i, 2.74720000e-01 + 0.00000000e+00i, 0.00000000e+00 + 0.00000000e+00i, 7.29600000e-02 + -9.97330000e-01i, -0.00000000e+00 + 0.00000000e+00i, 
0.00000000e+00  7  r-axle-t -1.59023100e+01 + 4.61474700e+01i, -0.00000000e+00 + 0.00000000e+00i, 2.74720000e-01 + 0.00000000e+00i, 0.00000000e+00 + 0.00000000e+00i, -3.11740000e-01 + -9.50170000e-01i, -0.00000000e+00 + 0.00000000e+00i, 
0.00000000e+00  7  r-axle-b -1.59023100e+01 + 4.61474700e+01i, -0.00000000e+00 + 0.00000000e+00i, 2.74720000e-01 + 0.00000000e+00i, 0.00000000e+00 + 0.00000000e+00i, -3.11740000e-01 + -9.50170000e-01i, -0.00000000e+00 + 0.00000000e+00i, 
0.00000000e+00  7  lr-axle -1.59023100e+01 + 4.61474700e+01i, 5.50000000e-01 + 0.00000000e+00i, 2.74720000e-01 + 0.00000000e+00i, -0.00000000e+00 + 0.00000000e+00i, -3.11740000e-01 + -9.50170000e-01i, -0.00000000e+00 + 0.00000000e+00i, 
0.00000000e+00  7  rr-axle -1.59023100e+01 + 4.61474700e+01i, -5.50000000e-01 + 0.00000000e+00i, 2.74720000e-01 + 0.00000000e+00i, -0.00000000e+00 + 0.00000000e+00i, -3.11740000e-01 + -9.50170000e-01i, -0.00000000e+00 + 0.00000000e+00i, 
0.00000000e+00  7  chassis 5.52080000e-01 + -9.81000000e-03i, 0.00000000e+00 + 0.00000000e+00i, 2.74720000e-01 + 0.00000000e+00i, -0.00000000e+00 + 0.00000000e+00i, 1.00000000e+00 + 0.00000000e+00i, 0.00000000e+00 + 0.00000000e+00i, 
0.00000000e+00  7  lf-wheel 3.52250000e-01 + -5.60083000e+00i, 6.00000000e-01 + 0.00000000e+00i, 0.00000000e+00 + 0.00000000e+00i, 0.00000000e+00 + 0.00000000e+00i, -7.29600000e-02 + 9.97330000e-01i, -0.00000000e+00 + 0.00000000e+00i, 
0.00000000e+00  7  rf-wheel 3.52250000e-01 + -5.60083000e+00i, -6.00000000e-01 + 0.00000000e+00i, -0.00000000e+00 + 0.00000000e+00i, 0.00000000e+00 + 0.00000000e+00i, -7.29600000e-02 + 9.97330000e-01i, -0.00000000e+00 + 0.00000000e+00i, 
0.00000000e+00  7  lr-wheel 7.42806800e+01 + -2.28729100e+02i, 6.00000000e-01 + 0.00000000e+00i, -0.00000000e+00 + 0.00000000e+00i, -0.00000000e+00 + 0.00000000e+00i, 3.11740000e-01 + 9.50170000e-01i, -0.00000000e+00 + 0.00000000e+00i, 
0.00000000e+00  7  rr-wheel 7.42806800e+01 + -2.28729100e+02i, -6.00000000e-01 + 0.00000000e+00i, -0.00000000e+00 + 0.00000000e+00i, -0.00000000e+00 + 0.00000000e+00i, 3.11740000e-01 + 9.50170000e-01i, -0.00000000e+00 + 0.00000000e+00i, 

0.00000000e+00  8  f-axle 8.44670000e-01 + -1.13000000e+00i, -0.00000000e+00 + 0.00000000e+00i, 2.74720000e-01 + 0.00000000e+00i, 0.00000000e+00 + 0.00000000e+00i, 7.29600000e-02 + 9.97330000e-01i, -0.00000000e+00 + 0.00000000e+00i, 
0.00000000e+00  8  lf-axle 8.44670000e-01 + -1.13000000e+00i, 5.50000000e-01 + 0.00000000e+00i, 2.74720000e-01 + 0.00000000e+00i, 0.00000000e+00 + 0.00000000e+00i, 7.29600000e-02 + 9.97330000e-01i, -0.00000000e+00 + 0.00000000e+00i, 
0.00000000e+00  8  rf-axle 8.44670000e-01 + -1.13000000e+00i, -5.50000000e-01 + 0.00000000e+00i, 2.74720000e-01 + 0.00000000e+00i, 0.00000000e+00 + 0.00000000e+00i, 7.29600000e-02 + 9.97330000e-01i, -0.00000000e+00 + 0.00000000e+00i, 
0.00000000e+00  8  r-axle-t -1.59023100e+01 + -4.61474700e+01i, -0.00000000e+00 + 0.00000000e+00i, 2.74720000e-01 + 0.00000000e+00i, 0.00000000e+00 + 0.00000000e+00i, -3.11740000e-01 + 9.50170000e-01i, -0.00000000e+00 + 0.00000000e+00i, 
0.00000000e+00  8  r-axle-b -1.59023100e+01 + -4.61474700e+01i, -0.00000000e+00 + 0.00000000e+00i, 2.74720000e-01 + 0.00000000e+00i, 0.00000000e+00 + 0.00000000e+00i, -3.11740000e-01 + 9.50170000e-01i, -0.00000000e+00 + 0.00000000e+00i, 
0.00000000e+00  8  lr-axle -1.59023100e+01 + -4.61474700e+01i, 5.50000000e-01 + 0.00000000e+00i, 2.74720000e-01 + 0.00000000e+00i, -0.00000000e+00 + 0.00000000e+00i, -3.11740000e-01 + 9.50170000e-01i, -0.00000000e+00 + 0.00000000e+00i, 
0.00000000e+00  8  rr-axle -1.59023100e+01 + -4.61474700e+01i, -5.50000000e-01 + 0.00000000e+00i, 2.74720000e-01 + 0.00000000e+00i, -0.00000000e+00 + 0.00000000e+00i, -3.11740000e-01 + 9.50170000e-01i, -0.00000000e+00 + 0.00000000e+00i, 
0.00000000e+00  8  chassis 5.52080000e-01 + 9.81000000e-03i, 0.00000000e+00 + 0.00000000e+00i, 2.74720000e-01 + 0.00000000e+00i, -0.00000000e+00 + 0.00000000e+00i, 1.00000000e+00 + 0.00000000e+00i, 0.00000000e+00 + 0.00000000e+00i, 
0.00000000e+00  8  lf-wheel 3.52250000e-01 + 5.60083000e+00i, 6.00000000e-01 + 0.00000000e+00i, 0.00000000e+00 + 0.00000000e+00i, 0.00000000e+00 + 0.00000000e+00i, -7.29600000e-02 + -9.97330000e-01i, -0.00000000e+00 + 0.00000000e+00i, 
0.00000000e+00  8  rf-wheel 3.52250000e-01 + 5.60083000e+00i, -6.00000000e-01 + 0.00000000e+00i, -0.00000000e+00 + 0.00000000e+00i, 0.00000000e+00 + 0.00000000e+00i, -7.29600000e-02 + -9.97330000e-01i, -0.00000000e+00 + 0.00000000e+00i, 
0.00000000e+00  8  lr-wheel 7.42806800e+01 + 2.28729100e+02i, 6.00000000e-01 + 0.00000000e+00i, -0.00000000e+00 + 0.00000000e+00i, -0.00000000e+00 + 0.00000000e+00i, 3.11740000e-01 + -9.50170000e-01i, -0.00000000e+00 + 0.00000000e+00i, 
0.00000000e+00  8  rr-wheel 7.42806800e+01 + 2.28729100e+02i, -6.00000000e-01 + 0.00000000e+00i, -0.00000000e+00 + 0.00000000e+00i, -0.00000000e+00 + 0.00000000e+00i, 3.11740000e-01 + -9.50170000e-01i, -0.00000000e+00 + 0.00000000e+00i, 

0.00000000e+00  9  f-axle 7.60100000e-01 + -3.38000000e-03i, 0.00000000e+00 + 0.00000000e+00i, 2.74720000e-01 + 0.00000000e+00i, -0.00000000e+00 + 0.00000000e+00i, 1.00000000e+00 + 0.00000000e+00i, -0.00000000e+00 + 0.00000000e+00i, 
0.00000000e+00  9  lf-axle 7.60100000e-01 + -3.38000000e-03i, 5.50000000e-01 + 0.00000000e+00i, 2.74720000e-01 + 0.00000000e+00i, 0.00000000e+00 + 0.00000000e+00i, 1.00000000e+00 + 0.00000000e+00i, -0.00000000e+00 + 0.00000000e+00i, 
0.00000000e+00  9  rf-axle 7.60100000e-01 + -3.38000000e-03i, -5.50000000e-01 + 0.00000000e+00i, 2.74720000e-01 + 0.00000000e+00i, 0.00000000e+00 + 0.00000000e+00i, 1.00000000e+00 + 0.00000000e+00i, -0.00000000e+00 + 0.00000000e+00i, 
0.00000000e+00  9  r-axle-t -7.22800000e-01 + 8.95000000e-03i, -0.00000000e+00 + 0.00000000e+00i, 2.74720000e-01 + 0.00000000e+00i, 0.00000000e+00 + 0.00000000e+00i, 1.00000000e+00 + 0.00000000e+00i, -0.00000000e+00 + 0.00000000e+00i, 
0.00000000e+00  9  r-axle-b -7.22800000e-01 + 8.95000000e-03i, 0.00000000e+00 + 0.00000000e+00i, 2.74720000e-01 + 0.00000000e+00i, 0.00000000e+00 + 0.00000000e+00i, 1.00000000e+00 + 0.00000000e+00i, -0.00000000e+00 + 0.00000000e+00i, 
0.00000000e+00  9  lr-axle -7.22800000e-01 + 8.95000000e-03i, 5.50000000e-01 + 0.00000000e+00i, 2.74720000e-01 + 0.00000000e+00i, -0.00000000e+00 + 0.00000000e+00i, 1.00000000e+00 + 0.00000000e+00i, -0.00000000e+00 + 0.00000000e+00i, 
0.00000000e+00  9  rr-axle -7.22800000e-01 + 8.95000000e-03i, -5.50000000e-01 + 0.00000000e+00i, 2.74720000e-01 + 0.00000000e+00i, -0.00000000e+00 + 0.00000000e+00i, 1.00000000e+00 + 0.00000000e+00i, -0.00000000e+00 + 0.00000000e+00i, 
0.00000000e+00  9  chassis 4.73160000e-01 + -7.24500000e-02i, 0.00000000e+00 + 0.00000000e+00i, 2.74720000e-01 + 0.00000000e+00i, -0.00000000e+00 + 0.00000000e+00i, 1.00000000e+00 + 0.00000000e+00i, -0.00000000e+00 + 0.00000000e+00i, 
0.00000000e+00  9  lf-wheel 7.71420000e-01 + 1.67300000e-02i, 6.00000000e-01 + 0.00000000e+00i, 0.00000000e+00 + 0.00000000e+00i, -0.00000000e+00 + 0.00000000e+00i, 1.00000000e+00 + 0.00000000e+00i, 0.00000000e+00 + 0.00000000e+00i, 
0.00000000e+00  9  rf-wheel 7.71420000e-01 + 1.67300000e-02i, -6.00000000e-01 + 0.00000000e+00i, -0.00000000e+00 + 0.00000000e+00i, -0.00000000e+00 + 0.00000000e+00i, 1.00000000e+00 + 0.00000000e+00i, 0.00000000e+00 + 0.00000000e+00i, 
0.00000000e+00  9  lr-wheel -9.56320000e-01 + -4.43400000e-02i, 6.00000000e-01 + 0.00000000e+00i, -0.00000000e+00 + 0.00000000e+00i, 0.00000000e+00 + 0.00000000e+00i, 1.00000000e+00 + 0.00000000e+00i, 0.00000000e+00 + 0.00000000e+00i, 
0.00000000e+00  9  rr-wheel -9.56320000e-01 + -4.43400000e-02i, -6.00000000e-01 + 0.00000000e+00i, 0.00000000e+00 + 0.00000000e+00i, 0.00000000e+00 + 0.00000000e+00i, 1.00000000e+00 + 0.00000000e+00i, 0.00000000e+00 + 0.00000000e+00i, 

0.00000000e+00  10  f-axle 7.60100000e-01 + 3.38000000e-03i, 0.00000000e+00 + 0.00000000e+00i, 2.74720000e-01 + 0.00000000e+00i, -0.00000000e+00 + 0.00000000e+00i, 1.00000000e+00 + 0.00000000e+00i, -0.00000000e+00 + 0.00000000e+00i, 
0.00000000e+00  10  lf-axle 7.60100000e-01 + 3.38000000e-03i, 5.50000000e-01 + 0.00000000e+00i, 2.74720000e-01 + 0.00000000e+00i, 0.00000000e+00 + 0.00000000e+00i, 1.00000000e+00 + 0.00000000e+00i, -0.00000000e+00 + 0.00000000e+00i, 
0.00000000e+00  10  rf-axle 7.60100000e-01 + 3.38000000e-03i, -5.50000000e-01 + 0.00000000e+00i, 2.74720000e-01 + 0.00000000e+00i, 0.00000000e+00 + 0.00000000e+00i, 1.00000000e+00 + 0.00000000e+00i, -0.00000000e+00 + 0.00000000e+00i, 
0.00000000e+00  10  r-axle-t -7.22800000e-01 + -8.95000000e-03i, -0.00000000e+00 + 0.00000000e+00i, 2.74720000e-01 + 0.00000000e+00i, 0.00000000e+00 + 0.00000000e+00i, 1.00000000e+00 + 0.00000000e+00i, -0.00000000e+00 + 0.00000000e+00i, 
0.00000000e+00  10  r-axle-b -7.22800000e-01 + -8.95000000e-03i, 0.00000000e+00 + 0.00000000e+00i, 2.74720000e-01 + 0.00000000e+00i, 0.00000000e+00 + 0.00000000e+00i, 1.00000000e+00 + 0.00000000e+00i, -0.00000000e+00 + 0.00000000e+00i, 
0.00000000e+00  10  lr-axle -7.22800000e-01 + -8.95000000e-03i, 5.50000000e-01 + 0.00000000e+00i, 2.74720000e-01 + 0.00000000e+00i, -0.00000000e+00 + 0.00000000e+00i, 1.00000000e+00 + 0.00000000e+00i, -0.00000000e+00 + 0.00000000e+00i, 
0.00000000e+00  10  rr-axle -7.22800000e-01 + -8.95000000e-03i, -5.50000000e-01 + 0.00000000e+00i, 2.74720000e-01 + 0.00000000e+00i, -0.00000000e+00 + 0.00000000e+00i, 1.00000000e+00 + 0.00000000e+00i, -0.00000000e+00 + 0.00000000e+00i, 
0.00000000e+00  10  chassis 4.73160000e-01 + 7.24500000e-02i, 0.00000000e+00 + 0.00000000e+00i, 2.74720000e-01 + 0.00000000e+00i, -0.00000000e+00 + 0.00000000e+00i, 1.00000000e+00 + 0.00000000e+00i, -0.00000000e+00 + 0.00000000e+00i, 
0.00000000e+00  10  lf-wheel 7.71420000e-01 + -1.67300000e-02i, 6.00000000e-01 + 0.00000000e+00i, 0.00000000e+00 + 0.00000000e+00i, -0.00000000e+00 + 0.00000000e+00i, 1.00000000e+00 + 0.00000000e+00i, 0.00000000e+00 + 0.00000000e+00i, 
0.00000000e+00  10  rf-wheel 7.71420000e-01 + -1.67300000e-02i, -6.00000000e-01 + 0.00000000e+00i, -0.00000000e+00 + 0.00000000e+00i, -0.00000000e+00 + 0.00000000e+00i, 1.00000000e+00 + 0.00000000e+00i, 0.00000000e+00 + 0.00000000e+00i, 
0.00000000e+00  10  lr-wheel -9.56320000e-01 + 4.43400000e-02i, 6.00000000e-01 + 0.00000000e+00i, -0.00000000e+00 + 0.00000000e+00i, 0.00000000e+00 + 0.00000000e+00i, 1.00000000e+00 + 0.00000000e+00i, 0.00000000e+00 + 0.00000000e+00i, 
0.00000000e+00  10  rr-wheel -9.56320000e-01 + 4.43400000e-02i, -6.00000000e-01 + 0.00000000e+00i, 0.00000000e+00 + 0.00000000e+00i, 0.00000000e+00 + 0.00000000e+00i, 1.00000000e+00 + 0.00000000e+00i, 0.00000000e+00 + 0.00000000e+00i, 

0.00000000e+00  11  f-axle 6.41890000e-01 + 4.38000000e-03i, 0.00000000e+00 + 0.00000000e+00i, 1.31080000e-01 + -6.90000000e-03i, 2.51850000e-01 + 4.63500000e-02i, 0.00000000e+00 + 0.00000000e+00i, 9.66660000e-01 + 0.00000000e+00i, 
0.00000000e+00  11  lf-axle 7.38950000e-01 + 1.45000000e-03i, 4.42160000e-01 + 7.90000000e-04i, 2.11600000e-01 + 1.00000000e-05i, -8.44300000e-02 + 9.69000000e-03i, -1.37360000e-01 + -2.00000000e-05i, 9.86870000e-01 + 0.00000000e+00i, 
0.00000000e+00  11  rf-axle 7.38950000e-01 + 1.45000000e-03i, -4.42160000e-01 + -7.90000000e-04i, 2.11600000e-01 + 1.00000000e-05i, -8.44300000e-02 + 9.69000000e-03i, 1.37360000e-01 + 2.00000000e-05i, 9.86870000e-01 + 0.00000000e+00i, 
0.00000000e+00  11  r-axle-t 1.42372000e+00 + 1.05500000e-02i, 0.00000000e+00 + 0.00000000e+00i, 2.02212000e+00 + 1.56500000e-01i, 6.11500000e-01 + -5.65100000e-02i, -0.00000000e+00 + 0.00000000e+00i, -7.89220000e-01 + 3.81000000e-03i, 
0.00000000e+00  11  r-axle-b 9.34000000e-02 + 4.13000000e-03i, 0.00000000e+00 + 0.00000000e+00i, 7.91370000e-01 + 6.12500000e-02i, 6.11500000e-01 + -5.65100000e-02i, -0.00000000e+00 + 0.00000000e+00i, -7.89220000e-01 + 3.81000000e-03i, 
0.00000000e+00  11  lr-axle -7.40780000e-01 + 1.00000000e-04i, 5.84780000e-01 + -3.66000000e-03i, 1.99000000e-03 + 0.00000000e+00i, 9.95640000e-01 + 0.00000000e+00i, 0.00000000e+00 + 0.00000000e+00i, 9.32300000e-02 + -4.50000000e-04i, 
0.00000000e+00  11  rr-axle -7.40780000e-01 + 1.00000000e-04i, -5.84780000e-01 + 3.66000000e-03i, 1.99000000e-03 + 0.00000000e+00i, 9.95640000e-01 + 0.00000000e+00i, 0.00000000e+00 + 0.00000000e+00i, 9.32300000e-02 + -4.50000000e-04i, 
0.00000000e+00  11  chassis 2.95100000e-02 + 1.90000000e-04i, -0.00000000e+00 + 0.00000000e+00i, 3.32000000e-02 + -1.00000000e-04i, 9.93940000e-01 + 0.00000000e+00i, 0.00000000e+00 + 0.00000000e+00i, 1.09930000e-01 + -6.60000000e-04i, 
0.00000000e+00  11  lf-wheel 7.37240000e-01 + -1.30000000e-03i, 4.93810000e-01 + 5.40000000e-04i, 1.50680000e-01 + 0.00000000e+00i, -6.94600000e-02 + 7.97000000e-03i, -5.79620000e-01 + 2.20000000e-04i, 8.11890000e-01 + 0.00000000e+00i, 
0.00000000e+00  11  rf-wheel 7.37240000e-01 + -1.30000000e-03i, -4.93810000e-01 + -5.40000000e-04i, 1.50680000e-01 + 0.00000000e+00i, -6.94600000e-02 + 7.97000000e-03i, 5.79620000e-01 + -2.20000000e-04i, 8.11890000e-01 + 0.00000000e+00i, 
0.00000000e+00  11  lr-wheel -7.44300000e-01 + -7.60000000e-04i, 5.85640000e-01 + -3.45000000e-03i, 1.87000000e-03 + 0.00000000e+00i, 9.67110000e-01 + 0.00000000e+00i, -2.37690000e-01 + 1.15000000e-03i, 9.05600000e-02 + -4.40000000e-04i, 
0.00000000e+00  11  rr-wheel -7.44300000e-01 + -7.60000000e-04i, -5.85640000e-01 + 3.45000000e-03i, 1.87000000e-03 + 0.00000000e+00i, 9.67110000e-01 + 0.00000000e+00i, 2.37690000e-01 + -1.15000000e-03i, 9.05600000e-02 + -4.40000000e-04i, 

0.00000000e+00  12  f-axle 6.41890000e-01 + -4.38000000e-03i, 0.00000000e+00 + 0.00000000e+00i, 1.31080000e-01 + 6.90000000e-03i, 2.51850000e-01 + -4.63500000e-02i, 0.00000000e+00 + 0.00000000e+00i, 9.66660000e-01 + 0.00000000e+00i, 
0.00000000e+00  12  lf-axle 7.38950000e-01 + -1.45000000e-03i, 4.42160000e-01 + -7.90000000e-04i, 2.11600000e-01 + -1.00000000e-05i, -8.44300000e-02 + -9.69000000e-03i, -1.37360000e-01 + 2.00000000e-05i, 9.86870000e-01 + 0.00000000e+00i, 
0.00000000e+00  12  rf-axle 7.38950000e-01 + -1.45000000e-03i, -4.42160000e-01 + 7.90000000e-04i, 2.11600000e-01 + -1.00000000e-05i, -8.44300000e-02 + -9.69000000e-03i, 1.37360000e-01 + -2.00000000e-05i, 9.86870000e-01 + 0.00000000e+00i, 
0.00000000e+00  12  r-axle-t 1.42372000e+00 + -1.05500000e-02i, 0.00000000e+00 + 0.00000000e+00i, 2.02212000e+00 + -1.56500000e-01i, 6.11500000e-01 + 5.65100000e-02i, -0.00000000e+00 + 0.00000000e+00i, -7.89220000e-01 + -3.81000000e-03i, 
0.00000000e+00  12  r-axle-b 9.34000000e-02 + -4.13000000e-03i, 0.00000000e+00 + 0.00000000e+00i, 7.91370000e-01 + -6.12500000e-02i, 6.11500000e-01 + 5.65100000e-02i, -0.00000000e+00 + 0.00000000e+00i, -7.89220000e-01 + -3.81000000e-03i, 
0.00000000e+00  12  lr-axle -7.40780000e-01 + -1.00000000e-04i, 5.84780000e-01 + 3.66000000e-03i, 1.99000000e-03 + 0.00000000e+00i, 9.95640000e-01 + 0.00000000e+00i, 0.00000000e+00 + 0.00000000e+00i, 9.32300000e-02 + 4.50000000e-04i, 
0.00000000e+00  12  rr-axle -7.40780000e-01 + -1.00000000e-04i, -5.84780000e-01 + -3.66000000e-03i, 1.99000000e-03 + 0.00000000e+00i, 9.95640000e-01 + 0.00000000e+00i, 0.00000000e+00 + 0.00000000e+00i, 9.32300000e-02 + 4.50000000e-04i, 
0.00000000e+00  12  chassis 2.95100000e-02 + -1.90000000e-04i, -0.00000000e+00 + 0.00000000e+00i, 3.32000000e-02 + 1.00000000e-04i, 9.93940000e-01 + 0.00000000e+00i, 0.00000000e+00 + 0.00000000e+00i, 1.09930000e-01 + 6.60000000e-04i, 
0.00000000e+00  12  lf-wheel 7.37240000e-01 + 1.30000000e-03i, 4.93810000e-01 + -5.40000000e-04i, 1.50680000e-01 + 0.00000000e+00i, -6.94600000e-02 + -7.97000000e-03i, -5.79620000e-01 + -2.20000000e-04i, 8.11890000e-01 + 0.00000000e+00i, 
0.00000000e+00  12  rf-wheel 7.37240000e-01 + 1.30000000e-03i, -4.93810000e-01 + 5.40000000e-04i, 1.50680000e-01 + 0.00000000e+00i, -6.94600000e-02 + -7.97000000e-03i, 5.79620000e-01 + 2.20000000e-04i, 8.11890000e-01 + 0.00000000e+00i, 
0.00000000e+00  12  lr-wheel -7.44300000e-01 + 7.60000000e-04i, 5.85640000e-01 + 3.45000000e-03i, 1.87000000e-03 + 0.00000000e+00i, 9.67110000e-01 + 0.00000000e+00i, -2.37690000e-01 + -1.15000000e-03i, 9.05600000e-02 + 4.40000000e-04i, 
0.00000000e+00  12  rr-wheel -7.44300000e-01 + 7.60000000e-04i, -5.85640000e-01 + -3.45000000e-03i, 1.87000000e-03 + 0.00000000e+00i, 9.67110000e-01 + 0.00000000e+00i, 2.37690000e-01 + 1.15000000e-03i, 9.05600000e-02 + 4.40000000e-04i, 

0.00000000e+00  13  f-axle 7.48050000e-01 + -8.58000000e-03i, -0.00000000e+00 + 0.00000000e+00i, 2.74720000e-01 + 0.00000000e+00i, 0.00000000e+00 + 0.00000000e+00i, 1.00000000e+00 + 0.00000000e+00i, 0.00000000e+00 + 0.00000000e+00i, 
0.00000000e+00  13  lf-axle 7.48050000e-01 + -8.58000000e-03i, 5.50000000e-01 + 0.00000000e+00i, 2.74720000e-01 + 0.00000000e+00i, -0.00000000e+00 + 0.00000000e+00i, 1.00000000e+00 + 0.00000000e+00i, 0.00000000e+00 + 0.00000000e+00i, 
0.00000000e+00  13  rf-axle 7.48050000e-01 + -8.58000000e-03i, -5.50000000e-01 + 0.00000000e+00i, 2.74720000e-01 + 0.00000000e+00i, -0.00000000e+00 + 0.00000000e+00i, 1.00000000e+00 + 0.00000000e+00i, 0.00000000e+00 + 0.00000000e+00i, 
0.00000000e+00  13  r-axle-t -7.64070000e-01 + -2.47000000e-03i, 0.00000000e+00 + 0.00000000e+00i, 2.74720000e-01 + 0.00000000e+00i, -0.00000000e+00 + 0.00000000e+00i, 1.00000000e+00 + 0.00000000e+00i, 0.00000000e+00 + 0.00000000e+00i, 
0.00000000e+00  13  r-axle-b -7.64070000e-01 + -2.47000000e-03i, -0.00000000e+00 + 0.00000000e+00i, 2.74720000e-01 + 0.00000000e+00i, -0.00000000e+00 + 0.00000000e+00i, 1.00000000e+00 + 0.00000000e+00i, 0.00000000e+00 + 0.00000000e+00i, 
0.00000000e+00  13  lr-axle -7.64070000e-01 + -2.47000000e-03i, 5.50000000e-01 + 0.00000000e+00i, 2.74720000e-01 + 0.00000000e+00i, 0.00000000e+00 + 0.00000000e+00i, 1.00000000e+00 + 0.00000000e+00i, 0.00000000e+00 + 0.00000000e+00i, 
0.00000000e+00  13  rr-axle -7.64070000e-01 + -2.47000000e-03i, -5.50000000e-01 + 0.00000000e+00i, 2.74720000e-01 + 0.00000000e+00i, 0.00000000e+00 + 0.00000000e+00i, 1.00000000e+00 + 0.00000000e+00i, 0.00000000e+00 + 0.00000000e+00i, 
0.00000000e+00  13  chassis -8.38920000e-01 + -6.76000000e-02i, 0.00000000e+00 + 0.00000000e+00i, 2.74720000e-01 + 0.00000000e+00i, 0.00000000e+00 + 0.00000000e+00i, 1.00000000e+00 + 0.00000000e+00i, 0.00000000e+00 + 0.00000000e+00i, 
0.00000000e+00  13  lf-wheel 8.31160000e-01 + 4.25300000e-02i, 6.00000000e-01 + 0.00000000e+00i, 0.00000000e+00 + 0.00000000e+00i, 0.00000000e+00 + 0.00000000e+00i, 1.00000000e+00 + 0.00000000e+00i, -0.00000000e+00 + 0.00000000e+00i, 
0.00000000e+00  13  rf-wheel 8.31160000e-01 + 4.25300000e-02i, -6.00000000e-01 + 0.00000000e+00i, -0.00000000e+00 + 0.00000000e+00i, 0.00000000e+00 + 0.00000000e+00i, 1.00000000e+00 + 0.00000000e+00i, -0.00000000e+00 + 0.00000000e+00i, 
0.00000000e+00  13  lr-wheel -7.51760000e-01 + 1.22400000e-02i, 6.00000000e-01 + 0.00000000e+00i, -0.00000000e+00 + 0.00000000e+00i, -0.00000000e+00 + 0.00000000e+00i, 1.00000000e+00 + 0.00000000e+00i, -0.00000000e+00 + 0.00000000e+00i, 
0.00000000e+00  13  rr-wheel -7.51760000e-01 + 1.22400000e-02i, -6.00000000e-01 + 0.00000000e+00i, 0.00000000e+00 + 0.00000000e+00i, -0.00000000e+00 + 0.00000000e+00i, 1.00000000e+00 + 0.00000000e+00i, -0.00000000e+00 + 0.00000000e+00i, 

0.00000000e+00  14  f-axle 7.48050000e-01 + 8.58000000e-03i, -0.00000000e+00 + 0.00000000e+00i, 2.74720000e-01 + 0.00000000e+00i, 0.00000000e+00 + 0.00000000e+00i, 1.00000000e+00 + 0.00000000e+00i, 0.00000000e+00 + 0.00000000e+00i, 
0.00000000e+00  14  lf-axle 7.48050000e-01 + 8.58000000e-03i, 5.50000000e-01 + 0.00000000e+00i, 2.74720000e-01 + 0.00000000e+00i, -0.00000000e+00 + 0.00000000e+00i, 1.00000000e+00 + 0.00000000e+00i, 0.00000000e+00 + 0.00000000e+00i, 
0.00000000e+00  14  rf-axle 7.48050000e-01 + 8.58000000e-03i, -5.50000000e-01 + 0.00000000e+00i, 2.74720000e-01 + 0.00000000e+00i, -0.00000000e+00 + 0.00000000e+00i, 1.00000000e+00 + 0.00000000e+00i, 0.00000000e+00 + 0.00000000e+00i, 
0.00000000e+00  14  r-axle-t -7.64070000e-01 + 2.47000000e-03i, 0.00000000e+00 + 0.00000000e+00i, 2.74720000e-01 + 0.00000000e+00i, -0.00000000e+00 + 0.00000000e+00i, 1.00000000e+00 + 0.00000000e+00i, 0.00000000e+00 + 0.00000000e+00i, 
0.00000000e+00  14  r-axle-b -7.64070000e-01 + 2.47000000e-03i, -0.00000000e+00 + 0.00000000e+00i, 2.74720000e-01 + 0.00000000e+00i, -0.00000000e+00 + 0.00000000e+00i, 1.00000000e+00 + 0.00000000e+00i, 0.00000000e+00 + 0.00000000e+00i, 
0.00000000e+00  14  lr-axle -7.64070000e-01 + 2.47000000e-03i, 5.50000000e-01 + 0.00000000e+00i, 2.74720000e-01 + 0.00000000e+00i, 0.00000000e+00 + 0.00000000e+00i, 1.00000000e+00 + 0.00000000e+00i, 0.00000000e+00 + 0.00000000e+00i, 
0.00000000e+00  14  rr-axle -7.64070000e-01 + 2.47000000e-03i, -5.50000000e-01 + 0.00000000e+00i, 2.74720000e-01 + 0.00000000e+00i, 0.00000000e+00 + 0.00000000e+00i, 1.00000000e+00 + 0.00000000e+00i, 0.00000000e+00 + 0.00000000e+00i, 
0.00000000e+00  14  chassis -8.38920000e-01 + 6.76000000e-02i, 0.00000000e+00 + 0.00000000e+00i, 2.74720000e-01 + 0.00000000e+00i, 0.00000000e+00 + 0.00000000e+00i, 1.00000000e+00 + 0.00000000e+00i, 0.00000000e+00 + 0.00000000e+00i, 
0.00000000e+00  14  lf-wheel 8.31160000e-01 + -4.25300000e-02i, 6.00000000e-01 + 0.00000000e+00i, 0.00000000e+00 + 0.00000000e+00i, 0.00000000e+00 + 0.00000000e+00i, 1.00000000e+00 + 0.00000000e+00i, -0.00000000e+00 + 0.00000000e+00i, 
0.00000000e+00  14  rf-wheel 8.31160000e-01 + -4.25300000e-02i, -6.00000000e-01 + 0.00000000e+00i, -0.00000000e+00 + 0.00000000e+00i, 0.00000000e+00 + 0.00000000e+00i, 1.00000000e+00 + 0.00000000e+00i, -0.00000000e+00 + 0.00000000e+00i, 
0.00000000e+00  14  lr-wheel -7.51760000e-01 + -1.22400000e-02i, 6.00000000e-01 + 0.00000000e+00i, -0.00000000e+00 + 0.00000000e+00i, -0.00000000e+00 + 0.00000000e+00i, 1.00000000e+00 + 0.00000000e+00i, -0.00000000e+00 + 0.00000000e+00i, 
0.00000000e+00  14  rr-wheel -7.51760000e-01 + -1.22400000e-02i, -6.00000000e-01 + 0.00000000e+00i, 0.00000000e+00 + 0.00000000e+00i, -0.00000000e+00 + 0.00000000e+00i, 1.00000000e+00 + 0.00000000e+00i, -0.00000000e+00 + 0.00000000e+00i, 

0.00000000e+00  15  f-axle 7.38520000e-01 + 0.00000000e+00i, -5.16500010e+10 + -1.30374482e+05i, -1.68252626e+11 + 1.60401301e+06i, -1.59800000e-02 + 0.00000000e+00i, 9.55620000e-01 + 1.00000000e-05i, -2.93350000e-01 + 0.00000000e+00i, 
0.00000000e+00  15  lf-axle 7.37720000e-01 + 0.00000000e+00i, -7.37215200e+10 + -1.82948730e+05i, -5.95167245e+10 + 4.43868218e+05i, 9.91600000e-02 + 0.00000000e+00i, 6.24980000e-01 + 0.00000000e+00i, -7.74150000e-01 + 0.00000000e+00i, 
0.00000000e+00  15  rf-axle 7.38590000e-01 + 0.00000000e+00i, -9.48971640e+10 + -2.35233505e+05i, -5.01630777e+10 + 6.36613697e+05i, 1.12570000e-01 + 0.00000000e+00i, 4.64290000e-01 + 1.00000000e-05i, -8.78330000e-01 + 0.00000000e+00i, 
0.00000000e+00  15  r-axle-t -4.70390000e-01 + 0.00000000e+00i, -4.89016555e+10 + -1.23080993e+05i, -1.59162406e+11 + 1.51746933e+06i, 2.33330000e-01 + 0.00000000e+00i, 9.29280000e-01 + 1.00000000e-05i, -2.85520000e-01 + 0.00000000e+00i, 
0.00000000e+00  15  r-axle-b -6.41750000e-01 + 0.00000000e+00i, -4.88576744e+10 + -1.22455787e+05i, -1.59131958e+11 + 1.51628861e+06i, 2.33490000e-01 + 0.00000000e+00i, 9.29300000e-01 + 1.00000000e-05i, -2.85320000e-01 + 0.00000000e+00i, 
0.00000000e+00  15  lr-axle -7.29230000e-01 + 0.00000000e+00i, -4.92165821e+09 + -1.23708355e+04i, -1.60288659e+10 + 1.52776133e+05i, -9.51130000e-01 + 0.00000000e+00i, 2.94960000e-01 + 0.00000000e+00i, -9.05700000e-02 + 0.00000000e+00i, 
0.00000000e+00  15  rr-axle -7.53270000e-01 + 0.00000000e+00i, -4.92300982e+09 + -1.23667890e+04i, -1.60248961e+10 + 1.52756619e+05i, -9.51130000e-01 + 0.00000000e+00i, 2.94950000e-01 + 0.00000000e+00i, -9.06100000e-02 + 0.00000000e+00i, 
0.00000000e+00  15  chassis -1.96100000e-02 + 0.00000000e+00i, -6.62707814e+09 + -1.66530840e+04i, -2.15744189e+10 + 2.05643326e+05i, -9.33630000e-01 + 0.00000000e+00i, 3.42230000e-01 + 0.00000000e+00i, -1.05120000e-01 + 0.00000000e+00i, 
0.00000000e+00  15  lf-wheel 7.62000000e-01 + 0.00000000e+00i, 6.00000000e-01 + 0.00000000e+00i, 0.00000000e+00 + 0.00000000e+00i, 0.00000000e+00 + 0.00000000e+00i, 1.00000000e+00 + 0.00000000e+00i, -0.00000000e+00 + 0.00000000e+00i, 
0.00000000e+00  15  rf-wheel 7.62000000e-01 + 0.00000000e+00i, -6.00000000e-01 + 0.00000000e+00i, 0.00000000e+00 + 0.00000000e+00i, 0.00000000e+00 + 0.00000000e+00i, 1.00000000e+00 + 0.00000000e+00i, -0.00000000e+00 + 0.00000000e+00i, 
0.00000000e+00  15  lr-wheel -7.62000000e-01 + 0.00000000e+00i, 6.00000000e-01 + 0.00000000e+00i, -0.00000000e+00 + 0.00000000e+00i, -0.00000000e+00 + 0.00000000e+00i, 1.00000000e+00 + 0.00000000e+00i, -0.00000000e+00 + 0.00000000e+00i, 
0.00000000e+00  15  rr-wheel -7.62000000e-01 + 0.00000000e+00i, -6.00000000e-01 + 0.00000000e+00i, -0.00000000e+00 + 0.00000000e+00i, -0.00000000e+00 + 0.00000000e+00i, 1.00000000e+00 + 0.00000000e+00i, -0.00000000e+00 + 0.00000000e+00i, 

0.00000000e+00  16  f-axle 7.38520000e-01 + 0.00000000e+00i, -5.16500010e+10 + 1.30374482e+05i, -1.68252626e+11 + -1.60401301e+06i, -1.59800000e-02 + 0.00000000e+00i, 9.55620000e-01 + -1.00000000e-05i, -2.93350000e-01 + 0.00000000e+00i, 
0.00000000e+00  16  lf-axle 7.37720000e-01 + 0.00000000e+00i, -7.37215200e+10 + 1.82948730e+05i, -5.95167245e+10 + -4.43868218e+05i, 9.91600000e-02 + 0.00000000e+00i, 6.24980000e-01 + 0.00000000e+00i, -7.74150000e-01 + 0.00000000e+00i, 
0.00000000e+00  16  rf-axle 7.38590000e-01 + 0.00000000e+00i, -9.48971640e+10 + 2.35233505e+05i, -5.01630777e+10 + -6.36613697e+05i, 1.12570000e-01 + 0.00000000e+00i, 4.64290000e-01 + -1.00000000e-05i, -8.78330000e-01 + 0.00000000e+00i, 
0.00000000e+00  16  r-axle-t -4.70390000e-01 + 0.00000000e+00i, -4.89016555e+10 + 1.23080993e+05i, -1.59162406e+11 + -1.51746933e+06i, 2.33330000e-01 + 0.00000000e+00i, 9.29280000e-01 + -1.00000000e-05i, -2.85520000e-01 + 0.00000000e+00i, 
0.00000000e+00  16  r-axle-b -6.41750000e-01 + 0.00000000e+00i, -4.88576744e+10 + 1.22455787e+05i, -1.59131958e+11 + -1.51628861e+06i, 2.33490000e-01 + 0.00000000e+00i, 9.29300000e-01 + -1.00000000e-05i, -2.85320000e-01 + 0.00000000e+00i, 
0.00000000e+00  16  lr-axle -7.29230000e-01 + 0.00000000e+00i, -4.92165821e+09 + 1.23708355e+04i, -1.60288659e+10 + -1.52776133e+05i, -9.51130000e-01 + 0.00000000e+00i, 2.94960000e-01 + 0.00000000e+00i, -9.05700000e-02 + 0.00000000e+00i, 
0.00000000e+00  16  rr-axle -7.53270000e-01 + 0.00000000e+00i, -4.92300982e+09 + 1.23667890e+04i, -1.60248961e+10 + -1.52756619e+05i, -9.51130000e-01 + 0.00000000e+00i, 2.94950000e-01 + 0.00000000e+00i, -9.06100000e-02 + 0.00000000e+00i, 
0.00000000e+00  16  chassis -1.96100000e-02 + 0.00000000e+00i, -6.62707814e+09 + 1.66530840e+04i, -2.15744189e+10 + -2.05643326e+05i, -9.33630000e-01 + 0.00000000e+00i, 3.42230000e-01 + 0.00000000e+00i, -1.05120000e-01 + 0.00000000e+00i, 
0.00000000e+00  16  lf-wheel 7.62000000e-01 + 0.00000000e+00i, 6.00000000e-01 + 0.00000000e+00i, 0.00000000e+00 + 0.00000000e+00i, 0.00000000e+00 + 0.00000000e+00i, 1.00000000e+00 + 0.00000000e+00i, -0.00000000e+00 + 0.00000000e+00i, 
0.00000000e+00  16  rf-wheel 7.62000000e-01 + 0.00000000e+00i, -6.00000000e-01 + 0.00000000e+00i, 0.00000000e+00 + 0.00000000e+00i, 0.00000000e+00 + 0.00000000e+00i, 1.00000000e+00 + 0.00000000e+00i, -0.00000000e+00 + 0.00000000e+00i, 
0.00000000e+00  16  lr-wheel -7.62000000e-01 + 0.00000000e+00i, 6.00000000e-01 + 0.00000000e+00i, -0.00000000e+00 + 0.00000000e+00i, -0.00000000e+00 + 0.00000000e+00i, 1.00000000e+00 + 0.00000000e+00i, -0.00000000e+00 + 0.00000000e+00i, 
0.00000000e+00  16  rr-wheel -7.62000000e-01 + 0.00000000e+00i, -6.00000000e-01 + 0.00000000e+00i, -0.00000000e+00 + 0.00000000e+00i, -0.00000000e+00 + 0.00000000e+00i, 1.00000000e+00 + 0.00000000e+00i, -0.00000000e+00 + 0.00000000e+00i, 


