%%% Preload
num name type fx fy fz fxyz 
{1} {lf-tire} force 0.00000000e+00 0.00000000e+00 0.00000000e+00 0.00000000e+00
{2} {rf-tire} force 0.00000000e+00 0.00000000e+00 0.00000000e+00 0.00000000e+00
{3} {rr-tire} force -0.00000000e+00 -0.00000000e+00 0.00000000e+00 0.00000000e+00
{4} {lr-tire} force -0.00000000e+00 -0.00000000e+00 -0.00000000e+00 0.00000000e+00
{5} {lf-wb} force -0.00000000e+00 -0.00000000e+00 -7.84800000e+02 7.84800000e+02
{6} {rf-wb} force 0.00000000e+00 0.00000000e+00 -7.84800000e+02 7.84800000e+02
{7} {lr-wb} force 0.00000000e+00 0.00000000e+00 -7.84800000e+02 7.84800000e+02
{8} {rr-wb} force 0.00000000e+00 0.00000000e+00 -7.84800000e+02 7.84800000e+02
{9} {lf} force 0.00000000e+00 -6.04447200e+01 7.84800000e+02 7.87124262e+02
{} {} moment 3.44890500e+01 -0.00000000e+00 6.04447000e+00 3.50147139e+01
{10} {rf} force -0.00000000e+00 6.04447200e+01 7.84800000e+02 7.87124262e+02
{} {} moment -3.44890500e+01 -0.00000000e+00 -6.04447000e+00 3.50147139e+01
{11} {lr} force 0.00000000e+00 -4.32743620e+02 2.45250000e+01 4.33438019e+02
{} {} moment 0.00000000e+00 0.00000000e+00 -3.49481000e+00 3.49481000e+00
{12} {rr} force -0.00000000e+00 4.32743620e+02 2.45250000e+01 4.33438019e+02
{} {} moment 0.00000000e+00 -0.00000000e+00 3.49481000e+00 3.49481000e+00
{13} {lr} force -5.95957500e+02 8.00618630e+02 2.45250000e+01 9.98377187e+02
{} {} moment 0.00000000e+00 1.70443800e+01 -3.49481000e+00 1.73989823e+01
{14} {rr} force -5.95957500e+02 -8.00618620e+02 2.45250000e+01 9.98377179e+02
{} {} moment 0.00000000e+00 1.70443800e+01 3.49481000e+00 1.73989823e+01
{15} {lf-tire} force 0.00000000e+00 0.00000000e+00 8.82900000e+02 8.82900000e+02
{16} {rf-tire} force 0.00000000e+00 0.00000000e+00 8.82900000e+02 8.82900000e+02
{17} {rr-tire} force 0.00000000e+00 0.00000000e+00 8.82900000e+02 8.82900000e+02
{18} {lr-tire} force 0.00000000e+00 0.00000000e+00 8.82900000e+02 8.82900000e+02
{19} {front left} force -3.67875000e+02 3.67875000e+02 -7.35750000e+02 -9.01106040e+02
{20} {front right} force -3.67875000e+02 -3.67875000e+02 -7.35750000e+02 -9.01106040e+02
{21} {rear left} force -3.67875000e+02 3.67875000e+02 -7.35750000e+02 -9.01106040e+02
{22} {rear right} force -3.67875000e+02 -3.67875000e+02 -7.35750000e+02 -9.01106040e+02
{23} {right-b} force 5.07667500e+02 6.76890000e+02 -0.00000000e+00 -8.46112500e+02
{24} {left-b} force 5.07667500e+02 -6.76890000e+02 -0.00000000e+00 -8.46112500e+02
{25} {right-b} force -1.39792500e+02 0.00000000e+00 0.00000000e+00 1.39792500e+02
{26} {left-b} force -1.39792500e+02 0.00000000e+00 0.00000000e+00 1.39792500e+02
{27} {lf-tie-rod} force 0.00000000e+00 -6.04447200e+01 0.00000000e+00 6.04447200e+01
{28} {rf-tie-rod} force 0.00000000e+00 6.04447200e+01 0.00000000e+00 6.04447200e+01
{29} {right rear lower} force 5.95957500e+02 -9.93262500e+02 0.00000000e+00 1.15833317e+03
{30} {left rear lower} force 5.95957500e+02 9.93262500e+02 0.00000000e+00 1.15833317e+03
{31} {right rear upper} force -2.28082500e+02 -0.00000000e+00 -0.00000000e+00 -2.28082500e+02
{32} {left rear upper} force -2.28082500e+02 -0.00000000e+00 -0.00000000e+00 -2.28082500e+02
{33} {left rear upper} force -0.00000000e+00 0.00000000e+00 -0.00000000e+00 -0.00000000e+00
