%%% Preload
num name type fx fy fz fxyz 
{1} {Rear axle} force -0.00000000e+00 0.00000000e+00 1.17621944e+03 1.17621944e+03
{2} {Swing arm pivot} force -2.34917193e+03 -0.00000000e+00 1.25527100e+03 2.66351535e+03
{3} {Bell crank pivot} force 2.62610188e+03 0.00000000e+00 -3.38620670e+02 2.64784347e+03
{4} {Seat} force -0.00000000e+00 -0.00000000e+00 3.30400800e+02 3.30400800e+02
{} {} moment 0.00000000e+00 -1.68504400e+01 0.00000000e+00 1.68504400e+01
{5} {Steering head} force 4.24580210e+02 -0.00000000e+00 -8.91826660e+02 9.87736375e+02
{} {} moment 0.00000000e+00 1.86860500e+01 0.00000000e+00 1.86860500e+01
{6} {Front axle} force -0.00000000e+00 -0.00000000e+00 1.10019106e+03 1.10019106e+03
{7} {Left fork joint} force 2.12290100e+02 -6.48940600e+01 -4.94914280e+02 5.42419091e+02
{} {} moment 1.30797700e+01 0.00000000e+00 6.31827000e+00 1.45258707e+01
{8} {Right fork joint} force 2.12290100e+02 6.48940600e+01 -4.94914280e+02 5.42419091e+02
{} {} moment -1.30797700e+01 -0.00000000e+00 -6.31827000e+00 1.45258707e+01
{9} {joint} force -1.80100660e+02 1.01288610e+02 9.81000000e+00 2.06861950e+02
{10} {joint} force 1.80100660e+02 -1.01288610e+02 9.81000000e+00 2.06861950e+02
{11} {joint} force -3.21894400e+01 2.41420800e+01 9.81000000e+00 4.14154099e+01
{12} {joint} force 3.21894400e+01 -2.41420800e+01 9.81000000e+00 4.14154099e+01
{13} {joint} force -1.80100660e+02 -1.01288610e+02 9.81000000e+00 2.06861950e+02
{14} {joint} force 1.80100660e+02 1.01288610e+02 9.81000000e+00 2.06861950e+02
{15} {joint} force -3.21894400e+01 -2.41420800e+01 9.81000000e+00 4.14154099e+01
{16} {joint} force 3.21894400e+01 2.41420800e+01 9.81000000e+00 4.14154099e+01
{17} {Right axle} force 0.00000000e+00 6.05366400e+01 5.14534280e+02 5.18083208e+02
{} {} moment -1.30797700e+01 -1.60026000e+00 -6.31827000e+00 1.46137521e+01
{18} {Left axle} force -0.00000000e+00 -6.05366400e+01 5.14534280e+02 5.18083208e+02
{} {} moment 1.30797700e+01 -1.60026000e+00 6.31827000e+00 1.46137521e+01
{19} {Front tire, lateral} force 0.00000000e+00 0.00000000e+00 0.00000000e+00 0.00000000e+00
{20} {Rear tire, lateral} force 0.00000000e+00 0.00000000e+00 0.00000000e+00 0.00000000e+00
{21} {Front tire, longitudinal} force 0.00000000e+00 0.00000000e+00 0.00000000e+00 0.00000000e+00
{22} {Rear tire, longitudinal} force 0.00000000e+00 0.00000000e+00 0.00000000e+00 0.00000000e+00
{23} {Front tire, vertical} force 0.00000000e+00 0.00000000e+00 1.21693006e+03 1.21693006e+03
{24} {Rear tire, vertical} force 0.00000000e+00 0.00000000e+00 1.32042644e+03 1.32042644e+03
{25} {Rear spring} force 2.76929950e+02 -0.00000000e+00 2.01438978e+03 -2.03333626e+03
{26} {Right front spring} force -2.12290100e+02 -0.00000000e+00 4.94914280e+02 -5.38523200e+02
{27} {Left front spring} force -2.12290100e+02 -0.00000000e+00 4.94914280e+02 -5.38523200e+02
{28} {Pull rod (dogbone)} force 2.34917193e+03 0.00000000e+00 -2.35301044e+03 3.32494615e+03
{29} {Steering shaft} force 0.00000000e+00 0.00000000e+00 0.00000000e+00 0.00000000e+00
