1 1 1.651300000000e+02
2 2 1.651300000000e+02
3 3 1.651300000000e+02
4 4 1.108500000000e+01
6 4 -3.691000000000e+00
5 5 2.201300000000e+01
4 6 -3.691000000000e+00
6 6 1.498200000000e+01
7 7 3.368000000000e+01
8 8 3.368000000000e+01
9 9 3.368000000000e+01
10 10 1.428000000000e+00
12 10 4.430000000000e-01
11 11 1.347000000000e+00
10 12 4.430000000000e-01
12 12 9.160000000000e-01
13 13 9.990000000000e+00
14 14 9.990000000000e+00
15 15 9.990000000000e+00
16 16 1.341000000000e+00
17 17 1.548000000000e+00
18 18 4.125000000000e-01
19 19 7.250000000000e+00
20 20 7.250000000000e+00
21 21 7.250000000000e+00
25 25 8.000000000000e+00
26 26 8.000000000000e+00
27 27 8.000000000000e+00
28 28 2.000000000000e-02
29 29 2.590000000000e-01
30 30 2.590000000000e-01
37 37 1.190000000000e+01
38 38 1.190000000000e+01
39 39 1.190000000000e+01
40 40 2.700000000000e-01
41 41 4.840000000000e-01
42 42 2.700000000000e-01
43 43 1.470000000000e+01
44 44 1.470000000000e+01
45 45 1.470000000000e+01
46 46 3.830000000000e-01
47 47 6.380000000000e-01
48 48 3.830000000000e-01
67 67 2.000000000000e+00
68 68 2.000000000000e+00
69 69 2.000000000000e+00
70 70 2.108625066667e-03
71 70 3.749333333333e-03
70 71 3.749333333333e-03
71 71 6.666666666667e-03
72 72 8.775291733333e-03
73 73 2.000000000000e+00
74 74 2.000000000000e+00
75 75 2.000000000000e+00
76 76 3.750000000000e-03
77 76 5.000000000000e-03
76 77 5.000000000000e-03
77 77 6.666666666667e-03
78 78 1.041666666667e-02
79 79 2.000000000000e+00
80 80 2.000000000000e+00
81 81 2.000000000000e+00
82 82 2.108625066667e-03
83 82 -3.749333333333e-03
82 83 -3.749333333333e-03
83 83 6.666666666667e-03
84 84 8.775291733333e-03
85 85 2.000000000000e+00
86 86 2.000000000000e+00
87 87 2.000000000000e+00
88 88 3.750000000000e-03
89 88 -5.000000000000e-03
88 89 -5.000000000000e-03
89 89 6.666666666667e-03
90 90 1.041666666667e-02
