1 1 -5.278762272961e+03
3 1 8.777663068434e+03
5 1 1.983548653490e+03
31 1 5.278762272961e+03
33 1 -8.777663068434e+03
35 1 -3.953964812154e+02
2 2 -6.485478992286e+03
4 2 -2.881026195295e+02
6 2 1.515007892598e+03
32 2 6.485478992286e+03
34 2 -3.545395182449e+01
36 2 -3.134648179605e+02
1 3 8.777663068434e+03
3 3 5.736328328068e+04
5 3 1.081767449963e+04
31 3 -8.777663068434e+03
33 3 -5.736328328068e+04
35 3 -2.820543250007e+03
2 4 1.063618554726e+02
4 4 2.434817401830e+01
6 4 -2.610213063891e+01
32 4 -1.063618554735e+02
34 4 5.814448099217e-01
36 4 5.140823014552e+00
1 5 1.589084178488e+03
3 5 1.109460445260e+04
5 5 2.124191034817e+03
31 5 -1.589084178487e+03
33 5 -1.109460445260e+04
35 5 -5.449262087182e+02
2 6 1.238077939627e+03
4 6 3.780013578986e+02
6 6 -2.822715228349e+02
32 6 -1.238077939627e+03
34 6 6.768159403296e+00
36 6 5.984043374865e+01
5 7 -3.304007999999e+02
4 8 3.304007999999e+02
4 10 9.786471695996e+01
10 10 -9.786471695996e+01
12 10 1.685044079999e+01
5 11 9.786471695994e+01
11 11 -9.786471695994e+01
4 12 -1.685044079999e+01
5 13 8.918266616809e+02
13 13 -4.599002173287e+02
15 13 -1.303988116589e+04
17 13 5.734294211376e+02
49 13 4.599002173287e+02
51 13 1.303988116589e+04
4 14 -8.918266616809e+02
6 14 -4.245802084455e+02
14 14 -6.053268279078e+03
16 14 -3.389830236284e+02
18 14 -2.542372677213e+02
50 14 6.053268279078e+03
5 15 4.245802084455e+02
13 15 -1.303988116589e+04
15 15 2.434675169873e+04
17 15 -2.923302260571e+02
49 15 1.303988116589e+04
51 15 -2.434675169873e+04
4 16 -1.872835989530e+01
6 16 -8.916184377356e+00
14 16 -3.389830236264e+02
16 16 1.947259119674e+02
18 16 8.570677777116e+01
50 16 3.389830236284e+02
52 16 -2.434675169873e+02
54 16 -1.303988116589e+02
5 17 -2.254958177131e+01
13 17 5.734294211357e+02
15 17 -2.923302260582e+02
17 17 -7.054736452669e+01
49 17 -5.734294211376e+02
51 17 2.923302260571e+02
4 18 -8.026439955128e+00
6 18 -3.821221876010e+00
14 18 -2.542372677202e+02
16 18 8.570677777095e+01
18 18 -3.623159815823e+01
50 18 2.542372677213e+02
52 18 -1.303988116589e+02
54 18 4.599002173288e+00
23 19 1.029068561685e+03
41 19 -1.100191061685e+03
22 20 -1.029068561685e+03
40 20 1.100191061685e+03
22 22 -4.620802459078e+01
24 22 -3.200512500019e+00
40 22 4.620802459078e+01
23 23 -4.620802459080e+01
41 23 4.620802459080e+01
22 24 -4.630808527584e+01
40 24 4.950859777583e+01
5 25 -1.255271003202e+03
25 25 9.611957947231e+03
27 25 9.596277754821e+03
29 25 -2.041700605473e+03
31 25 -9.611957947231e+03
33 25 -9.596277754821e+03
35 25 2.162382161010e+02
47 25 -1.176219438319e+03
4 26 1.255271003202e+03
6 26 2.349171925303e+03
26 26 1.919258108908e+04
28 26 7.005292097512e+02
30 26 3.381732787895e+03
32 26 -1.919258108908e+04
34 26 -3.940876650290e+02
36 26 -3.774540947518e+01
46 26 1.176219438319e+03
5 27 -2.349171925303e+03
25 27 9.596277754821e+03
27 27 9.580623141844e+03
29 27 -2.038369935644e+03
31 27 -9.596277754821e+03
33 27 -9.580623141844e+03
35 27 2.158854620780e+02
4 28 -6.213591465848e+01
6 28 -1.162840103025e+02
26 28 7.005292097516e+02
28 28 1.567701739619e+02
30 28 3.254620323344e+02
32 28 -7.005292097512e+02
34 28 -1.438419977356e+01
36 28 -1.377707445844e+00
46 28 1.681993796796e+01
5 29 7.671217749733e+02
25 29 -2.041700605474e+03
27 29 -2.038369935644e+03
29 29 1.495501161728e+02
31 29 2.041700605473e+03
33 29 2.038369935644e+03
35 29 -4.593171330582e+01
47 29 1.681993796795e+01
4 30 4.431106641302e+02
6 30 8.292576896318e+02
26 30 3.381732787895e+03
28 30 3.254620323342e+02
30 30 1.805277208337e+02
32 30 -3.381732787895e+03
34 30 -6.943824657811e+01
36 30 -6.650741149527e+00
46 30 -2.305390099105e+02
1 31 5.278762272961e+03
3 31 -8.777663068434e+03
5 31 -1.250463511970e+03
25 31 -9.611957947231e+03
27 31 -9.596277754821e+03
29 31 2.041700605473e+03
31 31 4.333195674270e+03
33 31 1.837394082325e+04
35 31 1.791582651145e+02
2 32 6.485478992286e+03
4 32 -4.449825219908e+02
6 32 -3.864179817901e+03
26 32 -1.919258108908e+04
28 32 -7.005292097512e+02
30 32 -3.381732787895e+03
32 32 1.270710209679e+04
34 32 4.295416168535e+02
36 32 3.512102274356e+02
1 33 -8.777663068434e+03
3 33 -5.736328328068e+04
5 33 -8.468502574329e+03
25 33 -9.596277754821e+03
27 33 -9.580623141844e+03
29 33 2.038369935644e+03
31 33 1.837394082325e+04
33 33 6.694390642252e+04
35 33 2.604657787929e+03
2 34 -3.545395182449e+01
4 34 5.683329518782e+00
6 34 4.633476103596e+01
26 34 -3.940876650290e+02
28 34 -1.438419977356e+01
30 34 -6.943824657811e+01
32 34 4.295416168541e+02
34 34 -5.653091142615e+01
36 34 -8.722761668629e+01
1 35 -3.953964812154e+02
3 35 -2.820543250007e+03
5 35 -6.615879144320e+02
25 35 2.162382161010e+02
27 35 2.158854620780e+02
29 35 -4.593171330582e+01
31 35 1.791582651139e+02
33 35 2.604657787928e+03
35 35 2.094518941120e+02
2 36 -3.134648179605e+02
4 36 -1.055988855630e+01
6 36 -6.192315667398e+01
26 36 -3.774540947518e+01
28 36 -1.377707445844e+00
30 36 -6.650741149527e+00
32 36 3.512102274362e+02
34 36 -8.722761668627e+01
36 36 1.154519331337e+02
41 37 1.100191061685e+03
40 38 -1.100191061685e+03
39 39 1.300000000000e+05
40 40 -3.431742773852e+02
47 43 1.176219438319e+03
46 44 -1.176219438319e+03
45 45 1.410000000000e+05
46 46 -3.921666521854e+02
13 49 4.599002173287e+02
15 49 1.303988116589e+04
17 49 -5.734294211376e+02
49 49 -4.599002173287e+02
51 49 -1.303988116589e+04
53 49 -9.898285616848e+02
14 50 6.053268279078e+03
16 50 3.389830236284e+02
18 50 2.542372677213e+02
50 50 -6.053268279078e+03
52 50 9.898285616848e+02
54 50 4.245802084476e+02
13 51 1.303988116589e+04
15 51 -2.434675169873e+04
17 51 2.923302260571e+02
49 51 -1.303988116589e+04
51 51 2.434675169873e+04
53 51 -4.245802084476e+02
16 52 -2.434675169873e+02
18 52 -1.303988116589e+02
52 52 2.434675169873e+02
54 52 1.303988116589e+02
16 54 -1.303988116589e+02
18 54 4.599002173288e+00
52 54 1.303988116589e+02
54 54 -4.599002173288e+00
23 55 -5.145342808425e+02
24 55 -6.053663647458e+01
53 55 4.949142808423e+02
54 55 -6.489405713915e+01
59 55 1.961999999998e+01
60 55 1.254306936137e+02
22 56 5.145342808425e+02
52 56 -4.949142808423e+02
54 56 -2.122901042206e+02
58 56 -1.961999999998e+01
60 56 2.122901042166e+02
22 57 6.053663647458e+01
52 57 6.489405713915e+01
53 57 2.122901042206e+02
58 57 -1.254306936137e+02
59 57 -2.122901042166e+02
22 58 -6.053663647458e+00
52 58 1.328747387920e+02
54 58 5.699571266854e+01
58 58 -1.268210751445e+02
59 58 1.263654200054e+01
60 58 -5.539545642190e+01
52 59 8.686675913793e+00
53 59 1.612917528664e+02
54 59 -1.742277647928e+01
58 59 -2.132321791473e+01
59 59 -1.612917528664e+02
60 59 4.358231923123e+01
23 60 -5.145342808425e+01
24 60 -6.053663647458e+00
52 60 6.624890093659e+01
54 60 2.841701407443e+01
58 60 -6.784915718323e+01
59 60 2.529388533230e+01
60 60 -2.236335042697e+01
23 61 -5.145342808429e+02
24 61 6.053663647457e+01
53 61 4.949142808426e+02
54 61 6.489405713915e+01
65 61 1.962000000009e+01
66 61 -1.254306936137e+02
22 62 5.145342808429e+02
52 62 -4.949142808426e+02
54 62 -2.122901042269e+02
64 62 -1.962000000009e+01
66 62 2.122901042300e+02
22 63 -6.053663647457e+01
52 63 -6.489405713915e+01
53 63 2.122901042269e+02
64 63 1.254306936137e+02
65 63 -2.122901042300e+02
22 64 -6.053663647457e+00
52 64 1.328747387921e+02
54 64 5.699571267023e+01
64 64 -1.268210751446e+02
65 64 -1.263654200054e+01
66 64 -5.539545641683e+01
52 65 -8.686675913793e+00
53 65 1.612917528673e+02
54 65 1.742277647928e+01
64 65 2.132321791402e+01
65 65 -1.612917528673e+02
66 65 -4.358231922825e+01
23 66 5.145342808429e+01
24 66 -6.053663647457e+00
52 66 6.624890093663e+01
54 66 2.841701407527e+01
64 66 -6.784915719003e+01
65 66 -2.529388533532e+01
66 66 -2.236335042782e+01
5 67 -9.809999999886e+00
6 67 1.012886133807e+02
59 67 -9.810000000032e+00
60 67 -1.012886133807e+02
4 68 9.809999999886e+00
6 68 1.801006639057e+02
58 68 9.810000000032e+00
60 68 -1.801006639059e+02
4 69 -1.012886133807e+02
5 69 -1.801006639057e+02
58 69 1.012886133807e+02
59 69 1.801006639059e+02
4 70 -5.696471616529e+00
5 70 -1.012886133806e+01
58 70 -5.696471616530e+00
59 70 -1.012886133807e+01
70 70 1.139294323306e+01
71 70 2.025772267614e+01
4 71 -1.012886133807e+01
5 71 -1.801006639057e+01
58 71 -1.012886133807e+01
59 71 -1.801006639059e+01
70 71 2.025772267612e+01
71 71 3.602013278116e+01
4 72 -9.809999999886e-01
5 72 5.517144000081e-01
6 72 -2.370653800710e+01
58 72 9.810000000032e-01
59 72 -5.517144000018e-01
60 72 -2.370653800712e+01
72 72 4.741307601422e+01
5 73 -9.810000000007e+00
6 73 2.414208023304e+01
59 73 -9.809999999945e+00
60 73 -2.414208023306e+01
4 74 9.810000000007e+00
6 74 3.218944031056e+01
58 74 9.809999999945e+00
60 74 -3.218944031070e+01
4 75 -2.414208023304e+01
5 75 -3.218944031056e+01
58 75 2.414208023306e+01
59 75 3.218944031070e+01
4 76 -1.810656017478e+00
5 76 -2.414208023292e+00
58 76 -1.810656017479e+00
59 76 -2.414208023303e+00
76 76 3.621312034958e+00
77 76 4.828416046610e+00
4 77 -2.414208023304e+00
5 77 -3.218944031056e+00
58 77 -2.414208023306e+00
59 77 -3.218944031070e+00
76 77 4.828416046595e+00
77 77 6.437888062126e+00
4 78 -9.810000000007e-01
5 78 7.357499999956e-01
6 78 -5.029600048534e+00
58 78 9.809999999945e-01
59 78 -7.357499999959e-01
60 78 -5.029600048550e+00
78 78 1.005920009708e+01
5 79 -9.809999999911e+00
6 79 -1.012886134109e+02
65 79 -9.810000000085e+00
66 79 1.012886134109e+02
4 80 9.809999999911e+00
6 80 1.801006639594e+02
64 80 9.810000000085e+00
66 80 -1.801006639596e+02
4 81 1.012886134109e+02
5 81 -1.801006639594e+02
64 81 -1.012886134109e+02
65 81 1.801006639596e+02
4 82 -5.696471618227e+00
5 82 1.012886134108e+01
64 82 -5.696471618229e+00
65 82 1.012886134109e+01
82 82 1.139294323646e+01
83 82 -2.025772268218e+01
4 83 1.012886134109e+01
5 83 -1.801006639594e+01
64 83 1.012886134109e+01
65 83 -1.801006639596e+01
82 83 -2.025772268216e+01
83 83 3.602013279190e+01
4 84 -9.809999999911e-01
5 84 -5.517144000009e-01
6 84 -2.370653801417e+01
64 84 9.810000000085e-01
65 84 5.517144000048e-01
66 84 -2.370653801418e+01
84 84 4.741307602835e+01
5 85 -9.809999999928e+00
6 85 -2.414208020284e+01
65 85 -9.810000000007e+00
66 85 2.414208020285e+01
4 86 9.809999999928e+00
6 86 3.218944027027e+01
64 86 9.810000000007e+00
66 86 -3.218944027044e+01
4 87 2.414208020284e+01
5 87 -3.218944027027e+01
64 87 -2.414208020285e+01
65 87 3.218944027044e+01
4 88 -1.810656015213e+00
5 88 2.414208020270e+00
64 88 -1.810656015214e+00
65 88 2.414208020283e+00
88 88 3.621312030427e+00
89 88 -4.828416040570e+00
4 89 2.414208020284e+00
5 89 -3.218944027027e+00
64 89 2.414208020285e+00
65 89 -3.218944027044e+00
88 89 -4.828416040553e+00
89 89 6.437888054071e+00
4 90 -9.809999999928e-01
5 90 -7.357499999980e-01
6 90 -5.029600042240e+00
64 90 9.810000000007e-01
65 90 7.357500000005e-01
66 90 -5.029600042258e+00
90 90 1.005920008450e+01
