3 5 -1.651300000000e+02
2 6 1.651300000000e+02
9 11 -3.368000000000e+01
8 12 3.368000000000e+01
15 17 -9.990000000000e+00
14 18 9.990000000000e+00
21 23 -7.250000000000e+00
20 24 7.250000000000e+00
27 29 -8.000000000000e+00
26 30 8.000000000000e+00
42 40 1.716312056738e+00
39 41 -1.190000000000e+01
38 42 1.190000000000e+01
40 42 -1.716312056738e+00
48 46 2.148148148148e+00
45 47 -1.470000000000e+01
44 48 1.470000000000e+01
46 48 -2.148148148148e+00
69 71 -2.000000000000e+00
68 72 2.000000000000e+00
75 77 -2.000000000000e+00
74 78 2.000000000000e+00
81 83 -2.000000000000e+00
80 84 2.000000000000e+00
87 89 -2.000000000000e+00
86 90 2.000000000000e+00
