8 1 -1.000000000000e+00
13 1 -1.000000000000e+00
18 1 -1.000000000000e+00
24 1 -1.000000000000e+00
46 1 -1.000000000000e+00
53 1 -1.000000000000e+00
60 1 -1.000000000000e+00
67 1 -1.000000000000e+00
9 2 -1.000000000000e+00
14 2 -1.000000000000e+00
19 2 -1.000000000000e+00
25 2 -1.000000000000e+00
47 2 -1.000000000000e+00
54 2 -1.000000000000e+00
61 2 -1.000000000000e+00
68 2 -1.000000000000e+00
10 3 -1.000000000000e+00
15 3 -1.000000000000e+00
20 3 -1.000000000000e+00
26 3 -1.000000000000e+00
48 3 -1.000000000000e+00
55 3 -1.000000000000e+00
62 3 -1.000000000000e+00
69 3 -1.000000000000e+00
9 4 -1.116000000000e-01
11 4 1.000000000000e+00
14 4 -2.846000000000e-01
16 4 1.000000000000e+00
19 4 3.714000000000e-01
21 4 -1.000000000000e+00
25 4 2.766000000000e-01
28 4 -9.135369243015e-01
47 4 -2.724000000000e-01
48 4 -2.124800000000e-01
49 4 -1.000000000000e+00
54 4 -1.724000000000e-01
55 4 -2.500000000000e-01
56 4 -1.000000000000e+00
61 4 -2.724000000000e-01
62 4 2.124800000000e-01
63 4 -1.000000000000e+00
68 4 -1.724000000000e-01
69 4 2.500000000000e-01
70 4 -1.000000000000e+00
8 5 1.116000000000e-01
10 5 -1.289000000000e-01
13 5 2.846000000000e-01
15 5 -1.389000000000e-01
18 5 -3.714000000000e-01
20 5 -3.139000000000e-01
22 5 -1.000000000000e+00
24 5 -2.766000000000e-01
26 5 4.951000000000e-01
27 5 -1.000000000000e+00
46 5 2.724000000000e-01
48 5 3.621000000000e-01
53 5 1.724000000000e-01
55 5 3.621000000000e-01
60 5 2.724000000000e-01
62 5 3.621000000000e-01
67 5 1.724000000000e-01
69 5 3.621000000000e-01
95 5 1.000000000000e+00
100 5 1.000000000000e+00
105 5 1.000000000000e+00
111 5 1.000000000000e+00
133 5 1.000000000000e+00
140 5 1.000000000000e+00
147 5 1.000000000000e+00
154 5 1.000000000000e+00
9 6 1.289000000000e-01
12 6 -1.000000000000e+00
14 6 1.389000000000e-01
17 6 -1.000000000000e+00
19 6 3.139000000000e-01
23 6 -1.000000000000e+00
25 6 -4.951000000000e-01
28 6 -4.067558087327e-01
46 6 2.124800000000e-01
47 6 -3.621000000000e-01
53 6 2.500000000000e-01
54 6 -3.621000000000e-01
60 6 -2.124800000000e-01
61 6 -3.621000000000e-01
67 6 -2.500000000000e-01
68 6 -3.621000000000e-01
94 6 -1.000000000000e+00
99 6 -1.000000000000e+00
104 6 -1.000000000000e+00
110 6 -1.000000000000e+00
132 6 -1.000000000000e+00
139 6 -1.000000000000e+00
146 6 -1.000000000000e+00
153 6 -1.000000000000e+00
18 7 1.000000000000e+00
19 8 1.000000000000e+00
20 9 1.000000000000e+00
19 10 2.962000000000e-01
21 10 1.000000000000e+00
18 11 -2.962000000000e-01
20 11 5.100000000000e-02
22 11 1.000000000000e+00
105 11 -1.000000000000e+00
19 12 -5.100000000000e-02
23 12 1.000000000000e+00
104 12 1.000000000000e+00
24 13 1.000000000000e+00
25 14 1.000000000000e+00
26 15 1.000000000000e+00
2 16 4.549235379601e-01
25 16 2.100000000000e-02
28 16 9.135369243015e-01
24 17 -2.100000000000e-02
26 17 -9.000000000000e-03
27 17 1.000000000000e+00
111 17 -1.000000000000e+00
2 18 -8.905305017852e-01
25 18 9.000000000000e-03
28 18 4.067558087327e-01
110 18 1.000000000000e+00
29 19 1.000000000000e+00
74 19 -1.000000000000e+00
80 19 -1.000000000000e+00
30 20 1.000000000000e+00
75 20 -1.000000000000e+00
81 20 -1.000000000000e+00
31 21 1.000000000000e+00
76 21 -1.000000000000e+00
82 21 -1.000000000000e+00
30 22 4.200000000000e-02
32 22 -1.000000000000e+00
75 22 -4.200000000000e-02
77 22 -1.000000000000e+00
81 22 -4.200000000000e-02
83 22 -1.000000000000e+00
29 23 -4.200000000000e-02
31 23 -4.500000000000e-02
74 23 4.200000000000e-02
76 23 4.500000000000e-02
78 23 -1.000000000000e+00
80 23 4.200000000000e-02
82 23 4.500000000000e-02
84 23 -1.000000000000e+00
116 23 -1.000000000000e+00
161 23 1.000000000000e+00
167 23 1.000000000000e+00
30 24 4.500000000000e-02
33 24 1.000000000000e+00
75 24 -4.500000000000e-02
79 24 -1.000000000000e+00
81 24 -4.500000000000e-02
85 24 -1.000000000000e+00
115 24 1.000000000000e+00
160 24 -1.000000000000e+00
166 24 -1.000000000000e+00
1 25 7.065293157494e-01
3 25 1.000000000000e+00
8 25 1.000000000000e+00
4 26 1.000000000000e+00
9 26 1.000000000000e+00
1 27 -7.076837754157e-01
5 27 1.000000000000e+00
10 27 1.000000000000e+00
4 28 1.430000000000e-02
6 28 -1.000000000000e+00
9 28 -4.950000000000e-02
11 28 -1.000000000000e+00
1 29 9.890556120339e-02
3 29 -1.430000000000e-02
5 29 1.960000000000e-01
8 29 4.950000000000e-02
10 29 -3.530000000000e-01
86 29 7.076837754157e-01
90 29 -1.000000000000e+00
95 29 -1.000000000000e+00
4 30 -1.960000000000e-01
7 30 1.000000000000e+00
9 30 3.530000000000e-01
12 30 1.000000000000e+00
89 30 1.000000000000e+00
94 30 1.000000000000e+00
1 31 -7.065293157494e-01
13 31 1.000000000000e+00
14 32 1.000000000000e+00
1 33 7.076837754157e-01
15 33 1.000000000000e+00
14 34 -1.506666666667e-02
16 34 -1.000000000000e+00
1 35 1.311562385840e-02
13 35 1.506666666667e-02
15 35 -4.636666666667e-02
86 35 -7.076837754157e-01
100 35 -1.000000000000e+00
14 36 4.636666666667e-02
17 36 1.000000000000e+00
99 36 1.000000000000e+00
29 37 -1.000000000000e+00
30 38 -1.000000000000e+00
31 39 -1.000000000000e+00
32 40 1.000000000000e+00
116 41 1.000000000000e+00
33 42 -1.000000000000e+00
115 42 -1.000000000000e+00
3 43 -1.000000000000e+00
4 44 -1.000000000000e+00
5 45 -1.000000000000e+00
6 46 1.000000000000e+00
90 47 1.000000000000e+00
7 48 -1.000000000000e+00
89 48 -1.000000000000e+00
34 49 -1.000000000000e+00
40 49 -1.000000000000e+00
35 50 -1.000000000000e+00
41 50 -1.000000000000e+00
36 51 -1.000000000000e+00
42 51 -1.000000000000e+00
2 52 -4.549235379601e-01
36 52 -1.000000000000e-01
37 52 -1.000000000000e+00
42 52 1.000000000000e-01
43 52 -1.000000000000e+00
38 53 -1.000000000000e+00
44 53 -1.000000000000e+00
121 53 1.000000000000e+00
127 53 1.000000000000e+00
2 54 8.905305017852e-01
34 54 1.000000000000e-01
39 54 -1.000000000000e+00
40 54 -1.000000000000e-01
45 54 -1.000000000000e+00
120 54 -1.000000000000e+00
126 54 -1.000000000000e+00
34 55 1.000000000000e+00
50 55 -1.000000000000e+00
57 55 -1.000000000000e+00
80 55 1.000000000000e+00
35 56 1.000000000000e+00
51 56 -1.000000000000e+00
58 56 -1.000000000000e+00
81 56 1.000000000000e+00
36 57 1.000000000000e+00
52 57 -1.000000000000e+00
59 57 -1.000000000000e+00
82 57 1.000000000000e+00
35 58 -2.684803084806e-01
37 58 1.000000000000e+00
51 58 -8.200000000000e-02
58 58 1.800000000000e-02
82 58 -1.000000000000e-01
83 58 1.000000000000e+00
34 59 2.684803084806e-01
36 59 1.338593439329e-01
38 59 1.000000000000e+00
50 59 8.200000000000e-02
52 59 -1.700000000000e-01
57 59 -1.800000000000e-02
59 59 -1.700000000000e-01
84 59 1.000000000000e+00
121 59 -1.000000000000e+00
137 59 1.000000000000e+00
144 59 1.000000000000e+00
167 59 -1.000000000000e+00
35 60 -1.338593439329e-01
39 60 1.000000000000e+00
51 60 1.700000000000e-01
58 60 1.700000000000e-01
80 60 1.000000000000e-01
85 60 1.000000000000e+00
120 60 1.000000000000e+00
136 60 -1.000000000000e+00
143 60 -1.000000000000e+00
166 60 1.000000000000e+00
40 61 1.000000000000e+00
64 61 -1.000000000000e+00
71 61 -1.000000000000e+00
74 61 1.000000000000e+00
41 62 1.000000000000e+00
65 62 -1.000000000000e+00
72 62 -1.000000000000e+00
75 62 1.000000000000e+00
42 63 1.000000000000e+00
66 63 -1.000000000000e+00
73 63 -1.000000000000e+00
76 63 1.000000000000e+00
41 64 -2.684803084806e-01
43 64 1.000000000000e+00
65 64 -8.200000000000e-02
72 64 1.800000000000e-02
76 64 1.000000000000e-01
77 64 1.000000000000e+00
40 65 2.684803084806e-01
42 65 1.338593439329e-01
44 65 1.000000000000e+00
64 65 8.200000000000e-02
66 65 -1.700000000000e-01
71 65 -1.800000000000e-02
73 65 -1.700000000000e-01
78 65 1.000000000000e+00
127 65 -1.000000000000e+00
151 65 1.000000000000e+00
158 65 1.000000000000e+00
161 65 -1.000000000000e+00
41 66 -1.338593439329e-01
45 66 1.000000000000e+00
65 66 1.700000000000e-01
72 66 1.700000000000e-01
74 66 -1.000000000000e-01
79 66 1.000000000000e+00
126 66 1.000000000000e+00
150 66 -1.000000000000e+00
157 66 -1.000000000000e+00
160 66 1.000000000000e+00
46 67 1.000000000000e+00
50 67 1.000000000000e+00
47 68 1.000000000000e+00
51 68 1.000000000000e+00
48 69 1.000000000000e+00
52 69 1.000000000000e+00
48 70 5.624000000000e-02
49 70 1.000000000000e+00
52 70 -5.624000000000e-02
48 71 1.000000000000e-01
52 71 -1.000000000000e-01
133 71 -1.000000000000e+00
137 71 -1.000000000000e+00
46 72 -5.624000000000e-02
47 72 -1.000000000000e-01
50 72 5.624000000000e-02
51 72 1.000000000000e-01
132 72 1.000000000000e+00
136 72 1.000000000000e+00
53 73 1.000000000000e+00
57 73 1.000000000000e+00
54 74 1.000000000000e+00
58 74 1.000000000000e+00
55 75 1.000000000000e+00
59 75 1.000000000000e+00
55 76 7.500000000000e-02
56 76 1.000000000000e+00
59 76 -7.500000000000e-02
55 77 1.000000000000e-01
59 77 -1.000000000000e-01
140 77 -1.000000000000e+00
144 77 -1.000000000000e+00
53 78 -7.500000000000e-02
54 78 -1.000000000000e-01
57 78 7.500000000000e-02
58 78 1.000000000000e-01
139 78 1.000000000000e+00
143 78 1.000000000000e+00
60 79 1.000000000000e+00
64 79 1.000000000000e+00
61 80 1.000000000000e+00
65 80 1.000000000000e+00
62 81 1.000000000000e+00
66 81 1.000000000000e+00
62 82 -5.624000000000e-02
63 82 1.000000000000e+00
66 82 5.624000000000e-02
62 83 1.000000000000e-01
66 83 -1.000000000000e-01
147 83 -1.000000000000e+00
151 83 -1.000000000000e+00
60 84 5.624000000000e-02
61 84 -1.000000000000e-01
64 84 -5.624000000000e-02
65 84 1.000000000000e-01
146 84 1.000000000000e+00
150 84 1.000000000000e+00
67 85 1.000000000000e+00
71 85 1.000000000000e+00
68 86 1.000000000000e+00
72 86 1.000000000000e+00
69 87 1.000000000000e+00
73 87 1.000000000000e+00
69 88 -7.500000000000e-02
70 88 1.000000000000e+00
73 88 7.500000000000e-02
69 89 1.000000000000e-01
73 89 -1.000000000000e-01
154 89 -1.000000000000e+00
158 89 -1.000000000000e+00
67 90 7.500000000000e-02
68 90 -1.000000000000e-01
71 90 -7.500000000000e-02
72 90 1.000000000000e-01
153 90 1.000000000000e+00
157 90 1.000000000000e+00
93 91 -1.000000000000e+00
98 91 -1.000000000000e+00
103 91 -1.000000000000e+00
109 91 -1.000000000000e+00
131 91 -1.000000000000e+00
138 91 -1.000000000000e+00
145 91 -1.000000000000e+00
152 91 -1.000000000000e+00
94 92 -1.000000000000e+00
99 92 -1.000000000000e+00
104 92 -1.000000000000e+00
110 92 -1.000000000000e+00
132 92 -1.000000000000e+00
139 92 -1.000000000000e+00
146 92 -1.000000000000e+00
153 92 -1.000000000000e+00
95 93 -1.000000000000e+00
100 93 -1.000000000000e+00
105 93 -1.000000000000e+00
111 93 -1.000000000000e+00
133 93 -1.000000000000e+00
140 93 -1.000000000000e+00
147 93 -1.000000000000e+00
154 93 -1.000000000000e+00
94 94 -1.116000000000e-01
96 94 1.000000000000e+00
99 94 -2.846000000000e-01
101 94 1.000000000000e+00
104 94 3.714000000000e-01
106 94 -1.000000000000e+00
110 94 2.766000000000e-01
113 94 -9.135369243015e-01
132 94 -2.724000000000e-01
133 94 -2.124800000000e-01
134 94 -1.000000000000e+00
139 94 -1.724000000000e-01
140 94 -2.500000000000e-01
141 94 -1.000000000000e+00
146 94 -2.724000000000e-01
147 94 2.124800000000e-01
148 94 -1.000000000000e+00
153 94 -1.724000000000e-01
154 94 2.500000000000e-01
155 94 -1.000000000000e+00
93 95 1.116000000000e-01
95 95 -1.289000000000e-01
98 95 2.846000000000e-01
100 95 -1.389000000000e-01
103 95 -3.714000000000e-01
105 95 -3.139000000000e-01
107 95 -1.000000000000e+00
109 95 -2.766000000000e-01
111 95 4.951000000000e-01
112 95 -1.000000000000e+00
131 95 2.724000000000e-01
133 95 3.621000000000e-01
138 95 1.724000000000e-01
140 95 3.621000000000e-01
145 95 2.724000000000e-01
147 95 3.621000000000e-01
152 95 1.724000000000e-01
154 95 3.621000000000e-01
94 96 1.289000000000e-01
97 96 -1.000000000000e+00
99 96 1.389000000000e-01
102 96 -1.000000000000e+00
104 96 3.139000000000e-01
108 96 -1.000000000000e+00
110 96 -4.951000000000e-01
113 96 -4.067558087327e-01
131 96 2.124800000000e-01
132 96 -3.621000000000e-01
138 96 2.500000000000e-01
139 96 -3.621000000000e-01
145 96 -2.124800000000e-01
146 96 -3.621000000000e-01
152 96 -2.500000000000e-01
153 96 -3.621000000000e-01
103 97 1.000000000000e+00
104 98 1.000000000000e+00
105 99 1.000000000000e+00
104 100 2.962000000000e-01
106 100 1.000000000000e+00
103 101 -2.962000000000e-01
105 101 5.100000000000e-02
107 101 1.000000000000e+00
104 102 -5.100000000000e-02
108 102 1.000000000000e+00
109 103 1.000000000000e+00
110 104 1.000000000000e+00
111 105 1.000000000000e+00
87 106 4.549235379601e-01
110 106 2.100000000000e-02
113 106 9.135369243015e-01
109 107 -2.100000000000e-02
111 107 -9.000000000000e-03
112 107 1.000000000000e+00
87 108 -8.905305017852e-01
110 108 9.000000000000e-03
113 108 4.067558087327e-01
114 109 1.000000000000e+00
159 109 -1.000000000000e+00
165 109 -1.000000000000e+00
115 110 1.000000000000e+00
160 110 -1.000000000000e+00
166 110 -1.000000000000e+00
116 111 1.000000000000e+00
161 111 -1.000000000000e+00
167 111 -1.000000000000e+00
115 112 4.200000000000e-02
117 112 -1.000000000000e+00
160 112 -4.200000000000e-02
162 112 -1.000000000000e+00
166 112 -4.200000000000e-02
168 112 -1.000000000000e+00
114 113 -4.200000000000e-02
116 113 -4.500000000000e-02
159 113 4.200000000000e-02
161 113 4.500000000000e-02
163 113 -1.000000000000e+00
165 113 4.200000000000e-02
167 113 4.500000000000e-02
169 113 -1.000000000000e+00
115 114 4.500000000000e-02
118 114 1.000000000000e+00
160 114 -4.500000000000e-02
164 114 -1.000000000000e+00
166 114 -4.500000000000e-02
170 114 -1.000000000000e+00
86 115 7.065293157494e-01
88 115 1.000000000000e+00
93 115 1.000000000000e+00
89 116 1.000000000000e+00
94 116 1.000000000000e+00
86 117 -7.076837754157e-01
90 117 1.000000000000e+00
95 117 1.000000000000e+00
89 118 1.430000000000e-02
91 118 -1.000000000000e+00
94 118 -4.950000000000e-02
96 118 -1.000000000000e+00
86 119 9.890556120339e-02
88 119 -1.430000000000e-02
90 119 1.960000000000e-01
93 119 4.950000000000e-02
95 119 -3.530000000000e-01
89 120 -1.960000000000e-01
92 120 1.000000000000e+00
94 120 3.530000000000e-01
97 120 1.000000000000e+00
86 121 -7.065293157494e-01
98 121 1.000000000000e+00
99 122 1.000000000000e+00
86 123 7.076837754157e-01
100 123 1.000000000000e+00
99 124 -1.506666666667e-02
101 124 -1.000000000000e+00
86 125 1.311562385840e-02
98 125 1.506666666667e-02
100 125 -4.636666666667e-02
99 126 4.636666666667e-02
102 126 1.000000000000e+00
114 127 -1.000000000000e+00
115 128 -1.000000000000e+00
116 129 -1.000000000000e+00
117 130 1.000000000000e+00
118 132 -1.000000000000e+00
88 133 -1.000000000000e+00
89 134 -1.000000000000e+00
90 135 -1.000000000000e+00
91 136 1.000000000000e+00
92 138 -1.000000000000e+00
119 139 -1.000000000000e+00
125 139 -1.000000000000e+00
120 140 -1.000000000000e+00
126 140 -1.000000000000e+00
121 141 -1.000000000000e+00
127 141 -1.000000000000e+00
87 142 -4.549235379601e-01
121 142 -1.000000000000e-01
122 142 -1.000000000000e+00
127 142 1.000000000000e-01
128 142 -1.000000000000e+00
123 143 -1.000000000000e+00
129 143 -1.000000000000e+00
87 144 8.905305017852e-01
119 144 1.000000000000e-01
124 144 -1.000000000000e+00
125 144 -1.000000000000e-01
130 144 -1.000000000000e+00
119 145 1.000000000000e+00
135 145 -1.000000000000e+00
142 145 -1.000000000000e+00
165 145 1.000000000000e+00
120 146 1.000000000000e+00
136 146 -1.000000000000e+00
143 146 -1.000000000000e+00
166 146 1.000000000000e+00
121 147 1.000000000000e+00
137 147 -1.000000000000e+00
144 147 -1.000000000000e+00
167 147 1.000000000000e+00
120 148 -2.684803084806e-01
122 148 1.000000000000e+00
136 148 -8.200000000000e-02
143 148 1.800000000000e-02
167 148 -1.000000000000e-01
168 148 1.000000000000e+00
119 149 2.684803084806e-01
121 149 1.338593439329e-01
123 149 1.000000000000e+00
135 149 8.200000000000e-02
137 149 -1.700000000000e-01
142 149 -1.800000000000e-02
144 149 -1.700000000000e-01
169 149 1.000000000000e+00
120 150 -1.338593439329e-01
124 150 1.000000000000e+00
136 150 1.700000000000e-01
143 150 1.700000000000e-01
165 150 1.000000000000e-01
170 150 1.000000000000e+00
125 151 1.000000000000e+00
149 151 -1.000000000000e+00
156 151 -1.000000000000e+00
159 151 1.000000000000e+00
126 152 1.000000000000e+00
150 152 -1.000000000000e+00
157 152 -1.000000000000e+00
160 152 1.000000000000e+00
127 153 1.000000000000e+00
151 153 -1.000000000000e+00
158 153 -1.000000000000e+00
161 153 1.000000000000e+00
126 154 -2.684803084806e-01
128 154 1.000000000000e+00
150 154 -8.200000000000e-02
157 154 1.800000000000e-02
161 154 1.000000000000e-01
162 154 1.000000000000e+00
125 155 2.684803084806e-01
127 155 1.338593439329e-01
129 155 1.000000000000e+00
149 155 8.200000000000e-02
151 155 -1.700000000000e-01
156 155 -1.800000000000e-02
158 155 -1.700000000000e-01
163 155 1.000000000000e+00
126 156 -1.338593439329e-01
130 156 1.000000000000e+00
150 156 1.700000000000e-01
157 156 1.700000000000e-01
159 156 -1.000000000000e-01
164 156 1.000000000000e+00
131 157 1.000000000000e+00
135 157 1.000000000000e+00
132 158 1.000000000000e+00
136 158 1.000000000000e+00
133 159 1.000000000000e+00
137 159 1.000000000000e+00
133 160 5.624000000000e-02
134 160 1.000000000000e+00
137 160 -5.624000000000e-02
133 161 1.000000000000e-01
137 161 -1.000000000000e-01
131 162 -5.624000000000e-02
132 162 -1.000000000000e-01
135 162 5.624000000000e-02
136 162 1.000000000000e-01
138 163 1.000000000000e+00
142 163 1.000000000000e+00
139 164 1.000000000000e+00
143 164 1.000000000000e+00
140 165 1.000000000000e+00
144 165 1.000000000000e+00
140 166 7.500000000000e-02
141 166 1.000000000000e+00
144 166 -7.500000000000e-02
140 167 1.000000000000e-01
144 167 -1.000000000000e-01
138 168 -7.500000000000e-02
139 168 -1.000000000000e-01
142 168 7.500000000000e-02
143 168 1.000000000000e-01
145 169 1.000000000000e+00
149 169 1.000000000000e+00
146 170 1.000000000000e+00
150 170 1.000000000000e+00
147 171 1.000000000000e+00
151 171 1.000000000000e+00
147 172 -5.624000000000e-02
148 172 1.000000000000e+00
151 172 5.624000000000e-02
147 173 1.000000000000e-01
151 173 -1.000000000000e-01
145 174 5.624000000000e-02
146 174 -1.000000000000e-01
149 174 -5.624000000000e-02
150 174 1.000000000000e-01
152 175 1.000000000000e+00
156 175 1.000000000000e+00
153 176 1.000000000000e+00
157 176 1.000000000000e+00
154 177 1.000000000000e+00
158 177 1.000000000000e+00
154 178 -7.500000000000e-02
155 178 1.000000000000e+00
158 178 7.500000000000e-02
154 179 1.000000000000e-01
158 179 -1.000000000000e-01
152 180 7.500000000000e-02
153 180 -1.000000000000e-01
156 180 -7.500000000000e-02
157 180 1.000000000000e-01
