1 1 -6.00000000e-01
2 1 -6.00000000e-01
3 1 -1.00000000e+00
4 1 -1.00000000e+00
41 1 1.00000000e+00
46 1 1.00000000e+00
1 2 -8.00000000e-01
2 2 8.00000000e-01
42 2 1.00000000e+00
47 2 1.00000000e+00
43 3 1.00000000e+00
48 3 1.00000000e+00
42 4 -1.28600000e-01
43 4 5.50000000e-01
44 4 9.70631115e-01
45 4 -1.70110608e-01
47 4 -1.28600000e-01
48 4 -5.50000000e-01
49 4 9.70631115e-01
50 4 1.70110608e-01
3 5 -2.00000000e-01
4 5 -2.00000000e-01
41 5 1.28600000e-01
44 5 1.41110292e-01
45 5 9.75269330e-01
46 5 1.28600000e-01
49 5 -1.41110292e-01
50 5 9.75269330e-01
3 6 -5.00000000e-01
4 6 5.00000000e-01
41 6 -5.50000000e-01
44 6 1.94841278e-01
45 6 1.41110292e-01
46 6 5.50000000e-01
49 6 1.94841278e-01
50 6 -1.41110292e-01
21 7 -1.00000000e+00
41 7 -1.00000000e+00
5 8 -1.00000000e+00
22 8 -1.00000000e+00
42 8 -1.00000000e+00
23 9 -1.00000000e+00
43 9 -1.00000000e+00
5 10 -7.86000000e-02
23 10 -5.00000000e-02
24 10 1.00000000e+00
44 10 -9.70631115e-01
45 10 1.70110608e-01
44 11 -1.41110292e-01
45 11 -9.75269330e-01
5 12 1.00000000e-01
21 12 5.00000000e-02
25 12 -1.00000000e+00
44 12 -1.94841278e-01
45 12 -1.41110292e-01
26 13 -1.00000000e+00
46 13 -1.00000000e+00
6 14 1.00000000e+00
27 14 -1.00000000e+00
47 14 -1.00000000e+00
28 15 -1.00000000e+00
48 15 -1.00000000e+00
6 16 7.86000000e-02
28 16 5.00000000e-02
29 16 1.00000000e+00
49 16 -9.70631115e-01
50 16 -1.70110608e-01
49 17 1.41110292e-01
50 17 -9.75269330e-01
6 18 -1.00000000e-01
26 18 -5.00000000e-02
30 18 -1.00000000e+00
49 18 -1.94841278e-01
50 18 1.41110292e-01
51 19 1.00000000e+00
56 19 1.00000000e+00
52 20 1.00000000e+00
57 20 1.00000000e+00
53 21 1.00000000e+00
58 21 1.00000000e+00
53 22 5.50000000e-01
58 22 -5.50000000e-01
54 23 1.00000000e+00
59 23 1.00000000e+00
51 24 -5.50000000e-01
55 24 1.00000000e+00
56 24 5.50000000e-01
60 24 1.00000000e+00
7 25 5.14495755e-01
8 25 5.14495755e-01
61 25 1.00000000e+00
66 25 1.00000000e+00
7 26 -8.57492926e-01
8 26 8.57492926e-01
62 26 1.00000000e+00
67 26 1.00000000e+00
63 27 1.00000000e+00
68 27 1.00000000e+00
7 28 -2.45242977e-02
8 28 2.45242977e-02
63 28 5.50000000e-01
68 28 -5.50000000e-01
7 29 -1.47145786e-02
8 29 -1.47145786e-02
64 29 1.00000000e+00
69 29 1.00000000e+00
61 30 -5.50000000e-01
65 30 1.00000000e+00
66 30 5.50000000e-01
70 30 1.00000000e+00
10 31 1.00000000e+00
31 31 -1.00000000e+00
51 31 -1.00000000e+00
61 31 -1.00000000e+00
11 32 -9.75699227e-01
32 32 -1.00000000e+00
52 32 -1.00000000e+00
62 32 -1.00000000e+00
11 33 -2.19114169e-01
33 33 -1.00000000e+00
53 33 -1.00000000e+00
63 33 -1.00000000e+00
11 34 -1.09557085e-02
33 34 -5.00000000e-02
34 34 1.00000000e+00
52 34 1.00000000e-01
62 34 -1.00000000e-01
10 35 7.14000000e-02
11 35 2.19114169e-02
51 35 -1.00000000e-01
54 35 -1.00000000e+00
61 35 1.00000000e-01
64 35 -1.00000000e+00
10 36 5.00000000e-02
11 36 -9.75699227e-02
31 36 5.00000000e-02
35 36 -1.00000000e+00
55 36 -1.00000000e+00
65 36 -1.00000000e+00
9 37 1.00000000e+00
36 37 -1.00000000e+00
56 37 -1.00000000e+00
66 37 -1.00000000e+00
12 38 9.75699227e-01
37 38 -1.00000000e+00
57 38 -1.00000000e+00
67 38 -1.00000000e+00
12 39 -2.19114169e-01
38 39 -1.00000000e+00
58 39 -1.00000000e+00
68 39 -1.00000000e+00
12 40 1.09557085e-02
38 40 5.00000000e-02
39 40 1.00000000e+00
57 40 1.00000000e-01
67 40 -1.00000000e-01
9 41 7.14000000e-02
12 41 2.19114169e-02
56 41 -1.00000000e-01
59 41 -1.00000000e+00
66 41 1.00000000e-01
69 41 -1.00000000e+00
9 42 -5.00000000e-02
12 42 9.75699227e-02
36 42 -5.00000000e-02
40 42 -1.00000000e+00
60 42 -1.00000000e+00
70 42 -1.00000000e+00
1 43 6.00000000e-01
2 43 6.00000000e-01
3 43 1.00000000e+00
4 43 1.00000000e+00
7 43 -5.14495755e-01
8 43 -5.14495755e-01
9 43 -1.00000000e+00
10 43 -1.00000000e+00
71 43 -1.00000000e+00
76 43 -1.00000000e+00
81 43 1.00000000e+00
1 44 8.00000000e-01
2 44 -8.00000000e-01
5 44 1.00000000e+00
6 44 -1.00000000e+00
7 44 8.57492926e-01
8 44 -8.57492926e-01
72 44 -1.00000000e+00
77 44 -1.00000000e+00
82 44 1.00000000e+00
73 45 -1.00000000e+00
78 45 -1.00000000e+00
83 45 1.00000000e+00
1 46 1.60000000e-01
2 46 -1.60000000e-01
5 46 1.50000000e-01
6 46 -1.50000000e-01
7 46 1.71498585e-01
8 46 -1.71498585e-01
72 46 -1.00000000e-01
73 46 -2.00000000e-01
77 46 -1.00000000e-01
78 46 2.00000000e-01
82 46 2.00000000e-01
84 46 -1.00000000e+00
1 47 -1.20000000e-01
2 47 -1.20000000e-01
7 47 1.02899151e-01
8 47 1.02899151e-01
71 47 1.00000000e-01
73 47 -6.62000000e-01
74 47 -1.00000000e+00
76 47 1.00000000e-01
78 47 -6.62000000e-01
79 47 -1.00000000e+00
81 47 -2.00000000e-01
83 47 5.62000000e-01
1 48 6.09600000e-01
2 48 -6.09600000e-01
3 48 5.00000000e-01
4 48 -5.00000000e-01
5 48 6.62000000e-01
6 48 -6.62000000e-01
7 48 -6.53409609e-01
8 48 6.53409609e-01
9 48 -5.00000000e-01
10 48 5.00000000e-01
71 48 2.00000000e-01
72 48 6.62000000e-01
75 48 -1.00000000e+00
76 48 -2.00000000e-01
77 48 6.62000000e-01
80 48 -1.00000000e+00
82 48 -5.62000000e-01
85 48 1.00000000e+00
16 49 -1.00000000e+00
21 49 1.00000000e+00
15 50 1.00000000e+00
22 50 1.00000000e+00
23 51 1.00000000e+00
15 52 2.28600000e-01
24 52 -1.00000000e+00
16 53 2.28600000e-01
25 54 1.00000000e+00
17 55 1.00000000e+00
26 55 1.00000000e+00
27 56 1.00000000e+00
28 57 1.00000000e+00
29 58 -1.00000000e+00
17 59 -2.28600000e-01
30 60 1.00000000e+00
20 61 1.00000000e+00
31 61 1.00000000e+00
32 62 1.00000000e+00
33 63 1.00000000e+00
34 64 -1.00000000e+00
20 65 -2.28600000e-01
35 66 1.00000000e+00
19 67 -1.00000000e+00
36 67 1.00000000e+00
18 68 1.00000000e+00
37 68 1.00000000e+00
38 69 1.00000000e+00
18 70 2.28600000e-01
39 70 -1.00000000e+00
19 71 2.28600000e-01
40 72 1.00000000e+00
71 73 1.00000000e+00
11 74 9.75699227e-01
72 74 1.00000000e+00
11 75 2.19114169e-01
13 75 -1.00000000e+00
73 75 1.00000000e+00
11 76 5.97406698e-02
13 76 1.00000000e-01
74 77 1.00000000e+00
75 78 1.00000000e+00
76 79 1.00000000e+00
12 80 -9.75699227e-01
77 80 1.00000000e+00
12 81 2.19114169e-01
14 81 -1.00000000e+00
78 81 1.00000000e+00
12 82 -5.97406698e-02
14 82 -1.00000000e-01
79 83 1.00000000e+00
80 84 1.00000000e+00
81 85 -1.00000000e+00
82 86 -1.00000000e+00
13 87 1.00000000e+00
14 87 1.00000000e+00
83 87 -1.00000000e+00
13 88 1.00000000e-01
14 88 -1.00000000e-01
84 88 1.00000000e+00
13 89 1.00000000e-01
14 89 1.00000000e-01
85 90 -1.00000000e+00
86 91 -6.00000000e-01
87 91 -6.00000000e-01
88 91 -1.00000000e+00
89 91 -1.00000000e+00
126 91 1.00000000e+00
131 91 1.00000000e+00
86 92 -8.00000000e-01
87 92 8.00000000e-01
127 92 1.00000000e+00
132 92 1.00000000e+00
128 93 1.00000000e+00
133 93 1.00000000e+00
127 94 -1.28600000e-01
128 94 5.50000000e-01
129 94 9.70631115e-01
130 94 -1.70110608e-01
132 94 -1.28600000e-01
133 94 -5.50000000e-01
134 94 9.70631115e-01
135 94 1.70110608e-01
88 95 -2.00000000e-01
89 95 -2.00000000e-01
126 95 1.28600000e-01
129 95 1.41110292e-01
130 95 9.75269330e-01
131 95 1.28600000e-01
134 95 -1.41110292e-01
135 95 9.75269330e-01
88 96 -5.00000000e-01
89 96 5.00000000e-01
126 96 -5.50000000e-01
129 96 1.94841278e-01
130 96 1.41110292e-01
131 96 5.50000000e-01
134 96 1.94841278e-01
135 96 -1.41110292e-01
106 97 -1.00000000e+00
126 97 -1.00000000e+00
90 98 -1.00000000e+00
107 98 -1.00000000e+00
127 98 -1.00000000e+00
108 99 -1.00000000e+00
128 99 -1.00000000e+00
90 100 -7.86000000e-02
108 100 -5.00000000e-02
109 100 1.00000000e+00
129 100 -9.70631115e-01
130 100 1.70110608e-01
129 101 -1.41110292e-01
130 101 -9.75269330e-01
90 102 1.00000000e-01
106 102 5.00000000e-02
110 102 -1.00000000e+00
129 102 -1.94841278e-01
130 102 -1.41110292e-01
111 103 -1.00000000e+00
131 103 -1.00000000e+00
91 104 1.00000000e+00
112 104 -1.00000000e+00
132 104 -1.00000000e+00
113 105 -1.00000000e+00
133 105 -1.00000000e+00
91 106 7.86000000e-02
113 106 5.00000000e-02
114 106 1.00000000e+00
134 106 -9.70631115e-01
135 106 -1.70110608e-01
134 107 1.41110292e-01
135 107 -9.75269330e-01
91 108 -1.00000000e-01
111 108 -5.00000000e-02
115 108 -1.00000000e+00
134 108 -1.94841278e-01
135 108 1.41110292e-01
136 109 1.00000000e+00
141 109 1.00000000e+00
137 110 1.00000000e+00
142 110 1.00000000e+00
138 111 1.00000000e+00
143 111 1.00000000e+00
138 112 5.50000000e-01
143 112 -5.50000000e-01
139 113 1.00000000e+00
144 113 1.00000000e+00
136 114 -5.50000000e-01
140 114 1.00000000e+00
141 114 5.50000000e-01
145 114 1.00000000e+00
92 115 5.14495755e-01
93 115 5.14495755e-01
146 115 1.00000000e+00
151 115 1.00000000e+00
92 116 -8.57492926e-01
93 116 8.57492926e-01
147 116 1.00000000e+00
152 116 1.00000000e+00
148 117 1.00000000e+00
153 117 1.00000000e+00
92 118 -2.45242977e-02
93 118 2.45242977e-02
148 118 5.50000000e-01
153 118 -5.50000000e-01
92 119 -1.47145786e-02
93 119 -1.47145786e-02
149 119 1.00000000e+00
154 119 1.00000000e+00
146 120 -5.50000000e-01
150 120 1.00000000e+00
151 120 5.50000000e-01
155 120 1.00000000e+00
95 121 1.00000000e+00
116 121 -1.00000000e+00
136 121 -1.00000000e+00
146 121 -1.00000000e+00
96 122 -9.75699227e-01
117 122 -1.00000000e+00
137 122 -1.00000000e+00
147 122 -1.00000000e+00
96 123 -2.19114169e-01
118 123 -1.00000000e+00
138 123 -1.00000000e+00
148 123 -1.00000000e+00
96 124 -1.09557085e-02
118 124 -5.00000000e-02
119 124 1.00000000e+00
137 124 1.00000000e-01
147 124 -1.00000000e-01
95 125 7.14000000e-02
96 125 2.19114169e-02
136 125 -1.00000000e-01
139 125 -1.00000000e+00
146 125 1.00000000e-01
149 125 -1.00000000e+00
95 126 5.00000000e-02
96 126 -9.75699227e-02
116 126 5.00000000e-02
120 126 -1.00000000e+00
140 126 -1.00000000e+00
150 126 -1.00000000e+00
94 127 1.00000000e+00
121 127 -1.00000000e+00
141 127 -1.00000000e+00
151 127 -1.00000000e+00
97 128 9.75699227e-01
122 128 -1.00000000e+00
142 128 -1.00000000e+00
152 128 -1.00000000e+00
97 129 -2.19114169e-01
123 129 -1.00000000e+00
143 129 -1.00000000e+00
153 129 -1.00000000e+00
97 130 1.09557085e-02
123 130 5.00000000e-02
124 130 1.00000000e+00
142 130 1.00000000e-01
152 130 -1.00000000e-01
94 131 7.14000000e-02
97 131 2.19114169e-02
141 131 -1.00000000e-01
144 131 -1.00000000e+00
151 131 1.00000000e-01
154 131 -1.00000000e+00
94 132 -5.00000000e-02
97 132 9.75699227e-02
121 132 -5.00000000e-02
125 132 -1.00000000e+00
145 132 -1.00000000e+00
155 132 -1.00000000e+00
86 133 6.00000000e-01
87 133 6.00000000e-01
88 133 1.00000000e+00
89 133 1.00000000e+00
92 133 -5.14495755e-01
93 133 -5.14495755e-01
94 133 -1.00000000e+00
95 133 -1.00000000e+00
156 133 -1.00000000e+00
161 133 -1.00000000e+00
166 133 1.00000000e+00
86 134 8.00000000e-01
87 134 -8.00000000e-01
90 134 1.00000000e+00
91 134 -1.00000000e+00
92 134 8.57492926e-01
93 134 -8.57492926e-01
157 134 -1.00000000e+00
162 134 -1.00000000e+00
167 134 1.00000000e+00
158 135 -1.00000000e+00
163 135 -1.00000000e+00
168 135 1.00000000e+00
86 136 1.60000000e-01
87 136 -1.60000000e-01
90 136 1.50000000e-01
91 136 -1.50000000e-01
92 136 1.71498585e-01
93 136 -1.71498585e-01
157 136 -1.00000000e-01
158 136 -2.00000000e-01
162 136 -1.00000000e-01
163 136 2.00000000e-01
167 136 2.00000000e-01
169 136 -1.00000000e+00
86 137 -1.20000000e-01
87 137 -1.20000000e-01
92 137 1.02899151e-01
93 137 1.02899151e-01
156 137 1.00000000e-01
158 137 -6.62000000e-01
159 137 -1.00000000e+00
161 137 1.00000000e-01
163 137 -6.62000000e-01
164 137 -1.00000000e+00
166 137 -2.00000000e-01
168 137 5.62000000e-01
86 138 6.09600000e-01
87 138 -6.09600000e-01
88 138 5.00000000e-01
89 138 -5.00000000e-01
90 138 6.62000000e-01
91 138 -6.62000000e-01
92 138 -6.53409609e-01
93 138 6.53409609e-01
94 138 -5.00000000e-01
95 138 5.00000000e-01
156 138 2.00000000e-01
157 138 6.62000000e-01
160 138 -1.00000000e+00
161 138 -2.00000000e-01
162 138 6.62000000e-01
165 138 -1.00000000e+00
167 138 -5.62000000e-01
170 138 1.00000000e+00
101 139 -1.00000000e+00
106 139 1.00000000e+00
100 140 1.00000000e+00
107 140 1.00000000e+00
108 141 1.00000000e+00
100 142 2.28600000e-01
109 142 -1.00000000e+00
101 143 2.28600000e-01
110 144 1.00000000e+00
102 145 1.00000000e+00
111 145 1.00000000e+00
112 146 1.00000000e+00
113 147 1.00000000e+00
114 148 -1.00000000e+00
102 149 -2.28600000e-01
115 150 1.00000000e+00
105 151 1.00000000e+00
116 151 1.00000000e+00
117 152 1.00000000e+00
118 153 1.00000000e+00
119 154 -1.00000000e+00
105 155 -2.28600000e-01
120 156 1.00000000e+00
104 157 -1.00000000e+00
121 157 1.00000000e+00
103 158 1.00000000e+00
122 158 1.00000000e+00
123 159 1.00000000e+00
103 160 2.28600000e-01
124 160 -1.00000000e+00
104 161 2.28600000e-01
125 162 1.00000000e+00
156 163 1.00000000e+00
96 164 9.75699227e-01
157 164 1.00000000e+00
96 165 2.19114169e-01
98 165 -1.00000000e+00
158 165 1.00000000e+00
96 166 5.97406698e-02
98 166 1.00000000e-01
159 167 1.00000000e+00
160 168 1.00000000e+00
161 169 1.00000000e+00
97 170 -9.75699227e-01
162 170 1.00000000e+00
97 171 2.19114169e-01
99 171 -1.00000000e+00
163 171 1.00000000e+00
97 172 -5.97406698e-02
99 172 -1.00000000e-01
164 173 1.00000000e+00
165 174 1.00000000e+00
166 175 -1.00000000e+00
167 176 -1.00000000e+00
98 177 1.00000000e+00
99 177 1.00000000e+00
168 177 -1.00000000e+00
98 178 1.00000000e-01
99 178 -1.00000000e-01
169 178 1.00000000e+00
98 179 1.00000000e-01
99 179 1.00000000e-01
170 180 -1.00000000e+00
